{"timestamp":"2026-07-14T07:39:43.374+0000","rule":{"level":4,"description":"Powershell script searching filesystem","id":"91819","mitre":{"id":["T1083"],"tactic":["Discovery"],"technique":["File and Directory Discovery"]},"firedtimes":1,"mail":false,"groups":["windows"," powershell"]},"agent":{"id":"002","name":"DESKTOP-BAC9DBQ","ip":"192.168.1.12"},"manager":{"name":"wazuh-server"},"id":"1784014783.581203","decoder":{"name":"windows_eventchannel"},"data":{"win":{"system":{"providerName":"Microsoft-Windows-PowerShell","providerGuid":"{a0c1853b-5c40-4b15-8766-3cf1c58f985a}","eventID":"4104","version":"1","level":"3","task":"2","opcode":"15","keywords":"0x0","systemTime":"2026-07-14T07:40:13.3753766Z","eventRecordID":"197986","processID":"4320","threadID":"8084","channel":"Microsoft-Windows-PowerShell/Operational","computer":"DESKTOP-BAC9DBQ","severityValue":"WARNING","message":"\"Creating Scriptblock text (1 of 1):\r\n<#\r\n.SYNOPSIS\r\n    Pengukuran Latensi Deteksi Rule-Based Wazuh - Sisi Windows (Endpoint)\r\n    VERSI CEPAT: menggabungkan timing dari uji_otomatis_rule.ps1 (500ms\r\n    exec + 250ms jeda + -NoProfile) dengan pencatatan T_PreExec presisi\r\n    tinggi untuk pengukuran latensi.\r\n.DESCRIPTION\r\n    Mengeksekusi sampel skrip .ps1 sambil mencatat timestamp presisi tinggi\r\n    SEBELUM eksekusi dimulai. Timestamp ini nantinya dicocokkan dengan\r\n    timestamp alert Wazuh (via generate_report_rule.py) untuk menghitung\r\n    latensi end-to-end: eksekusi skrip -> Event Log -> Agent -> Manager ->\r\n    rule engine -> alert muncul.\r\n\r\n    PERUBAHAN TIMING (dari versi sebelumnya):\r\n        ExecLifetimeMs : 800ms -> 500ms  (disamakan dengan uji_otomatis_rule.ps1)\r\n        AntiFloodMs    : 1000ms/2000ms -> 250ms (disamakan)\r\n        Argumen        : ditambah -NonInteractive -NoProfile\r\n                         (menghilangkan overhead pemuatan PowerShell profile)\r\n\r\n    PERINGATAN PENTING: file latency_probe_<skenario>.csv SELALU ditimpa\r\n    bersih setiap kali skrip dijalankan untuk skenario tersebut (bukan\r\n    di-resume). Pastikan proses tidak terputus di tengah jalan.\r\n\r\n.PARAMETER Scenario\r\n    Satu atau beberapa nama skenario yang ingin diuji. Jika tidak diisi,\r\n    SELURUH enam skenario akan dijalankan berurutan secara otomatis.\r\n\r\n.EXAMPLE\r\n    .\\latency_probe_tester.ps1\r\n.EXAMPLE\r\n    .\\latency_probe_tester.ps1 -Scenario ASCII_Encoding\r\n.EXAMPLE\r\n    .\\latency_probe_tester.ps1 -Scenario String_Concatenation,String_Reordering,Token_Manipulation\r\n#>\r\n\r\nparam(\r\n    [string[]]$Scenario = @()\r\n)\r\n\r\n# =====================================================================\r\n# KONFIGURASI GLOBAL (disamakan dengan uji_otomatis_rule.ps1 agar cepat)\r\n# =====================================================================\r\n$basePath       = \"C:\\TA\\project-ta\\data_spliting\"\r\n$ExecLifetimeMs = 500\r\n$AntiFloodMs    = 250\r\n\r\n$AllScenarios = @(\r\n     \"benign\", \"malicious\", \"ASCII_Encoding\", \"String_Concatenation\", \"String_Reordering\", \"Token_Manipulation\"\r\n)\r\n\r\n$FolderMap = @{\r\n    \"benign\"               = \"$basePath\\test_set\\benign\"\r\n    \"malicious\"            = \"$basePath\\test_set\\malicious\"\r\n    \"ASCII_Encoding\"       = \"$basePath\\test_set_obf\\ASCII_Encoding\\malicious\"\r\n    \"String_Concatenation\" = \"$basePath\\test_set_obf\\String_Concatenation\\malicious\"\r\n    \"String_Reordering\"    = \"$basePath\\test_set_obf\\String_Reordering\\malicious\"\r\n    \"Token_Manipulation\"   = \"$basePath\\test_set_obf\\Token_Manipulation\\malicious\"\r\n}\r\n\r\n# =====================================================================\r\n# TENTUKAN SKENARIO YANG AKAN DIJALANKAN\r\n# =====================================================================\r\nif ($Scenario.Count -eq 0) {\r\n    $ScenariosToRun = $AllScenarios\r\n    Write-Host \"[i] Tidak ada skenario spesifik dipilih -> menjalankan SEMUA skenario.\" -ForegroundColor DarkCyan\r\n} else {\r\n    $invalid = $Scenario | Where-Object { $_ -notin $AllScenarios }\r\n    if ($invalid.Count -gt 0) {\r\n        Write-Host \"[ERROR] Skenario tidak dikenal: $($invalid -join ', ')\" -ForegroundColor Red\r\n        Write-Host \"        Pilihan valid: $($AllScenarios -join ', ')\" -ForegroundColor Yellow\r\n        exit 1\r\n    }\r\n    $ScenariosToRun = $Scenario\r\n}\r\n\r\n$RunTimestampStart = Get-Date\r\nWrite-Host \"======================================================\" -ForegroundColor Cyan\r\nWrite-Host \" PROBE LATENSI RULE-BASED (VERSI CEPAT) - MULAI\"       -ForegroundColor Cyan\r\nWrite-Host \" Waktu Mulai    : $($RunTimestampStart.ToString('yyyy-MM-dd HH:mm:ss'))\" -ForegroundColor Cyan\r\nWrite-Host \" Timing         : ${ExecLifetimeMs}ms exec + ${AntiFloodMs}ms jeda (-NoProfile)\" -ForegroundColor Cyan\r\nWrite-Host \" Jumlah Skenario: $($ScenariosToRun.Count) -> $($ScenariosToRun -join ', ')\" -ForegroundColor Cyan\r\nWrite-Host \"======================================================\" -ForegroundColor Cyan\r\n\r\n$GlobalSummary = @()\r\n$GlobalTotalFiles   = 0\r\n$GlobalTotalSuccess = 0\r\n$GlobalTotalFailed  = 0\r\n\r\n# =====================================================================\r\n# LOOP UNTUK SETIAP SKENARIO YANG DIPILIH\r\n# =====================================================================\r\nforeach ($currentScenario in $ScenariosToRun) {\r\n\r\n    $scenarioStart = Get-Date\r\n    $targetDir = $FolderMap[$currentScenario]\r\n    $probeCsv  = \"$basePath\\latency_probe_$currentScenario.csv\"\r\n\r\n    Write-Host \"\"\r\n    Write-Host \"------------------------------------------------------\" -ForegroundColor DarkGray\r\n    Write-Host \" Skenario: $currentScenario\"                              -ForegroundColor White\r\n    Write-Host \" Mulai    : $($scenarioStart.ToString('yyyy-MM-dd HH:mm:ss.fff'))\" -ForegroundColor DarkGray\r\n    Write-Host \"------------------------------------------------------\" -ForegroundColor DarkGray\r\n\r\n    if (!(Test-Path $targetDir)) {\r\n        Write-Host \"[ERROR] Folder tidak ditemukan: $targetDir\" -ForegroundColor Red\r\n        $GlobalSummary += [PSCustomObject]@{\r\n            Skenario = $currentScenario; TotalFile = 0; Sukses = 0; Gagal = 0\r\n            Mulai = $scenarioStart; Selesai = (Get-Date); DurasiDetik = 0\r\n        }\r\n        continue\r\n    }\r\n\r\n    $files = Get-ChildItem -Path $targetDir -Filter \"*.ps1\" | Sort-Object Name\r\n    $totalFiles = $files.Count\r\n\r\n    if ($totalFiles -eq 0) {\r\n        Write-Host \"[!] Tidak ada file .ps1 ditemukan di folder ini.\" -ForegroundColor Yellow\r\n        $GlobalSummary += [PSCustomObject]@{\r\n            Skenario = $currentScenario; TotalFile = 0; Sukses = 0; Gagal = 0\r\n            Mulai = $scenarioStart; Selesai = (Get-Date); DurasiDetik = 0\r\n        }\r\n        continue\r\n    }\r\n\r\n    # File probe SELALU ditimpa bersih (bukan resume) - lihat peringatan di DESCRIPTION\r\n    \"FileName,T_PreExec_ISO\" | Out-File $probeCsv -Encoding utf8\r\n\r\n    Write-Host \" Total File : $totalFiles\"  -ForegroundColor Cyan\r\n    Write-Host \" Output     : $probeCsv\"    -ForegroundColor Cyan\r\n\r\n    $currentIndex  = 0\r\n    $countSuccess  = 0\r\n    $countFailed   = 0\r\n\r\n    foreach ($file in $files) {\r\n        $currentIndex++\r\n        $pct = [math]::Round(($currentIndex / $totalFiles) * 100)\r\n        Write-Progress -Activity \"Probe Latensi: $currentScenario\" `\r\n                       -Status \"File $currentIndex dari $totalFiles ($pct%)\" `\r\n                       -PercentComplete $pct -CurrentOperation $file.Name\r\n\r\n        try {\r\n            # -- TITIK PENGUKURAN KRUSIAL --------------------------------\r\n            # Dicatat TEPAT SEBELUM proses dimulai, presisi hingga 100-ns.\r\n            $tPreExec = (Get-Date).ToString(\"yyyy-MM-ddTHH:mm:ss.fffffffK\")\r\n            # -------------------------------------------------------------\r\n\r\n            # -NonInteractive -NoProfile: menghilangkan overhead pemuatan\r\n            # PowerShell profile, konsisten dengan uji_otomatis_rule.ps1\r\n            $arguments = \"-NonInteractive -NoProfile -ExecutionPolicy Bypass -File `\"$($file.FullName)`\"\"\r\n            $proc = Start-Process -FilePath \"powershell.exe\" `\r\n                -ArgumentList $arguments -WindowStyle Hidden -PassThru -ErrorAction Stop\r\n\r\n            Start-Sleep -Milliseconds $ExecLifetimeMs\r\n\r\n            if (!$proc.HasExited) {\r\n                Stop-Process -Id $proc.Id -Force -ErrorAction SilentlyContinue\r\n            }\r\n\r\n            \"$($file.Name),$tPreExec\" | Out-File $probeCsv -Append -Encoding utf8\r\n            Write-Host \"[$currentIndex/$totalFiles] $($file.Name) -> T_PreExec=$tPreExec\" -ForegroundColor Yellow\r\n            $countSuccess++\r\n\r\n        } catch {\r\n            Write-Host \"  [!] Gagal memproses $($file.Name): $_\" -ForegroundColor Red\r\n            $countFailed++\r\n        }\r\n\r\n        Start-Sleep -Milliseconds $AntiFloodMs\r\n    }\r\n\r\n    Write-Progress -Activity \"Probe Latensi: $currentScenario\" -Completed\r\n\r\n    $scenarioEnd      = Get-Date\r\n    $scenarioDuration = ($scenarioEnd - $scenarioStart)\r\n\r\n    Write-Host \" Selesai  : $($scenarioEnd.ToString('yyyy-MM-dd HH:mm:ss.fff'))\" -ForegroundColor DarkGray\r\n    Write-Host \" Durasi   : $($scenarioDuration.ToString('hh\\:mm\\:ss'))\"        -ForegroundColor DarkGray\r\n    Write-Host \" Sukses=$countSuccess  Gagal=$countFailed\"                     -ForegroundColor Green\r\n\r\n    $GlobalSummary += [PSCustomObject]@{\r\n        Skenario    = $currentScenario\r\n        TotalFile   = $totalFiles\r\n        Sukses      = $countSuccess\r\n        Gagal       = $countFailed\r\n        Mulai       = $scenarioStart\r\n        Selesai     = $scenarioEnd\r\n        DurasiDetik = [math]::Round($scenarioDuration.TotalSeconds, 1)\r\n    }\r\n\r\n    $GlobalTotalFiles   += $totalFiles\r\n    $GlobalTotalSuccess += $countSuccess\r\n    $GlobalTotalFailed  += $countFailed\r\n}\r\n\r\n# =====================================================================\r\n# RINGKASAN AKHIR SELURUH SESI PENGUJIAN\r\n# =====================================================================\r\n$RunTimestampEnd  = Get-Date\r\n$TotalDuration    = ($RunTimestampEnd - $RunTimestampStart)\r\n\r\nWrite-Host \"\"\r\nWrite-Host \"======================================================\" -ForegroundColor Cyan\r\nWrite-Host \" RINGKASAN SESI PENGUJIAN\"                                -ForegroundColor Cyan\r\nWrite-Host \"======================================================\" -ForegroundColor Cyan\r\nWrite-Host \" Waktu Mulai    : $($RunTimestampStart.ToString('yyyy-MM-dd HH:mm:ss'))\"\r\nWrite-Host \" Waktu Selesai  : $($RunTimestampEnd.ToString('yyyy-MM-dd HH:mm:ss'))\"\r\nWrite-Host \" Total Durasi   : $($TotalDuration.ToString('hh\\:mm\\:ss')) ($([math]::Round($TotalDuration.TotalMinutes,1)) menit)\"\r\nWrite-Host \" Total Skenario : $($ScenariosToRun.Count)\"\r\nWrite-Host \" Total File     : $GlobalTotalFiles\"\r\nWrite-Host \" Total Sukses   : $GlobalTotalSuccess\" -ForegroundColor Green\r\nWrite-Host \" Total Gagal    : $GlobalTotalFailed\"  -ForegroundColor $(if($GlobalTotalFailed -gt 0){'Red'}else{'Green'})\r\nWrite-Host \"------------------------------------------------------\"\r\nWrite-Host \" Rincian per Skenario:\"\r\n$GlobalSummary | ForEach-Object {\r\n    Write-Host (\"   {0,-22} File={1,-5} Sukses={2,-5} Gagal={3,-4} Durasi={4}s\" -f `\r\n        $_.Skenario, $_.TotalFile, $_.Sukses, $_.Gagal, $_.DurasiDetik)\r\n}\r\nWrite-Host \"======================================================\" -ForegroundColor Cyan\r\nWrite-Host \"\"\r\nWrite-Host \"[OK] Seluruh probe selesai. File CSV tersimpan di: $basePath\\latency_probe_<skenario>.csv\" -ForegroundColor Green\r\n\r\nScriptBlock ID: ba393396-420e-43d4-bd53-2b219a07e61c\r\nPath: C:\\TA\\project-ta\\uji_otomatis_rule.ps1\""},"eventdata":{"messageNumber":"1","messageTotal":"1","scriptBlockText":"&lt;#  .SYNOPSIS      Pengukuran Latensi Deteksi Rule-Based Wazuh - Sisi Windows (Endpoint)      VERSI CEPAT: menggabungkan timing dari uji_otomatis_rule.ps1 (500ms      exec + 250ms jeda + -NoProfile) dengan pencatatan T_PreExec presisi      tinggi untuk pengukuran latensi.  .DESCRIPTION      Mengeksekusi sampel skrip .ps1 sambil mencatat timestamp presisi tinggi      SEBELUM eksekusi dimulai. Timestamp ini nantinya dicocokkan dengan      timestamp alert Wazuh (via generate_report_rule.py) untuk menghitung      latensi end-to-end: eksekusi skrip -&gt; Event Log -&gt; Agent -&gt; Manager -&gt;      rule engine -&gt; alert muncul.        PERUBAHAN TIMING (dari versi sebelumnya):          ExecLifetimeMs : 800ms -&gt; 500ms  (disamakan dengan uji_otomatis_rule.ps1)          AntiFloodMs    : 1000ms/2000ms -&gt; 250ms (disamakan)          Argumen        : ditambah -NonInteractive -NoProfile                           (menghilangkan overhead pemuatan PowerShell profile)        PERINGATAN PENTING: file latency_probe_&lt;skenario&gt;.csv SELALU ditimpa      bersih setiap kali skrip dijalankan untuk skenario tersebut (bukan      di-resume). Pastikan proses tidak terputus di tengah jalan.    .PARAMETER Scenario      Satu atau beberapa nama skenario yang ingin diuji. Jika tidak diisi,      SELURUH enam skenario akan dijalankan berurutan secara otomatis.    .EXAMPLE      .\\\\latency_probe_tester.ps1  .EXAMPLE      .\\\\latency_probe_tester.ps1 -Scenario ASCII_Encoding  .EXAMPLE      .\\\\latency_probe_tester.ps1 -Scenario String_Concatenation,String_Reordering,Token_Manipulation  #&gt;    param(      [string[]]$Scenario = @()  )    # =====================================================================  # KONFIGURASI GLOBAL (disamakan dengan uji_otomatis_rule.ps1 agar cepat)  # =====================================================================  $basePath       = \\\"C:\\\\TA\\\\project-ta\\\\data_spliting\\\"  $ExecLifetimeMs = 500  $AntiFloodMs    = 250    $AllScenarios = @(       \\\"benign\\\", \\\"malicious\\\", \\\"ASCII_Encoding\\\", \\\"String_Concatenation\\\", \\\"String_Reordering\\\", \\\"Token_Manipulation\\\"  )    $FolderMap = @{      \\\"benign\\\"               = \\\"$basePath\\\\test_set\\\\benign\\\"      \\\"malicious\\\"            = \\\"$basePath\\\\test_set\\\\malicious\\\"      \\\"ASCII_Encoding\\\"       = \\\"$basePath\\\\test_set_obf\\\\ASCII_Encoding\\\\malicious\\\"      \\\"String_Concatenation\\\" = \\\"$basePath\\\\test_set_obf\\\\String_Concatenation\\\\malicious\\\"      \\\"String_Reordering\\\"    = \\\"$basePath\\\\test_set_obf\\\\String_Reordering\\\\malicious\\\"      \\\"Token_Manipulation\\\"   = \\\"$basePath\\\\test_set_obf\\\\Token_Manipulation\\\\malicious\\\"  }    # =====================================================================  # TENTUKAN SKENARIO YANG AKAN DIJALANKAN  # =====================================================================  if ($Scenario.Count -eq 0) {      $ScenariosToRun = $AllScenarios      Write-Host \\\"[i] Tidak ada skenario spesifik dipilih -&gt; menjalankan SEMUA skenario.\\\" -ForegroundColor DarkCyan  } else {      $invalid = $Scenario | Where-Object { $_ -notin $AllScenarios }      if ($invalid.Count -gt 0) {          Write-Host \\\"[ERROR] Skenario tidak dikenal: $($invalid -join ', ')\\\" -ForegroundColor Red          Write-Host \\\"        Pilihan valid: $($AllScenarios -join ', ')\\\" -ForegroundColor Yellow          exit 1      }      $ScenariosToRun = $Scenario  }    $RunTimestampStart = Get-Date  Write-Host \\\"======================================================\\\" -ForegroundColor Cyan  Write-Host \\\" PROBE LATENSI RULE-BASED (VERSI CEPAT) - MULAI\\\"       -ForegroundColor Cyan  Write-Host \\\" Waktu Mulai    : $($RunTimestampStart.ToString('yyyy-MM-dd HH:mm:ss'))\\\" -ForegroundColor Cyan  Write-Host \\\" Timing         : ${ExecLifetimeMs}ms exec + ${AntiFloodMs}ms jeda (-NoProfile)\\\" -ForegroundColor Cyan  Write-Host \\\" Jumlah Skenario: $($ScenariosToRun.Count) -&gt; $($ScenariosToRun -join ', ')\\\" -ForegroundColor Cyan  Write-Host \\\"======================================================\\\" -ForegroundColor Cyan    $GlobalSummary = @()  $GlobalTotalFiles   = 0  $GlobalTotalSuccess = 0  $GlobalTotalFailed  = 0    # =====================================================================  # LOOP UNTUK SETIAP SKENARIO YANG DIPILIH  # =====================================================================  foreach ($currentScenario in $ScenariosToRun) {        $scenarioStart = Get-Date      $targetDir = $FolderMap[$currentScenario]      $probeCsv  = \\\"$basePath\\\\latency_probe_$currentScenario.csv\\\"        Write-Host \\\"\\\"      Write-Host \\\"------------------------------------------------------\\\" -ForegroundColor DarkGray      Write-Host \\\" Skenario: $currentScenario\\\"                              -ForegroundColor White      Write-Host \\\" Mulai    : $($scenarioStart.ToString('yyyy-MM-dd HH:mm:ss.fff'))\\\" -ForegroundColor DarkGray      Write-Host \\\"------------------------------------------------------\\\" -ForegroundColor DarkGray        if (!(Test-Path $targetDir)) {          Write-Host \\\"[ERROR] Folder tidak ditemukan: $targetDir\\\" -ForegroundColor Red          $GlobalSummary += [PSCustomObject]@{              Skenario = $currentScenario; TotalFile = 0; Sukses = 0; Gagal = 0              Mulai = $scenarioStart; Selesai = (Get-Date); DurasiDetik = 0          }          continue      }        $files = Get-ChildItem -Path $targetDir -Filter \\\"*.ps1\\\" | Sort-Object Name      $totalFiles = $files.Count        if ($totalFiles -eq 0) {          Write-Host \\\"[!] Tidak ada file .ps1 ditemukan di folder ini.\\\" -ForegroundColor Yellow          $GlobalSummary += [PSCustomObject]@{              Skenario = $currentScenario; TotalFile = 0; Sukses = 0; Gagal = 0              Mulai = $scenarioStart; Selesai = (Get-Date); DurasiDetik = 0          }          continue      }        # File probe SELALU ditimpa bersih (bukan resume) - lihat peringatan di DESCRIPTION      \\\"FileName,T_PreExec_ISO\\\" | Out-File $probeCsv -Encoding utf8        Write-Host \\\" Total File : $totalFiles\\\"  -ForegroundColor Cyan      Write-Host \\\" Output     : $probeCsv\\\"    -ForegroundColor Cyan        $currentIndex  = 0      $countSuccess  = 0      $countFailed   = 0        foreach ($file in $files) {          $currentIndex++          $pct = [math]::Round(($currentIndex / $totalFiles) * 100)          Write-Progress -Activity \\\"Probe Latensi: $currentScenario\\\" `                         -Status \\\"File $currentIndex dari $totalFiles ($pct%)\\\" `                         -PercentComplete $pct -CurrentOperation $file.Name            try {              # -- TITIK PENGUKURAN KRUSIAL --------------------------------              # Dicatat TEPAT SEBELUM proses dimulai, presisi hingga 100-ns.              $tPreExec = (Get-Date).ToString(\\\"yyyy-MM-ddTHH:mm:ss.fffffffK\\\")              # -------------------------------------------------------------                # -NonInteractive -NoProfile: menghilangkan overhead pemuatan              # PowerShell profile, konsisten dengan uji_otomatis_rule.ps1              $arguments = \\\"-NonInteractive -NoProfile -ExecutionPolicy Bypass -File `\\\"$($file.FullName)`\\\"\\\"              $proc = Start-Process -FilePath \\\"powershell.exe\\\" `                  -ArgumentList $arguments -WindowStyle Hidden -PassThru -ErrorAction Stop                Start-Sleep -Milliseconds $ExecLifetimeMs                if (!$proc.HasExited) {                  Stop-Process -Id $proc.Id -Force -ErrorAction SilentlyContinue              }                \\\"$($file.Name),$tPreExec\\\" | Out-File $probeCsv -Append -Encoding utf8              Write-Host \\\"[$currentIndex/$totalFiles] $($file.Name) -&gt; T_PreExec=$tPreExec\\\" -ForegroundColor Yellow              $countSuccess++            } catch {              Write-Host \\\"  [!] Gagal memproses $($file.Name): $_\\\" -ForegroundColor Red              $countFailed++          }            Start-Sleep -Milliseconds $AntiFloodMs      }        Write-Progress -Activity \\\"Probe Latensi: $currentScenario\\\" -Completed        $scenarioEnd      = Get-Date      $scenarioDuration = ($scenarioEnd - $scenarioStart)        Write-Host \\\" Selesai  : $($scenarioEnd.ToString('yyyy-MM-dd HH:mm:ss.fff'))\\\" -ForegroundColor DarkGray      Write-Host \\\" Durasi   : $($scenarioDuration.ToString('hh\\\\:mm\\\\:ss'))\\\"        -ForegroundColor DarkGray      Write-Host \\\" Sukses=$countSuccess  Gagal=$countFailed\\\"                     -ForegroundColor Green        $GlobalSummary += [PSCustomObject]@{          Skenario    = $currentScenario          TotalFile   = $totalFiles          Sukses      = $countSuccess          Gagal       = $countFailed          Mulai       = $scenarioStart          Selesai     = $scenarioEnd          DurasiDetik = [math]::Round($scenarioDuration.TotalSeconds, 1)      }        $GlobalTotalFiles   += $totalFiles      $GlobalTotalSuccess += $countSuccess      $GlobalTotalFailed  += $countFailed  }    # =====================================================================  # RINGKASAN AKHIR SELURUH SESI PENGUJIAN  # =====================================================================  $RunTimestampEnd  = Get-Date  $TotalDuration    = ($RunTimestampEnd - $RunTimestampStart)    Write-Host \\\"\\\"  Write-Host \\\"======================================================\\\" -ForegroundColor Cyan  Write-Host \\\" RINGKASAN SESI PENGUJIAN\\\"                                -ForegroundColor Cyan  Write-Host \\\"======================================================\\\" -ForegroundColor Cyan  Write-Host \\\" Waktu Mulai    : $($RunTimestampStart.ToString('yyyy-MM-dd HH:mm:ss'))\\\"  Write-Host \\\" Waktu Selesai  : $($RunTimestampEnd.ToString('yyyy-MM-dd HH:mm:ss'))\\\"  Write-Host \\\" Total Durasi   : $($TotalDuration.ToString('hh\\\\:mm\\\\:ss')) ($([math]::Round($TotalDuration.TotalMinutes,1)) menit)\\\"  Write-Host \\\" Total Skenario : $($ScenariosToRun.Count)\\\"  Write-Host \\\" Total File     : $GlobalTotalFiles\\\"  Write-Host \\\" Total Sukses   : $GlobalTotalSuccess\\\" -ForegroundColor Green  Write-Host \\\" Total Gagal    : $GlobalTotalFailed\\\"  -ForegroundColor $(if($GlobalTotalFailed -gt 0){'Red'}else{'Green'})  Write-Host \\\"------------------------------------------------------\\\"  Write-Host \\\" Rincian per Skenario:\\\"  $GlobalSummary | ForEach-Object {      Write-Host (\\\"   {0,-22} File={1,-5} Sukses={2,-5} Gagal={3,-4} Durasi={4}s\\\" -f `          $_.Skenario, $_.TotalFile, $_.Sukses, $_.Gagal, $_.DurasiDetik)  }  Write-Host \\\"======================================================\\\" -ForegroundColor Cyan  Write-Host \\\"\\\"  Write-Host \\\"[OK] Seluruh probe selesai. File CSV tersimpan di: $basePath\\\\latency_probe_&lt;skenario&gt;.csv\\\" -ForegroundColor Green","scriptBlockId":"ba393396-420e-43d4-bd53-2b219a07e61c","path":"C:\\\\TA\\\\project-ta\\\\uji_otomatis_rule.ps1"}}},"location":"EventChannel"}
{"timestamp":"2026-07-14T07:41:58.203+0000","rule":{"level":4,"description":"Powershell script querying system environment variables","id":"91816","mitre":{"id":["T1082"],"tactic":["Discovery"],"technique":["System Information Discovery"]},"firedtimes":1,"mail":false,"groups":["windows"," powershell"]},"agent":{"id":"002","name":"DESKTOP-BAC9DBQ","ip":"192.168.1.12"},"manager":{"name":"wazuh-server"},"id":"1784014918.44882","decoder":{"name":"windows_eventchannel"},"data":{"win":{"system":{"providerName":"Microsoft-Windows-PowerShell","providerGuid":"{a0c1853b-5c40-4b15-8766-3cf1c58f985a}","eventID":"4104","version":"1","level":"5","task":"2","opcode":"15","keywords":"0x0","systemTime":"2026-07-14T07:42:28.0589442Z","eventRecordID":"198341","processID":"11772","threadID":"4444","channel":"Microsoft-Windows-PowerShell/Operational","computer":"DESKTOP-BAC9DBQ","severityValue":"VERBOSE","message":"\"Creating Scriptblock text (1 of 1):\r\nfunction Get-IEVersion ($computer = $env:COMPUTERNAME) {; $version = 0; $keyname = 'SOFTWARE\\Microsoft\\Internet Explorer'; $reg = [Microsoft.Win32.RegistryKey]::OpenRemoteBaseKey('LocalMachine', $computer); $key = $reg.OpenSubkey($keyname); try {; $version = $key.GetValue('Version'); $svcUpdateVersion = $key.GetValue('svcUpdateVersion'); } catch {}; if ($svcUpdateVersion) {; $svcUpdateVersion; } else {; $version; }; }\r\n\r\nScriptBlock ID: b1579edd-7012-49ae-98f8-a85e9d0cd8dc\r\nPath: C:\\TA\\project-ta\\data_spliting\\test_set\\benign\\1664.ps1\""},"eventdata":{"messageNumber":"1","messageTotal":"1","scriptBlockText":"function Get-IEVersion ($computer = $env:COMPUTERNAME) {; $version = 0; $keyname = 'SOFTWARE\\\\Microsoft\\\\Internet Explorer'; $reg = [Microsoft.Win32.RegistryKey]::OpenRemoteBaseKey('LocalMachine', $computer); $key = $reg.OpenSubkey($keyname); try {; $version = $key.GetValue('Version'); $svcUpdateVersion = $key.GetValue('svcUpdateVersion'); } catch {}; if ($svcUpdateVersion) {; $svcUpdateVersion; } else {; $version; }; }","scriptBlockId":"b1579edd-7012-49ae-98f8-a85e9d0cd8dc","path":"C:\\\\TA\\\\project-ta\\\\data_spliting\\\\test_set\\\\benign\\\\1664.ps1"}}},"location":"EventChannel"}
{"timestamp":"2026-07-14T07:45:09.980+0000","rule":{"level":4,"description":"Powershell script searching filesystem","id":"91819","mitre":{"id":["T1083"],"tactic":["Discovery"],"technique":["File and Directory Discovery"]},"firedtimes":2,"mail":false,"groups":["windows"," powershell"]},"agent":{"id":"002","name":"DESKTOP-BAC9DBQ","ip":"192.168.1.12"},"manager":{"name":"wazuh-server"},"id":"1784015109.48531","decoder":{"name":"windows_eventchannel"},"data":{"win":{"system":{"providerName":"Microsoft-Windows-PowerShell","providerGuid":"{a0c1853b-5c40-4b15-8766-3cf1c58f985a}","eventID":"4104","version":"1","level":"5","task":"2","opcode":"15","keywords":"0x0","systemTime":"2026-07-14T07:45:40.6140549Z","eventRecordID":"198949","processID":"10584","threadID":"11020","channel":"Microsoft-Windows-PowerShell/Operational","computer":"DESKTOP-BAC9DBQ","severityValue":"VERBOSE","message":"\"Creating Scriptblock text (1 of 1):\r\n$dbs = Invoke-Sqlcmd -ServerInstance localhost -Database tempdb -Query \"SELECT name FROM sys.databases WHERE database_id != 2 and state_desc = 'ONLINE'\"; $datestring =  (Get-Date -Format 'yyyyMMddHHmm'); foreach($db in $dbs.name){; $dir = \"C:\\Backups\\$db\"; if( -not (Test-Path $dir)){New-Item -ItemType Directory -path $dir}; $filename = \"$db-$datestring.bak\"; $backup=Join-Path -Path $dir -ChildPath $filename; Backup-SqlDatabase -ServerInstance localhost -Database $db -BackupFile $backup -CompressionOption On; Get-ChildItem $dir\\*.bak| Where {$_.LastWriteTime -lt (Get-Date).AddMinutes(-1)}|Remove-Item; }\r\n\r\nScriptBlock ID: 358ebebb-e40a-463c-bc50-fc360f3a7bcc\r\nPath: C:\\TA\\project-ta\\data_spliting\\test_set\\benign\\2641.ps1\""},"eventdata":{"messageNumber":"1","messageTotal":"1","scriptBlockText":"$dbs = Invoke-Sqlcmd -ServerInstance localhost -Database tempdb -Query \\\"SELECT name FROM sys.databases WHERE database_id != 2 and state_desc = 'ONLINE'\\\"; $datestring =  (Get-Date -Format 'yyyyMMddHHmm'); foreach($db in $dbs.name){; $dir = \\\"C:\\\\Backups\\\\$db\\\"; if( -not (Test-Path $dir)){New-Item -ItemType Directory -path $dir}; $filename = \\\"$db-$datestring.bak\\\"; $backup=Join-Path -Path $dir -ChildPath $filename; Backup-SqlDatabase -ServerInstance localhost -Database $db -BackupFile $backup -CompressionOption On; Get-ChildItem $dir\\\\*.bak| Where {$_.LastWriteTime -lt (Get-Date).AddMinutes(-1)}|Remove-Item; }","scriptBlockId":"358ebebb-e40a-463c-bc50-fc360f3a7bcc","path":"C:\\\\TA\\\\project-ta\\\\data_spliting\\\\test_set\\\\benign\\\\2641.ps1"}}},"location":"EventChannel"}
{"timestamp":"2026-07-14T07:45:18.564+0000","rule":{"level":4,"id":"11","mail":false,"groups":["stats"]},"agent":{"id":"002","name":"DESKTOP-BAC9DBQ"},"manager":{"name":"wazuh-server"},"id":"1784015118.52952","full_log":"The average number of logs between 7:00 and 8:00 is 469. We reached 1720.","decoder":{"name":"syscollector"},"data":{"type":"dbsync_processes","process":{"pid":"2920","name":"notepad.exe","ppid":"1092","utime":"0","stime":"0","cmd":"C:\\Windows\\System32\\notepad.exe","priority":"8","size":"3244032","vm_size":"20623360","start_time":"1783319100","session":"1","nlwp":"1"},"operation_type":"MODIFIED"},"location":"syscollector"}
{"timestamp":"2026-07-14T07:45:28.664+0000","rule":{"level":4,"description":"Powershell script recursively collected files from a filesystem search","id":"91820","mitre":{"id":["T1083","T1119"],"tactic":["Discovery","Collection"],"technique":["File and Directory Discovery","Automated Collection"]},"firedtimes":1,"mail":false,"groups":["windows"," powershell"]},"agent":{"id":"002","name":"DESKTOP-BAC9DBQ","ip":"192.168.1.12"},"manager":{"name":"wazuh-server"},"id":"1784015128.53475","decoder":{"name":"windows_eventchannel"},"data":{"win":{"system":{"providerName":"Microsoft-Windows-PowerShell","providerGuid":"{a0c1853b-5c40-4b15-8766-3cf1c58f985a}","eventID":"4104","version":"1","level":"3","task":"2","opcode":"15","keywords":"0x0","systemTime":"2026-07-14T07:45:58.5234625Z","eventRecordID":"198997","processID":"8044","threadID":"5900","channel":"Microsoft-Windows-PowerShell/Operational","computer":"DESKTOP-BAC9DBQ","severityValue":"WARNING","message":"\"Creating Scriptblock text (1 of 1):\r\n; $obj = \"\" | Select-Object $($PSVersionTable.Keys); foreach($item in $PSVersionTable.Keys) {; $obj.$item = $($PSVersionTable[$item] -join \".\"); }; $i = 1; Get-ChildItem -Force \"$($env:windir)\\Microsoft.Net\\Framework\" -Include mscorlib.dll -Recurse | ForEach-Object {; $obj | Add-Member NoteProperty .NET_$i $_.VersionInfo.ProductVersion; $i++; }; $obj\r\n\r\nScriptBlock ID: 6b5f5cac-f30a-4e78-9337-763b775f0a32\r\nPath: C:\\TA\\project-ta\\data_spliting\\test_set\\benign\\2725.ps1\""},"eventdata":{"messageNumber":"1","messageTotal":"1","scriptBlockText":"; $obj = \\\"\\\" | Select-Object $($PSVersionTable.Keys); foreach($item in $PSVersionTable.Keys) {; $obj.$item = $($PSVersionTable[$item] -join \\\".\\\"); }; $i = 1; Get-ChildItem -Force \\\"$($env:windir)\\\\Microsoft.Net\\\\Framework\\\" -Include mscorlib.dll -Recurse | ForEach-Object {; $obj | Add-Member NoteProperty .NET_$i $_.VersionInfo.ProductVersion; $i++; }; $obj","scriptBlockId":"6b5f5cac-f30a-4e78-9337-763b775f0a32","path":"C:\\\\TA\\\\project-ta\\\\data_spliting\\\\test_set\\\\benign\\\\2725.ps1"}}},"location":"EventChannel"}
{"timestamp":"2026-07-14T07:45:33.961+0000","rule":{"level":4,"description":"Powershell executing process discovery","id":"91815","mitre":{"id":["T1057"],"tactic":["Discovery"],"technique":["Process Discovery"]},"firedtimes":1,"mail":false,"groups":["windows"," powershell"]},"agent":{"id":"002","name":"DESKTOP-BAC9DBQ","ip":"192.168.1.12"},"manager":{"name":"wazuh-server"},"id":"1784015133.56891","decoder":{"name":"windows_eventchannel"},"data":{"win":{"system":{"providerName":"Microsoft-Windows-PowerShell","providerGuid":"{a0c1853b-5c40-4b15-8766-3cf1c58f985a}","eventID":"4104","version":"1","level":"5","task":"2","opcode":"15","keywords":"0x0","systemTime":"2026-07-14T07:46:04.6011756Z","eventRecordID":"199017","processID":"8516","threadID":"10660","channel":"Microsoft-Windows-PowerShell/Operational","computer":"DESKTOP-BAC9DBQ","severityValue":"VERBOSE","message":"\"Creating Scriptblock text (1 of 1):\r\n; Update-TypeData -TypeName System.Diagnostics.Process -SerializationDepth 3 -Force; Get-Process\r\n\r\nScriptBlock ID: 03efac6d-ae4a-4194-8ac2-9b23895bffd7\r\nPath: C:\\TA\\project-ta\\data_spliting\\test_set\\benign\\2758.ps1\""},"eventdata":{"messageNumber":"1","messageTotal":"1","scriptBlockText":"; Update-TypeData -TypeName System.Diagnostics.Process -SerializationDepth 3 -Force; Get-Process","scriptBlockId":"03efac6d-ae4a-4194-8ac2-9b23895bffd7","path":"C:\\\\TA\\\\project-ta\\\\data_spliting\\\\test_set\\\\benign\\\\2758.ps1"}}},"location":"EventChannel"}
{"timestamp":"2026-07-14T07:46:28.634+0000","rule":{"level":4,"description":"Powershell script recursively collected files from a filesystem search","id":"91820","mitre":{"id":["T1083","T1119"],"tactic":["Discovery","Collection"],"technique":["File and Directory Discovery","Automated Collection"]},"firedtimes":2,"mail":false,"groups":["windows"," powershell"]},"agent":{"id":"002","name":"DESKTOP-BAC9DBQ","ip":"192.168.1.12"},"manager":{"name":"wazuh-server"},"id":"1784015188.59213","decoder":{"name":"windows_eventchannel"},"data":{"win":{"system":{"providerName":"Microsoft-Windows-PowerShell","providerGuid":"{a0c1853b-5c40-4b15-8766-3cf1c58f985a}","eventID":"4104","version":"1","level":"5","task":"2","opcode":"15","keywords":"0x0","systemTime":"2026-07-14T07:46:58.4276340Z","eventRecordID":"199234","processID":"9328","threadID":"2172","channel":"Microsoft-Windows-PowerShell/Operational","computer":"DESKTOP-BAC9DBQ","severityValue":"VERBOSE","message":"\"Creating Scriptblock text (1 of 1):\r\n$buildDir = \"$PSScriptRoot\\build\"; $ErrorActionPreference = 'Stop'; if (Test-Path $buildDir) {; Write-Verbose \"Removing build dir\"; Remove-Item $buildDir -Recurse -Force -Confirm:$false -Verbose -ErrorAction 'Stop'; }; if (Test-Path \"$PSScriptRoot\\Examples\") {; Write-Verbose \"Removing all examples\"; Remove-Item \"$PSScriptRoot\\Examples\" -Recurse -Force -Confirm:$false -Verbose -ErrorAction 'Stop'; }; if (Test-Path \"$PSScriptRoot\\images\") {; Write-Verbose \"Removing images\"; Remove-Item \"$PSScriptRoot\\images\" -Recurse -Force -Confirm:$false -Verbose -ErrorAction 'Stop'; }; Write-Verbose \"Removing all Test Files\"; Get-ChildItem $PSScriptRoot -Recurse -Filter *.Tests.ps1 | Remove-Item -Force -Verbose -ErrorAction 'Stop'\r\n\r\nScriptBlock ID: e6943e7f-35cb-4259-aebf-7f400b957e58\r\nPath: C:\\TA\\project-ta\\data_spliting\\test_set\\benign\\3100.ps1\""},"eventdata":{"messageNumber":"1","messageTotal":"1","scriptBlockText":"$buildDir = \\\"$PSScriptRoot\\\\build\\\"; $ErrorActionPreference = 'Stop'; if (Test-Path $buildDir) {; Write-Verbose \\\"Removing build dir\\\"; Remove-Item $buildDir -Recurse -Force -Confirm:$false -Verbose -ErrorAction 'Stop'; }; if (Test-Path \\\"$PSScriptRoot\\\\Examples\\\") {; Write-Verbose \\\"Removing all examples\\\"; Remove-Item \\\"$PSScriptRoot\\\\Examples\\\" -Recurse -Force -Confirm:$false -Verbose -ErrorAction 'Stop'; }; if (Test-Path \\\"$PSScriptRoot\\\\images\\\") {; Write-Verbose \\\"Removing images\\\"; Remove-Item \\\"$PSScriptRoot\\\\images\\\" -Recurse -Force -Confirm:$false -Verbose -ErrorAction 'Stop'; }; Write-Verbose \\\"Removing all Test Files\\\"; Get-ChildItem $PSScriptRoot -Recurse -Filter *.Tests.ps1 | Remove-Item -Force -Verbose -ErrorAction 'Stop'","scriptBlockId":"e6943e7f-35cb-4259-aebf-7f400b957e58","path":"C:\\\\TA\\\\project-ta\\\\data_spliting\\\\test_set\\\\benign\\\\3100.ps1"}}},"location":"EventChannel"}
{"timestamp":"2026-07-14T07:49:32.859+0000","rule":{"level":4,"description":"Powershell script querying system environment variables","id":"91816","mitre":{"id":["T1082"],"tactic":["Discovery"],"technique":["System Information Discovery"]},"firedtimes":2,"mail":false,"groups":["windows"," powershell"]},"agent":{"id":"002","name":"DESKTOP-BAC9DBQ","ip":"192.168.1.12"},"manager":{"name":"wazuh-server"},"id":"1784015372.64192","decoder":{"name":"windows_eventchannel"},"data":{"win":{"system":{"providerName":"Microsoft-Windows-PowerShell","providerGuid":"{a0c1853b-5c40-4b15-8766-3cf1c58f985a}","eventID":"4104","version":"1","level":"5","task":"2","opcode":"15","keywords":"0x0","systemTime":"2026-07-14T07:50:02.7706987Z","eventRecordID":"199928","processID":"7180","threadID":"1316","channel":"Microsoft-Windows-PowerShell/Operational","computer":"DESKTOP-BAC9DBQ","severityValue":"VERBOSE","message":"\"Creating Scriptblock text (1 of 1):\r\nImport-Module $env:ProgramFiles\"\\Microsoft Security Client\\MpProvider\"; Start-MProtScan -ScanType \"FullScan\"; New-EventLog –LogName System –Source \"Antimalware Full Scan\"; Write-EventLog -LogName System -Source \"Antimalware Full Scan\" -EntryType Information -EventId 1118 -Message \"Antimalware full system scan was performed\" -Category \"\"; $WMIPath = \"\\\\\" + $env:COMPUTERNAME + \"\\root\\ccm:SMS_Client\"; $SMSwmi = [wmiclass]$WMIPath; $strAction = \"{00000000-0000-0000-0000-000000000021}\"; [Void]$SMSwmi.TriggerSchedule($strAction); Exit 0\r\n\r\nScriptBlock ID: eaf34fdc-bd6f-4ce3-8544-d4becb012781\r\nPath: C:\\TA\\project-ta\\data_spliting\\test_set\\benign\\4080.ps1\""},"eventdata":{"messageNumber":"1","messageTotal":"1","scriptBlockText":"Import-Module $env:ProgramFiles\\\"\\\\Microsoft Security Client\\\\MpProvider\\\"; Start-MProtScan -ScanType \\\"FullScan\\\"; New-EventLog –LogName System –Source \\\"Antimalware Full Scan\\\"; Write-EventLog -LogName System -Source \\\"Antimalware Full Scan\\\" -EntryType Information -EventId 1118 -Message \\\"Antimalware full system scan was performed\\\" -Category \\\"\\\"; $WMIPath = \\\"\\\\\\\\\\\" + $env:COMPUTERNAME + \\\"\\\\root\\\\ccm:SMS_Client\\\"; $SMSwmi = [wmiclass]$WMIPath; $strAction = \\\"{00000000-0000-0000-0000-000000000021}\\\"; [Void]$SMSwmi.TriggerSchedule($strAction); Exit 0","scriptBlockId":"eaf34fdc-bd6f-4ce3-8544-d4becb012781","path":"C:\\\\TA\\\\project-ta\\\\data_spliting\\\\test_set\\\\benign\\\\4080.ps1"}}},"location":"EventChannel"}
{"timestamp":"2026-07-14T07:49:34.951+0000","rule":{"level":4,"description":"Powershell script querying system environment variables","id":"91816","mitre":{"id":["T1082"],"tactic":["Discovery"],"technique":["System Information Discovery"]},"firedtimes":3,"mail":false,"groups":["windows"," powershell"]},"agent":{"id":"002","name":"DESKTOP-BAC9DBQ","ip":"192.168.1.12"},"manager":{"name":"wazuh-server"},"id":"1784015374.68465","decoder":{"name":"windows_eventchannel"},"data":{"win":{"system":{"providerName":"Microsoft-Windows-PowerShell","providerGuid":"{a0c1853b-5c40-4b15-8766-3cf1c58f985a}","eventID":"4104","version":"1","level":"3","task":"2","opcode":"15","keywords":"0x0","systemTime":"2026-07-14T07:50:04.6100584Z","eventRecordID":"199936","processID":"5020","threadID":"10532","channel":"Microsoft-Windows-PowerShell/Operational","computer":"DESKTOP-BAC9DBQ","severityValue":"WARNING","message":"\"Creating Scriptblock text (1 of 1):\r\nSet-Variable -Name Member -Scope Local -Force; Set-Variable -Name Results -Value $false -Scope Global -Force; Function AddRemovePrograms($KeyName, $DisplayName, $Version){; New-PSDrive -Name HKCR -PSProvider Registry -Root HKEY_CLASSES_ROOT; Set-Variable -Name AddRemKey -Scope Local -Force; Set-Variable -Name guid -Scope Local -Force; Set-Variable -Name ProductsKey -Scope Local -Force; If (!(Test-Path c:\\windows\\GSPBox_Icon.bmp)){; Copy-Item -Path \\\\global.gsp\\data\\clients\\na_clients\\Build\\Add-ins\\GSPBox_Icon.bmp -Destination c:\\Windows -Force; }; $AddRemKey = \"HKLM:\\SOFTWARE\\Wow6432Node\\Microsoft\\Windows\\CurrentVersion\\Uninstall\"; $ProductsKey = \"HKCR:\\Installer\\Products\\\"; New-Item -Path $AddRemKey -Name $KeyName –Force; New-ItemProperty -Path $AddRemKey\"\\\"$KeyName -Name DisplayName -Value $DisplayName -PropertyType String; New-ItemProperty -Path $AddRemKey\"\\\"$KeyName -Name DisplayVersion -Value $Version -PropertyType String; New-ItemProperty -Path $AddRemKey\"\\\"$KeyName -Name UninstallString -Value \" \" -PropertyType String; New-ItemProperty -Path $AddRemKey\"\\\"$KeyName -Name Publisher -Value \"Gresham, Smith and Partners\" -PropertyType String; New-ItemProperty -Path $AddRemKey\"\\\"$KeyName -Name DisplayIcon -Value \"c:\\windows\\GSPBox_Icon.bmp\" -PropertyType String; $guid = [guid]::NewGuid().ToString(\"N\"); $guid.ToString(); $guid = $guid.ToUpper(); New-Item -Path $ProductsKey -Name $guid –Force; New-ItemProperty -Path $ProductsKey\"\\\"$guid -Name ProductName -Value $DisplayName -PropertyType String -Force; remove-psdrive -name HKCR; Remove-Variable -Name AddRemKey -Scope Local -Force; Remove-Variable -Name guid -Scope Local -Force; Remove-Variable -Name ProductsKey -Scope Local -Force; }; Function CheckADForUser ($Member){; Set-Variable -Name Computer -Scope Local -Force; Set-Variable -Name Group -Scope Local -Force; Set-Variable -Name LocalGroup -Scope Local -Force; Set-Variable -Name User -Scope Local -Force; Set-Variable -Name UserNames -Scope Local -Force; Set-Variable -Name Users -Scope Local -Force; $LocalGroup = \"Administrators\"; $UserNames = @(); $Computer = $env:computername; $Group= [ADSI]\"WinNT://$Computer/$LocalGroup,group\"; $Users = @($Group.psbase.Invoke(\"Members\")); $Users | ForEach-Object {; $UserNames += $_.GetType().InvokeMember(\"Name\", 'GetProperty', $null, $_, $null); Foreach ( $User in $UserNames) {; If ($User -eq $Member) {; $Global:Results = $true; Write-Host $User; }; }; }; $UserNames.Clear(); Remove-Variable -Name Computer -Scope Local -Force; Remove-Variable -Name Group -Scope Local -Force; Remove-Variable -Name LocalGroup -Scope Local -Force; Remove-Variable -Name User -Scope Local -Force; Remove-Variable -Name UserNames -Scope Local -Force; Remove-Variable -Name Users -Scope Local -Force; }; Function AddUserToAD ($Member) {; $group = [ADSI]\"WinNT://./Administrators,group\"; $group.Add(\"WinNT://$Member,user\"); }; cls; $Member = \"\"; CheckADForUser $Member; If ($Results -eq $true) {; AddRemovePrograms $Member $Member \"Installed\"; cls; Write-Host $Member\" is already in the local administrators group\"; } else {; AddUserToAD $Member; CheckADForUser $Member; If ($Results -eq $true) {; AddRemovePrograms $Member $Member \"Installed\"; cls; Write-Host $Member\" has been added to the local administrators group\"; }; }; Remove-Variable -Name Member -Scope Local -Force; Remove-Variable -Name Results -Scope Global -Force\r\n\r\nScriptBlock ID: cb231b4b-b046-4335-81e2-64acf1a54d06\r\nPath: C:\\TA\\project-ta\\data_spliting\\test_set\\benign\\4088.ps1\""},"eventdata":{"messageNumber":"1","messageTotal":"1","scriptBlockText":"Set-Variable -Name Member -Scope Local -Force; Set-Variable -Name Results -Value $false -Scope Global -Force; Function AddRemovePrograms($KeyName, $DisplayName, $Version){; New-PSDrive -Name HKCR -PSProvider Registry -Root HKEY_CLASSES_ROOT; Set-Variable -Name AddRemKey -Scope Local -Force; Set-Variable -Name guid -Scope Local -Force; Set-Variable -Name ProductsKey -Scope Local -Force; If (!(Test-Path c:\\\\windows\\\\GSPBox_Icon.bmp)){; Copy-Item -Path \\\\\\\\global.gsp\\\\data\\\\clients\\\\na_clients\\\\Build\\\\Add-ins\\\\GSPBox_Icon.bmp -Destination c:\\\\Windows -Force; }; $AddRemKey = \\\"HKLM:\\\\SOFTWARE\\\\Wow6432Node\\\\Microsoft\\\\Windows\\\\CurrentVersion\\\\Uninstall\\\"; $ProductsKey = \\\"HKCR:\\\\Installer\\\\Products\\\\\\\"; New-Item -Path $AddRemKey -Name $KeyName –Force; New-ItemProperty -Path $AddRemKey\\\"\\\\\\\"$KeyName -Name DisplayName -Value $DisplayName -PropertyType String; New-ItemProperty -Path $AddRemKey\\\"\\\\\\\"$KeyName -Name DisplayVersion -Value $Version -PropertyType String; New-ItemProperty -Path $AddRemKey\\\"\\\\\\\"$KeyName -Name UninstallString -Value \\\" \\\" -PropertyType String; New-ItemProperty -Path $AddRemKey\\\"\\\\\\\"$KeyName -Name Publisher -Value \\\"Gresham, Smith and Partners\\\" -PropertyType String; New-ItemProperty -Path $AddRemKey\\\"\\\\\\\"$KeyName -Name DisplayIcon -Value \\\"c:\\\\windows\\\\GSPBox_Icon.bmp\\\" -PropertyType String; $guid = [guid]::NewGuid().ToString(\\\"N\\\"); $guid.ToString(); $guid = $guid.ToUpper(); New-Item -Path $ProductsKey -Name $guid –Force; New-ItemProperty -Path $ProductsKey\\\"\\\\\\\"$guid -Name ProductName -Value $DisplayName -PropertyType String -Force; remove-psdrive -name HKCR; Remove-Variable -Name AddRemKey -Scope Local -Force; Remove-Variable -Name guid -Scope Local -Force; Remove-Variable -Name ProductsKey -Scope Local -Force; }; Function CheckADForUser ($Member){; Set-Variable -Name Computer -Scope Local -Force; Set-Variable -Name Group -Scope Local -Force; Set-Variable -Name LocalGroup -Scope Local -Force; Set-Variable -Name User -Scope Local -Force; Set-Variable -Name UserNames -Scope Local -Force; Set-Variable -Name Users -Scope Local -Force; $LocalGroup = \\\"Administrators\\\"; $UserNames = @(); $Computer = $env:computername; $Group= [ADSI]\\\"WinNT://$Computer/$LocalGroup,group\\\"; $Users = @($Group.psbase.Invoke(\\\"Members\\\")); $Users | ForEach-Object {; $UserNames += $_.GetType().InvokeMember(\\\"Name\\\", 'GetProperty', $null, $_, $null); Foreach ( $User in $UserNames) {; If ($User -eq $Member) {; $Global:Results = $true; Write-Host $User; }; }; }; $UserNames.Clear(); Remove-Variable -Name Computer -Scope Local -Force; Remove-Variable -Name Group -Scope Local -Force; Remove-Variable -Name LocalGroup -Scope Local -Force; Remove-Variable -Name User -Scope Local -Force; Remove-Variable -Name UserNames -Scope Local -Force; Remove-Variable -Name Users -Scope Local -Force; }; Function AddUserToAD ($Member) {; $group = [ADSI]\\\"WinNT://./Administrators,group\\\"; $group.Add(\\\"WinNT://$Member,user\\\"); }; cls; $Member = \\\"\\\"; CheckADForUser $Member; If ($Results -eq $true) {; AddRemovePrograms $Member $Member \\\"Installed\\\"; cls; Write-Host $Member\\\" is already in the local administrators group\\\"; } else {; AddUserToAD $Member; CheckADForUser $Member; If ($Results -eq $true) {; AddRemovePrograms $Member $Member \\\"Installed\\\"; cls; Write-Host $Member\\\" has been added to the local administrators group\\\"; }; }; Remove-Variable -Name Member -Scope Local -Force; Remove-Variable -Name Results -Scope Global -Force","scriptBlockId":"cb231b4b-b046-4335-81e2-64acf1a54d06","path":"C:\\\\TA\\\\project-ta\\\\data_spliting\\\\test_set\\\\benign\\\\4088.ps1"}}},"location":"EventChannel"}
