{"timestamp":"2026-07-06T02:00:23.762+0000","rule":{"level":4,"description":"Summary event of the report's signatures.","id":"60608","firedtimes":7,"mail":false,"groups":["windows","windows_application"]},"agent":{"id":"002","name":"DESKTOP-BAC9DBQ","ip":"192.168.1.12"},"manager":{"name":"wazuh-server"},"id":"1783303223.991525","decoder":{"name":"windows_eventchannel"},"data":{"win":{"system":{"providerName":"Windows Error Reporting","eventID":"1001","version":"0","level":"4","task":"0","opcode":"0","keywords":"0x80000000000000","systemTime":"2026-07-06T02:00:45.0385805Z","eventRecordID":"6474","processID":"0","threadID":"0","channel":"Application","computer":"DESKTOP-BAC9DBQ","severityValue":"INFORMATION","message":"\"Fault bucket , type 0\r\nEvent Name: BEX64\r\nResponse: Not available\r\nCab Id: 0\r\n\r\nProblem signature:\r\nP1: powershell.exe\r\nP2: 10.0.19041.3996\r\nP3: ed60ad55\r\nP4: StackHash_bf38\r\nP5: 0.0.0.0\r\nP6: 00000000\r\nP7: PCH_9E_FROM_ntdll+0x000000000009E0F4\r\nP8: c0000005\r\nP9: 0000000000000008\r\nP10: \r\n\r\nAttached files:\r\n\\\\?\\C:\\ProgramData\\Microsoft\\Windows\\WER\\Temp\\WER3E7C.tmp.WERInternalMetadata.xml\r\n\r\nThese files may be available here:\r\n\\\\?\\C:\\ProgramData\\Microsoft\\Windows\\WER\\ReportQueue\\AppCrash_powershell.exe_88c2a861701fe995b4c34ef3e7b5e14fe3e483_fbd08ea6_296876ae-baba-4fa0-baf9-2064ec71fc4a\r\n\r\nAnalysis symbol: \r\nRechecking for solution: 0\r\nReport Id: a1d9e501-3c34-49e3-b985-c5262b1c692c\r\nReport Status: 4198\r\nHashed bucket: \r\nCab Guid: 0\""},"eventdata":{"data":"0, BEX64, Not available, 0, powershell.exe, 10.0.19041.3996, ed60ad55, StackHash_bf38, 0.0.0.0, 00000000, PCH_9E_FROM_ntdll+0x000000000009E0F4, c0000005, 0000000000000008,   \\\\\\\\?\\\\C:\\\\ProgramData\\\\Microsoft\\\\Windows\\\\WER\\\\Temp\\\\WER3E7C.tmp.WERInternalMetadata.xml, \\\\\\\\?\\\\C:\\\\ProgramData\\\\Microsoft\\\\Windows\\\\WER\\\\ReportQueue\\\\AppCrash_powershell.exe_88c2a861701fe995b4c34ef3e7b5e14fe3e483_fbd08ea6_296876ae-baba-4fa0-baf9-2064ec71fc4a, 0, a1d9e501-3c34-49e3-b985-c5262b1c692c, 4198, 0"}}},"location":"EventChannel"}
{"timestamp":"2026-07-06T02:00:23.855+0000","rule":{"level":4,"description":"Summary event of the report's signatures.","id":"60608","firedtimes":8,"mail":false,"groups":["windows","windows_application"]},"agent":{"id":"002","name":"DESKTOP-BAC9DBQ","ip":"192.168.1.12"},"manager":{"name":"wazuh-server"},"id":"1783303223.995123","decoder":{"name":"windows_eventchannel"},"data":{"win":{"system":{"providerName":"Windows Error Reporting","eventID":"1001","version":"0","level":"4","task":"0","opcode":"0","keywords":"0x80000000000000","systemTime":"2026-07-06T02:00:45.1323227Z","eventRecordID":"6475","processID":"0","threadID":"0","channel":"Application","computer":"DESKTOP-BAC9DBQ","severityValue":"INFORMATION","message":"\"Fault bucket , type 0\r\nEvent Name: BEX64\r\nResponse: Not available\r\nCab Id: 0\r\n\r\nProblem signature:\r\nP1: powershell.exe\r\nP2: 10.0.19041.3996\r\nP3: ed60ad55\r\nP4: StackHash_bf38\r\nP5: 0.0.0.0\r\nP6: 00000000\r\nP7: PCH_9E_FROM_ntdll+0x000000000009E0F4\r\nP8: c0000005\r\nP9: 0000000000000008\r\nP10: \r\n\r\nAttached files:\r\n\\\\?\\C:\\ProgramData\\Microsoft\\Windows\\WER\\Temp\\WER3EDA.tmp.WERInternalMetadata.xml\r\n\r\nThese files may be available here:\r\n\\\\?\\C:\\ProgramData\\Microsoft\\Windows\\WER\\ReportQueue\\AppCrash_powershell.exe_88c2a861701fe995b4c34ef3e7b5e14fe3e483_fbd08ea6_73a99955-1164-431a-9d1a-4534b9896225\r\n\r\nAnalysis symbol: \r\nRechecking for solution: 0\r\nReport Id: f5bc2789-6286-4f0f-bd66-ac3fd551869f\r\nReport Status: 4198\r\nHashed bucket: \r\nCab Guid: 0\""},"eventdata":{"data":"0, BEX64, Not available, 0, powershell.exe, 10.0.19041.3996, ed60ad55, StackHash_bf38, 0.0.0.0, 00000000, PCH_9E_FROM_ntdll+0x000000000009E0F4, c0000005, 0000000000000008,   \\\\\\\\?\\\\C:\\\\ProgramData\\\\Microsoft\\\\Windows\\\\WER\\\\Temp\\\\WER3EDA.tmp.WERInternalMetadata.xml, \\\\\\\\?\\\\C:\\\\ProgramData\\\\Microsoft\\\\Windows\\\\WER\\\\ReportQueue\\\\AppCrash_powershell.exe_88c2a861701fe995b4c34ef3e7b5e14fe3e483_fbd08ea6_73a99955-1164-431a-9d1a-4534b9896225, 0, f5bc2789-6286-4f0f-bd66-ac3fd551869f, 4198, 0"}}},"location":"EventChannel"}
{"timestamp":"2026-07-06T02:00:23.939+0000","rule":{"level":4,"description":"Summary event of the report's signatures.","id":"60608","firedtimes":9,"mail":false,"groups":["windows","windows_application"]},"agent":{"id":"002","name":"DESKTOP-BAC9DBQ","ip":"192.168.1.12"},"manager":{"name":"wazuh-server"},"id":"1783303223.998721","decoder":{"name":"windows_eventchannel"},"data":{"win":{"system":{"providerName":"Windows Error Reporting","eventID":"1001","version":"0","level":"4","task":"0","opcode":"0","keywords":"0x80000000000000","systemTime":"2026-07-06T02:00:45.2107651Z","eventRecordID":"6476","processID":"0","threadID":"0","channel":"Application","computer":"DESKTOP-BAC9DBQ","severityValue":"INFORMATION","message":"\"Fault bucket , type 0\r\nEvent Name: BEX64\r\nResponse: Not available\r\nCab Id: 0\r\n\r\nProblem signature:\r\nP1: powershell.exe\r\nP2: 10.0.19041.3996\r\nP3: ed60ad55\r\nP4: StackHash_bf38\r\nP5: 0.0.0.0\r\nP6: 00000000\r\nP7: PCH_9E_FROM_ntdll+0x000000000009E0F4\r\nP8: c0000005\r\nP9: 0000000000000008\r\nP10: \r\n\r\nAttached files:\r\n\\\\?\\C:\\ProgramData\\Microsoft\\Windows\\WER\\Temp\\WER3F39.tmp.WERInternalMetadata.xml\r\n\r\nThese files may be available here:\r\n\\\\?\\C:\\ProgramData\\Microsoft\\Windows\\WER\\ReportQueue\\AppCrash_powershell.exe_88c2a861701fe995b4c34ef3e7b5e14fe3e483_fbd08ea6_4c2445f6-a8eb-468e-a818-79712a946aaf\r\n\r\nAnalysis symbol: \r\nRechecking for solution: 0\r\nReport Id: b86a06bc-a6e5-435a-8ef8-469aaff30df1\r\nReport Status: 4198\r\nHashed bucket: \r\nCab Guid: 0\""},"eventdata":{"data":"0, BEX64, Not available, 0, powershell.exe, 10.0.19041.3996, ed60ad55, StackHash_bf38, 0.0.0.0, 00000000, PCH_9E_FROM_ntdll+0x000000000009E0F4, c0000005, 0000000000000008,   \\\\\\\\?\\\\C:\\\\ProgramData\\\\Microsoft\\\\Windows\\\\WER\\\\Temp\\\\WER3F39.tmp.WERInternalMetadata.xml, \\\\\\\\?\\\\C:\\\\ProgramData\\\\Microsoft\\\\Windows\\\\WER\\\\ReportQueue\\\\AppCrash_powershell.exe_88c2a861701fe995b4c34ef3e7b5e14fe3e483_fbd08ea6_4c2445f6-a8eb-468e-a818-79712a946aaf, 0, b86a06bc-a6e5-435a-8ef8-469aaff30df1, 4198, 0"}}},"location":"EventChannel"}
{"timestamp":"2026-07-06T02:00:24.019+0000","rule":{"level":4,"description":"Summary event of the report's signatures.","id":"60608","firedtimes":10,"mail":false,"groups":["windows","windows_application"]},"agent":{"id":"002","name":"DESKTOP-BAC9DBQ","ip":"192.168.1.12"},"manager":{"name":"wazuh-server"},"id":"1783303224.1002319","decoder":{"name":"windows_eventchannel"},"data":{"win":{"system":{"providerName":"Windows Error Reporting","eventID":"1001","version":"0","level":"4","task":"0","opcode":"0","keywords":"0x80000000000000","systemTime":"2026-07-06T02:00:45.2896793Z","eventRecordID":"6477","processID":"0","threadID":"0","channel":"Application","computer":"DESKTOP-BAC9DBQ","severityValue":"INFORMATION","message":"\"Fault bucket , type 0\r\nEvent Name: BEX64\r\nResponse: Not available\r\nCab Id: 0\r\n\r\nProblem signature:\r\nP1: powershell.exe\r\nP2: 10.0.19041.3996\r\nP3: ed60ad55\r\nP4: StackHash_bf38\r\nP5: 0.0.0.0\r\nP6: 00000000\r\nP7: PCH_9E_FROM_ntdll+0x000000000009E0F4\r\nP8: c0000005\r\nP9: 0000000000000008\r\nP10: \r\n\r\nAttached files:\r\n\\\\?\\C:\\ProgramData\\Microsoft\\Windows\\WER\\Temp\\WER3F98.tmp.WERInternalMetadata.xml\r\n\r\nThese files may be available here:\r\n\\\\?\\C:\\ProgramData\\Microsoft\\Windows\\WER\\ReportQueue\\AppCrash_powershell.exe_88c2a861701fe995b4c34ef3e7b5e14fe3e483_fbd08ea6_dbf4277f-3b93-4d81-a17d-ba223bfa10eb\r\n\r\nAnalysis symbol: \r\nRechecking for solution: 0\r\nReport Id: 7e7a0028-92b6-425b-8f4f-081e225c6adb\r\nReport Status: 4198\r\nHashed bucket: \r\nCab Guid: 0\""},"eventdata":{"data":"0, BEX64, Not available, 0, powershell.exe, 10.0.19041.3996, ed60ad55, StackHash_bf38, 0.0.0.0, 00000000, PCH_9E_FROM_ntdll+0x000000000009E0F4, c0000005, 0000000000000008,   \\\\\\\\?\\\\C:\\\\ProgramData\\\\Microsoft\\\\Windows\\\\WER\\\\Temp\\\\WER3F98.tmp.WERInternalMetadata.xml, \\\\\\\\?\\\\C:\\\\ProgramData\\\\Microsoft\\\\Windows\\\\WER\\\\ReportQueue\\\\AppCrash_powershell.exe_88c2a861701fe995b4c34ef3e7b5e14fe3e483_fbd08ea6_dbf4277f-3b93-4d81-a17d-ba223bfa10eb, 0, 7e7a0028-92b6-425b-8f4f-081e225c6adb, 4198, 0"}}},"location":"EventChannel"}
{"timestamp":"2026-07-06T02:00:24.218+0000","rule":{"level":4,"description":"Summary event of the report's signatures.","id":"60608","firedtimes":11,"mail":false,"groups":["windows","windows_application"]},"agent":{"id":"002","name":"DESKTOP-BAC9DBQ","ip":"192.168.1.12"},"manager":{"name":"wazuh-server"},"id":"1783303224.1005918","decoder":{"name":"windows_eventchannel"},"data":{"win":{"system":{"providerName":"Windows Error Reporting","eventID":"1001","version":"0","level":"4","task":"0","opcode":"0","keywords":"0x80000000000000","systemTime":"2026-07-06T02:00:45.5008966Z","eventRecordID":"6478","processID":"0","threadID":"0","channel":"Application","computer":"DESKTOP-BAC9DBQ","severityValue":"INFORMATION","message":"\"Fault bucket , type 0\r\nEvent Name: BEX64\r\nResponse: Not available\r\nCab Id: 0\r\n\r\nProblem signature:\r\nP1: powershell.exe\r\nP2: 10.0.19041.3996\r\nP3: ed60ad55\r\nP4: StackHash_bf38\r\nP5: 0.0.0.0\r\nP6: 00000000\r\nP7: PCH_9E_FROM_ntdll+0x000000000009E0F4\r\nP8: c0000005\r\nP9: 0000000000000008\r\nP10: \r\n\r\nAttached files:\r\n\\\\?\\C:\\ProgramData\\Microsoft\\Windows\\WER\\Temp\\WER412F.tmp.WERInternalMetadata.xml\r\n\r\nThese files may be available here:\r\n\\\\?\\C:\\ProgramData\\Microsoft\\Windows\\WER\\ReportQueue\\AppCrash_powershell.exe_88c2a861701fe995b4c34ef3e7b5e14fe3e483_fbd08ea6_30425dbd-fb01-4357-802a-fbd5527cf7b6\r\n\r\nAnalysis symbol: \r\nRechecking for solution: 0\r\nReport Id: bea5c612-a8a4-4f07-9e25-df907aa9a8da\r\nReport Status: 4198\r\nHashed bucket: \r\nCab Guid: 0\""},"eventdata":{"data":"0, BEX64, Not available, 0, powershell.exe, 10.0.19041.3996, ed60ad55, StackHash_bf38, 0.0.0.0, 00000000, PCH_9E_FROM_ntdll+0x000000000009E0F4, c0000005, 0000000000000008,   \\\\\\\\?\\\\C:\\\\ProgramData\\\\Microsoft\\\\Windows\\\\WER\\\\Temp\\\\WER412F.tmp.WERInternalMetadata.xml, \\\\\\\\?\\\\C:\\\\ProgramData\\\\Microsoft\\\\Windows\\\\WER\\\\ReportQueue\\\\AppCrash_powershell.exe_88c2a861701fe995b4c34ef3e7b5e14fe3e483_fbd08ea6_30425dbd-fb01-4357-802a-fbd5527cf7b6, 0, bea5c612-a8a4-4f07-9e25-df907aa9a8da, 4198, 0"}}},"location":"EventChannel"}
{"timestamp":"2026-07-06T02:00:24.840+0000","rule":{"level":4,"description":"Summary event of the report's signatures.","id":"60608","firedtimes":12,"mail":false,"groups":["windows","windows_application"]},"agent":{"id":"002","name":"DESKTOP-BAC9DBQ","ip":"192.168.1.12"},"manager":{"name":"wazuh-server"},"id":"1783303224.1009517","decoder":{"name":"windows_eventchannel"},"data":{"win":{"system":{"providerName":"Windows Error Reporting","eventID":"1001","version":"0","level":"4","task":"0","opcode":"0","keywords":"0x80000000000000","systemTime":"2026-07-06T02:00:46.1193158Z","eventRecordID":"6479","processID":"0","threadID":"0","channel":"Application","computer":"DESKTOP-BAC9DBQ","severityValue":"INFORMATION","message":"\"Fault bucket , type 0\r\nEvent Name: BEX64\r\nResponse: Not available\r\nCab Id: 0\r\n\r\nProblem signature:\r\nP1: powershell.exe\r\nP2: 10.0.19041.3996\r\nP3: ed60ad55\r\nP4: StackHash_bf38\r\nP5: 0.0.0.0\r\nP6: 00000000\r\nP7: PCH_9E_FROM_ntdll+0x000000000009E0F4\r\nP8: c0000005\r\nP9: 0000000000000008\r\nP10: \r\n\r\nAttached files:\r\n\\\\?\\C:\\ProgramData\\Microsoft\\Windows\\WER\\Temp\\WER41FB.tmp.WERInternalMetadata.xml\r\n\r\nThese files may be available here:\r\n\\\\?\\C:\\ProgramData\\Microsoft\\Windows\\WER\\ReportQueue\\AppCrash_powershell.exe_88c2a861701fe995b4c34ef3e7b5e14fe3e483_fbd08ea6_f3b50ca2-942e-4cbf-b780-d249abc950dd\r\n\r\nAnalysis symbol: \r\nRechecking for solution: 0\r\nReport Id: 47b30dcc-014c-4680-b717-5597877e6513\r\nReport Status: 4198\r\nHashed bucket: \r\nCab Guid: 0\""},"eventdata":{"data":"0, BEX64, Not available, 0, powershell.exe, 10.0.19041.3996, ed60ad55, StackHash_bf38, 0.0.0.0, 00000000, PCH_9E_FROM_ntdll+0x000000000009E0F4, c0000005, 0000000000000008,   \\\\\\\\?\\\\C:\\\\ProgramData\\\\Microsoft\\\\Windows\\\\WER\\\\Temp\\\\WER41FB.tmp.WERInternalMetadata.xml, \\\\\\\\?\\\\C:\\\\ProgramData\\\\Microsoft\\\\Windows\\\\WER\\\\ReportQueue\\\\AppCrash_powershell.exe_88c2a861701fe995b4c34ef3e7b5e14fe3e483_fbd08ea6_f3b50ca2-942e-4cbf-b780-d249abc950dd, 0, 47b30dcc-014c-4680-b717-5597877e6513, 4198, 0"}}},"location":"EventChannel"}
{"timestamp":"2026-07-06T02:00:24.933+0000","rule":{"level":4,"description":"Summary event of the report's signatures.","id":"60608","firedtimes":13,"mail":false,"groups":["windows","windows_application"]},"agent":{"id":"002","name":"DESKTOP-BAC9DBQ","ip":"192.168.1.12"},"manager":{"name":"wazuh-server"},"id":"1783303224.1013116","decoder":{"name":"windows_eventchannel"},"data":{"win":{"system":{"providerName":"Windows Error Reporting","eventID":"1001","version":"0","level":"4","task":"0","opcode":"0","keywords":"0x80000000000000","systemTime":"2026-07-06T02:00:46.2157259Z","eventRecordID":"6480","processID":"0","threadID":"0","channel":"Application","computer":"DESKTOP-BAC9DBQ","severityValue":"INFORMATION","message":"\"Fault bucket , type 0\r\nEvent Name: BEX64\r\nResponse: Not available\r\nCab Id: 0\r\n\r\nProblem signature:\r\nP1: powershell.exe\r\nP2: 10.0.19041.3996\r\nP3: ed60ad55\r\nP4: StackHash_bf38\r\nP5: 0.0.0.0\r\nP6: 00000000\r\nP7: PCH_9E_FROM_ntdll+0x000000000009E0F4\r\nP8: c0000005\r\nP9: 0000000000000008\r\nP10: \r\n\r\nAttached files:\r\n\\\\?\\C:\\ProgramData\\Microsoft\\Windows\\WER\\Temp\\WER43D1.tmp.WERInternalMetadata.xml\r\n\r\nThese files may be available here:\r\n\\\\?\\C:\\ProgramData\\Microsoft\\Windows\\WER\\ReportQueue\\AppCrash_powershell.exe_88c2a861701fe995b4c34ef3e7b5e14fe3e483_fbd08ea6_5196b8ae-dead-405f-a1aa-e6c50d44524b\r\n\r\nAnalysis symbol: \r\nRechecking for solution: 0\r\nReport Id: 91b2a858-2634-4208-89f2-813882719d46\r\nReport Status: 4198\r\nHashed bucket: \r\nCab Guid: 0\""},"eventdata":{"data":"0, BEX64, Not available, 0, powershell.exe, 10.0.19041.3996, ed60ad55, StackHash_bf38, 0.0.0.0, 00000000, PCH_9E_FROM_ntdll+0x000000000009E0F4, c0000005, 0000000000000008,   \\\\\\\\?\\\\C:\\\\ProgramData\\\\Microsoft\\\\Windows\\\\WER\\\\Temp\\\\WER43D1.tmp.WERInternalMetadata.xml, \\\\\\\\?\\\\C:\\\\ProgramData\\\\Microsoft\\\\Windows\\\\WER\\\\ReportQueue\\\\AppCrash_powershell.exe_88c2a861701fe995b4c34ef3e7b5e14fe3e483_fbd08ea6_5196b8ae-dead-405f-a1aa-e6c50d44524b, 0, 91b2a858-2634-4208-89f2-813882719d46, 4198, 0"}}},"location":"EventChannel"}
{"timestamp":"2026-07-06T02:00:25.018+0000","rule":{"level":4,"description":"Summary event of the report's signatures.","id":"60608","firedtimes":14,"mail":false,"groups":["windows","windows_application"]},"agent":{"id":"002","name":"DESKTOP-BAC9DBQ","ip":"192.168.1.12"},"manager":{"name":"wazuh-server"},"id":"1783303225.1016715","decoder":{"name":"windows_eventchannel"},"data":{"win":{"system":{"providerName":"Windows Error Reporting","eventID":"1001","version":"0","level":"4","task":"0","opcode":"0","keywords":"0x80000000000000","systemTime":"2026-07-06T02:00:46.3007604Z","eventRecordID":"6481","processID":"0","threadID":"0","channel":"Application","computer":"DESKTOP-BAC9DBQ","severityValue":"INFORMATION","message":"\"Fault bucket , type 0\r\nEvent Name: BEX64\r\nResponse: Not available\r\nCab Id: 0\r\n\r\nProblem signature:\r\nP1: powershell.exe\r\nP2: 10.0.19041.3996\r\nP3: ed60ad55\r\nP4: StackHash_bf38\r\nP5: 0.0.0.0\r\nP6: 00000000\r\nP7: PCH_9E_FROM_ntdll+0x000000000009E0F4\r\nP8: c0000005\r\nP9: 0000000000000008\r\nP10: \r\n\r\nAttached files:\r\n\\\\?\\C:\\ProgramData\\Microsoft\\Windows\\WER\\Temp\\WER4410.tmp.WERInternalMetadata.xml\r\n\r\nThese files may be available here:\r\n\\\\?\\C:\\ProgramData\\Microsoft\\Windows\\WER\\ReportQueue\\AppCrash_powershell.exe_88c2a861701fe995b4c34ef3e7b5e14fe3e483_fbd08ea6_03a3aa83-97f8-4614-90b1-3d18b6262725\r\n\r\nAnalysis symbol: \r\nRechecking for solution: 0\r\nReport Id: dea68c35-dddf-44a6-a484-eaae55cf5411\r\nReport Status: 4198\r\nHashed bucket: \r\nCab Guid: 0\""},"eventdata":{"data":"0, BEX64, Not available, 0, powershell.exe, 10.0.19041.3996, ed60ad55, StackHash_bf38, 0.0.0.0, 00000000, PCH_9E_FROM_ntdll+0x000000000009E0F4, c0000005, 0000000000000008,   \\\\\\\\?\\\\C:\\\\ProgramData\\\\Microsoft\\\\Windows\\\\WER\\\\Temp\\\\WER4410.tmp.WERInternalMetadata.xml, \\\\\\\\?\\\\C:\\\\ProgramData\\\\Microsoft\\\\Windows\\\\WER\\\\ReportQueue\\\\AppCrash_powershell.exe_88c2a861701fe995b4c34ef3e7b5e14fe3e483_fbd08ea6_03a3aa83-97f8-4614-90b1-3d18b6262725, 0, dea68c35-dddf-44a6-a484-eaae55cf5411, 4198, 0"}}},"location":"EventChannel"}
{"timestamp":"2026-07-06T02:00:25.110+0000","rule":{"level":4,"description":"Summary event of the report's signatures.","id":"60608","firedtimes":15,"mail":false,"groups":["windows","windows_application"]},"agent":{"id":"002","name":"DESKTOP-BAC9DBQ","ip":"192.168.1.12"},"manager":{"name":"wazuh-server"},"id":"1783303225.1020314","decoder":{"name":"windows_eventchannel"},"data":{"win":{"system":{"providerName":"Windows Error Reporting","eventID":"1001","version":"0","level":"4","task":"0","opcode":"0","keywords":"0x80000000000000","systemTime":"2026-07-06T02:00:46.3912345Z","eventRecordID":"6482","processID":"0","threadID":"0","channel":"Application","computer":"DESKTOP-BAC9DBQ","severityValue":"INFORMATION","message":"\"Fault bucket , type 0\r\nEvent Name: BEX64\r\nResponse: Not available\r\nCab Id: 0\r\n\r\nProblem signature:\r\nP1: powershell.exe\r\nP2: 10.0.19041.3996\r\nP3: ed60ad55\r\nP4: StackHash_bf38\r\nP5: 0.0.0.0\r\nP6: 00000000\r\nP7: PCH_9E_FROM_ntdll+0x000000000009E0F4\r\nP8: c0000005\r\nP9: 0000000000000008\r\nP10: \r\n\r\nAttached files:\r\n\\\\?\\C:\\ProgramData\\Microsoft\\Windows\\WER\\Temp\\WER447F.tmp.WERInternalMetadata.xml\r\n\r\nThese files may be available here:\r\n\\\\?\\C:\\ProgramData\\Microsoft\\Windows\\WER\\ReportQueue\\AppCrash_powershell.exe_88c2a861701fe995b4c34ef3e7b5e14fe3e483_fbd08ea6_7ab444c3-e01b-4113-855f-fd4bccfdd1b8\r\n\r\nAnalysis symbol: \r\nRechecking for solution: 0\r\nReport Id: 4a440299-d95d-44db-bfba-3eaccddcf41e\r\nReport Status: 4198\r\nHashed bucket: \r\nCab Guid: 0\""},"eventdata":{"data":"0, BEX64, Not available, 0, powershell.exe, 10.0.19041.3996, ed60ad55, StackHash_bf38, 0.0.0.0, 00000000, PCH_9E_FROM_ntdll+0x000000000009E0F4, c0000005, 0000000000000008,   \\\\\\\\?\\\\C:\\\\ProgramData\\\\Microsoft\\\\Windows\\\\WER\\\\Temp\\\\WER447F.tmp.WERInternalMetadata.xml, \\\\\\\\?\\\\C:\\\\ProgramData\\\\Microsoft\\\\Windows\\\\WER\\\\ReportQueue\\\\AppCrash_powershell.exe_88c2a861701fe995b4c34ef3e7b5e14fe3e483_fbd08ea6_7ab444c3-e01b-4113-855f-fd4bccfdd1b8, 0, 4a440299-d95d-44db-bfba-3eaccddcf41e, 4198, 0"}}},"location":"EventChannel"}
{"timestamp":"2026-07-06T02:00:25.214+0000","rule":{"level":4,"description":"Summary event of the report's signatures.","id":"60608","firedtimes":16,"mail":false,"groups":["windows","windows_application"]},"agent":{"id":"002","name":"DESKTOP-BAC9DBQ","ip":"192.168.1.12"},"manager":{"name":"wazuh-server"},"id":"1783303225.1023913","decoder":{"name":"windows_eventchannel"},"data":{"win":{"system":{"providerName":"Windows Error Reporting","eventID":"1001","version":"0","level":"4","task":"0","opcode":"0","keywords":"0x80000000000000","systemTime":"2026-07-06T02:00:46.4907145Z","eventRecordID":"6483","processID":"0","threadID":"0","channel":"Application","computer":"DESKTOP-BAC9DBQ","severityValue":"INFORMATION","message":"\"Fault bucket , type 0\r\nEvent Name: APPCRASH\r\nResponse: Not available\r\nCab Id: 0\r\n\r\nProblem signature:\r\nP1: dwm.exe\r\nP2: 10.0.19041.4355\r\nP3: 6564cf4e\r\nP4: StackHash_0a8b\r\nP5: 0.0.0.0\r\nP6: 00000000\r\nP7: e0464645\r\nP8: PCH_FA_FROM_ntdll+0x00000000000A1ECF\r\nP9: \r\nP10: \r\n\r\nAttached files:\r\n\\\\?\\C:\\ProgramData\\Microsoft\\Windows\\WER\\Temp\\WER44FD.tmp.WERInternalMetadata.xml\r\n\r\nThese files may be available here:\r\n\\\\?\\C:\\ProgramData\\Microsoft\\Windows\\WER\\ReportQueue\\AppCrash_dwm.exe_d977a5c77c8dfc11764fa9565b89267f2973f62_fed57774_d9adf5af-3a49-484d-966e-e02cb1632f14\r\n\r\nAnalysis symbol: \r\nRechecking for solution: 0\r\nReport Id: c3733cac-e983-4243-b4af-3e6930d2d358\r\nReport Status: 4198\r\nHashed bucket: \r\nCab Guid: 0\""},"eventdata":{"data":"0, APPCRASH, Not available, 0, dwm.exe, 10.0.19041.4355, 6564cf4e, StackHash_0a8b, 0.0.0.0, 00000000, e0464645, PCH_FA_FROM_ntdll+0x00000000000A1ECF,   \\\\\\\\?\\\\C:\\\\ProgramData\\\\Microsoft\\\\Windows\\\\WER\\\\Temp\\\\WER44FD.tmp.WERInternalMetadata.xml, \\\\\\\\?\\\\C:\\\\ProgramData\\\\Microsoft\\\\Windows\\\\WER\\\\ReportQueue\\\\AppCrash_dwm.exe_d977a5c77c8dfc11764fa9565b89267f2973f62_fed57774_d9adf5af-3a49-484d-966e-e02cb1632f14, 0, c3733cac-e983-4243-b4af-3e6930d2d358, 4198, 0"}}},"location":"EventChannel"}
{"timestamp":"2026-07-06T02:00:25.302+0000","rule":{"level":4,"description":"Summary event of the report's signatures.","id":"60608","firedtimes":17,"mail":false,"groups":["windows","windows_application"]},"agent":{"id":"002","name":"DESKTOP-BAC9DBQ","ip":"192.168.1.12"},"manager":{"name":"wazuh-server"},"id":"1783303225.1027404","decoder":{"name":"windows_eventchannel"},"data":{"win":{"system":{"providerName":"Windows Error Reporting","eventID":"1001","version":"0","level":"4","task":"0","opcode":"0","keywords":"0x80000000000000","systemTime":"2026-07-06T02:00:46.5836669Z","eventRecordID":"6484","processID":"0","threadID":"0","channel":"Application","computer":"DESKTOP-BAC9DBQ","severityValue":"INFORMATION","message":"\"Fault bucket , type 0\r\nEvent Name: BEX64\r\nResponse: Not available\r\nCab Id: 0\r\n\r\nProblem signature:\r\nP1: powershell.exe\r\nP2: 10.0.19041.3996\r\nP3: ed60ad55\r\nP4: StackHash_bf38\r\nP5: 0.0.0.0\r\nP6: 00000000\r\nP7: PCH_9E_FROM_ntdll+0x000000000009E0F4\r\nP8: c0000005\r\nP9: 0000000000000008\r\nP10: \r\n\r\nAttached files:\r\n\\\\?\\C:\\ProgramData\\Microsoft\\Windows\\WER\\Temp\\WER457B.tmp.WERInternalMetadata.xml\r\n\r\nThese files may be available here:\r\n\\\\?\\C:\\ProgramData\\Microsoft\\Windows\\WER\\ReportQueue\\AppCrash_powershell.exe_88c2a861701fe995b4c34ef3e7b5e14fe3e483_fbd08ea6_40d8efcb-5355-4f76-b1f0-08ead01573e2\r\n\r\nAnalysis symbol: \r\nRechecking for solution: 0\r\nReport Id: c35acf40-d039-48b9-95c6-09cb8a4d31d7\r\nReport Status: 4198\r\nHashed bucket: \r\nCab Guid: 0\""},"eventdata":{"data":"0, BEX64, Not available, 0, powershell.exe, 10.0.19041.3996, ed60ad55, StackHash_bf38, 0.0.0.0, 00000000, PCH_9E_FROM_ntdll+0x000000000009E0F4, c0000005, 0000000000000008,   \\\\\\\\?\\\\C:\\\\ProgramData\\\\Microsoft\\\\Windows\\\\WER\\\\Temp\\\\WER457B.tmp.WERInternalMetadata.xml, \\\\\\\\?\\\\C:\\\\ProgramData\\\\Microsoft\\\\Windows\\\\WER\\\\ReportQueue\\\\AppCrash_powershell.exe_88c2a861701fe995b4c34ef3e7b5e14fe3e483_fbd08ea6_40d8efcb-5355-4f76-b1f0-08ead01573e2, 0, c35acf40-d039-48b9-95c6-09cb8a4d31d7, 4198, 0"}}},"location":"EventChannel"}
{"timestamp":"2026-07-06T02:00:25.944+0000","rule":{"level":4,"description":"Summary event of the report's signatures.","id":"60608","firedtimes":18,"mail":false,"groups":["windows","windows_application"]},"agent":{"id":"002","name":"DESKTOP-BAC9DBQ","ip":"192.168.1.12"},"manager":{"name":"wazuh-server"},"id":"1783303225.1031003","decoder":{"name":"windows_eventchannel"},"data":{"win":{"system":{"providerName":"Windows Error Reporting","eventID":"1001","version":"0","level":"4","task":"0","opcode":"0","keywords":"0x80000000000000","systemTime":"2026-07-06T02:00:47.2253877Z","eventRecordID":"6485","processID":"0","threadID":"0","channel":"Application","computer":"DESKTOP-BAC9DBQ","severityValue":"INFORMATION","message":"\"Fault bucket , type 0\r\nEvent Name: BEX64\r\nResponse: Not available\r\nCab Id: 0\r\n\r\nProblem signature:\r\nP1: powershell.exe\r\nP2: 10.0.19041.3996\r\nP3: ed60ad55\r\nP4: StackHash_bf38\r\nP5: 0.0.0.0\r\nP6: 00000000\r\nP7: PCH_9E_FROM_ntdll+0x000000000009E0F4\r\nP8: c0000005\r\nP9: 0000000000000008\r\nP10: \r\n\r\nAttached files:\r\n\\\\?\\C:\\ProgramData\\Microsoft\\Windows\\WER\\Temp\\WER45E9.tmp.WERInternalMetadata.xml\r\n\r\nThese files may be available here:\r\n\\\\?\\C:\\ProgramData\\Microsoft\\Windows\\WER\\ReportQueue\\AppCrash_powershell.exe_88c2a861701fe995b4c34ef3e7b5e14fe3e483_fbd08ea6_b9ac8345-66bc-4940-831e-3a522ef0cdf4\r\n\r\nAnalysis symbol: \r\nRechecking for solution: 0\r\nReport Id: e0255778-e2a9-41e1-834b-7d2452c90b13\r\nReport Status: 4196\r\nHashed bucket: \r\nCab Guid: 0\""},"eventdata":{"data":"0, BEX64, Not available, 0, powershell.exe, 10.0.19041.3996, ed60ad55, StackHash_bf38, 0.0.0.0, 00000000, PCH_9E_FROM_ntdll+0x000000000009E0F4, c0000005, 0000000000000008,   \\\\\\\\?\\\\C:\\\\ProgramData\\\\Microsoft\\\\Windows\\\\WER\\\\Temp\\\\WER45E9.tmp.WERInternalMetadata.xml, \\\\\\\\?\\\\C:\\\\ProgramData\\\\Microsoft\\\\Windows\\\\WER\\\\ReportQueue\\\\AppCrash_powershell.exe_88c2a861701fe995b4c34ef3e7b5e14fe3e483_fbd08ea6_b9ac8345-66bc-4940-831e-3a522ef0cdf4, 0, e0255778-e2a9-41e1-834b-7d2452c90b13, 4196, 0"}}},"location":"EventChannel"}
{"timestamp":"2026-07-06T02:00:26.049+0000","rule":{"level":4,"description":"Summary event of the report's signatures.","id":"60608","firedtimes":19,"mail":false,"groups":["windows","windows_application"]},"agent":{"id":"002","name":"DESKTOP-BAC9DBQ","ip":"192.168.1.12"},"manager":{"name":"wazuh-server"},"id":"1783303226.1034602","decoder":{"name":"windows_eventchannel"},"data":{"win":{"system":{"providerName":"Windows Error Reporting","eventID":"1001","version":"0","level":"4","task":"0","opcode":"0","keywords":"0x80000000000000","systemTime":"2026-07-06T02:00:47.3308498Z","eventRecordID":"6486","processID":"0","threadID":"0","channel":"Application","computer":"DESKTOP-BAC9DBQ","severityValue":"INFORMATION","message":"\"Fault bucket , type 0\r\nEvent Name: BEX64\r\nResponse: Not available\r\nCab Id: 0\r\n\r\nProblem signature:\r\nP1: powershell.exe\r\nP2: 10.0.19041.3996\r\nP3: ed60ad55\r\nP4: StackHash_bf38\r\nP5: 0.0.0.0\r\nP6: 00000000\r\nP7: PCH_9E_FROM_ntdll+0x000000000009E0F4\r\nP8: c0000005\r\nP9: 0000000000000008\r\nP10: \r\n\r\nAttached files:\r\n\\\\?\\C:\\ProgramData\\Microsoft\\Windows\\WER\\Temp\\WER4667.tmp.WERInternalMetadata.xml\r\n\r\nThese files may be available here:\r\n\\\\?\\C:\\ProgramData\\Microsoft\\Windows\\WER\\ReportQueue\\AppCrash_powershell.exe_88c2a861701fe995b4c34ef3e7b5e14fe3e483_fbd08ea6_54ea726f-3811-4037-8653-ec808cb03355\r\n\r\nAnalysis symbol: \r\nRechecking for solution: 0\r\nReport Id: 3d8e6845-35c3-4122-9704-60d34ddf86c8\r\nReport Status: 4196\r\nHashed bucket: \r\nCab Guid: 0\""},"eventdata":{"data":"0, BEX64, Not available, 0, powershell.exe, 10.0.19041.3996, ed60ad55, StackHash_bf38, 0.0.0.0, 00000000, PCH_9E_FROM_ntdll+0x000000000009E0F4, c0000005, 0000000000000008,   \\\\\\\\?\\\\C:\\\\ProgramData\\\\Microsoft\\\\Windows\\\\WER\\\\Temp\\\\WER4667.tmp.WERInternalMetadata.xml, \\\\\\\\?\\\\C:\\\\ProgramData\\\\Microsoft\\\\Windows\\\\WER\\\\ReportQueue\\\\AppCrash_powershell.exe_88c2a861701fe995b4c34ef3e7b5e14fe3e483_fbd08ea6_54ea726f-3811-4037-8653-ec808cb03355, 0, 3d8e6845-35c3-4122-9704-60d34ddf86c8, 4196, 0"}}},"location":"EventChannel"}
{"timestamp":"2026-07-06T02:00:26.144+0000","rule":{"level":4,"description":"Summary event of the report's signatures.","id":"60608","firedtimes":20,"mail":false,"groups":["windows","windows_application"]},"agent":{"id":"002","name":"DESKTOP-BAC9DBQ","ip":"192.168.1.12"},"manager":{"name":"wazuh-server"},"id":"1783303226.1038201","decoder":{"name":"windows_eventchannel"},"data":{"win":{"system":{"providerName":"Windows Error Reporting","eventID":"1001","version":"0","level":"4","task":"0","opcode":"0","keywords":"0x80000000000000","systemTime":"2026-07-06T02:00:47.4263995Z","eventRecordID":"6487","processID":"0","threadID":"0","channel":"Application","computer":"DESKTOP-BAC9DBQ","severityValue":"INFORMATION","message":"\"Fault bucket , type 0\r\nEvent Name: APPCRASH\r\nResponse: Not available\r\nCab Id: 0\r\n\r\nProblem signature:\r\nP1: dwm.exe\r\nP2: 10.0.19041.4355\r\nP3: 6564cf4e\r\nP4: StackHash_0a8b\r\nP5: 0.0.0.0\r\nP6: 00000000\r\nP7: e0464645\r\nP8: PCH_FA_FROM_ntdll+0x00000000000A1ECF\r\nP9: \r\nP10: \r\n\r\nAttached files:\r\n\\\\?\\C:\\ProgramData\\Microsoft\\Windows\\WER\\Temp\\WER46C6.tmp.WERInternalMetadata.xml\r\n\r\nThese files may be available here:\r\n\\\\?\\C:\\ProgramData\\Microsoft\\Windows\\WER\\ReportQueue\\AppCrash_dwm.exe_d977a5c77c8dfc11764fa9565b89267f2973f62_fed57774_048624fd-7530-46b7-867a-0fb59025414d\r\n\r\nAnalysis symbol: \r\nRechecking for solution: 0\r\nReport Id: 1377528c-a842-459f-a36d-7f8edd06845e\r\nReport Status: 4196\r\nHashed bucket: \r\nCab Guid: 0\""},"eventdata":{"data":"0, APPCRASH, Not available, 0, dwm.exe, 10.0.19041.4355, 6564cf4e, StackHash_0a8b, 0.0.0.0, 00000000, e0464645, PCH_FA_FROM_ntdll+0x00000000000A1ECF,   \\\\\\\\?\\\\C:\\\\ProgramData\\\\Microsoft\\\\Windows\\\\WER\\\\Temp\\\\WER46C6.tmp.WERInternalMetadata.xml, \\\\\\\\?\\\\C:\\\\ProgramData\\\\Microsoft\\\\Windows\\\\WER\\\\ReportQueue\\\\AppCrash_dwm.exe_d977a5c77c8dfc11764fa9565b89267f2973f62_fed57774_048624fd-7530-46b7-867a-0fb59025414d, 0, 1377528c-a842-459f-a36d-7f8edd06845e, 4196, 0"}}},"location":"EventChannel"}
{"timestamp":"2026-07-06T02:00:26.249+0000","rule":{"level":4,"description":"Summary event of the report's signatures.","id":"60608","firedtimes":21,"mail":false,"groups":["windows","windows_application"]},"agent":{"id":"002","name":"DESKTOP-BAC9DBQ","ip":"192.168.1.12"},"manager":{"name":"wazuh-server"},"id":"1783303226.1041692","decoder":{"name":"windows_eventchannel"},"data":{"win":{"system":{"providerName":"Windows Error Reporting","eventID":"1001","version":"0","level":"4","task":"0","opcode":"0","keywords":"0x80000000000000","systemTime":"2026-07-06T02:00:47.5293279Z","eventRecordID":"6488","processID":"0","threadID":"0","channel":"Application","computer":"DESKTOP-BAC9DBQ","severityValue":"INFORMATION","message":"\"Fault bucket , type 0\r\nEvent Name: PowerShell\r\nResponse: Not available\r\nCab Id: 0\r\n\r\nProblem signature:\r\nP1: powershell.exe\r\nP2: 10.0.19041.6456\r\nP3: System.OutOfMemoryException\r\nP4: System.OutOfMemoryException\r\nP5: utomation.Interpreter.LightDelegateCreator.Compile\r\nP6: ime.CompilerServices.RuntimeHelpers._CompileMethod\r\nP7: unknown\r\nP8: \r\nP9: \r\nP10: \r\n\r\nAttached files:\r\n\\\\?\\C:\\ProgramData\\Microsoft\\Windows\\WER\\Temp\\WER4725.tmp.WERInternalMetadata.xml\r\n\r\nThese files may be available here:\r\n\\\\?\\C:\\ProgramData\\Microsoft\\Windows\\WER\\ReportQueue\\Critical_powershell.exe_cdd54913dc8767ca3b3b3b44b82c3147594a717_00000000_f4c15943-5a5a-4c84-b60b-c231678cfdf5\r\n\r\nAnalysis symbol: \r\nRechecking for solution: 0\r\nReport Id: f4c15943-5a5a-4c84-b60b-c231678cfdf5\r\nReport Status: 4196\r\nHashed bucket: \r\nCab Guid: 0\""},"eventdata":{"data":"0, PowerShell, Not available, 0, powershell.exe, 10.0.19041.6456, System.OutOfMemoryException, System.OutOfMemoryException, utomation.Interpreter.LightDelegateCreator.Compile, ime.CompilerServices.RuntimeHelpers._CompileMethod, unknown,   \\\\\\\\?\\\\C:\\\\ProgramData\\\\Microsoft\\\\Windows\\\\WER\\\\Temp\\\\WER4725.tmp.WERInternalMetadata.xml, \\\\\\\\?\\\\C:\\\\ProgramData\\\\Microsoft\\\\Windows\\\\WER\\\\ReportQueue\\\\Critical_powershell.exe_cdd54913dc8767ca3b3b3b44b82c3147594a717_00000000_f4c15943-5a5a-4c84-b60b-c231678cfdf5, 0, f4c15943-5a5a-4c84-b60b-c231678cfdf5, 4196, 0"}}},"location":"EventChannel"}
{"timestamp":"2026-07-06T02:00:26.325+0000","rule":{"level":4,"description":"Summary event of the report's signatures.","id":"60608","firedtimes":22,"mail":false,"groups":["windows","windows_application"]},"agent":{"id":"002","name":"DESKTOP-BAC9DBQ","ip":"192.168.1.12"},"manager":{"name":"wazuh-server"},"id":"1783303226.1045563","decoder":{"name":"windows_eventchannel"},"data":{"win":{"system":{"providerName":"Windows Error Reporting","eventID":"1001","version":"0","level":"4","task":"0","opcode":"0","keywords":"0x80000000000000","systemTime":"2026-07-06T02:00:47.6081400Z","eventRecordID":"6489","processID":"0","threadID":"0","channel":"Application","computer":"DESKTOP-BAC9DBQ","severityValue":"INFORMATION","message":"\"Fault bucket , type 0\r\nEvent Name: BEX64\r\nResponse: Not available\r\nCab Id: 0\r\n\r\nProblem signature:\r\nP1: powershell.exe\r\nP2: 10.0.19041.3996\r\nP3: ed60ad55\r\nP4: StackHash_bf38\r\nP5: 0.0.0.0\r\nP6: 00000000\r\nP7: PCH_9E_FROM_ntdll+0x000000000009E0F4\r\nP8: c0000005\r\nP9: 0000000000000008\r\nP10: \r\n\r\nAttached files:\r\n\\\\?\\C:\\ProgramData\\Microsoft\\Windows\\WER\\Temp\\WER4774.tmp.WERInternalMetadata.xml\r\n\r\nThese files may be available here:\r\n\\\\?\\C:\\ProgramData\\Microsoft\\Windows\\WER\\ReportQueue\\AppCrash_powershell.exe_88c2a861701fe995b4c34ef3e7b5e14fe3e483_fbd08ea6_5d458718-da2f-46f0-8318-bce59f64fea4\r\n\r\nAnalysis symbol: \r\nRechecking for solution: 0\r\nReport Id: aae027df-b0be-4ac0-9f36-4896e2fdcfb4\r\nReport Status: 4196\r\nHashed bucket: \r\nCab Guid: 0\""},"eventdata":{"data":"0, BEX64, Not available, 0, powershell.exe, 10.0.19041.3996, ed60ad55, StackHash_bf38, 0.0.0.0, 00000000, PCH_9E_FROM_ntdll+0x000000000009E0F4, c0000005, 0000000000000008,   \\\\\\\\?\\\\C:\\\\ProgramData\\\\Microsoft\\\\Windows\\\\WER\\\\Temp\\\\WER4774.tmp.WERInternalMetadata.xml, \\\\\\\\?\\\\C:\\\\ProgramData\\\\Microsoft\\\\Windows\\\\WER\\\\ReportQueue\\\\AppCrash_powershell.exe_88c2a861701fe995b4c34ef3e7b5e14fe3e483_fbd08ea6_5d458718-da2f-46f0-8318-bce59f64fea4, 0, aae027df-b0be-4ac0-9f36-4896e2fdcfb4, 4196, 0"}}},"location":"EventChannel"}
{"timestamp":"2026-07-06T02:00:26.408+0000","rule":{"level":4,"description":"Summary event of the report's signatures.","id":"60608","firedtimes":23,"mail":false,"groups":["windows","windows_application"]},"agent":{"id":"002","name":"DESKTOP-BAC9DBQ","ip":"192.168.1.12"},"manager":{"name":"wazuh-server"},"id":"1783303226.1049162","decoder":{"name":"windows_eventchannel"},"data":{"win":{"system":{"providerName":"Windows Error Reporting","eventID":"1001","version":"0","level":"4","task":"0","opcode":"0","keywords":"0x80000000000000","systemTime":"2026-07-06T02:00:47.6891971Z","eventRecordID":"6490","processID":"0","threadID":"0","channel":"Application","computer":"DESKTOP-BAC9DBQ","severityValue":"INFORMATION","message":"\"Fault bucket , type 0\r\nEvent Name: BEX64\r\nResponse: Not available\r\nCab Id: 0\r\n\r\nProblem signature:\r\nP1: powershell.exe\r\nP2: 10.0.19041.3996\r\nP3: ed60ad55\r\nP4: StackHash_bf38\r\nP5: 0.0.0.0\r\nP6: 00000000\r\nP7: PCH_9E_FROM_ntdll+0x000000000009E0F4\r\nP8: c0000005\r\nP9: 0000000000000008\r\nP10: \r\n\r\nAttached files:\r\n\\\\?\\C:\\ProgramData\\Microsoft\\Windows\\WER\\Temp\\WER47E2.tmp.WERInternalMetadata.xml\r\n\r\nThese files may be available here:\r\n\\\\?\\C:\\ProgramData\\Microsoft\\Windows\\WER\\ReportQueue\\AppCrash_powershell.exe_88c2a861701fe995b4c34ef3e7b5e14fe3e483_fbd08ea6_3dde2c58-7767-4ac1-a3ed-83a03fbadc3b\r\n\r\nAnalysis symbol: \r\nRechecking for solution: 0\r\nReport Id: 39c96463-dc66-427e-b484-c199d544d9b3\r\nReport Status: 4196\r\nHashed bucket: \r\nCab Guid: 0\""},"eventdata":{"data":"0, BEX64, Not available, 0, powershell.exe, 10.0.19041.3996, ed60ad55, StackHash_bf38, 0.0.0.0, 00000000, PCH_9E_FROM_ntdll+0x000000000009E0F4, c0000005, 0000000000000008,   \\\\\\\\?\\\\C:\\\\ProgramData\\\\Microsoft\\\\Windows\\\\WER\\\\Temp\\\\WER47E2.tmp.WERInternalMetadata.xml, \\\\\\\\?\\\\C:\\\\ProgramData\\\\Microsoft\\\\Windows\\\\WER\\\\ReportQueue\\\\AppCrash_powershell.exe_88c2a861701fe995b4c34ef3e7b5e14fe3e483_fbd08ea6_3dde2c58-7767-4ac1-a3ed-83a03fbadc3b, 0, 39c96463-dc66-427e-b484-c199d544d9b3, 4196, 0"}}},"location":"EventChannel"}
{"timestamp":"2026-07-06T02:00:26.496+0000","rule":{"level":4,"description":"Summary event of the report's signatures.","id":"60608","firedtimes":24,"mail":false,"groups":["windows","windows_application"]},"agent":{"id":"002","name":"DESKTOP-BAC9DBQ","ip":"192.168.1.12"},"manager":{"name":"wazuh-server"},"id":"1783303226.1052761","decoder":{"name":"windows_eventchannel"},"data":{"win":{"system":{"providerName":"Windows Error Reporting","eventID":"1001","version":"0","level":"4","task":"0","opcode":"0","keywords":"0x80000000000000","systemTime":"2026-07-06T02:00:47.7778386Z","eventRecordID":"6491","processID":"0","threadID":"0","channel":"Application","computer":"DESKTOP-BAC9DBQ","severityValue":"INFORMATION","message":"\"Fault bucket , type 0\r\nEvent Name: BEX64\r\nResponse: Not available\r\nCab Id: 0\r\n\r\nProblem signature:\r\nP1: powershell.exe\r\nP2: 10.0.19041.3996\r\nP3: ed60ad55\r\nP4: StackHash_bf38\r\nP5: 0.0.0.0\r\nP6: 00000000\r\nP7: PCH_9E_FROM_ntdll+0x000000000009E0F4\r\nP8: c0000005\r\nP9: 0000000000000008\r\nP10: \r\n\r\nAttached files:\r\n\\\\?\\C:\\ProgramData\\Microsoft\\Windows\\WER\\Temp\\WER4822.tmp.WERInternalMetadata.xml\r\n\r\nThese files may be available here:\r\n\\\\?\\C:\\ProgramData\\Microsoft\\Windows\\WER\\ReportQueue\\AppCrash_powershell.exe_88c2a861701fe995b4c34ef3e7b5e14fe3e483_fbd08ea6_889f3149-6dc1-415f-bfbb-5c86bcfc8f1e\r\n\r\nAnalysis symbol: \r\nRechecking for solution: 0\r\nReport Id: 7a737292-c3f8-4d06-bb33-a9ddb51ba2c7\r\nReport Status: 4196\r\nHashed bucket: \r\nCab Guid: 0\""},"eventdata":{"data":"0, BEX64, Not available, 0, powershell.exe, 10.0.19041.3996, ed60ad55, StackHash_bf38, 0.0.0.0, 00000000, PCH_9E_FROM_ntdll+0x000000000009E0F4, c0000005, 0000000000000008,   \\\\\\\\?\\\\C:\\\\ProgramData\\\\Microsoft\\\\Windows\\\\WER\\\\Temp\\\\WER4822.tmp.WERInternalMetadata.xml, \\\\\\\\?\\\\C:\\\\ProgramData\\\\Microsoft\\\\Windows\\\\WER\\\\ReportQueue\\\\AppCrash_powershell.exe_88c2a861701fe995b4c34ef3e7b5e14fe3e483_fbd08ea6_889f3149-6dc1-415f-bfbb-5c86bcfc8f1e, 0, 7a737292-c3f8-4d06-bb33-a9ddb51ba2c7, 4196, 0"}}},"location":"EventChannel"}
{"timestamp":"2026-07-06T02:00:26.604+0000","rule":{"level":4,"description":"Summary event of the report's signatures.","id":"60608","firedtimes":25,"mail":false,"groups":["windows","windows_application"]},"agent":{"id":"002","name":"DESKTOP-BAC9DBQ","ip":"192.168.1.12"},"manager":{"name":"wazuh-server"},"id":"1783303226.1056360","decoder":{"name":"windows_eventchannel"},"data":{"win":{"system":{"providerName":"Windows Error Reporting","eventID":"1001","version":"0","level":"4","task":"0","opcode":"0","keywords":"0x80000000000000","systemTime":"2026-07-06T02:00:47.8853974Z","eventRecordID":"6492","processID":"0","threadID":"0","channel":"Application","computer":"DESKTOP-BAC9DBQ","severityValue":"INFORMATION","message":"\"Fault bucket , type 0\r\nEvent Name: BEX64\r\nResponse: Not available\r\nCab Id: 0\r\n\r\nProblem signature:\r\nP1: powershell.exe\r\nP2: 10.0.19041.3996\r\nP3: ed60ad55\r\nP4: StackHash_bf38\r\nP5: 0.0.0.0\r\nP6: 00000000\r\nP7: PCH_9E_FROM_ntdll+0x000000000009E0F4\r\nP8: c0000005\r\nP9: 0000000000000008\r\nP10: \r\n\r\nAttached files:\r\n\\\\?\\C:\\ProgramData\\Microsoft\\Windows\\WER\\Temp\\WER49A9.tmp.WERInternalMetadata.xml\r\n\r\nThese files may be available here:\r\n\\\\?\\C:\\ProgramData\\Microsoft\\Windows\\WER\\ReportQueue\\AppCrash_powershell.exe_88c2a861701fe995b4c34ef3e7b5e14fe3e483_fbd08ea6_c42d107c-b0d8-47d7-a1e6-5f0e4f484848\r\n\r\nAnalysis symbol: \r\nRechecking for solution: 0\r\nReport Id: b7bb1a10-c5c2-4320-be41-3fe7aa10d87e\r\nReport Status: 4196\r\nHashed bucket: \r\nCab Guid: 0\""},"eventdata":{"data":"0, BEX64, Not available, 0, powershell.exe, 10.0.19041.3996, ed60ad55, StackHash_bf38, 0.0.0.0, 00000000, PCH_9E_FROM_ntdll+0x000000000009E0F4, c0000005, 0000000000000008,   \\\\\\\\?\\\\C:\\\\ProgramData\\\\Microsoft\\\\Windows\\\\WER\\\\Temp\\\\WER49A9.tmp.WERInternalMetadata.xml, \\\\\\\\?\\\\C:\\\\ProgramData\\\\Microsoft\\\\Windows\\\\WER\\\\ReportQueue\\\\AppCrash_powershell.exe_88c2a861701fe995b4c34ef3e7b5e14fe3e483_fbd08ea6_c42d107c-b0d8-47d7-a1e6-5f0e4f484848, 0, b7bb1a10-c5c2-4320-be41-3fe7aa10d87e, 4196, 0"}}},"location":"EventChannel"}
{"timestamp":"2026-07-06T02:00:27.346+0000","rule":{"level":4,"description":"Summary event of the report's signatures.","id":"60608","firedtimes":26,"mail":false,"groups":["windows","windows_application"]},"agent":{"id":"002","name":"DESKTOP-BAC9DBQ","ip":"192.168.1.12"},"manager":{"name":"wazuh-server"},"id":"1783303227.1059959","decoder":{"name":"windows_eventchannel"},"data":{"win":{"system":{"providerName":"Windows Error Reporting","eventID":"1001","version":"0","level":"4","task":"0","opcode":"0","keywords":"0x80000000000000","systemTime":"2026-07-06T02:00:48.6273512Z","eventRecordID":"6493","processID":"0","threadID":"0","channel":"Application","computer":"DESKTOP-BAC9DBQ","severityValue":"INFORMATION","message":"\"Fault bucket , type 0\r\nEvent Name: BEX64\r\nResponse: Not available\r\nCab Id: 0\r\n\r\nProblem signature:\r\nP1: powershell.exe\r\nP2: 10.0.19041.3996\r\nP3: ed60ad55\r\nP4: StackHash_bf38\r\nP5: 0.0.0.0\r\nP6: 00000000\r\nP7: PCH_9E_FROM_ntdll+0x000000000009E0F4\r\nP8: c0000005\r\nP9: 0000000000000008\r\nP10: \r\n\r\nAttached files:\r\n\\\\?\\C:\\ProgramData\\Microsoft\\Windows\\WER\\Temp\\WER4C0C.tmp.WERInternalMetadata.xml\r\n\r\nThese files may be available here:\r\n\\\\?\\C:\\ProgramData\\Microsoft\\Windows\\WER\\ReportQueue\\AppCrash_powershell.exe_88c2a861701fe995b4c34ef3e7b5e14fe3e483_fbd08ea6_3cc54044-eeb4-4685-a300-bbb7589dc08a\r\n\r\nAnalysis symbol: \r\nRechecking for solution: 0\r\nReport Id: f30df5e1-1437-486e-9532-6fc7a9752a19\r\nReport Status: 4196\r\nHashed bucket: \r\nCab Guid: 0\""},"eventdata":{"data":"0, BEX64, Not available, 0, powershell.exe, 10.0.19041.3996, ed60ad55, StackHash_bf38, 0.0.0.0, 00000000, PCH_9E_FROM_ntdll+0x000000000009E0F4, c0000005, 0000000000000008,   \\\\\\\\?\\\\C:\\\\ProgramData\\\\Microsoft\\\\Windows\\\\WER\\\\Temp\\\\WER4C0C.tmp.WERInternalMetadata.xml, \\\\\\\\?\\\\C:\\\\ProgramData\\\\Microsoft\\\\Windows\\\\WER\\\\ReportQueue\\\\AppCrash_powershell.exe_88c2a861701fe995b4c34ef3e7b5e14fe3e483_fbd08ea6_3cc54044-eeb4-4685-a300-bbb7589dc08a, 0, f30df5e1-1437-486e-9532-6fc7a9752a19, 4196, 0"}}},"location":"EventChannel"}
{"timestamp":"2026-07-06T02:00:27.461+0000","rule":{"level":4,"description":"Summary event of the report's signatures.","id":"60608","firedtimes":27,"mail":false,"groups":["windows","windows_application"]},"agent":{"id":"002","name":"DESKTOP-BAC9DBQ","ip":"192.168.1.12"},"manager":{"name":"wazuh-server"},"id":"1783303227.1063558","decoder":{"name":"windows_eventchannel"},"data":{"win":{"system":{"providerName":"Windows Error Reporting","eventID":"1001","version":"0","level":"4","task":"0","opcode":"0","keywords":"0x80000000000000","systemTime":"2026-07-06T02:00:48.7406317Z","eventRecordID":"6494","processID":"0","threadID":"0","channel":"Application","computer":"DESKTOP-BAC9DBQ","severityValue":"INFORMATION","message":"\"Fault bucket , type 0\r\nEvent Name: BEX64\r\nResponse: Not available\r\nCab Id: 0\r\n\r\nProblem signature:\r\nP1: powershell.exe\r\nP2: 10.0.19041.3996\r\nP3: ed60ad55\r\nP4: StackHash_bf38\r\nP5: 0.0.0.0\r\nP6: 00000000\r\nP7: PCH_9E_FROM_ntdll+0x000000000009E0F4\r\nP8: c0000005\r\nP9: 0000000000000008\r\nP10: \r\n\r\nAttached files:\r\n\\\\?\\C:\\ProgramData\\Microsoft\\Windows\\WER\\Temp\\WER4C6A.tmp.WERInternalMetadata.xml\r\n\r\nThese files may be available here:\r\n\\\\?\\C:\\ProgramData\\Microsoft\\Windows\\WER\\ReportQueue\\AppCrash_powershell.exe_88c2a861701fe995b4c34ef3e7b5e14fe3e483_fbd08ea6_6873d83d-d2dd-4948-b3e9-c6152b6da89b\r\n\r\nAnalysis symbol: \r\nRechecking for solution: 0\r\nReport Id: 9234189a-5e15-4b1e-a91b-8d2a4fb1dc6c\r\nReport Status: 4196\r\nHashed bucket: \r\nCab Guid: 0\""},"eventdata":{"data":"0, BEX64, Not available, 0, powershell.exe, 10.0.19041.3996, ed60ad55, StackHash_bf38, 0.0.0.0, 00000000, PCH_9E_FROM_ntdll+0x000000000009E0F4, c0000005, 0000000000000008,   \\\\\\\\?\\\\C:\\\\ProgramData\\\\Microsoft\\\\Windows\\\\WER\\\\Temp\\\\WER4C6A.tmp.WERInternalMetadata.xml, \\\\\\\\?\\\\C:\\\\ProgramData\\\\Microsoft\\\\Windows\\\\WER\\\\ReportQueue\\\\AppCrash_powershell.exe_88c2a861701fe995b4c34ef3e7b5e14fe3e483_fbd08ea6_6873d83d-d2dd-4948-b3e9-c6152b6da89b, 0, 9234189a-5e15-4b1e-a91b-8d2a4fb1dc6c, 4196, 0"}}},"location":"EventChannel"}
{"timestamp":"2026-07-06T02:00:27.560+0000","rule":{"level":4,"description":"Summary event of the report's signatures.","id":"60608","firedtimes":28,"mail":false,"groups":["windows","windows_application"]},"agent":{"id":"002","name":"DESKTOP-BAC9DBQ","ip":"192.168.1.12"},"manager":{"name":"wazuh-server"},"id":"1783303227.1067157","decoder":{"name":"windows_eventchannel"},"data":{"win":{"system":{"providerName":"Windows Error Reporting","eventID":"1001","version":"0","level":"4","task":"0","opcode":"0","keywords":"0x80000000000000","systemTime":"2026-07-06T02:00:48.8414464Z","eventRecordID":"6495","processID":"0","threadID":"0","channel":"Application","computer":"DESKTOP-BAC9DBQ","severityValue":"INFORMATION","message":"\"Fault bucket , type 0\r\nEvent Name: BEX64\r\nResponse: Not available\r\nCab Id: 0\r\n\r\nProblem signature:\r\nP1: powershell.exe\r\nP2: 10.0.19041.3996\r\nP3: ed60ad55\r\nP4: StackHash_bf38\r\nP5: 0.0.0.0\r\nP6: 00000000\r\nP7: PCH_9E_FROM_ntdll+0x000000000009E0F4\r\nP8: c0000005\r\nP9: 0000000000000008\r\nP10: \r\n\r\nAttached files:\r\n\\\\?\\C:\\ProgramData\\Microsoft\\Windows\\WER\\Temp\\WER4CC9.tmp.WERInternalMetadata.xml\r\n\r\nThese files may be available here:\r\n\\\\?\\C:\\ProgramData\\Microsoft\\Windows\\WER\\ReportQueue\\AppCrash_powershell.exe_88c2a861701fe995b4c34ef3e7b5e14fe3e483_fbd08ea6_3af2b959-965c-42f4-a6ad-ff72b268e71e\r\n\r\nAnalysis symbol: \r\nRechecking for solution: 0\r\nReport Id: 9a5543ce-a164-460b-acaf-1f75e998005e\r\nReport Status: 4196\r\nHashed bucket: \r\nCab Guid: 0\""},"eventdata":{"data":"0, BEX64, Not available, 0, powershell.exe, 10.0.19041.3996, ed60ad55, StackHash_bf38, 0.0.0.0, 00000000, PCH_9E_FROM_ntdll+0x000000000009E0F4, c0000005, 0000000000000008,   \\\\\\\\?\\\\C:\\\\ProgramData\\\\Microsoft\\\\Windows\\\\WER\\\\Temp\\\\WER4CC9.tmp.WERInternalMetadata.xml, \\\\\\\\?\\\\C:\\\\ProgramData\\\\Microsoft\\\\Windows\\\\WER\\\\ReportQueue\\\\AppCrash_powershell.exe_88c2a861701fe995b4c34ef3e7b5e14fe3e483_fbd08ea6_3af2b959-965c-42f4-a6ad-ff72b268e71e, 0, 9a5543ce-a164-460b-acaf-1f75e998005e, 4196, 0"}}},"location":"EventChannel"}
{"timestamp":"2026-07-06T02:00:27.695+0000","rule":{"level":4,"description":"Summary event of the report's signatures.","id":"60608","firedtimes":29,"mail":false,"groups":["windows","windows_application"]},"agent":{"id":"002","name":"DESKTOP-BAC9DBQ","ip":"192.168.1.12"},"manager":{"name":"wazuh-server"},"id":"1783303227.1070756","decoder":{"name":"windows_eventchannel"},"data":{"win":{"system":{"providerName":"Windows Error Reporting","eventID":"1001","version":"0","level":"4","task":"0","opcode":"0","keywords":"0x80000000000000","systemTime":"2026-07-06T02:00:48.9408177Z","eventRecordID":"6496","processID":"0","threadID":"0","channel":"Application","computer":"DESKTOP-BAC9DBQ","severityValue":"INFORMATION","message":"\"Fault bucket , type 0\r\nEvent Name: BEX64\r\nResponse: Not available\r\nCab Id: 0\r\n\r\nProblem signature:\r\nP1: powershell.exe\r\nP2: 10.0.19041.3996\r\nP3: ed60ad55\r\nP4: StackHash_bf38\r\nP5: 0.0.0.0\r\nP6: 00000000\r\nP7: PCH_9E_FROM_ntdll+0x000000000009E0F4\r\nP8: c0000005\r\nP9: 0000000000000008\r\nP10: \r\n\r\nAttached files:\r\n\\\\?\\C:\\ProgramData\\Microsoft\\Windows\\WER\\Temp\\WER4D57.tmp.WERInternalMetadata.xml\r\n\r\nThese files may be available here:\r\n\\\\?\\C:\\ProgramData\\Microsoft\\Windows\\WER\\ReportQueue\\AppCrash_powershell.exe_88c2a861701fe995b4c34ef3e7b5e14fe3e483_fbd08ea6_1d6fc818-11ad-4dcc-a3ca-1a9c89d61348\r\n\r\nAnalysis symbol: \r\nRechecking for solution: 0\r\nReport Id: 92180789-d2c4-4438-974c-57c737985bec\r\nReport Status: 4196\r\nHashed bucket: \r\nCab Guid: 0\""},"eventdata":{"data":"0, BEX64, Not available, 0, powershell.exe, 10.0.19041.3996, ed60ad55, StackHash_bf38, 0.0.0.0, 00000000, PCH_9E_FROM_ntdll+0x000000000009E0F4, c0000005, 0000000000000008,   \\\\\\\\?\\\\C:\\\\ProgramData\\\\Microsoft\\\\Windows\\\\WER\\\\Temp\\\\WER4D57.tmp.WERInternalMetadata.xml, \\\\\\\\?\\\\C:\\\\ProgramData\\\\Microsoft\\\\Windows\\\\WER\\\\ReportQueue\\\\AppCrash_powershell.exe_88c2a861701fe995b4c34ef3e7b5e14fe3e483_fbd08ea6_1d6fc818-11ad-4dcc-a3ca-1a9c89d61348, 0, 92180789-d2c4-4438-974c-57c737985bec, 4196, 0"}}},"location":"EventChannel"}
