{"timestamp":"2026-07-06T01:51:05.550+0000","rule":{"level":7,"description":"Listened ports status (netstat) changed (new port opened or closed).","id":"533","firedtimes":1,"mail":false,"groups":["ossec"],"pci_dss":["10.2.7","10.6.1"],"gpg13":["10.1"],"gdpr":["IV_35.7.d"],"hipaa":["164.312.b"],"nist_800_53":["AU.14","AU.6"],"tsc":["CC6.8","CC7.2","CC7.3"]},"agent":{"id":"000","name":"wazuh-server"},"manager":{"name":"wazuh-server"},"id":"1783302665.907652","previous_output":"Previous output:\nossec: output: 'netstat listening ports':\ntcp 0.0.0.0:22 0.0.0.0:* /usr\ntcp6 :::22 :::* /usr\nudp 127.0.0.1:323 0.0.0.0:* 1658/chronyd\nudp6 ::1:323 :::* 1658/chronyd\ntcp 0.0.0.0:443 0.0.0.0:* 1617/node\ntcp 0.0.0.0:1514 0.0.0.0:* 247407/wazuh-remote\ntcp 0.0.0.0:1515 0.0.0.0:* 247280/wazuh-authd\ntcp6 127.0.0.1:9200 :::* 1960/java\ntcp6 127.0.0.1:9300 :::* 1960/java\ntcp 0.0.0.0:55000 0.0.0.0:* 247228/python3\ntcp6 :::55000 :::* 247228/python3","full_log":"ossec: output: 'netstat listening ports':\ntcp 0.0.0.0:22 0.0.0.0:* /usr\ntcp6 :::22 :::* /usr\nudp 127.0.0.1:323 0.0.0.0:* 1658/chronyd\nudp6 ::1:323 :::* 1658/chronyd\ntcp 0.0.0.0:443 0.0.0.0:* 1617/node\ntcp 0.0.0.0:1514 0.0.0.0:* 249793/wazuh-remote\ntcp 0.0.0.0:1515 0.0.0.0:* 249664/wazuh-authd\ntcp6 127.0.0.1:9200 :::* 1960/java\ntcp6 127.0.0.1:9300 :::* 1960/java\ntcp 0.0.0.0:55000 0.0.0.0:* 249612/python3\ntcp6 :::55000 :::* 249612/python3","decoder":{"name":"ossec"},"previous_log":"ossec: output: 'netstat listening ports':\ntcp 0.0.0.0:22 0.0.0.0:* /usr\ntcp6 :::22 :::* /usr\nudp 127.0.0.1:323 0.0.0.0:* 1658/chronyd\nudp6 ::1:323 :::* 1658/chronyd\ntcp 0.0.0.0:443 0.0.0.0:* 1617/node\ntcp 0.0.0.0:1514 0.0.0.0:* 247407/wazuh-remote\ntcp 0.0.0.0:1515 0.0.0.0:* 247280/wazuh-authd\ntcp6 127.0.0.1:9200 :::* 1960/java\ntcp6 127.0.0.1:9300 :::* 1960/java\ntcp 0.0.0.0:55000 0.0.0.0:* 247228/python3\ntcp6 :::55000 :::* 247228/python3","location":"netstat listening ports"}
{"timestamp":"2026-07-06T01:51:14.279+0000","rule":{"level":3,"description":"Wazuh server started.","id":"502","firedtimes":1,"mail":false,"groups":["ossec"],"pci_dss":["10.6.1"],"gpg13":["10.1"],"gdpr":["IV_35.7.d"],"hipaa":["164.312.b"],"nist_800_53":["AU.6"],"tsc":["CC7.2","CC7.3"]},"agent":{"id":"000","name":"wazuh-server"},"manager":{"name":"wazuh-server"},"id":"1783302674.908879","full_log":"ossec: Manager started.","decoder":{"name":"ossec"},"location":"wazuh-monitord"}
{"timestamp":"2026-07-06T01:53:46.063+0000","rule":{"level":4,"description":"Powershell script searching filesystem","id":"91819","mitre":{"id":["T1083"],"tactic":["Discovery"],"technique":["File and Directory Discovery"]},"firedtimes":1,"mail":false,"groups":["windows"," powershell"]},"agent":{"id":"002","name":"DESKTOP-BAC9DBQ","ip":"192.168.1.12"},"manager":{"name":"wazuh-server"},"id":"1783302826.909132","decoder":{"name":"windows_eventchannel"},"data":{"win":{"system":{"providerName":"Microsoft-Windows-PowerShell","providerGuid":"{a0c1853b-5c40-4b15-8766-3cf1c58f985a}","eventID":"4104","version":"1","level":"3","task":"2","opcode":"15","keywords":"0x0","systemTime":"2026-07-06T01:54:06.5716184Z","eventRecordID":"137985","processID":"4320","threadID":"8084","channel":"Microsoft-Windows-PowerShell/Operational","computer":"DESKTOP-BAC9DBQ","severityValue":"WARNING","message":"\"Creating Scriptblock text (1 of 1):\r\n<#\r\n.SYNOPSIS\r\nSkrip Pengujian Otomatis PowerShell Per Skenario untuk Rule-Based SIEM\r\n#>\r\n\r\n# =====================================================================\r\n# KONFIGURASI\r\n# =====================================================================\r\n$basePath = \"C:\\TA\\project-ta\\data_spliting\"\r\n\r\n# PILIH SKENARIO YANG INGIN DIUJI SAAT INI\r\n# Pilihan: \"benign\", \"malicious\", \"ASCII_Encoding\", \"String_Concatenation\", \"String_Reordering\", \"Token_Manipulation\"\r\n$currentScenario = \"benign\" \r\n\r\n$targetDir = switch ($currentScenario) {\r\n    \"benign\"               { \"$basePath\\test_set\\benign\" }\r\n    \"malicious\"            { \"$basePath\\test_set\\malicious\" }\r\n    \"ASCII_Encoding\"       { \"$basePath\\test_set_obf\\ASCII_Encoding\\malicious\" }\r\n    \"String_Concatenation\" { \"$basePath\\test_set_obf\\String_Concatenation\\malicious\" }\r\n    \"String_Reordering\"    { \"$basePath\\test_set_obf\\String_Reordering\\malicious\" }\r\n    \"Token_Manipulation\"   { \"$basePath\\test_set_obf\\Token_Manipulation\\malicious\" }\r\n    Default                { throw \"Skenario tidak dikenal!\" }\r\n}\r\n\r\n# File progress otomatis menyesuaikan dengan nama skenario[cite: 1]\r\n$progressFile = \"$basePath\\progress_rule_$currentScenario.txt\"\r\n\r\n# Jeda cepat khusus Rule-Based\r\n$SleepTimeMs = 250\r\n# =====================================================================\r\n\r\nif (!(Test-Path $targetDir)) { \r\n    Write-Host \"[ERROR] Folder tidak ditemukan: $targetDir\" -ForegroundColor Red\r\n    exit \r\n}\r\n\r\n# Filter file .ps1 dan urutkan berdasarkan nama agar konsisten[cite: 1]\r\n$files = Get-ChildItem -Path $targetDir -Filter \"*.ps1\" | Sort-Object Name\r\n$totalFiles = $files.Count\r\n\r\nif ($totalFiles -eq 0) {\r\n    Write-Host \"[!] Tidak ada file .ps1 yang ditemukan di dalam folder $targetDir.\" -ForegroundColor Yellow\r\n    exit\r\n}\r\n\r\n# Membaca progress terakhir[cite: 1]\r\n$lastProcessed = if (Test-Path $progressFile) { (Get-Content $progressFile).Trim() } else { \"\" }\r\n\r\nWrite-Host \"======================================================\" -ForegroundColor Cyan\r\nWrite-Host \" MODE PENGUJIAN RULE-BASED : $currentScenario\" -ForegroundColor Cyan\r\nWrite-Host \" Lokasi Folder             : $targetDir\" -ForegroundColor Cyan\r\nWrite-Host \" Total File                : $totalFiles\" -ForegroundColor Cyan\r\nWrite-Host \"======================================================\" -ForegroundColor Cyan\r\n\r\n$skipMode = if ([string]::IsNullOrWhiteSpace($lastProcessed)) { $false } else { $true }\r\n$currentIndex = 0 \r\n\r\nforeach ($file in $files) {\r\n    $currentIndex++\r\n    \r\n    # -------------------------------------------------------------\r\n    # LOGIKA RESUME: Melewati file yang sudah dieksekusi sebelumnya[cite: 1]\r\n    # -------------------------------------------------------------\r\n    if ($skipMode -and ($file.Name -eq $lastProcessed)) {\r\n        Write-Host \"--> Melompati $($file.Name) (Sudah diproses terakhir kali)\" -ForegroundColor Gray\r\n        $skipMode = $false\r\n        continue\r\n    }\r\n    \r\n    if ($skipMode) { continue }\r\n    # -------------------------------------------------------------\r\n\r\n    $percent = [math]::Round(($currentIndex / $totalFiles) * 100, 2)\r\n    Write-Host \"[$currentIndex/$totalFiles] ($percent%) Memproses -> $($file.Name)\" -ForegroundColor Yellow\r\n    \r\n    try {\r\n        # Eksekusi mode aman, tanpa pop-up (NonInteractive)\r\n        $arguments = \"-NonInteractive -NoProfile -ExecutionPolicy Bypass -File `\"$($file.FullName)`\"\"\r\n        Start-Process -FilePath \"powershell.exe\" -ArgumentList $arguments -WindowStyle Hidden -Wait\r\n        \r\n        # Mencatat nama file yang sukses ke file progress[cite: 1]\r\n        $file.Name | Out-File $progressFile -Encoding ascii\r\n    } catch {\r\n        Write-Host \"  [!] Gagal memproses $($file.Name)\" -ForegroundColor Red\r\n    }\r\n\r\n    # Jeda untuk mencegah flooding ke agen Wazuh\r\n    Start-Sleep -Milliseconds $SleepTimeMs\r\n}\r\n\r\nWrite-Host \"======================================================\" -ForegroundColor Green\r\nWrite-Host \" [OK] PENGUJIAN SKENARIO '$currentScenario' SELESAI!\" -ForegroundColor Green\r\nWrite-Host \"======================================================\" -ForegroundColor Green\r\n\r\nScriptBlock ID: 368a10f6-6e78-4281-89e1-39c5ced560ee\r\nPath: C:\\TA\\project-ta\\uji otomatis rule.ps1\""},"eventdata":{"messageNumber":"1","messageTotal":"1","scriptBlockText":"&lt;#  .SYNOPSIS  Skrip Pengujian Otomatis PowerShell Per Skenario untuk Rule-Based SIEM  #&gt;    # =====================================================================  # KONFIGURASI  # =====================================================================  $basePath = \\\"C:\\\\TA\\\\project-ta\\\\data_spliting\\\"    # PILIH SKENARIO YANG INGIN DIUJI SAAT INI  # Pilihan: \\\"benign\\\", \\\"malicious\\\", \\\"ASCII_Encoding\\\", \\\"String_Concatenation\\\", \\\"String_Reordering\\\", \\\"Token_Manipulation\\\"  $currentScenario = \\\"benign\\\"     $targetDir = switch ($currentScenario) {      \\\"benign\\\"               { \\\"$basePath\\\\test_set\\\\benign\\\" }      \\\"malicious\\\"            { \\\"$basePath\\\\test_set\\\\malicious\\\" }      \\\"ASCII_Encoding\\\"       { \\\"$basePath\\\\test_set_obf\\\\ASCII_Encoding\\\\malicious\\\" }      \\\"String_Concatenation\\\" { \\\"$basePath\\\\test_set_obf\\\\String_Concatenation\\\\malicious\\\" }      \\\"String_Reordering\\\"    { \\\"$basePath\\\\test_set_obf\\\\String_Reordering\\\\malicious\\\" }      \\\"Token_Manipulation\\\"   { \\\"$basePath\\\\test_set_obf\\\\Token_Manipulation\\\\malicious\\\" }      Default                { throw \\\"Skenario tidak dikenal!\\\" }  }    # File progress otomatis menyesuaikan dengan nama skenario[cite: 1]  $progressFile = \\\"$basePath\\\\progress_rule_$currentScenario.txt\\\"    # Jeda cepat khusus Rule-Based  $SleepTimeMs = 250  # =====================================================================    if (!(Test-Path $targetDir)) {       Write-Host \\\"[ERROR] Folder tidak ditemukan: $targetDir\\\" -ForegroundColor Red      exit   }    # Filter file .ps1 dan urutkan berdasarkan nama agar konsisten[cite: 1]  $files = Get-ChildItem -Path $targetDir -Filter \\\"*.ps1\\\" | Sort-Object Name  $totalFiles = $files.Count    if ($totalFiles -eq 0) {      Write-Host \\\"[!] Tidak ada file .ps1 yang ditemukan di dalam folder $targetDir.\\\" -ForegroundColor Yellow      exit  }    # Membaca progress terakhir[cite: 1]  $lastProcessed = if (Test-Path $progressFile) { (Get-Content $progressFile).Trim() } else { \\\"\\\" }    Write-Host \\\"======================================================\\\" -ForegroundColor Cyan  Write-Host \\\" MODE PENGUJIAN RULE-BASED : $currentScenario\\\" -ForegroundColor Cyan  Write-Host \\\" Lokasi Folder             : $targetDir\\\" -ForegroundColor Cyan  Write-Host \\\" Total File                : $totalFiles\\\" -ForegroundColor Cyan  Write-Host \\\"======================================================\\\" -ForegroundColor Cyan    $skipMode = if ([string]::IsNullOrWhiteSpace($lastProcessed)) { $false } else { $true }  $currentIndex = 0     foreach ($file in $files) {      $currentIndex++            # -------------------------------------------------------------      # LOGIKA RESUME: Melewati file yang sudah dieksekusi sebelumnya[cite: 1]      # -------------------------------------------------------------      if ($skipMode -and ($file.Name -eq $lastProcessed)) {          Write-Host \\\"--&gt; Melompati $($file.Name) (Sudah diproses terakhir kali)\\\" -ForegroundColor Gray          $skipMode = $false          continue      }            if ($skipMode) { continue }      # -------------------------------------------------------------        $percent = [math]::Round(($currentIndex / $totalFiles) * 100, 2)      Write-Host \\\"[$currentIndex/$totalFiles] ($percent%) Memproses -&gt; $($file.Name)\\\" -ForegroundColor Yellow            try {          # Eksekusi mode aman, tanpa pop-up (NonInteractive)          $arguments = \\\"-NonInteractive -NoProfile -ExecutionPolicy Bypass -File `\\\"$($file.FullName)`\\\"\\\"          Start-Process -FilePath \\\"powershell.exe\\\" -ArgumentList $arguments -WindowStyle Hidden -Wait                    # Mencatat nama file yang sukses ke file progress[cite: 1]          $file.Name | Out-File $progressFile -Encoding ascii      } catch {          Write-Host \\\"  [!] Gagal memproses $($file.Name)\\\" -ForegroundColor Red      }        # Jeda untuk mencegah flooding ke agen Wazuh      Start-Sleep -Milliseconds $SleepTimeMs  }    Write-Host \\\"======================================================\\\" -ForegroundColor Green  Write-Host \\\" [OK] PENGUJIAN SKENARIO '$currentScenario' SELESAI!\\\" -ForegroundColor Green  Write-Host \\\"======================================================\\\" -ForegroundColor Green","scriptBlockId":"368a10f6-6e78-4281-89e1-39c5ced560ee","path":"C:\\\\TA\\\\project-ta\\\\uji otomatis rule.ps1"}}},"location":"EventChannel"}
{"timestamp":"2026-07-06T01:54:46.688+0000","rule":{"level":4,"description":"Powershell script searching filesystem","id":"91819","mitre":{"id":["T1083"],"tactic":["Discovery"],"technique":["File and Directory Discovery"]},"firedtimes":2,"mail":false,"groups":["windows"," powershell"]},"agent":{"id":"002","name":"DESKTOP-BAC9DBQ","ip":"192.168.1.12"},"manager":{"name":"wazuh-server"},"id":"1783302886.928226","decoder":{"name":"windows_eventchannel"},"data":{"win":{"system":{"providerName":"Microsoft-Windows-PowerShell","providerGuid":"{a0c1853b-5c40-4b15-8766-3cf1c58f985a}","eventID":"4104","version":"1","level":"5","task":"2","opcode":"15","keywords":"0x0","systemTime":"2026-07-06T01:55:07.2994907Z","eventRecordID":"138327","processID":"8780","threadID":"4972","channel":"Microsoft-Windows-PowerShell/Operational","computer":"DESKTOP-BAC9DBQ","severityValue":"VERBOSE","message":"\"Creating Scriptblock text (1 of 1):\r\n& (Join-Path -Path $PSScriptRoot -ChildPath 'Initialize-CarbonTest.ps1' -Resolve); $manifest = Test-ModuleManifest -Path (Join-Path -Path $PSScriptRoot -ChildPath '..\\Carbon\\Carbon.psd1' -Resolve); Describe 'CarbonVersion' {; $expectedVersion = $null; BeforeEach {; }; It 'carbon assembly version is correct' {; $binPath = Join-Path -Path $PSScriptRoot -ChildPath '..\\Carbon\\bin\\*'; Get-ChildItem -Path $binPath -Include 'Carbon*.dll' | ForEach-Object {; $_.VersionInfo.FileVersion | Should Be $manifest.Version; $_.VersionInfo.ProductVersion.ToString().StartsWith($manifest.Version.ToString()) | Should Be $true; }; }; }\r\n\r\nScriptBlock ID: f1e5f5d2-f312-4ddb-9933-c9ed8368d6f2\r\nPath: C:\\TA\\project-ta\\data_spliting\\test_set\\benign\\1219.ps1\""},"eventdata":{"messageNumber":"1","messageTotal":"1","scriptBlockText":"&amp; (Join-Path -Path $PSScriptRoot -ChildPath 'Initialize-CarbonTest.ps1' -Resolve); $manifest = Test-ModuleManifest -Path (Join-Path -Path $PSScriptRoot -ChildPath '..\\\\Carbon\\\\Carbon.psd1' -Resolve); Describe 'CarbonVersion' {; $expectedVersion = $null; BeforeEach {; }; It 'carbon assembly version is correct' {; $binPath = Join-Path -Path $PSScriptRoot -ChildPath '..\\\\Carbon\\\\bin\\\\*'; Get-ChildItem -Path $binPath -Include 'Carbon*.dll' | ForEach-Object {; $_.VersionInfo.FileVersion | Should Be $manifest.Version; $_.VersionInfo.ProductVersion.ToString().StartsWith($manifest.Version.ToString()) | Should Be $true; }; }; }","scriptBlockId":"f1e5f5d2-f312-4ddb-9933-c9ed8368d6f2","path":"C:\\\\TA\\\\project-ta\\\\data_spliting\\\\test_set\\\\benign\\\\1219.ps1"}}},"location":"EventChannel"}
{"timestamp":"2026-07-06T01:54:48.840+0000","rule":{"level":4,"description":"Powershell script searching filesystem","id":"91819","mitre":{"id":["T1083"],"tactic":["Discovery"],"technique":["File and Directory Discovery"]},"firedtimes":3,"mail":false,"groups":["windows"," powershell"]},"agent":{"id":"002","name":"DESKTOP-BAC9DBQ","ip":"192.168.1.12"},"manager":{"name":"wazuh-server"},"id":"1783302888.932680","decoder":{"name":"windows_eventchannel"},"data":{"win":{"system":{"providerName":"Microsoft-Windows-PowerShell","providerGuid":"{a0c1853b-5c40-4b15-8766-3cf1c58f985a}","eventID":"4104","version":"1","level":"5","task":"2","opcode":"15","keywords":"0x0","systemTime":"2026-07-06T01:55:09.4827216Z","eventRecordID":"138345","processID":"8780","threadID":"4972","channel":"Microsoft-Windows-PowerShell/Operational","computer":"DESKTOP-BAC9DBQ","severityValue":"VERBOSE","message":"\"Creating Scriptblock text (1 of 1):\r\n{; $expectedVersion = $null; BeforeEach {; }; It 'carbon assembly version is correct' {; $binPath = Join-Path -Path $PSScriptRoot -ChildPath '..\\Carbon\\bin\\*'; Get-ChildItem -Path $binPath -Include 'Carbon*.dll' | ForEach-Object {; $_.VersionInfo.FileVersion | Should Be $manifest.Version; $_.VersionInfo.ProductVersion.ToString().StartsWith($manifest.Version.ToString()) | Should Be $true; }; }; }\r\n\r\nScriptBlock ID: 296d5af8-106c-417d-944f-24b703a556e2\r\nPath: C:\\TA\\project-ta\\data_spliting\\test_set\\benign\\1219.ps1\""},"eventdata":{"messageNumber":"1","messageTotal":"1","scriptBlockText":"{; $expectedVersion = $null; BeforeEach {; }; It 'carbon assembly version is correct' {; $binPath = Join-Path -Path $PSScriptRoot -ChildPath '..\\\\Carbon\\\\bin\\\\*'; Get-ChildItem -Path $binPath -Include 'Carbon*.dll' | ForEach-Object {; $_.VersionInfo.FileVersion | Should Be $manifest.Version; $_.VersionInfo.ProductVersion.ToString().StartsWith($manifest.Version.ToString()) | Should Be $true; }; }; }","scriptBlockId":"296d5af8-106c-417d-944f-24b703a556e2","path":"C:\\\\TA\\\\project-ta\\\\data_spliting\\\\test_set\\\\benign\\\\1219.ps1"}}},"location":"EventChannel"}
{"timestamp":"2026-07-06T01:54:48.859+0000","rule":{"level":4,"description":"Powershell script searching filesystem","id":"91819","mitre":{"id":["T1083"],"tactic":["Discovery"],"technique":["File and Directory Discovery"]},"firedtimes":4,"mail":false,"groups":["windows"," powershell"]},"agent":{"id":"002","name":"DESKTOP-BAC9DBQ","ip":"192.168.1.12"},"manager":{"name":"wazuh-server"},"id":"1783302888.936224","decoder":{"name":"windows_eventchannel"},"data":{"win":{"system":{"providerName":"Microsoft-Windows-PowerShell","providerGuid":"{a0c1853b-5c40-4b15-8766-3cf1c58f985a}","eventID":"4104","version":"1","level":"5","task":"2","opcode":"15","keywords":"0x0","systemTime":"2026-07-06T01:55:09.6621679Z","eventRecordID":"138347","processID":"8780","threadID":"4972","channel":"Microsoft-Windows-PowerShell/Operational","computer":"DESKTOP-BAC9DBQ","severityValue":"VERBOSE","message":"\"Creating Scriptblock text (1 of 1):\r\n{; $binPath = Join-Path -Path $PSScriptRoot -ChildPath '..\\Carbon\\bin\\*'; Get-ChildItem -Path $binPath -Include 'Carbon*.dll' | ForEach-Object {; $_.VersionInfo.FileVersion | Should Be $manifest.Version; $_.VersionInfo.ProductVersion.ToString().StartsWith($manifest.Version.ToString()) | Should Be $true; }; }\r\n\r\nScriptBlock ID: eb9be318-6449-40ca-a862-13a423cd5e75\r\nPath: C:\\TA\\project-ta\\data_spliting\\test_set\\benign\\1219.ps1\""},"eventdata":{"messageNumber":"1","messageTotal":"1","scriptBlockText":"{; $binPath = Join-Path -Path $PSScriptRoot -ChildPath '..\\\\Carbon\\\\bin\\\\*'; Get-ChildItem -Path $binPath -Include 'Carbon*.dll' | ForEach-Object {; $_.VersionInfo.FileVersion | Should Be $manifest.Version; $_.VersionInfo.ProductVersion.ToString().StartsWith($manifest.Version.ToString()) | Should Be $true; }; }","scriptBlockId":"eb9be318-6449-40ca-a862-13a423cd5e75","path":"C:\\\\TA\\\\project-ta\\\\data_spliting\\\\test_set\\\\benign\\\\1219.ps1"}}},"location":"EventChannel"}
{"timestamp":"2026-07-06T01:56:49.057+0000","rule":{"level":4,"description":"Powershell script searching filesystem","id":"91819","mitre":{"id":["T1083"],"tactic":["Discovery"],"technique":["File and Directory Discovery"]},"firedtimes":5,"mail":false,"groups":["windows"," powershell"]},"agent":{"id":"002","name":"DESKTOP-BAC9DBQ","ip":"192.168.1.12"},"manager":{"name":"wazuh-server"},"id":"1783303009.939412","decoder":{"name":"windows_eventchannel"},"data":{"win":{"system":{"providerName":"Microsoft-Windows-PowerShell","providerGuid":"{a0c1853b-5c40-4b15-8766-3cf1c58f985a}","eventID":"4104","version":"1","level":"5","task":"2","opcode":"15","keywords":"0x0","systemTime":"2026-07-06T01:57:09.7091058Z","eventRecordID":"138928","processID":"9000","threadID":"3860","channel":"Microsoft-Windows-PowerShell/Operational","computer":"DESKTOP-BAC9DBQ","severityValue":"VERBOSE","message":"\"Creating Scriptblock text (1 of 1):\r\n$Dest = \"C:\\Support\\SQLBac\\\";; $Daysback = \"0\";; $CurrentDate = Get-Date; $DatetoDelete = $CurrentDate.AddDays($Daysback); Get-ChildItem $Dest | Where-Object { $_.LastWriteTime -lt $DatetoDelete } | Remove-Item\r\n\r\nScriptBlock ID: ee0458ec-d2c6-4d14-8c53-2f3c260c10f5\r\nPath: C:\\TA\\project-ta\\data_spliting\\test_set\\benign\\1615.ps1\""},"eventdata":{"messageNumber":"1","messageTotal":"1","scriptBlockText":"$Dest = \\\"C:\\\\Support\\\\SQLBac\\\\\\\";; $Daysback = \\\"0\\\";; $CurrentDate = Get-Date; $DatetoDelete = $CurrentDate.AddDays($Daysback); Get-ChildItem $Dest | Where-Object { $_.LastWriteTime -lt $DatetoDelete } | Remove-Item","scriptBlockId":"ee0458ec-d2c6-4d14-8c53-2f3c260c10f5","path":"C:\\\\TA\\\\project-ta\\\\data_spliting\\\\test_set\\\\benign\\\\1615.ps1"}}},"location":"EventChannel"}
{"timestamp":"2026-07-06T01:57:18.181+0000","rule":{"level":4,"description":"Powershell script querying system environment variables","id":"91816","mitre":{"id":["T1082"],"tactic":["Discovery"],"technique":["System Information Discovery"]},"firedtimes":1,"mail":false,"groups":["windows"," powershell"]},"agent":{"id":"002","name":"DESKTOP-BAC9DBQ","ip":"192.168.1.12"},"manager":{"name":"wazuh-server"},"id":"1783303038.942224","decoder":{"name":"windows_eventchannel"},"data":{"win":{"system":{"providerName":"Microsoft-Windows-PowerShell","providerGuid":"{a0c1853b-5c40-4b15-8766-3cf1c58f985a}","eventID":"4104","version":"1","level":"5","task":"2","opcode":"15","keywords":"0x0","systemTime":"2026-07-06T01:57:38.7600033Z","eventRecordID":"139015","processID":"8460","threadID":"8780","channel":"Microsoft-Windows-PowerShell/Operational","computer":"DESKTOP-BAC9DBQ","severityValue":"VERBOSE","message":"\"Creating Scriptblock text (1 of 1):\r\nfunction Get-IEVersion ($computer = $env:COMPUTERNAME) {; $version = 0; $keyname = 'SOFTWARE\\Microsoft\\Internet Explorer'; $reg = [Microsoft.Win32.RegistryKey]::OpenRemoteBaseKey('LocalMachine', $computer); $key = $reg.OpenSubkey($keyname); try {; $version = $key.GetValue('Version'); $svcUpdateVersion = $key.GetValue('svcUpdateVersion'); } catch {}; if ($svcUpdateVersion) {; $svcUpdateVersion; } else {; $version; }; }\r\n\r\nScriptBlock ID: 9e659f26-973f-441f-ad3f-3d969c06f76b\r\nPath: C:\\TA\\project-ta\\data_spliting\\test_set\\benign\\1664.ps1\""},"eventdata":{"messageNumber":"1","messageTotal":"1","scriptBlockText":"function Get-IEVersion ($computer = $env:COMPUTERNAME) {; $version = 0; $keyname = 'SOFTWARE\\\\Microsoft\\\\Internet Explorer'; $reg = [Microsoft.Win32.RegistryKey]::OpenRemoteBaseKey('LocalMachine', $computer); $key = $reg.OpenSubkey($keyname); try {; $version = $key.GetValue('Version'); $svcUpdateVersion = $key.GetValue('svcUpdateVersion'); } catch {}; if ($svcUpdateVersion) {; $svcUpdateVersion; } else {; $version; }; }","scriptBlockId":"9e659f26-973f-441f-ad3f-3d969c06f76b","path":"C:\\\\TA\\\\project-ta\\\\data_spliting\\\\test_set\\\\benign\\\\1664.ps1"}}},"location":"EventChannel"}
{"timestamp":"2026-07-06T01:58:27.114+0000","rule":{"level":4,"id":"11","mail":false,"groups":["stats"]},"agent":{"id":"002","name":"DESKTOP-BAC9DBQ"},"manager":{"name":"wazuh-server"},"id":"1783303107.945872","full_log":"The average number of logs between 1:00 and 2:00 is 217. We reached 1468.","decoder":{"name":"windows_eventchannel"},"data":{"win":{"system":{"providerName":"Microsoft-Windows-PowerShell","providerGuid":"{a0c1853b-5c40-4b15-8766-3cf1c58f985a}","eventID":"4104","version":"1","level":"5","task":"2","opcode":"15","keywords":"0x0","systemTime":"2026-07-06T01:58:48.0774437Z","eventRecordID":"139422","processID":"6236","threadID":"8308","channel":"Microsoft-Windows-PowerShell/Operational","computer":"DESKTOP-BAC9DBQ","severityValue":"VERBOSE","message":"\"Creating Scriptblock text (1 of 1):\r\nSet-Alias -Name gcim -Value Get-CimInstance -Option ReadOnly, AllScope -ErrorAction SilentlyContinue\r\n\r\nScriptBlock ID: 18d0fca9-dbb9-4f27-a03f-0f3f9b354c51\r\nPath: \""},"eventdata":{"messageNumber":"1","messageTotal":"1","scriptBlockText":"Set-Alias -Name gcim -Value Get-CimInstance -Option ReadOnly, AllScope -ErrorAction SilentlyContinue","scriptBlockId":"18d0fca9-dbb9-4f27-a03f-0f3f9b354c51"}}},"location":"EventChannel"}
{"timestamp":"2026-07-06T01:58:40.939+0000","rule":{"level":4,"description":"Powershell script querying system environment variables","id":"91816","mitre":{"id":["T1082"],"tactic":["Discovery"],"technique":["System Information Discovery"]},"firedtimes":2,"mail":false,"groups":["windows"," powershell"]},"agent":{"id":"002","name":"DESKTOP-BAC9DBQ","ip":"192.168.1.12"},"manager":{"name":"wazuh-server"},"id":"1783303120.947076","decoder":{"name":"windows_eventchannel"},"data":{"win":{"system":{"providerName":"Microsoft-Windows-PowerShell","providerGuid":"{a0c1853b-5c40-4b15-8766-3cf1c58f985a}","eventID":"4104","version":"1","level":"5","task":"2","opcode":"15","keywords":"0x0","systemTime":"2026-07-06T01:59:01.4650705Z","eventRecordID":"139514","processID":"1628","threadID":"8332","channel":"Microsoft-Windows-PowerShell/Operational","computer":"DESKTOP-BAC9DBQ","severityValue":"VERBOSE","message":"\"Creating Scriptblock text (1 of 1):\r\nDescribe \"Get-PSHostProcessInfo tests\" -Tag CI {; BeforeAll {; $si = [System.Diagnostics.ProcessStartInfo]::new(); $si.FileName = \"pwsh\"; $si.Arguments = \"-noexit\"; $si.RedirectStandardInput = $true; $si.RedirectStandardOutput = $true; $si.RedirectStandardError = $true; $pwsh = [System.Diagnostics.Process]::Start($si); if ($IsWindows) {; $si.FileName = \"powershell\"; $powershell = [System.Diagnostics.Process]::Start($si); }; }; AfterAll {; $pwsh | Stop-Process; if ($IsWindows) {; $powershell | Stop-Process; }; }; It \"Should return own self\" {; (Get-PSHostProcessInfo).ProcessId | Should -Contain $pid; }; It \"Should list info for other PowerShell hosted processes\" {; Wait-UntilTrue {; Get-PSHostProcessInfo | Where-Object { $_.ProcessId -eq $pwsh.Id }; } | Should -BeTrue; $pshosts = Get-PSHostProcessInfo; $pshosts.Count | Should -BeGreaterOrEqual 1; $pshosts.ProcessId | Should -Contain $pwsh.Id; }; It \"Should list Windows PowerShell process\" -Skip:(!$IsWindows) {; Wait-UntilTrue {; Get-PSHostProcessInfo | Where-Object { $_.ProcessId -eq $powershell.Id }; } | Should -BeTrue; $psProcess = Get-PSHostProcessInfo | Where-Object { $_.ProcessName -eq \"powershell\" }; $psProcess.Count | Should -BeGreaterOrEqual 1; $psProcess.ProcessId | Should -Contain $powershell.id; }; }\r\n\r\nScriptBlock ID: b28423bb-8c82-4356-ba6c-98f06c017dbc\r\nPath: C:\\TA\\project-ta\\data_spliting\\test_set\\benign\\1869.ps1\""},"eventdata":{"messageNumber":"1","messageTotal":"1","scriptBlockText":"Describe \\\"Get-PSHostProcessInfo tests\\\" -Tag CI {; BeforeAll {; $si = [System.Diagnostics.ProcessStartInfo]::new(); $si.FileName = \\\"pwsh\\\"; $si.Arguments = \\\"-noexit\\\"; $si.RedirectStandardInput = $true; $si.RedirectStandardOutput = $true; $si.RedirectStandardError = $true; $pwsh = [System.Diagnostics.Process]::Start($si); if ($IsWindows) {; $si.FileName = \\\"powershell\\\"; $powershell = [System.Diagnostics.Process]::Start($si); }; }; AfterAll {; $pwsh | Stop-Process; if ($IsWindows) {; $powershell | Stop-Process; }; }; It \\\"Should return own self\\\" {; (Get-PSHostProcessInfo).ProcessId | Should -Contain $pid; }; It \\\"Should list info for other PowerShell hosted processes\\\" {; Wait-UntilTrue {; Get-PSHostProcessInfo | Where-Object { $_.ProcessId -eq $pwsh.Id }; } | Should -BeTrue; $pshosts = Get-PSHostProcessInfo; $pshosts.Count | Should -BeGreaterOrEqual 1; $pshosts.ProcessId | Should -Contain $pwsh.Id; }; It \\\"Should list Windows PowerShell process\\\" -Skip:(!$IsWindows) {; Wait-UntilTrue {; Get-PSHostProcessInfo | Where-Object { $_.ProcessId -eq $powershell.Id }; } | Should -BeTrue; $psProcess = Get-PSHostProcessInfo | Where-Object { $_.ProcessName -eq \\\"powershell\\\" }; $psProcess.Count | Should -BeGreaterOrEqual 1; $psProcess.ProcessId | Should -Contain $powershell.id; }; }","scriptBlockId":"b28423bb-8c82-4356-ba6c-98f06c017dbc","path":"C:\\\\TA\\\\project-ta\\\\data_spliting\\\\test_set\\\\benign\\\\1869.ps1"}}},"location":"EventChannel"}
{"timestamp":"2026-07-06T02:00:07.632+0000","rule":{"level":4,"description":"Powershell executing process discovery","id":"91815","mitre":{"id":["T1057"],"tactic":["Discovery"],"technique":["Process Discovery"]},"firedtimes":1,"mail":false,"groups":["windows"," powershell"]},"agent":{"id":"002","name":"DESKTOP-BAC9DBQ","ip":"192.168.1.12"},"manager":{"name":"wazuh-server"},"id":"1783303207.954230","decoder":{"name":"windows_eventchannel"},"data":{"win":{"system":{"providerName":"Microsoft-Windows-PowerShell","providerGuid":"{a0c1853b-5c40-4b15-8766-3cf1c58f985a}","eventID":"4104","version":"1","level":"3","task":"2","opcode":"15","keywords":"0x0","systemTime":"2026-07-06T02:00:28.8135141Z","eventRecordID":"140099","processID":"8808","threadID":"4248","channel":"Microsoft-Windows-PowerShell/Operational","computer":"DESKTOP-BAC9DBQ","severityValue":"WARNING","message":"\"Creating Scriptblock text (1 of 1):\r\n{; $cacheDir = [System.Management.Automation.Platform].GetField(\"CacheDirectory\",\"NonPublic,Static\").GetValue($null); $uuidPath = Join-Path -Path $cacheDir -ChildPath telemetry.uuid; $uuidFileExists = Test-Path -Path $uuidPath; if ( $uuidFileExists ) {; $originalBytes = Get-Content -AsByteStream -Path $uuidPath; Rename-Item -Path $uuidPath -NewName \"${uuidPath}.original\"; }; $PWSH = (Get-Process -Id $PID).MainModule.FileName; $telemetrySet = Test-Path -Path env:POWERSHELL_TELEMETRY_OPTOUT; $SendingTelemetry = $env:POWERSHELL_TELEMETRY_OPTOUT; }\r\n\r\nScriptBlock ID: 11c75638-6fb5-4281-9003-e73ceec55a73\r\nPath: C:\\TA\\project-ta\\data_spliting\\test_set\\benign\\2044.ps1\""},"eventdata":{"messageNumber":"1","messageTotal":"1","scriptBlockText":"{; $cacheDir = [System.Management.Automation.Platform].GetField(\\\"CacheDirectory\\\",\\\"NonPublic,Static\\\").GetValue($null); $uuidPath = Join-Path -Path $cacheDir -ChildPath telemetry.uuid; $uuidFileExists = Test-Path -Path $uuidPath; if ( $uuidFileExists ) {; $originalBytes = Get-Content -AsByteStream -Path $uuidPath; Rename-Item -Path $uuidPath -NewName \\\"${uuidPath}.original\\\"; }; $PWSH = (Get-Process -Id $PID).MainModule.FileName; $telemetrySet = Test-Path -Path env:POWERSHELL_TELEMETRY_OPTOUT; $SendingTelemetry = $env:POWERSHELL_TELEMETRY_OPTOUT; }","scriptBlockId":"11c75638-6fb5-4281-9003-e73ceec55a73","path":"C:\\\\TA\\\\project-ta\\\\data_spliting\\\\test_set\\\\benign\\\\2044.ps1"}}},"location":"EventChannel"}
{"timestamp":"2026-07-06T02:00:21.151+0000","rule":{"level":9,"description":"Windows application error event.","id":"60602","firedtimes":1,"mail":false,"groups":["windows","windows_application","system_error"],"gdpr":["IV_35.7.d"],"gpg13":["4.3"]},"agent":{"id":"002","name":"DESKTOP-BAC9DBQ","ip":"192.168.1.12"},"manager":{"name":"wazuh-server"},"id":"1783303221.958397","decoder":{"name":"windows_eventchannel"},"data":{"win":{"system":{"providerName":"Application Error","eventID":"1000","version":"0","level":"2","task":"100","opcode":"0","keywords":"0x80000000000000","systemTime":"2026-07-06T02:00:42.4163638Z","eventRecordID":"6467","processID":"0","threadID":"0","channel":"Application","computer":"DESKTOP-BAC9DBQ","severityValue":"ERROR","message":"\"Faulting application name: powershell.exe, version: 10.0.19041.3996, time stamp: 0xed60ad55\r\nFaulting module name: clr.dll, version: 4.8.9310.0, time stamp: 0x67db4f32\r\nException code: 0xc00000fd\r\nFault offset: 0x00000000000513af\r\nFaulting process id: 0x21c0\r\nFaulting application start time: 0x01dd0ceb3e1ca8c5\r\nFaulting application path: C:\\Windows\\System32\\WindowsPowerShell\\v1.0\\powershell.exe\r\nFaulting module path: C:\\Windows\\Microsoft.NET\\Framework64\\v4.0.30319\\clr.dll\r\nReport Id: 97e5f59c-725b-4c43-90ee-6dd6dd90b41b\r\nFaulting package full name: \r\nFaulting package-relative application ID: \""},"eventdata":{"data":"powershell.exe, 10.0.19041.3996, ed60ad55, clr.dll, 4.8.9310.0, 67db4f32, c00000fd, 00000000000513af, 21c0, 01dd0ceb3e1ca8c5, C:\\\\Windows\\\\System32\\\\WindowsPowerShell\\\\v1.0\\\\powershell.exe, C:\\\\Windows\\\\Microsoft.NET\\\\Framework64\\\\v4.0.30319\\\\clr.dll, 97e5f59c-725b-4c43-90ee-6dd6dd90b41b"}}},"location":"EventChannel"}
{"timestamp":"2026-07-06T02:00:22.752+0000","rule":{"level":4,"description":"Summary event of the report's signatures.","id":"60608","firedtimes":1,"mail":false,"groups":["windows","windows_application"]},"agent":{"id":"002","name":"DESKTOP-BAC9DBQ","ip":"192.168.1.12"},"manager":{"name":"wazuh-server"},"id":"1783303222.961272","decoder":{"name":"windows_eventchannel"},"data":{"win":{"system":{"providerName":"Windows Error Reporting","eventID":"1001","version":"0","level":"4","task":"0","opcode":"0","keywords":"0x80000000000000","systemTime":"2026-07-06T02:00:44.0264502Z","eventRecordID":"6468","processID":"0","threadID":"0","channel":"Application","computer":"DESKTOP-BAC9DBQ","severityValue":"INFORMATION","message":"\"Fault bucket , type 0\r\nEvent Name: APPCRASH\r\nResponse: Not available\r\nCab Id: 0\r\n\r\nProblem signature:\r\nP1: powershell.exe\r\nP2: 10.0.19041.3996\r\nP3: ed60ad55\r\nP4: clr.dll\r\nP5: 4.8.9310.0\r\nP6: 67db4f32\r\nP7: c00000fd\r\nP8: 00000000000513af\r\nP9: \r\nP10: \r\n\r\nAttached files:\r\n\r\nThese files may be available here:\r\n\\\\?\\C:\\ProgramData\\Microsoft\\Windows\\WER\\ReportQueue\\AppCrash_powershell.exe_9d6b4b138f6f2041bca6bc98aa8ca5ea2c63be75_fbd08ea6_43b9453c-18f4-4757-9012-3cfc03acbe84\r\n\r\nAnalysis symbol: \r\nRechecking for solution: 0\r\nReport Id: 97e5f59c-725b-4c43-90ee-6dd6dd90b41b\r\nReport Status: 4196\r\nHashed bucket: \r\nCab Guid: 0\""},"eventdata":{"data":"0, APPCRASH, Not available, 0, powershell.exe, 10.0.19041.3996, ed60ad55, clr.dll, 4.8.9310.0, 67db4f32, c00000fd, 00000000000513af, \\\\\\\\?\\\\C:\\\\ProgramData\\\\Microsoft\\\\Windows\\\\WER\\\\ReportQueue\\\\AppCrash_powershell.exe_9d6b4b138f6f2041bca6bc98aa8ca5ea2c63be75_fbd08ea6_43b9453c-18f4-4757-9012-3cfc03acbe84, 0, 97e5f59c-725b-4c43-90ee-6dd6dd90b41b, 4196, 0"}}},"location":"EventChannel"}
{"timestamp":"2026-07-06T02:00:23.392+0000","rule":{"level":4,"description":"Summary event of the report's signatures.","id":"60608","firedtimes":2,"mail":false,"groups":["windows","windows_application"]},"agent":{"id":"002","name":"DESKTOP-BAC9DBQ","ip":"192.168.1.12"},"manager":{"name":"wazuh-server"},"id":"1783303223.964343","decoder":{"name":"windows_eventchannel"},"data":{"win":{"system":{"providerName":"Windows Error Reporting","eventID":"1001","version":"0","level":"4","task":"0","opcode":"0","keywords":"0x80000000000000","systemTime":"2026-07-06T02:00:44.6718541Z","eventRecordID":"6469","processID":"0","threadID":"0","channel":"Application","computer":"DESKTOP-BAC9DBQ","severityValue":"INFORMATION","message":"\"Fault bucket , type 0\r\nEvent Name: StoreAgentScanForUpdatesFailure0\r\nResponse: Not available\r\nCab Id: 0\r\n\r\nProblem signature:\r\nP1: Update;\r\nP2: 8024402c\r\nP3: 19045\r\nP4: 6456\r\nP5: Windows.Desktop\r\nP6: \r\nP7: \r\nP8: \r\nP9: \r\nP10: \r\n\r\nAttached files:\r\n\\\\?\\C:\\ProgramData\\Microsoft\\Windows\\WER\\Temp\\WER5B1A.tmp.WERInternalMetadata.xml\r\n\r\nThese files may be available here:\r\n\\\\?\\C:\\ProgramData\\Microsoft\\Windows\\WER\\ReportQueue\\NonCritical_Update;_24e0d5c4b5b7767c1e5f2ce1c61250763e7514_00000000_2ae539d6-2314-4974-a8f8-ea285d9d7581\r\n\r\nAnalysis symbol: \r\nRechecking for solution: 0\r\nReport Id: 2ae539d6-2314-4974-a8f8-ea285d9d7581\r\nReport Status: 4198\r\nHashed bucket: \r\nCab Guid: 0\""},"eventdata":{"data":"0, StoreAgentScanForUpdatesFailure0, Not available, 0, Update;, 8024402c, 19045, 6456, Windows.Desktop,   \\\\\\\\?\\\\C:\\\\ProgramData\\\\Microsoft\\\\Windows\\\\WER\\\\Temp\\\\WER5B1A.tmp.WERInternalMetadata.xml, \\\\\\\\?\\\\C:\\\\ProgramData\\\\Microsoft\\\\Windows\\\\WER\\\\ReportQueue\\\\NonCritical_Update;_24e0d5c4b5b7767c1e5f2ce1c61250763e7514_00000000_2ae539d6-2314-4974-a8f8-ea285d9d7581, 0, 2ae539d6-2314-4974-a8f8-ea285d9d7581, 4198, 0"}}},"location":"EventChannel"}
{"timestamp":"2026-07-06T02:00:23.462+0000","rule":{"level":4,"description":"Summary event of the report's signatures.","id":"60608","firedtimes":3,"mail":false,"groups":["windows","windows_application"]},"agent":{"id":"002","name":"DESKTOP-BAC9DBQ","ip":"192.168.1.12"},"manager":{"name":"wazuh-server"},"id":"1783303223.967669","decoder":{"name":"windows_eventchannel"},"data":{"win":{"system":{"providerName":"Windows Error Reporting","eventID":"1001","version":"0","level":"4","task":"0","opcode":"0","keywords":"0x80000000000000","systemTime":"2026-07-06T02:00:44.7255830Z","eventRecordID":"6470","processID":"0","threadID":"0","channel":"Application","computer":"DESKTOP-BAC9DBQ","severityValue":"INFORMATION","message":"\"Fault bucket , type 0\r\nEvent Name: BEX64\r\nResponse: Not available\r\nCab Id: 0\r\n\r\nProblem signature:\r\nP1: powershell.exe\r\nP2: 10.0.19041.3996\r\nP3: ed60ad55\r\nP4: StackHash_bf38\r\nP5: 0.0.0.0\r\nP6: 00000000\r\nP7: PCH_9E_FROM_ntdll+0x000000000009E0F4\r\nP8: c0000005\r\nP9: 0000000000000008\r\nP10: \r\n\r\nAttached files:\r\n\\\\?\\C:\\ProgramData\\Microsoft\\Windows\\WER\\Temp\\WERE40D.tmp.mdmp\r\n\\\\?\\C:\\ProgramData\\Microsoft\\Windows\\WER\\Temp\\WERE8D1.tmp.WERInternalMetadata.xml\r\n\\\\?\\C:\\ProgramData\\Microsoft\\Windows\\WER\\Temp\\WEREBA1.tmp.xml\r\n\\\\?\\C:\\ProgramData\\Microsoft\\Windows\\WER\\Temp\\WERECF2.tmp.csv\r\n\\\\?\\C:\\ProgramData\\Microsoft\\Windows\\WER\\Temp\\WERF04F.tmp.txt\r\n\\\\?\\C:\\Users\\sani\\AppData\\Local\\Temp\\WERF4EA.tmp.appcompat.txt\r\n\\\\?\\C:\\ProgramData\\Microsoft\\Windows\\WER\\ReportQueue\\AppCrash_powershell.exe_88c2a861701fe995b4c34ef3e7b5e14fe3e483_fbd08ea6_cab_41a7852e-81c5-43b8-b4de-9720049373c8\\memory.hdmp\r\n\r\nThese files may be available here:\r\n\\\\?\\C:\\ProgramData\\Microsoft\\Windows\\WER\\ReportQueue\\AppCrash_powershell.exe_88c2a861701fe995b4c34ef3e7b5e14fe3e483_fbd08ea6_cab_41a7852e-81c5-43b8-b4de-9720049373c8\r\n\r\nAnalysis symbol: \r\nRechecking for solution: 0\r\nReport Id: c6b44fc3-2465-46f3-9472-aa4ef68a8f30\r\nReport Status: 102\r\nHashed bucket: \r\nCab Guid: 0\""},"eventdata":{"data":"0, BEX64, Not available, 0, powershell.exe, 10.0.19041.3996, ed60ad55, StackHash_bf38, 0.0.0.0, 00000000, PCH_9E_FROM_ntdll+0x000000000009E0F4, c0000005, 0000000000000008,   \\\\\\\\?\\\\C:\\\\ProgramData\\\\Microsoft\\\\Windows\\\\WER\\\\Temp\\\\WERE40D.tmp.mdmp  \\\\\\\\?\\\\C:\\\\ProgramData\\\\Microsoft\\\\Windows\\\\WER\\\\Temp\\\\WERE8D1.tmp.WERInternalMetadata.xml  \\\\\\\\?\\\\C:\\\\ProgramData\\\\Microsoft\\\\Windows\\\\WER\\\\Temp\\\\WEREBA1.tmp.xml  \\\\\\\\?\\\\C:\\\\ProgramData\\\\Microsoft\\\\Windows\\\\WER\\\\Temp\\\\WERECF2.tmp.csv  \\\\\\\\?\\\\C:\\\\ProgramData\\\\Microsoft\\\\Windows\\\\WER\\\\Temp\\\\WERF04F.tmp.txt  \\\\\\\\?\\\\C:\\\\Users\\\\sani\\\\AppData\\\\Local\\\\Temp\\\\WERF4EA.tmp.appcompat.txt  \\\\\\\\?\\\\C:\\\\ProgramData\\\\Microsoft\\\\Windows\\\\WER\\\\ReportQueue\\\\AppCrash_powershell.exe_88c2a861701fe995b4c34ef3e7b5e14fe3e483_fbd08ea6_cab_41a7852e-81c5-43b8-b4de-9720049373c8\\\\memory.hdmp, \\\\\\\\?\\\\C:\\\\ProgramData\\\\Microsoft\\\\Windows\\\\WER\\\\ReportQueue\\\\AppCrash_powershell.exe_88c2a861701fe995b4c34ef3e7b5e14fe3e483_fbd08ea6_cab_41a7852e-81c5-43b8-b4de-9720049373c8, 0, c6b44fc3-2465-46f3-9472-aa4ef68a8f30, 102, 0"}}},"location":"EventChannel"}
{"timestamp":"2026-07-06T02:00:23.538+0000","rule":{"level":4,"description":"Summary event of the report's signatures.","id":"60608","firedtimes":4,"mail":false,"groups":["windows","windows_application"]},"agent":{"id":"002","name":"DESKTOP-BAC9DBQ","ip":"192.168.1.12"},"manager":{"name":"wazuh-server"},"id":"1783303223.973550","decoder":{"name":"windows_eventchannel"},"data":{"win":{"system":{"providerName":"Windows Error Reporting","eventID":"1001","version":"0","level":"4","task":"0","opcode":"0","keywords":"0x80000000000000","systemTime":"2026-07-06T02:00:44.8043126Z","eventRecordID":"6471","processID":"0","threadID":"0","channel":"Application","computer":"DESKTOP-BAC9DBQ","severityValue":"INFORMATION","message":"\"Fault bucket , type 0\r\nEvent Name: BEX64\r\nResponse: Not available\r\nCab Id: 0\r\n\r\nProblem signature:\r\nP1: powershell.exe\r\nP2: 10.0.19041.3996\r\nP3: ed60ad55\r\nP4: StackHash_bf38\r\nP5: 0.0.0.0\r\nP6: 00000000\r\nP7: PCH_9E_FROM_ntdll+0x000000000009E0F4\r\nP8: c0000005\r\nP9: 0000000000000008\r\nP10: \r\n\r\nAttached files:\r\n\\\\?\\C:\\ProgramData\\Microsoft\\Windows\\WER\\Temp\\WER19A4.tmp.mdmp\r\n\\\\?\\C:\\ProgramData\\Microsoft\\Windows\\WER\\Temp\\WER1E39.tmp.WERInternalMetadata.xml\r\n\\\\?\\C:\\ProgramData\\Microsoft\\Windows\\WER\\Temp\\WER203D.tmp.xml\r\n\\\\?\\C:\\ProgramData\\Microsoft\\Windows\\WER\\Temp\\WER20D7.tmp.csv\r\n\\\\?\\C:\\ProgramData\\Microsoft\\Windows\\WER\\Temp\\WER2175.tmp.txt\r\n\\\\?\\C:\\Users\\sani\\AppData\\Local\\Temp\\WER2AFD.tmp.appcompat.txt\r\n\\\\?\\C:\\ProgramData\\Microsoft\\Windows\\WER\\ReportQueue\\AppCrash_powershell.exe_88c2a861701fe995b4c34ef3e7b5e14fe3e483_fbd08ea6_cab_208d0315-44d4-4b95-ace6-22ded3ee459c\\memory.hdmp\r\n\r\nThese files may be available here:\r\n\\\\?\\C:\\ProgramData\\Microsoft\\Windows\\WER\\ReportQueue\\AppCrash_powershell.exe_88c2a861701fe995b4c34ef3e7b5e14fe3e483_fbd08ea6_cab_208d0315-44d4-4b95-ace6-22ded3ee459c\r\n\r\nAnalysis symbol: \r\nRechecking for solution: 0\r\nReport Id: ccae1ba1-0270-4de9-ba3a-fbece38dda5f\r\nReport Status: 102\r\nHashed bucket: \r\nCab Guid: 0\""},"eventdata":{"data":"0, BEX64, Not available, 0, powershell.exe, 10.0.19041.3996, ed60ad55, StackHash_bf38, 0.0.0.0, 00000000, PCH_9E_FROM_ntdll+0x000000000009E0F4, c0000005, 0000000000000008,   \\\\\\\\?\\\\C:\\\\ProgramData\\\\Microsoft\\\\Windows\\\\WER\\\\Temp\\\\WER19A4.tmp.mdmp  \\\\\\\\?\\\\C:\\\\ProgramData\\\\Microsoft\\\\Windows\\\\WER\\\\Temp\\\\WER1E39.tmp.WERInternalMetadata.xml  \\\\\\\\?\\\\C:\\\\ProgramData\\\\Microsoft\\\\Windows\\\\WER\\\\Temp\\\\WER203D.tmp.xml  \\\\\\\\?\\\\C:\\\\ProgramData\\\\Microsoft\\\\Windows\\\\WER\\\\Temp\\\\WER20D7.tmp.csv  \\\\\\\\?\\\\C:\\\\ProgramData\\\\Microsoft\\\\Windows\\\\WER\\\\Temp\\\\WER2175.tmp.txt  \\\\\\\\?\\\\C:\\\\Users\\\\sani\\\\AppData\\\\Local\\\\Temp\\\\WER2AFD.tmp.appcompat.txt  \\\\\\\\?\\\\C:\\\\ProgramData\\\\Microsoft\\\\Windows\\\\WER\\\\ReportQueue\\\\AppCrash_powershell.exe_88c2a861701fe995b4c34ef3e7b5e14fe3e483_fbd08ea6_cab_208d0315-44d4-4b95-ace6-22ded3ee459c\\\\memory.hdmp, \\\\\\\\?\\\\C:\\\\ProgramData\\\\Microsoft\\\\Windows\\\\WER\\\\ReportQueue\\\\AppCrash_powershell.exe_88c2a861701fe995b4c34ef3e7b5e14fe3e483_fbd08ea6_cab_208d0315-44d4-4b95-ace6-22ded3ee459c, 0, ccae1ba1-0270-4de9-ba3a-fbece38dda5f, 102, 0"}}},"location":"EventChannel"}
{"timestamp":"2026-07-06T02:00:23.619+0000","rule":{"level":4,"description":"Summary event of the report's signatures.","id":"60608","firedtimes":5,"mail":false,"groups":["windows","windows_application"]},"agent":{"id":"002","name":"DESKTOP-BAC9DBQ","ip":"192.168.1.12"},"manager":{"name":"wazuh-server"},"id":"1783303223.979431","decoder":{"name":"windows_eventchannel"},"data":{"win":{"system":{"providerName":"Windows Error Reporting","eventID":"1001","version":"0","level":"4","task":"0","opcode":"0","keywords":"0x80000000000000","systemTime":"2026-07-06T02:00:44.8989669Z","eventRecordID":"6472","processID":"0","threadID":"0","channel":"Application","computer":"DESKTOP-BAC9DBQ","severityValue":"INFORMATION","message":"\"Fault bucket , type 0\r\nEvent Name: BEX64\r\nResponse: Not available\r\nCab Id: 0\r\n\r\nProblem signature:\r\nP1: powershell.exe\r\nP2: 10.0.19041.3996\r\nP3: ed60ad55\r\nP4: StackHash_bf38\r\nP5: 0.0.0.0\r\nP6: 00000000\r\nP7: PCH_9E_FROM_ntdll+0x000000000009E0F4\r\nP8: c0000005\r\nP9: 0000000000000008\r\nP10: \r\n\r\nAttached files:\r\n\\\\?\\C:\\ProgramData\\Microsoft\\Windows\\WER\\Temp\\WER1677.tmp.mdmp\r\n\\\\?\\C:\\ProgramData\\Microsoft\\Windows\\WER\\Temp\\WER1BD7.tmp.WERInternalMetadata.xml\r\n\\\\?\\C:\\ProgramData\\Microsoft\\Windows\\WER\\Temp\\WER1DBD.tmp.xml\r\n\\\\?\\C:\\ProgramData\\Microsoft\\Windows\\WER\\Temp\\WER1E93.tmp.csv\r\n\\\\?\\C:\\ProgramData\\Microsoft\\Windows\\WER\\Temp\\WER202B.tmp.txt\r\n\\\\?\\C:\\Users\\sani\\AppData\\Local\\Temp\\WER2ACE.tmp.appcompat.txt\r\n\\\\?\\C:\\ProgramData\\Microsoft\\Windows\\WER\\ReportQueue\\AppCrash_powershell.exe_88c2a861701fe995b4c34ef3e7b5e14fe3e483_fbd08ea6_cab_547b6e39-1bbd-4526-9045-cff58a28e14c\\memory.hdmp\r\n\r\nThese files may be available here:\r\n\\\\?\\C:\\ProgramData\\Microsoft\\Windows\\WER\\ReportQueue\\AppCrash_powershell.exe_88c2a861701fe995b4c34ef3e7b5e14fe3e483_fbd08ea6_cab_547b6e39-1bbd-4526-9045-cff58a28e14c\r\n\r\nAnalysis symbol: \r\nRechecking for solution: 0\r\nReport Id: 18d8c47a-c020-45e7-8c23-732d130f4e00\r\nReport Status: 102\r\nHashed bucket: \r\nCab Guid: 0\""},"eventdata":{"data":"0, BEX64, Not available, 0, powershell.exe, 10.0.19041.3996, ed60ad55, StackHash_bf38, 0.0.0.0, 00000000, PCH_9E_FROM_ntdll+0x000000000009E0F4, c0000005, 0000000000000008,   \\\\\\\\?\\\\C:\\\\ProgramData\\\\Microsoft\\\\Windows\\\\WER\\\\Temp\\\\WER1677.tmp.mdmp  \\\\\\\\?\\\\C:\\\\ProgramData\\\\Microsoft\\\\Windows\\\\WER\\\\Temp\\\\WER1BD7.tmp.WERInternalMetadata.xml  \\\\\\\\?\\\\C:\\\\ProgramData\\\\Microsoft\\\\Windows\\\\WER\\\\Temp\\\\WER1DBD.tmp.xml  \\\\\\\\?\\\\C:\\\\ProgramData\\\\Microsoft\\\\Windows\\\\WER\\\\Temp\\\\WER1E93.tmp.csv  \\\\\\\\?\\\\C:\\\\ProgramData\\\\Microsoft\\\\Windows\\\\WER\\\\Temp\\\\WER202B.tmp.txt  \\\\\\\\?\\\\C:\\\\Users\\\\sani\\\\AppData\\\\Local\\\\Temp\\\\WER2ACE.tmp.appcompat.txt  \\\\\\\\?\\\\C:\\\\ProgramData\\\\Microsoft\\\\Windows\\\\WER\\\\ReportQueue\\\\AppCrash_powershell.exe_88c2a861701fe995b4c34ef3e7b5e14fe3e483_fbd08ea6_cab_547b6e39-1bbd-4526-9045-cff58a28e14c\\\\memory.hdmp, \\\\\\\\?\\\\C:\\\\ProgramData\\\\Microsoft\\\\Windows\\\\WER\\\\ReportQueue\\\\AppCrash_powershell.exe_88c2a861701fe995b4c34ef3e7b5e14fe3e483_fbd08ea6_cab_547b6e39-1bbd-4526-9045-cff58a28e14c, 0, 18d8c47a-c020-45e7-8c23-732d130f4e00, 102, 0"}}},"location":"EventChannel"}
{"timestamp":"2026-07-06T02:00:23.688+0000","rule":{"level":4,"description":"Summary event of the report's signatures.","id":"60608","firedtimes":6,"mail":false,"groups":["windows","windows_application"]},"agent":{"id":"002","name":"DESKTOP-BAC9DBQ","ip":"192.168.1.12"},"manager":{"name":"wazuh-server"},"id":"1783303223.985312","decoder":{"name":"windows_eventchannel"},"data":{"win":{"system":{"providerName":"Windows Error Reporting","eventID":"1001","version":"0","level":"4","task":"0","opcode":"0","keywords":"0x80000000000000","systemTime":"2026-07-06T02:00:44.9603367Z","eventRecordID":"6473","processID":"0","threadID":"0","channel":"Application","computer":"DESKTOP-BAC9DBQ","severityValue":"INFORMATION","message":"\"Fault bucket , type 0\r\nEvent Name: PowerShell\r\nResponse: Not available\r\nCab Id: 0\r\n\r\nProblem signature:\r\nP1: powershell.exe\r\nP2: 10.0.19041.6456\r\nP3: System.OutOfMemoryException\r\nP4: System.OutOfMemoryException\r\nP5: utomation.Interpreter.LightDelegateCreator.Compile\r\nP6: ime.CompilerServices.RuntimeHelpers._CompileMethod\r\nP7: unknown\r\nP8: \r\nP9: \r\nP10: \r\n\r\nAttached files:\r\n\\\\?\\C:\\ProgramData\\Microsoft\\Windows\\WER\\Temp\\WER1BE0.tmp.WERInternalMetadata.xml\r\n\\\\?\\C:\\ProgramData\\Microsoft\\Windows\\WER\\Temp\\WER1CEA.tmp.xml\r\n\\\\?\\C:\\ProgramData\\Microsoft\\Windows\\WER\\Temp\\WER1E2F.tmp.csv\r\n\\\\?\\C:\\ProgramData\\Microsoft\\Windows\\WER\\Temp\\WER1EEB.tmp.txt\r\n\\\\?\\C:\\ProgramData\\Microsoft\\Windows\\WER\\Temp\\WER2112.tmp.mdmp\r\n\\\\?\\C:\\ProgramData\\Microsoft\\Windows\\WER\\ReportQueue\\Critical_powershell.exe_cdd54913dc8767ca3b3b3b44b82c3147594a717_00000000_cab_03696f23-7d24-4f8a-89a4-a1ff484c4a5e\\memory.hdmp\r\n\\\\?\\C:\\Users\\sani\\AppData\\Local\\Temp\\WERA81C.tmp.WERDataCollectionStatus.txt\r\n\r\nThese files may be available here:\r\n\\\\?\\C:\\ProgramData\\Microsoft\\Windows\\WER\\ReportQueue\\Critical_powershell.exe_cdd54913dc8767ca3b3b3b44b82c3147594a717_00000000_cab_03696f23-7d24-4f8a-89a4-a1ff484c4a5e\r\n\r\nAnalysis symbol: \r\nRechecking for solution: 0\r\nReport Id: 03696f23-7d24-4f8a-89a4-a1ff484c4a5e\r\nReport Status: 102\r\nHashed bucket: \r\nCab Guid: 0\""},"eventdata":{"data":"0, PowerShell, Not available, 0, powershell.exe, 10.0.19041.6456, System.OutOfMemoryException, System.OutOfMemoryException, utomation.Interpreter.LightDelegateCreator.Compile, ime.CompilerServices.RuntimeHelpers._CompileMethod, unknown,   \\\\\\\\?\\\\C:\\\\ProgramData\\\\Microsoft\\\\Windows\\\\WER\\\\Temp\\\\WER1BE0.tmp.WERInternalMetadata.xml  \\\\\\\\?\\\\C:\\\\ProgramData\\\\Microsoft\\\\Windows\\\\WER\\\\Temp\\\\WER1CEA.tmp.xml  \\\\\\\\?\\\\C:\\\\ProgramData\\\\Microsoft\\\\Windows\\\\WER\\\\Temp\\\\WER1E2F.tmp.csv  \\\\\\\\?\\\\C:\\\\ProgramData\\\\Microsoft\\\\Windows\\\\WER\\\\Temp\\\\WER1EEB.tmp.txt  \\\\\\\\?\\\\C:\\\\ProgramData\\\\Microsoft\\\\Windows\\\\WER\\\\Temp\\\\WER2112.tmp.mdmp  \\\\\\\\?\\\\C:\\\\ProgramData\\\\Microsoft\\\\Windows\\\\WER\\\\ReportQueue\\\\Critical_powershell.exe_cdd54913dc8767ca3b3b3b44b82c3147594a717_00000000_cab_03696f23-7d24-4f8a-89a4-a1ff484c4a5e\\\\memory.hdmp  \\\\\\\\?\\\\C:\\\\Users\\\\sani\\\\AppData\\\\Local\\\\Temp\\\\WERA81C.tmp.WERDataCollectionStatus.txt, \\\\\\\\?\\\\C:\\\\ProgramData\\\\Microsoft\\\\Windows\\\\WER\\\\ReportQueue\\\\Critical_powershell.exe_cdd54913dc8767ca3b3b3b44b82c3147594a717_00000000_cab_03696f23-7d24-4f8a-89a4-a1ff484c4a5e, 0, 03696f23-7d24-4f8a-89a4-a1ff484c4a5e, 102, 0"}}},"location":"EventChannel"}
