{"timestamp":"2026-07-06T02:00:27.756+0000","rule":{"level":4,"description":"Summary event of the report's signatures.","id":"60608","firedtimes":30,"mail":false,"groups":["windows","windows_application"]},"agent":{"id":"002","name":"DESKTOP-BAC9DBQ","ip":"192.168.1.12"},"manager":{"name":"wazuh-server"},"id":"1783303227.1074355","decoder":{"name":"windows_eventchannel"},"data":{"win":{"system":{"providerName":"Windows Error Reporting","eventID":"1001","version":"0","level":"4","task":"0","opcode":"0","keywords":"0x80000000000000","systemTime":"2026-07-06T02:00:49.0378473Z","eventRecordID":"6497","processID":"0","threadID":"0","channel":"Application","computer":"DESKTOP-BAC9DBQ","severityValue":"INFORMATION","message":"\"Fault bucket , type 0\r\nEvent Name: BEX64\r\nResponse: Not available\r\nCab Id: 0\r\n\r\nProblem signature:\r\nP1: powershell.exe\r\nP2: 10.0.19041.3996\r\nP3: ed60ad55\r\nP4: StackHash_bf38\r\nP5: 0.0.0.0\r\nP6: 00000000\r\nP7: PCH_9E_FROM_ntdll+0x000000000009E0F4\r\nP8: c0000005\r\nP9: 0000000000000008\r\nP10: \r\n\r\nAttached files:\r\n\\\\?\\C:\\ProgramData\\Microsoft\\Windows\\WER\\Temp\\WER4DD5.tmp.WERInternalMetadata.xml\r\n\r\nThese files may be available here:\r\n\\\\?\\C:\\ProgramData\\Microsoft\\Windows\\WER\\ReportQueue\\AppCrash_powershell.exe_88c2a861701fe995b4c34ef3e7b5e14fe3e483_fbd08ea6_ed5ef10d-10db-4110-84f1-36d019724f81\r\n\r\nAnalysis symbol: \r\nRechecking for solution: 0\r\nReport Id: 7147f1f3-becb-403f-ba84-0bbc079e5d1a\r\nReport Status: 4196\r\nHashed bucket: \r\nCab Guid: 0\""},"eventdata":{"data":"0, BEX64, Not available, 0, powershell.exe, 10.0.19041.3996, ed60ad55, StackHash_bf38, 0.0.0.0, 00000000, PCH_9E_FROM_ntdll+0x000000000009E0F4, c0000005, 0000000000000008,   \\\\\\\\?\\\\C:\\\\ProgramData\\\\Microsoft\\\\Windows\\\\WER\\\\Temp\\\\WER4DD5.tmp.WERInternalMetadata.xml, \\\\\\\\?\\\\C:\\\\ProgramData\\\\Microsoft\\\\Windows\\\\WER\\\\ReportQueue\\\\AppCrash_powershell.exe_88c2a861701fe995b4c34ef3e7b5e14fe3e483_fbd08ea6_ed5ef10d-10db-4110-84f1-36d019724f81, 0, 7147f1f3-becb-403f-ba84-0bbc079e5d1a, 4196, 0"}}},"location":"EventChannel"}
{"timestamp":"2026-07-06T02:00:27.859+0000","rule":{"level":4,"description":"Summary event of the report's signatures.","id":"60608","firedtimes":31,"mail":false,"groups":["windows","windows_application"]},"agent":{"id":"002","name":"DESKTOP-BAC9DBQ","ip":"192.168.1.12"},"manager":{"name":"wazuh-server"},"id":"1783303227.1077954","decoder":{"name":"windows_eventchannel"},"data":{"win":{"system":{"providerName":"Windows Error Reporting","eventID":"1001","version":"0","level":"4","task":"0","opcode":"0","keywords":"0x80000000000000","systemTime":"2026-07-06T02:00:49.1384068Z","eventRecordID":"6498","processID":"0","threadID":"0","channel":"Application","computer":"DESKTOP-BAC9DBQ","severityValue":"INFORMATION","message":"\"Fault bucket , type 0\r\nEvent Name: PowerShell\r\nResponse: Not available\r\nCab Id: 0\r\n\r\nProblem signature:\r\nP1: powershell.exe\r\nP2: 10.0.19041.6456\r\nP3: System.OutOfMemoryException\r\nP4: System.OutOfMemoryException\r\nP5: utomation.Interpreter.LightDelegateCreator.Compile\r\nP6: ime.CompilerServices.RuntimeHelpers._CompileMethod\r\nP7: unknown\r\nP8: \r\nP9: \r\nP10: \r\n\r\nAttached files:\r\n\\\\?\\C:\\ProgramData\\Microsoft\\Windows\\WER\\Temp\\WER4E43.tmp.WERInternalMetadata.xml\r\n\r\nThese files may be available here:\r\n\\\\?\\C:\\ProgramData\\Microsoft\\Windows\\WER\\ReportQueue\\Critical_powershell.exe_cdd54913dc8767ca3b3b3b44b82c3147594a717_00000000_8cfdcbe5-01d2-4bdd-88d2-109c8e792e3e\r\n\r\nAnalysis symbol: \r\nRechecking for solution: 0\r\nReport Id: 8cfdcbe5-01d2-4bdd-88d2-109c8e792e3e\r\nReport Status: 4196\r\nHashed bucket: \r\nCab Guid: 0\""},"eventdata":{"data":"0, PowerShell, Not available, 0, powershell.exe, 10.0.19041.6456, System.OutOfMemoryException, System.OutOfMemoryException, utomation.Interpreter.LightDelegateCreator.Compile, ime.CompilerServices.RuntimeHelpers._CompileMethod, unknown,   \\\\\\\\?\\\\C:\\\\ProgramData\\\\Microsoft\\\\Windows\\\\WER\\\\Temp\\\\WER4E43.tmp.WERInternalMetadata.xml, \\\\\\\\?\\\\C:\\\\ProgramData\\\\Microsoft\\\\Windows\\\\WER\\\\ReportQueue\\\\Critical_powershell.exe_cdd54913dc8767ca3b3b3b44b82c3147594a717_00000000_8cfdcbe5-01d2-4bdd-88d2-109c8e792e3e, 0, 8cfdcbe5-01d2-4bdd-88d2-109c8e792e3e, 4196, 0"}}},"location":"EventChannel"}
{"timestamp":"2026-07-06T02:00:27.954+0000","rule":{"level":4,"description":"Summary event of the report's signatures.","id":"60608","firedtimes":32,"mail":false,"groups":["windows","windows_application"]},"agent":{"id":"002","name":"DESKTOP-BAC9DBQ","ip":"192.168.1.12"},"manager":{"name":"wazuh-server"},"id":"1783303227.1081825","decoder":{"name":"windows_eventchannel"},"data":{"win":{"system":{"providerName":"Windows Error Reporting","eventID":"1001","version":"0","level":"4","task":"0","opcode":"0","keywords":"0x80000000000000","systemTime":"2026-07-06T02:00:49.2362428Z","eventRecordID":"6499","processID":"0","threadID":"0","channel":"Application","computer":"DESKTOP-BAC9DBQ","severityValue":"INFORMATION","message":"\"Fault bucket , type 0\r\nEvent Name: CLR20r3\r\nResponse: Not available\r\nCab Id: 0\r\n\r\nProblem signature:\r\nP1: powershell.exe\r\nP2: 10.0.19041.3996\r\nP3: ed60ad55\r\nP4: mscorlib\r\nP5: 4.8.9310.0\r\nP6: 67db4f22\r\nP7: 4a41\r\nP8: 1a\r\nP9: System.OutOfMemoryException\r\nP10: \r\n\r\nAttached files:\r\n\\\\?\\C:\\ProgramData\\Microsoft\\Windows\\WER\\Temp\\WER4EA2.tmp.WERInternalMetadata.xml\r\n\r\nThese files may be available here:\r\n\\\\?\\C:\\ProgramData\\Microsoft\\Windows\\WER\\ReportQueue\\AppCrash_powershell.exe_88acd2452f3e872cfc336c7f2095b0db397330_fbd08ea6_cb45ff23-fb81-4983-b57f-c525abc2a8d7\r\n\r\nAnalysis symbol: \r\nRechecking for solution: 0\r\nReport Id: 13aec8b5-2ea3-40c9-882d-f14100b4e9ae\r\nReport Status: 4196\r\nHashed bucket: \r\nCab Guid: 0\""},"eventdata":{"data":"0, CLR20r3, Not available, 0, powershell.exe, 10.0.19041.3996, ed60ad55, mscorlib, 4.8.9310.0, 67db4f22, 4a41, 1a, System.OutOfMemoryException,   \\\\\\\\?\\\\C:\\\\ProgramData\\\\Microsoft\\\\Windows\\\\WER\\\\Temp\\\\WER4EA2.tmp.WERInternalMetadata.xml, \\\\\\\\?\\\\C:\\\\ProgramData\\\\Microsoft\\\\Windows\\\\WER\\\\ReportQueue\\\\AppCrash_powershell.exe_88acd2452f3e872cfc336c7f2095b0db397330_fbd08ea6_cb45ff23-fb81-4983-b57f-c525abc2a8d7, 0, 13aec8b5-2ea3-40c9-882d-f14100b4e9ae, 4196, 0"}}},"location":"EventChannel"}
{"timestamp":"2026-07-06T02:00:28.652+0000","rule":{"level":4,"description":"Summary event of the report's signatures.","id":"60608","firedtimes":33,"mail":false,"groups":["windows","windows_application"]},"agent":{"id":"002","name":"DESKTOP-BAC9DBQ","ip":"192.168.1.12"},"manager":{"name":"wazuh-server"},"id":"1783303228.1085312","decoder":{"name":"windows_eventchannel"},"data":{"win":{"system":{"providerName":"Windows Error Reporting","eventID":"1001","version":"0","level":"4","task":"0","opcode":"0","keywords":"0x80000000000000","systemTime":"2026-07-06T02:00:49.9311078Z","eventRecordID":"6500","processID":"0","threadID":"0","channel":"Application","computer":"DESKTOP-BAC9DBQ","severityValue":"INFORMATION","message":"\"Fault bucket , type 0\r\nEvent Name: BEX64\r\nResponse: Not available\r\nCab Id: 0\r\n\r\nProblem signature:\r\nP1: powershell.exe\r\nP2: 10.0.19041.3996\r\nP3: ed60ad55\r\nP4: StackHash_bf38\r\nP5: 0.0.0.0\r\nP6: 00000000\r\nP7: PCH_9E_FROM_ntdll+0x000000000009E0F4\r\nP8: c0000005\r\nP9: 0000000000000008\r\nP10: \r\n\r\nAttached files:\r\n\\\\?\\C:\\ProgramData\\Microsoft\\Windows\\WER\\Temp\\WER4F20.tmp.WERInternalMetadata.xml\r\n\r\nThese files may be available here:\r\n\\\\?\\C:\\ProgramData\\Microsoft\\Windows\\WER\\ReportQueue\\AppCrash_powershell.exe_88c2a861701fe995b4c34ef3e7b5e14fe3e483_fbd08ea6_5e9f53d8-96e2-4425-b528-89b937641976\r\n\r\nAnalysis symbol: \r\nRechecking for solution: 0\r\nReport Id: 5bf7a0b0-c4ba-49ee-970a-01eee05878dc\r\nReport Status: 4196\r\nHashed bucket: \r\nCab Guid: 0\""},"eventdata":{"data":"0, BEX64, Not available, 0, powershell.exe, 10.0.19041.3996, ed60ad55, StackHash_bf38, 0.0.0.0, 00000000, PCH_9E_FROM_ntdll+0x000000000009E0F4, c0000005, 0000000000000008,   \\\\\\\\?\\\\C:\\\\ProgramData\\\\Microsoft\\\\Windows\\\\WER\\\\Temp\\\\WER4F20.tmp.WERInternalMetadata.xml, \\\\\\\\?\\\\C:\\\\ProgramData\\\\Microsoft\\\\Windows\\\\WER\\\\ReportQueue\\\\AppCrash_powershell.exe_88c2a861701fe995b4c34ef3e7b5e14fe3e483_fbd08ea6_5e9f53d8-96e2-4425-b528-89b937641976, 0, 5bf7a0b0-c4ba-49ee-970a-01eee05878dc, 4196, 0"}}},"location":"EventChannel"}
{"timestamp":"2026-07-06T02:00:28.760+0000","rule":{"level":4,"description":"Summary event of the report's signatures.","id":"60608","firedtimes":34,"mail":false,"groups":["windows","windows_application"]},"agent":{"id":"002","name":"DESKTOP-BAC9DBQ","ip":"192.168.1.12"},"manager":{"name":"wazuh-server"},"id":"1783303228.1088911","decoder":{"name":"windows_eventchannel"},"data":{"win":{"system":{"providerName":"Windows Error Reporting","eventID":"1001","version":"0","level":"4","task":"0","opcode":"0","keywords":"0x80000000000000","systemTime":"2026-07-06T02:00:50.0417332Z","eventRecordID":"6501","processID":"0","threadID":"0","channel":"Application","computer":"DESKTOP-BAC9DBQ","severityValue":"INFORMATION","message":"\"Fault bucket , type 0\r\nEvent Name: BEX64\r\nResponse: Not available\r\nCab Id: 0\r\n\r\nProblem signature:\r\nP1: powershell.exe\r\nP2: 10.0.19041.3996\r\nP3: ed60ad55\r\nP4: StackHash_bf38\r\nP5: 0.0.0.0\r\nP6: 00000000\r\nP7: PCH_9E_FROM_ntdll+0x000000000009E0F4\r\nP8: c0000005\r\nP9: 0000000000000008\r\nP10: \r\n\r\nAttached files:\r\n\\\\?\\C:\\ProgramData\\Microsoft\\Windows\\WER\\Temp\\WER4F7F.tmp.WERInternalMetadata.xml\r\n\r\nThese files may be available here:\r\n\\\\?\\C:\\ProgramData\\Microsoft\\Windows\\WER\\ReportQueue\\AppCrash_powershell.exe_88c2a861701fe995b4c34ef3e7b5e14fe3e483_fbd08ea6_a870eed2-3f28-4c63-a224-b995d50421e4\r\n\r\nAnalysis symbol: \r\nRechecking for solution: 0\r\nReport Id: d06389b5-8845-4b33-b465-e55b3d562b99\r\nReport Status: 4196\r\nHashed bucket: \r\nCab Guid: 0\""},"eventdata":{"data":"0, BEX64, Not available, 0, powershell.exe, 10.0.19041.3996, ed60ad55, StackHash_bf38, 0.0.0.0, 00000000, PCH_9E_FROM_ntdll+0x000000000009E0F4, c0000005, 0000000000000008,   \\\\\\\\?\\\\C:\\\\ProgramData\\\\Microsoft\\\\Windows\\\\WER\\\\Temp\\\\WER4F7F.tmp.WERInternalMetadata.xml, \\\\\\\\?\\\\C:\\\\ProgramData\\\\Microsoft\\\\Windows\\\\WER\\\\ReportQueue\\\\AppCrash_powershell.exe_88c2a861701fe995b4c34ef3e7b5e14fe3e483_fbd08ea6_a870eed2-3f28-4c63-a224-b995d50421e4, 0, d06389b5-8845-4b33-b465-e55b3d562b99, 4196, 0"}}},"location":"EventChannel"}
{"timestamp":"2026-07-06T02:00:28.855+0000","rule":{"level":4,"description":"Summary event of the report's signatures.","id":"60608","firedtimes":35,"mail":false,"groups":["windows","windows_application"]},"agent":{"id":"002","name":"DESKTOP-BAC9DBQ","ip":"192.168.1.12"},"manager":{"name":"wazuh-server"},"id":"1783303228.1092510","decoder":{"name":"windows_eventchannel"},"data":{"win":{"system":{"providerName":"Windows Error Reporting","eventID":"1001","version":"0","level":"4","task":"0","opcode":"0","keywords":"0x80000000000000","systemTime":"2026-07-06T02:00:50.1297868Z","eventRecordID":"6502","processID":"0","threadID":"0","channel":"Application","computer":"DESKTOP-BAC9DBQ","severityValue":"INFORMATION","message":"\"Fault bucket , type 0\r\nEvent Name: PowerShell\r\nResponse: Not available\r\nCab Id: 0\r\n\r\nProblem signature:\r\nP1: powershell.exe\r\nP2: 10.0.19041.6456\r\nP3: System.OutOfMemoryException\r\nP4: System.OutOfMemoryException\r\nP5: utomation.Interpreter.LightDelegateCreator.Compile\r\nP6: ime.CompilerServices.RuntimeHelpers._CompileMethod\r\nP7: unknown\r\nP8: \r\nP9: \r\nP10: \r\n\r\nAttached files:\r\n\\\\?\\C:\\ProgramData\\Microsoft\\Windows\\WER\\Temp\\WER4FDD.tmp.WERInternalMetadata.xml\r\n\r\nThese files may be available here:\r\n\\\\?\\C:\\ProgramData\\Microsoft\\Windows\\WER\\ReportQueue\\Critical_powershell.exe_cdd54913dc8767ca3b3b3b44b82c3147594a717_00000000_ba4c3767-acb4-42e8-be23-ffc22a79b906\r\n\r\nAnalysis symbol: \r\nRechecking for solution: 0\r\nReport Id: ba4c3767-acb4-42e8-be23-ffc22a79b906\r\nReport Status: 4196\r\nHashed bucket: \r\nCab Guid: 0\""},"eventdata":{"data":"0, PowerShell, Not available, 0, powershell.exe, 10.0.19041.6456, System.OutOfMemoryException, System.OutOfMemoryException, utomation.Interpreter.LightDelegateCreator.Compile, ime.CompilerServices.RuntimeHelpers._CompileMethod, unknown,   \\\\\\\\?\\\\C:\\\\ProgramData\\\\Microsoft\\\\Windows\\\\WER\\\\Temp\\\\WER4FDD.tmp.WERInternalMetadata.xml, \\\\\\\\?\\\\C:\\\\ProgramData\\\\Microsoft\\\\Windows\\\\WER\\\\ReportQueue\\\\Critical_powershell.exe_cdd54913dc8767ca3b3b3b44b82c3147594a717_00000000_ba4c3767-acb4-42e8-be23-ffc22a79b906, 0, ba4c3767-acb4-42e8-be23-ffc22a79b906, 4196, 0"}}},"location":"EventChannel"}
{"timestamp":"2026-07-06T02:00:28.947+0000","rule":{"level":4,"description":"Summary event of the report's signatures.","id":"60608","firedtimes":36,"mail":false,"groups":["windows","windows_application"]},"agent":{"id":"002","name":"DESKTOP-BAC9DBQ","ip":"192.168.1.12"},"manager":{"name":"wazuh-server"},"id":"1783303228.1096381","decoder":{"name":"windows_eventchannel"},"data":{"win":{"system":{"providerName":"Windows Error Reporting","eventID":"1001","version":"0","level":"4","task":"0","opcode":"0","keywords":"0x80000000000000","systemTime":"2026-07-06T02:00:50.2281111Z","eventRecordID":"6503","processID":"0","threadID":"0","channel":"Application","computer":"DESKTOP-BAC9DBQ","severityValue":"INFORMATION","message":"\"Fault bucket , type 0\r\nEvent Name: BEX64\r\nResponse: Not available\r\nCab Id: 0\r\n\r\nProblem signature:\r\nP1: powershell.exe\r\nP2: 10.0.19041.3996\r\nP3: ed60ad55\r\nP4: StackHash_bf38\r\nP5: 0.0.0.0\r\nP6: 00000000\r\nP7: PCH_9E_FROM_ntdll+0x000000000009E0F4\r\nP8: c0000005\r\nP9: 0000000000000008\r\nP10: \r\n\r\nAttached files:\r\n\\\\?\\C:\\ProgramData\\Microsoft\\Windows\\WER\\Temp\\WER503C.tmp.WERInternalMetadata.xml\r\n\r\nThese files may be available here:\r\n\\\\?\\C:\\ProgramData\\Microsoft\\Windows\\WER\\ReportQueue\\AppCrash_powershell.exe_88c2a861701fe995b4c34ef3e7b5e14fe3e483_fbd08ea6_57d9452a-80cc-4b3f-bb09-5b3b0f977689\r\n\r\nAnalysis symbol: \r\nRechecking for solution: 0\r\nReport Id: c3c652a3-aa3b-4dff-8fa1-70afbd5bd28e\r\nReport Status: 4196\r\nHashed bucket: \r\nCab Guid: 0\""},"eventdata":{"data":"0, BEX64, Not available, 0, powershell.exe, 10.0.19041.3996, ed60ad55, StackHash_bf38, 0.0.0.0, 00000000, PCH_9E_FROM_ntdll+0x000000000009E0F4, c0000005, 0000000000000008,   \\\\\\\\?\\\\C:\\\\ProgramData\\\\Microsoft\\\\Windows\\\\WER\\\\Temp\\\\WER503C.tmp.WERInternalMetadata.xml, \\\\\\\\?\\\\C:\\\\ProgramData\\\\Microsoft\\\\Windows\\\\WER\\\\ReportQueue\\\\AppCrash_powershell.exe_88c2a861701fe995b4c34ef3e7b5e14fe3e483_fbd08ea6_57d9452a-80cc-4b3f-bb09-5b3b0f977689, 0, c3c652a3-aa3b-4dff-8fa1-70afbd5bd28e, 4196, 0"}}},"location":"EventChannel"}
{"timestamp":"2026-07-06T02:00:29.073+0000","rule":{"level":4,"description":"Summary event of the report's signatures.","id":"60608","firedtimes":37,"mail":false,"groups":["windows","windows_application"]},"agent":{"id":"002","name":"DESKTOP-BAC9DBQ","ip":"192.168.1.12"},"manager":{"name":"wazuh-server"},"id":"1783303229.1099980","decoder":{"name":"windows_eventchannel"},"data":{"win":{"system":{"providerName":"Windows Error Reporting","eventID":"1001","version":"0","level":"4","task":"0","opcode":"0","keywords":"0x80000000000000","systemTime":"2026-07-06T02:00:50.3541447Z","eventRecordID":"6504","processID":"0","threadID":"0","channel":"Application","computer":"DESKTOP-BAC9DBQ","severityValue":"INFORMATION","message":"\"Fault bucket , type 0\r\nEvent Name: BEX64\r\nResponse: Not available\r\nCab Id: 0\r\n\r\nProblem signature:\r\nP1: powershell.exe\r\nP2: 10.0.19041.3996\r\nP3: ed60ad55\r\nP4: StackHash_bf38\r\nP5: 0.0.0.0\r\nP6: 00000000\r\nP7: PCH_9E_FROM_ntdll+0x000000000009E0F4\r\nP8: c0000005\r\nP9: 0000000000000008\r\nP10: \r\n\r\nAttached files:\r\n\\\\?\\C:\\ProgramData\\Microsoft\\Windows\\WER\\Temp\\WER509B.tmp.WERInternalMetadata.xml\r\n\r\nThese files may be available here:\r\n\\\\?\\C:\\ProgramData\\Microsoft\\Windows\\WER\\ReportQueue\\AppCrash_powershell.exe_88c2a861701fe995b4c34ef3e7b5e14fe3e483_fbd08ea6_15c6d76e-b3cf-4fe0-a66f-bf6a5611dbe3\r\n\r\nAnalysis symbol: \r\nRechecking for solution: 0\r\nReport Id: f1624259-dedb-4e92-a6b8-ecd4a71252d9\r\nReport Status: 4196\r\nHashed bucket: \r\nCab Guid: 0\""},"eventdata":{"data":"0, BEX64, Not available, 0, powershell.exe, 10.0.19041.3996, ed60ad55, StackHash_bf38, 0.0.0.0, 00000000, PCH_9E_FROM_ntdll+0x000000000009E0F4, c0000005, 0000000000000008,   \\\\\\\\?\\\\C:\\\\ProgramData\\\\Microsoft\\\\Windows\\\\WER\\\\Temp\\\\WER509B.tmp.WERInternalMetadata.xml, \\\\\\\\?\\\\C:\\\\ProgramData\\\\Microsoft\\\\Windows\\\\WER\\\\ReportQueue\\\\AppCrash_powershell.exe_88c2a861701fe995b4c34ef3e7b5e14fe3e483_fbd08ea6_15c6d76e-b3cf-4fe0-a66f-bf6a5611dbe3, 0, f1624259-dedb-4e92-a6b8-ecd4a71252d9, 4196, 0"}}},"location":"EventChannel"}
{"timestamp":"2026-07-06T02:00:29.177+0000","rule":{"level":4,"description":"Summary event of the report's signatures.","id":"60608","firedtimes":38,"mail":false,"groups":["windows","windows_application"]},"agent":{"id":"002","name":"DESKTOP-BAC9DBQ","ip":"192.168.1.12"},"manager":{"name":"wazuh-server"},"id":"1783303229.1103579","decoder":{"name":"windows_eventchannel"},"data":{"win":{"system":{"providerName":"Windows Error Reporting","eventID":"1001","version":"0","level":"4","task":"0","opcode":"0","keywords":"0x80000000000000","systemTime":"2026-07-06T02:00:50.4579689Z","eventRecordID":"6505","processID":"0","threadID":"0","channel":"Application","computer":"DESKTOP-BAC9DBQ","severityValue":"INFORMATION","message":"\"Fault bucket , type 0\r\nEvent Name: BEX64\r\nResponse: Not available\r\nCab Id: 0\r\n\r\nProblem signature:\r\nP1: powershell.exe\r\nP2: 10.0.19041.3996\r\nP3: ed60ad55\r\nP4: StackHash_bf38\r\nP5: 0.0.0.0\r\nP6: 00000000\r\nP7: PCH_9E_FROM_ntdll+0x000000000009E0F4\r\nP8: c0000005\r\nP9: 0000000000000008\r\nP10: \r\n\r\nAttached files:\r\n\\\\?\\C:\\ProgramData\\Microsoft\\Windows\\WER\\Temp\\WER51D4.tmp.WERInternalMetadata.xml\r\n\r\nThese files may be available here:\r\n\\\\?\\C:\\ProgramData\\Microsoft\\Windows\\WER\\ReportQueue\\AppCrash_powershell.exe_88c2a861701fe995b4c34ef3e7b5e14fe3e483_fbd08ea6_d3e9761c-acf5-4f87-a2e9-51eb81be4b7c\r\n\r\nAnalysis symbol: \r\nRechecking for solution: 0\r\nReport Id: 76c25d4e-2aa1-4b8d-88e5-dd1779fde40c\r\nReport Status: 4196\r\nHashed bucket: \r\nCab Guid: 0\""},"eventdata":{"data":"0, BEX64, Not available, 0, powershell.exe, 10.0.19041.3996, ed60ad55, StackHash_bf38, 0.0.0.0, 00000000, PCH_9E_FROM_ntdll+0x000000000009E0F4, c0000005, 0000000000000008,   \\\\\\\\?\\\\C:\\\\ProgramData\\\\Microsoft\\\\Windows\\\\WER\\\\Temp\\\\WER51D4.tmp.WERInternalMetadata.xml, \\\\\\\\?\\\\C:\\\\ProgramData\\\\Microsoft\\\\Windows\\\\WER\\\\ReportQueue\\\\AppCrash_powershell.exe_88c2a861701fe995b4c34ef3e7b5e14fe3e483_fbd08ea6_d3e9761c-acf5-4f87-a2e9-51eb81be4b7c, 0, 76c25d4e-2aa1-4b8d-88e5-dd1779fde40c, 4196, 0"}}},"location":"EventChannel"}
{"timestamp":"2026-07-06T02:00:29.907+0000","rule":{"level":4,"description":"Summary event of the report's signatures.","id":"60608","firedtimes":39,"mail":false,"groups":["windows","windows_application"]},"agent":{"id":"002","name":"DESKTOP-BAC9DBQ","ip":"192.168.1.12"},"manager":{"name":"wazuh-server"},"id":"1783303229.1107178","decoder":{"name":"windows_eventchannel"},"data":{"win":{"system":{"providerName":"Windows Error Reporting","eventID":"1001","version":"0","level":"4","task":"0","opcode":"0","keywords":"0x80000000000000","systemTime":"2026-07-06T02:00:51.1873185Z","eventRecordID":"6506","processID":"0","threadID":"0","channel":"Application","computer":"DESKTOP-BAC9DBQ","severityValue":"INFORMATION","message":"\"Fault bucket , type 0\r\nEvent Name: BEX64\r\nResponse: Not available\r\nCab Id: 0\r\n\r\nProblem signature:\r\nP1: powershell.exe\r\nP2: 10.0.19041.3996\r\nP3: ed60ad55\r\nP4: StackHash_bf38\r\nP5: 0.0.0.0\r\nP6: 00000000\r\nP7: PCH_9E_FROM_ntdll+0x000000000009E0F4\r\nP8: c0000005\r\nP9: 0000000000000008\r\nP10: \r\n\r\nAttached files:\r\n\\\\?\\C:\\ProgramData\\Microsoft\\Windows\\WER\\Temp\\WER535C.tmp.WERInternalMetadata.xml\r\n\r\nThese files may be available here:\r\n\\\\?\\C:\\ProgramData\\Microsoft\\Windows\\WER\\ReportQueue\\AppCrash_powershell.exe_88c2a861701fe995b4c34ef3e7b5e14fe3e483_fbd08ea6_95bdea28-01bd-4a23-897d-95b90030b3a1\r\n\r\nAnalysis symbol: \r\nRechecking for solution: 0\r\nReport Id: 44191fdc-82c4-4952-b1d3-4a5d14ac47a5\r\nReport Status: 4196\r\nHashed bucket: \r\nCab Guid: 0\""},"eventdata":{"data":"0, BEX64, Not available, 0, powershell.exe, 10.0.19041.3996, ed60ad55, StackHash_bf38, 0.0.0.0, 00000000, PCH_9E_FROM_ntdll+0x000000000009E0F4, c0000005, 0000000000000008,   \\\\\\\\?\\\\C:\\\\ProgramData\\\\Microsoft\\\\Windows\\\\WER\\\\Temp\\\\WER535C.tmp.WERInternalMetadata.xml, \\\\\\\\?\\\\C:\\\\ProgramData\\\\Microsoft\\\\Windows\\\\WER\\\\ReportQueue\\\\AppCrash_powershell.exe_88c2a861701fe995b4c34ef3e7b5e14fe3e483_fbd08ea6_95bdea28-01bd-4a23-897d-95b90030b3a1, 0, 44191fdc-82c4-4952-b1d3-4a5d14ac47a5, 4196, 0"}}},"location":"EventChannel"}
{"timestamp":"2026-07-06T02:00:29.981+0000","rule":{"level":4,"description":"Summary event of the report's signatures.","id":"60608","firedtimes":40,"mail":false,"groups":["windows","windows_application"]},"agent":{"id":"002","name":"DESKTOP-BAC9DBQ","ip":"192.168.1.12"},"manager":{"name":"wazuh-server"},"id":"1783303229.1110777","decoder":{"name":"windows_eventchannel"},"data":{"win":{"system":{"providerName":"Windows Error Reporting","eventID":"1001","version":"0","level":"4","task":"0","opcode":"0","keywords":"0x80000000000000","systemTime":"2026-07-06T02:00:51.2611698Z","eventRecordID":"6507","processID":"0","threadID":"0","channel":"Application","computer":"DESKTOP-BAC9DBQ","severityValue":"INFORMATION","message":"\"Fault bucket , type 0\r\nEvent Name: BEX64\r\nResponse: Not available\r\nCab Id: 0\r\n\r\nProblem signature:\r\nP1: powershell.exe\r\nP2: 10.0.19041.3996\r\nP3: ed60ad55\r\nP4: StackHash_bf38\r\nP5: 0.0.0.0\r\nP6: 00000000\r\nP7: PCH_9E_FROM_ntdll+0x000000000009E0F4\r\nP8: c0000005\r\nP9: 0000000000000008\r\nP10: \r\n\r\nAttached files:\r\n\\\\?\\C:\\ProgramData\\Microsoft\\Windows\\WER\\Temp\\WER54A5.tmp.WERInternalMetadata.xml\r\n\r\nThese files may be available here:\r\n\\\\?\\C:\\ProgramData\\Microsoft\\Windows\\WER\\ReportQueue\\AppCrash_powershell.exe_88c2a861701fe995b4c34ef3e7b5e14fe3e483_fbd08ea6_21beeda1-71e4-4929-873e-b4e3c8e7dce9\r\n\r\nAnalysis symbol: \r\nRechecking for solution: 0\r\nReport Id: bfc49081-d52c-41e2-89a7-54f0829f8473\r\nReport Status: 4196\r\nHashed bucket: \r\nCab Guid: 0\""},"eventdata":{"data":"0, BEX64, Not available, 0, powershell.exe, 10.0.19041.3996, ed60ad55, StackHash_bf38, 0.0.0.0, 00000000, PCH_9E_FROM_ntdll+0x000000000009E0F4, c0000005, 0000000000000008,   \\\\\\\\?\\\\C:\\\\ProgramData\\\\Microsoft\\\\Windows\\\\WER\\\\Temp\\\\WER54A5.tmp.WERInternalMetadata.xml, \\\\\\\\?\\\\C:\\\\ProgramData\\\\Microsoft\\\\Windows\\\\WER\\\\ReportQueue\\\\AppCrash_powershell.exe_88c2a861701fe995b4c34ef3e7b5e14fe3e483_fbd08ea6_21beeda1-71e4-4929-873e-b4e3c8e7dce9, 0, bfc49081-d52c-41e2-89a7-54f0829f8473, 4196, 0"}}},"location":"EventChannel"}
{"timestamp":"2026-07-06T02:00:30.072+0000","rule":{"level":4,"description":"Summary event of the report's signatures.","id":"60608","firedtimes":41,"mail":false,"groups":["windows","windows_application"]},"agent":{"id":"002","name":"DESKTOP-BAC9DBQ","ip":"192.168.1.12"},"manager":{"name":"wazuh-server"},"id":"1783303230.1114376","decoder":{"name":"windows_eventchannel"},"data":{"win":{"system":{"providerName":"Windows Error Reporting","eventID":"1001","version":"0","level":"4","task":"0","opcode":"0","keywords":"0x80000000000000","systemTime":"2026-07-06T02:00:51.3492608Z","eventRecordID":"6508","processID":"0","threadID":"0","channel":"Application","computer":"DESKTOP-BAC9DBQ","severityValue":"INFORMATION","message":"\"Fault bucket , type 0\r\nEvent Name: BEX64\r\nResponse: Not available\r\nCab Id: 0\r\n\r\nProblem signature:\r\nP1: powershell.exe\r\nP2: 10.0.19041.3996\r\nP3: ed60ad55\r\nP4: StackHash_bf38\r\nP5: 0.0.0.0\r\nP6: 00000000\r\nP7: PCH_9E_FROM_ntdll+0x000000000009E0F4\r\nP8: c0000005\r\nP9: 0000000000000008\r\nP10: \r\n\r\nAttached files:\r\n\\\\?\\C:\\ProgramData\\Microsoft\\Windows\\WER\\Temp\\WER5514.tmp.WERInternalMetadata.xml\r\n\r\nThese files may be available here:\r\n\\\\?\\C:\\ProgramData\\Microsoft\\Windows\\WER\\ReportQueue\\AppCrash_powershell.exe_88c2a861701fe995b4c34ef3e7b5e14fe3e483_fbd08ea6_b0041a91-77b0-4f07-b5d2-adc4dbe1a8e0\r\n\r\nAnalysis symbol: \r\nRechecking for solution: 0\r\nReport Id: 217636ef-6264-4932-b9ea-179c65bd7465\r\nReport Status: 4196\r\nHashed bucket: \r\nCab Guid: 0\""},"eventdata":{"data":"0, BEX64, Not available, 0, powershell.exe, 10.0.19041.3996, ed60ad55, StackHash_bf38, 0.0.0.0, 00000000, PCH_9E_FROM_ntdll+0x000000000009E0F4, c0000005, 0000000000000008,   \\\\\\\\?\\\\C:\\\\ProgramData\\\\Microsoft\\\\Windows\\\\WER\\\\Temp\\\\WER5514.tmp.WERInternalMetadata.xml, \\\\\\\\?\\\\C:\\\\ProgramData\\\\Microsoft\\\\Windows\\\\WER\\\\ReportQueue\\\\AppCrash_powershell.exe_88c2a861701fe995b4c34ef3e7b5e14fe3e483_fbd08ea6_b0041a91-77b0-4f07-b5d2-adc4dbe1a8e0, 0, 217636ef-6264-4932-b9ea-179c65bd7465, 4196, 0"}}},"location":"EventChannel"}
{"timestamp":"2026-07-06T02:00:30.157+0000","rule":{"level":4,"description":"Summary event of the report's signatures.","id":"60608","firedtimes":42,"mail":false,"groups":["windows","windows_application"]},"agent":{"id":"002","name":"DESKTOP-BAC9DBQ","ip":"192.168.1.12"},"manager":{"name":"wazuh-server"},"id":"1783303230.1117975","decoder":{"name":"windows_eventchannel"},"data":{"win":{"system":{"providerName":"Windows Error Reporting","eventID":"1001","version":"0","level":"4","task":"0","opcode":"0","keywords":"0x80000000000000","systemTime":"2026-07-06T02:00:51.4368496Z","eventRecordID":"6509","processID":"0","threadID":"0","channel":"Application","computer":"DESKTOP-BAC9DBQ","severityValue":"INFORMATION","message":"\"Fault bucket , type 0\r\nEvent Name: PowerShell\r\nResponse: Not available\r\nCab Id: 0\r\n\r\nProblem signature:\r\nP1: powershell.exe\r\nP2: 10.0.19041.6456\r\nP3: System.ComponentModel.Win32Exception\r\nP4: System.Management.Automation.Host.Host\r\nP5: oft.PowerShell.ConsoleControl+<>c.<.cctor>b__105_1\r\nP6: oft.PowerShell.ConsoleControl+<>c.<.cctor>b__105_1\r\nP7: unknown\r\nP8: \r\nP9: \r\nP10: \r\n\r\nAttached files:\r\n\\\\?\\C:\\ProgramData\\Microsoft\\Windows\\WER\\Temp\\WERABA9.tmp.WERInternalMetadata.xml\r\n\\\\?\\C:\\ProgramData\\Microsoft\\Windows\\WER\\Temp\\WERABD9.tmp.xml\r\n\\\\?\\C:\\ProgramData\\Microsoft\\Windows\\WER\\Temp\\WERABE7.tmp.csv\r\n\\\\?\\C:\\ProgramData\\Microsoft\\Windows\\WER\\Temp\\WERABF8.tmp.txt\r\n\\\\?\\C:\\ProgramData\\Microsoft\\Windows\\WER\\Temp\\WERAD51.tmp.mdmp\r\n\\\\?\\C:\\ProgramData\\Microsoft\\Windows\\WER\\ReportQueue\\Critical_powershell.exe_b632503aac359b8d60dc64146e3ae19072f947aa_00000000_cab_373b85a0-260c-4417-b8d8-da5135cbc8f0\\memory.hdmp\r\n\\\\?\\C:\\Users\\sani\\AppData\\Local\\Temp\\WERB3AB.tmp.WERDataCollectionStatus.txt\r\n\r\nThese files may be available here:\r\n\\\\?\\C:\\ProgramData\\Microsoft\\Windows\\WER\\ReportQueue\\Critical_powershell.exe_b632503aac359b8d60dc64146e3ae19072f947aa_00000000_cab_373b85a0-260c-4417-b8d8-da5135cbc8f0\r\n\r\nAnalysis symbol: \r\nRechecking for solution: 0\r\nReport Id: 373b85a0-260c-4417-b8d8-da5135cbc8f0\r\nReport Status: 100\r\nHashed bucket: \r\nCab Guid: 0\""},"eventdata":{"data":"0, PowerShell, Not available, 0, powershell.exe, 10.0.19041.6456, System.ComponentModel.Win32Exception, System.Management.Automation.Host.Host, oft.PowerShell.ConsoleControl+&lt;&gt;c.&lt;.cctor&gt;b__105_1, oft.PowerShell.ConsoleControl+&lt;&gt;c.&lt;.cctor&gt;b__105_1, unknown,   \\\\\\\\?\\\\C:\\\\ProgramData\\\\Microsoft\\\\Windows\\\\WER\\\\Temp\\\\WERABA9.tmp.WERInternalMetadata.xml  \\\\\\\\?\\\\C:\\\\ProgramData\\\\Microsoft\\\\Windows\\\\WER\\\\Temp\\\\WERABD9.tmp.xml  \\\\\\\\?\\\\C:\\\\ProgramData\\\\Microsoft\\\\Windows\\\\WER\\\\Temp\\\\WERABE7.tmp.csv  \\\\\\\\?\\\\C:\\\\ProgramData\\\\Microsoft\\\\Windows\\\\WER\\\\Temp\\\\WERABF8.tmp.txt  \\\\\\\\?\\\\C:\\\\ProgramData\\\\Microsoft\\\\Windows\\\\WER\\\\Temp\\\\WERAD51.tmp.mdmp  \\\\\\\\?\\\\C:\\\\ProgramData\\\\Microsoft\\\\Windows\\\\WER\\\\ReportQueue\\\\Critical_powershell.exe_b632503aac359b8d60dc64146e3ae19072f947aa_00000000_cab_373b85a0-260c-4417-b8d8-da5135cbc8f0\\\\memory.hdmp  \\\\\\\\?\\\\C:\\\\Users\\\\sani\\\\AppData\\\\Local\\\\Temp\\\\WERB3AB.tmp.WERDataCollectionStatus.txt, \\\\\\\\?\\\\C:\\\\ProgramData\\\\Microsoft\\\\Windows\\\\WER\\\\ReportQueue\\\\Critical_powershell.exe_b632503aac359b8d60dc64146e3ae19072f947aa_00000000_cab_373b85a0-260c-4417-b8d8-da5135cbc8f0, 0, 373b85a0-260c-4417-b8d8-da5135cbc8f0, 100, 0"}}},"location":"EventChannel"}
{"timestamp":"2026-07-06T02:00:30.236+0000","rule":{"level":4,"description":"Summary event of the report's signatures.","id":"60608","firedtimes":43,"mail":false,"groups":["windows","windows_application"]},"agent":{"id":"002","name":"DESKTOP-BAC9DBQ","ip":"192.168.1.12"},"manager":{"name":"wazuh-server"},"id":"1783303230.1124325","decoder":{"name":"windows_eventchannel"},"data":{"win":{"system":{"providerName":"Windows Error Reporting","eventID":"1001","version":"0","level":"4","task":"0","opcode":"0","keywords":"0x80000000000000","systemTime":"2026-07-06T02:00:51.5166370Z","eventRecordID":"6510","processID":"0","threadID":"0","channel":"Application","computer":"DESKTOP-BAC9DBQ","severityValue":"INFORMATION","message":"\"Fault bucket , type 0\r\nEvent Name: PowerShell\r\nResponse: Not available\r\nCab Id: 0\r\n\r\nProblem signature:\r\nP1: powershell.exe\r\nP2: 10.0.19041.6456\r\nP3: System.ComponentModel.Win32Exception\r\nP4: System.Management.Automation.Host.Host\r\nP5: oft.PowerShell.ConsoleControl+<>c.<.cctor>b__105_1\r\nP6: oft.PowerShell.ConsoleControl+<>c.<.cctor>b__105_1\r\nP7: unknown\r\nP8: \r\nP9: \r\nP10: \r\n\r\nAttached files:\r\n\\\\?\\C:\\ProgramData\\Microsoft\\Windows\\WER\\Temp\\WER4147.tmp.WERInternalMetadata.xml\r\n\r\nThese files may be available here:\r\n\\\\?\\C:\\ProgramData\\Microsoft\\Windows\\WER\\ReportQueue\\Critical_powershell.exe_b632503aac359b8d60dc64146e3ae19072f947aa_00000000_a2a38dbf-d111-4024-8759-489dd96a9fc5\r\n\r\nAnalysis symbol: \r\nRechecking for solution: 0\r\nReport Id: a2a38dbf-d111-4024-8759-489dd96a9fc5\r\nReport Status: 4196\r\nHashed bucket: \r\nCab Guid: 0\""},"eventdata":{"data":"0, PowerShell, Not available, 0, powershell.exe, 10.0.19041.6456, System.ComponentModel.Win32Exception, System.Management.Automation.Host.Host, oft.PowerShell.ConsoleControl+&lt;&gt;c.&lt;.cctor&gt;b__105_1, oft.PowerShell.ConsoleControl+&lt;&gt;c.&lt;.cctor&gt;b__105_1, unknown,   \\\\\\\\?\\\\C:\\\\ProgramData\\\\Microsoft\\\\Windows\\\\WER\\\\Temp\\\\WER4147.tmp.WERInternalMetadata.xml, \\\\\\\\?\\\\C:\\\\ProgramData\\\\Microsoft\\\\Windows\\\\WER\\\\ReportQueue\\\\Critical_powershell.exe_b632503aac359b8d60dc64146e3ae19072f947aa_00000000_a2a38dbf-d111-4024-8759-489dd96a9fc5, 0, a2a38dbf-d111-4024-8759-489dd96a9fc5, 4196, 0"}}},"location":"EventChannel"}
{"timestamp":"2026-07-06T02:00:30.317+0000","rule":{"level":4,"description":"Summary event of the report's signatures.","id":"60608","firedtimes":44,"mail":false,"groups":["windows","windows_application"]},"agent":{"id":"002","name":"DESKTOP-BAC9DBQ","ip":"192.168.1.12"},"manager":{"name":"wazuh-server"},"id":"1783303230.1128328","decoder":{"name":"windows_eventchannel"},"data":{"win":{"system":{"providerName":"Windows Error Reporting","eventID":"1001","version":"0","level":"4","task":"0","opcode":"0","keywords":"0x80000000000000","systemTime":"2026-07-06T02:00:51.5972861Z","eventRecordID":"6511","processID":"0","threadID":"0","channel":"Application","computer":"DESKTOP-BAC9DBQ","severityValue":"INFORMATION","message":"\"Fault bucket , type 0\r\nEvent Name: PowerShell\r\nResponse: Not available\r\nCab Id: 0\r\n\r\nProblem signature:\r\nP1: powershell.exe\r\nP2: 10.0.19041.6456\r\nP3: System.ComponentModel.Win32Exception\r\nP4: System.Management.Automation.Host.Host\r\nP5: oft.PowerShell.ConsoleControl+<>c.<.cctor>b__105_1\r\nP6: oft.PowerShell.ConsoleControl+<>c.<.cctor>b__105_1\r\nP7: unknown\r\nP8: \r\nP9: \r\nP10: \r\n\r\nAttached files:\r\n\\\\?\\C:\\ProgramData\\Microsoft\\Windows\\WER\\Temp\\WER2A65.tmp.WERInternalMetadata.xml\r\n\r\nThese files may be available here:\r\n\\\\?\\C:\\ProgramData\\Microsoft\\Windows\\WER\\ReportQueue\\Critical_powershell.exe_b632503aac359b8d60dc64146e3ae19072f947aa_00000000_ffac6891-041b-4803-9a6a-7c3424c8b87c\r\n\r\nAnalysis symbol: \r\nRechecking for solution: 0\r\nReport Id: ffac6891-041b-4803-9a6a-7c3424c8b87c\r\nReport Status: 4196\r\nHashed bucket: \r\nCab Guid: 0\""},"eventdata":{"data":"0, PowerShell, Not available, 0, powershell.exe, 10.0.19041.6456, System.ComponentModel.Win32Exception, System.Management.Automation.Host.Host, oft.PowerShell.ConsoleControl+&lt;&gt;c.&lt;.cctor&gt;b__105_1, oft.PowerShell.ConsoleControl+&lt;&gt;c.&lt;.cctor&gt;b__105_1, unknown,   \\\\\\\\?\\\\C:\\\\ProgramData\\\\Microsoft\\\\Windows\\\\WER\\\\Temp\\\\WER2A65.tmp.WERInternalMetadata.xml, \\\\\\\\?\\\\C:\\\\ProgramData\\\\Microsoft\\\\Windows\\\\WER\\\\ReportQueue\\\\Critical_powershell.exe_b632503aac359b8d60dc64146e3ae19072f947aa_00000000_ffac6891-041b-4803-9a6a-7c3424c8b87c, 0, ffac6891-041b-4803-9a6a-7c3424c8b87c, 4196, 0"}}},"location":"EventChannel"}
{"timestamp":"2026-07-06T02:00:30.419+0000","rule":{"level":4,"description":"Summary event of the report's signatures.","id":"60608","firedtimes":45,"mail":false,"groups":["windows","windows_application"]},"agent":{"id":"002","name":"DESKTOP-BAC9DBQ","ip":"192.168.1.12"},"manager":{"name":"wazuh-server"},"id":"1783303230.1132331","decoder":{"name":"windows_eventchannel"},"data":{"win":{"system":{"providerName":"Windows Error Reporting","eventID":"1001","version":"0","level":"4","task":"0","opcode":"0","keywords":"0x80000000000000","systemTime":"2026-07-06T02:00:51.6968474Z","eventRecordID":"6512","processID":"0","threadID":"0","channel":"Application","computer":"DESKTOP-BAC9DBQ","severityValue":"INFORMATION","message":"\"Fault bucket , type 0\r\nEvent Name: PowerShell\r\nResponse: Not available\r\nCab Id: 0\r\n\r\nProblem signature:\r\nP1: powershell.exe\r\nP2: 10.0.19041.6456\r\nP3: System.ComponentModel.Win32Exception\r\nP4: System.Management.Automation.Host.Host\r\nP5: oft.PowerShell.ConsoleControl+<>c.<.cctor>b__105_1\r\nP6: oft.PowerShell.ConsoleControl+<>c.<.cctor>b__105_1\r\nP7: unknown\r\nP8: \r\nP9: \r\nP10: \r\n\r\nAttached files:\r\n\\\\?\\C:\\ProgramData\\Microsoft\\Windows\\WER\\Temp\\WER3D3D.tmp.WERInternalMetadata.xml\r\n\r\nThese files may be available here:\r\n\\\\?\\C:\\ProgramData\\Microsoft\\Windows\\WER\\ReportQueue\\Critical_powershell.exe_b632503aac359b8d60dc64146e3ae19072f947aa_00000000_08b398e7-fe38-4e88-9d53-e3561c85f608\r\n\r\nAnalysis symbol: \r\nRechecking for solution: 0\r\nReport Id: 08b398e7-fe38-4e88-9d53-e3561c85f608\r\nReport Status: 4196\r\nHashed bucket: \r\nCab Guid: 0\""},"eventdata":{"data":"0, PowerShell, Not available, 0, powershell.exe, 10.0.19041.6456, System.ComponentModel.Win32Exception, System.Management.Automation.Host.Host, oft.PowerShell.ConsoleControl+&lt;&gt;c.&lt;.cctor&gt;b__105_1, oft.PowerShell.ConsoleControl+&lt;&gt;c.&lt;.cctor&gt;b__105_1, unknown,   \\\\\\\\?\\\\C:\\\\ProgramData\\\\Microsoft\\\\Windows\\\\WER\\\\Temp\\\\WER3D3D.tmp.WERInternalMetadata.xml, \\\\\\\\?\\\\C:\\\\ProgramData\\\\Microsoft\\\\Windows\\\\WER\\\\ReportQueue\\\\Critical_powershell.exe_b632503aac359b8d60dc64146e3ae19072f947aa_00000000_08b398e7-fe38-4e88-9d53-e3561c85f608, 0, 08b398e7-fe38-4e88-9d53-e3561c85f608, 4196, 0"}}},"location":"EventChannel"}
{"timestamp":"2026-07-06T02:00:30.502+0000","rule":{"level":4,"description":"Summary event of the report's signatures.","id":"60608","firedtimes":46,"mail":false,"groups":["windows","windows_application"]},"agent":{"id":"002","name":"DESKTOP-BAC9DBQ","ip":"192.168.1.12"},"manager":{"name":"wazuh-server"},"id":"1783303230.1136334","decoder":{"name":"windows_eventchannel"},"data":{"win":{"system":{"providerName":"Windows Error Reporting","eventID":"1001","version":"0","level":"4","task":"0","opcode":"0","keywords":"0x80000000000000","systemTime":"2026-07-06T02:00:51.7828351Z","eventRecordID":"6513","processID":"0","threadID":"0","channel":"Application","computer":"DESKTOP-BAC9DBQ","severityValue":"INFORMATION","message":"\"Fault bucket , type 0\r\nEvent Name: PowerShell\r\nResponse: Not available\r\nCab Id: 0\r\n\r\nProblem signature:\r\nP1: powershell.exe\r\nP2: 10.0.19041.6456\r\nP3: System.ComponentModel.Win32Exception\r\nP4: System.Management.Automation.Host.Host\r\nP5: oft.PowerShell.ConsoleControl+<>c.<.cctor>b__105_1\r\nP6: oft.PowerShell.ConsoleControl+<>c.<.cctor>b__105_1\r\nP7: unknown\r\nP8: \r\nP9: \r\nP10: \r\n\r\nAttached files:\r\n\\\\?\\C:\\ProgramData\\Microsoft\\Windows\\WER\\Temp\\WER5890.tmp.WERInternalMetadata.xml\r\n\r\nThese files may be available here:\r\n\\\\?\\C:\\ProgramData\\Microsoft\\Windows\\WER\\ReportQueue\\Critical_powershell.exe_b632503aac359b8d60dc64146e3ae19072f947aa_00000000_482d13df-ceb1-43a0-b305-82184e452aa2\r\n\r\nAnalysis symbol: \r\nRechecking for solution: 0\r\nReport Id: 482d13df-ceb1-43a0-b305-82184e452aa2\r\nReport Status: 4196\r\nHashed bucket: \r\nCab Guid: 0\""},"eventdata":{"data":"0, PowerShell, Not available, 0, powershell.exe, 10.0.19041.6456, System.ComponentModel.Win32Exception, System.Management.Automation.Host.Host, oft.PowerShell.ConsoleControl+&lt;&gt;c.&lt;.cctor&gt;b__105_1, oft.PowerShell.ConsoleControl+&lt;&gt;c.&lt;.cctor&gt;b__105_1, unknown,   \\\\\\\\?\\\\C:\\\\ProgramData\\\\Microsoft\\\\Windows\\\\WER\\\\Temp\\\\WER5890.tmp.WERInternalMetadata.xml, \\\\\\\\?\\\\C:\\\\ProgramData\\\\Microsoft\\\\Windows\\\\WER\\\\ReportQueue\\\\Critical_powershell.exe_b632503aac359b8d60dc64146e3ae19072f947aa_00000000_482d13df-ceb1-43a0-b305-82184e452aa2, 0, 482d13df-ceb1-43a0-b305-82184e452aa2, 4196, 0"}}},"location":"EventChannel"}
{"timestamp":"2026-07-06T02:00:31.081+0000","rule":{"level":4,"description":"Summary event of the report's signatures.","id":"60608","firedtimes":47,"mail":false,"groups":["windows","windows_application"]},"agent":{"id":"002","name":"DESKTOP-BAC9DBQ","ip":"192.168.1.12"},"manager":{"name":"wazuh-server"},"id":"1783303231.1140337","decoder":{"name":"windows_eventchannel"},"data":{"win":{"system":{"providerName":"Windows Error Reporting","eventID":"1001","version":"0","level":"4","task":"0","opcode":"0","keywords":"0x80000000000000","systemTime":"2026-07-06T02:00:52.3382996Z","eventRecordID":"6514","processID":"0","threadID":"0","channel":"Application","computer":"DESKTOP-BAC9DBQ","severityValue":"INFORMATION","message":"\"Fault bucket , type 0\r\nEvent Name: StoreAgentScanForUpdatesFailure0\r\nResponse: Not available\r\nCab Id: 0\r\n\r\nProblem signature:\r\nP1: Update;\r\nP2: 8024402c\r\nP3: 19045\r\nP4: 6456\r\nP5: Windows.Desktop\r\nP6: \r\nP7: \r\nP8: \r\nP9: \r\nP10: \r\n\r\nAttached files:\r\n\\\\?\\C:\\ProgramData\\Microsoft\\Windows\\WER\\Temp\\WERC70C.tmp.WERInternalMetadata.xml\r\n\\\\?\\C:\\ProgramData\\Microsoft\\Windows\\WER\\Temp\\WERC827.tmp.xml\r\n\\\\?\\C:\\ProgramData\\Microsoft\\Windows\\WER\\Temp\\WERC8C2.tmp.csv\r\n\\\\?\\C:\\ProgramData\\Microsoft\\Windows\\WER\\Temp\\WERC921.tmp.txt\r\n\r\nThese files may be available here:\r\n\\\\?\\C:\\ProgramData\\Microsoft\\Windows\\WER\\ReportQueue\\NonCritical_Update;_24e0d5c4b5b7767c1e5f2ce1c61250763e7514_00000000_cab_54af57ca-c2fb-4c30-b0e3-5a0de0a78cb2\r\n\r\nAnalysis symbol: \r\nRechecking for solution: 0\r\nReport Id: 54af57ca-c2fb-4c30-b0e3-5a0de0a78cb2\r\nReport Status: 100\r\nHashed bucket: \r\nCab Guid: 0\""},"eventdata":{"data":"0, StoreAgentScanForUpdatesFailure0, Not available, 0, Update;, 8024402c, 19045, 6456, Windows.Desktop,   \\\\\\\\?\\\\C:\\\\ProgramData\\\\Microsoft\\\\Windows\\\\WER\\\\Temp\\\\WERC70C.tmp.WERInternalMetadata.xml  \\\\\\\\?\\\\C:\\\\ProgramData\\\\Microsoft\\\\Windows\\\\WER\\\\Temp\\\\WERC827.tmp.xml  \\\\\\\\?\\\\C:\\\\ProgramData\\\\Microsoft\\\\Windows\\\\WER\\\\Temp\\\\WERC8C2.tmp.csv  \\\\\\\\?\\\\C:\\\\ProgramData\\\\Microsoft\\\\Windows\\\\WER\\\\Temp\\\\WERC921.tmp.txt, \\\\\\\\?\\\\C:\\\\ProgramData\\\\Microsoft\\\\Windows\\\\WER\\\\ReportQueue\\\\NonCritical_Update;_24e0d5c4b5b7767c1e5f2ce1c61250763e7514_00000000_cab_54af57ca-c2fb-4c30-b0e3-5a0de0a78cb2, 0, 54af57ca-c2fb-4c30-b0e3-5a0de0a78cb2, 100, 0"}}},"location":"EventChannel"}
{"timestamp":"2026-07-06T02:00:31.181+0000","rule":{"level":4,"description":"Summary event of the report's signatures.","id":"60608","firedtimes":48,"mail":false,"groups":["windows","windows_application"]},"agent":{"id":"002","name":"DESKTOP-BAC9DBQ","ip":"192.168.1.12"},"manager":{"name":"wazuh-server"},"id":"1783303231.1144573","decoder":{"name":"windows_eventchannel"},"data":{"win":{"system":{"providerName":"Windows Error Reporting","eventID":"1001","version":"0","level":"4","task":"0","opcode":"0","keywords":"0x80000000000000","systemTime":"2026-07-06T02:00:52.4599089Z","eventRecordID":"6515","processID":"0","threadID":"0","channel":"Application","computer":"DESKTOP-BAC9DBQ","severityValue":"INFORMATION","message":"\"Fault bucket , type 0\r\nEvent Name: StoreAgentScanForUpdatesFailure0\r\nResponse: Not available\r\nCab Id: 0\r\n\r\nProblem signature:\r\nP1: Update;\r\nP2: 8024402c\r\nP3: 19045\r\nP4: 6456\r\nP5: Windows.Desktop\r\nP6: \r\nP7: \r\nP8: \r\nP9: \r\nP10: \r\n\r\nAttached files:\r\n\\\\?\\C:\\ProgramData\\Microsoft\\Windows\\WER\\Temp\\WER354F.tmp.WERInternalMetadata.xml\r\n\r\nThese files may be available here:\r\n\\\\?\\C:\\ProgramData\\Microsoft\\Windows\\WER\\ReportQueue\\NonCritical_Update;_24e0d5c4b5b7767c1e5f2ce1c61250763e7514_00000000_771c114a-b795-4169-bfeb-677c8d0f0974\r\n\r\nAnalysis symbol: \r\nRechecking for solution: 0\r\nReport Id: 771c114a-b795-4169-bfeb-677c8d0f0974\r\nReport Status: 4196\r\nHashed bucket: \r\nCab Guid: 0\""},"eventdata":{"data":"0, StoreAgentScanForUpdatesFailure0, Not available, 0, Update;, 8024402c, 19045, 6456, Windows.Desktop,   \\\\\\\\?\\\\C:\\\\ProgramData\\\\Microsoft\\\\Windows\\\\WER\\\\Temp\\\\WER354F.tmp.WERInternalMetadata.xml, \\\\\\\\?\\\\C:\\\\ProgramData\\\\Microsoft\\\\Windows\\\\WER\\\\ReportQueue\\\\NonCritical_Update;_24e0d5c4b5b7767c1e5f2ce1c61250763e7514_00000000_771c114a-b795-4169-bfeb-677c8d0f0974, 0, 771c114a-b795-4169-bfeb-677c8d0f0974, 4196, 0"}}},"location":"EventChannel"}
{"timestamp":"2026-07-06T02:00:31.264+0000","rule":{"level":4,"description":"Summary event of the report's signatures.","id":"60608","firedtimes":49,"mail":false,"groups":["windows","windows_application"]},"agent":{"id":"002","name":"DESKTOP-BAC9DBQ","ip":"192.168.1.12"},"manager":{"name":"wazuh-server"},"id":"1783303231.1147900","decoder":{"name":"windows_eventchannel"},"data":{"win":{"system":{"providerName":"Windows Error Reporting","eventID":"1001","version":"0","level":"4","task":"0","opcode":"0","keywords":"0x80000000000000","systemTime":"2026-07-06T02:00:52.5441132Z","eventRecordID":"6516","processID":"0","threadID":"0","channel":"Application","computer":"DESKTOP-BAC9DBQ","severityValue":"INFORMATION","message":"\"Fault bucket , type 0\r\nEvent Name: StoreAgentScanForUpdatesFailure0\r\nResponse: Not available\r\nCab Id: 0\r\n\r\nProblem signature:\r\nP1: Update;\r\nP2: 8024402c\r\nP3: 19045\r\nP4: 6456\r\nP5: Windows.Desktop\r\nP6: \r\nP7: \r\nP8: \r\nP9: \r\nP10: \r\n\r\nAttached files:\r\n\\\\?\\C:\\ProgramData\\Microsoft\\Windows\\WER\\Temp\\WER71FD.tmp.WERInternalMetadata.xml\r\n\r\nThese files may be available here:\r\n\\\\?\\C:\\ProgramData\\Microsoft\\Windows\\WER\\ReportQueue\\NonCritical_Update;_24e0d5c4b5b7767c1e5f2ce1c61250763e7514_00000000_46f86118-60c3-45f0-ba9c-43261d416fcf\r\n\r\nAnalysis symbol: \r\nRechecking for solution: 0\r\nReport Id: 46f86118-60c3-45f0-ba9c-43261d416fcf\r\nReport Status: 4196\r\nHashed bucket: \r\nCab Guid: 0\""},"eventdata":{"data":"0, StoreAgentScanForUpdatesFailure0, Not available, 0, Update;, 8024402c, 19045, 6456, Windows.Desktop,   \\\\\\\\?\\\\C:\\\\ProgramData\\\\Microsoft\\\\Windows\\\\WER\\\\Temp\\\\WER71FD.tmp.WERInternalMetadata.xml, \\\\\\\\?\\\\C:\\\\ProgramData\\\\Microsoft\\\\Windows\\\\WER\\\\ReportQueue\\\\NonCritical_Update;_24e0d5c4b5b7767c1e5f2ce1c61250763e7514_00000000_46f86118-60c3-45f0-ba9c-43261d416fcf, 0, 46f86118-60c3-45f0-ba9c-43261d416fcf, 4196, 0"}}},"location":"EventChannel"}
{"timestamp":"2026-07-06T02:00:31.343+0000","rule":{"level":4,"description":"Summary event of the report's signatures.","id":"60608","firedtimes":50,"mail":false,"groups":["windows","windows_application"]},"agent":{"id":"002","name":"DESKTOP-BAC9DBQ","ip":"192.168.1.12"},"manager":{"name":"wazuh-server"},"id":"1783303231.1151227","decoder":{"name":"windows_eventchannel"},"data":{"win":{"system":{"providerName":"Windows Error Reporting","eventID":"1001","version":"0","level":"4","task":"0","opcode":"0","keywords":"0x80000000000000","systemTime":"2026-07-06T02:00:52.6222500Z","eventRecordID":"6517","processID":"0","threadID":"0","channel":"Application","computer":"DESKTOP-BAC9DBQ","severityValue":"INFORMATION","message":"\"Fault bucket , type 0\r\nEvent Name: StoreAgentScanForUpdatesFailure0\r\nResponse: Not available\r\nCab Id: 0\r\n\r\nProblem signature:\r\nP1: Update;\r\nP2: 8024402c\r\nP3: 19045\r\nP4: 6456\r\nP5: Windows.Desktop\r\nP6: \r\nP7: \r\nP8: \r\nP9: \r\nP10: \r\n\r\nAttached files:\r\n\\\\?\\C:\\ProgramData\\Microsoft\\Windows\\WER\\Temp\\WER1EF1.tmp.WERInternalMetadata.xml\r\n\r\nThese files may be available here:\r\n\\\\?\\C:\\ProgramData\\Microsoft\\Windows\\WER\\ReportQueue\\NonCritical_Update;_24e0d5c4b5b7767c1e5f2ce1c61250763e7514_00000000_20387330-c3ae-4e7c-95f5-a418f5b90837\r\n\r\nAnalysis symbol: \r\nRechecking for solution: 0\r\nReport Id: 20387330-c3ae-4e7c-95f5-a418f5b90837\r\nReport Status: 4196\r\nHashed bucket: \r\nCab Guid: 0\""},"eventdata":{"data":"0, StoreAgentScanForUpdatesFailure0, Not available, 0, Update;, 8024402c, 19045, 6456, Windows.Desktop,   \\\\\\\\?\\\\C:\\\\ProgramData\\\\Microsoft\\\\Windows\\\\WER\\\\Temp\\\\WER1EF1.tmp.WERInternalMetadata.xml, \\\\\\\\?\\\\C:\\\\ProgramData\\\\Microsoft\\\\Windows\\\\WER\\\\ReportQueue\\\\NonCritical_Update;_24e0d5c4b5b7767c1e5f2ce1c61250763e7514_00000000_20387330-c3ae-4e7c-95f5-a418f5b90837, 0, 20387330-c3ae-4e7c-95f5-a418f5b90837, 4196, 0"}}},"location":"EventChannel"}
