{"timestamp":"2026-07-14T08:22:19.559+0000","rule":{"level":4,"description":"Summary event of the report's signatures.","id":"60608","firedtimes":45,"mail":false,"groups":["windows","windows_application"]},"agent":{"id":"002","name":"DESKTOP-BAC9DBQ","ip":"192.168.1.12"},"manager":{"name":"wazuh-server"},"id":"1784017339.1737256","decoder":{"name":"windows_eventchannel"},"data":{"win":{"system":{"providerName":"Windows Error Reporting","eventID":"1001","version":"0","level":"4","task":"0","opcode":"0","keywords":"0x80000000000000","systemTime":"2026-07-14T08:22:49.2976815Z","eventRecordID":"7875","processID":"0","threadID":"0","channel":"Application","computer":"DESKTOP-BAC9DBQ","severityValue":"INFORMATION","message":"\"Fault bucket , type 0\r\nEvent Name: APPCRASH\r\nResponse: Not available\r\nCab Id: 0\r\n\r\nProblem signature:\r\nP1: powershell.exe\r\nP2: 10.0.19041.3996\r\nP3: ed60ad55\r\nP4: clr.dll\r\nP5: 4.8.9310.0\r\nP6: 67db4f32\r\nP7: c00000fd\r\nP8: 00000000000513af\r\nP9: \r\nP10: \r\n\r\nAttached files:\r\n\\\\?\\C:\\ProgramData\\Microsoft\\Windows\\WER\\Temp\\WER59CD.tmp.mdmp\r\n\\\\?\\C:\\ProgramData\\Microsoft\\Windows\\WER\\Temp\\WER5F3D.tmp.WERInternalMetadata.xml\r\n\\\\?\\C:\\ProgramData\\Microsoft\\Windows\\WER\\Temp\\WER5FAB.tmp.xml\r\n\\\\?\\C:\\ProgramData\\Microsoft\\Windows\\WER\\Temp\\WER5FB9.tmp.csv\r\n\\\\?\\C:\\ProgramData\\Microsoft\\Windows\\WER\\Temp\\WER5FD9.tmp.txt\r\n\\\\?\\C:\\Users\\sani\\AppData\\Local\\Temp\\WER60C7.tmp.appcompat.txt\r\n\\\\?\\C:\\ProgramData\\Microsoft\\Windows\\WER\\ReportQueue\\AppCrash_powershell.exe_9d6b4b138f6f2041bca6bc98aa8ca5ea2c63be75_fbd08ea6_cab_2c6c6984-f733-42e1-b915-e00cf3630106\\memory.hdmp\r\n\r\nThese files may be available here:\r\n\\\\?\\C:\\ProgramData\\Microsoft\\Windows\\WER\\ReportQueue\\AppCrash_powershell.exe_9d6b4b138f6f2041bca6bc98aa8ca5ea2c63be75_fbd08ea6_cab_2c6c6984-f733-42e1-b915-e00cf3630106\r\n\r\nAnalysis symbol: \r\nRechecking for solution: 0\r\nReport Id: d4712df6-867a-4edd-915e-52376e5b8f45\r\nReport Status: 100\r\nHashed bucket: \r\nCab Guid: 0\""},"eventdata":{"data":"0, APPCRASH, Not available, 0, powershell.exe, 10.0.19041.3996, ed60ad55, clr.dll, 4.8.9310.0, 67db4f32, c00000fd, 00000000000513af,   \\\\\\\\?\\\\C:\\\\ProgramData\\\\Microsoft\\\\Windows\\\\WER\\\\Temp\\\\WER59CD.tmp.mdmp  \\\\\\\\?\\\\C:\\\\ProgramData\\\\Microsoft\\\\Windows\\\\WER\\\\Temp\\\\WER5F3D.tmp.WERInternalMetadata.xml  \\\\\\\\?\\\\C:\\\\ProgramData\\\\Microsoft\\\\Windows\\\\WER\\\\Temp\\\\WER5FAB.tmp.xml  \\\\\\\\?\\\\C:\\\\ProgramData\\\\Microsoft\\\\Windows\\\\WER\\\\Temp\\\\WER5FB9.tmp.csv  \\\\\\\\?\\\\C:\\\\ProgramData\\\\Microsoft\\\\Windows\\\\WER\\\\Temp\\\\WER5FD9.tmp.txt  \\\\\\\\?\\\\C:\\\\Users\\\\sani\\\\AppData\\\\Local\\\\Temp\\\\WER60C7.tmp.appcompat.txt  \\\\\\\\?\\\\C:\\\\ProgramData\\\\Microsoft\\\\Windows\\\\WER\\\\ReportQueue\\\\AppCrash_powershell.exe_9d6b4b138f6f2041bca6bc98aa8ca5ea2c63be75_fbd08ea6_cab_2c6c6984-f733-42e1-b915-e00cf3630106\\\\memory.hdmp, \\\\\\\\?\\\\C:\\\\ProgramData\\\\Microsoft\\\\Windows\\\\WER\\\\ReportQueue\\\\AppCrash_powershell.exe_9d6b4b138f6f2041bca6bc98aa8ca5ea2c63be75_fbd08ea6_cab_2c6c6984-f733-42e1-b915-e00cf3630106, 0, d4712df6-867a-4edd-915e-52376e5b8f45, 100, 0"}}},"location":"EventChannel"}
{"timestamp":"2026-07-14T08:22:19.637+0000","rule":{"level":4,"description":"Summary event of the report's signatures.","id":"60608","firedtimes":46,"mail":false,"groups":["windows","windows_application"]},"agent":{"id":"002","name":"DESKTOP-BAC9DBQ","ip":"192.168.1.12"},"manager":{"name":"wazuh-server"},"id":"1784017339.1743002","decoder":{"name":"windows_eventchannel"},"data":{"win":{"system":{"providerName":"Windows Error Reporting","eventID":"1001","version":"0","level":"4","task":"0","opcode":"0","keywords":"0x80000000000000","systemTime":"2026-07-14T08:22:49.3742927Z","eventRecordID":"7876","processID":"0","threadID":"0","channel":"Application","computer":"DESKTOP-BAC9DBQ","severityValue":"INFORMATION","message":"\"Fault bucket , type 0\r\nEvent Name: APPCRASH\r\nResponse: Not available\r\nCab Id: 0\r\n\r\nProblem signature:\r\nP1: powershell.exe\r\nP2: 10.0.19041.3996\r\nP3: ed60ad55\r\nP4: clr.dll\r\nP5: 4.8.9310.0\r\nP6: 67db4f32\r\nP7: c00000fd\r\nP8: 00000000000513af\r\nP9: \r\nP10: \r\n\r\nAttached files:\r\n\\\\?\\C:\\ProgramData\\Microsoft\\Windows\\WER\\Temp\\WERB907.tmp.WERInternalMetadata.xml\r\n\r\nThese files may be available here:\r\n\\\\?\\C:\\ProgramData\\Microsoft\\Windows\\WER\\ReportQueue\\AppCrash_powershell.exe_9d6b4b138f6f2041bca6bc98aa8ca5ea2c63be75_fbd08ea6_43b9453c-18f4-4757-9012-3cfc03acbe84\r\n\r\nAnalysis symbol: \r\nRechecking for solution: 0\r\nReport Id: 97e5f59c-725b-4c43-90ee-6dd6dd90b41b\r\nReport Status: 4196\r\nHashed bucket: \r\nCab Guid: 0\""},"eventdata":{"data":"0, APPCRASH, Not available, 0, powershell.exe, 10.0.19041.3996, ed60ad55, clr.dll, 4.8.9310.0, 67db4f32, c00000fd, 00000000000513af,   \\\\\\\\?\\\\C:\\\\ProgramData\\\\Microsoft\\\\Windows\\\\WER\\\\Temp\\\\WERB907.tmp.WERInternalMetadata.xml, \\\\\\\\?\\\\C:\\\\ProgramData\\\\Microsoft\\\\Windows\\\\WER\\\\ReportQueue\\\\AppCrash_powershell.exe_9d6b4b138f6f2041bca6bc98aa8ca5ea2c63be75_fbd08ea6_43b9453c-18f4-4757-9012-3cfc03acbe84, 0, 97e5f59c-725b-4c43-90ee-6dd6dd90b41b, 4196, 0"}}},"location":"EventChannel"}
{"timestamp":"2026-07-14T08:22:19.723+0000","rule":{"level":4,"description":"Summary event of the report's signatures.","id":"60608","firedtimes":47,"mail":false,"groups":["windows","windows_application"]},"agent":{"id":"002","name":"DESKTOP-BAC9DBQ","ip":"192.168.1.12"},"manager":{"name":"wazuh-server"},"id":"1784017339.1746457","decoder":{"name":"windows_eventchannel"},"data":{"win":{"system":{"providerName":"Windows Error Reporting","eventID":"1001","version":"0","level":"4","task":"0","opcode":"0","keywords":"0x80000000000000","systemTime":"2026-07-14T08:22:49.4597591Z","eventRecordID":"7877","processID":"0","threadID":"0","channel":"Application","computer":"DESKTOP-BAC9DBQ","severityValue":"INFORMATION","message":"\"Fault bucket , type 0\r\nEvent Name: StoreAgentScanForUpdatesFailure0\r\nResponse: Not available\r\nCab Id: 0\r\n\r\nProblem signature:\r\nP1: Update;\r\nP2: 8024402c\r\nP3: 19045\r\nP4: 6456\r\nP5: Windows.Desktop\r\nP6: \r\nP7: \r\nP8: \r\nP9: \r\nP10: \r\n\r\nAttached files:\r\n\\\\?\\C:\\ProgramData\\Microsoft\\Windows\\WER\\Temp\\WER2426.tmp.WERInternalMetadata.xml\r\n\r\nThese files may be available here:\r\n\\\\?\\C:\\ProgramData\\Microsoft\\Windows\\WER\\ReportQueue\\NonCritical_Update;_24e0d5c4b5b7767c1e5f2ce1c61250763e7514_00000000_b83b27f7-1cb4-4393-a8e6-3f4f004c1498\r\n\r\nAnalysis symbol: \r\nRechecking for solution: 0\r\nReport Id: b83b27f7-1cb4-4393-a8e6-3f4f004c1498\r\nReport Status: 4196\r\nHashed bucket: \r\nCab Guid: 0\""},"eventdata":{"data":"0, StoreAgentScanForUpdatesFailure0, Not available, 0, Update;, 8024402c, 19045, 6456, Windows.Desktop,   \\\\\\\\?\\\\C:\\\\ProgramData\\\\Microsoft\\\\Windows\\\\WER\\\\Temp\\\\WER2426.tmp.WERInternalMetadata.xml, \\\\\\\\?\\\\C:\\\\ProgramData\\\\Microsoft\\\\Windows\\\\WER\\\\ReportQueue\\\\NonCritical_Update;_24e0d5c4b5b7767c1e5f2ce1c61250763e7514_00000000_b83b27f7-1cb4-4393-a8e6-3f4f004c1498, 0, b83b27f7-1cb4-4393-a8e6-3f4f004c1498, 4196, 0"}}},"location":"EventChannel"}
{"timestamp":"2026-07-14T08:22:19.795+0000","rule":{"level":4,"description":"Summary event of the report's signatures.","id":"60608","firedtimes":48,"mail":false,"groups":["windows","windows_application"]},"agent":{"id":"002","name":"DESKTOP-BAC9DBQ","ip":"192.168.1.12"},"manager":{"name":"wazuh-server"},"id":"1784017339.1749784","decoder":{"name":"windows_eventchannel"},"data":{"win":{"system":{"providerName":"Windows Error Reporting","eventID":"1001","version":"0","level":"4","task":"0","opcode":"0","keywords":"0x80000000000000","systemTime":"2026-07-14T08:22:49.5330793Z","eventRecordID":"7878","processID":"0","threadID":"0","channel":"Application","computer":"DESKTOP-BAC9DBQ","severityValue":"INFORMATION","message":"\"Fault bucket , type 0\r\nEvent Name: StoreAgentScanForUpdatesFailure0\r\nResponse: Not available\r\nCab Id: 0\r\n\r\nProblem signature:\r\nP1: Update;\r\nP2: 8024402c\r\nP3: 19045\r\nP4: 6456\r\nP5: Windows.Desktop\r\nP6: \r\nP7: \r\nP8: \r\nP9: \r\nP10: \r\n\r\nAttached files:\r\n\\\\?\\C:\\ProgramData\\Microsoft\\Windows\\WER\\Temp\\WER604C.tmp.WERInternalMetadata.xml\r\n\r\nThese files may be available here:\r\n\\\\?\\C:\\ProgramData\\Microsoft\\Windows\\WER\\ReportQueue\\NonCritical_Update;_24e0d5c4b5b7767c1e5f2ce1c61250763e7514_00000000_817baf9f-071b-438f-8ff3-3cd2ef3781bc\r\n\r\nAnalysis symbol: \r\nRechecking for solution: 0\r\nReport Id: 817baf9f-071b-438f-8ff3-3cd2ef3781bc\r\nReport Status: 4196\r\nHashed bucket: \r\nCab Guid: 0\""},"eventdata":{"data":"0, StoreAgentScanForUpdatesFailure0, Not available, 0, Update;, 8024402c, 19045, 6456, Windows.Desktop,   \\\\\\\\?\\\\C:\\\\ProgramData\\\\Microsoft\\\\Windows\\\\WER\\\\Temp\\\\WER604C.tmp.WERInternalMetadata.xml, \\\\\\\\?\\\\C:\\\\ProgramData\\\\Microsoft\\\\Windows\\\\WER\\\\ReportQueue\\\\NonCritical_Update;_24e0d5c4b5b7767c1e5f2ce1c61250763e7514_00000000_817baf9f-071b-438f-8ff3-3cd2ef3781bc, 0, 817baf9f-071b-438f-8ff3-3cd2ef3781bc, 4196, 0"}}},"location":"EventChannel"}
{"timestamp":"2026-07-14T08:22:19.881+0000","rule":{"level":4,"description":"Summary event of the report's signatures.","id":"60608","firedtimes":49,"mail":false,"groups":["windows","windows_application"]},"agent":{"id":"002","name":"DESKTOP-BAC9DBQ","ip":"192.168.1.12"},"manager":{"name":"wazuh-server"},"id":"1784017339.1753111","decoder":{"name":"windows_eventchannel"},"data":{"win":{"system":{"providerName":"Windows Error Reporting","eventID":"1001","version":"0","level":"4","task":"0","opcode":"0","keywords":"0x80000000000000","systemTime":"2026-07-14T08:22:49.6176927Z","eventRecordID":"7879","processID":"0","threadID":"0","channel":"Application","computer":"DESKTOP-BAC9DBQ","severityValue":"INFORMATION","message":"\"Fault bucket , type 0\r\nEvent Name: StoreAgentScanForUpdatesFailure0\r\nResponse: Not available\r\nCab Id: 0\r\n\r\nProblem signature:\r\nP1: Update;\r\nP2: 8024402c\r\nP3: 19045\r\nP4: 6456\r\nP5: Windows.Desktop\r\nP6: \r\nP7: \r\nP8: \r\nP9: \r\nP10: \r\n\r\nAttached files:\r\n\\\\?\\C:\\ProgramData\\Microsoft\\Windows\\WER\\Temp\\WER4FFA.tmp.WERInternalMetadata.xml\r\n\r\nThese files may be available here:\r\n\\\\?\\C:\\ProgramData\\Microsoft\\Windows\\WER\\ReportQueue\\NonCritical_Update;_24e0d5c4b5b7767c1e5f2ce1c61250763e7514_00000000_5864e9f9-c2cb-4b3d-8574-ff139937970a\r\n\r\nAnalysis symbol: \r\nRechecking for solution: 0\r\nReport Id: 5864e9f9-c2cb-4b3d-8574-ff139937970a\r\nReport Status: 4196\r\nHashed bucket: \r\nCab Guid: 0\""},"eventdata":{"data":"0, StoreAgentScanForUpdatesFailure0, Not available, 0, Update;, 8024402c, 19045, 6456, Windows.Desktop,   \\\\\\\\?\\\\C:\\\\ProgramData\\\\Microsoft\\\\Windows\\\\WER\\\\Temp\\\\WER4FFA.tmp.WERInternalMetadata.xml, \\\\\\\\?\\\\C:\\\\ProgramData\\\\Microsoft\\\\Windows\\\\WER\\\\ReportQueue\\\\NonCritical_Update;_24e0d5c4b5b7767c1e5f2ce1c61250763e7514_00000000_5864e9f9-c2cb-4b3d-8574-ff139937970a, 0, 5864e9f9-c2cb-4b3d-8574-ff139937970a, 4196, 0"}}},"location":"EventChannel"}
{"timestamp":"2026-07-14T08:22:19.949+0000","rule":{"level":4,"description":"Summary event of the report's signatures.","id":"60608","firedtimes":50,"mail":false,"groups":["windows","windows_application"]},"agent":{"id":"002","name":"DESKTOP-BAC9DBQ","ip":"192.168.1.12"},"manager":{"name":"wazuh-server"},"id":"1784017339.1756438","decoder":{"name":"windows_eventchannel"},"data":{"win":{"system":{"providerName":"Windows Error Reporting","eventID":"1001","version":"0","level":"4","task":"0","opcode":"0","keywords":"0x80000000000000","systemTime":"2026-07-14T08:22:49.6875789Z","eventRecordID":"7880","processID":"0","threadID":"0","channel":"Application","computer":"DESKTOP-BAC9DBQ","severityValue":"INFORMATION","message":"\"Fault bucket , type 0\r\nEvent Name: StoreAgentScanForUpdatesFailure0\r\nResponse: Not available\r\nCab Id: 0\r\n\r\nProblem signature:\r\nP1: Update;\r\nP2: 8024402c\r\nP3: 19045\r\nP4: 6456\r\nP5: Windows.Desktop\r\nP6: \r\nP7: \r\nP8: \r\nP9: \r\nP10: \r\n\r\nAttached files:\r\n\\\\?\\C:\\ProgramData\\Microsoft\\Windows\\WER\\Temp\\WERD27.tmp.WERInternalMetadata.xml\r\n\r\nThese files may be available here:\r\n\\\\?\\C:\\ProgramData\\Microsoft\\Windows\\WER\\ReportQueue\\NonCritical_Update;_24e0d5c4b5b7767c1e5f2ce1c61250763e7514_00000000_ca7e6241-9f8c-4b71-9967-3db68714e509\r\n\r\nAnalysis symbol: \r\nRechecking for solution: 0\r\nReport Id: ca7e6241-9f8c-4b71-9967-3db68714e509\r\nReport Status: 4196\r\nHashed bucket: \r\nCab Guid: 0\""},"eventdata":{"data":"0, StoreAgentScanForUpdatesFailure0, Not available, 0, Update;, 8024402c, 19045, 6456, Windows.Desktop,   \\\\\\\\?\\\\C:\\\\ProgramData\\\\Microsoft\\\\Windows\\\\WER\\\\Temp\\\\WERD27.tmp.WERInternalMetadata.xml, \\\\\\\\?\\\\C:\\\\ProgramData\\\\Microsoft\\\\Windows\\\\WER\\\\ReportQueue\\\\NonCritical_Update;_24e0d5c4b5b7767c1e5f2ce1c61250763e7514_00000000_ca7e6241-9f8c-4b71-9967-3db68714e509, 0, ca7e6241-9f8c-4b71-9967-3db68714e509, 4196, 0"}}},"location":"EventChannel"}
