{"timestamp":"2026-07-06T02:00:31.453+0000","rule":{"level":4,"description":"Summary event of the report's signatures.","id":"60608","firedtimes":51,"mail":false,"groups":["windows","windows_application"]},"agent":{"id":"002","name":"DESKTOP-BAC9DBQ","ip":"192.168.1.12"},"manager":{"name":"wazuh-server"},"id":"1783303231.1154554","decoder":{"name":"windows_eventchannel"},"data":{"win":{"system":{"providerName":"Windows Error Reporting","eventID":"1001","version":"0","level":"4","task":"0","opcode":"0","keywords":"0x80000000000000","systemTime":"2026-07-06T02:00:52.7332346Z","eventRecordID":"6518","processID":"0","threadID":"0","channel":"Application","computer":"DESKTOP-BAC9DBQ","severityValue":"INFORMATION","message":"\"Fault bucket , type 0\r\nEvent Name: APPCRASH\r\nResponse: Not available\r\nCab Id: 0\r\n\r\nProblem signature:\r\nP1: powershell.exe\r\nP2: 10.0.19041.3996\r\nP3: ed60ad55\r\nP4: clr.dll\r\nP5: 4.8.9310.0\r\nP6: 67db4f32\r\nP7: c00000fd\r\nP8: 00000000000513af\r\nP9: \r\nP10: \r\n\r\nAttached files:\r\n\\\\?\\C:\\ProgramData\\Microsoft\\Windows\\WER\\Temp\\WER59CD.tmp.mdmp\r\n\\\\?\\C:\\ProgramData\\Microsoft\\Windows\\WER\\Temp\\WER5F3D.tmp.WERInternalMetadata.xml\r\n\\\\?\\C:\\ProgramData\\Microsoft\\Windows\\WER\\Temp\\WER5FAB.tmp.xml\r\n\\\\?\\C:\\ProgramData\\Microsoft\\Windows\\WER\\Temp\\WER5FB9.tmp.csv\r\n\\\\?\\C:\\ProgramData\\Microsoft\\Windows\\WER\\Temp\\WER5FD9.tmp.txt\r\n\\\\?\\C:\\Users\\sani\\AppData\\Local\\Temp\\WER60C7.tmp.appcompat.txt\r\n\\\\?\\C:\\ProgramData\\Microsoft\\Windows\\WER\\ReportQueue\\AppCrash_powershell.exe_9d6b4b138f6f2041bca6bc98aa8ca5ea2c63be75_fbd08ea6_cab_2c6c6984-f733-42e1-b915-e00cf3630106\\memory.hdmp\r\n\r\nThese files may be available here:\r\n\\\\?\\C:\\ProgramData\\Microsoft\\Windows\\WER\\ReportQueue\\AppCrash_powershell.exe_9d6b4b138f6f2041bca6bc98aa8ca5ea2c63be75_fbd08ea6_cab_2c6c6984-f733-42e1-b915-e00cf3630106\r\n\r\nAnalysis symbol: \r\nRechecking for solution: 0\r\nReport Id: d4712df6-867a-4edd-915e-52376e5b8f45\r\nReport Status: 100\r\nHashed bucket: \r\nCab Guid: 0\""},"eventdata":{"data":"0, APPCRASH, Not available, 0, powershell.exe, 10.0.19041.3996, ed60ad55, clr.dll, 4.8.9310.0, 67db4f32, c00000fd, 00000000000513af,   \\\\\\\\?\\\\C:\\\\ProgramData\\\\Microsoft\\\\Windows\\\\WER\\\\Temp\\\\WER59CD.tmp.mdmp  \\\\\\\\?\\\\C:\\\\ProgramData\\\\Microsoft\\\\Windows\\\\WER\\\\Temp\\\\WER5F3D.tmp.WERInternalMetadata.xml  \\\\\\\\?\\\\C:\\\\ProgramData\\\\Microsoft\\\\Windows\\\\WER\\\\Temp\\\\WER5FAB.tmp.xml  \\\\\\\\?\\\\C:\\\\ProgramData\\\\Microsoft\\\\Windows\\\\WER\\\\Temp\\\\WER5FB9.tmp.csv  \\\\\\\\?\\\\C:\\\\ProgramData\\\\Microsoft\\\\Windows\\\\WER\\\\Temp\\\\WER5FD9.tmp.txt  \\\\\\\\?\\\\C:\\\\Users\\\\sani\\\\AppData\\\\Local\\\\Temp\\\\WER60C7.tmp.appcompat.txt  \\\\\\\\?\\\\C:\\\\ProgramData\\\\Microsoft\\\\Windows\\\\WER\\\\ReportQueue\\\\AppCrash_powershell.exe_9d6b4b138f6f2041bca6bc98aa8ca5ea2c63be75_fbd08ea6_cab_2c6c6984-f733-42e1-b915-e00cf3630106\\\\memory.hdmp, \\\\\\\\?\\\\C:\\\\ProgramData\\\\Microsoft\\\\Windows\\\\WER\\\\ReportQueue\\\\AppCrash_powershell.exe_9d6b4b138f6f2041bca6bc98aa8ca5ea2c63be75_fbd08ea6_cab_2c6c6984-f733-42e1-b915-e00cf3630106, 0, d4712df6-867a-4edd-915e-52376e5b8f45, 100, 0"}}},"location":"EventChannel"}
{"timestamp":"2026-07-06T02:00:31.546+0000","rule":{"level":4,"description":"Summary event of the report's signatures.","id":"60608","firedtimes":52,"mail":false,"groups":["windows","windows_application"]},"agent":{"id":"002","name":"DESKTOP-BAC9DBQ","ip":"192.168.1.12"},"manager":{"name":"wazuh-server"},"id":"1783303231.1160300","decoder":{"name":"windows_eventchannel"},"data":{"win":{"system":{"providerName":"Windows Error Reporting","eventID":"1001","version":"0","level":"4","task":"0","opcode":"0","keywords":"0x80000000000000","systemTime":"2026-07-06T02:00:52.8250992Z","eventRecordID":"6519","processID":"0","threadID":"0","channel":"Application","computer":"DESKTOP-BAC9DBQ","severityValue":"INFORMATION","message":"\"Fault bucket , type 0\r\nEvent Name: APPCRASH\r\nResponse: Not available\r\nCab Id: 0\r\n\r\nProblem signature:\r\nP1: powershell.exe\r\nP2: 10.0.19041.3996\r\nP3: ed60ad55\r\nP4: clr.dll\r\nP5: 4.8.9310.0\r\nP6: 67db4f32\r\nP7: c00000fd\r\nP8: 00000000000513af\r\nP9: \r\nP10: \r\n\r\nAttached files:\r\n\\\\?\\C:\\ProgramData\\Microsoft\\Windows\\WER\\Temp\\WERB907.tmp.WERInternalMetadata.xml\r\n\r\nThese files may be available here:\r\n\\\\?\\C:\\ProgramData\\Microsoft\\Windows\\WER\\ReportQueue\\AppCrash_powershell.exe_9d6b4b138f6f2041bca6bc98aa8ca5ea2c63be75_fbd08ea6_43b9453c-18f4-4757-9012-3cfc03acbe84\r\n\r\nAnalysis symbol: \r\nRechecking for solution: 0\r\nReport Id: 97e5f59c-725b-4c43-90ee-6dd6dd90b41b\r\nReport Status: 4196\r\nHashed bucket: \r\nCab Guid: 0\""},"eventdata":{"data":"0, APPCRASH, Not available, 0, powershell.exe, 10.0.19041.3996, ed60ad55, clr.dll, 4.8.9310.0, 67db4f32, c00000fd, 00000000000513af,   \\\\\\\\?\\\\C:\\\\ProgramData\\\\Microsoft\\\\Windows\\\\WER\\\\Temp\\\\WERB907.tmp.WERInternalMetadata.xml, \\\\\\\\?\\\\C:\\\\ProgramData\\\\Microsoft\\\\Windows\\\\WER\\\\ReportQueue\\\\AppCrash_powershell.exe_9d6b4b138f6f2041bca6bc98aa8ca5ea2c63be75_fbd08ea6_43b9453c-18f4-4757-9012-3cfc03acbe84, 0, 97e5f59c-725b-4c43-90ee-6dd6dd90b41b, 4196, 0"}}},"location":"EventChannel"}
{"timestamp":"2026-07-06T02:03:22.953+0000","rule":{"level":12,"description":"Powershell script used \"Invoke-command\" cmdlet to execute sub script","id":"91822","mitre":{"id":["T1059.001"],"tactic":["Execution"],"technique":["PowerShell"]},"firedtimes":1,"mail":true,"groups":["windows"," powershell"]},"agent":{"id":"002","name":"DESKTOP-BAC9DBQ","ip":"192.168.1.12"},"manager":{"name":"wazuh-server"},"id":"1783303402.1163755","decoder":{"name":"windows_eventchannel"},"data":{"win":{"system":{"providerName":"Microsoft-Windows-PowerShell","providerGuid":"{a0c1853b-5c40-4b15-8766-3cf1c58f985a}","eventID":"4104","version":"1","level":"5","task":"2","opcode":"15","keywords":"0x0","systemTime":"2026-07-06T02:03:43.3596035Z","eventRecordID":"141116","processID":"2604","threadID":"5484","channel":"Microsoft-Windows-PowerShell/Operational","computer":"DESKTOP-BAC9DBQ","severityValue":"VERBOSE","message":"\"Creating Scriptblock text (1 of 1):\r\nImport-Module C:\\git-repositories\\PowerShell\\MSFVMLab\\MSFVMLab.psm1 -Force; $LabConfig = Get-Content C:\\git-repositories\\PowerShell\\MSFVMLab\\LabVMS.json | ConvertFrom-Json; $WorkingDirectory = $LabConfig.WorkingDirectory; $Domain = $LabConfig.Domain; $LocalAdminCred = Import-Clixml \"$WorkingDirectory\\vmlab_localadmin.xml\"; $DomainCred = Import-Clixml \"$WorkingDirectory\\vmlab_domainadmin.xml\"; $dc = ( $LabConfig.Servers | Where-Object {$_.Class -eq 'DomainController'}).Name; Copy-VMFile -Name $dc -SourcePath 'C:\\git-repositories\\PowerShell\\MSFVMLab\\VMDSC.ps1' -DestinationPath 'C:\\Temp\\VMDSC.ps1' -CreateFullPath -FileSource Host -Force; Copy-VMFile -Name $dc -SourcePath 'C:\\git-repositories\\PowerShell\\MSFVMLab\\VMDSC_DHCP.ps1' -DestinationPath 'C:\\Temp\\VMDSC_DHCP.ps1' -CreateFullPath -FileSource Host -Force; Copy-VMFile -Name $dc -SourcePath 'C:\\git-repositories\\PowerShell\\MSFVMLab\\SQLDSC.ps1' -DestinationPath 'C:\\Temp\\SQLDSC.ps1' -CreateFullPath -FileSource Host -Force; Invoke-Command -VMName $dc -ScriptBlock {. C:\\Temp\\VMDSC.ps1 -DName \"$using:Domain.com\" -DCred $using:DomainCred} -Credential $LocalAdminCred; Stop-VM $dc; Start-VM $dc; Write-Warning \"Log into the DC and complete promotion!\"\r\n\r\nScriptBlock ID: 6f734441-3556-4fde-9d2a-0325eb4871ce\r\nPath: C:\\TA\\project-ta\\data_spliting\\test_set\\benign\\2622.ps1\""},"eventdata":{"messageNumber":"1","messageTotal":"1","scriptBlockText":"Import-Module C:\\\\git-repositories\\\\PowerShell\\\\MSFVMLab\\\\MSFVMLab.psm1 -Force; $LabConfig = Get-Content C:\\\\git-repositories\\\\PowerShell\\\\MSFVMLab\\\\LabVMS.json | ConvertFrom-Json; $WorkingDirectory = $LabConfig.WorkingDirectory; $Domain = $LabConfig.Domain; $LocalAdminCred = Import-Clixml \\\"$WorkingDirectory\\\\vmlab_localadmin.xml\\\"; $DomainCred = Import-Clixml \\\"$WorkingDirectory\\\\vmlab_domainadmin.xml\\\"; $dc = ( $LabConfig.Servers | Where-Object {$_.Class -eq 'DomainController'}).Name; Copy-VMFile -Name $dc -SourcePath 'C:\\\\git-repositories\\\\PowerShell\\\\MSFVMLab\\\\VMDSC.ps1' -DestinationPath 'C:\\\\Temp\\\\VMDSC.ps1' -CreateFullPath -FileSource Host -Force; Copy-VMFile -Name $dc -SourcePath 'C:\\\\git-repositories\\\\PowerShell\\\\MSFVMLab\\\\VMDSC_DHCP.ps1' -DestinationPath 'C:\\\\Temp\\\\VMDSC_DHCP.ps1' -CreateFullPath -FileSource Host -Force; Copy-VMFile -Name $dc -SourcePath 'C:\\\\git-repositories\\\\PowerShell\\\\MSFVMLab\\\\SQLDSC.ps1' -DestinationPath 'C:\\\\Temp\\\\SQLDSC.ps1' -CreateFullPath -FileSource Host -Force; Invoke-Command -VMName $dc -ScriptBlock {. C:\\\\Temp\\\\VMDSC.ps1 -DName \\\"$using:Domain.com\\\" -DCred $using:DomainCred} -Credential $LocalAdminCred; Stop-VM $dc; Start-VM $dc; Write-Warning \\\"Log into the DC and complete promotion!\\\"","scriptBlockId":"6f734441-3556-4fde-9d2a-0325eb4871ce","path":"C:\\\\TA\\\\project-ta\\\\data_spliting\\\\test_set\\\\benign\\\\2622.ps1"}}},"location":"EventChannel"}
{"timestamp":"2026-07-06T02:03:31.667+0000","rule":{"level":4,"description":"Powershell script searching filesystem","id":"91819","mitre":{"id":["T1083"],"tactic":["Discovery"],"technique":["File and Directory Discovery"]},"firedtimes":1,"mail":false,"groups":["windows"," powershell"]},"agent":{"id":"002","name":"DESKTOP-BAC9DBQ","ip":"192.168.1.12"},"manager":{"name":"wazuh-server"},"id":"1783303411.1170752","decoder":{"name":"windows_eventchannel"},"data":{"win":{"system":{"providerName":"Microsoft-Windows-PowerShell","providerGuid":"{a0c1853b-5c40-4b15-8766-3cf1c58f985a}","eventID":"4104","version":"1","level":"5","task":"2","opcode":"15","keywords":"0x0","systemTime":"2026-07-06T02:03:52.0433054Z","eventRecordID":"141165","processID":"2796","threadID":"8324","channel":"Microsoft-Windows-PowerShell/Operational","computer":"DESKTOP-BAC9DBQ","severityValue":"VERBOSE","message":"\"Creating Scriptblock text (1 of 1):\r\n$dbs = Invoke-Sqlcmd -ServerInstance localhost -Database tempdb -Query \"SELECT name FROM sys.databases WHERE database_id != 2 and state_desc = 'ONLINE'\"; $datestring =  (Get-Date -Format 'yyyyMMddHHmm'); foreach($db in $dbs.name){; $dir = \"C:\\Backups\\$db\"; if( -not (Test-Path $dir)){New-Item -ItemType Directory -path $dir}; $filename = \"$db-$datestring.bak\"; $backup=Join-Path -Path $dir -ChildPath $filename; Backup-SqlDatabase -ServerInstance localhost -Database $db -BackupFile $backup -CompressionOption On; Get-ChildItem $dir\\*.bak| Where {$_.LastWriteTime -lt (Get-Date).AddMinutes(-1)}|Remove-Item; }\r\n\r\nScriptBlock ID: e03ff7cd-a3e5-4177-b1b3-2721a34e4839\r\nPath: C:\\TA\\project-ta\\data_spliting\\test_set\\benign\\2641.ps1\""},"eventdata":{"messageNumber":"1","messageTotal":"1","scriptBlockText":"$dbs = Invoke-Sqlcmd -ServerInstance localhost -Database tempdb -Query \\\"SELECT name FROM sys.databases WHERE database_id != 2 and state_desc = 'ONLINE'\\\"; $datestring =  (Get-Date -Format 'yyyyMMddHHmm'); foreach($db in $dbs.name){; $dir = \\\"C:\\\\Backups\\\\$db\\\"; if( -not (Test-Path $dir)){New-Item -ItemType Directory -path $dir}; $filename = \\\"$db-$datestring.bak\\\"; $backup=Join-Path -Path $dir -ChildPath $filename; Backup-SqlDatabase -ServerInstance localhost -Database $db -BackupFile $backup -CompressionOption On; Get-ChildItem $dir\\\\*.bak| Where {$_.LastWriteTime -lt (Get-Date).AddMinutes(-1)}|Remove-Item; }","scriptBlockId":"e03ff7cd-a3e5-4177-b1b3-2721a34e4839","path":"C:\\\\TA\\\\project-ta\\\\data_spliting\\\\test_set\\\\benign\\\\2641.ps1"}}},"location":"EventChannel"}
{"timestamp":"2026-07-06T02:04:01.889+0000","rule":{"level":4,"description":"Powershell script recursively collected files from a filesystem search","id":"91820","mitre":{"id":["T1083","T1119"],"tactic":["Discovery","Collection"],"technique":["File and Directory Discovery","Automated Collection"]},"firedtimes":1,"mail":false,"groups":["windows"," powershell"]},"agent":{"id":"002","name":"DESKTOP-BAC9DBQ","ip":"192.168.1.12"},"manager":{"name":"wazuh-server"},"id":"1783303441.1175171","decoder":{"name":"windows_eventchannel"},"data":{"win":{"system":{"providerName":"Microsoft-Windows-PowerShell","providerGuid":"{a0c1853b-5c40-4b15-8766-3cf1c58f985a}","eventID":"4104","version":"1","level":"3","task":"2","opcode":"15","keywords":"0x0","systemTime":"2026-07-06T02:04:22.2573249Z","eventRecordID":"141305","processID":"540","threadID":"8392","channel":"Microsoft-Windows-PowerShell/Operational","computer":"DESKTOP-BAC9DBQ","severityValue":"WARNING","message":"\"Creating Scriptblock text (1 of 1):\r\n; $obj = \"\" | Select-Object $($PSVersionTable.Keys); foreach($item in $PSVersionTable.Keys) {; $obj.$item = $($PSVersionTable[$item] -join \".\"); }; $i = 1; Get-ChildItem -Force \"$($env:windir)\\Microsoft.Net\\Framework\" -Include mscorlib.dll -Recurse | ForEach-Object {; $obj | Add-Member NoteProperty .NET_$i $_.VersionInfo.ProductVersion; $i++; }; $obj\r\n\r\nScriptBlock ID: 47519661-78c7-40fb-b99a-4acf21ac3a63\r\nPath: C:\\TA\\project-ta\\data_spliting\\test_set\\benign\\2725.ps1\""},"eventdata":{"messageNumber":"1","messageTotal":"1","scriptBlockText":"; $obj = \\\"\\\" | Select-Object $($PSVersionTable.Keys); foreach($item in $PSVersionTable.Keys) {; $obj.$item = $($PSVersionTable[$item] -join \\\".\\\"); }; $i = 1; Get-ChildItem -Force \\\"$($env:windir)\\\\Microsoft.Net\\\\Framework\\\" -Include mscorlib.dll -Recurse | ForEach-Object {; $obj | Add-Member NoteProperty .NET_$i $_.VersionInfo.ProductVersion; $i++; }; $obj","scriptBlockId":"47519661-78c7-40fb-b99a-4acf21ac3a63","path":"C:\\\\TA\\\\project-ta\\\\data_spliting\\\\test_set\\\\benign\\\\2725.ps1"}}},"location":"EventChannel"}
{"timestamp":"2026-07-06T02:04:11.971+0000","rule":{"level":4,"description":"Powershell executing process discovery","id":"91815","mitre":{"id":["T1057"],"tactic":["Discovery"],"technique":["Process Discovery"]},"firedtimes":2,"mail":false,"groups":["windows"," powershell"]},"agent":{"id":"002","name":"DESKTOP-BAC9DBQ","ip":"192.168.1.12"},"manager":{"name":"wazuh-server"},"id":"1783303451.1178587","decoder":{"name":"windows_eventchannel"},"data":{"win":{"system":{"providerName":"Microsoft-Windows-PowerShell","providerGuid":"{a0c1853b-5c40-4b15-8766-3cf1c58f985a}","eventID":"4104","version":"1","level":"5","task":"2","opcode":"15","keywords":"0x0","systemTime":"2026-07-06T02:04:32.3663700Z","eventRecordID":"141386","processID":"6776","threadID":"3284","channel":"Microsoft-Windows-PowerShell/Operational","computer":"DESKTOP-BAC9DBQ","severityValue":"VERBOSE","message":"\"Creating Scriptblock text (1 of 1):\r\n; Update-TypeData -TypeName System.Diagnostics.Process -SerializationDepth 3 -Force; Get-Process\r\n\r\nScriptBlock ID: 8ee947ad-3e90-4a99-b29a-e26be6040a25\r\nPath: C:\\TA\\project-ta\\data_spliting\\test_set\\benign\\2758.ps1\""},"eventdata":{"messageNumber":"1","messageTotal":"1","scriptBlockText":"; Update-TypeData -TypeName System.Diagnostics.Process -SerializationDepth 3 -Force; Get-Process","scriptBlockId":"8ee947ad-3e90-4a99-b29a-e26be6040a25","path":"C:\\\\TA\\\\project-ta\\\\data_spliting\\\\test_set\\\\benign\\\\2758.ps1"}}},"location":"EventChannel"}
{"timestamp":"2026-07-06T02:05:37.649+0000","rule":{"level":4,"id":"11","mail":false,"groups":["stats"]},"agent":{"id":"002","name":"DESKTOP-BAC9DBQ"},"manager":{"name":"wazuh-server"},"id":"1783303537.1180909","full_log":"The average number of logs between 2:00 and 3:00 is 658. We reached 1909.","decoder":{"name":"windows_eventchannel"},"data":{"win":{"system":{"providerName":"Microsoft-Windows-PowerShell","providerGuid":"{a0c1853b-5c40-4b15-8766-3cf1c58f985a}","eventID":"4104","version":"1","level":"5","task":"2","opcode":"15","keywords":"0x0","systemTime":"2026-07-06T02:05:58.0520311Z","eventRecordID":"141855","processID":"916","threadID":"8140","channel":"Microsoft-Windows-PowerShell/Operational","computer":"DESKTOP-BAC9DBQ","severityValue":"VERBOSE","message":"\"Creating Scriptblock text (1 of 1):\r\nSet-Alias -Name rcie -Value Register-CimIndicationEvent -Option ReadOnly, AllScope -ErrorAction SilentlyContinue\r\n\r\nScriptBlock ID: 0a04978a-7596-4150-89a9-9baf8da2f249\r\nPath: \""},"eventdata":{"messageNumber":"1","messageTotal":"1","scriptBlockText":"Set-Alias -Name rcie -Value Register-CimIndicationEvent -Option ReadOnly, AllScope -ErrorAction SilentlyContinue","scriptBlockId":"0a04978a-7596-4150-89a9-9baf8da2f249"}}},"location":"EventChannel"}
{"timestamp":"2026-07-06T02:05:47.917+0000","rule":{"level":4,"description":"Powershell script recursively collected files from a filesystem search","id":"91820","mitre":{"id":["T1083","T1119"],"tactic":["Discovery","Collection"],"technique":["File and Directory Discovery","Automated Collection"]},"firedtimes":2,"mail":false,"groups":["windows"," powershell"]},"agent":{"id":"002","name":"DESKTOP-BAC9DBQ","ip":"192.168.1.12"},"manager":{"name":"wazuh-server"},"id":"1783303547.1182137","decoder":{"name":"windows_eventchannel"},"data":{"win":{"system":{"providerName":"Microsoft-Windows-PowerShell","providerGuid":"{a0c1853b-5c40-4b15-8766-3cf1c58f985a}","eventID":"4104","version":"1","level":"5","task":"2","opcode":"15","keywords":"0x0","systemTime":"2026-07-06T02:06:08.2028558Z","eventRecordID":"141927","processID":"8324","threadID":"6948","channel":"Microsoft-Windows-PowerShell/Operational","computer":"DESKTOP-BAC9DBQ","severityValue":"VERBOSE","message":"\"Creating Scriptblock text (1 of 1):\r\n$buildDir = \"$PSScriptRoot\\build\"; $ErrorActionPreference = 'Stop'; if (Test-Path $buildDir) {; Write-Verbose \"Removing build dir\"; Remove-Item $buildDir -Recurse -Force -Confirm:$false -Verbose -ErrorAction 'Stop'; }; if (Test-Path \"$PSScriptRoot\\Examples\") {; Write-Verbose \"Removing all examples\"; Remove-Item \"$PSScriptRoot\\Examples\" -Recurse -Force -Confirm:$false -Verbose -ErrorAction 'Stop'; }; if (Test-Path \"$PSScriptRoot\\images\") {; Write-Verbose \"Removing images\"; Remove-Item \"$PSScriptRoot\\images\" -Recurse -Force -Confirm:$false -Verbose -ErrorAction 'Stop'; }; Write-Verbose \"Removing all Test Files\"; Get-ChildItem $PSScriptRoot -Recurse -Filter *.Tests.ps1 | Remove-Item -Force -Verbose -ErrorAction 'Stop'\r\n\r\nScriptBlock ID: e25e9920-0505-40b1-ae15-9b916c7384a2\r\nPath: C:\\TA\\project-ta\\data_spliting\\test_set\\benign\\3100.ps1\""},"eventdata":{"messageNumber":"1","messageTotal":"1","scriptBlockText":"$buildDir = \\\"$PSScriptRoot\\\\build\\\"; $ErrorActionPreference = 'Stop'; if (Test-Path $buildDir) {; Write-Verbose \\\"Removing build dir\\\"; Remove-Item $buildDir -Recurse -Force -Confirm:$false -Verbose -ErrorAction 'Stop'; }; if (Test-Path \\\"$PSScriptRoot\\\\Examples\\\") {; Write-Verbose \\\"Removing all examples\\\"; Remove-Item \\\"$PSScriptRoot\\\\Examples\\\" -Recurse -Force -Confirm:$false -Verbose -ErrorAction 'Stop'; }; if (Test-Path \\\"$PSScriptRoot\\\\images\\\") {; Write-Verbose \\\"Removing images\\\"; Remove-Item \\\"$PSScriptRoot\\\\images\\\" -Recurse -Force -Confirm:$false -Verbose -ErrorAction 'Stop'; }; Write-Verbose \\\"Removing all Test Files\\\"; Get-ChildItem $PSScriptRoot -Recurse -Filter *.Tests.ps1 | Remove-Item -Force -Verbose -ErrorAction 'Stop'","scriptBlockId":"e25e9920-0505-40b1-ae15-9b916c7384a2","path":"C:\\\\TA\\\\project-ta\\\\data_spliting\\\\test_set\\\\benign\\\\3100.ps1"}}},"location":"EventChannel"}
{"timestamp":"2026-07-06T02:10:16.335+0000","rule":{"level":4,"description":"Powershell script querying system environment variables","id":"91816","mitre":{"id":["T1082"],"tactic":["Discovery"],"technique":["System Information Discovery"]},"firedtimes":1,"mail":false,"groups":["windows"," powershell"]},"agent":{"id":"002","name":"DESKTOP-BAC9DBQ","ip":"192.168.1.12"},"manager":{"name":"wazuh-server"},"id":"1783303816.1187118","decoder":{"name":"windows_eventchannel"},"data":{"win":{"system":{"providerName":"Microsoft-Windows-PowerShell","providerGuid":"{a0c1853b-5c40-4b15-8766-3cf1c58f985a}","eventID":"4104","version":"1","level":"5","task":"2","opcode":"15","keywords":"0x0","systemTime":"2026-07-06T02:10:36.5093603Z","eventRecordID":"143394","processID":"8116","threadID":"8860","channel":"Microsoft-Windows-PowerShell/Operational","computer":"DESKTOP-BAC9DBQ","severityValue":"VERBOSE","message":"\"Creating Scriptblock text (1 of 1):\r\nImport-Module $env:ProgramFiles\"\\Microsoft Security Client\\MpProvider\"; Start-MProtScan -ScanType \"FullScan\"; New-EventLog –LogName System –Source \"Antimalware Full Scan\"; Write-EventLog -LogName System -Source \"Antimalware Full Scan\" -EntryType Information -EventId 1118 -Message \"Antimalware full system scan was performed\" -Category \"\"; $WMIPath = \"\\\\\" + $env:COMPUTERNAME + \"\\root\\ccm:SMS_Client\"; $SMSwmi = [wmiclass]$WMIPath; $strAction = \"{00000000-0000-0000-0000-000000000021}\"; [Void]$SMSwmi.TriggerSchedule($strAction); Exit 0\r\n\r\nScriptBlock ID: 4036de61-d2f9-48dc-9cf1-a353036c8b16\r\nPath: C:\\TA\\project-ta\\data_spliting\\test_set\\benign\\4080.ps1\""},"eventdata":{"messageNumber":"1","messageTotal":"1","scriptBlockText":"Import-Module $env:ProgramFiles\\\"\\\\Microsoft Security Client\\\\MpProvider\\\"; Start-MProtScan -ScanType \\\"FullScan\\\"; New-EventLog –LogName System –Source \\\"Antimalware Full Scan\\\"; Write-EventLog -LogName System -Source \\\"Antimalware Full Scan\\\" -EntryType Information -EventId 1118 -Message \\\"Antimalware full system scan was performed\\\" -Category \\\"\\\"; $WMIPath = \\\"\\\\\\\\\\\" + $env:COMPUTERNAME + \\\"\\\\root\\\\ccm:SMS_Client\\\"; $SMSwmi = [wmiclass]$WMIPath; $strAction = \\\"{00000000-0000-0000-0000-000000000021}\\\"; [Void]$SMSwmi.TriggerSchedule($strAction); Exit 0","scriptBlockId":"4036de61-d2f9-48dc-9cf1-a353036c8b16","path":"C:\\\\TA\\\\project-ta\\\\data_spliting\\\\test_set\\\\benign\\\\4080.ps1"}}},"location":"EventChannel"}
{"timestamp":"2026-07-06T02:10:18.891+0000","rule":{"level":4,"description":"Powershell script querying system environment variables","id":"91816","mitre":{"id":["T1082"],"tactic":["Discovery"],"technique":["System Information Discovery"]},"firedtimes":2,"mail":false,"groups":["windows"," powershell"]},"agent":{"id":"002","name":"DESKTOP-BAC9DBQ","ip":"192.168.1.12"},"manager":{"name":"wazuh-server"},"id":"1783303818.1191393","decoder":{"name":"windows_eventchannel"},"data":{"win":{"system":{"providerName":"Microsoft-Windows-PowerShell","providerGuid":"{a0c1853b-5c40-4b15-8766-3cf1c58f985a}","eventID":"4104","version":"1","level":"3","task":"2","opcode":"15","keywords":"0x0","systemTime":"2026-07-06T02:10:39.0729807Z","eventRecordID":"143412","processID":"4768","threadID":"5136","channel":"Microsoft-Windows-PowerShell/Operational","computer":"DESKTOP-BAC9DBQ","severityValue":"WARNING","message":"\"Creating Scriptblock text (1 of 1):\r\nSet-Variable -Name Member -Scope Local -Force; Set-Variable -Name Results -Value $false -Scope Global -Force; Function AddRemovePrograms($KeyName, $DisplayName, $Version){; New-PSDrive -Name HKCR -PSProvider Registry -Root HKEY_CLASSES_ROOT; Set-Variable -Name AddRemKey -Scope Local -Force; Set-Variable -Name guid -Scope Local -Force; Set-Variable -Name ProductsKey -Scope Local -Force; If (!(Test-Path c:\\windows\\GSPBox_Icon.bmp)){; Copy-Item -Path \\\\global.gsp\\data\\clients\\na_clients\\Build\\Add-ins\\GSPBox_Icon.bmp -Destination c:\\Windows -Force; }; $AddRemKey = \"HKLM:\\SOFTWARE\\Wow6432Node\\Microsoft\\Windows\\CurrentVersion\\Uninstall\"; $ProductsKey = \"HKCR:\\Installer\\Products\\\"; New-Item -Path $AddRemKey -Name $KeyName –Force; New-ItemProperty -Path $AddRemKey\"\\\"$KeyName -Name DisplayName -Value $DisplayName -PropertyType String; New-ItemProperty -Path $AddRemKey\"\\\"$KeyName -Name DisplayVersion -Value $Version -PropertyType String; New-ItemProperty -Path $AddRemKey\"\\\"$KeyName -Name UninstallString -Value \" \" -PropertyType String; New-ItemProperty -Path $AddRemKey\"\\\"$KeyName -Name Publisher -Value \"Gresham, Smith and Partners\" -PropertyType String; New-ItemProperty -Path $AddRemKey\"\\\"$KeyName -Name DisplayIcon -Value \"c:\\windows\\GSPBox_Icon.bmp\" -PropertyType String; $guid = [guid]::NewGuid().ToString(\"N\"); $guid.ToString(); $guid = $guid.ToUpper(); New-Item -Path $ProductsKey -Name $guid –Force; New-ItemProperty -Path $ProductsKey\"\\\"$guid -Name ProductName -Value $DisplayName -PropertyType String -Force; remove-psdrive -name HKCR; Remove-Variable -Name AddRemKey -Scope Local -Force; Remove-Variable -Name guid -Scope Local -Force; Remove-Variable -Name ProductsKey -Scope Local -Force; }; Function CheckADForUser ($Member){; Set-Variable -Name Computer -Scope Local -Force; Set-Variable -Name Group -Scope Local -Force; Set-Variable -Name LocalGroup -Scope Local -Force; Set-Variable -Name User -Scope Local -Force; Set-Variable -Name UserNames -Scope Local -Force; Set-Variable -Name Users -Scope Local -Force; $LocalGroup = \"Administrators\"; $UserNames = @(); $Computer = $env:computername; $Group= [ADSI]\"WinNT://$Computer/$LocalGroup,group\"; $Users = @($Group.psbase.Invoke(\"Members\")); $Users | ForEach-Object {; $UserNames += $_.GetType().InvokeMember(\"Name\", 'GetProperty', $null, $_, $null); Foreach ( $User in $UserNames) {; If ($User -eq $Member) {; $Global:Results = $true; Write-Host $User; }; }; }; $UserNames.Clear(); Remove-Variable -Name Computer -Scope Local -Force; Remove-Variable -Name Group -Scope Local -Force; Remove-Variable -Name LocalGroup -Scope Local -Force; Remove-Variable -Name User -Scope Local -Force; Remove-Variable -Name UserNames -Scope Local -Force; Remove-Variable -Name Users -Scope Local -Force; }; Function AddUserToAD ($Member) {; $group = [ADSI]\"WinNT://./Administrators,group\"; $group.Add(\"WinNT://$Member,user\"); }; cls; $Member = \"\"; CheckADForUser $Member; If ($Results -eq $true) {; AddRemovePrograms $Member $Member \"Installed\"; cls; Write-Host $Member\" is already in the local administrators group\"; } else {; AddUserToAD $Member; CheckADForUser $Member; If ($Results -eq $true) {; AddRemovePrograms $Member $Member \"Installed\"; cls; Write-Host $Member\" has been added to the local administrators group\"; }; }; Remove-Variable -Name Member -Scope Local -Force; Remove-Variable -Name Results -Scope Global -Force\r\n\r\nScriptBlock ID: 133044d0-a9a4-4988-8944-1141403b9239\r\nPath: C:\\TA\\project-ta\\data_spliting\\test_set\\benign\\4088.ps1\""},"eventdata":{"messageNumber":"1","messageTotal":"1","scriptBlockText":"Set-Variable -Name Member -Scope Local -Force; Set-Variable -Name Results -Value $false -Scope Global -Force; Function AddRemovePrograms($KeyName, $DisplayName, $Version){; New-PSDrive -Name HKCR -PSProvider Registry -Root HKEY_CLASSES_ROOT; Set-Variable -Name AddRemKey -Scope Local -Force; Set-Variable -Name guid -Scope Local -Force; Set-Variable -Name ProductsKey -Scope Local -Force; If (!(Test-Path c:\\\\windows\\\\GSPBox_Icon.bmp)){; Copy-Item -Path \\\\\\\\global.gsp\\\\data\\\\clients\\\\na_clients\\\\Build\\\\Add-ins\\\\GSPBox_Icon.bmp -Destination c:\\\\Windows -Force; }; $AddRemKey = \\\"HKLM:\\\\SOFTWARE\\\\Wow6432Node\\\\Microsoft\\\\Windows\\\\CurrentVersion\\\\Uninstall\\\"; $ProductsKey = \\\"HKCR:\\\\Installer\\\\Products\\\\\\\"; New-Item -Path $AddRemKey -Name $KeyName –Force; New-ItemProperty -Path $AddRemKey\\\"\\\\\\\"$KeyName -Name DisplayName -Value $DisplayName -PropertyType String; New-ItemProperty -Path $AddRemKey\\\"\\\\\\\"$KeyName -Name DisplayVersion -Value $Version -PropertyType String; New-ItemProperty -Path $AddRemKey\\\"\\\\\\\"$KeyName -Name UninstallString -Value \\\" \\\" -PropertyType String; New-ItemProperty -Path $AddRemKey\\\"\\\\\\\"$KeyName -Name Publisher -Value \\\"Gresham, Smith and Partners\\\" -PropertyType String; New-ItemProperty -Path $AddRemKey\\\"\\\\\\\"$KeyName -Name DisplayIcon -Value \\\"c:\\\\windows\\\\GSPBox_Icon.bmp\\\" -PropertyType String; $guid = [guid]::NewGuid().ToString(\\\"N\\\"); $guid.ToString(); $guid = $guid.ToUpper(); New-Item -Path $ProductsKey -Name $guid –Force; New-ItemProperty -Path $ProductsKey\\\"\\\\\\\"$guid -Name ProductName -Value $DisplayName -PropertyType String -Force; remove-psdrive -name HKCR; Remove-Variable -Name AddRemKey -Scope Local -Force; Remove-Variable -Name guid -Scope Local -Force; Remove-Variable -Name ProductsKey -Scope Local -Force; }; Function CheckADForUser ($Member){; Set-Variable -Name Computer -Scope Local -Force; Set-Variable -Name Group -Scope Local -Force; Set-Variable -Name LocalGroup -Scope Local -Force; Set-Variable -Name User -Scope Local -Force; Set-Variable -Name UserNames -Scope Local -Force; Set-Variable -Name Users -Scope Local -Force; $LocalGroup = \\\"Administrators\\\"; $UserNames = @(); $Computer = $env:computername; $Group= [ADSI]\\\"WinNT://$Computer/$LocalGroup,group\\\"; $Users = @($Group.psbase.Invoke(\\\"Members\\\")); $Users | ForEach-Object {; $UserNames += $_.GetType().InvokeMember(\\\"Name\\\", 'GetProperty', $null, $_, $null); Foreach ( $User in $UserNames) {; If ($User -eq $Member) {; $Global:Results = $true; Write-Host $User; }; }; }; $UserNames.Clear(); Remove-Variable -Name Computer -Scope Local -Force; Remove-Variable -Name Group -Scope Local -Force; Remove-Variable -Name LocalGroup -Scope Local -Force; Remove-Variable -Name User -Scope Local -Force; Remove-Variable -Name UserNames -Scope Local -Force; Remove-Variable -Name Users -Scope Local -Force; }; Function AddUserToAD ($Member) {; $group = [ADSI]\\\"WinNT://./Administrators,group\\\"; $group.Add(\\\"WinNT://$Member,user\\\"); }; cls; $Member = \\\"\\\"; CheckADForUser $Member; If ($Results -eq $true) {; AddRemovePrograms $Member $Member \\\"Installed\\\"; cls; Write-Host $Member\\\" is already in the local administrators group\\\"; } else {; AddUserToAD $Member; CheckADForUser $Member; If ($Results -eq $true) {; AddRemovePrograms $Member $Member \\\"Installed\\\"; cls; Write-Host $Member\\\" has been added to the local administrators group\\\"; }; }; Remove-Variable -Name Member -Scope Local -Force; Remove-Variable -Name Results -Scope Global -Force","scriptBlockId":"133044d0-a9a4-4988-8944-1141403b9239","path":"C:\\\\TA\\\\project-ta\\\\data_spliting\\\\test_set\\\\benign\\\\4088.ps1"}}},"location":"EventChannel"}
{"timestamp":"2026-07-06T02:10:18.892+0000","rule":{"level":4,"description":"Powershell script querying system environment variables","id":"91816","mitre":{"id":["T1082"],"tactic":["Discovery"],"technique":["System Information Discovery"]},"firedtimes":3,"mail":false,"groups":["windows"," powershell"]},"agent":{"id":"002","name":"DESKTOP-BAC9DBQ","ip":"192.168.1.12"},"manager":{"name":"wazuh-server"},"id":"1783303818.1207314","decoder":{"name":"windows_eventchannel"},"data":{"win":{"system":{"providerName":"Microsoft-Windows-PowerShell","providerGuid":"{a0c1853b-5c40-4b15-8766-3cf1c58f985a}","eventID":"4104","version":"1","level":"5","task":"2","opcode":"15","keywords":"0x0","systemTime":"2026-07-06T02:10:39.2062565Z","eventRecordID":"143413","processID":"4768","threadID":"5136","channel":"Microsoft-Windows-PowerShell/Operational","computer":"DESKTOP-BAC9DBQ","severityValue":"VERBOSE","message":"\"Creating Scriptblock text (1 of 1):\r\nFunction CheckADForUser ($Member){; Set-Variable -Name Computer -Scope Local -Force; Set-Variable -Name Group -Scope Local -Force; Set-Variable -Name LocalGroup -Scope Local -Force; Set-Variable -Name User -Scope Local -Force; Set-Variable -Name UserNames -Scope Local -Force; Set-Variable -Name Users -Scope Local -Force; $LocalGroup = \"Administrators\"; $UserNames = @(); $Computer = $env:computername; $Group= [ADSI]\"WinNT://$Computer/$LocalGroup,group\"; $Users = @($Group.psbase.Invoke(\"Members\")); $Users | ForEach-Object {; $UserNames += $_.GetType().InvokeMember(\"Name\", 'GetProperty', $null, $_, $null); Foreach ( $User in $UserNames) {; If ($User -eq $Member) {; $Global:Results = $true; Write-Host $User; }; }; }; $UserNames.Clear(); Remove-Variable -Name Computer -Scope Local -Force; Remove-Variable -Name Group -Scope Local -Force; Remove-Variable -Name LocalGroup -Scope Local -Force; Remove-Variable -Name User -Scope Local -Force; Remove-Variable -Name UserNames -Scope Local -Force; Remove-Variable -Name Users -Scope Local -Force; }\r\n\r\nScriptBlock ID: 2339f891-297a-4310-97c2-3399d7422351\r\nPath: C:\\TA\\project-ta\\data_spliting\\test_set\\benign\\4088.ps1\""},"eventdata":{"messageNumber":"1","messageTotal":"1","scriptBlockText":"Function CheckADForUser ($Member){; Set-Variable -Name Computer -Scope Local -Force; Set-Variable -Name Group -Scope Local -Force; Set-Variable -Name LocalGroup -Scope Local -Force; Set-Variable -Name User -Scope Local -Force; Set-Variable -Name UserNames -Scope Local -Force; Set-Variable -Name Users -Scope Local -Force; $LocalGroup = \\\"Administrators\\\"; $UserNames = @(); $Computer = $env:computername; $Group= [ADSI]\\\"WinNT://$Computer/$LocalGroup,group\\\"; $Users = @($Group.psbase.Invoke(\\\"Members\\\")); $Users | ForEach-Object {; $UserNames += $_.GetType().InvokeMember(\\\"Name\\\", 'GetProperty', $null, $_, $null); Foreach ( $User in $UserNames) {; If ($User -eq $Member) {; $Global:Results = $true; Write-Host $User; }; }; }; $UserNames.Clear(); Remove-Variable -Name Computer -Scope Local -Force; Remove-Variable -Name Group -Scope Local -Force; Remove-Variable -Name LocalGroup -Scope Local -Force; Remove-Variable -Name User -Scope Local -Force; Remove-Variable -Name UserNames -Scope Local -Force; Remove-Variable -Name Users -Scope Local -Force; }","scriptBlockId":"2339f891-297a-4310-97c2-3399d7422351","path":"C:\\\\TA\\\\project-ta\\\\data_spliting\\\\test_set\\\\benign\\\\4088.ps1"}}},"location":"EventChannel"}
{"timestamp":"2026-07-06T02:10:29.044+0000","rule":{"level":4,"description":"Powershell script searching filesystem","id":"91819","mitre":{"id":["T1083"],"tactic":["Discovery"],"technique":["File and Directory Discovery"]},"firedtimes":2,"mail":false,"groups":["windows"," powershell"]},"agent":{"id":"002","name":"DESKTOP-BAC9DBQ","ip":"192.168.1.12"},"manager":{"name":"wazuh-server"},"id":"1783303829.1213505","decoder":{"name":"windows_eventchannel"},"data":{"win":{"system":{"providerName":"Microsoft-Windows-PowerShell","providerGuid":"{a0c1853b-5c40-4b15-8766-3cf1c58f985a}","eventID":"4104","version":"1","level":"5","task":"2","opcode":"15","keywords":"0x0","systemTime":"2026-07-06T02:10:49.2272644Z","eventRecordID":"143447","processID":"8240","threadID":"8848","channel":"Microsoft-Windows-PowerShell/Operational","computer":"DESKTOP-BAC9DBQ","severityValue":"VERBOSE","message":"\"Creating Scriptblock text (1 of 1):\r\nfunction Install-EXEUpdates {; Set-Variable -Name Arguments -Scope Local -Force; Set-Variable -Name ErrCode -Scope Local -Force; Set-Variable -Name File -Scope Local -Force; Set-Variable -Name EXEFiles -Scope Local -Force; Set-Variable -Name RelativePath -Scope Local -Force; $RelativePath = (split-path $SCRIPT:MyInvocation.MyCommand.Path -parent) + \"\\\"; $EXEFiles = Get-ChildItem -Path $RelativePath -Force | where { $_.Name -like \"*.exe*\" }; If ($EXEFiles.Count -ge 1) {; $EXEFiles | Sort-Object; cls; foreach ($File in $EXEFiles) {; $Arguments = \"/passive /norestart\"; Write-Host \"Installing\"$File.Name\".....\" -NoNewline; $ErrCode = (Start-Process -FilePath $File.Fullname -ArgumentList $Arguments -Wait -Passthru).ExitCode; If ($ErrCode -eq 0) {; Write-Host \"Success\" -ForegroundColor Yellow; } else {; Write-Host \"Failed with error code\"$ErrCode -ForegroundColor Red; }; }; }; Remove-Variable -Name Arguments -Scope Local -Force; Remove-Variable -Name ErrCode -Scope Local -Force; Remove-Variable -Name File -Scope Local -Force; Remove-Variable -Name EXEFiles -Scope Local -Force; Remove-Variable -Name RelativePath -Scope Local -Force; }; function Install-MSUUpdates {; Set-Variable -Name Arguments -Scope Local -Force; Set-Variable -Name ErrCode -Scope Local -Force; Set-Variable -Name Executable -Value $env:windir\"\\System32\\wusa.exe\" -Scope Local -Force; Set-Variable -Name File -Scope Local -Force; Set-Variable -Name MSUFiles -Scope Local -Force; Set-Variable -Name RelativePath -Scope Local -Force; $RelativePath = (split-path $SCRIPT:MyInvocation.MyCommand.Path -parent) + \"\\\"; $MSUFiles = Get-ChildItem -Path $RelativePath -Force | where { $_.Name -like \"*.msu*\" }; If ($MSUFiles.Count -ge 1) {; $MSUFiles | Sort-Object; cls; foreach ($File in $MSUFiles) {; $Arguments = $File.FullName + [char]32 + \"/quiet /norestart\"; Write-Host \"Installing\"$File.Name\".....\" -NoNewline; $ErrCode = (Start-Process -FilePath $Executable -ArgumentList $Arguments -Wait -Passthru).ExitCode; If (($ErrCode -eq 0) -or ($ErrCode -eq 2359302)) {; Write-Host \"Success\" -ForegroundColor Yellow; } else {; Write-Host \"Failed with error code\"$ErrCode -ForegroundColor Red; }; }; }; Remove-Variable -Name Arguments -Scope Local -Force; Remove-Variable -Name ErrCode -Scope Local -Force; Remove-Variable -Name Executable -Scope Local -Force; Remove-Variable -Name File -Scope Local -Force; Remove-Variable -Name MSUFiles -Scope Local -Force; Remove-Variable -Name RelativePath -Scope Local -Force; }; cls; Install-EXEUpdates; Install-MSUUpdates; Start-Sleep -Seconds 5\r\n\r\nScriptBlock ID: 4fd56524-d111-4dc2-8b0f-619606f15375\r\nPath: C:\\TA\\project-ta\\data_spliting\\test_set\\benign\\4099.ps1\""},"eventdata":{"messageNumber":"1","messageTotal":"1","scriptBlockText":"function Install-EXEUpdates {; Set-Variable -Name Arguments -Scope Local -Force; Set-Variable -Name ErrCode -Scope Local -Force; Set-Variable -Name File -Scope Local -Force; Set-Variable -Name EXEFiles -Scope Local -Force; Set-Variable -Name RelativePath -Scope Local -Force; $RelativePath = (split-path $SCRIPT:MyInvocation.MyCommand.Path -parent) + \\\"\\\\\\\"; $EXEFiles = Get-ChildItem -Path $RelativePath -Force | where { $_.Name -like \\\"*.exe*\\\" }; If ($EXEFiles.Count -ge 1) {; $EXEFiles | Sort-Object; cls; foreach ($File in $EXEFiles) {; $Arguments = \\\"/passive /norestart\\\"; Write-Host \\\"Installing\\\"$File.Name\\\".....\\\" -NoNewline; $ErrCode = (Start-Process -FilePath $File.Fullname -ArgumentList $Arguments -Wait -Passthru).ExitCode; If ($ErrCode -eq 0) {; Write-Host \\\"Success\\\" -ForegroundColor Yellow; } else {; Write-Host \\\"Failed with error code\\\"$ErrCode -ForegroundColor Red; }; }; }; Remove-Variable -Name Arguments -Scope Local -Force; Remove-Variable -Name ErrCode -Scope Local -Force; Remove-Variable -Name File -Scope Local -Force; Remove-Variable -Name EXEFiles -Scope Local -Force; Remove-Variable -Name RelativePath -Scope Local -Force; }; function Install-MSUUpdates {; Set-Variable -Name Arguments -Scope Local -Force; Set-Variable -Name ErrCode -Scope Local -Force; Set-Variable -Name Executable -Value $env:windir\\\"\\\\System32\\\\wusa.exe\\\" -Scope Local -Force; Set-Variable -Name File -Scope Local -Force; Set-Variable -Name MSUFiles -Scope Local -Force; Set-Variable -Name RelativePath -Scope Local -Force; $RelativePath = (split-path $SCRIPT:MyInvocation.MyCommand.Path -parent) + \\\"\\\\\\\"; $MSUFiles = Get-ChildItem -Path $RelativePath -Force | where { $_.Name -like \\\"*.msu*\\\" }; If ($MSUFiles.Count -ge 1) {; $MSUFiles | Sort-Object; cls; foreach ($File in $MSUFiles) {; $Arguments = $File.FullName + [char]32 + \\\"/quiet /norestart\\\"; Write-Host \\\"Installing\\\"$File.Name\\\".....\\\" -NoNewline; $ErrCode = (Start-Process -FilePath $Executable -ArgumentList $Arguments -Wait -Passthru).ExitCode; If (($ErrCode -eq 0) -or ($ErrCode -eq 2359302)) {; Write-Host \\\"Success\\\" -ForegroundColor Yellow; } else {; Write-Host \\\"Failed with error code\\\"$ErrCode -ForegroundColor Red; }; }; }; Remove-Variable -Name Arguments -Scope Local -Force; Remove-Variable -Name ErrCode -Scope Local -Force; Remove-Variable -Name Executable -Scope Local -Force; Remove-Variable -Name File -Scope Local -Force; Remove-Variable -Name MSUFiles -Scope Local -Force; Remove-Variable -Name RelativePath -Scope Local -Force; }; cls; Install-EXEUpdates; Install-MSUUpdates; Start-Sleep -Seconds 5","scriptBlockId":"4fd56524-d111-4dc2-8b0f-619606f15375","path":"C:\\\\TA\\\\project-ta\\\\data_spliting\\\\test_set\\\\benign\\\\4099.ps1"}}},"location":"EventChannel"}
{"timestamp":"2026-07-06T02:10:29.060+0000","rule":{"level":4,"description":"Powershell script searching filesystem","id":"91819","mitre":{"id":["T1083"],"tactic":["Discovery"],"technique":["File and Directory Discovery"]},"firedtimes":3,"mail":false,"groups":["windows"," powershell"]},"agent":{"id":"002","name":"DESKTOP-BAC9DBQ","ip":"192.168.1.12"},"manager":{"name":"wazuh-server"},"id":"1783303829.1225833","decoder":{"name":"windows_eventchannel"},"data":{"win":{"system":{"providerName":"Microsoft-Windows-PowerShell","providerGuid":"{a0c1853b-5c40-4b15-8766-3cf1c58f985a}","eventID":"4104","version":"1","level":"5","task":"2","opcode":"15","keywords":"0x0","systemTime":"2026-07-06T02:10:49.2932601Z","eventRecordID":"143448","processID":"8240","threadID":"8848","channel":"Microsoft-Windows-PowerShell/Operational","computer":"DESKTOP-BAC9DBQ","severityValue":"VERBOSE","message":"\"Creating Scriptblock text (1 of 1):\r\nfunction Install-EXEUpdates {; Set-Variable -Name Arguments -Scope Local -Force; Set-Variable -Name ErrCode -Scope Local -Force; Set-Variable -Name File -Scope Local -Force; Set-Variable -Name EXEFiles -Scope Local -Force; Set-Variable -Name RelativePath -Scope Local -Force; $RelativePath = (split-path $SCRIPT:MyInvocation.MyCommand.Path -parent) + \"\\\"; $EXEFiles = Get-ChildItem -Path $RelativePath -Force | where { $_.Name -like \"*.exe*\" }; If ($EXEFiles.Count -ge 1) {; $EXEFiles | Sort-Object; cls; foreach ($File in $EXEFiles) {; $Arguments = \"/passive /norestart\"; Write-Host \"Installing\"$File.Name\".....\" -NoNewline; $ErrCode = (Start-Process -FilePath $File.Fullname -ArgumentList $Arguments -Wait -Passthru).ExitCode; If ($ErrCode -eq 0) {; Write-Host \"Success\" -ForegroundColor Yellow; } else {; Write-Host \"Failed with error code\"$ErrCode -ForegroundColor Red; }; }; }; Remove-Variable -Name Arguments -Scope Local -Force; Remove-Variable -Name ErrCode -Scope Local -Force; Remove-Variable -Name File -Scope Local -Force; Remove-Variable -Name EXEFiles -Scope Local -Force; Remove-Variable -Name RelativePath -Scope Local -Force; }\r\n\r\nScriptBlock ID: c408d635-a5eb-4d33-8f8a-8208b62b17e6\r\nPath: C:\\TA\\project-ta\\data_spliting\\test_set\\benign\\4099.ps1\""},"eventdata":{"messageNumber":"1","messageTotal":"1","scriptBlockText":"function Install-EXEUpdates {; Set-Variable -Name Arguments -Scope Local -Force; Set-Variable -Name ErrCode -Scope Local -Force; Set-Variable -Name File -Scope Local -Force; Set-Variable -Name EXEFiles -Scope Local -Force; Set-Variable -Name RelativePath -Scope Local -Force; $RelativePath = (split-path $SCRIPT:MyInvocation.MyCommand.Path -parent) + \\\"\\\\\\\"; $EXEFiles = Get-ChildItem -Path $RelativePath -Force | where { $_.Name -like \\\"*.exe*\\\" }; If ($EXEFiles.Count -ge 1) {; $EXEFiles | Sort-Object; cls; foreach ($File in $EXEFiles) {; $Arguments = \\\"/passive /norestart\\\"; Write-Host \\\"Installing\\\"$File.Name\\\".....\\\" -NoNewline; $ErrCode = (Start-Process -FilePath $File.Fullname -ArgumentList $Arguments -Wait -Passthru).ExitCode; If ($ErrCode -eq 0) {; Write-Host \\\"Success\\\" -ForegroundColor Yellow; } else {; Write-Host \\\"Failed with error code\\\"$ErrCode -ForegroundColor Red; }; }; }; Remove-Variable -Name Arguments -Scope Local -Force; Remove-Variable -Name ErrCode -Scope Local -Force; Remove-Variable -Name File -Scope Local -Force; Remove-Variable -Name EXEFiles -Scope Local -Force; Remove-Variable -Name RelativePath -Scope Local -Force; }","scriptBlockId":"c408d635-a5eb-4d33-8f8a-8208b62b17e6","path":"C:\\\\TA\\\\project-ta\\\\data_spliting\\\\test_set\\\\benign\\\\4099.ps1"}}},"location":"EventChannel"}
{"timestamp":"2026-07-06T02:10:29.106+0000","rule":{"level":4,"description":"Powershell script searching filesystem","id":"91819","mitre":{"id":["T1083"],"tactic":["Discovery"],"technique":["File and Directory Discovery"]},"firedtimes":4,"mail":false,"groups":["windows"," powershell"]},"agent":{"id":"002","name":"DESKTOP-BAC9DBQ","ip":"192.168.1.12"},"manager":{"name":"wazuh-server"},"id":"1783303829.1232422","decoder":{"name":"windows_eventchannel"},"data":{"win":{"system":{"providerName":"Microsoft-Windows-PowerShell","providerGuid":"{a0c1853b-5c40-4b15-8766-3cf1c58f985a}","eventID":"4104","version":"1","level":"5","task":"2","opcode":"15","keywords":"0x0","systemTime":"2026-07-06T02:10:49.5139231Z","eventRecordID":"143450","processID":"8240","threadID":"8848","channel":"Microsoft-Windows-PowerShell/Operational","computer":"DESKTOP-BAC9DBQ","severityValue":"VERBOSE","message":"\"Creating Scriptblock text (1 of 1):\r\nfunction Install-MSUUpdates {; Set-Variable -Name Arguments -Scope Local -Force; Set-Variable -Name ErrCode -Scope Local -Force; Set-Variable -Name Executable -Value $env:windir\"\\System32\\wusa.exe\" -Scope Local -Force; Set-Variable -Name File -Scope Local -Force; Set-Variable -Name MSUFiles -Scope Local -Force; Set-Variable -Name RelativePath -Scope Local -Force; $RelativePath = (split-path $SCRIPT:MyInvocation.MyCommand.Path -parent) + \"\\\"; $MSUFiles = Get-ChildItem -Path $RelativePath -Force | where { $_.Name -like \"*.msu*\" }; If ($MSUFiles.Count -ge 1) {; $MSUFiles | Sort-Object; cls; foreach ($File in $MSUFiles) {; $Arguments = $File.FullName + [char]32 + \"/quiet /norestart\"; Write-Host \"Installing\"$File.Name\".....\" -NoNewline; $ErrCode = (Start-Process -FilePath $Executable -ArgumentList $Arguments -Wait -Passthru).ExitCode; If (($ErrCode -eq 0) -or ($ErrCode -eq 2359302)) {; Write-Host \"Success\" -ForegroundColor Yellow; } else {; Write-Host \"Failed with error code\"$ErrCode -ForegroundColor Red; }; }; }; Remove-Variable -Name Arguments -Scope Local -Force; Remove-Variable -Name ErrCode -Scope Local -Force; Remove-Variable -Name Executable -Scope Local -Force; Remove-Variable -Name File -Scope Local -Force; Remove-Variable -Name MSUFiles -Scope Local -Force; Remove-Variable -Name RelativePath -Scope Local -Force; }\r\n\r\nScriptBlock ID: a25ace72-f617-44f2-9ad5-138fed6e24da\r\nPath: C:\\TA\\project-ta\\data_spliting\\test_set\\benign\\4099.ps1\""},"eventdata":{"messageNumber":"1","messageTotal":"1","scriptBlockText":"function Install-MSUUpdates {; Set-Variable -Name Arguments -Scope Local -Force; Set-Variable -Name ErrCode -Scope Local -Force; Set-Variable -Name Executable -Value $env:windir\\\"\\\\System32\\\\wusa.exe\\\" -Scope Local -Force; Set-Variable -Name File -Scope Local -Force; Set-Variable -Name MSUFiles -Scope Local -Force; Set-Variable -Name RelativePath -Scope Local -Force; $RelativePath = (split-path $SCRIPT:MyInvocation.MyCommand.Path -parent) + \\\"\\\\\\\"; $MSUFiles = Get-ChildItem -Path $RelativePath -Force | where { $_.Name -like \\\"*.msu*\\\" }; If ($MSUFiles.Count -ge 1) {; $MSUFiles | Sort-Object; cls; foreach ($File in $MSUFiles) {; $Arguments = $File.FullName + [char]32 + \\\"/quiet /norestart\\\"; Write-Host \\\"Installing\\\"$File.Name\\\".....\\\" -NoNewline; $ErrCode = (Start-Process -FilePath $Executable -ArgumentList $Arguments -Wait -Passthru).ExitCode; If (($ErrCode -eq 0) -or ($ErrCode -eq 2359302)) {; Write-Host \\\"Success\\\" -ForegroundColor Yellow; } else {; Write-Host \\\"Failed with error code\\\"$ErrCode -ForegroundColor Red; }; }; }; Remove-Variable -Name Arguments -Scope Local -Force; Remove-Variable -Name ErrCode -Scope Local -Force; Remove-Variable -Name Executable -Scope Local -Force; Remove-Variable -Name File -Scope Local -Force; Remove-Variable -Name MSUFiles -Scope Local -Force; Remove-Variable -Name RelativePath -Scope Local -Force; }","scriptBlockId":"a25ace72-f617-44f2-9ad5-138fed6e24da","path":"C:\\\\TA\\\\project-ta\\\\data_spliting\\\\test_set\\\\benign\\\\4099.ps1"}}},"location":"EventChannel"}
